[2025-10-05T18:44:29.624+0000] {taskinstance.py:1083} INFO - Dependencies all met for <TaskInstance: news_wordcount_pipeline.fetch_news_task manual__2025-10-05T18:44:27.669275+00:00 [queued]>
[2025-10-05T18:44:29.641+0000] {taskinstance.py:1083} INFO - Dependencies all met for <TaskInstance: news_wordcount_pipeline.fetch_news_task manual__2025-10-05T18:44:27.669275+00:00 [queued]>
[2025-10-05T18:44:29.642+0000] {taskinstance.py:1279} INFO - 
--------------------------------------------------------------------------------
[2025-10-05T18:44:29.643+0000] {taskinstance.py:1280} INFO - Starting attempt 1 of 1
[2025-10-05T18:44:29.643+0000] {taskinstance.py:1281} INFO - 
--------------------------------------------------------------------------------
[2025-10-05T18:44:29.663+0000] {taskinstance.py:1300} INFO - Executing <Task(PythonOperator): fetch_news_task> on 2025-10-05 18:44:27.669275+00:00
[2025-10-05T18:44:29.676+0000] {standard_task_runner.py:55} INFO - Started process 133 to run task
[2025-10-05T18:44:29.685+0000] {standard_task_runner.py:82} INFO - Running: ['***', 'tasks', 'run', 'news_wordcount_pipeline', 'fetch_news_task', 'manual__2025-10-05T18:44:27.669275+00:00', '--job-id', '41', '--raw', '--subdir', 'DAGS_FOLDER/news_wordcount_dag.py', '--cfg-path', '/tmp/tmp2kwkyewp']
[2025-10-05T18:44:29.689+0000] {standard_task_runner.py:83} INFO - Job 41: Subtask fetch_news_task
[2025-10-05T18:44:29.813+0000] {task_command.py:388} INFO - Running <TaskInstance: news_wordcount_pipeline.fetch_news_task manual__2025-10-05T18:44:27.669275+00:00 [running]> on host ca12f4cec8a5
[2025-10-05T18:44:29.921+0000] {taskinstance.py:1509} INFO - Exporting the following env vars:
AIRFLOW_CTX_DAG_OWNER=your_name
AIRFLOW_CTX_DAG_ID=news_wordcount_pipeline
AIRFLOW_CTX_TASK_ID=fetch_news_task
AIRFLOW_CTX_EXECUTION_DATE=2025-10-05T18:44:27.669275+00:00
AIRFLOW_CTX_TRY_NUMBER=1
AIRFLOW_CTX_DAG_RUN_ID=manual__2025-10-05T18:44:27.669275+00:00
[2025-10-05T18:44:30.333+0000] {python.py:177} INFO - Done. Returned value was: Strikes have continued in Gaza as mediators prepare to head to Egypt for talks starting on Monday. Russia says it carried out an overnight strike on Ukrainian military and infrastructure targets. The small South Pacific nation is facing one of the world's fastest growing HIV epidemics. The Duchess of Sussex visits the fashion spectacle for the first time in more than a decade. The BBC challenges the scammers targeting teenagers like Evan Boettler, who took his own life just 90 minutes after being contacted. Russia says it carried out an overnight strike on Ukrainian military and infrastructure targets. Rescue teams have been deployed to clear the snow on the world's tallest mountain, Chinese state media reports. The controversial move follows protests over ramped-up immigration enforcement and the shooting of a woman during unrest on Saturday. The Senate will meet again Monday to try to pass a bill to reopen the government but the chances of it passing appear slim. The small South Pacific nation is facing one of the world's fastest growing HIV epidemics. Despite a recent surge in demand, the US is a laggard in EV sales compared to much of the rest of the world.  Whether it's waiting in line to try a new bakery, or to grab a bargain at a sample sale, queuing is becoming an activity in itself. Descendants of Awadh’s former rulers receive small monthly pensions under a deal signed with the British. South Africa beat Argentina to retain the Rugby Championship, but what did we learn about all four sides before they head to the northern hemisphere? The Office of Management and Budget boss may not be a household name, but he's a key figure in Washington's shutdown. Whether it's waiting in line to try a new bakery, or to grab a bargain at a sample sale, queuing is becoming an activity in itself. Being the brother of a football superstar is not easy. But Ethan Mbappe is aiming to emerge from the shadows and make a name for himself. Liv Heeney discovered she had inherited a faulty gene after losing her mother to the rare disease. Descendants of Awadh’s former rulers receive small monthly pensions under a deal signed with the British. FBI leadership is reportedly in discussions to stage a showy arrest of the bureau's former director next week. Demonstrations went ahead despite calls from politicians and police leaders for the protests to be postponed in wake of the Manchester synagogue attack. However, his ANO party falls short of an overall majority in preliminary results. Police used pepper spray to disperse demonstrators amid growing turmoil in the Caucasus country. At least three people, including two rescue workers, have been killed in the country's south-east
 Demonstrations went ahead despite calls from politicians and police leaders for the protests to be postponed in wake of the Manchester synagogue attack. Fifteen projects are shortlisted for a chance of winning the top £1m prizes at next month's environmental awards ceremony in Rio de Janeiro. Dogs, cats and even a rooster were blessed in celebration of the Feast of Saint Francis of Assisi. However, his ANO party falls short of an overall majority in preliminary results. Ange Postecoglou "expects" talks to be held with owner Evangelos Marinakis about his start as Nottingham Forest manager - but says he "loves a fight". Tensions between title rivals Lando Norris and Oscar Piastri reach a new high as George Russell wins the Singapore Grand Prix. Follow live text coverage as AC Milan travel to Juventus looking to go top of Serie A. Two days after being left out of the England squad, has Jack Grealish given manager Thomas Tuchel "a headache"? Spanish champions Barcelona lose ground at the top of La Liga as they are thrashed 4-1 by Sevilla on Sunday. Tensions between title rivals Lando Norris and Oscar Piastri reach a new high as George Russell wins the Singapore Grand Prix. Erling Haaland continues his prolific form as Man City battle to a narrow victory over Brentford and give boss Pep Guardiola his 250th Premier League win. Live text coverage as Minnesota Vikings beat Cleveland Browns at Tottenham, plus scores, results, team news, radio and updates for rest of week five fixtures including live play-by-play commentary of Washington Commanders at Los Angeles Chargers. Follow live text coverage as AC Milan travel to Juventus looking to go top of Serie A. Copyright 2025 BBC. All rights reserved. The BBC is not responsible for the content of external sites. Read about our approach to external linking.  
[2025-10-05T18:44:30.372+0000] {taskinstance.py:1323} INFO - Marking task as SUCCESS. dag_id=news_wordcount_pipeline, task_id=fetch_news_task, execution_date=20251005T184427, start_date=20251005T184429, end_date=20251005T184430
[2025-10-05T18:44:30.423+0000] {local_task_job.py:208} INFO - Task exited with return code 0
[2025-10-05T18:44:30.462+0000] {taskinstance.py:2578} INFO - 1 downstream tasks scheduled from follow-on schedule check
