[2025-10-05T18:05:50.347+0000] {taskinstance.py:1083} INFO - Dependencies all met for <TaskInstance: Airflow_Lab1.build_save_model_task manual__2025-10-05T18:05:42.830414+00:00 [queued]>
[2025-10-05T18:05:50.360+0000] {taskinstance.py:1083} INFO - Dependencies all met for <TaskInstance: Airflow_Lab1.build_save_model_task manual__2025-10-05T18:05:42.830414+00:00 [queued]>
[2025-10-05T18:05:50.360+0000] {taskinstance.py:1279} INFO - 
--------------------------------------------------------------------------------
[2025-10-05T18:05:50.361+0000] {taskinstance.py:1280} INFO - Starting attempt 1 of 1
[2025-10-05T18:05:50.361+0000] {taskinstance.py:1281} INFO - 
--------------------------------------------------------------------------------
[2025-10-05T18:05:50.379+0000] {taskinstance.py:1300} INFO - Executing <Task(PythonOperator): build_save_model_task> on 2025-10-05 18:05:42.830414+00:00
[2025-10-05T18:05:50.392+0000] {standard_task_runner.py:55} INFO - Started process 1860 to run task
[2025-10-05T18:05:50.398+0000] {standard_task_runner.py:82} INFO - Running: ['***', 'tasks', 'run', 'Airflow_Lab1', 'build_save_model_task', 'manual__2025-10-05T18:05:42.830414+00:00', '--job-id', '13', '--raw', '--subdir', 'DAGS_FOLDER/***.py', '--cfg-path', '/tmp/tmpax7f311o']
[2025-10-05T18:05:50.402+0000] {standard_task_runner.py:83} INFO - Job 13: Subtask build_save_model_task
[2025-10-05T18:05:50.500+0000] {task_command.py:388} INFO - Running <TaskInstance: Airflow_Lab1.build_save_model_task manual__2025-10-05T18:05:42.830414+00:00 [running]> on host ca12f4cec8a5
[2025-10-05T18:05:50.637+0000] {taskinstance.py:1509} INFO - Exporting the following env vars:
AIRFLOW_CTX_DAG_OWNER=your_name
AIRFLOW_CTX_DAG_ID=Airflow_Lab1
AIRFLOW_CTX_TASK_ID=build_save_model_task
AIRFLOW_CTX_EXECUTION_DATE=2025-10-05T18:05:42.830414+00:00
AIRFLOW_CTX_TRY_NUMBER=1
AIRFLOW_CTX_DAG_RUN_ID=manual__2025-10-05T18:05:42.830414+00:00
[2025-10-05T18:11:04.963+0000] {python.py:177} INFO - Done. Returned value was: [250.3280420929144, 128.8945787762319, 91.64833975738136, 72.4692153244092, 59.86140695977856, 52.062042375091096, 46.71118654804304, 41.5032647516714, 36.92823709391971, 33.98607596871967, 31.158171667913738, 28.84548003205872, 26.874432296111294, 25.999512369945634, 24.18507807239375, 22.713950061729744, 21.640087323981117, 20.780304808225498, 19.976783465801397, 19.4386693402709, 19.066399314354562, 18.446853884604558, 17.947211161985987, 16.898807424877262, 16.96318197797622, 16.582840757316493, 15.835651544091531, 15.775551490571996, 15.385507317533207, 15.02024318040923, 14.88287324096524, 14.607686984302394, 14.30618609061688, 13.891614733454855, 13.805485778871224, 13.361866184299286, 13.367890857521076, 13.073601934790835, 12.981196891357623, 13.028578398100311, 12.867008418863993, 12.617297944046324, 12.382973425034509, 12.11263467122803, 11.836539142218326, 11.577385920665524, 11.128836068114504, 11.062804545149204, 11.158174940252099]
[2025-10-05T18:11:05.017+0000] {taskinstance.py:1323} INFO - Marking task as SUCCESS. dag_id=Airflow_Lab1, task_id=build_save_model_task, execution_date=20251005T180542, start_date=20251005T180550, end_date=20251005T181105
[2025-10-05T18:11:05.082+0000] {local_task_job.py:208} INFO - Task exited with return code 0
[2025-10-05T18:11:05.124+0000] {taskinstance.py:2578} INFO - 1 downstream tasks scheduled from follow-on schedule check
