[2025-10-05T18:44:35.302+0000] {taskinstance.py:1083} INFO - Dependencies all met for <TaskInstance: news_wordcount_pipeline.save_report_task manual__2025-10-05T18:44:27.669275+00:00 [queued]>
[2025-10-05T18:44:35.314+0000] {taskinstance.py:1083} INFO - Dependencies all met for <TaskInstance: news_wordcount_pipeline.save_report_task manual__2025-10-05T18:44:27.669275+00:00 [queued]>
[2025-10-05T18:44:35.315+0000] {taskinstance.py:1279} INFO - 
--------------------------------------------------------------------------------
[2025-10-05T18:44:35.316+0000] {taskinstance.py:1280} INFO - Starting attempt 1 of 1
[2025-10-05T18:44:35.316+0000] {taskinstance.py:1281} INFO - 
--------------------------------------------------------------------------------
[2025-10-05T18:44:35.331+0000] {taskinstance.py:1300} INFO - Executing <Task(PythonOperator): save_report_task> on 2025-10-05 18:44:27.669275+00:00
[2025-10-05T18:44:35.341+0000] {standard_task_runner.py:55} INFO - Started process 163 to run task
[2025-10-05T18:44:35.345+0000] {standard_task_runner.py:82} INFO - Running: ['***', 'tasks', 'run', 'news_wordcount_pipeline', 'save_report_task', 'manual__2025-10-05T18:44:27.669275+00:00', '--job-id', '46', '--raw', '--subdir', 'DAGS_FOLDER/news_wordcount_dag.py', '--cfg-path', '/tmp/tmpoi_wrvks']
[2025-10-05T18:44:35.348+0000] {standard_task_runner.py:83} INFO - Job 46: Subtask save_report_task
[2025-10-05T18:44:35.447+0000] {task_command.py:388} INFO - Running <TaskInstance: news_wordcount_pipeline.save_report_task manual__2025-10-05T18:44:27.669275+00:00 [running]> on host ca12f4cec8a5
[2025-10-05T18:44:35.526+0000] {taskinstance.py:1509} INFO - Exporting the following env vars:
AIRFLOW_CTX_DAG_OWNER=your_name
AIRFLOW_CTX_DAG_ID=news_wordcount_pipeline
AIRFLOW_CTX_TASK_ID=save_report_task
AIRFLOW_CTX_EXECUTION_DATE=2025-10-05T18:44:27.669275+00:00
AIRFLOW_CTX_TRY_NUMBER=1
AIRFLOW_CTX_DAG_RUN_ID=manual__2025-10-05T18:44:27.669275+00:00
[2025-10-05T18:44:35.555+0000] {logging_mixin.py:137} INFO - Report saved to /opt/***/working_data/top_words.csv
[2025-10-05T18:44:35.556+0000] {python.py:177} INFO - Done. Returned value was: None
[2025-10-05T18:44:35.568+0000] {taskinstance.py:1323} INFO - Marking task as SUCCESS. dag_id=news_wordcount_pipeline, task_id=save_report_task, execution_date=20251005T184427, start_date=20251005T184435, end_date=20251005T184435
[2025-10-05T18:44:35.598+0000] {local_task_job.py:208} INFO - Task exited with return code 0
[2025-10-05T18:44:35.620+0000] {taskinstance.py:2578} INFO - 0 downstream tasks scheduled from follow-on schedule check
