[2025-10-05T18:42:42.757+0000] {taskinstance.py:1083} INFO - Dependencies all met for <TaskInstance: news_wordcount_pipeline.clean_text_task manual__2025-10-05T18:42:38.847240+00:00 [queued]>
[2025-10-05T18:42:42.772+0000] {taskinstance.py:1083} INFO - Dependencies all met for <TaskInstance: news_wordcount_pipeline.clean_text_task manual__2025-10-05T18:42:38.847240+00:00 [queued]>
[2025-10-05T18:42:42.773+0000] {taskinstance.py:1279} INFO - 
--------------------------------------------------------------------------------
[2025-10-05T18:42:42.774+0000] {taskinstance.py:1280} INFO - Starting attempt 1 of 1
[2025-10-05T18:42:42.775+0000] {taskinstance.py:1281} INFO - 
--------------------------------------------------------------------------------
[2025-10-05T18:42:42.791+0000] {taskinstance.py:1300} INFO - Executing <Task(PythonOperator): clean_text_task> on 2025-10-05 18:42:38.847240+00:00
[2025-10-05T18:42:42.801+0000] {standard_task_runner.py:55} INFO - Started process 122 to run task
[2025-10-05T18:42:42.807+0000] {standard_task_runner.py:82} INFO - Running: ['***', 'tasks', 'run', 'news_wordcount_pipeline', 'clean_text_task', 'manual__2025-10-05T18:42:38.847240+00:00', '--job-id', '34', '--raw', '--subdir', 'DAGS_FOLDER/news_wordcount_dag.py', '--cfg-path', '/tmp/tmp13vx7pq3']
[2025-10-05T18:42:42.810+0000] {standard_task_runner.py:83} INFO - Job 34: Subtask clean_text_task
[2025-10-05T18:42:42.918+0000] {task_command.py:388} INFO - Running <TaskInstance: news_wordcount_pipeline.clean_text_task manual__2025-10-05T18:42:38.847240+00:00 [running]> on host ca12f4cec8a5
[2025-10-05T18:42:43.002+0000] {taskinstance.py:1509} INFO - Exporting the following env vars:
AIRFLOW_CTX_DAG_OWNER=your_name
AIRFLOW_CTX_DAG_ID=news_wordcount_pipeline
AIRFLOW_CTX_TASK_ID=clean_text_task
AIRFLOW_CTX_EXECUTION_DATE=2025-10-05T18:42:38.847240+00:00
AIRFLOW_CTX_TRY_NUMBER=1
AIRFLOW_CTX_DAG_RUN_ID=manual__2025-10-05T18:42:38.847240+00:00
[2025-10-05T18:42:43.044+0000] {python.py:177} INFO - Done. Returned value was: None
[2025-10-05T18:42:43.057+0000] {taskinstance.py:1323} INFO - Marking task as SUCCESS. dag_id=news_wordcount_pipeline, task_id=clean_text_task, execution_date=20251005T184238, start_date=20251005T184242, end_date=20251005T184243
[2025-10-05T18:42:43.099+0000] {local_task_job.py:208} INFO - Task exited with return code 0
[2025-10-05T18:42:43.159+0000] {taskinstance.py:2578} INFO - 1 downstream tasks scheduled from follow-on schedule check
