[2025-10-05T18:40:22.288+0000] {taskinstance.py:1083} INFO - Dependencies all met for <TaskInstance: news_wordcount_pipeline.clean_text_task manual__2025-10-05T18:40:18.632442+00:00 [queued]>
[2025-10-05T18:40:22.302+0000] {taskinstance.py:1083} INFO - Dependencies all met for <TaskInstance: news_wordcount_pipeline.clean_text_task manual__2025-10-05T18:40:18.632442+00:00 [queued]>
[2025-10-05T18:40:22.302+0000] {taskinstance.py:1279} INFO - 
--------------------------------------------------------------------------------
[2025-10-05T18:40:22.303+0000] {taskinstance.py:1280} INFO - Starting attempt 1 of 1
[2025-10-05T18:40:22.304+0000] {taskinstance.py:1281} INFO - 
--------------------------------------------------------------------------------
[2025-10-05T18:40:22.321+0000] {taskinstance.py:1300} INFO - Executing <Task(PythonOperator): clean_text_task> on 2025-10-05 18:40:18.632442+00:00
[2025-10-05T18:40:22.330+0000] {standard_task_runner.py:55} INFO - Started process 121 to run task
[2025-10-05T18:40:22.335+0000] {standard_task_runner.py:82} INFO - Running: ['***', 'tasks', 'run', 'news_wordcount_pipeline', 'clean_text_task', 'manual__2025-10-05T18:40:18.632442+00:00', '--job-id', '28', '--raw', '--subdir', 'DAGS_FOLDER/news_wordcount_dag.py', '--cfg-path', '/tmp/tmp56r94yi1']
[2025-10-05T18:40:22.339+0000] {standard_task_runner.py:83} INFO - Job 28: Subtask clean_text_task
[2025-10-05T18:40:22.437+0000] {task_command.py:388} INFO - Running <TaskInstance: news_wordcount_pipeline.clean_text_task manual__2025-10-05T18:40:18.632442+00:00 [running]> on host ca12f4cec8a5
[2025-10-05T18:40:22.525+0000] {taskinstance.py:1509} INFO - Exporting the following env vars:
AIRFLOW_CTX_DAG_OWNER=your_name
AIRFLOW_CTX_DAG_ID=news_wordcount_pipeline
AIRFLOW_CTX_TASK_ID=clean_text_task
AIRFLOW_CTX_EXECUTION_DATE=2025-10-05T18:40:18.632442+00:00
AIRFLOW_CTX_TRY_NUMBER=1
AIRFLOW_CTX_DAG_RUN_ID=manual__2025-10-05T18:40:18.632442+00:00
[2025-10-05T18:40:22.558+0000] {python.py:177} INFO - Done. Returned value was: None
[2025-10-05T18:40:22.574+0000] {taskinstance.py:1323} INFO - Marking task as SUCCESS. dag_id=news_wordcount_pipeline, task_id=clean_text_task, execution_date=20251005T184018, start_date=20251005T184022, end_date=20251005T184022
[2025-10-05T18:40:22.628+0000] {local_task_job.py:208} INFO - Task exited with return code 0
[2025-10-05T18:40:22.674+0000] {taskinstance.py:2578} INFO - 1 downstream tasks scheduled from follow-on schedule check
