[2025-10-05T17:19:26.529+0000] {processor.py:153} INFO - Started process (PID=91) to work on /home/airflow/.local/lib/python3.7/site-packages/airflow/example_dags/example_task_group_decorator.py
[2025-10-05T17:19:26.531+0000] {processor.py:743} INFO - Processing file /home/airflow/.local/lib/python3.7/site-packages/airflow/example_dags/example_task_group_decorator.py for tasks to queue
[2025-10-05T17:19:26.533+0000] {logging_mixin.py:137} INFO - [2025-10-05T17:19:26.533+0000] {dagbag.py:538} INFO - Filling up the DagBag from /home/airflow/.local/lib/python3.7/site-packages/airflow/example_dags/example_task_group_decorator.py
[2025-10-05T17:19:26.593+0000] {processor.py:753} INFO - DAG(s) dict_keys(['example_task_group_decorator']) retrieved from /home/airflow/.local/lib/python3.7/site-packages/airflow/example_dags/example_task_group_decorator.py
[2025-10-05T17:19:26.617+0000] {logging_mixin.py:137} INFO - [2025-10-05T17:19:26.617+0000] {dag.py:2690} INFO - Sync 1 DAGs
[2025-10-05T17:19:26.666+0000] {logging_mixin.py:137} INFO - [2025-10-05T17:19:26.666+0000] {dag.py:3441} INFO - Setting next_dagrun for example_task_group_decorator to 2025-10-04T17:19:26.665636+00:00, run_after=2025-10-05T17:19:26.665636+00:00
[2025-10-05T17:19:26.705+0000] {processor.py:175} INFO - Processing /home/airflow/.local/lib/python3.7/site-packages/airflow/example_dags/example_task_group_decorator.py took 0.181 seconds
[2025-10-05T17:19:57.327+0000] {processor.py:153} INFO - Started process (PID=180) to work on /home/airflow/.local/lib/python3.7/site-packages/airflow/example_dags/example_task_group_decorator.py
[2025-10-05T17:19:57.330+0000] {processor.py:743} INFO - Processing file /home/airflow/.local/lib/python3.7/site-packages/airflow/example_dags/example_task_group_decorator.py for tasks to queue
[2025-10-05T17:19:57.331+0000] {logging_mixin.py:137} INFO - [2025-10-05T17:19:57.331+0000] {dagbag.py:538} INFO - Filling up the DagBag from /home/airflow/.local/lib/python3.7/site-packages/airflow/example_dags/example_task_group_decorator.py
[2025-10-05T17:19:57.380+0000] {processor.py:753} INFO - DAG(s) dict_keys(['example_task_group_decorator']) retrieved from /home/airflow/.local/lib/python3.7/site-packages/airflow/example_dags/example_task_group_decorator.py
[2025-10-05T17:19:57.427+0000] {logging_mixin.py:137} INFO - [2025-10-05T17:19:57.426+0000] {dag.py:2690} INFO - Sync 1 DAGs
[2025-10-05T17:19:57.465+0000] {logging_mixin.py:137} INFO - [2025-10-05T17:19:57.464+0000] {dag.py:3441} INFO - Setting next_dagrun for example_task_group_decorator to 2025-10-04T17:19:57.464512+00:00, run_after=2025-10-05T17:19:57.464512+00:00
[2025-10-05T17:19:57.502+0000] {processor.py:175} INFO - Processing /home/airflow/.local/lib/python3.7/site-packages/airflow/example_dags/example_task_group_decorator.py took 0.183 seconds
[2025-10-05T17:20:28.123+0000] {processor.py:153} INFO - Started process (PID=293) to work on /home/airflow/.local/lib/python3.7/site-packages/airflow/example_dags/example_task_group_decorator.py
[2025-10-05T17:20:28.124+0000] {processor.py:743} INFO - Processing file /home/airflow/.local/lib/python3.7/site-packages/airflow/example_dags/example_task_group_decorator.py for tasks to queue
[2025-10-05T17:20:28.126+0000] {logging_mixin.py:137} INFO - [2025-10-05T17:20:28.125+0000] {dagbag.py:538} INFO - Filling up the DagBag from /home/airflow/.local/lib/python3.7/site-packages/airflow/example_dags/example_task_group_decorator.py
[2025-10-05T17:20:28.159+0000] {processor.py:753} INFO - DAG(s) dict_keys(['example_task_group_decorator']) retrieved from /home/airflow/.local/lib/python3.7/site-packages/airflow/example_dags/example_task_group_decorator.py
[2025-10-05T17:20:28.194+0000] {logging_mixin.py:137} INFO - [2025-10-05T17:20:28.194+0000] {dag.py:2690} INFO - Sync 1 DAGs
[2025-10-05T17:20:28.224+0000] {logging_mixin.py:137} INFO - [2025-10-05T17:20:28.224+0000] {dag.py:3441} INFO - Setting next_dagrun for example_task_group_decorator to 2025-10-04T17:20:28.223630+00:00, run_after=2025-10-05T17:20:28.223630+00:00
[2025-10-05T17:20:28.251+0000] {processor.py:175} INFO - Processing /home/airflow/.local/lib/python3.7/site-packages/airflow/example_dags/example_task_group_decorator.py took 0.133 seconds
[2025-10-05T17:20:59.039+0000] {processor.py:153} INFO - Started process (PID=382) to work on /home/airflow/.local/lib/python3.7/site-packages/airflow/example_dags/example_task_group_decorator.py
[2025-10-05T17:20:59.041+0000] {processor.py:743} INFO - Processing file /home/airflow/.local/lib/python3.7/site-packages/airflow/example_dags/example_task_group_decorator.py for tasks to queue
[2025-10-05T17:20:59.043+0000] {logging_mixin.py:137} INFO - [2025-10-05T17:20:59.042+0000] {dagbag.py:538} INFO - Filling up the DagBag from /home/airflow/.local/lib/python3.7/site-packages/airflow/example_dags/example_task_group_decorator.py
[2025-10-05T17:20:59.078+0000] {processor.py:753} INFO - DAG(s) dict_keys(['example_task_group_decorator']) retrieved from /home/airflow/.local/lib/python3.7/site-packages/airflow/example_dags/example_task_group_decorator.py
[2025-10-05T17:20:59.113+0000] {logging_mixin.py:137} INFO - [2025-10-05T17:20:59.113+0000] {dag.py:2690} INFO - Sync 1 DAGs
[2025-10-05T17:20:59.141+0000] {logging_mixin.py:137} INFO - [2025-10-05T17:20:59.141+0000] {dag.py:3441} INFO - Setting next_dagrun for example_task_group_decorator to 2025-10-04T17:20:59.141188+00:00, run_after=2025-10-05T17:20:59.141188+00:00
[2025-10-05T17:20:59.168+0000] {processor.py:175} INFO - Processing /home/airflow/.local/lib/python3.7/site-packages/airflow/example_dags/example_task_group_decorator.py took 0.133 seconds
[2025-10-05T17:21:30.432+0000] {processor.py:153} INFO - Started process (PID=495) to work on /home/airflow/.local/lib/python3.7/site-packages/airflow/example_dags/example_task_group_decorator.py
[2025-10-05T17:21:30.434+0000] {processor.py:743} INFO - Processing file /home/airflow/.local/lib/python3.7/site-packages/airflow/example_dags/example_task_group_decorator.py for tasks to queue
[2025-10-05T17:21:30.435+0000] {logging_mixin.py:137} INFO - [2025-10-05T17:21:30.435+0000] {dagbag.py:538} INFO - Filling up the DagBag from /home/airflow/.local/lib/python3.7/site-packages/airflow/example_dags/example_task_group_decorator.py
[2025-10-05T17:21:30.471+0000] {processor.py:753} INFO - DAG(s) dict_keys(['example_task_group_decorator']) retrieved from /home/airflow/.local/lib/python3.7/site-packages/airflow/example_dags/example_task_group_decorator.py
[2025-10-05T17:21:30.512+0000] {logging_mixin.py:137} INFO - [2025-10-05T17:21:30.512+0000] {dag.py:2690} INFO - Sync 1 DAGs
[2025-10-05T17:21:30.546+0000] {logging_mixin.py:137} INFO - [2025-10-05T17:21:30.546+0000] {dag.py:3441} INFO - Setting next_dagrun for example_task_group_decorator to 2025-10-04T17:21:30.546544+00:00, run_after=2025-10-05T17:21:30.546544+00:00
[2025-10-05T17:21:30.574+0000] {processor.py:175} INFO - Processing /home/airflow/.local/lib/python3.7/site-packages/airflow/example_dags/example_task_group_decorator.py took 0.146 seconds
[2025-10-05T17:22:00.824+0000] {processor.py:153} INFO - Started process (PID=584) to work on /home/airflow/.local/lib/python3.7/site-packages/airflow/example_dags/example_task_group_decorator.py
[2025-10-05T17:22:00.826+0000] {processor.py:743} INFO - Processing file /home/airflow/.local/lib/python3.7/site-packages/airflow/example_dags/example_task_group_decorator.py for tasks to queue
[2025-10-05T17:22:00.827+0000] {logging_mixin.py:137} INFO - [2025-10-05T17:22:00.827+0000] {dagbag.py:538} INFO - Filling up the DagBag from /home/airflow/.local/lib/python3.7/site-packages/airflow/example_dags/example_task_group_decorator.py
[2025-10-05T17:22:00.861+0000] {processor.py:753} INFO - DAG(s) dict_keys(['example_task_group_decorator']) retrieved from /home/airflow/.local/lib/python3.7/site-packages/airflow/example_dags/example_task_group_decorator.py
[2025-10-05T17:22:00.898+0000] {logging_mixin.py:137} INFO - [2025-10-05T17:22:00.898+0000] {dag.py:2690} INFO - Sync 1 DAGs
[2025-10-05T17:22:00.932+0000] {logging_mixin.py:137} INFO - [2025-10-05T17:22:00.932+0000] {dag.py:3441} INFO - Setting next_dagrun for example_task_group_decorator to 2025-10-04T17:22:00.931239+00:00, run_after=2025-10-05T17:22:00.931239+00:00
[2025-10-05T17:22:00.961+0000] {processor.py:175} INFO - Processing /home/airflow/.local/lib/python3.7/site-packages/airflow/example_dags/example_task_group_decorator.py took 0.142 seconds
[2025-10-05T17:22:31.283+0000] {processor.py:153} INFO - Started process (PID=673) to work on /home/airflow/.local/lib/python3.7/site-packages/airflow/example_dags/example_task_group_decorator.py
[2025-10-05T17:22:31.284+0000] {processor.py:743} INFO - Processing file /home/airflow/.local/lib/python3.7/site-packages/airflow/example_dags/example_task_group_decorator.py for tasks to queue
[2025-10-05T17:22:31.285+0000] {logging_mixin.py:137} INFO - [2025-10-05T17:22:31.285+0000] {dagbag.py:538} INFO - Filling up the DagBag from /home/airflow/.local/lib/python3.7/site-packages/airflow/example_dags/example_task_group_decorator.py
[2025-10-05T17:22:31.317+0000] {processor.py:753} INFO - DAG(s) dict_keys(['example_task_group_decorator']) retrieved from /home/airflow/.local/lib/python3.7/site-packages/airflow/example_dags/example_task_group_decorator.py
[2025-10-05T17:22:31.352+0000] {logging_mixin.py:137} INFO - [2025-10-05T17:22:31.352+0000] {dag.py:2690} INFO - Sync 1 DAGs
[2025-10-05T17:22:31.380+0000] {logging_mixin.py:137} INFO - [2025-10-05T17:22:31.380+0000] {dag.py:3441} INFO - Setting next_dagrun for example_task_group_decorator to 2025-10-04T17:22:31.380385+00:00, run_after=2025-10-05T17:22:31.380385+00:00
[2025-10-05T17:22:31.407+0000] {processor.py:175} INFO - Processing /home/airflow/.local/lib/python3.7/site-packages/airflow/example_dags/example_task_group_decorator.py took 0.129 seconds
[2025-10-05T17:23:01.814+0000] {processor.py:153} INFO - Started process (PID=786) to work on /home/airflow/.local/lib/python3.7/site-packages/airflow/example_dags/example_task_group_decorator.py
[2025-10-05T17:23:01.816+0000] {processor.py:743} INFO - Processing file /home/airflow/.local/lib/python3.7/site-packages/airflow/example_dags/example_task_group_decorator.py for tasks to queue
[2025-10-05T17:23:01.817+0000] {logging_mixin.py:137} INFO - [2025-10-05T17:23:01.817+0000] {dagbag.py:538} INFO - Filling up the DagBag from /home/airflow/.local/lib/python3.7/site-packages/airflow/example_dags/example_task_group_decorator.py
[2025-10-05T17:23:01.854+0000] {processor.py:753} INFO - DAG(s) dict_keys(['example_task_group_decorator']) retrieved from /home/airflow/.local/lib/python3.7/site-packages/airflow/example_dags/example_task_group_decorator.py
[2025-10-05T17:23:01.891+0000] {logging_mixin.py:137} INFO - [2025-10-05T17:23:01.891+0000] {dag.py:2690} INFO - Sync 1 DAGs
[2025-10-05T17:23:01.926+0000] {logging_mixin.py:137} INFO - [2025-10-05T17:23:01.926+0000] {dag.py:3441} INFO - Setting next_dagrun for example_task_group_decorator to 2025-10-04T17:23:01.926245+00:00, run_after=2025-10-05T17:23:01.926245+00:00
[2025-10-05T17:23:01.955+0000] {processor.py:175} INFO - Processing /home/airflow/.local/lib/python3.7/site-packages/airflow/example_dags/example_task_group_decorator.py took 0.145 seconds
[2025-10-05T17:23:32.431+0000] {processor.py:153} INFO - Started process (PID=876) to work on /home/airflow/.local/lib/python3.7/site-packages/airflow/example_dags/example_task_group_decorator.py
[2025-10-05T17:23:32.433+0000] {processor.py:743} INFO - Processing file /home/airflow/.local/lib/python3.7/site-packages/airflow/example_dags/example_task_group_decorator.py for tasks to queue
[2025-10-05T17:23:32.434+0000] {logging_mixin.py:137} INFO - [2025-10-05T17:23:32.434+0000] {dagbag.py:538} INFO - Filling up the DagBag from /home/airflow/.local/lib/python3.7/site-packages/airflow/example_dags/example_task_group_decorator.py
[2025-10-05T17:23:32.475+0000] {processor.py:753} INFO - DAG(s) dict_keys(['example_task_group_decorator']) retrieved from /home/airflow/.local/lib/python3.7/site-packages/airflow/example_dags/example_task_group_decorator.py
[2025-10-05T17:23:32.510+0000] {logging_mixin.py:137} INFO - [2025-10-05T17:23:32.510+0000] {dag.py:2690} INFO - Sync 1 DAGs
[2025-10-05T17:23:32.540+0000] {logging_mixin.py:137} INFO - [2025-10-05T17:23:32.540+0000] {dag.py:3441} INFO - Setting next_dagrun for example_task_group_decorator to 2025-10-04T17:23:32.539809+00:00, run_after=2025-10-05T17:23:32.539809+00:00
[2025-10-05T17:23:32.567+0000] {processor.py:175} INFO - Processing /home/airflow/.local/lib/python3.7/site-packages/airflow/example_dags/example_task_group_decorator.py took 0.140 seconds
[2025-10-05T17:24:03.171+0000] {processor.py:153} INFO - Started process (PID=989) to work on /home/airflow/.local/lib/python3.7/site-packages/airflow/example_dags/example_task_group_decorator.py
[2025-10-05T17:24:03.172+0000] {processor.py:743} INFO - Processing file /home/airflow/.local/lib/python3.7/site-packages/airflow/example_dags/example_task_group_decorator.py for tasks to queue
[2025-10-05T17:24:03.174+0000] {logging_mixin.py:137} INFO - [2025-10-05T17:24:03.173+0000] {dagbag.py:538} INFO - Filling up the DagBag from /home/airflow/.local/lib/python3.7/site-packages/airflow/example_dags/example_task_group_decorator.py
[2025-10-05T17:24:03.222+0000] {processor.py:753} INFO - DAG(s) dict_keys(['example_task_group_decorator']) retrieved from /home/airflow/.local/lib/python3.7/site-packages/airflow/example_dags/example_task_group_decorator.py
[2025-10-05T17:24:03.261+0000] {logging_mixin.py:137} INFO - [2025-10-05T17:24:03.261+0000] {dag.py:2690} INFO - Sync 1 DAGs
[2025-10-05T17:24:03.294+0000] {logging_mixin.py:137} INFO - [2025-10-05T17:24:03.294+0000] {dag.py:3441} INFO - Setting next_dagrun for example_task_group_decorator to 2025-10-04T17:24:03.293823+00:00, run_after=2025-10-05T17:24:03.293823+00:00
[2025-10-05T17:24:03.327+0000] {processor.py:175} INFO - Processing /home/airflow/.local/lib/python3.7/site-packages/airflow/example_dags/example_task_group_decorator.py took 0.161 seconds
[2025-10-05T17:24:33.889+0000] {processor.py:153} INFO - Started process (PID=1078) to work on /home/airflow/.local/lib/python3.7/site-packages/airflow/example_dags/example_task_group_decorator.py
[2025-10-05T17:24:33.890+0000] {processor.py:743} INFO - Processing file /home/airflow/.local/lib/python3.7/site-packages/airflow/example_dags/example_task_group_decorator.py for tasks to queue
[2025-10-05T17:24:33.892+0000] {logging_mixin.py:137} INFO - [2025-10-05T17:24:33.891+0000] {dagbag.py:538} INFO - Filling up the DagBag from /home/airflow/.local/lib/python3.7/site-packages/airflow/example_dags/example_task_group_decorator.py
[2025-10-05T17:24:33.922+0000] {processor.py:753} INFO - DAG(s) dict_keys(['example_task_group_decorator']) retrieved from /home/airflow/.local/lib/python3.7/site-packages/airflow/example_dags/example_task_group_decorator.py
[2025-10-05T17:24:33.956+0000] {logging_mixin.py:137} INFO - [2025-10-05T17:24:33.956+0000] {dag.py:2690} INFO - Sync 1 DAGs
[2025-10-05T17:24:33.982+0000] {logging_mixin.py:137} INFO - [2025-10-05T17:24:33.982+0000] {dag.py:3441} INFO - Setting next_dagrun for example_task_group_decorator to 2025-10-04T17:24:33.982384+00:00, run_after=2025-10-05T17:24:33.982384+00:00
[2025-10-05T17:24:34.008+0000] {processor.py:175} INFO - Processing /home/airflow/.local/lib/python3.7/site-packages/airflow/example_dags/example_task_group_decorator.py took 0.123 seconds
[2025-10-05T17:25:04.426+0000] {processor.py:153} INFO - Started process (PID=1174) to work on /home/airflow/.local/lib/python3.7/site-packages/airflow/example_dags/example_task_group_decorator.py
[2025-10-05T17:25:04.427+0000] {processor.py:743} INFO - Processing file /home/airflow/.local/lib/python3.7/site-packages/airflow/example_dags/example_task_group_decorator.py for tasks to queue
[2025-10-05T17:25:04.429+0000] {logging_mixin.py:137} INFO - [2025-10-05T17:25:04.428+0000] {dagbag.py:538} INFO - Filling up the DagBag from /home/airflow/.local/lib/python3.7/site-packages/airflow/example_dags/example_task_group_decorator.py
[2025-10-05T17:25:04.472+0000] {processor.py:753} INFO - DAG(s) dict_keys(['example_task_group_decorator']) retrieved from /home/airflow/.local/lib/python3.7/site-packages/airflow/example_dags/example_task_group_decorator.py
[2025-10-05T17:25:04.519+0000] {logging_mixin.py:137} INFO - [2025-10-05T17:25:04.518+0000] {dag.py:2690} INFO - Sync 1 DAGs
[2025-10-05T17:25:04.561+0000] {logging_mixin.py:137} INFO - [2025-10-05T17:25:04.561+0000] {dag.py:3441} INFO - Setting next_dagrun for example_task_group_decorator to 2025-10-04T17:25:04.560811+00:00, run_after=2025-10-05T17:25:04.560811+00:00
[2025-10-05T17:25:04.590+0000] {processor.py:175} INFO - Processing /home/airflow/.local/lib/python3.7/site-packages/airflow/example_dags/example_task_group_decorator.py took 0.169 seconds
[2025-10-05T17:25:35.475+0000] {processor.py:153} INFO - Started process (PID=1279) to work on /home/airflow/.local/lib/python3.7/site-packages/airflow/example_dags/example_task_group_decorator.py
[2025-10-05T17:25:35.477+0000] {processor.py:743} INFO - Processing file /home/airflow/.local/lib/python3.7/site-packages/airflow/example_dags/example_task_group_decorator.py for tasks to queue
[2025-10-05T17:25:35.478+0000] {logging_mixin.py:137} INFO - [2025-10-05T17:25:35.478+0000] {dagbag.py:538} INFO - Filling up the DagBag from /home/airflow/.local/lib/python3.7/site-packages/airflow/example_dags/example_task_group_decorator.py
[2025-10-05T17:25:35.516+0000] {processor.py:753} INFO - DAG(s) dict_keys(['example_task_group_decorator']) retrieved from /home/airflow/.local/lib/python3.7/site-packages/airflow/example_dags/example_task_group_decorator.py
[2025-10-05T17:25:35.555+0000] {logging_mixin.py:137} INFO - [2025-10-05T17:25:35.554+0000] {dag.py:2690} INFO - Sync 1 DAGs
[2025-10-05T17:25:35.588+0000] {logging_mixin.py:137} INFO - [2025-10-05T17:25:35.588+0000] {dag.py:3441} INFO - Setting next_dagrun for example_task_group_decorator to 2025-10-04T17:25:35.588393+00:00, run_after=2025-10-05T17:25:35.588393+00:00
[2025-10-05T17:25:35.618+0000] {processor.py:175} INFO - Processing /home/airflow/.local/lib/python3.7/site-packages/airflow/example_dags/example_task_group_decorator.py took 0.147 seconds
[2025-10-05T17:26:06.104+0000] {processor.py:153} INFO - Started process (PID=1367) to work on /home/airflow/.local/lib/python3.7/site-packages/airflow/example_dags/example_task_group_decorator.py
[2025-10-05T17:26:06.106+0000] {processor.py:743} INFO - Processing file /home/airflow/.local/lib/python3.7/site-packages/airflow/example_dags/example_task_group_decorator.py for tasks to queue
[2025-10-05T17:26:06.107+0000] {logging_mixin.py:137} INFO - [2025-10-05T17:26:06.107+0000] {dagbag.py:538} INFO - Filling up the DagBag from /home/airflow/.local/lib/python3.7/site-packages/airflow/example_dags/example_task_group_decorator.py
[2025-10-05T17:26:06.138+0000] {processor.py:753} INFO - DAG(s) dict_keys(['example_task_group_decorator']) retrieved from /home/airflow/.local/lib/python3.7/site-packages/airflow/example_dags/example_task_group_decorator.py
[2025-10-05T17:26:06.170+0000] {logging_mixin.py:137} INFO - [2025-10-05T17:26:06.170+0000] {dag.py:2690} INFO - Sync 1 DAGs
[2025-10-05T17:26:06.199+0000] {logging_mixin.py:137} INFO - [2025-10-05T17:26:06.199+0000] {dag.py:3441} INFO - Setting next_dagrun for example_task_group_decorator to 2025-10-04T17:26:06.199091+00:00, run_after=2025-10-05T17:26:06.199091+00:00
[2025-10-05T17:26:06.227+0000] {processor.py:175} INFO - Processing /home/airflow/.local/lib/python3.7/site-packages/airflow/example_dags/example_task_group_decorator.py took 0.127 seconds
[2025-10-05T17:26:37.126+0000] {processor.py:153} INFO - Started process (PID=1481) to work on /home/airflow/.local/lib/python3.7/site-packages/airflow/example_dags/example_task_group_decorator.py
[2025-10-05T17:26:37.127+0000] {processor.py:743} INFO - Processing file /home/airflow/.local/lib/python3.7/site-packages/airflow/example_dags/example_task_group_decorator.py for tasks to queue
[2025-10-05T17:26:37.128+0000] {logging_mixin.py:137} INFO - [2025-10-05T17:26:37.128+0000] {dagbag.py:538} INFO - Filling up the DagBag from /home/airflow/.local/lib/python3.7/site-packages/airflow/example_dags/example_task_group_decorator.py
[2025-10-05T17:26:37.163+0000] {processor.py:753} INFO - DAG(s) dict_keys(['example_task_group_decorator']) retrieved from /home/airflow/.local/lib/python3.7/site-packages/airflow/example_dags/example_task_group_decorator.py
[2025-10-05T17:26:37.198+0000] {logging_mixin.py:137} INFO - [2025-10-05T17:26:37.198+0000] {dag.py:2690} INFO - Sync 1 DAGs
[2025-10-05T17:26:37.227+0000] {logging_mixin.py:137} INFO - [2025-10-05T17:26:37.227+0000] {dag.py:3441} INFO - Setting next_dagrun for example_task_group_decorator to 2025-10-04T17:26:37.227373+00:00, run_after=2025-10-05T17:26:37.227373+00:00
[2025-10-05T17:26:37.258+0000] {processor.py:175} INFO - Processing /home/airflow/.local/lib/python3.7/site-packages/airflow/example_dags/example_task_group_decorator.py took 0.135 seconds
[2025-10-05T17:27:08.059+0000] {processor.py:153} INFO - Started process (PID=1570) to work on /home/airflow/.local/lib/python3.7/site-packages/airflow/example_dags/example_task_group_decorator.py
[2025-10-05T17:27:08.061+0000] {processor.py:743} INFO - Processing file /home/airflow/.local/lib/python3.7/site-packages/airflow/example_dags/example_task_group_decorator.py for tasks to queue
[2025-10-05T17:27:08.062+0000] {logging_mixin.py:137} INFO - [2025-10-05T17:27:08.062+0000] {dagbag.py:538} INFO - Filling up the DagBag from /home/airflow/.local/lib/python3.7/site-packages/airflow/example_dags/example_task_group_decorator.py
[2025-10-05T17:27:08.099+0000] {processor.py:753} INFO - DAG(s) dict_keys(['example_task_group_decorator']) retrieved from /home/airflow/.local/lib/python3.7/site-packages/airflow/example_dags/example_task_group_decorator.py
[2025-10-05T17:27:08.142+0000] {logging_mixin.py:137} INFO - [2025-10-05T17:27:08.142+0000] {dag.py:2690} INFO - Sync 1 DAGs
[2025-10-05T17:27:08.172+0000] {logging_mixin.py:137} INFO - [2025-10-05T17:27:08.172+0000] {dag.py:3441} INFO - Setting next_dagrun for example_task_group_decorator to 2025-10-04T17:27:08.172447+00:00, run_after=2025-10-05T17:27:08.172447+00:00
[2025-10-05T17:27:08.202+0000] {processor.py:175} INFO - Processing /home/airflow/.local/lib/python3.7/site-packages/airflow/example_dags/example_task_group_decorator.py took 0.148 seconds
[2025-10-05T17:27:39.126+0000] {processor.py:153} INFO - Started process (PID=1668) to work on /home/airflow/.local/lib/python3.7/site-packages/airflow/example_dags/example_task_group_decorator.py
[2025-10-05T17:27:39.128+0000] {processor.py:743} INFO - Processing file /home/airflow/.local/lib/python3.7/site-packages/airflow/example_dags/example_task_group_decorator.py for tasks to queue
[2025-10-05T17:27:39.130+0000] {logging_mixin.py:137} INFO - [2025-10-05T17:27:39.129+0000] {dagbag.py:538} INFO - Filling up the DagBag from /home/airflow/.local/lib/python3.7/site-packages/airflow/example_dags/example_task_group_decorator.py
[2025-10-05T17:27:39.171+0000] {processor.py:753} INFO - DAG(s) dict_keys(['example_task_group_decorator']) retrieved from /home/airflow/.local/lib/python3.7/site-packages/airflow/example_dags/example_task_group_decorator.py
[2025-10-05T17:27:39.218+0000] {logging_mixin.py:137} INFO - [2025-10-05T17:27:39.217+0000] {dag.py:2690} INFO - Sync 1 DAGs
[2025-10-05T17:27:39.277+0000] {logging_mixin.py:137} INFO - [2025-10-05T17:27:39.276+0000] {dag.py:3441} INFO - Setting next_dagrun for example_task_group_decorator to 2025-10-04T17:27:39.276146+00:00, run_after=2025-10-05T17:27:39.276146+00:00
[2025-10-05T17:27:39.332+0000] {processor.py:175} INFO - Processing /home/airflow/.local/lib/python3.7/site-packages/airflow/example_dags/example_task_group_decorator.py took 0.212 seconds
[2025-10-05T17:28:09.784+0000] {processor.py:153} INFO - Started process (PID=1772) to work on /home/airflow/.local/lib/python3.7/site-packages/airflow/example_dags/example_task_group_decorator.py
[2025-10-05T17:28:09.787+0000] {processor.py:743} INFO - Processing file /home/airflow/.local/lib/python3.7/site-packages/airflow/example_dags/example_task_group_decorator.py for tasks to queue
[2025-10-05T17:28:09.789+0000] {logging_mixin.py:137} INFO - [2025-10-05T17:28:09.788+0000] {dagbag.py:538} INFO - Filling up the DagBag from /home/airflow/.local/lib/python3.7/site-packages/airflow/example_dags/example_task_group_decorator.py
[2025-10-05T17:28:09.860+0000] {processor.py:753} INFO - DAG(s) dict_keys(['example_task_group_decorator']) retrieved from /home/airflow/.local/lib/python3.7/site-packages/airflow/example_dags/example_task_group_decorator.py
[2025-10-05T17:28:09.918+0000] {logging_mixin.py:137} INFO - [2025-10-05T17:28:09.918+0000] {dag.py:2690} INFO - Sync 1 DAGs
[2025-10-05T17:28:09.965+0000] {logging_mixin.py:137} INFO - [2025-10-05T17:28:09.965+0000] {dag.py:3441} INFO - Setting next_dagrun for example_task_group_decorator to 2025-10-04T17:28:09.964876+00:00, run_after=2025-10-05T17:28:09.964876+00:00
[2025-10-05T17:28:10.002+0000] {processor.py:175} INFO - Processing /home/airflow/.local/lib/python3.7/site-packages/airflow/example_dags/example_task_group_decorator.py took 0.229 seconds
[2025-10-05T17:28:40.353+0000] {processor.py:153} INFO - Started process (PID=1861) to work on /home/airflow/.local/lib/python3.7/site-packages/airflow/example_dags/example_task_group_decorator.py
[2025-10-05T17:28:40.355+0000] {processor.py:743} INFO - Processing file /home/airflow/.local/lib/python3.7/site-packages/airflow/example_dags/example_task_group_decorator.py for tasks to queue
[2025-10-05T17:28:40.356+0000] {logging_mixin.py:137} INFO - [2025-10-05T17:28:40.356+0000] {dagbag.py:538} INFO - Filling up the DagBag from /home/airflow/.local/lib/python3.7/site-packages/airflow/example_dags/example_task_group_decorator.py
[2025-10-05T17:28:40.388+0000] {processor.py:753} INFO - DAG(s) dict_keys(['example_task_group_decorator']) retrieved from /home/airflow/.local/lib/python3.7/site-packages/airflow/example_dags/example_task_group_decorator.py
[2025-10-05T17:28:40.422+0000] {logging_mixin.py:137} INFO - [2025-10-05T17:28:40.422+0000] {dag.py:2690} INFO - Sync 1 DAGs
[2025-10-05T17:28:40.452+0000] {logging_mixin.py:137} INFO - [2025-10-05T17:28:40.451+0000] {dag.py:3441} INFO - Setting next_dagrun for example_task_group_decorator to 2025-10-04T17:28:40.451641+00:00, run_after=2025-10-05T17:28:40.451641+00:00
[2025-10-05T17:28:40.482+0000] {processor.py:175} INFO - Processing /home/airflow/.local/lib/python3.7/site-packages/airflow/example_dags/example_task_group_decorator.py took 0.133 seconds
[2025-10-05T17:29:11.368+0000] {processor.py:153} INFO - Started process (PID=1974) to work on /home/airflow/.local/lib/python3.7/site-packages/airflow/example_dags/example_task_group_decorator.py
[2025-10-05T17:29:11.369+0000] {processor.py:743} INFO - Processing file /home/airflow/.local/lib/python3.7/site-packages/airflow/example_dags/example_task_group_decorator.py for tasks to queue
[2025-10-05T17:29:11.371+0000] {logging_mixin.py:137} INFO - [2025-10-05T17:29:11.370+0000] {dagbag.py:538} INFO - Filling up the DagBag from /home/airflow/.local/lib/python3.7/site-packages/airflow/example_dags/example_task_group_decorator.py
[2025-10-05T17:29:11.404+0000] {processor.py:753} INFO - DAG(s) dict_keys(['example_task_group_decorator']) retrieved from /home/airflow/.local/lib/python3.7/site-packages/airflow/example_dags/example_task_group_decorator.py
[2025-10-05T17:29:11.439+0000] {logging_mixin.py:137} INFO - [2025-10-05T17:29:11.439+0000] {dag.py:2690} INFO - Sync 1 DAGs
[2025-10-05T17:29:11.467+0000] {logging_mixin.py:137} INFO - [2025-10-05T17:29:11.467+0000] {dag.py:3441} INFO - Setting next_dagrun for example_task_group_decorator to 2025-10-04T17:29:11.467375+00:00, run_after=2025-10-05T17:29:11.467375+00:00
[2025-10-05T17:29:11.493+0000] {processor.py:175} INFO - Processing /home/airflow/.local/lib/python3.7/site-packages/airflow/example_dags/example_task_group_decorator.py took 0.130 seconds
[2025-10-05T17:29:42.252+0000] {processor.py:153} INFO - Started process (PID=2063) to work on /home/airflow/.local/lib/python3.7/site-packages/airflow/example_dags/example_task_group_decorator.py
[2025-10-05T17:29:42.254+0000] {processor.py:743} INFO - Processing file /home/airflow/.local/lib/python3.7/site-packages/airflow/example_dags/example_task_group_decorator.py for tasks to queue
[2025-10-05T17:29:42.256+0000] {logging_mixin.py:137} INFO - [2025-10-05T17:29:42.256+0000] {dagbag.py:538} INFO - Filling up the DagBag from /home/airflow/.local/lib/python3.7/site-packages/airflow/example_dags/example_task_group_decorator.py
[2025-10-05T17:29:42.285+0000] {processor.py:753} INFO - DAG(s) dict_keys(['example_task_group_decorator']) retrieved from /home/airflow/.local/lib/python3.7/site-packages/airflow/example_dags/example_task_group_decorator.py
[2025-10-05T17:29:42.317+0000] {logging_mixin.py:137} INFO - [2025-10-05T17:29:42.316+0000] {dag.py:2690} INFO - Sync 1 DAGs
[2025-10-05T17:29:42.344+0000] {logging_mixin.py:137} INFO - [2025-10-05T17:29:42.344+0000] {dag.py:3441} INFO - Setting next_dagrun for example_task_group_decorator to 2025-10-04T17:29:42.343864+00:00, run_after=2025-10-05T17:29:42.343864+00:00
[2025-10-05T17:29:42.368+0000] {processor.py:175} INFO - Processing /home/airflow/.local/lib/python3.7/site-packages/airflow/example_dags/example_task_group_decorator.py took 0.120 seconds
[2025-10-05T17:30:12.655+0000] {processor.py:153} INFO - Started process (PID=2177) to work on /home/airflow/.local/lib/python3.7/site-packages/airflow/example_dags/example_task_group_decorator.py
[2025-10-05T17:30:12.657+0000] {processor.py:743} INFO - Processing file /home/airflow/.local/lib/python3.7/site-packages/airflow/example_dags/example_task_group_decorator.py for tasks to queue
[2025-10-05T17:30:12.658+0000] {logging_mixin.py:137} INFO - [2025-10-05T17:30:12.658+0000] {dagbag.py:538} INFO - Filling up the DagBag from /home/airflow/.local/lib/python3.7/site-packages/airflow/example_dags/example_task_group_decorator.py
[2025-10-05T17:30:12.696+0000] {processor.py:753} INFO - DAG(s) dict_keys(['example_task_group_decorator']) retrieved from /home/airflow/.local/lib/python3.7/site-packages/airflow/example_dags/example_task_group_decorator.py
[2025-10-05T17:30:12.738+0000] {logging_mixin.py:137} INFO - [2025-10-05T17:30:12.738+0000] {dag.py:2690} INFO - Sync 1 DAGs
[2025-10-05T17:30:12.771+0000] {logging_mixin.py:137} INFO - [2025-10-05T17:30:12.771+0000] {dag.py:3441} INFO - Setting next_dagrun for example_task_group_decorator to 2025-10-04T17:30:12.770855+00:00, run_after=2025-10-05T17:30:12.770855+00:00
[2025-10-05T17:30:12.802+0000] {processor.py:175} INFO - Processing /home/airflow/.local/lib/python3.7/site-packages/airflow/example_dags/example_task_group_decorator.py took 0.153 seconds
[2025-10-05T17:30:43.169+0000] {processor.py:153} INFO - Started process (PID=2267) to work on /home/airflow/.local/lib/python3.7/site-packages/airflow/example_dags/example_task_group_decorator.py
[2025-10-05T17:30:43.170+0000] {processor.py:743} INFO - Processing file /home/airflow/.local/lib/python3.7/site-packages/airflow/example_dags/example_task_group_decorator.py for tasks to queue
[2025-10-05T17:30:43.171+0000] {logging_mixin.py:137} INFO - [2025-10-05T17:30:43.171+0000] {dagbag.py:538} INFO - Filling up the DagBag from /home/airflow/.local/lib/python3.7/site-packages/airflow/example_dags/example_task_group_decorator.py
[2025-10-05T17:30:43.201+0000] {processor.py:753} INFO - DAG(s) dict_keys(['example_task_group_decorator']) retrieved from /home/airflow/.local/lib/python3.7/site-packages/airflow/example_dags/example_task_group_decorator.py
[2025-10-05T17:30:43.233+0000] {logging_mixin.py:137} INFO - [2025-10-05T17:30:43.232+0000] {dag.py:2690} INFO - Sync 1 DAGs
[2025-10-05T17:30:43.259+0000] {logging_mixin.py:137} INFO - [2025-10-05T17:30:43.259+0000] {dag.py:3441} INFO - Setting next_dagrun for example_task_group_decorator to 2025-10-04T17:30:43.258984+00:00, run_after=2025-10-05T17:30:43.258984+00:00
[2025-10-05T17:30:43.282+0000] {processor.py:175} INFO - Processing /home/airflow/.local/lib/python3.7/site-packages/airflow/example_dags/example_task_group_decorator.py took 0.117 seconds
[2025-10-05T17:31:14.193+0000] {processor.py:153} INFO - Started process (PID=2366) to work on /home/airflow/.local/lib/python3.7/site-packages/airflow/example_dags/example_task_group_decorator.py
[2025-10-05T17:31:14.195+0000] {processor.py:743} INFO - Processing file /home/airflow/.local/lib/python3.7/site-packages/airflow/example_dags/example_task_group_decorator.py for tasks to queue
[2025-10-05T17:31:14.196+0000] {logging_mixin.py:137} INFO - [2025-10-05T17:31:14.196+0000] {dagbag.py:538} INFO - Filling up the DagBag from /home/airflow/.local/lib/python3.7/site-packages/airflow/example_dags/example_task_group_decorator.py
[2025-10-05T17:31:14.235+0000] {processor.py:753} INFO - DAG(s) dict_keys(['example_task_group_decorator']) retrieved from /home/airflow/.local/lib/python3.7/site-packages/airflow/example_dags/example_task_group_decorator.py
[2025-10-05T17:31:14.277+0000] {logging_mixin.py:137} INFO - [2025-10-05T17:31:14.277+0000] {dag.py:2690} INFO - Sync 1 DAGs
[2025-10-05T17:31:14.313+0000] {logging_mixin.py:137} INFO - [2025-10-05T17:31:14.313+0000] {dag.py:3441} INFO - Setting next_dagrun for example_task_group_decorator to 2025-10-04T17:31:14.312760+00:00, run_after=2025-10-05T17:31:14.312760+00:00
[2025-10-05T17:31:14.342+0000] {processor.py:175} INFO - Processing /home/airflow/.local/lib/python3.7/site-packages/airflow/example_dags/example_task_group_decorator.py took 0.154 seconds
[2025-10-05T17:31:44.463+0000] {processor.py:153} INFO - Started process (PID=2470) to work on /home/airflow/.local/lib/python3.7/site-packages/airflow/example_dags/example_task_group_decorator.py
[2025-10-05T17:31:44.465+0000] {processor.py:743} INFO - Processing file /home/airflow/.local/lib/python3.7/site-packages/airflow/example_dags/example_task_group_decorator.py for tasks to queue
[2025-10-05T17:31:44.466+0000] {logging_mixin.py:137} INFO - [2025-10-05T17:31:44.466+0000] {dagbag.py:538} INFO - Filling up the DagBag from /home/airflow/.local/lib/python3.7/site-packages/airflow/example_dags/example_task_group_decorator.py
[2025-10-05T17:31:44.495+0000] {processor.py:753} INFO - DAG(s) dict_keys(['example_task_group_decorator']) retrieved from /home/airflow/.local/lib/python3.7/site-packages/airflow/example_dags/example_task_group_decorator.py
[2025-10-05T17:31:44.528+0000] {logging_mixin.py:137} INFO - [2025-10-05T17:31:44.528+0000] {dag.py:2690} INFO - Sync 1 DAGs
[2025-10-05T17:31:44.555+0000] {logging_mixin.py:137} INFO - [2025-10-05T17:31:44.555+0000] {dag.py:3441} INFO - Setting next_dagrun for example_task_group_decorator to 2025-10-04T17:31:44.555195+00:00, run_after=2025-10-05T17:31:44.555195+00:00
[2025-10-05T17:31:44.580+0000] {processor.py:175} INFO - Processing /home/airflow/.local/lib/python3.7/site-packages/airflow/example_dags/example_task_group_decorator.py took 0.120 seconds
[2025-10-05T17:32:14.915+0000] {processor.py:153} INFO - Started process (PID=2559) to work on /home/airflow/.local/lib/python3.7/site-packages/airflow/example_dags/example_task_group_decorator.py
[2025-10-05T17:32:14.916+0000] {processor.py:743} INFO - Processing file /home/airflow/.local/lib/python3.7/site-packages/airflow/example_dags/example_task_group_decorator.py for tasks to queue
[2025-10-05T17:32:14.918+0000] {logging_mixin.py:137} INFO - [2025-10-05T17:32:14.917+0000] {dagbag.py:538} INFO - Filling up the DagBag from /home/airflow/.local/lib/python3.7/site-packages/airflow/example_dags/example_task_group_decorator.py
[2025-10-05T17:32:14.948+0000] {processor.py:753} INFO - DAG(s) dict_keys(['example_task_group_decorator']) retrieved from /home/airflow/.local/lib/python3.7/site-packages/airflow/example_dags/example_task_group_decorator.py
[2025-10-05T17:32:14.981+0000] {logging_mixin.py:137} INFO - [2025-10-05T17:32:14.981+0000] {dag.py:2690} INFO - Sync 1 DAGs
[2025-10-05T17:32:15.008+0000] {logging_mixin.py:137} INFO - [2025-10-05T17:32:15.008+0000] {dag.py:3441} INFO - Setting next_dagrun for example_task_group_decorator to 2025-10-04T17:32:15.007776+00:00, run_after=2025-10-05T17:32:15.007776+00:00
[2025-10-05T17:32:15.032+0000] {processor.py:175} INFO - Processing /home/airflow/.local/lib/python3.7/site-packages/airflow/example_dags/example_task_group_decorator.py took 0.122 seconds
[2025-10-05T17:32:45.869+0000] {processor.py:153} INFO - Started process (PID=2672) to work on /home/airflow/.local/lib/python3.7/site-packages/airflow/example_dags/example_task_group_decorator.py
[2025-10-05T17:32:45.871+0000] {processor.py:743} INFO - Processing file /home/airflow/.local/lib/python3.7/site-packages/airflow/example_dags/example_task_group_decorator.py for tasks to queue
[2025-10-05T17:32:45.872+0000] {logging_mixin.py:137} INFO - [2025-10-05T17:32:45.872+0000] {dagbag.py:538} INFO - Filling up the DagBag from /home/airflow/.local/lib/python3.7/site-packages/airflow/example_dags/example_task_group_decorator.py
[2025-10-05T17:32:45.900+0000] {processor.py:753} INFO - DAG(s) dict_keys(['example_task_group_decorator']) retrieved from /home/airflow/.local/lib/python3.7/site-packages/airflow/example_dags/example_task_group_decorator.py
[2025-10-05T17:32:45.933+0000] {logging_mixin.py:137} INFO - [2025-10-05T17:32:45.933+0000] {dag.py:2690} INFO - Sync 1 DAGs
[2025-10-05T17:32:45.957+0000] {logging_mixin.py:137} INFO - [2025-10-05T17:32:45.957+0000] {dag.py:3441} INFO - Setting next_dagrun for example_task_group_decorator to 2025-10-04T17:32:45.957137+00:00, run_after=2025-10-05T17:32:45.957137+00:00
[2025-10-05T17:32:45.981+0000] {processor.py:175} INFO - Processing /home/airflow/.local/lib/python3.7/site-packages/airflow/example_dags/example_task_group_decorator.py took 0.116 seconds
[2025-10-05T17:33:16.464+0000] {processor.py:153} INFO - Started process (PID=2761) to work on /home/airflow/.local/lib/python3.7/site-packages/airflow/example_dags/example_task_group_decorator.py
[2025-10-05T17:33:16.465+0000] {processor.py:743} INFO - Processing file /home/airflow/.local/lib/python3.7/site-packages/airflow/example_dags/example_task_group_decorator.py for tasks to queue
[2025-10-05T17:33:16.466+0000] {logging_mixin.py:137} INFO - [2025-10-05T17:33:16.466+0000] {dagbag.py:538} INFO - Filling up the DagBag from /home/airflow/.local/lib/python3.7/site-packages/airflow/example_dags/example_task_group_decorator.py
[2025-10-05T17:33:16.503+0000] {processor.py:753} INFO - DAG(s) dict_keys(['example_task_group_decorator']) retrieved from /home/airflow/.local/lib/python3.7/site-packages/airflow/example_dags/example_task_group_decorator.py
[2025-10-05T17:33:16.538+0000] {logging_mixin.py:137} INFO - [2025-10-05T17:33:16.538+0000] {dag.py:2690} INFO - Sync 1 DAGs
[2025-10-05T17:33:16.572+0000] {logging_mixin.py:137} INFO - [2025-10-05T17:33:16.572+0000] {dag.py:3441} INFO - Setting next_dagrun for example_task_group_decorator to 2025-10-04T17:33:16.572212+00:00, run_after=2025-10-05T17:33:16.572212+00:00
[2025-10-05T17:33:16.606+0000] {processor.py:175} INFO - Processing /home/airflow/.local/lib/python3.7/site-packages/airflow/example_dags/example_task_group_decorator.py took 0.147 seconds
[2025-10-05T17:33:46.925+0000] {processor.py:153} INFO - Started process (PID=2849) to work on /home/airflow/.local/lib/python3.7/site-packages/airflow/example_dags/example_task_group_decorator.py
[2025-10-05T17:33:46.927+0000] {processor.py:743} INFO - Processing file /home/airflow/.local/lib/python3.7/site-packages/airflow/example_dags/example_task_group_decorator.py for tasks to queue
[2025-10-05T17:33:46.928+0000] {logging_mixin.py:137} INFO - [2025-10-05T17:33:46.928+0000] {dagbag.py:538} INFO - Filling up the DagBag from /home/airflow/.local/lib/python3.7/site-packages/airflow/example_dags/example_task_group_decorator.py
[2025-10-05T17:33:46.966+0000] {processor.py:753} INFO - DAG(s) dict_keys(['example_task_group_decorator']) retrieved from /home/airflow/.local/lib/python3.7/site-packages/airflow/example_dags/example_task_group_decorator.py
[2025-10-05T17:33:47.007+0000] {logging_mixin.py:137} INFO - [2025-10-05T17:33:47.007+0000] {dag.py:2690} INFO - Sync 1 DAGs
[2025-10-05T17:33:47.042+0000] {logging_mixin.py:137} INFO - [2025-10-05T17:33:47.042+0000] {dag.py:3441} INFO - Setting next_dagrun for example_task_group_decorator to 2025-10-04T17:33:47.042319+00:00, run_after=2025-10-05T17:33:47.042319+00:00
[2025-10-05T17:33:47.073+0000] {processor.py:175} INFO - Processing /home/airflow/.local/lib/python3.7/site-packages/airflow/example_dags/example_task_group_decorator.py took 0.152 seconds
[2025-10-05T17:34:17.423+0000] {processor.py:153} INFO - Started process (PID=2962) to work on /home/airflow/.local/lib/python3.7/site-packages/airflow/example_dags/example_task_group_decorator.py
[2025-10-05T17:34:17.424+0000] {processor.py:743} INFO - Processing file /home/airflow/.local/lib/python3.7/site-packages/airflow/example_dags/example_task_group_decorator.py for tasks to queue
[2025-10-05T17:34:17.425+0000] {logging_mixin.py:137} INFO - [2025-10-05T17:34:17.425+0000] {dagbag.py:538} INFO - Filling up the DagBag from /home/airflow/.local/lib/python3.7/site-packages/airflow/example_dags/example_task_group_decorator.py
[2025-10-05T17:34:17.457+0000] {processor.py:753} INFO - DAG(s) dict_keys(['example_task_group_decorator']) retrieved from /home/airflow/.local/lib/python3.7/site-packages/airflow/example_dags/example_task_group_decorator.py
[2025-10-05T17:34:17.489+0000] {logging_mixin.py:137} INFO - [2025-10-05T17:34:17.489+0000] {dag.py:2690} INFO - Sync 1 DAGs
[2025-10-05T17:34:17.517+0000] {logging_mixin.py:137} INFO - [2025-10-05T17:34:17.517+0000] {dag.py:3441} INFO - Setting next_dagrun for example_task_group_decorator to 2025-10-04T17:34:17.516985+00:00, run_after=2025-10-05T17:34:17.516985+00:00
[2025-10-05T17:34:17.543+0000] {processor.py:175} INFO - Processing /home/airflow/.local/lib/python3.7/site-packages/airflow/example_dags/example_task_group_decorator.py took 0.126 seconds
[2025-10-05T17:34:47.965+0000] {processor.py:153} INFO - Started process (PID=3051) to work on /home/airflow/.local/lib/python3.7/site-packages/airflow/example_dags/example_task_group_decorator.py
[2025-10-05T17:34:47.973+0000] {processor.py:743} INFO - Processing file /home/airflow/.local/lib/python3.7/site-packages/airflow/example_dags/example_task_group_decorator.py for tasks to queue
[2025-10-05T17:34:47.976+0000] {logging_mixin.py:137} INFO - [2025-10-05T17:34:47.976+0000] {dagbag.py:538} INFO - Filling up the DagBag from /home/airflow/.local/lib/python3.7/site-packages/airflow/example_dags/example_task_group_decorator.py
[2025-10-05T17:34:48.037+0000] {processor.py:753} INFO - DAG(s) dict_keys(['example_task_group_decorator']) retrieved from /home/airflow/.local/lib/python3.7/site-packages/airflow/example_dags/example_task_group_decorator.py
[2025-10-05T17:34:48.085+0000] {logging_mixin.py:137} INFO - [2025-10-05T17:34:48.085+0000] {dag.py:2690} INFO - Sync 1 DAGs
[2025-10-05T17:34:48.124+0000] {logging_mixin.py:137} INFO - [2025-10-05T17:34:48.124+0000] {dag.py:3441} INFO - Setting next_dagrun for example_task_group_decorator to 2025-10-04T17:34:48.123704+00:00, run_after=2025-10-05T17:34:48.123704+00:00
[2025-10-05T17:34:48.174+0000] {processor.py:175} INFO - Processing /home/airflow/.local/lib/python3.7/site-packages/airflow/example_dags/example_task_group_decorator.py took 0.219 seconds
[2025-10-05T17:35:18.556+0000] {processor.py:153} INFO - Started process (PID=3149) to work on /home/airflow/.local/lib/python3.7/site-packages/airflow/example_dags/example_task_group_decorator.py
[2025-10-05T17:35:18.558+0000] {processor.py:743} INFO - Processing file /home/airflow/.local/lib/python3.7/site-packages/airflow/example_dags/example_task_group_decorator.py for tasks to queue
[2025-10-05T17:35:18.559+0000] {logging_mixin.py:137} INFO - [2025-10-05T17:35:18.559+0000] {dagbag.py:538} INFO - Filling up the DagBag from /home/airflow/.local/lib/python3.7/site-packages/airflow/example_dags/example_task_group_decorator.py
[2025-10-05T17:35:18.603+0000] {processor.py:753} INFO - DAG(s) dict_keys(['example_task_group_decorator']) retrieved from /home/airflow/.local/lib/python3.7/site-packages/airflow/example_dags/example_task_group_decorator.py
[2025-10-05T17:35:18.657+0000] {logging_mixin.py:137} INFO - [2025-10-05T17:35:18.657+0000] {dag.py:2690} INFO - Sync 1 DAGs
[2025-10-05T17:35:18.693+0000] {logging_mixin.py:137} INFO - [2025-10-05T17:35:18.693+0000] {dag.py:3441} INFO - Setting next_dagrun for example_task_group_decorator to 2025-10-04T17:35:18.693096+00:00, run_after=2025-10-05T17:35:18.693096+00:00
[2025-10-05T17:35:18.728+0000] {processor.py:175} INFO - Processing /home/airflow/.local/lib/python3.7/site-packages/airflow/example_dags/example_task_group_decorator.py took 0.177 seconds
[2025-10-05T17:35:49.152+0000] {processor.py:153} INFO - Started process (PID=3253) to work on /home/airflow/.local/lib/python3.7/site-packages/airflow/example_dags/example_task_group_decorator.py
[2025-10-05T17:35:49.154+0000] {processor.py:743} INFO - Processing file /home/airflow/.local/lib/python3.7/site-packages/airflow/example_dags/example_task_group_decorator.py for tasks to queue
[2025-10-05T17:35:49.156+0000] {logging_mixin.py:137} INFO - [2025-10-05T17:35:49.156+0000] {dagbag.py:538} INFO - Filling up the DagBag from /home/airflow/.local/lib/python3.7/site-packages/airflow/example_dags/example_task_group_decorator.py
[2025-10-05T17:35:49.205+0000] {processor.py:753} INFO - DAG(s) dict_keys(['example_task_group_decorator']) retrieved from /home/airflow/.local/lib/python3.7/site-packages/airflow/example_dags/example_task_group_decorator.py
[2025-10-05T17:35:49.248+0000] {logging_mixin.py:137} INFO - [2025-10-05T17:35:49.248+0000] {dag.py:2690} INFO - Sync 1 DAGs
[2025-10-05T17:35:49.289+0000] {logging_mixin.py:137} INFO - [2025-10-05T17:35:49.288+0000] {dag.py:3441} INFO - Setting next_dagrun for example_task_group_decorator to 2025-10-04T17:35:49.288013+00:00, run_after=2025-10-05T17:35:49.288013+00:00
[2025-10-05T17:35:49.326+0000] {processor.py:175} INFO - Processing /home/airflow/.local/lib/python3.7/site-packages/airflow/example_dags/example_task_group_decorator.py took 0.178 seconds
[2025-10-05T17:36:20.025+0000] {processor.py:153} INFO - Started process (PID=3342) to work on /home/airflow/.local/lib/python3.7/site-packages/airflow/example_dags/example_task_group_decorator.py
[2025-10-05T17:36:20.027+0000] {processor.py:743} INFO - Processing file /home/airflow/.local/lib/python3.7/site-packages/airflow/example_dags/example_task_group_decorator.py for tasks to queue
[2025-10-05T17:36:20.028+0000] {logging_mixin.py:137} INFO - [2025-10-05T17:36:20.028+0000] {dagbag.py:538} INFO - Filling up the DagBag from /home/airflow/.local/lib/python3.7/site-packages/airflow/example_dags/example_task_group_decorator.py
[2025-10-05T17:36:20.066+0000] {processor.py:753} INFO - DAG(s) dict_keys(['example_task_group_decorator']) retrieved from /home/airflow/.local/lib/python3.7/site-packages/airflow/example_dags/example_task_group_decorator.py
[2025-10-05T17:36:20.104+0000] {logging_mixin.py:137} INFO - [2025-10-05T17:36:20.103+0000] {dag.py:2690} INFO - Sync 1 DAGs
[2025-10-05T17:36:20.137+0000] {logging_mixin.py:137} INFO - [2025-10-05T17:36:20.137+0000] {dag.py:3441} INFO - Setting next_dagrun for example_task_group_decorator to 2025-10-04T17:36:20.136798+00:00, run_after=2025-10-05T17:36:20.136798+00:00
[2025-10-05T17:36:20.164+0000] {processor.py:175} INFO - Processing /home/airflow/.local/lib/python3.7/site-packages/airflow/example_dags/example_task_group_decorator.py took 0.145 seconds
[2025-10-05T17:36:50.953+0000] {processor.py:153} INFO - Started process (PID=3456) to work on /home/airflow/.local/lib/python3.7/site-packages/airflow/example_dags/example_task_group_decorator.py
[2025-10-05T17:36:50.955+0000] {processor.py:743} INFO - Processing file /home/airflow/.local/lib/python3.7/site-packages/airflow/example_dags/example_task_group_decorator.py for tasks to queue
[2025-10-05T17:36:50.956+0000] {logging_mixin.py:137} INFO - [2025-10-05T17:36:50.956+0000] {dagbag.py:538} INFO - Filling up the DagBag from /home/airflow/.local/lib/python3.7/site-packages/airflow/example_dags/example_task_group_decorator.py
[2025-10-05T17:36:50.988+0000] {processor.py:753} INFO - DAG(s) dict_keys(['example_task_group_decorator']) retrieved from /home/airflow/.local/lib/python3.7/site-packages/airflow/example_dags/example_task_group_decorator.py
[2025-10-05T17:36:51.023+0000] {logging_mixin.py:137} INFO - [2025-10-05T17:36:51.023+0000] {dag.py:2690} INFO - Sync 1 DAGs
[2025-10-05T17:36:51.052+0000] {logging_mixin.py:137} INFO - [2025-10-05T17:36:51.052+0000] {dag.py:3441} INFO - Setting next_dagrun for example_task_group_decorator to 2025-10-04T17:36:51.052488+00:00, run_after=2025-10-05T17:36:51.052488+00:00
[2025-10-05T17:36:51.079+0000] {processor.py:175} INFO - Processing /home/airflow/.local/lib/python3.7/site-packages/airflow/example_dags/example_task_group_decorator.py took 0.130 seconds
