[2025-10-05T17:19:27.801+0000] {processor.py:153} INFO - Started process (PID=101) to work on /home/airflow/.local/lib/python3.7/site-packages/airflow/example_dags/example_nested_branch_dag.py
[2025-10-05T17:19:27.803+0000] {processor.py:743} INFO - Processing file /home/airflow/.local/lib/python3.7/site-packages/airflow/example_dags/example_nested_branch_dag.py for tasks to queue
[2025-10-05T17:19:27.805+0000] {logging_mixin.py:137} INFO - [2025-10-05T17:19:27.805+0000] {dagbag.py:538} INFO - Filling up the DagBag from /home/airflow/.local/lib/python3.7/site-packages/airflow/example_dags/example_nested_branch_dag.py
[2025-10-05T17:19:27.862+0000] {processor.py:753} INFO - DAG(s) dict_keys(['example_nested_branch_dag']) retrieved from /home/airflow/.local/lib/python3.7/site-packages/airflow/example_dags/example_nested_branch_dag.py
[2025-10-05T17:19:27.911+0000] {logging_mixin.py:137} INFO - [2025-10-05T17:19:27.910+0000] {dag.py:2690} INFO - Sync 1 DAGs
[2025-10-05T17:19:27.947+0000] {logging_mixin.py:137} INFO - [2025-10-05T17:19:27.947+0000] {dag.py:3441} INFO - Setting next_dagrun for example_nested_branch_dag to 2025-10-04T00:00:00+00:00, run_after=2025-10-05T00:00:00+00:00
[2025-10-05T17:19:27.990+0000] {processor.py:175} INFO - Processing /home/airflow/.local/lib/python3.7/site-packages/airflow/example_dags/example_nested_branch_dag.py took 0.195 seconds
[2025-10-05T17:19:58.293+0000] {processor.py:153} INFO - Started process (PID=190) to work on /home/airflow/.local/lib/python3.7/site-packages/airflow/example_dags/example_nested_branch_dag.py
[2025-10-05T17:19:58.295+0000] {processor.py:743} INFO - Processing file /home/airflow/.local/lib/python3.7/site-packages/airflow/example_dags/example_nested_branch_dag.py for tasks to queue
[2025-10-05T17:19:58.296+0000] {logging_mixin.py:137} INFO - [2025-10-05T17:19:58.296+0000] {dagbag.py:538} INFO - Filling up the DagBag from /home/airflow/.local/lib/python3.7/site-packages/airflow/example_dags/example_nested_branch_dag.py
[2025-10-05T17:19:58.328+0000] {processor.py:753} INFO - DAG(s) dict_keys(['example_nested_branch_dag']) retrieved from /home/airflow/.local/lib/python3.7/site-packages/airflow/example_dags/example_nested_branch_dag.py
[2025-10-05T17:19:58.361+0000] {logging_mixin.py:137} INFO - [2025-10-05T17:19:58.361+0000] {dag.py:2690} INFO - Sync 1 DAGs
[2025-10-05T17:19:58.398+0000] {logging_mixin.py:137} INFO - [2025-10-05T17:19:58.398+0000] {dag.py:3441} INFO - Setting next_dagrun for example_nested_branch_dag to 2025-10-04T00:00:00+00:00, run_after=2025-10-05T00:00:00+00:00
[2025-10-05T17:19:58.428+0000] {processor.py:175} INFO - Processing /home/airflow/.local/lib/python3.7/site-packages/airflow/example_dags/example_nested_branch_dag.py took 0.139 seconds
[2025-10-05T17:20:28.965+0000] {processor.py:153} INFO - Started process (PID=303) to work on /home/airflow/.local/lib/python3.7/site-packages/airflow/example_dags/example_nested_branch_dag.py
[2025-10-05T17:20:28.966+0000] {processor.py:743} INFO - Processing file /home/airflow/.local/lib/python3.7/site-packages/airflow/example_dags/example_nested_branch_dag.py for tasks to queue
[2025-10-05T17:20:28.967+0000] {logging_mixin.py:137} INFO - [2025-10-05T17:20:28.967+0000] {dagbag.py:538} INFO - Filling up the DagBag from /home/airflow/.local/lib/python3.7/site-packages/airflow/example_dags/example_nested_branch_dag.py
[2025-10-05T17:20:28.994+0000] {processor.py:753} INFO - DAG(s) dict_keys(['example_nested_branch_dag']) retrieved from /home/airflow/.local/lib/python3.7/site-packages/airflow/example_dags/example_nested_branch_dag.py
[2025-10-05T17:20:29.027+0000] {logging_mixin.py:137} INFO - [2025-10-05T17:20:29.027+0000] {dag.py:2690} INFO - Sync 1 DAGs
[2025-10-05T17:20:29.058+0000] {logging_mixin.py:137} INFO - [2025-10-05T17:20:29.058+0000] {dag.py:3441} INFO - Setting next_dagrun for example_nested_branch_dag to 2025-10-04T00:00:00+00:00, run_after=2025-10-05T00:00:00+00:00
[2025-10-05T17:20:29.083+0000] {processor.py:175} INFO - Processing /home/airflow/.local/lib/python3.7/site-packages/airflow/example_dags/example_nested_branch_dag.py took 0.122 seconds
[2025-10-05T17:20:59.945+0000] {processor.py:153} INFO - Started process (PID=392) to work on /home/airflow/.local/lib/python3.7/site-packages/airflow/example_dags/example_nested_branch_dag.py
[2025-10-05T17:20:59.947+0000] {processor.py:743} INFO - Processing file /home/airflow/.local/lib/python3.7/site-packages/airflow/example_dags/example_nested_branch_dag.py for tasks to queue
[2025-10-05T17:20:59.948+0000] {logging_mixin.py:137} INFO - [2025-10-05T17:20:59.948+0000] {dagbag.py:538} INFO - Filling up the DagBag from /home/airflow/.local/lib/python3.7/site-packages/airflow/example_dags/example_nested_branch_dag.py
[2025-10-05T17:20:59.981+0000] {processor.py:753} INFO - DAG(s) dict_keys(['example_nested_branch_dag']) retrieved from /home/airflow/.local/lib/python3.7/site-packages/airflow/example_dags/example_nested_branch_dag.py
[2025-10-05T17:21:00.017+0000] {logging_mixin.py:137} INFO - [2025-10-05T17:21:00.017+0000] {dag.py:2690} INFO - Sync 1 DAGs
[2025-10-05T17:21:00.049+0000] {logging_mixin.py:137} INFO - [2025-10-05T17:21:00.048+0000] {dag.py:3441} INFO - Setting next_dagrun for example_nested_branch_dag to 2025-10-04T00:00:00+00:00, run_after=2025-10-05T00:00:00+00:00
[2025-10-05T17:21:00.075+0000] {processor.py:175} INFO - Processing /home/airflow/.local/lib/python3.7/site-packages/airflow/example_dags/example_nested_branch_dag.py took 0.135 seconds
[2025-10-05T17:21:31.414+0000] {processor.py:153} INFO - Started process (PID=505) to work on /home/airflow/.local/lib/python3.7/site-packages/airflow/example_dags/example_nested_branch_dag.py
[2025-10-05T17:21:31.416+0000] {processor.py:743} INFO - Processing file /home/airflow/.local/lib/python3.7/site-packages/airflow/example_dags/example_nested_branch_dag.py for tasks to queue
[2025-10-05T17:21:31.417+0000] {logging_mixin.py:137} INFO - [2025-10-05T17:21:31.417+0000] {dagbag.py:538} INFO - Filling up the DagBag from /home/airflow/.local/lib/python3.7/site-packages/airflow/example_dags/example_nested_branch_dag.py
[2025-10-05T17:21:31.451+0000] {processor.py:753} INFO - DAG(s) dict_keys(['example_nested_branch_dag']) retrieved from /home/airflow/.local/lib/python3.7/site-packages/airflow/example_dags/example_nested_branch_dag.py
[2025-10-05T17:21:31.489+0000] {logging_mixin.py:137} INFO - [2025-10-05T17:21:31.488+0000] {dag.py:2690} INFO - Sync 1 DAGs
[2025-10-05T17:21:31.520+0000] {logging_mixin.py:137} INFO - [2025-10-05T17:21:31.520+0000] {dag.py:3441} INFO - Setting next_dagrun for example_nested_branch_dag to 2025-10-04T00:00:00+00:00, run_after=2025-10-05T00:00:00+00:00
[2025-10-05T17:21:31.551+0000] {processor.py:175} INFO - Processing /home/airflow/.local/lib/python3.7/site-packages/airflow/example_dags/example_nested_branch_dag.py took 0.143 seconds
[2025-10-05T17:22:01.696+0000] {processor.py:153} INFO - Started process (PID=594) to work on /home/airflow/.local/lib/python3.7/site-packages/airflow/example_dags/example_nested_branch_dag.py
[2025-10-05T17:22:01.698+0000] {processor.py:743} INFO - Processing file /home/airflow/.local/lib/python3.7/site-packages/airflow/example_dags/example_nested_branch_dag.py for tasks to queue
[2025-10-05T17:22:01.699+0000] {logging_mixin.py:137} INFO - [2025-10-05T17:22:01.699+0000] {dagbag.py:538} INFO - Filling up the DagBag from /home/airflow/.local/lib/python3.7/site-packages/airflow/example_dags/example_nested_branch_dag.py
[2025-10-05T17:22:01.727+0000] {processor.py:753} INFO - DAG(s) dict_keys(['example_nested_branch_dag']) retrieved from /home/airflow/.local/lib/python3.7/site-packages/airflow/example_dags/example_nested_branch_dag.py
[2025-10-05T17:22:01.762+0000] {logging_mixin.py:137} INFO - [2025-10-05T17:22:01.762+0000] {dag.py:2690} INFO - Sync 1 DAGs
[2025-10-05T17:22:01.792+0000] {logging_mixin.py:137} INFO - [2025-10-05T17:22:01.792+0000] {dag.py:3441} INFO - Setting next_dagrun for example_nested_branch_dag to 2025-10-04T00:00:00+00:00, run_after=2025-10-05T00:00:00+00:00
[2025-10-05T17:22:01.819+0000] {processor.py:175} INFO - Processing /home/airflow/.local/lib/python3.7/site-packages/airflow/example_dags/example_nested_branch_dag.py took 0.128 seconds
[2025-10-05T17:22:32.137+0000] {processor.py:153} INFO - Started process (PID=683) to work on /home/airflow/.local/lib/python3.7/site-packages/airflow/example_dags/example_nested_branch_dag.py
[2025-10-05T17:22:32.139+0000] {processor.py:743} INFO - Processing file /home/airflow/.local/lib/python3.7/site-packages/airflow/example_dags/example_nested_branch_dag.py for tasks to queue
[2025-10-05T17:22:32.140+0000] {logging_mixin.py:137} INFO - [2025-10-05T17:22:32.140+0000] {dagbag.py:538} INFO - Filling up the DagBag from /home/airflow/.local/lib/python3.7/site-packages/airflow/example_dags/example_nested_branch_dag.py
[2025-10-05T17:22:32.170+0000] {processor.py:753} INFO - DAG(s) dict_keys(['example_nested_branch_dag']) retrieved from /home/airflow/.local/lib/python3.7/site-packages/airflow/example_dags/example_nested_branch_dag.py
[2025-10-05T17:22:32.207+0000] {logging_mixin.py:137} INFO - [2025-10-05T17:22:32.207+0000] {dag.py:2690} INFO - Sync 1 DAGs
[2025-10-05T17:22:32.238+0000] {logging_mixin.py:137} INFO - [2025-10-05T17:22:32.237+0000] {dag.py:3441} INFO - Setting next_dagrun for example_nested_branch_dag to 2025-10-04T00:00:00+00:00, run_after=2025-10-05T00:00:00+00:00
[2025-10-05T17:22:32.264+0000] {processor.py:175} INFO - Processing /home/airflow/.local/lib/python3.7/site-packages/airflow/example_dags/example_nested_branch_dag.py took 0.133 seconds
[2025-10-05T17:23:02.701+0000] {processor.py:153} INFO - Started process (PID=796) to work on /home/airflow/.local/lib/python3.7/site-packages/airflow/example_dags/example_nested_branch_dag.py
[2025-10-05T17:23:02.703+0000] {processor.py:743} INFO - Processing file /home/airflow/.local/lib/python3.7/site-packages/airflow/example_dags/example_nested_branch_dag.py for tasks to queue
[2025-10-05T17:23:02.705+0000] {logging_mixin.py:137} INFO - [2025-10-05T17:23:02.705+0000] {dagbag.py:538} INFO - Filling up the DagBag from /home/airflow/.local/lib/python3.7/site-packages/airflow/example_dags/example_nested_branch_dag.py
[2025-10-05T17:23:02.739+0000] {processor.py:753} INFO - DAG(s) dict_keys(['example_nested_branch_dag']) retrieved from /home/airflow/.local/lib/python3.7/site-packages/airflow/example_dags/example_nested_branch_dag.py
[2025-10-05T17:23:02.779+0000] {logging_mixin.py:137} INFO - [2025-10-05T17:23:02.779+0000] {dag.py:2690} INFO - Sync 1 DAGs
[2025-10-05T17:23:02.813+0000] {logging_mixin.py:137} INFO - [2025-10-05T17:23:02.813+0000] {dag.py:3441} INFO - Setting next_dagrun for example_nested_branch_dag to 2025-10-04T00:00:00+00:00, run_after=2025-10-05T00:00:00+00:00
[2025-10-05T17:23:02.842+0000] {processor.py:175} INFO - Processing /home/airflow/.local/lib/python3.7/site-packages/airflow/example_dags/example_nested_branch_dag.py took 0.145 seconds
[2025-10-05T17:23:33.553+0000] {processor.py:153} INFO - Started process (PID=886) to work on /home/airflow/.local/lib/python3.7/site-packages/airflow/example_dags/example_nested_branch_dag.py
[2025-10-05T17:23:33.555+0000] {processor.py:743} INFO - Processing file /home/airflow/.local/lib/python3.7/site-packages/airflow/example_dags/example_nested_branch_dag.py for tasks to queue
[2025-10-05T17:23:33.556+0000] {logging_mixin.py:137} INFO - [2025-10-05T17:23:33.555+0000] {dagbag.py:538} INFO - Filling up the DagBag from /home/airflow/.local/lib/python3.7/site-packages/airflow/example_dags/example_nested_branch_dag.py
[2025-10-05T17:23:33.584+0000] {processor.py:753} INFO - DAG(s) dict_keys(['example_nested_branch_dag']) retrieved from /home/airflow/.local/lib/python3.7/site-packages/airflow/example_dags/example_nested_branch_dag.py
[2025-10-05T17:23:33.617+0000] {logging_mixin.py:137} INFO - [2025-10-05T17:23:33.617+0000] {dag.py:2690} INFO - Sync 1 DAGs
[2025-10-05T17:23:33.645+0000] {logging_mixin.py:137} INFO - [2025-10-05T17:23:33.645+0000] {dag.py:3441} INFO - Setting next_dagrun for example_nested_branch_dag to 2025-10-04T00:00:00+00:00, run_after=2025-10-05T00:00:00+00:00
[2025-10-05T17:23:33.670+0000] {processor.py:175} INFO - Processing /home/airflow/.local/lib/python3.7/site-packages/airflow/example_dags/example_nested_branch_dag.py took 0.121 seconds
[2025-10-05T17:24:04.219+0000] {processor.py:153} INFO - Started process (PID=999) to work on /home/airflow/.local/lib/python3.7/site-packages/airflow/example_dags/example_nested_branch_dag.py
[2025-10-05T17:24:04.221+0000] {processor.py:743} INFO - Processing file /home/airflow/.local/lib/python3.7/site-packages/airflow/example_dags/example_nested_branch_dag.py for tasks to queue
[2025-10-05T17:24:04.222+0000] {logging_mixin.py:137} INFO - [2025-10-05T17:24:04.222+0000] {dagbag.py:538} INFO - Filling up the DagBag from /home/airflow/.local/lib/python3.7/site-packages/airflow/example_dags/example_nested_branch_dag.py
[2025-10-05T17:24:04.248+0000] {processor.py:753} INFO - DAG(s) dict_keys(['example_nested_branch_dag']) retrieved from /home/airflow/.local/lib/python3.7/site-packages/airflow/example_dags/example_nested_branch_dag.py
[2025-10-05T17:24:04.280+0000] {logging_mixin.py:137} INFO - [2025-10-05T17:24:04.280+0000] {dag.py:2690} INFO - Sync 1 DAGs
[2025-10-05T17:24:04.307+0000] {logging_mixin.py:137} INFO - [2025-10-05T17:24:04.307+0000] {dag.py:3441} INFO - Setting next_dagrun for example_nested_branch_dag to 2025-10-04T00:00:00+00:00, run_after=2025-10-05T00:00:00+00:00
[2025-10-05T17:24:04.334+0000] {processor.py:175} INFO - Processing /home/airflow/.local/lib/python3.7/site-packages/airflow/example_dags/example_nested_branch_dag.py took 0.118 seconds
[2025-10-05T17:24:34.702+0000] {processor.py:153} INFO - Started process (PID=1088) to work on /home/airflow/.local/lib/python3.7/site-packages/airflow/example_dags/example_nested_branch_dag.py
[2025-10-05T17:24:34.703+0000] {processor.py:743} INFO - Processing file /home/airflow/.local/lib/python3.7/site-packages/airflow/example_dags/example_nested_branch_dag.py for tasks to queue
[2025-10-05T17:24:34.705+0000] {logging_mixin.py:137} INFO - [2025-10-05T17:24:34.705+0000] {dagbag.py:538} INFO - Filling up the DagBag from /home/airflow/.local/lib/python3.7/site-packages/airflow/example_dags/example_nested_branch_dag.py
[2025-10-05T17:24:34.735+0000] {processor.py:753} INFO - DAG(s) dict_keys(['example_nested_branch_dag']) retrieved from /home/airflow/.local/lib/python3.7/site-packages/airflow/example_dags/example_nested_branch_dag.py
[2025-10-05T17:24:34.768+0000] {logging_mixin.py:137} INFO - [2025-10-05T17:24:34.768+0000] {dag.py:2690} INFO - Sync 1 DAGs
[2025-10-05T17:24:34.797+0000] {logging_mixin.py:137} INFO - [2025-10-05T17:24:34.797+0000] {dag.py:3441} INFO - Setting next_dagrun for example_nested_branch_dag to 2025-10-04T00:00:00+00:00, run_after=2025-10-05T00:00:00+00:00
[2025-10-05T17:24:34.823+0000] {processor.py:175} INFO - Processing /home/airflow/.local/lib/python3.7/site-packages/airflow/example_dags/example_nested_branch_dag.py took 0.126 seconds
[2025-10-05T17:25:05.683+0000] {processor.py:153} INFO - Started process (PID=1201) to work on /home/airflow/.local/lib/python3.7/site-packages/airflow/example_dags/example_nested_branch_dag.py
[2025-10-05T17:25:05.685+0000] {processor.py:743} INFO - Processing file /home/airflow/.local/lib/python3.7/site-packages/airflow/example_dags/example_nested_branch_dag.py for tasks to queue
[2025-10-05T17:25:05.686+0000] {logging_mixin.py:137} INFO - [2025-10-05T17:25:05.686+0000] {dagbag.py:538} INFO - Filling up the DagBag from /home/airflow/.local/lib/python3.7/site-packages/airflow/example_dags/example_nested_branch_dag.py
[2025-10-05T17:25:05.716+0000] {processor.py:753} INFO - DAG(s) dict_keys(['example_nested_branch_dag']) retrieved from /home/airflow/.local/lib/python3.7/site-packages/airflow/example_dags/example_nested_branch_dag.py
[2025-10-05T17:25:05.753+0000] {logging_mixin.py:137} INFO - [2025-10-05T17:25:05.753+0000] {dag.py:2690} INFO - Sync 1 DAGs
[2025-10-05T17:25:05.786+0000] {logging_mixin.py:137} INFO - [2025-10-05T17:25:05.786+0000] {dag.py:3441} INFO - Setting next_dagrun for example_nested_branch_dag to 2025-10-04T00:00:00+00:00, run_after=2025-10-05T00:00:00+00:00
[2025-10-05T17:25:05.815+0000] {processor.py:175} INFO - Processing /home/airflow/.local/lib/python3.7/site-packages/airflow/example_dags/example_nested_branch_dag.py took 0.136 seconds
[2025-10-05T17:25:36.597+0000] {processor.py:153} INFO - Started process (PID=1290) to work on /home/airflow/.local/lib/python3.7/site-packages/airflow/example_dags/example_nested_branch_dag.py
[2025-10-05T17:25:36.599+0000] {processor.py:743} INFO - Processing file /home/airflow/.local/lib/python3.7/site-packages/airflow/example_dags/example_nested_branch_dag.py for tasks to queue
[2025-10-05T17:25:36.600+0000] {logging_mixin.py:137} INFO - [2025-10-05T17:25:36.600+0000] {dagbag.py:538} INFO - Filling up the DagBag from /home/airflow/.local/lib/python3.7/site-packages/airflow/example_dags/example_nested_branch_dag.py
[2025-10-05T17:25:36.627+0000] {processor.py:753} INFO - DAG(s) dict_keys(['example_nested_branch_dag']) retrieved from /home/airflow/.local/lib/python3.7/site-packages/airflow/example_dags/example_nested_branch_dag.py
[2025-10-05T17:25:36.657+0000] {logging_mixin.py:137} INFO - [2025-10-05T17:25:36.657+0000] {dag.py:2690} INFO - Sync 1 DAGs
[2025-10-05T17:25:36.687+0000] {logging_mixin.py:137} INFO - [2025-10-05T17:25:36.687+0000] {dag.py:3441} INFO - Setting next_dagrun for example_nested_branch_dag to 2025-10-04T00:00:00+00:00, run_after=2025-10-05T00:00:00+00:00
[2025-10-05T17:25:36.710+0000] {processor.py:175} INFO - Processing /home/airflow/.local/lib/python3.7/site-packages/airflow/example_dags/example_nested_branch_dag.py took 0.117 seconds
[2025-10-05T17:26:07.360+0000] {processor.py:153} INFO - Started process (PID=1379) to work on /home/airflow/.local/lib/python3.7/site-packages/airflow/example_dags/example_nested_branch_dag.py
[2025-10-05T17:26:07.362+0000] {processor.py:743} INFO - Processing file /home/airflow/.local/lib/python3.7/site-packages/airflow/example_dags/example_nested_branch_dag.py for tasks to queue
[2025-10-05T17:26:07.363+0000] {logging_mixin.py:137} INFO - [2025-10-05T17:26:07.363+0000] {dagbag.py:538} INFO - Filling up the DagBag from /home/airflow/.local/lib/python3.7/site-packages/airflow/example_dags/example_nested_branch_dag.py
[2025-10-05T17:26:07.396+0000] {processor.py:753} INFO - DAG(s) dict_keys(['example_nested_branch_dag']) retrieved from /home/airflow/.local/lib/python3.7/site-packages/airflow/example_dags/example_nested_branch_dag.py
[2025-10-05T17:26:07.429+0000] {logging_mixin.py:137} INFO - [2025-10-05T17:26:07.429+0000] {dag.py:2690} INFO - Sync 1 DAGs
[2025-10-05T17:26:07.459+0000] {logging_mixin.py:137} INFO - [2025-10-05T17:26:07.459+0000] {dag.py:3441} INFO - Setting next_dagrun for example_nested_branch_dag to 2025-10-04T00:00:00+00:00, run_after=2025-10-05T00:00:00+00:00
[2025-10-05T17:26:07.532+0000] {processor.py:175} INFO - Processing /home/airflow/.local/lib/python3.7/site-packages/airflow/example_dags/example_nested_branch_dag.py took 0.177 seconds
[2025-10-05T17:26:38.437+0000] {processor.py:153} INFO - Started process (PID=1492) to work on /home/airflow/.local/lib/python3.7/site-packages/airflow/example_dags/example_nested_branch_dag.py
[2025-10-05T17:26:38.439+0000] {processor.py:743} INFO - Processing file /home/airflow/.local/lib/python3.7/site-packages/airflow/example_dags/example_nested_branch_dag.py for tasks to queue
[2025-10-05T17:26:38.440+0000] {logging_mixin.py:137} INFO - [2025-10-05T17:26:38.440+0000] {dagbag.py:538} INFO - Filling up the DagBag from /home/airflow/.local/lib/python3.7/site-packages/airflow/example_dags/example_nested_branch_dag.py
[2025-10-05T17:26:38.469+0000] {processor.py:753} INFO - DAG(s) dict_keys(['example_nested_branch_dag']) retrieved from /home/airflow/.local/lib/python3.7/site-packages/airflow/example_dags/example_nested_branch_dag.py
[2025-10-05T17:26:38.504+0000] {logging_mixin.py:137} INFO - [2025-10-05T17:26:38.504+0000] {dag.py:2690} INFO - Sync 1 DAGs
[2025-10-05T17:26:38.534+0000] {logging_mixin.py:137} INFO - [2025-10-05T17:26:38.534+0000] {dag.py:3441} INFO - Setting next_dagrun for example_nested_branch_dag to 2025-10-04T00:00:00+00:00, run_after=2025-10-05T00:00:00+00:00
[2025-10-05T17:26:38.562+0000] {processor.py:175} INFO - Processing /home/airflow/.local/lib/python3.7/site-packages/airflow/example_dags/example_nested_branch_dag.py took 0.129 seconds
[2025-10-05T17:27:09.347+0000] {processor.py:153} INFO - Started process (PID=1581) to work on /home/airflow/.local/lib/python3.7/site-packages/airflow/example_dags/example_nested_branch_dag.py
[2025-10-05T17:27:09.349+0000] {processor.py:743} INFO - Processing file /home/airflow/.local/lib/python3.7/site-packages/airflow/example_dags/example_nested_branch_dag.py for tasks to queue
[2025-10-05T17:27:09.350+0000] {logging_mixin.py:137} INFO - [2025-10-05T17:27:09.350+0000] {dagbag.py:538} INFO - Filling up the DagBag from /home/airflow/.local/lib/python3.7/site-packages/airflow/example_dags/example_nested_branch_dag.py
[2025-10-05T17:27:09.383+0000] {processor.py:753} INFO - DAG(s) dict_keys(['example_nested_branch_dag']) retrieved from /home/airflow/.local/lib/python3.7/site-packages/airflow/example_dags/example_nested_branch_dag.py
[2025-10-05T17:27:09.428+0000] {logging_mixin.py:137} INFO - [2025-10-05T17:27:09.428+0000] {dag.py:2690} INFO - Sync 1 DAGs
[2025-10-05T17:27:09.467+0000] {logging_mixin.py:137} INFO - [2025-10-05T17:27:09.466+0000] {dag.py:3441} INFO - Setting next_dagrun for example_nested_branch_dag to 2025-10-04T00:00:00+00:00, run_after=2025-10-05T00:00:00+00:00
[2025-10-05T17:27:09.499+0000] {processor.py:175} INFO - Processing /home/airflow/.local/lib/python3.7/site-packages/airflow/example_dags/example_nested_branch_dag.py took 0.157 seconds
[2025-10-05T17:27:40.503+0000] {processor.py:153} INFO - Started process (PID=1694) to work on /home/airflow/.local/lib/python3.7/site-packages/airflow/example_dags/example_nested_branch_dag.py
[2025-10-05T17:27:40.505+0000] {processor.py:743} INFO - Processing file /home/airflow/.local/lib/python3.7/site-packages/airflow/example_dags/example_nested_branch_dag.py for tasks to queue
[2025-10-05T17:27:40.506+0000] {logging_mixin.py:137} INFO - [2025-10-05T17:27:40.506+0000] {dagbag.py:538} INFO - Filling up the DagBag from /home/airflow/.local/lib/python3.7/site-packages/airflow/example_dags/example_nested_branch_dag.py
[2025-10-05T17:27:40.542+0000] {processor.py:753} INFO - DAG(s) dict_keys(['example_nested_branch_dag']) retrieved from /home/airflow/.local/lib/python3.7/site-packages/airflow/example_dags/example_nested_branch_dag.py
[2025-10-05T17:27:40.577+0000] {logging_mixin.py:137} INFO - [2025-10-05T17:27:40.576+0000] {dag.py:2690} INFO - Sync 1 DAGs
[2025-10-05T17:27:40.613+0000] {logging_mixin.py:137} INFO - [2025-10-05T17:27:40.612+0000] {dag.py:3441} INFO - Setting next_dagrun for example_nested_branch_dag to 2025-10-04T00:00:00+00:00, run_after=2025-10-05T00:00:00+00:00
[2025-10-05T17:27:40.643+0000] {processor.py:175} INFO - Processing /home/airflow/.local/lib/python3.7/site-packages/airflow/example_dags/example_nested_branch_dag.py took 0.145 seconds
[2025-10-05T17:28:11.323+0000] {processor.py:153} INFO - Started process (PID=1784) to work on /home/airflow/.local/lib/python3.7/site-packages/airflow/example_dags/example_nested_branch_dag.py
[2025-10-05T17:28:11.325+0000] {processor.py:743} INFO - Processing file /home/airflow/.local/lib/python3.7/site-packages/airflow/example_dags/example_nested_branch_dag.py for tasks to queue
[2025-10-05T17:28:11.327+0000] {logging_mixin.py:137} INFO - [2025-10-05T17:28:11.327+0000] {dagbag.py:538} INFO - Filling up the DagBag from /home/airflow/.local/lib/python3.7/site-packages/airflow/example_dags/example_nested_branch_dag.py
[2025-10-05T17:28:11.362+0000] {processor.py:753} INFO - DAG(s) dict_keys(['example_nested_branch_dag']) retrieved from /home/airflow/.local/lib/python3.7/site-packages/airflow/example_dags/example_nested_branch_dag.py
[2025-10-05T17:28:11.401+0000] {logging_mixin.py:137} INFO - [2025-10-05T17:28:11.401+0000] {dag.py:2690} INFO - Sync 1 DAGs
[2025-10-05T17:28:11.434+0000] {logging_mixin.py:137} INFO - [2025-10-05T17:28:11.434+0000] {dag.py:3441} INFO - Setting next_dagrun for example_nested_branch_dag to 2025-10-04T00:00:00+00:00, run_after=2025-10-05T00:00:00+00:00
[2025-10-05T17:28:11.464+0000] {processor.py:175} INFO - Processing /home/airflow/.local/lib/python3.7/site-packages/airflow/example_dags/example_nested_branch_dag.py took 0.146 seconds
[2025-10-05T17:28:42.414+0000] {processor.py:153} INFO - Started process (PID=1873) to work on /home/airflow/.local/lib/python3.7/site-packages/airflow/example_dags/example_nested_branch_dag.py
[2025-10-05T17:28:42.415+0000] {processor.py:743} INFO - Processing file /home/airflow/.local/lib/python3.7/site-packages/airflow/example_dags/example_nested_branch_dag.py for tasks to queue
[2025-10-05T17:28:42.416+0000] {logging_mixin.py:137} INFO - [2025-10-05T17:28:42.416+0000] {dagbag.py:538} INFO - Filling up the DagBag from /home/airflow/.local/lib/python3.7/site-packages/airflow/example_dags/example_nested_branch_dag.py
[2025-10-05T17:28:42.443+0000] {processor.py:753} INFO - DAG(s) dict_keys(['example_nested_branch_dag']) retrieved from /home/airflow/.local/lib/python3.7/site-packages/airflow/example_dags/example_nested_branch_dag.py
[2025-10-05T17:28:42.477+0000] {logging_mixin.py:137} INFO - [2025-10-05T17:28:42.476+0000] {dag.py:2690} INFO - Sync 1 DAGs
[2025-10-05T17:28:42.506+0000] {logging_mixin.py:137} INFO - [2025-10-05T17:28:42.505+0000] {dag.py:3441} INFO - Setting next_dagrun for example_nested_branch_dag to 2025-10-04T00:00:00+00:00, run_after=2025-10-05T00:00:00+00:00
[2025-10-05T17:28:42.536+0000] {processor.py:175} INFO - Processing /home/airflow/.local/lib/python3.7/site-packages/airflow/example_dags/example_nested_branch_dag.py took 0.127 seconds
[2025-10-05T17:29:13.610+0000] {processor.py:153} INFO - Started process (PID=1986) to work on /home/airflow/.local/lib/python3.7/site-packages/airflow/example_dags/example_nested_branch_dag.py
[2025-10-05T17:29:13.611+0000] {processor.py:743} INFO - Processing file /home/airflow/.local/lib/python3.7/site-packages/airflow/example_dags/example_nested_branch_dag.py for tasks to queue
[2025-10-05T17:29:13.612+0000] {logging_mixin.py:137} INFO - [2025-10-05T17:29:13.612+0000] {dagbag.py:538} INFO - Filling up the DagBag from /home/airflow/.local/lib/python3.7/site-packages/airflow/example_dags/example_nested_branch_dag.py
[2025-10-05T17:29:13.640+0000] {processor.py:753} INFO - DAG(s) dict_keys(['example_nested_branch_dag']) retrieved from /home/airflow/.local/lib/python3.7/site-packages/airflow/example_dags/example_nested_branch_dag.py
[2025-10-05T17:29:13.672+0000] {logging_mixin.py:137} INFO - [2025-10-05T17:29:13.672+0000] {dag.py:2690} INFO - Sync 1 DAGs
[2025-10-05T17:29:13.701+0000] {logging_mixin.py:137} INFO - [2025-10-05T17:29:13.701+0000] {dag.py:3441} INFO - Setting next_dagrun for example_nested_branch_dag to 2025-10-04T00:00:00+00:00, run_after=2025-10-05T00:00:00+00:00
[2025-10-05T17:29:13.727+0000] {processor.py:175} INFO - Processing /home/airflow/.local/lib/python3.7/site-packages/airflow/example_dags/example_nested_branch_dag.py took 0.122 seconds
[2025-10-05T17:29:44.254+0000] {processor.py:153} INFO - Started process (PID=2075) to work on /home/airflow/.local/lib/python3.7/site-packages/airflow/example_dags/example_nested_branch_dag.py
[2025-10-05T17:29:44.255+0000] {processor.py:743} INFO - Processing file /home/airflow/.local/lib/python3.7/site-packages/airflow/example_dags/example_nested_branch_dag.py for tasks to queue
[2025-10-05T17:29:44.257+0000] {logging_mixin.py:137} INFO - [2025-10-05T17:29:44.256+0000] {dagbag.py:538} INFO - Filling up the DagBag from /home/airflow/.local/lib/python3.7/site-packages/airflow/example_dags/example_nested_branch_dag.py
[2025-10-05T17:29:44.281+0000] {processor.py:753} INFO - DAG(s) dict_keys(['example_nested_branch_dag']) retrieved from /home/airflow/.local/lib/python3.7/site-packages/airflow/example_dags/example_nested_branch_dag.py
[2025-10-05T17:29:44.313+0000] {logging_mixin.py:137} INFO - [2025-10-05T17:29:44.312+0000] {dag.py:2690} INFO - Sync 1 DAGs
[2025-10-05T17:29:44.342+0000] {logging_mixin.py:137} INFO - [2025-10-05T17:29:44.342+0000] {dag.py:3441} INFO - Setting next_dagrun for example_nested_branch_dag to 2025-10-04T00:00:00+00:00, run_after=2025-10-05T00:00:00+00:00
[2025-10-05T17:29:44.365+0000] {processor.py:175} INFO - Processing /home/airflow/.local/lib/python3.7/site-packages/airflow/example_dags/example_nested_branch_dag.py took 0.115 seconds
[2025-10-05T17:30:14.646+0000] {processor.py:153} INFO - Started process (PID=2189) to work on /home/airflow/.local/lib/python3.7/site-packages/airflow/example_dags/example_nested_branch_dag.py
[2025-10-05T17:30:14.647+0000] {processor.py:743} INFO - Processing file /home/airflow/.local/lib/python3.7/site-packages/airflow/example_dags/example_nested_branch_dag.py for tasks to queue
[2025-10-05T17:30:14.649+0000] {logging_mixin.py:137} INFO - [2025-10-05T17:30:14.649+0000] {dagbag.py:538} INFO - Filling up the DagBag from /home/airflow/.local/lib/python3.7/site-packages/airflow/example_dags/example_nested_branch_dag.py
[2025-10-05T17:30:14.677+0000] {processor.py:753} INFO - DAG(s) dict_keys(['example_nested_branch_dag']) retrieved from /home/airflow/.local/lib/python3.7/site-packages/airflow/example_dags/example_nested_branch_dag.py
[2025-10-05T17:30:14.711+0000] {logging_mixin.py:137} INFO - [2025-10-05T17:30:14.710+0000] {dag.py:2690} INFO - Sync 1 DAGs
[2025-10-05T17:30:14.741+0000] {logging_mixin.py:137} INFO - [2025-10-05T17:30:14.740+0000] {dag.py:3441} INFO - Setting next_dagrun for example_nested_branch_dag to 2025-10-04T00:00:00+00:00, run_after=2025-10-05T00:00:00+00:00
[2025-10-05T17:30:14.768+0000] {processor.py:175} INFO - Processing /home/airflow/.local/lib/python3.7/site-packages/airflow/example_dags/example_nested_branch_dag.py took 0.127 seconds
[2025-10-05T17:30:45.127+0000] {processor.py:153} INFO - Started process (PID=2277) to work on /home/airflow/.local/lib/python3.7/site-packages/airflow/example_dags/example_nested_branch_dag.py
[2025-10-05T17:30:45.129+0000] {processor.py:743} INFO - Processing file /home/airflow/.local/lib/python3.7/site-packages/airflow/example_dags/example_nested_branch_dag.py for tasks to queue
[2025-10-05T17:30:45.130+0000] {logging_mixin.py:137} INFO - [2025-10-05T17:30:45.130+0000] {dagbag.py:538} INFO - Filling up the DagBag from /home/airflow/.local/lib/python3.7/site-packages/airflow/example_dags/example_nested_branch_dag.py
[2025-10-05T17:30:45.157+0000] {processor.py:753} INFO - DAG(s) dict_keys(['example_nested_branch_dag']) retrieved from /home/airflow/.local/lib/python3.7/site-packages/airflow/example_dags/example_nested_branch_dag.py
[2025-10-05T17:30:45.189+0000] {logging_mixin.py:137} INFO - [2025-10-05T17:30:45.188+0000] {dag.py:2690} INFO - Sync 1 DAGs
[2025-10-05T17:30:45.216+0000] {logging_mixin.py:137} INFO - [2025-10-05T17:30:45.216+0000] {dag.py:3441} INFO - Setting next_dagrun for example_nested_branch_dag to 2025-10-04T00:00:00+00:00, run_after=2025-10-05T00:00:00+00:00
[2025-10-05T17:30:45.240+0000] {processor.py:175} INFO - Processing /home/airflow/.local/lib/python3.7/site-packages/airflow/example_dags/example_nested_branch_dag.py took 0.116 seconds
[2025-10-05T17:31:16.118+0000] {processor.py:153} INFO - Started process (PID=2391) to work on /home/airflow/.local/lib/python3.7/site-packages/airflow/example_dags/example_nested_branch_dag.py
[2025-10-05T17:31:16.120+0000] {processor.py:743} INFO - Processing file /home/airflow/.local/lib/python3.7/site-packages/airflow/example_dags/example_nested_branch_dag.py for tasks to queue
[2025-10-05T17:31:16.121+0000] {logging_mixin.py:137} INFO - [2025-10-05T17:31:16.121+0000] {dagbag.py:538} INFO - Filling up the DagBag from /home/airflow/.local/lib/python3.7/site-packages/airflow/example_dags/example_nested_branch_dag.py
[2025-10-05T17:31:16.155+0000] {processor.py:753} INFO - DAG(s) dict_keys(['example_nested_branch_dag']) retrieved from /home/airflow/.local/lib/python3.7/site-packages/airflow/example_dags/example_nested_branch_dag.py
[2025-10-05T17:31:16.197+0000] {logging_mixin.py:137} INFO - [2025-10-05T17:31:16.197+0000] {dag.py:2690} INFO - Sync 1 DAGs
[2025-10-05T17:31:16.235+0000] {logging_mixin.py:137} INFO - [2025-10-05T17:31:16.235+0000] {dag.py:3441} INFO - Setting next_dagrun for example_nested_branch_dag to 2025-10-04T00:00:00+00:00, run_after=2025-10-05T00:00:00+00:00
[2025-10-05T17:31:16.262+0000] {processor.py:175} INFO - Processing /home/airflow/.local/lib/python3.7/site-packages/airflow/example_dags/example_nested_branch_dag.py took 0.149 seconds
[2025-10-05T17:31:47.300+0000] {processor.py:153} INFO - Started process (PID=2482) to work on /home/airflow/.local/lib/python3.7/site-packages/airflow/example_dags/example_nested_branch_dag.py
[2025-10-05T17:31:47.301+0000] {processor.py:743} INFO - Processing file /home/airflow/.local/lib/python3.7/site-packages/airflow/example_dags/example_nested_branch_dag.py for tasks to queue
[2025-10-05T17:31:47.303+0000] {logging_mixin.py:137} INFO - [2025-10-05T17:31:47.302+0000] {dagbag.py:538} INFO - Filling up the DagBag from /home/airflow/.local/lib/python3.7/site-packages/airflow/example_dags/example_nested_branch_dag.py
[2025-10-05T17:31:47.332+0000] {processor.py:753} INFO - DAG(s) dict_keys(['example_nested_branch_dag']) retrieved from /home/airflow/.local/lib/python3.7/site-packages/airflow/example_dags/example_nested_branch_dag.py
[2025-10-05T17:31:47.371+0000] {logging_mixin.py:137} INFO - [2025-10-05T17:31:47.371+0000] {dag.py:2690} INFO - Sync 1 DAGs
[2025-10-05T17:31:47.405+0000] {logging_mixin.py:137} INFO - [2025-10-05T17:31:47.404+0000] {dag.py:3441} INFO - Setting next_dagrun for example_nested_branch_dag to 2025-10-04T00:00:00+00:00, run_after=2025-10-05T00:00:00+00:00
[2025-10-05T17:31:47.433+0000] {processor.py:175} INFO - Processing /home/airflow/.local/lib/python3.7/site-packages/airflow/example_dags/example_nested_branch_dag.py took 0.138 seconds
[2025-10-05T17:32:17.620+0000] {processor.py:153} INFO - Started process (PID=2578) to work on /home/airflow/.local/lib/python3.7/site-packages/airflow/example_dags/example_nested_branch_dag.py
[2025-10-05T17:32:17.622+0000] {processor.py:743} INFO - Processing file /home/airflow/.local/lib/python3.7/site-packages/airflow/example_dags/example_nested_branch_dag.py for tasks to queue
[2025-10-05T17:32:17.624+0000] {logging_mixin.py:137} INFO - [2025-10-05T17:32:17.624+0000] {dagbag.py:538} INFO - Filling up the DagBag from /home/airflow/.local/lib/python3.7/site-packages/airflow/example_dags/example_nested_branch_dag.py
[2025-10-05T17:32:17.667+0000] {processor.py:753} INFO - DAG(s) dict_keys(['example_nested_branch_dag']) retrieved from /home/airflow/.local/lib/python3.7/site-packages/airflow/example_dags/example_nested_branch_dag.py
[2025-10-05T17:32:17.709+0000] {logging_mixin.py:137} INFO - [2025-10-05T17:32:17.709+0000] {dag.py:2690} INFO - Sync 1 DAGs
[2025-10-05T17:32:17.745+0000] {logging_mixin.py:137} INFO - [2025-10-05T17:32:17.745+0000] {dag.py:3441} INFO - Setting next_dagrun for example_nested_branch_dag to 2025-10-04T00:00:00+00:00, run_after=2025-10-05T00:00:00+00:00
[2025-10-05T17:32:17.796+0000] {processor.py:175} INFO - Processing /home/airflow/.local/lib/python3.7/site-packages/airflow/example_dags/example_nested_branch_dag.py took 0.182 seconds
[2025-10-05T17:32:48.517+0000] {processor.py:153} INFO - Started process (PID=2682) to work on /home/airflow/.local/lib/python3.7/site-packages/airflow/example_dags/example_nested_branch_dag.py
[2025-10-05T17:32:48.518+0000] {processor.py:743} INFO - Processing file /home/airflow/.local/lib/python3.7/site-packages/airflow/example_dags/example_nested_branch_dag.py for tasks to queue
[2025-10-05T17:32:48.519+0000] {logging_mixin.py:137} INFO - [2025-10-05T17:32:48.519+0000] {dagbag.py:538} INFO - Filling up the DagBag from /home/airflow/.local/lib/python3.7/site-packages/airflow/example_dags/example_nested_branch_dag.py
[2025-10-05T17:32:48.545+0000] {processor.py:753} INFO - DAG(s) dict_keys(['example_nested_branch_dag']) retrieved from /home/airflow/.local/lib/python3.7/site-packages/airflow/example_dags/example_nested_branch_dag.py
[2025-10-05T17:32:48.576+0000] {logging_mixin.py:137} INFO - [2025-10-05T17:32:48.575+0000] {dag.py:2690} INFO - Sync 1 DAGs
[2025-10-05T17:32:48.606+0000] {logging_mixin.py:137} INFO - [2025-10-05T17:32:48.606+0000] {dag.py:3441} INFO - Setting next_dagrun for example_nested_branch_dag to 2025-10-04T00:00:00+00:00, run_after=2025-10-05T00:00:00+00:00
[2025-10-05T17:32:48.630+0000] {processor.py:175} INFO - Processing /home/airflow/.local/lib/python3.7/site-packages/airflow/example_dags/example_nested_branch_dag.py took 0.118 seconds
[2025-10-05T17:33:19.425+0000] {processor.py:153} INFO - Started process (PID=2771) to work on /home/airflow/.local/lib/python3.7/site-packages/airflow/example_dags/example_nested_branch_dag.py
[2025-10-05T17:33:19.427+0000] {processor.py:743} INFO - Processing file /home/airflow/.local/lib/python3.7/site-packages/airflow/example_dags/example_nested_branch_dag.py for tasks to queue
[2025-10-05T17:33:19.430+0000] {logging_mixin.py:137} INFO - [2025-10-05T17:33:19.429+0000] {dagbag.py:538} INFO - Filling up the DagBag from /home/airflow/.local/lib/python3.7/site-packages/airflow/example_dags/example_nested_branch_dag.py
[2025-10-05T17:33:19.486+0000] {processor.py:753} INFO - DAG(s) dict_keys(['example_nested_branch_dag']) retrieved from /home/airflow/.local/lib/python3.7/site-packages/airflow/example_dags/example_nested_branch_dag.py
[2025-10-05T17:33:19.546+0000] {logging_mixin.py:137} INFO - [2025-10-05T17:33:19.545+0000] {dag.py:2690} INFO - Sync 1 DAGs
[2025-10-05T17:33:19.597+0000] {logging_mixin.py:137} INFO - [2025-10-05T17:33:19.597+0000] {dag.py:3441} INFO - Setting next_dagrun for example_nested_branch_dag to 2025-10-04T00:00:00+00:00, run_after=2025-10-05T00:00:00+00:00
[2025-10-05T17:33:19.644+0000] {processor.py:175} INFO - Processing /home/airflow/.local/lib/python3.7/site-packages/airflow/example_dags/example_nested_branch_dag.py took 0.227 seconds
[2025-10-05T17:33:50.016+0000] {processor.py:153} INFO - Started process (PID=2883) to work on /home/airflow/.local/lib/python3.7/site-packages/airflow/example_dags/example_nested_branch_dag.py
[2025-10-05T17:33:50.017+0000] {processor.py:743} INFO - Processing file /home/airflow/.local/lib/python3.7/site-packages/airflow/example_dags/example_nested_branch_dag.py for tasks to queue
[2025-10-05T17:33:50.018+0000] {logging_mixin.py:137} INFO - [2025-10-05T17:33:50.018+0000] {dagbag.py:538} INFO - Filling up the DagBag from /home/airflow/.local/lib/python3.7/site-packages/airflow/example_dags/example_nested_branch_dag.py
[2025-10-05T17:33:50.050+0000] {processor.py:753} INFO - DAG(s) dict_keys(['example_nested_branch_dag']) retrieved from /home/airflow/.local/lib/python3.7/site-packages/airflow/example_dags/example_nested_branch_dag.py
[2025-10-05T17:33:50.086+0000] {logging_mixin.py:137} INFO - [2025-10-05T17:33:50.086+0000] {dag.py:2690} INFO - Sync 1 DAGs
[2025-10-05T17:33:50.116+0000] {logging_mixin.py:137} INFO - [2025-10-05T17:33:50.116+0000] {dag.py:3441} INFO - Setting next_dagrun for example_nested_branch_dag to 2025-10-04T00:00:00+00:00, run_after=2025-10-05T00:00:00+00:00
[2025-10-05T17:33:50.143+0000] {processor.py:175} INFO - Processing /home/airflow/.local/lib/python3.7/site-packages/airflow/example_dags/example_nested_branch_dag.py took 0.131 seconds
[2025-10-05T17:34:20.198+0000] {processor.py:153} INFO - Started process (PID=2972) to work on /home/airflow/.local/lib/python3.7/site-packages/airflow/example_dags/example_nested_branch_dag.py
[2025-10-05T17:34:20.200+0000] {processor.py:743} INFO - Processing file /home/airflow/.local/lib/python3.7/site-packages/airflow/example_dags/example_nested_branch_dag.py for tasks to queue
[2025-10-05T17:34:20.201+0000] {logging_mixin.py:137} INFO - [2025-10-05T17:34:20.201+0000] {dagbag.py:538} INFO - Filling up the DagBag from /home/airflow/.local/lib/python3.7/site-packages/airflow/example_dags/example_nested_branch_dag.py
[2025-10-05T17:34:20.230+0000] {processor.py:753} INFO - DAG(s) dict_keys(['example_nested_branch_dag']) retrieved from /home/airflow/.local/lib/python3.7/site-packages/airflow/example_dags/example_nested_branch_dag.py
[2025-10-05T17:34:20.261+0000] {logging_mixin.py:137} INFO - [2025-10-05T17:34:20.261+0000] {dag.py:2690} INFO - Sync 1 DAGs
[2025-10-05T17:34:20.292+0000] {logging_mixin.py:137} INFO - [2025-10-05T17:34:20.292+0000] {dag.py:3441} INFO - Setting next_dagrun for example_nested_branch_dag to 2025-10-04T00:00:00+00:00, run_after=2025-10-05T00:00:00+00:00
[2025-10-05T17:34:20.315+0000] {processor.py:175} INFO - Processing /home/airflow/.local/lib/python3.7/site-packages/airflow/example_dags/example_nested_branch_dag.py took 0.123 seconds
[2025-10-05T17:34:50.990+0000] {processor.py:153} INFO - Started process (PID=3061) to work on /home/airflow/.local/lib/python3.7/site-packages/airflow/example_dags/example_nested_branch_dag.py
[2025-10-05T17:34:50.991+0000] {processor.py:743} INFO - Processing file /home/airflow/.local/lib/python3.7/site-packages/airflow/example_dags/example_nested_branch_dag.py for tasks to queue
[2025-10-05T17:34:50.993+0000] {logging_mixin.py:137} INFO - [2025-10-05T17:34:50.993+0000] {dagbag.py:538} INFO - Filling up the DagBag from /home/airflow/.local/lib/python3.7/site-packages/airflow/example_dags/example_nested_branch_dag.py
[2025-10-05T17:34:51.021+0000] {processor.py:753} INFO - DAG(s) dict_keys(['example_nested_branch_dag']) retrieved from /home/airflow/.local/lib/python3.7/site-packages/airflow/example_dags/example_nested_branch_dag.py
[2025-10-05T17:34:51.053+0000] {logging_mixin.py:137} INFO - [2025-10-05T17:34:51.053+0000] {dag.py:2690} INFO - Sync 1 DAGs
[2025-10-05T17:34:51.081+0000] {logging_mixin.py:137} INFO - [2025-10-05T17:34:51.081+0000] {dag.py:3441} INFO - Setting next_dagrun for example_nested_branch_dag to 2025-10-04T00:00:00+00:00, run_after=2025-10-05T00:00:00+00:00
[2025-10-05T17:34:51.105+0000] {processor.py:175} INFO - Processing /home/airflow/.local/lib/python3.7/site-packages/airflow/example_dags/example_nested_branch_dag.py took 0.120 seconds
[2025-10-05T17:35:21.475+0000] {processor.py:153} INFO - Started process (PID=3174) to work on /home/airflow/.local/lib/python3.7/site-packages/airflow/example_dags/example_nested_branch_dag.py
[2025-10-05T17:35:21.476+0000] {processor.py:743} INFO - Processing file /home/airflow/.local/lib/python3.7/site-packages/airflow/example_dags/example_nested_branch_dag.py for tasks to queue
[2025-10-05T17:35:21.477+0000] {logging_mixin.py:137} INFO - [2025-10-05T17:35:21.477+0000] {dagbag.py:538} INFO - Filling up the DagBag from /home/airflow/.local/lib/python3.7/site-packages/airflow/example_dags/example_nested_branch_dag.py
[2025-10-05T17:35:21.506+0000] {processor.py:753} INFO - DAG(s) dict_keys(['example_nested_branch_dag']) retrieved from /home/airflow/.local/lib/python3.7/site-packages/airflow/example_dags/example_nested_branch_dag.py
[2025-10-05T17:35:21.540+0000] {logging_mixin.py:137} INFO - [2025-10-05T17:35:21.540+0000] {dag.py:2690} INFO - Sync 1 DAGs
[2025-10-05T17:35:21.573+0000] {logging_mixin.py:137} INFO - [2025-10-05T17:35:21.573+0000] {dag.py:3441} INFO - Setting next_dagrun for example_nested_branch_dag to 2025-10-04T00:00:00+00:00, run_after=2025-10-05T00:00:00+00:00
[2025-10-05T17:35:21.598+0000] {processor.py:175} INFO - Processing /home/airflow/.local/lib/python3.7/site-packages/airflow/example_dags/example_nested_branch_dag.py took 0.127 seconds
[2025-10-05T17:35:52.017+0000] {processor.py:153} INFO - Started process (PID=3263) to work on /home/airflow/.local/lib/python3.7/site-packages/airflow/example_dags/example_nested_branch_dag.py
[2025-10-05T17:35:52.021+0000] {processor.py:743} INFO - Processing file /home/airflow/.local/lib/python3.7/site-packages/airflow/example_dags/example_nested_branch_dag.py for tasks to queue
[2025-10-05T17:35:52.023+0000] {logging_mixin.py:137} INFO - [2025-10-05T17:35:52.022+0000] {dagbag.py:538} INFO - Filling up the DagBag from /home/airflow/.local/lib/python3.7/site-packages/airflow/example_dags/example_nested_branch_dag.py
[2025-10-05T17:35:52.063+0000] {processor.py:753} INFO - DAG(s) dict_keys(['example_nested_branch_dag']) retrieved from /home/airflow/.local/lib/python3.7/site-packages/airflow/example_dags/example_nested_branch_dag.py
[2025-10-05T17:35:52.101+0000] {logging_mixin.py:137} INFO - [2025-10-05T17:35:52.100+0000] {dag.py:2690} INFO - Sync 1 DAGs
[2025-10-05T17:35:52.134+0000] {logging_mixin.py:137} INFO - [2025-10-05T17:35:52.134+0000] {dag.py:3441} INFO - Setting next_dagrun for example_nested_branch_dag to 2025-10-04T00:00:00+00:00, run_after=2025-10-05T00:00:00+00:00
[2025-10-05T17:35:52.161+0000] {processor.py:175} INFO - Processing /home/airflow/.local/lib/python3.7/site-packages/airflow/example_dags/example_nested_branch_dag.py took 0.150 seconds
[2025-10-05T17:36:22.736+0000] {processor.py:153} INFO - Started process (PID=3376) to work on /home/airflow/.local/lib/python3.7/site-packages/airflow/example_dags/example_nested_branch_dag.py
[2025-10-05T17:36:22.737+0000] {processor.py:743} INFO - Processing file /home/airflow/.local/lib/python3.7/site-packages/airflow/example_dags/example_nested_branch_dag.py for tasks to queue
[2025-10-05T17:36:22.740+0000] {logging_mixin.py:137} INFO - [2025-10-05T17:36:22.739+0000] {dagbag.py:538} INFO - Filling up the DagBag from /home/airflow/.local/lib/python3.7/site-packages/airflow/example_dags/example_nested_branch_dag.py
[2025-10-05T17:36:22.807+0000] {processor.py:753} INFO - DAG(s) dict_keys(['example_nested_branch_dag']) retrieved from /home/airflow/.local/lib/python3.7/site-packages/airflow/example_dags/example_nested_branch_dag.py
[2025-10-05T17:36:22.853+0000] {logging_mixin.py:137} INFO - [2025-10-05T17:36:22.853+0000] {dag.py:2690} INFO - Sync 1 DAGs
[2025-10-05T17:36:22.889+0000] {logging_mixin.py:137} INFO - [2025-10-05T17:36:22.889+0000] {dag.py:3441} INFO - Setting next_dagrun for example_nested_branch_dag to 2025-10-04T00:00:00+00:00, run_after=2025-10-05T00:00:00+00:00
[2025-10-05T17:36:22.924+0000] {processor.py:175} INFO - Processing /home/airflow/.local/lib/python3.7/site-packages/airflow/example_dags/example_nested_branch_dag.py took 0.197 seconds
[2025-10-05T17:36:53.682+0000] {processor.py:153} INFO - Started process (PID=3466) to work on /home/airflow/.local/lib/python3.7/site-packages/airflow/example_dags/example_nested_branch_dag.py
[2025-10-05T17:36:53.683+0000] {processor.py:743} INFO - Processing file /home/airflow/.local/lib/python3.7/site-packages/airflow/example_dags/example_nested_branch_dag.py for tasks to queue
[2025-10-05T17:36:53.684+0000] {logging_mixin.py:137} INFO - [2025-10-05T17:36:53.684+0000] {dagbag.py:538} INFO - Filling up the DagBag from /home/airflow/.local/lib/python3.7/site-packages/airflow/example_dags/example_nested_branch_dag.py
[2025-10-05T17:36:53.713+0000] {processor.py:753} INFO - DAG(s) dict_keys(['example_nested_branch_dag']) retrieved from /home/airflow/.local/lib/python3.7/site-packages/airflow/example_dags/example_nested_branch_dag.py
[2025-10-05T17:36:53.747+0000] {logging_mixin.py:137} INFO - [2025-10-05T17:36:53.747+0000] {dag.py:2690} INFO - Sync 1 DAGs
[2025-10-05T17:36:53.780+0000] {logging_mixin.py:137} INFO - [2025-10-05T17:36:53.780+0000] {dag.py:3441} INFO - Setting next_dagrun for example_nested_branch_dag to 2025-10-04T00:00:00+00:00, run_after=2025-10-05T00:00:00+00:00
[2025-10-05T17:36:53.812+0000] {processor.py:175} INFO - Processing /home/airflow/.local/lib/python3.7/site-packages/airflow/example_dags/example_nested_branch_dag.py took 0.135 seconds
