[2025-10-05T17:19:24.785+0000] {processor.py:153} INFO - Started process (PID=76) to work on /home/airflow/.local/lib/python3.7/site-packages/airflow/example_dags/example_branch_day_of_week_operator.py
[2025-10-05T17:19:24.788+0000] {processor.py:743} INFO - Processing file /home/airflow/.local/lib/python3.7/site-packages/airflow/example_dags/example_branch_day_of_week_operator.py for tasks to queue
[2025-10-05T17:19:24.790+0000] {logging_mixin.py:137} INFO - [2025-10-05T17:19:24.790+0000] {dagbag.py:538} INFO - Filling up the DagBag from /home/airflow/.local/lib/python3.7/site-packages/airflow/example_dags/example_branch_day_of_week_operator.py
[2025-10-05T17:19:24.820+0000] {processor.py:753} INFO - DAG(s) dict_keys(['example_weekday_branch_operator']) retrieved from /home/airflow/.local/lib/python3.7/site-packages/airflow/example_dags/example_branch_day_of_week_operator.py
[2025-10-05T17:19:24.847+0000] {logging_mixin.py:137} INFO - [2025-10-05T17:19:24.846+0000] {dag.py:2690} INFO - Sync 1 DAGs
[2025-10-05T17:19:24.895+0000] {logging_mixin.py:137} INFO - [2025-10-05T17:19:24.895+0000] {dag.py:3441} INFO - Setting next_dagrun for example_weekday_branch_operator to 2025-10-04T00:00:00+00:00, run_after=2025-10-05T00:00:00+00:00
[2025-10-05T17:19:24.930+0000] {processor.py:175} INFO - Processing /home/airflow/.local/lib/python3.7/site-packages/airflow/example_dags/example_branch_day_of_week_operator.py took 0.152 seconds
[2025-10-05T17:19:55.175+0000] {processor.py:153} INFO - Started process (PID=163) to work on /home/airflow/.local/lib/python3.7/site-packages/airflow/example_dags/example_branch_day_of_week_operator.py
[2025-10-05T17:19:55.177+0000] {processor.py:743} INFO - Processing file /home/airflow/.local/lib/python3.7/site-packages/airflow/example_dags/example_branch_day_of_week_operator.py for tasks to queue
[2025-10-05T17:19:55.178+0000] {logging_mixin.py:137} INFO - [2025-10-05T17:19:55.178+0000] {dagbag.py:538} INFO - Filling up the DagBag from /home/airflow/.local/lib/python3.7/site-packages/airflow/example_dags/example_branch_day_of_week_operator.py
[2025-10-05T17:19:55.200+0000] {processor.py:753} INFO - DAG(s) dict_keys(['example_weekday_branch_operator']) retrieved from /home/airflow/.local/lib/python3.7/site-packages/airflow/example_dags/example_branch_day_of_week_operator.py
[2025-10-05T17:19:55.232+0000] {logging_mixin.py:137} INFO - [2025-10-05T17:19:55.232+0000] {dag.py:2690} INFO - Sync 1 DAGs
[2025-10-05T17:19:55.264+0000] {logging_mixin.py:137} INFO - [2025-10-05T17:19:55.264+0000] {dag.py:3441} INFO - Setting next_dagrun for example_weekday_branch_operator to 2025-10-04T00:00:00+00:00, run_after=2025-10-05T00:00:00+00:00
[2025-10-05T17:19:55.290+0000] {processor.py:175} INFO - Processing /home/airflow/.local/lib/python3.7/site-packages/airflow/example_dags/example_branch_day_of_week_operator.py took 0.120 seconds
[2025-10-05T17:20:25.775+0000] {processor.py:153} INFO - Started process (PID=261) to work on /home/airflow/.local/lib/python3.7/site-packages/airflow/example_dags/example_branch_day_of_week_operator.py
[2025-10-05T17:20:25.777+0000] {processor.py:743} INFO - Processing file /home/airflow/.local/lib/python3.7/site-packages/airflow/example_dags/example_branch_day_of_week_operator.py for tasks to queue
[2025-10-05T17:20:25.778+0000] {logging_mixin.py:137} INFO - [2025-10-05T17:20:25.778+0000] {dagbag.py:538} INFO - Filling up the DagBag from /home/airflow/.local/lib/python3.7/site-packages/airflow/example_dags/example_branch_day_of_week_operator.py
[2025-10-05T17:20:25.806+0000] {processor.py:753} INFO - DAG(s) dict_keys(['example_weekday_branch_operator']) retrieved from /home/airflow/.local/lib/python3.7/site-packages/airflow/example_dags/example_branch_day_of_week_operator.py
[2025-10-05T17:20:25.856+0000] {logging_mixin.py:137} INFO - [2025-10-05T17:20:25.856+0000] {dag.py:2690} INFO - Sync 1 DAGs
[2025-10-05T17:20:25.898+0000] {logging_mixin.py:137} INFO - [2025-10-05T17:20:25.897+0000] {dag.py:3441} INFO - Setting next_dagrun for example_weekday_branch_operator to 2025-10-04T00:00:00+00:00, run_after=2025-10-05T00:00:00+00:00
[2025-10-05T17:20:25.943+0000] {processor.py:175} INFO - Processing /home/airflow/.local/lib/python3.7/site-packages/airflow/example_dags/example_branch_day_of_week_operator.py took 0.175 seconds
[2025-10-05T17:20:56.278+0000] {processor.py:153} INFO - Started process (PID=365) to work on /home/airflow/.local/lib/python3.7/site-packages/airflow/example_dags/example_branch_day_of_week_operator.py
[2025-10-05T17:20:56.280+0000] {processor.py:743} INFO - Processing file /home/airflow/.local/lib/python3.7/site-packages/airflow/example_dags/example_branch_day_of_week_operator.py for tasks to queue
[2025-10-05T17:20:56.281+0000] {logging_mixin.py:137} INFO - [2025-10-05T17:20:56.281+0000] {dagbag.py:538} INFO - Filling up the DagBag from /home/airflow/.local/lib/python3.7/site-packages/airflow/example_dags/example_branch_day_of_week_operator.py
[2025-10-05T17:20:56.303+0000] {processor.py:753} INFO - DAG(s) dict_keys(['example_weekday_branch_operator']) retrieved from /home/airflow/.local/lib/python3.7/site-packages/airflow/example_dags/example_branch_day_of_week_operator.py
[2025-10-05T17:20:56.342+0000] {logging_mixin.py:137} INFO - [2025-10-05T17:20:56.341+0000] {dag.py:2690} INFO - Sync 1 DAGs
[2025-10-05T17:20:56.377+0000] {logging_mixin.py:137} INFO - [2025-10-05T17:20:56.377+0000] {dag.py:3441} INFO - Setting next_dagrun for example_weekday_branch_operator to 2025-10-04T00:00:00+00:00, run_after=2025-10-05T00:00:00+00:00
[2025-10-05T17:20:56.405+0000] {processor.py:175} INFO - Processing /home/airflow/.local/lib/python3.7/site-packages/airflow/example_dags/example_branch_day_of_week_operator.py took 0.131 seconds
[2025-10-05T17:21:27.441+0000] {processor.py:153} INFO - Started process (PID=454) to work on /home/airflow/.local/lib/python3.7/site-packages/airflow/example_dags/example_branch_day_of_week_operator.py
[2025-10-05T17:21:27.443+0000] {processor.py:743} INFO - Processing file /home/airflow/.local/lib/python3.7/site-packages/airflow/example_dags/example_branch_day_of_week_operator.py for tasks to queue
[2025-10-05T17:21:27.445+0000] {logging_mixin.py:137} INFO - [2025-10-05T17:21:27.445+0000] {dagbag.py:538} INFO - Filling up the DagBag from /home/airflow/.local/lib/python3.7/site-packages/airflow/example_dags/example_branch_day_of_week_operator.py
[2025-10-05T17:21:27.470+0000] {processor.py:753} INFO - DAG(s) dict_keys(['example_weekday_branch_operator']) retrieved from /home/airflow/.local/lib/python3.7/site-packages/airflow/example_dags/example_branch_day_of_week_operator.py
[2025-10-05T17:21:27.519+0000] {logging_mixin.py:137} INFO - [2025-10-05T17:21:27.519+0000] {dag.py:2690} INFO - Sync 1 DAGs
[2025-10-05T17:21:27.564+0000] {logging_mixin.py:137} INFO - [2025-10-05T17:21:27.564+0000] {dag.py:3441} INFO - Setting next_dagrun for example_weekday_branch_operator to 2025-10-04T00:00:00+00:00, run_after=2025-10-05T00:00:00+00:00
[2025-10-05T17:21:27.599+0000] {processor.py:175} INFO - Processing /home/airflow/.local/lib/python3.7/site-packages/airflow/example_dags/example_branch_day_of_week_operator.py took 0.162 seconds
[2025-10-05T17:21:57.737+0000] {processor.py:153} INFO - Started process (PID=567) to work on /home/airflow/.local/lib/python3.7/site-packages/airflow/example_dags/example_branch_day_of_week_operator.py
[2025-10-05T17:21:57.739+0000] {processor.py:743} INFO - Processing file /home/airflow/.local/lib/python3.7/site-packages/airflow/example_dags/example_branch_day_of_week_operator.py for tasks to queue
[2025-10-05T17:21:57.740+0000] {logging_mixin.py:137} INFO - [2025-10-05T17:21:57.740+0000] {dagbag.py:538} INFO - Filling up the DagBag from /home/airflow/.local/lib/python3.7/site-packages/airflow/example_dags/example_branch_day_of_week_operator.py
[2025-10-05T17:21:57.757+0000] {processor.py:753} INFO - DAG(s) dict_keys(['example_weekday_branch_operator']) retrieved from /home/airflow/.local/lib/python3.7/site-packages/airflow/example_dags/example_branch_day_of_week_operator.py
[2025-10-05T17:21:57.790+0000] {logging_mixin.py:137} INFO - [2025-10-05T17:21:57.790+0000] {dag.py:2690} INFO - Sync 1 DAGs
[2025-10-05T17:21:57.820+0000] {logging_mixin.py:137} INFO - [2025-10-05T17:21:57.820+0000] {dag.py:3441} INFO - Setting next_dagrun for example_weekday_branch_operator to 2025-10-04T00:00:00+00:00, run_after=2025-10-05T00:00:00+00:00
[2025-10-05T17:21:57.853+0000] {processor.py:175} INFO - Processing /home/airflow/.local/lib/python3.7/site-packages/airflow/example_dags/example_branch_day_of_week_operator.py took 0.120 seconds
[2025-10-05T17:22:27.964+0000] {processor.py:153} INFO - Started process (PID=656) to work on /home/airflow/.local/lib/python3.7/site-packages/airflow/example_dags/example_branch_day_of_week_operator.py
[2025-10-05T17:22:27.966+0000] {processor.py:743} INFO - Processing file /home/airflow/.local/lib/python3.7/site-packages/airflow/example_dags/example_branch_day_of_week_operator.py for tasks to queue
[2025-10-05T17:22:27.967+0000] {logging_mixin.py:137} INFO - [2025-10-05T17:22:27.967+0000] {dagbag.py:538} INFO - Filling up the DagBag from /home/airflow/.local/lib/python3.7/site-packages/airflow/example_dags/example_branch_day_of_week_operator.py
[2025-10-05T17:22:27.985+0000] {processor.py:753} INFO - DAG(s) dict_keys(['example_weekday_branch_operator']) retrieved from /home/airflow/.local/lib/python3.7/site-packages/airflow/example_dags/example_branch_day_of_week_operator.py
[2025-10-05T17:22:28.019+0000] {logging_mixin.py:137} INFO - [2025-10-05T17:22:28.018+0000] {dag.py:2690} INFO - Sync 1 DAGs
[2025-10-05T17:22:28.048+0000] {logging_mixin.py:137} INFO - [2025-10-05T17:22:28.048+0000] {dag.py:3441} INFO - Setting next_dagrun for example_weekday_branch_operator to 2025-10-04T00:00:00+00:00, run_after=2025-10-05T00:00:00+00:00
[2025-10-05T17:22:28.077+0000] {processor.py:175} INFO - Processing /home/airflow/.local/lib/python3.7/site-packages/airflow/example_dags/example_branch_day_of_week_operator.py took 0.117 seconds
[2025-10-05T17:22:58.457+0000] {processor.py:153} INFO - Started process (PID=754) to work on /home/airflow/.local/lib/python3.7/site-packages/airflow/example_dags/example_branch_day_of_week_operator.py
[2025-10-05T17:22:58.459+0000] {processor.py:743} INFO - Processing file /home/airflow/.local/lib/python3.7/site-packages/airflow/example_dags/example_branch_day_of_week_operator.py for tasks to queue
[2025-10-05T17:22:58.460+0000] {logging_mixin.py:137} INFO - [2025-10-05T17:22:58.460+0000] {dagbag.py:538} INFO - Filling up the DagBag from /home/airflow/.local/lib/python3.7/site-packages/airflow/example_dags/example_branch_day_of_week_operator.py
[2025-10-05T17:22:58.482+0000] {processor.py:753} INFO - DAG(s) dict_keys(['example_weekday_branch_operator']) retrieved from /home/airflow/.local/lib/python3.7/site-packages/airflow/example_dags/example_branch_day_of_week_operator.py
[2025-10-05T17:22:58.525+0000] {logging_mixin.py:137} INFO - [2025-10-05T17:22:58.525+0000] {dag.py:2690} INFO - Sync 1 DAGs
[2025-10-05T17:22:58.570+0000] {logging_mixin.py:137} INFO - [2025-10-05T17:22:58.570+0000] {dag.py:3441} INFO - Setting next_dagrun for example_weekday_branch_operator to 2025-10-04T00:00:00+00:00, run_after=2025-10-05T00:00:00+00:00
[2025-10-05T17:22:58.611+0000] {processor.py:175} INFO - Processing /home/airflow/.local/lib/python3.7/site-packages/airflow/example_dags/example_branch_day_of_week_operator.py took 0.158 seconds
[2025-10-05T17:23:28.911+0000] {processor.py:153} INFO - Started process (PID=859) to work on /home/airflow/.local/lib/python3.7/site-packages/airflow/example_dags/example_branch_day_of_week_operator.py
[2025-10-05T17:23:28.913+0000] {processor.py:743} INFO - Processing file /home/airflow/.local/lib/python3.7/site-packages/airflow/example_dags/example_branch_day_of_week_operator.py for tasks to queue
[2025-10-05T17:23:28.914+0000] {logging_mixin.py:137} INFO - [2025-10-05T17:23:28.914+0000] {dagbag.py:538} INFO - Filling up the DagBag from /home/airflow/.local/lib/python3.7/site-packages/airflow/example_dags/example_branch_day_of_week_operator.py
[2025-10-05T17:23:28.931+0000] {processor.py:753} INFO - DAG(s) dict_keys(['example_weekday_branch_operator']) retrieved from /home/airflow/.local/lib/python3.7/site-packages/airflow/example_dags/example_branch_day_of_week_operator.py
[2025-10-05T17:23:28.964+0000] {logging_mixin.py:137} INFO - [2025-10-05T17:23:28.964+0000] {dag.py:2690} INFO - Sync 1 DAGs
[2025-10-05T17:23:28.994+0000] {logging_mixin.py:137} INFO - [2025-10-05T17:23:28.994+0000] {dag.py:3441} INFO - Setting next_dagrun for example_weekday_branch_operator to 2025-10-04T00:00:00+00:00, run_after=2025-10-05T00:00:00+00:00
[2025-10-05T17:23:29.022+0000] {processor.py:175} INFO - Processing /home/airflow/.local/lib/python3.7/site-packages/airflow/example_dags/example_branch_day_of_week_operator.py took 0.114 seconds
[2025-10-05T17:23:59.915+0000] {processor.py:153} INFO - Started process (PID=948) to work on /home/airflow/.local/lib/python3.7/site-packages/airflow/example_dags/example_branch_day_of_week_operator.py
[2025-10-05T17:23:59.917+0000] {processor.py:743} INFO - Processing file /home/airflow/.local/lib/python3.7/site-packages/airflow/example_dags/example_branch_day_of_week_operator.py for tasks to queue
[2025-10-05T17:23:59.918+0000] {logging_mixin.py:137} INFO - [2025-10-05T17:23:59.918+0000] {dagbag.py:538} INFO - Filling up the DagBag from /home/airflow/.local/lib/python3.7/site-packages/airflow/example_dags/example_branch_day_of_week_operator.py
[2025-10-05T17:23:59.935+0000] {processor.py:753} INFO - DAG(s) dict_keys(['example_weekday_branch_operator']) retrieved from /home/airflow/.local/lib/python3.7/site-packages/airflow/example_dags/example_branch_day_of_week_operator.py
[2025-10-05T17:23:59.968+0000] {logging_mixin.py:137} INFO - [2025-10-05T17:23:59.968+0000] {dag.py:2690} INFO - Sync 1 DAGs
[2025-10-05T17:23:59.998+0000] {logging_mixin.py:137} INFO - [2025-10-05T17:23:59.998+0000] {dag.py:3441} INFO - Setting next_dagrun for example_weekday_branch_operator to 2025-10-04T00:00:00+00:00, run_after=2025-10-05T00:00:00+00:00
[2025-10-05T17:24:00.027+0000] {processor.py:175} INFO - Processing /home/airflow/.local/lib/python3.7/site-packages/airflow/example_dags/example_branch_day_of_week_operator.py took 0.115 seconds
[2025-10-05T17:24:30.731+0000] {processor.py:153} INFO - Started process (PID=1061) to work on /home/airflow/.local/lib/python3.7/site-packages/airflow/example_dags/example_branch_day_of_week_operator.py
[2025-10-05T17:24:30.733+0000] {processor.py:743} INFO - Processing file /home/airflow/.local/lib/python3.7/site-packages/airflow/example_dags/example_branch_day_of_week_operator.py for tasks to queue
[2025-10-05T17:24:30.735+0000] {logging_mixin.py:137} INFO - [2025-10-05T17:24:30.734+0000] {dagbag.py:538} INFO - Filling up the DagBag from /home/airflow/.local/lib/python3.7/site-packages/airflow/example_dags/example_branch_day_of_week_operator.py
[2025-10-05T17:24:30.757+0000] {processor.py:753} INFO - DAG(s) dict_keys(['example_weekday_branch_operator']) retrieved from /home/airflow/.local/lib/python3.7/site-packages/airflow/example_dags/example_branch_day_of_week_operator.py
[2025-10-05T17:24:30.796+0000] {logging_mixin.py:137} INFO - [2025-10-05T17:24:30.795+0000] {dag.py:2690} INFO - Sync 1 DAGs
[2025-10-05T17:24:30.827+0000] {logging_mixin.py:137} INFO - [2025-10-05T17:24:30.827+0000] {dag.py:3441} INFO - Setting next_dagrun for example_weekday_branch_operator to 2025-10-04T00:00:00+00:00, run_after=2025-10-05T00:00:00+00:00
[2025-10-05T17:24:30.856+0000] {processor.py:175} INFO - Processing /home/airflow/.local/lib/python3.7/site-packages/airflow/example_dags/example_branch_day_of_week_operator.py took 0.129 seconds
[2025-10-05T17:25:01.004+0000] {processor.py:153} INFO - Started process (PID=1150) to work on /home/airflow/.local/lib/python3.7/site-packages/airflow/example_dags/example_branch_day_of_week_operator.py
[2025-10-05T17:25:01.006+0000] {processor.py:743} INFO - Processing file /home/airflow/.local/lib/python3.7/site-packages/airflow/example_dags/example_branch_day_of_week_operator.py for tasks to queue
[2025-10-05T17:25:01.007+0000] {logging_mixin.py:137} INFO - [2025-10-05T17:25:01.006+0000] {dagbag.py:538} INFO - Filling up the DagBag from /home/airflow/.local/lib/python3.7/site-packages/airflow/example_dags/example_branch_day_of_week_operator.py
[2025-10-05T17:25:01.023+0000] {processor.py:753} INFO - DAG(s) dict_keys(['example_weekday_branch_operator']) retrieved from /home/airflow/.local/lib/python3.7/site-packages/airflow/example_dags/example_branch_day_of_week_operator.py
[2025-10-05T17:25:01.055+0000] {logging_mixin.py:137} INFO - [2025-10-05T17:25:01.054+0000] {dag.py:2690} INFO - Sync 1 DAGs
[2025-10-05T17:25:01.084+0000] {logging_mixin.py:137} INFO - [2025-10-05T17:25:01.083+0000] {dag.py:3441} INFO - Setting next_dagrun for example_weekday_branch_operator to 2025-10-04T00:00:00+00:00, run_after=2025-10-05T00:00:00+00:00
[2025-10-05T17:25:01.106+0000] {processor.py:175} INFO - Processing /home/airflow/.local/lib/python3.7/site-packages/airflow/example_dags/example_branch_day_of_week_operator.py took 0.107 seconds
[2025-10-05T17:25:31.999+0000] {processor.py:153} INFO - Started process (PID=1263) to work on /home/airflow/.local/lib/python3.7/site-packages/airflow/example_dags/example_branch_day_of_week_operator.py
[2025-10-05T17:25:32.001+0000] {processor.py:743} INFO - Processing file /home/airflow/.local/lib/python3.7/site-packages/airflow/example_dags/example_branch_day_of_week_operator.py for tasks to queue
[2025-10-05T17:25:32.006+0000] {logging_mixin.py:137} INFO - [2025-10-05T17:25:32.005+0000] {dagbag.py:538} INFO - Filling up the DagBag from /home/airflow/.local/lib/python3.7/site-packages/airflow/example_dags/example_branch_day_of_week_operator.py
[2025-10-05T17:25:32.039+0000] {processor.py:753} INFO - DAG(s) dict_keys(['example_weekday_branch_operator']) retrieved from /home/airflow/.local/lib/python3.7/site-packages/airflow/example_dags/example_branch_day_of_week_operator.py
[2025-10-05T17:25:32.089+0000] {logging_mixin.py:137} INFO - [2025-10-05T17:25:32.089+0000] {dag.py:2690} INFO - Sync 1 DAGs
[2025-10-05T17:25:32.124+0000] {logging_mixin.py:137} INFO - [2025-10-05T17:25:32.124+0000] {dag.py:3441} INFO - Setting next_dagrun for example_weekday_branch_operator to 2025-10-04T00:00:00+00:00, run_after=2025-10-05T00:00:00+00:00
[2025-10-05T17:25:32.153+0000] {processor.py:175} INFO - Processing /home/airflow/.local/lib/python3.7/site-packages/airflow/example_dags/example_branch_day_of_week_operator.py took 0.159 seconds
[2025-10-05T17:26:02.744+0000] {processor.py:153} INFO - Started process (PID=1352) to work on /home/airflow/.local/lib/python3.7/site-packages/airflow/example_dags/example_branch_day_of_week_operator.py
[2025-10-05T17:26:02.745+0000] {processor.py:743} INFO - Processing file /home/airflow/.local/lib/python3.7/site-packages/airflow/example_dags/example_branch_day_of_week_operator.py for tasks to queue
[2025-10-05T17:26:02.747+0000] {logging_mixin.py:137} INFO - [2025-10-05T17:26:02.747+0000] {dagbag.py:538} INFO - Filling up the DagBag from /home/airflow/.local/lib/python3.7/site-packages/airflow/example_dags/example_branch_day_of_week_operator.py
[2025-10-05T17:26:02.765+0000] {processor.py:753} INFO - DAG(s) dict_keys(['example_weekday_branch_operator']) retrieved from /home/airflow/.local/lib/python3.7/site-packages/airflow/example_dags/example_branch_day_of_week_operator.py
[2025-10-05T17:26:02.795+0000] {logging_mixin.py:137} INFO - [2025-10-05T17:26:02.795+0000] {dag.py:2690} INFO - Sync 1 DAGs
[2025-10-05T17:26:02.824+0000] {logging_mixin.py:137} INFO - [2025-10-05T17:26:02.824+0000] {dag.py:3441} INFO - Setting next_dagrun for example_weekday_branch_operator to 2025-10-04T00:00:00+00:00, run_after=2025-10-05T00:00:00+00:00
[2025-10-05T17:26:02.847+0000] {processor.py:175} INFO - Processing /home/airflow/.local/lib/python3.7/site-packages/airflow/example_dags/example_branch_day_of_week_operator.py took 0.107 seconds
[2025-10-05T17:26:33.991+0000] {processor.py:153} INFO - Started process (PID=1450) to work on /home/airflow/.local/lib/python3.7/site-packages/airflow/example_dags/example_branch_day_of_week_operator.py
[2025-10-05T17:26:33.992+0000] {processor.py:743} INFO - Processing file /home/airflow/.local/lib/python3.7/site-packages/airflow/example_dags/example_branch_day_of_week_operator.py for tasks to queue
[2025-10-05T17:26:33.995+0000] {logging_mixin.py:137} INFO - [2025-10-05T17:26:33.994+0000] {dagbag.py:538} INFO - Filling up the DagBag from /home/airflow/.local/lib/python3.7/site-packages/airflow/example_dags/example_branch_day_of_week_operator.py
[2025-10-05T17:26:34.025+0000] {processor.py:753} INFO - DAG(s) dict_keys(['example_weekday_branch_operator']) retrieved from /home/airflow/.local/lib/python3.7/site-packages/airflow/example_dags/example_branch_day_of_week_operator.py
[2025-10-05T17:26:34.080+0000] {logging_mixin.py:137} INFO - [2025-10-05T17:26:34.080+0000] {dag.py:2690} INFO - Sync 1 DAGs
[2025-10-05T17:26:34.123+0000] {logging_mixin.py:137} INFO - [2025-10-05T17:26:34.123+0000] {dag.py:3441} INFO - Setting next_dagrun for example_weekday_branch_operator to 2025-10-04T00:00:00+00:00, run_after=2025-10-05T00:00:00+00:00
[2025-10-05T17:26:34.177+0000] {processor.py:175} INFO - Processing /home/airflow/.local/lib/python3.7/site-packages/airflow/example_dags/example_branch_day_of_week_operator.py took 0.194 seconds
[2025-10-05T17:27:04.725+0000] {processor.py:153} INFO - Started process (PID=1554) to work on /home/airflow/.local/lib/python3.7/site-packages/airflow/example_dags/example_branch_day_of_week_operator.py
[2025-10-05T17:27:04.726+0000] {processor.py:743} INFO - Processing file /home/airflow/.local/lib/python3.7/site-packages/airflow/example_dags/example_branch_day_of_week_operator.py for tasks to queue
[2025-10-05T17:27:04.728+0000] {logging_mixin.py:137} INFO - [2025-10-05T17:27:04.728+0000] {dagbag.py:538} INFO - Filling up the DagBag from /home/airflow/.local/lib/python3.7/site-packages/airflow/example_dags/example_branch_day_of_week_operator.py
[2025-10-05T17:27:04.748+0000] {processor.py:753} INFO - DAG(s) dict_keys(['example_weekday_branch_operator']) retrieved from /home/airflow/.local/lib/python3.7/site-packages/airflow/example_dags/example_branch_day_of_week_operator.py
[2025-10-05T17:27:04.798+0000] {logging_mixin.py:137} INFO - [2025-10-05T17:27:04.798+0000] {dag.py:2690} INFO - Sync 1 DAGs
[2025-10-05T17:27:04.843+0000] {logging_mixin.py:137} INFO - [2025-10-05T17:27:04.843+0000] {dag.py:3441} INFO - Setting next_dagrun for example_weekday_branch_operator to 2025-10-04T00:00:00+00:00, run_after=2025-10-05T00:00:00+00:00
[2025-10-05T17:27:04.886+0000] {processor.py:175} INFO - Processing /home/airflow/.local/lib/python3.7/site-packages/airflow/example_dags/example_branch_day_of_week_operator.py took 0.166 seconds
[2025-10-05T17:27:35.759+0000] {processor.py:153} INFO - Started process (PID=1643) to work on /home/airflow/.local/lib/python3.7/site-packages/airflow/example_dags/example_branch_day_of_week_operator.py
[2025-10-05T17:27:35.760+0000] {processor.py:743} INFO - Processing file /home/airflow/.local/lib/python3.7/site-packages/airflow/example_dags/example_branch_day_of_week_operator.py for tasks to queue
[2025-10-05T17:27:35.762+0000] {logging_mixin.py:137} INFO - [2025-10-05T17:27:35.761+0000] {dagbag.py:538} INFO - Filling up the DagBag from /home/airflow/.local/lib/python3.7/site-packages/airflow/example_dags/example_branch_day_of_week_operator.py
[2025-10-05T17:27:35.780+0000] {processor.py:753} INFO - DAG(s) dict_keys(['example_weekday_branch_operator']) retrieved from /home/airflow/.local/lib/python3.7/site-packages/airflow/example_dags/example_branch_day_of_week_operator.py
[2025-10-05T17:27:35.819+0000] {logging_mixin.py:137} INFO - [2025-10-05T17:27:35.819+0000] {dag.py:2690} INFO - Sync 1 DAGs
[2025-10-05T17:27:35.853+0000] {logging_mixin.py:137} INFO - [2025-10-05T17:27:35.852+0000] {dag.py:3441} INFO - Setting next_dagrun for example_weekday_branch_operator to 2025-10-04T00:00:00+00:00, run_after=2025-10-05T00:00:00+00:00
[2025-10-05T17:27:35.882+0000] {processor.py:175} INFO - Processing /home/airflow/.local/lib/python3.7/site-packages/airflow/example_dags/example_branch_day_of_week_operator.py took 0.127 seconds
[2025-10-05T17:28:06.958+0000] {processor.py:153} INFO - Started process (PID=1757) to work on /home/airflow/.local/lib/python3.7/site-packages/airflow/example_dags/example_branch_day_of_week_operator.py
[2025-10-05T17:28:06.960+0000] {processor.py:743} INFO - Processing file /home/airflow/.local/lib/python3.7/site-packages/airflow/example_dags/example_branch_day_of_week_operator.py for tasks to queue
[2025-10-05T17:28:06.962+0000] {logging_mixin.py:137} INFO - [2025-10-05T17:28:06.962+0000] {dagbag.py:538} INFO - Filling up the DagBag from /home/airflow/.local/lib/python3.7/site-packages/airflow/example_dags/example_branch_day_of_week_operator.py
[2025-10-05T17:28:06.980+0000] {processor.py:753} INFO - DAG(s) dict_keys(['example_weekday_branch_operator']) retrieved from /home/airflow/.local/lib/python3.7/site-packages/airflow/example_dags/example_branch_day_of_week_operator.py
[2025-10-05T17:28:07.014+0000] {logging_mixin.py:137} INFO - [2025-10-05T17:28:07.014+0000] {dag.py:2690} INFO - Sync 1 DAGs
[2025-10-05T17:28:07.046+0000] {logging_mixin.py:137} INFO - [2025-10-05T17:28:07.046+0000] {dag.py:3441} INFO - Setting next_dagrun for example_weekday_branch_operator to 2025-10-04T00:00:00+00:00, run_after=2025-10-05T00:00:00+00:00
[2025-10-05T17:28:07.074+0000] {processor.py:175} INFO - Processing /home/airflow/.local/lib/python3.7/site-packages/airflow/example_dags/example_branch_day_of_week_operator.py took 0.120 seconds
[2025-10-05T17:28:37.794+0000] {processor.py:153} INFO - Started process (PID=1846) to work on /home/airflow/.local/lib/python3.7/site-packages/airflow/example_dags/example_branch_day_of_week_operator.py
[2025-10-05T17:28:37.795+0000] {processor.py:743} INFO - Processing file /home/airflow/.local/lib/python3.7/site-packages/airflow/example_dags/example_branch_day_of_week_operator.py for tasks to queue
[2025-10-05T17:28:37.797+0000] {logging_mixin.py:137} INFO - [2025-10-05T17:28:37.796+0000] {dagbag.py:538} INFO - Filling up the DagBag from /home/airflow/.local/lib/python3.7/site-packages/airflow/example_dags/example_branch_day_of_week_operator.py
[2025-10-05T17:28:37.823+0000] {processor.py:753} INFO - DAG(s) dict_keys(['example_weekday_branch_operator']) retrieved from /home/airflow/.local/lib/python3.7/site-packages/airflow/example_dags/example_branch_day_of_week_operator.py
[2025-10-05T17:28:37.871+0000] {logging_mixin.py:137} INFO - [2025-10-05T17:28:37.871+0000] {dag.py:2690} INFO - Sync 1 DAGs
[2025-10-05T17:28:37.914+0000] {logging_mixin.py:137} INFO - [2025-10-05T17:28:37.914+0000] {dag.py:3441} INFO - Setting next_dagrun for example_weekday_branch_operator to 2025-10-04T00:00:00+00:00, run_after=2025-10-05T00:00:00+00:00
[2025-10-05T17:28:37.950+0000] {processor.py:175} INFO - Processing /home/airflow/.local/lib/python3.7/site-packages/airflow/example_dags/example_branch_day_of_week_operator.py took 0.162 seconds
[2025-10-05T17:29:08.761+0000] {processor.py:153} INFO - Started process (PID=1942) to work on /home/airflow/.local/lib/python3.7/site-packages/airflow/example_dags/example_branch_day_of_week_operator.py
[2025-10-05T17:29:08.763+0000] {processor.py:743} INFO - Processing file /home/airflow/.local/lib/python3.7/site-packages/airflow/example_dags/example_branch_day_of_week_operator.py for tasks to queue
[2025-10-05T17:29:08.764+0000] {logging_mixin.py:137} INFO - [2025-10-05T17:29:08.764+0000] {dagbag.py:538} INFO - Filling up the DagBag from /home/airflow/.local/lib/python3.7/site-packages/airflow/example_dags/example_branch_day_of_week_operator.py
[2025-10-05T17:29:08.785+0000] {processor.py:753} INFO - DAG(s) dict_keys(['example_weekday_branch_operator']) retrieved from /home/airflow/.local/lib/python3.7/site-packages/airflow/example_dags/example_branch_day_of_week_operator.py
[2025-10-05T17:29:08.819+0000] {logging_mixin.py:137} INFO - [2025-10-05T17:29:08.819+0000] {dag.py:2690} INFO - Sync 1 DAGs
[2025-10-05T17:29:08.852+0000] {logging_mixin.py:137} INFO - [2025-10-05T17:29:08.851+0000] {dag.py:3441} INFO - Setting next_dagrun for example_weekday_branch_operator to 2025-10-04T00:00:00+00:00, run_after=2025-10-05T00:00:00+00:00
[2025-10-05T17:29:08.884+0000] {processor.py:175} INFO - Processing /home/airflow/.local/lib/python3.7/site-packages/airflow/example_dags/example_branch_day_of_week_operator.py took 0.127 seconds
[2025-10-05T17:29:39.925+0000] {processor.py:153} INFO - Started process (PID=2048) to work on /home/airflow/.local/lib/python3.7/site-packages/airflow/example_dags/example_branch_day_of_week_operator.py
[2025-10-05T17:29:39.926+0000] {processor.py:743} INFO - Processing file /home/airflow/.local/lib/python3.7/site-packages/airflow/example_dags/example_branch_day_of_week_operator.py for tasks to queue
[2025-10-05T17:29:39.928+0000] {logging_mixin.py:137} INFO - [2025-10-05T17:29:39.928+0000] {dagbag.py:538} INFO - Filling up the DagBag from /home/airflow/.local/lib/python3.7/site-packages/airflow/example_dags/example_branch_day_of_week_operator.py
[2025-10-05T17:29:39.948+0000] {processor.py:753} INFO - DAG(s) dict_keys(['example_weekday_branch_operator']) retrieved from /home/airflow/.local/lib/python3.7/site-packages/airflow/example_dags/example_branch_day_of_week_operator.py
[2025-10-05T17:29:39.986+0000] {logging_mixin.py:137} INFO - [2025-10-05T17:29:39.986+0000] {dag.py:2690} INFO - Sync 1 DAGs
[2025-10-05T17:29:40.021+0000] {logging_mixin.py:137} INFO - [2025-10-05T17:29:40.021+0000] {dag.py:3441} INFO - Setting next_dagrun for example_weekday_branch_operator to 2025-10-04T00:00:00+00:00, run_after=2025-10-05T00:00:00+00:00
[2025-10-05T17:29:40.048+0000] {processor.py:175} INFO - Processing /home/airflow/.local/lib/python3.7/site-packages/airflow/example_dags/example_branch_day_of_week_operator.py took 0.128 seconds
[2025-10-05T17:30:10.416+0000] {processor.py:153} INFO - Started process (PID=2138) to work on /home/airflow/.local/lib/python3.7/site-packages/airflow/example_dags/example_branch_day_of_week_operator.py
[2025-10-05T17:30:10.418+0000] {processor.py:743} INFO - Processing file /home/airflow/.local/lib/python3.7/site-packages/airflow/example_dags/example_branch_day_of_week_operator.py for tasks to queue
[2025-10-05T17:30:10.419+0000] {logging_mixin.py:137} INFO - [2025-10-05T17:30:10.419+0000] {dagbag.py:538} INFO - Filling up the DagBag from /home/airflow/.local/lib/python3.7/site-packages/airflow/example_dags/example_branch_day_of_week_operator.py
[2025-10-05T17:30:10.436+0000] {processor.py:753} INFO - DAG(s) dict_keys(['example_weekday_branch_operator']) retrieved from /home/airflow/.local/lib/python3.7/site-packages/airflow/example_dags/example_branch_day_of_week_operator.py
[2025-10-05T17:30:10.469+0000] {logging_mixin.py:137} INFO - [2025-10-05T17:30:10.469+0000] {dag.py:2690} INFO - Sync 1 DAGs
[2025-10-05T17:30:10.500+0000] {logging_mixin.py:137} INFO - [2025-10-05T17:30:10.500+0000] {dag.py:3441} INFO - Setting next_dagrun for example_weekday_branch_operator to 2025-10-04T00:00:00+00:00, run_after=2025-10-05T00:00:00+00:00
[2025-10-05T17:30:10.524+0000] {processor.py:175} INFO - Processing /home/airflow/.local/lib/python3.7/site-packages/airflow/example_dags/example_branch_day_of_week_operator.py took 0.112 seconds
[2025-10-05T17:30:40.939+0000] {processor.py:153} INFO - Started process (PID=2252) to work on /home/airflow/.local/lib/python3.7/site-packages/airflow/example_dags/example_branch_day_of_week_operator.py
[2025-10-05T17:30:40.941+0000] {processor.py:743} INFO - Processing file /home/airflow/.local/lib/python3.7/site-packages/airflow/example_dags/example_branch_day_of_week_operator.py for tasks to queue
[2025-10-05T17:30:40.942+0000] {logging_mixin.py:137} INFO - [2025-10-05T17:30:40.942+0000] {dagbag.py:538} INFO - Filling up the DagBag from /home/airflow/.local/lib/python3.7/site-packages/airflow/example_dags/example_branch_day_of_week_operator.py
[2025-10-05T17:30:40.964+0000] {processor.py:753} INFO - DAG(s) dict_keys(['example_weekday_branch_operator']) retrieved from /home/airflow/.local/lib/python3.7/site-packages/airflow/example_dags/example_branch_day_of_week_operator.py
[2025-10-05T17:30:41.001+0000] {logging_mixin.py:137} INFO - [2025-10-05T17:30:41.001+0000] {dag.py:2690} INFO - Sync 1 DAGs
[2025-10-05T17:30:41.033+0000] {logging_mixin.py:137} INFO - [2025-10-05T17:30:41.032+0000] {dag.py:3441} INFO - Setting next_dagrun for example_weekday_branch_operator to 2025-10-04T00:00:00+00:00, run_after=2025-10-05T00:00:00+00:00
[2025-10-05T17:30:41.064+0000] {processor.py:175} INFO - Processing /home/airflow/.local/lib/python3.7/site-packages/airflow/example_dags/example_branch_day_of_week_operator.py took 0.132 seconds
[2025-10-05T17:31:12.031+0000] {processor.py:153} INFO - Started process (PID=2341) to work on /home/airflow/.local/lib/python3.7/site-packages/airflow/example_dags/example_branch_day_of_week_operator.py
[2025-10-05T17:31:12.032+0000] {processor.py:743} INFO - Processing file /home/airflow/.local/lib/python3.7/site-packages/airflow/example_dags/example_branch_day_of_week_operator.py for tasks to queue
[2025-10-05T17:31:12.033+0000] {logging_mixin.py:137} INFO - [2025-10-05T17:31:12.033+0000] {dagbag.py:538} INFO - Filling up the DagBag from /home/airflow/.local/lib/python3.7/site-packages/airflow/example_dags/example_branch_day_of_week_operator.py
[2025-10-05T17:31:12.049+0000] {processor.py:753} INFO - DAG(s) dict_keys(['example_weekday_branch_operator']) retrieved from /home/airflow/.local/lib/python3.7/site-packages/airflow/example_dags/example_branch_day_of_week_operator.py
[2025-10-05T17:31:12.081+0000] {logging_mixin.py:137} INFO - [2025-10-05T17:31:12.081+0000] {dag.py:2690} INFO - Sync 1 DAGs
[2025-10-05T17:31:12.109+0000] {logging_mixin.py:137} INFO - [2025-10-05T17:31:12.109+0000] {dag.py:3441} INFO - Setting next_dagrun for example_weekday_branch_operator to 2025-10-04T00:00:00+00:00, run_after=2025-10-05T00:00:00+00:00
[2025-10-05T17:31:12.132+0000] {processor.py:175} INFO - Processing /home/airflow/.local/lib/python3.7/site-packages/airflow/example_dags/example_branch_day_of_week_operator.py took 0.106 seconds
[2025-10-05T17:31:43.171+0000] {processor.py:153} INFO - Started process (PID=2455) to work on /home/airflow/.local/lib/python3.7/site-packages/airflow/example_dags/example_branch_day_of_week_operator.py
[2025-10-05T17:31:43.172+0000] {processor.py:743} INFO - Processing file /home/airflow/.local/lib/python3.7/site-packages/airflow/example_dags/example_branch_day_of_week_operator.py for tasks to queue
[2025-10-05T17:31:43.173+0000] {logging_mixin.py:137} INFO - [2025-10-05T17:31:43.173+0000] {dagbag.py:538} INFO - Filling up the DagBag from /home/airflow/.local/lib/python3.7/site-packages/airflow/example_dags/example_branch_day_of_week_operator.py
[2025-10-05T17:31:43.193+0000] {processor.py:753} INFO - DAG(s) dict_keys(['example_weekday_branch_operator']) retrieved from /home/airflow/.local/lib/python3.7/site-packages/airflow/example_dags/example_branch_day_of_week_operator.py
[2025-10-05T17:31:43.228+0000] {logging_mixin.py:137} INFO - [2025-10-05T17:31:43.228+0000] {dag.py:2690} INFO - Sync 1 DAGs
[2025-10-05T17:31:43.258+0000] {logging_mixin.py:137} INFO - [2025-10-05T17:31:43.258+0000] {dag.py:3441} INFO - Setting next_dagrun for example_weekday_branch_operator to 2025-10-04T00:00:00+00:00, run_after=2025-10-05T00:00:00+00:00
[2025-10-05T17:31:43.283+0000] {processor.py:175} INFO - Processing /home/airflow/.local/lib/python3.7/site-packages/airflow/example_dags/example_branch_day_of_week_operator.py took 0.117 seconds
[2025-10-05T17:32:13.773+0000] {processor.py:153} INFO - Started process (PID=2544) to work on /home/airflow/.local/lib/python3.7/site-packages/airflow/example_dags/example_branch_day_of_week_operator.py
[2025-10-05T17:32:13.775+0000] {processor.py:743} INFO - Processing file /home/airflow/.local/lib/python3.7/site-packages/airflow/example_dags/example_branch_day_of_week_operator.py for tasks to queue
[2025-10-05T17:32:13.776+0000] {logging_mixin.py:137} INFO - [2025-10-05T17:32:13.776+0000] {dagbag.py:538} INFO - Filling up the DagBag from /home/airflow/.local/lib/python3.7/site-packages/airflow/example_dags/example_branch_day_of_week_operator.py
[2025-10-05T17:32:13.794+0000] {processor.py:753} INFO - DAG(s) dict_keys(['example_weekday_branch_operator']) retrieved from /home/airflow/.local/lib/python3.7/site-packages/airflow/example_dags/example_branch_day_of_week_operator.py
[2025-10-05T17:32:13.825+0000] {logging_mixin.py:137} INFO - [2025-10-05T17:32:13.825+0000] {dag.py:2690} INFO - Sync 1 DAGs
[2025-10-05T17:32:13.856+0000] {logging_mixin.py:137} INFO - [2025-10-05T17:32:13.855+0000] {dag.py:3441} INFO - Setting next_dagrun for example_weekday_branch_operator to 2025-10-04T00:00:00+00:00, run_after=2025-10-05T00:00:00+00:00
[2025-10-05T17:32:13.880+0000] {processor.py:175} INFO - Processing /home/airflow/.local/lib/python3.7/site-packages/airflow/example_dags/example_branch_day_of_week_operator.py took 0.111 seconds
[2025-10-05T17:32:44.661+0000] {processor.py:153} INFO - Started process (PID=2657) to work on /home/airflow/.local/lib/python3.7/site-packages/airflow/example_dags/example_branch_day_of_week_operator.py
[2025-10-05T17:32:44.662+0000] {processor.py:743} INFO - Processing file /home/airflow/.local/lib/python3.7/site-packages/airflow/example_dags/example_branch_day_of_week_operator.py for tasks to queue
[2025-10-05T17:32:44.663+0000] {logging_mixin.py:137} INFO - [2025-10-05T17:32:44.663+0000] {dagbag.py:538} INFO - Filling up the DagBag from /home/airflow/.local/lib/python3.7/site-packages/airflow/example_dags/example_branch_day_of_week_operator.py
[2025-10-05T17:32:44.683+0000] {processor.py:753} INFO - DAG(s) dict_keys(['example_weekday_branch_operator']) retrieved from /home/airflow/.local/lib/python3.7/site-packages/airflow/example_dags/example_branch_day_of_week_operator.py
[2025-10-05T17:32:44.718+0000] {logging_mixin.py:137} INFO - [2025-10-05T17:32:44.718+0000] {dag.py:2690} INFO - Sync 1 DAGs
[2025-10-05T17:32:44.747+0000] {logging_mixin.py:137} INFO - [2025-10-05T17:32:44.747+0000] {dag.py:3441} INFO - Setting next_dagrun for example_weekday_branch_operator to 2025-10-04T00:00:00+00:00, run_after=2025-10-05T00:00:00+00:00
[2025-10-05T17:32:44.772+0000] {processor.py:175} INFO - Processing /home/airflow/.local/lib/python3.7/site-packages/airflow/example_dags/example_branch_day_of_week_operator.py took 0.115 seconds
[2025-10-05T17:33:15.140+0000] {processor.py:153} INFO - Started process (PID=2746) to work on /home/airflow/.local/lib/python3.7/site-packages/airflow/example_dags/example_branch_day_of_week_operator.py
[2025-10-05T17:33:15.141+0000] {processor.py:743} INFO - Processing file /home/airflow/.local/lib/python3.7/site-packages/airflow/example_dags/example_branch_day_of_week_operator.py for tasks to queue
[2025-10-05T17:33:15.143+0000] {logging_mixin.py:137} INFO - [2025-10-05T17:33:15.142+0000] {dagbag.py:538} INFO - Filling up the DagBag from /home/airflow/.local/lib/python3.7/site-packages/airflow/example_dags/example_branch_day_of_week_operator.py
[2025-10-05T17:33:15.161+0000] {processor.py:753} INFO - DAG(s) dict_keys(['example_weekday_branch_operator']) retrieved from /home/airflow/.local/lib/python3.7/site-packages/airflow/example_dags/example_branch_day_of_week_operator.py
[2025-10-05T17:33:15.194+0000] {logging_mixin.py:137} INFO - [2025-10-05T17:33:15.194+0000] {dag.py:2690} INFO - Sync 1 DAGs
[2025-10-05T17:33:15.225+0000] {logging_mixin.py:137} INFO - [2025-10-05T17:33:15.225+0000] {dag.py:3441} INFO - Setting next_dagrun for example_weekday_branch_operator to 2025-10-04T00:00:00+00:00, run_after=2025-10-05T00:00:00+00:00
[2025-10-05T17:33:15.256+0000] {processor.py:175} INFO - Processing /home/airflow/.local/lib/python3.7/site-packages/airflow/example_dags/example_branch_day_of_week_operator.py took 0.121 seconds
[2025-10-05T17:33:45.524+0000] {processor.py:153} INFO - Started process (PID=2834) to work on /home/airflow/.local/lib/python3.7/site-packages/airflow/example_dags/example_branch_day_of_week_operator.py
[2025-10-05T17:33:45.526+0000] {processor.py:743} INFO - Processing file /home/airflow/.local/lib/python3.7/site-packages/airflow/example_dags/example_branch_day_of_week_operator.py for tasks to queue
[2025-10-05T17:33:45.527+0000] {logging_mixin.py:137} INFO - [2025-10-05T17:33:45.527+0000] {dagbag.py:538} INFO - Filling up the DagBag from /home/airflow/.local/lib/python3.7/site-packages/airflow/example_dags/example_branch_day_of_week_operator.py
[2025-10-05T17:33:45.546+0000] {processor.py:753} INFO - DAG(s) dict_keys(['example_weekday_branch_operator']) retrieved from /home/airflow/.local/lib/python3.7/site-packages/airflow/example_dags/example_branch_day_of_week_operator.py
[2025-10-05T17:33:45.577+0000] {logging_mixin.py:137} INFO - [2025-10-05T17:33:45.577+0000] {dag.py:2690} INFO - Sync 1 DAGs
[2025-10-05T17:33:45.606+0000] {logging_mixin.py:137} INFO - [2025-10-05T17:33:45.606+0000] {dag.py:3441} INFO - Setting next_dagrun for example_weekday_branch_operator to 2025-10-04T00:00:00+00:00, run_after=2025-10-05T00:00:00+00:00
[2025-10-05T17:33:45.632+0000] {processor.py:175} INFO - Processing /home/airflow/.local/lib/python3.7/site-packages/airflow/example_dags/example_branch_day_of_week_operator.py took 0.112 seconds
[2025-10-05T17:34:16.248+0000] {processor.py:153} INFO - Started process (PID=2947) to work on /home/airflow/.local/lib/python3.7/site-packages/airflow/example_dags/example_branch_day_of_week_operator.py
[2025-10-05T17:34:16.249+0000] {processor.py:743} INFO - Processing file /home/airflow/.local/lib/python3.7/site-packages/airflow/example_dags/example_branch_day_of_week_operator.py for tasks to queue
[2025-10-05T17:34:16.250+0000] {logging_mixin.py:137} INFO - [2025-10-05T17:34:16.250+0000] {dagbag.py:538} INFO - Filling up the DagBag from /home/airflow/.local/lib/python3.7/site-packages/airflow/example_dags/example_branch_day_of_week_operator.py
[2025-10-05T17:34:16.268+0000] {processor.py:753} INFO - DAG(s) dict_keys(['example_weekday_branch_operator']) retrieved from /home/airflow/.local/lib/python3.7/site-packages/airflow/example_dags/example_branch_day_of_week_operator.py
[2025-10-05T17:34:16.300+0000] {logging_mixin.py:137} INFO - [2025-10-05T17:34:16.300+0000] {dag.py:2690} INFO - Sync 1 DAGs
[2025-10-05T17:34:16.331+0000] {logging_mixin.py:137} INFO - [2025-10-05T17:34:16.331+0000] {dag.py:3441} INFO - Setting next_dagrun for example_weekday_branch_operator to 2025-10-04T00:00:00+00:00, run_after=2025-10-05T00:00:00+00:00
[2025-10-05T17:34:16.355+0000] {processor.py:175} INFO - Processing /home/airflow/.local/lib/python3.7/site-packages/airflow/example_dags/example_branch_day_of_week_operator.py took 0.111 seconds
[2025-10-05T17:34:46.525+0000] {processor.py:153} INFO - Started process (PID=3036) to work on /home/airflow/.local/lib/python3.7/site-packages/airflow/example_dags/example_branch_day_of_week_operator.py
[2025-10-05T17:34:46.527+0000] {processor.py:743} INFO - Processing file /home/airflow/.local/lib/python3.7/site-packages/airflow/example_dags/example_branch_day_of_week_operator.py for tasks to queue
[2025-10-05T17:34:46.528+0000] {logging_mixin.py:137} INFO - [2025-10-05T17:34:46.528+0000] {dagbag.py:538} INFO - Filling up the DagBag from /home/airflow/.local/lib/python3.7/site-packages/airflow/example_dags/example_branch_day_of_week_operator.py
[2025-10-05T17:34:46.547+0000] {processor.py:753} INFO - DAG(s) dict_keys(['example_weekday_branch_operator']) retrieved from /home/airflow/.local/lib/python3.7/site-packages/airflow/example_dags/example_branch_day_of_week_operator.py
[2025-10-05T17:34:46.580+0000] {logging_mixin.py:137} INFO - [2025-10-05T17:34:46.580+0000] {dag.py:2690} INFO - Sync 1 DAGs
[2025-10-05T17:34:46.610+0000] {logging_mixin.py:137} INFO - [2025-10-05T17:34:46.610+0000] {dag.py:3441} INFO - Setting next_dagrun for example_weekday_branch_operator to 2025-10-04T00:00:00+00:00, run_after=2025-10-05T00:00:00+00:00
[2025-10-05T17:34:46.638+0000] {processor.py:175} INFO - Processing /home/airflow/.local/lib/python3.7/site-packages/airflow/example_dags/example_branch_day_of_week_operator.py took 0.117 seconds
[2025-10-05T17:35:17.050+0000] {processor.py:153} INFO - Started process (PID=3125) to work on /home/airflow/.local/lib/python3.7/site-packages/airflow/example_dags/example_branch_day_of_week_operator.py
[2025-10-05T17:35:17.052+0000] {processor.py:743} INFO - Processing file /home/airflow/.local/lib/python3.7/site-packages/airflow/example_dags/example_branch_day_of_week_operator.py for tasks to queue
[2025-10-05T17:35:17.053+0000] {logging_mixin.py:137} INFO - [2025-10-05T17:35:17.053+0000] {dagbag.py:538} INFO - Filling up the DagBag from /home/airflow/.local/lib/python3.7/site-packages/airflow/example_dags/example_branch_day_of_week_operator.py
[2025-10-05T17:35:17.075+0000] {processor.py:753} INFO - DAG(s) dict_keys(['example_weekday_branch_operator']) retrieved from /home/airflow/.local/lib/python3.7/site-packages/airflow/example_dags/example_branch_day_of_week_operator.py
[2025-10-05T17:35:17.114+0000] {logging_mixin.py:137} INFO - [2025-10-05T17:35:17.114+0000] {dag.py:2690} INFO - Sync 1 DAGs
[2025-10-05T17:35:17.148+0000] {logging_mixin.py:137} INFO - [2025-10-05T17:35:17.148+0000] {dag.py:3441} INFO - Setting next_dagrun for example_weekday_branch_operator to 2025-10-04T00:00:00+00:00, run_after=2025-10-05T00:00:00+00:00
[2025-10-05T17:35:17.176+0000] {processor.py:175} INFO - Processing /home/airflow/.local/lib/python3.7/site-packages/airflow/example_dags/example_branch_day_of_week_operator.py took 0.131 seconds
[2025-10-05T17:35:47.529+0000] {processor.py:153} INFO - Started process (PID=3238) to work on /home/airflow/.local/lib/python3.7/site-packages/airflow/example_dags/example_branch_day_of_week_operator.py
[2025-10-05T17:35:47.531+0000] {processor.py:743} INFO - Processing file /home/airflow/.local/lib/python3.7/site-packages/airflow/example_dags/example_branch_day_of_week_operator.py for tasks to queue
[2025-10-05T17:35:47.533+0000] {logging_mixin.py:137} INFO - [2025-10-05T17:35:47.533+0000] {dagbag.py:538} INFO - Filling up the DagBag from /home/airflow/.local/lib/python3.7/site-packages/airflow/example_dags/example_branch_day_of_week_operator.py
[2025-10-05T17:35:47.551+0000] {processor.py:753} INFO - DAG(s) dict_keys(['example_weekday_branch_operator']) retrieved from /home/airflow/.local/lib/python3.7/site-packages/airflow/example_dags/example_branch_day_of_week_operator.py
[2025-10-05T17:35:47.582+0000] {logging_mixin.py:137} INFO - [2025-10-05T17:35:47.582+0000] {dag.py:2690} INFO - Sync 1 DAGs
[2025-10-05T17:35:47.611+0000] {logging_mixin.py:137} INFO - [2025-10-05T17:35:47.611+0000] {dag.py:3441} INFO - Setting next_dagrun for example_weekday_branch_operator to 2025-10-04T00:00:00+00:00, run_after=2025-10-05T00:00:00+00:00
[2025-10-05T17:35:47.636+0000] {processor.py:175} INFO - Processing /home/airflow/.local/lib/python3.7/site-packages/airflow/example_dags/example_branch_day_of_week_operator.py took 0.111 seconds
[2025-10-05T17:36:18.475+0000] {processor.py:153} INFO - Started process (PID=3327) to work on /home/airflow/.local/lib/python3.7/site-packages/airflow/example_dags/example_branch_day_of_week_operator.py
[2025-10-05T17:36:18.477+0000] {processor.py:743} INFO - Processing file /home/airflow/.local/lib/python3.7/site-packages/airflow/example_dags/example_branch_day_of_week_operator.py for tasks to queue
[2025-10-05T17:36:18.478+0000] {logging_mixin.py:137} INFO - [2025-10-05T17:36:18.478+0000] {dagbag.py:538} INFO - Filling up the DagBag from /home/airflow/.local/lib/python3.7/site-packages/airflow/example_dags/example_branch_day_of_week_operator.py
[2025-10-05T17:36:18.497+0000] {processor.py:753} INFO - DAG(s) dict_keys(['example_weekday_branch_operator']) retrieved from /home/airflow/.local/lib/python3.7/site-packages/airflow/example_dags/example_branch_day_of_week_operator.py
[2025-10-05T17:36:18.530+0000] {logging_mixin.py:137} INFO - [2025-10-05T17:36:18.530+0000] {dag.py:2690} INFO - Sync 1 DAGs
[2025-10-05T17:36:18.561+0000] {logging_mixin.py:137} INFO - [2025-10-05T17:36:18.560+0000] {dag.py:3441} INFO - Setting next_dagrun for example_weekday_branch_operator to 2025-10-04T00:00:00+00:00, run_after=2025-10-05T00:00:00+00:00
[2025-10-05T17:36:18.585+0000] {processor.py:175} INFO - Processing /home/airflow/.local/lib/python3.7/site-packages/airflow/example_dags/example_branch_day_of_week_operator.py took 0.115 seconds
[2025-10-05T17:36:49.438+0000] {processor.py:153} INFO - Started process (PID=3441) to work on /home/airflow/.local/lib/python3.7/site-packages/airflow/example_dags/example_branch_day_of_week_operator.py
[2025-10-05T17:36:49.440+0000] {processor.py:743} INFO - Processing file /home/airflow/.local/lib/python3.7/site-packages/airflow/example_dags/example_branch_day_of_week_operator.py for tasks to queue
[2025-10-05T17:36:49.441+0000] {logging_mixin.py:137} INFO - [2025-10-05T17:36:49.441+0000] {dagbag.py:538} INFO - Filling up the DagBag from /home/airflow/.local/lib/python3.7/site-packages/airflow/example_dags/example_branch_day_of_week_operator.py
[2025-10-05T17:36:49.462+0000] {processor.py:753} INFO - DAG(s) dict_keys(['example_weekday_branch_operator']) retrieved from /home/airflow/.local/lib/python3.7/site-packages/airflow/example_dags/example_branch_day_of_week_operator.py
[2025-10-05T17:36:49.502+0000] {logging_mixin.py:137} INFO - [2025-10-05T17:36:49.502+0000] {dag.py:2690} INFO - Sync 1 DAGs
[2025-10-05T17:36:49.546+0000] {logging_mixin.py:137} INFO - [2025-10-05T17:36:49.546+0000] {dag.py:3441} INFO - Setting next_dagrun for example_weekday_branch_operator to 2025-10-04T00:00:00+00:00, run_after=2025-10-05T00:00:00+00:00
[2025-10-05T17:36:49.581+0000] {processor.py:175} INFO - Processing /home/airflow/.local/lib/python3.7/site-packages/airflow/example_dags/example_branch_day_of_week_operator.py took 0.147 seconds
