[2025-10-05T17:19:23.982+0000] {processor.py:153} INFO - Started process (PID=71) to work on /home/airflow/.local/lib/python3.7/site-packages/airflow/example_dags/example_sensor_decorator.py
[2025-10-05T17:19:23.984+0000] {processor.py:743} INFO - Processing file /home/airflow/.local/lib/python3.7/site-packages/airflow/example_dags/example_sensor_decorator.py for tasks to queue
[2025-10-05T17:19:23.985+0000] {logging_mixin.py:137} INFO - [2025-10-05T17:19:23.985+0000] {dagbag.py:538} INFO - Filling up the DagBag from /home/airflow/.local/lib/python3.7/site-packages/airflow/example_dags/example_sensor_decorator.py
[2025-10-05T17:19:24.019+0000] {processor.py:753} INFO - DAG(s) dict_keys(['example_sensor_decorator']) retrieved from /home/airflow/.local/lib/python3.7/site-packages/airflow/example_dags/example_sensor_decorator.py
[2025-10-05T17:19:24.041+0000] {logging_mixin.py:137} INFO - [2025-10-05T17:19:24.040+0000] {dag.py:2690} INFO - Sync 1 DAGs
[2025-10-05T17:19:24.074+0000] {logging_mixin.py:137} INFO - [2025-10-05T17:19:24.073+0000] {dag.py:3441} INFO - Setting next_dagrun for example_sensor_decorator to None, run_after=None
[2025-10-05T17:19:24.106+0000] {processor.py:175} INFO - Processing /home/airflow/.local/lib/python3.7/site-packages/airflow/example_dags/example_sensor_decorator.py took 0.131 seconds
[2025-10-05T17:19:54.776+0000] {processor.py:153} INFO - Started process (PID=159) to work on /home/airflow/.local/lib/python3.7/site-packages/airflow/example_dags/example_sensor_decorator.py
[2025-10-05T17:19:54.778+0000] {processor.py:743} INFO - Processing file /home/airflow/.local/lib/python3.7/site-packages/airflow/example_dags/example_sensor_decorator.py for tasks to queue
[2025-10-05T17:19:54.779+0000] {logging_mixin.py:137} INFO - [2025-10-05T17:19:54.779+0000] {dagbag.py:538} INFO - Filling up the DagBag from /home/airflow/.local/lib/python3.7/site-packages/airflow/example_dags/example_sensor_decorator.py
[2025-10-05T17:19:54.809+0000] {processor.py:753} INFO - DAG(s) dict_keys(['example_sensor_decorator']) retrieved from /home/airflow/.local/lib/python3.7/site-packages/airflow/example_dags/example_sensor_decorator.py
[2025-10-05T17:19:54.841+0000] {logging_mixin.py:137} INFO - [2025-10-05T17:19:54.841+0000] {dag.py:2690} INFO - Sync 1 DAGs
[2025-10-05T17:19:54.871+0000] {logging_mixin.py:137} INFO - [2025-10-05T17:19:54.871+0000] {dag.py:3441} INFO - Setting next_dagrun for example_sensor_decorator to None, run_after=None
[2025-10-05T17:19:54.902+0000] {processor.py:175} INFO - Processing /home/airflow/.local/lib/python3.7/site-packages/airflow/example_dags/example_sensor_decorator.py took 0.129 seconds
[2025-10-05T17:20:25.271+0000] {processor.py:153} INFO - Started process (PID=257) to work on /home/airflow/.local/lib/python3.7/site-packages/airflow/example_dags/example_sensor_decorator.py
[2025-10-05T17:20:25.273+0000] {processor.py:743} INFO - Processing file /home/airflow/.local/lib/python3.7/site-packages/airflow/example_dags/example_sensor_decorator.py for tasks to queue
[2025-10-05T17:20:25.274+0000] {logging_mixin.py:137} INFO - [2025-10-05T17:20:25.274+0000] {dagbag.py:538} INFO - Filling up the DagBag from /home/airflow/.local/lib/python3.7/site-packages/airflow/example_dags/example_sensor_decorator.py
[2025-10-05T17:20:25.313+0000] {processor.py:753} INFO - DAG(s) dict_keys(['example_sensor_decorator']) retrieved from /home/airflow/.local/lib/python3.7/site-packages/airflow/example_dags/example_sensor_decorator.py
[2025-10-05T17:20:25.359+0000] {logging_mixin.py:137} INFO - [2025-10-05T17:20:25.359+0000] {dag.py:2690} INFO - Sync 1 DAGs
[2025-10-05T17:20:25.401+0000] {logging_mixin.py:137} INFO - [2025-10-05T17:20:25.400+0000] {dag.py:3441} INFO - Setting next_dagrun for example_sensor_decorator to None, run_after=None
[2025-10-05T17:20:25.432+0000] {processor.py:175} INFO - Processing /home/airflow/.local/lib/python3.7/site-packages/airflow/example_dags/example_sensor_decorator.py took 0.169 seconds
[2025-10-05T17:20:55.829+0000] {processor.py:153} INFO - Started process (PID=361) to work on /home/airflow/.local/lib/python3.7/site-packages/airflow/example_dags/example_sensor_decorator.py
[2025-10-05T17:20:55.831+0000] {processor.py:743} INFO - Processing file /home/airflow/.local/lib/python3.7/site-packages/airflow/example_dags/example_sensor_decorator.py for tasks to queue
[2025-10-05T17:20:55.832+0000] {logging_mixin.py:137} INFO - [2025-10-05T17:20:55.832+0000] {dagbag.py:538} INFO - Filling up the DagBag from /home/airflow/.local/lib/python3.7/site-packages/airflow/example_dags/example_sensor_decorator.py
[2025-10-05T17:20:55.865+0000] {processor.py:753} INFO - DAG(s) dict_keys(['example_sensor_decorator']) retrieved from /home/airflow/.local/lib/python3.7/site-packages/airflow/example_dags/example_sensor_decorator.py
[2025-10-05T17:20:55.903+0000] {logging_mixin.py:137} INFO - [2025-10-05T17:20:55.903+0000] {dag.py:2690} INFO - Sync 1 DAGs
[2025-10-05T17:20:55.936+0000] {logging_mixin.py:137} INFO - [2025-10-05T17:20:55.936+0000] {dag.py:3441} INFO - Setting next_dagrun for example_sensor_decorator to None, run_after=None
[2025-10-05T17:20:55.969+0000] {processor.py:175} INFO - Processing /home/airflow/.local/lib/python3.7/site-packages/airflow/example_dags/example_sensor_decorator.py took 0.146 seconds
[2025-10-05T17:21:26.974+0000] {processor.py:153} INFO - Started process (PID=450) to work on /home/airflow/.local/lib/python3.7/site-packages/airflow/example_dags/example_sensor_decorator.py
[2025-10-05T17:21:26.975+0000] {processor.py:743} INFO - Processing file /home/airflow/.local/lib/python3.7/site-packages/airflow/example_dags/example_sensor_decorator.py for tasks to queue
[2025-10-05T17:21:26.976+0000] {logging_mixin.py:137} INFO - [2025-10-05T17:21:26.976+0000] {dagbag.py:538} INFO - Filling up the DagBag from /home/airflow/.local/lib/python3.7/site-packages/airflow/example_dags/example_sensor_decorator.py
[2025-10-05T17:21:27.008+0000] {processor.py:753} INFO - DAG(s) dict_keys(['example_sensor_decorator']) retrieved from /home/airflow/.local/lib/python3.7/site-packages/airflow/example_dags/example_sensor_decorator.py
[2025-10-05T17:21:27.048+0000] {logging_mixin.py:137} INFO - [2025-10-05T17:21:27.047+0000] {dag.py:2690} INFO - Sync 1 DAGs
[2025-10-05T17:21:27.079+0000] {logging_mixin.py:137} INFO - [2025-10-05T17:21:27.079+0000] {dag.py:3441} INFO - Setting next_dagrun for example_sensor_decorator to None, run_after=None
[2025-10-05T17:21:27.108+0000] {processor.py:175} INFO - Processing /home/airflow/.local/lib/python3.7/site-packages/airflow/example_dags/example_sensor_decorator.py took 0.139 seconds
[2025-10-05T17:21:57.262+0000] {processor.py:153} INFO - Started process (PID=563) to work on /home/airflow/.local/lib/python3.7/site-packages/airflow/example_dags/example_sensor_decorator.py
[2025-10-05T17:21:57.263+0000] {processor.py:743} INFO - Processing file /home/airflow/.local/lib/python3.7/site-packages/airflow/example_dags/example_sensor_decorator.py for tasks to queue
[2025-10-05T17:21:57.264+0000] {logging_mixin.py:137} INFO - [2025-10-05T17:21:57.264+0000] {dagbag.py:538} INFO - Filling up the DagBag from /home/airflow/.local/lib/python3.7/site-packages/airflow/example_dags/example_sensor_decorator.py
[2025-10-05T17:21:57.341+0000] {processor.py:753} INFO - DAG(s) dict_keys(['example_sensor_decorator']) retrieved from /home/airflow/.local/lib/python3.7/site-packages/airflow/example_dags/example_sensor_decorator.py
[2025-10-05T17:21:57.390+0000] {logging_mixin.py:137} INFO - [2025-10-05T17:21:57.390+0000] {dag.py:2690} INFO - Sync 1 DAGs
[2025-10-05T17:21:57.423+0000] {logging_mixin.py:137} INFO - [2025-10-05T17:21:57.423+0000] {dag.py:3441} INFO - Setting next_dagrun for example_sensor_decorator to None, run_after=None
[2025-10-05T17:21:57.451+0000] {processor.py:175} INFO - Processing /home/airflow/.local/lib/python3.7/site-packages/airflow/example_dags/example_sensor_decorator.py took 0.193 seconds
[2025-10-05T17:22:27.559+0000] {processor.py:153} INFO - Started process (PID=651) to work on /home/airflow/.local/lib/python3.7/site-packages/airflow/example_dags/example_sensor_decorator.py
[2025-10-05T17:22:27.561+0000] {processor.py:743} INFO - Processing file /home/airflow/.local/lib/python3.7/site-packages/airflow/example_dags/example_sensor_decorator.py for tasks to queue
[2025-10-05T17:22:27.562+0000] {logging_mixin.py:137} INFO - [2025-10-05T17:22:27.562+0000] {dagbag.py:538} INFO - Filling up the DagBag from /home/airflow/.local/lib/python3.7/site-packages/airflow/example_dags/example_sensor_decorator.py
[2025-10-05T17:22:27.599+0000] {processor.py:753} INFO - DAG(s) dict_keys(['example_sensor_decorator']) retrieved from /home/airflow/.local/lib/python3.7/site-packages/airflow/example_dags/example_sensor_decorator.py
[2025-10-05T17:22:27.636+0000] {logging_mixin.py:137} INFO - [2025-10-05T17:22:27.635+0000] {dag.py:2690} INFO - Sync 1 DAGs
[2025-10-05T17:22:27.668+0000] {logging_mixin.py:137} INFO - [2025-10-05T17:22:27.668+0000] {dag.py:3441} INFO - Setting next_dagrun for example_sensor_decorator to None, run_after=None
[2025-10-05T17:22:27.705+0000] {processor.py:175} INFO - Processing /home/airflow/.local/lib/python3.7/site-packages/airflow/example_dags/example_sensor_decorator.py took 0.150 seconds
[2025-10-05T17:22:58.034+0000] {processor.py:153} INFO - Started process (PID=750) to work on /home/airflow/.local/lib/python3.7/site-packages/airflow/example_dags/example_sensor_decorator.py
[2025-10-05T17:22:58.036+0000] {processor.py:743} INFO - Processing file /home/airflow/.local/lib/python3.7/site-packages/airflow/example_dags/example_sensor_decorator.py for tasks to queue
[2025-10-05T17:22:58.037+0000] {logging_mixin.py:137} INFO - [2025-10-05T17:22:58.037+0000] {dagbag.py:538} INFO - Filling up the DagBag from /home/airflow/.local/lib/python3.7/site-packages/airflow/example_dags/example_sensor_decorator.py
[2025-10-05T17:22:58.067+0000] {processor.py:753} INFO - DAG(s) dict_keys(['example_sensor_decorator']) retrieved from /home/airflow/.local/lib/python3.7/site-packages/airflow/example_dags/example_sensor_decorator.py
[2025-10-05T17:22:58.106+0000] {logging_mixin.py:137} INFO - [2025-10-05T17:22:58.106+0000] {dag.py:2690} INFO - Sync 1 DAGs
[2025-10-05T17:22:58.141+0000] {logging_mixin.py:137} INFO - [2025-10-05T17:22:58.140+0000] {dag.py:3441} INFO - Setting next_dagrun for example_sensor_decorator to None, run_after=None
[2025-10-05T17:22:58.169+0000] {processor.py:175} INFO - Processing /home/airflow/.local/lib/python3.7/site-packages/airflow/example_dags/example_sensor_decorator.py took 0.140 seconds
[2025-10-05T17:23:28.549+0000] {processor.py:153} INFO - Started process (PID=855) to work on /home/airflow/.local/lib/python3.7/site-packages/airflow/example_dags/example_sensor_decorator.py
[2025-10-05T17:23:28.551+0000] {processor.py:743} INFO - Processing file /home/airflow/.local/lib/python3.7/site-packages/airflow/example_dags/example_sensor_decorator.py for tasks to queue
[2025-10-05T17:23:28.552+0000] {logging_mixin.py:137} INFO - [2025-10-05T17:23:28.552+0000] {dagbag.py:538} INFO - Filling up the DagBag from /home/airflow/.local/lib/python3.7/site-packages/airflow/example_dags/example_sensor_decorator.py
[2025-10-05T17:23:28.580+0000] {processor.py:753} INFO - DAG(s) dict_keys(['example_sensor_decorator']) retrieved from /home/airflow/.local/lib/python3.7/site-packages/airflow/example_dags/example_sensor_decorator.py
[2025-10-05T17:23:28.612+0000] {logging_mixin.py:137} INFO - [2025-10-05T17:23:28.612+0000] {dag.py:2690} INFO - Sync 1 DAGs
[2025-10-05T17:23:28.641+0000] {logging_mixin.py:137} INFO - [2025-10-05T17:23:28.640+0000] {dag.py:3441} INFO - Setting next_dagrun for example_sensor_decorator to None, run_after=None
[2025-10-05T17:23:28.665+0000] {processor.py:175} INFO - Processing /home/airflow/.local/lib/python3.7/site-packages/airflow/example_dags/example_sensor_decorator.py took 0.120 seconds
[2025-10-05T17:23:59.554+0000] {processor.py:153} INFO - Started process (PID=944) to work on /home/airflow/.local/lib/python3.7/site-packages/airflow/example_dags/example_sensor_decorator.py
[2025-10-05T17:23:59.555+0000] {processor.py:743} INFO - Processing file /home/airflow/.local/lib/python3.7/site-packages/airflow/example_dags/example_sensor_decorator.py for tasks to queue
[2025-10-05T17:23:59.557+0000] {logging_mixin.py:137} INFO - [2025-10-05T17:23:59.556+0000] {dagbag.py:538} INFO - Filling up the DagBag from /home/airflow/.local/lib/python3.7/site-packages/airflow/example_dags/example_sensor_decorator.py
[2025-10-05T17:23:59.582+0000] {processor.py:753} INFO - DAG(s) dict_keys(['example_sensor_decorator']) retrieved from /home/airflow/.local/lib/python3.7/site-packages/airflow/example_dags/example_sensor_decorator.py
[2025-10-05T17:23:59.612+0000] {logging_mixin.py:137} INFO - [2025-10-05T17:23:59.612+0000] {dag.py:2690} INFO - Sync 1 DAGs
[2025-10-05T17:23:59.638+0000] {logging_mixin.py:137} INFO - [2025-10-05T17:23:59.638+0000] {dag.py:3441} INFO - Setting next_dagrun for example_sensor_decorator to None, run_after=None
[2025-10-05T17:23:59.671+0000] {processor.py:175} INFO - Processing /home/airflow/.local/lib/python3.7/site-packages/airflow/example_dags/example_sensor_decorator.py took 0.121 seconds
[2025-10-05T17:24:30.355+0000] {processor.py:153} INFO - Started process (PID=1057) to work on /home/airflow/.local/lib/python3.7/site-packages/airflow/example_dags/example_sensor_decorator.py
[2025-10-05T17:24:30.356+0000] {processor.py:743} INFO - Processing file /home/airflow/.local/lib/python3.7/site-packages/airflow/example_dags/example_sensor_decorator.py for tasks to queue
[2025-10-05T17:24:30.357+0000] {logging_mixin.py:137} INFO - [2025-10-05T17:24:30.357+0000] {dagbag.py:538} INFO - Filling up the DagBag from /home/airflow/.local/lib/python3.7/site-packages/airflow/example_dags/example_sensor_decorator.py
[2025-10-05T17:24:30.383+0000] {processor.py:753} INFO - DAG(s) dict_keys(['example_sensor_decorator']) retrieved from /home/airflow/.local/lib/python3.7/site-packages/airflow/example_dags/example_sensor_decorator.py
[2025-10-05T17:24:30.415+0000] {logging_mixin.py:137} INFO - [2025-10-05T17:24:30.415+0000] {dag.py:2690} INFO - Sync 1 DAGs
[2025-10-05T17:24:30.444+0000] {logging_mixin.py:137} INFO - [2025-10-05T17:24:30.444+0000] {dag.py:3441} INFO - Setting next_dagrun for example_sensor_decorator to None, run_after=None
[2025-10-05T17:24:30.470+0000] {processor.py:175} INFO - Processing /home/airflow/.local/lib/python3.7/site-packages/airflow/example_dags/example_sensor_decorator.py took 0.119 seconds
[2025-10-05T17:25:00.544+0000] {processor.py:153} INFO - Started process (PID=1145) to work on /home/airflow/.local/lib/python3.7/site-packages/airflow/example_dags/example_sensor_decorator.py
[2025-10-05T17:25:00.545+0000] {processor.py:743} INFO - Processing file /home/airflow/.local/lib/python3.7/site-packages/airflow/example_dags/example_sensor_decorator.py for tasks to queue
[2025-10-05T17:25:00.546+0000] {logging_mixin.py:137} INFO - [2025-10-05T17:25:00.546+0000] {dagbag.py:538} INFO - Filling up the DagBag from /home/airflow/.local/lib/python3.7/site-packages/airflow/example_dags/example_sensor_decorator.py
[2025-10-05T17:25:00.572+0000] {processor.py:753} INFO - DAG(s) dict_keys(['example_sensor_decorator']) retrieved from /home/airflow/.local/lib/python3.7/site-packages/airflow/example_dags/example_sensor_decorator.py
[2025-10-05T17:25:00.601+0000] {logging_mixin.py:137} INFO - [2025-10-05T17:25:00.601+0000] {dag.py:2690} INFO - Sync 1 DAGs
[2025-10-05T17:25:00.627+0000] {logging_mixin.py:137} INFO - [2025-10-05T17:25:00.627+0000] {dag.py:3441} INFO - Setting next_dagrun for example_sensor_decorator to None, run_after=None
[2025-10-05T17:25:00.651+0000] {processor.py:175} INFO - Processing /home/airflow/.local/lib/python3.7/site-packages/airflow/example_dags/example_sensor_decorator.py took 0.110 seconds
[2025-10-05T17:25:31.580+0000] {processor.py:153} INFO - Started process (PID=1259) to work on /home/airflow/.local/lib/python3.7/site-packages/airflow/example_dags/example_sensor_decorator.py
[2025-10-05T17:25:31.582+0000] {processor.py:743} INFO - Processing file /home/airflow/.local/lib/python3.7/site-packages/airflow/example_dags/example_sensor_decorator.py for tasks to queue
[2025-10-05T17:25:31.584+0000] {logging_mixin.py:137} INFO - [2025-10-05T17:25:31.584+0000] {dagbag.py:538} INFO - Filling up the DagBag from /home/airflow/.local/lib/python3.7/site-packages/airflow/example_dags/example_sensor_decorator.py
[2025-10-05T17:25:31.615+0000] {processor.py:753} INFO - DAG(s) dict_keys(['example_sensor_decorator']) retrieved from /home/airflow/.local/lib/python3.7/site-packages/airflow/example_dags/example_sensor_decorator.py
[2025-10-05T17:25:31.656+0000] {logging_mixin.py:137} INFO - [2025-10-05T17:25:31.656+0000] {dag.py:2690} INFO - Sync 1 DAGs
[2025-10-05T17:25:31.693+0000] {logging_mixin.py:137} INFO - [2025-10-05T17:25:31.693+0000] {dag.py:3441} INFO - Setting next_dagrun for example_sensor_decorator to None, run_after=None
[2025-10-05T17:25:31.726+0000] {processor.py:175} INFO - Processing /home/airflow/.local/lib/python3.7/site-packages/airflow/example_dags/example_sensor_decorator.py took 0.153 seconds
[2025-10-05T17:26:02.397+0000] {processor.py:153} INFO - Started process (PID=1348) to work on /home/airflow/.local/lib/python3.7/site-packages/airflow/example_dags/example_sensor_decorator.py
[2025-10-05T17:26:02.398+0000] {processor.py:743} INFO - Processing file /home/airflow/.local/lib/python3.7/site-packages/airflow/example_dags/example_sensor_decorator.py for tasks to queue
[2025-10-05T17:26:02.399+0000] {logging_mixin.py:137} INFO - [2025-10-05T17:26:02.399+0000] {dagbag.py:538} INFO - Filling up the DagBag from /home/airflow/.local/lib/python3.7/site-packages/airflow/example_dags/example_sensor_decorator.py
[2025-10-05T17:26:02.426+0000] {processor.py:753} INFO - DAG(s) dict_keys(['example_sensor_decorator']) retrieved from /home/airflow/.local/lib/python3.7/site-packages/airflow/example_dags/example_sensor_decorator.py
[2025-10-05T17:26:02.457+0000] {logging_mixin.py:137} INFO - [2025-10-05T17:26:02.457+0000] {dag.py:2690} INFO - Sync 1 DAGs
[2025-10-05T17:26:02.484+0000] {logging_mixin.py:137} INFO - [2025-10-05T17:26:02.484+0000] {dag.py:3441} INFO - Setting next_dagrun for example_sensor_decorator to None, run_after=None
[2025-10-05T17:26:02.507+0000] {processor.py:175} INFO - Processing /home/airflow/.local/lib/python3.7/site-packages/airflow/example_dags/example_sensor_decorator.py took 0.114 seconds
[2025-10-05T17:26:33.400+0000] {processor.py:153} INFO - Started process (PID=1446) to work on /home/airflow/.local/lib/python3.7/site-packages/airflow/example_dags/example_sensor_decorator.py
[2025-10-05T17:26:33.402+0000] {processor.py:743} INFO - Processing file /home/airflow/.local/lib/python3.7/site-packages/airflow/example_dags/example_sensor_decorator.py for tasks to queue
[2025-10-05T17:26:33.404+0000] {logging_mixin.py:137} INFO - [2025-10-05T17:26:33.404+0000] {dagbag.py:538} INFO - Filling up the DagBag from /home/airflow/.local/lib/python3.7/site-packages/airflow/example_dags/example_sensor_decorator.py
[2025-10-05T17:26:33.447+0000] {processor.py:753} INFO - DAG(s) dict_keys(['example_sensor_decorator']) retrieved from /home/airflow/.local/lib/python3.7/site-packages/airflow/example_dags/example_sensor_decorator.py
[2025-10-05T17:26:33.499+0000] {logging_mixin.py:137} INFO - [2025-10-05T17:26:33.498+0000] {dag.py:2690} INFO - Sync 1 DAGs
[2025-10-05T17:26:33.552+0000] {logging_mixin.py:137} INFO - [2025-10-05T17:26:33.552+0000] {dag.py:3441} INFO - Setting next_dagrun for example_sensor_decorator to None, run_after=None
[2025-10-05T17:26:33.595+0000] {processor.py:175} INFO - Processing /home/airflow/.local/lib/python3.7/site-packages/airflow/example_dags/example_sensor_decorator.py took 0.201 seconds
[2025-10-05T17:27:04.322+0000] {processor.py:153} INFO - Started process (PID=1550) to work on /home/airflow/.local/lib/python3.7/site-packages/airflow/example_dags/example_sensor_decorator.py
[2025-10-05T17:27:04.324+0000] {processor.py:743} INFO - Processing file /home/airflow/.local/lib/python3.7/site-packages/airflow/example_dags/example_sensor_decorator.py for tasks to queue
[2025-10-05T17:27:04.325+0000] {logging_mixin.py:137} INFO - [2025-10-05T17:27:04.325+0000] {dagbag.py:538} INFO - Filling up the DagBag from /home/airflow/.local/lib/python3.7/site-packages/airflow/example_dags/example_sensor_decorator.py
[2025-10-05T17:27:04.356+0000] {processor.py:753} INFO - DAG(s) dict_keys(['example_sensor_decorator']) retrieved from /home/airflow/.local/lib/python3.7/site-packages/airflow/example_dags/example_sensor_decorator.py
[2025-10-05T17:27:04.394+0000] {logging_mixin.py:137} INFO - [2025-10-05T17:27:04.394+0000] {dag.py:2690} INFO - Sync 1 DAGs
[2025-10-05T17:27:04.427+0000] {logging_mixin.py:137} INFO - [2025-10-05T17:27:04.426+0000] {dag.py:3441} INFO - Setting next_dagrun for example_sensor_decorator to None, run_after=None
[2025-10-05T17:27:04.457+0000] {processor.py:175} INFO - Processing /home/airflow/.local/lib/python3.7/site-packages/airflow/example_dags/example_sensor_decorator.py took 0.140 seconds
[2025-10-05T17:27:35.352+0000] {processor.py:153} INFO - Started process (PID=1639) to work on /home/airflow/.local/lib/python3.7/site-packages/airflow/example_dags/example_sensor_decorator.py
[2025-10-05T17:27:35.353+0000] {processor.py:743} INFO - Processing file /home/airflow/.local/lib/python3.7/site-packages/airflow/example_dags/example_sensor_decorator.py for tasks to queue
[2025-10-05T17:27:35.355+0000] {logging_mixin.py:137} INFO - [2025-10-05T17:27:35.354+0000] {dagbag.py:538} INFO - Filling up the DagBag from /home/airflow/.local/lib/python3.7/site-packages/airflow/example_dags/example_sensor_decorator.py
[2025-10-05T17:27:35.387+0000] {processor.py:753} INFO - DAG(s) dict_keys(['example_sensor_decorator']) retrieved from /home/airflow/.local/lib/python3.7/site-packages/airflow/example_dags/example_sensor_decorator.py
[2025-10-05T17:27:35.426+0000] {logging_mixin.py:137} INFO - [2025-10-05T17:27:35.426+0000] {dag.py:2690} INFO - Sync 1 DAGs
[2025-10-05T17:27:35.462+0000] {logging_mixin.py:137} INFO - [2025-10-05T17:27:35.462+0000] {dag.py:3441} INFO - Setting next_dagrun for example_sensor_decorator to None, run_after=None
[2025-10-05T17:27:35.495+0000] {processor.py:175} INFO - Processing /home/airflow/.local/lib/python3.7/site-packages/airflow/example_dags/example_sensor_decorator.py took 0.149 seconds
[2025-10-05T17:28:06.458+0000] {processor.py:153} INFO - Started process (PID=1753) to work on /home/airflow/.local/lib/python3.7/site-packages/airflow/example_dags/example_sensor_decorator.py
[2025-10-05T17:28:06.460+0000] {processor.py:743} INFO - Processing file /home/airflow/.local/lib/python3.7/site-packages/airflow/example_dags/example_sensor_decorator.py for tasks to queue
[2025-10-05T17:28:06.462+0000] {logging_mixin.py:137} INFO - [2025-10-05T17:28:06.462+0000] {dagbag.py:538} INFO - Filling up the DagBag from /home/airflow/.local/lib/python3.7/site-packages/airflow/example_dags/example_sensor_decorator.py
[2025-10-05T17:28:06.514+0000] {processor.py:753} INFO - DAG(s) dict_keys(['example_sensor_decorator']) retrieved from /home/airflow/.local/lib/python3.7/site-packages/airflow/example_dags/example_sensor_decorator.py
[2025-10-05T17:28:06.569+0000] {logging_mixin.py:137} INFO - [2025-10-05T17:28:06.569+0000] {dag.py:2690} INFO - Sync 1 DAGs
[2025-10-05T17:28:06.618+0000] {logging_mixin.py:137} INFO - [2025-10-05T17:28:06.618+0000] {dag.py:3441} INFO - Setting next_dagrun for example_sensor_decorator to None, run_after=None
[2025-10-05T17:28:06.658+0000] {processor.py:175} INFO - Processing /home/airflow/.local/lib/python3.7/site-packages/airflow/example_dags/example_sensor_decorator.py took 0.207 seconds
[2025-10-05T17:28:37.275+0000] {processor.py:153} INFO - Started process (PID=1842) to work on /home/airflow/.local/lib/python3.7/site-packages/airflow/example_dags/example_sensor_decorator.py
[2025-10-05T17:28:37.277+0000] {processor.py:743} INFO - Processing file /home/airflow/.local/lib/python3.7/site-packages/airflow/example_dags/example_sensor_decorator.py for tasks to queue
[2025-10-05T17:28:37.278+0000] {logging_mixin.py:137} INFO - [2025-10-05T17:28:37.277+0000] {dagbag.py:538} INFO - Filling up the DagBag from /home/airflow/.local/lib/python3.7/site-packages/airflow/example_dags/example_sensor_decorator.py
[2025-10-05T17:28:37.315+0000] {processor.py:753} INFO - DAG(s) dict_keys(['example_sensor_decorator']) retrieved from /home/airflow/.local/lib/python3.7/site-packages/airflow/example_dags/example_sensor_decorator.py
[2025-10-05T17:28:37.350+0000] {logging_mixin.py:137} INFO - [2025-10-05T17:28:37.349+0000] {dag.py:2690} INFO - Sync 1 DAGs
[2025-10-05T17:28:37.379+0000] {logging_mixin.py:137} INFO - [2025-10-05T17:28:37.379+0000] {dag.py:3441} INFO - Setting next_dagrun for example_sensor_decorator to None, run_after=None
[2025-10-05T17:28:37.409+0000] {processor.py:175} INFO - Processing /home/airflow/.local/lib/python3.7/site-packages/airflow/example_dags/example_sensor_decorator.py took 0.138 seconds
[2025-10-05T17:29:08.363+0000] {processor.py:153} INFO - Started process (PID=1931) to work on /home/airflow/.local/lib/python3.7/site-packages/airflow/example_dags/example_sensor_decorator.py
[2025-10-05T17:29:08.365+0000] {processor.py:743} INFO - Processing file /home/airflow/.local/lib/python3.7/site-packages/airflow/example_dags/example_sensor_decorator.py for tasks to queue
[2025-10-05T17:29:08.366+0000] {logging_mixin.py:137} INFO - [2025-10-05T17:29:08.366+0000] {dagbag.py:538} INFO - Filling up the DagBag from /home/airflow/.local/lib/python3.7/site-packages/airflow/example_dags/example_sensor_decorator.py
[2025-10-05T17:29:08.399+0000] {processor.py:753} INFO - DAG(s) dict_keys(['example_sensor_decorator']) retrieved from /home/airflow/.local/lib/python3.7/site-packages/airflow/example_dags/example_sensor_decorator.py
[2025-10-05T17:29:08.429+0000] {logging_mixin.py:137} INFO - [2025-10-05T17:29:08.429+0000] {dag.py:2690} INFO - Sync 1 DAGs
[2025-10-05T17:29:08.460+0000] {logging_mixin.py:137} INFO - [2025-10-05T17:29:08.460+0000] {dag.py:3441} INFO - Setting next_dagrun for example_sensor_decorator to None, run_after=None
[2025-10-05T17:29:08.487+0000] {processor.py:175} INFO - Processing /home/airflow/.local/lib/python3.7/site-packages/airflow/example_dags/example_sensor_decorator.py took 0.128 seconds
[2025-10-05T17:29:39.522+0000] {processor.py:153} INFO - Started process (PID=2044) to work on /home/airflow/.local/lib/python3.7/site-packages/airflow/example_dags/example_sensor_decorator.py
[2025-10-05T17:29:39.524+0000] {processor.py:743} INFO - Processing file /home/airflow/.local/lib/python3.7/site-packages/airflow/example_dags/example_sensor_decorator.py for tasks to queue
[2025-10-05T17:29:39.525+0000] {logging_mixin.py:137} INFO - [2025-10-05T17:29:39.525+0000] {dagbag.py:538} INFO - Filling up the DagBag from /home/airflow/.local/lib/python3.7/site-packages/airflow/example_dags/example_sensor_decorator.py
[2025-10-05T17:29:39.556+0000] {processor.py:753} INFO - DAG(s) dict_keys(['example_sensor_decorator']) retrieved from /home/airflow/.local/lib/python3.7/site-packages/airflow/example_dags/example_sensor_decorator.py
[2025-10-05T17:29:39.596+0000] {logging_mixin.py:137} INFO - [2025-10-05T17:29:39.596+0000] {dag.py:2690} INFO - Sync 1 DAGs
[2025-10-05T17:29:39.632+0000] {logging_mixin.py:137} INFO - [2025-10-05T17:29:39.632+0000] {dag.py:3441} INFO - Setting next_dagrun for example_sensor_decorator to None, run_after=None
[2025-10-05T17:29:39.662+0000] {processor.py:175} INFO - Processing /home/airflow/.local/lib/python3.7/site-packages/airflow/example_dags/example_sensor_decorator.py took 0.145 seconds
[2025-10-05T17:30:10.064+0000] {processor.py:153} INFO - Started process (PID=2134) to work on /home/airflow/.local/lib/python3.7/site-packages/airflow/example_dags/example_sensor_decorator.py
[2025-10-05T17:30:10.065+0000] {processor.py:743} INFO - Processing file /home/airflow/.local/lib/python3.7/site-packages/airflow/example_dags/example_sensor_decorator.py for tasks to queue
[2025-10-05T17:30:10.067+0000] {logging_mixin.py:137} INFO - [2025-10-05T17:30:10.066+0000] {dagbag.py:538} INFO - Filling up the DagBag from /home/airflow/.local/lib/python3.7/site-packages/airflow/example_dags/example_sensor_decorator.py
[2025-10-05T17:30:10.092+0000] {processor.py:753} INFO - DAG(s) dict_keys(['example_sensor_decorator']) retrieved from /home/airflow/.local/lib/python3.7/site-packages/airflow/example_dags/example_sensor_decorator.py
[2025-10-05T17:30:10.125+0000] {logging_mixin.py:137} INFO - [2025-10-05T17:30:10.125+0000] {dag.py:2690} INFO - Sync 1 DAGs
[2025-10-05T17:30:10.157+0000] {logging_mixin.py:137} INFO - [2025-10-05T17:30:10.156+0000] {dag.py:3441} INFO - Setting next_dagrun for example_sensor_decorator to None, run_after=None
[2025-10-05T17:30:10.192+0000] {processor.py:175} INFO - Processing /home/airflow/.local/lib/python3.7/site-packages/airflow/example_dags/example_sensor_decorator.py took 0.132 seconds
[2025-10-05T17:30:40.544+0000] {processor.py:153} INFO - Started process (PID=2248) to work on /home/airflow/.local/lib/python3.7/site-packages/airflow/example_dags/example_sensor_decorator.py
[2025-10-05T17:30:40.545+0000] {processor.py:743} INFO - Processing file /home/airflow/.local/lib/python3.7/site-packages/airflow/example_dags/example_sensor_decorator.py for tasks to queue
[2025-10-05T17:30:40.546+0000] {logging_mixin.py:137} INFO - [2025-10-05T17:30:40.546+0000] {dagbag.py:538} INFO - Filling up the DagBag from /home/airflow/.local/lib/python3.7/site-packages/airflow/example_dags/example_sensor_decorator.py
[2025-10-05T17:30:40.574+0000] {processor.py:753} INFO - DAG(s) dict_keys(['example_sensor_decorator']) retrieved from /home/airflow/.local/lib/python3.7/site-packages/airflow/example_dags/example_sensor_decorator.py
[2025-10-05T17:30:40.606+0000] {logging_mixin.py:137} INFO - [2025-10-05T17:30:40.606+0000] {dag.py:2690} INFO - Sync 1 DAGs
[2025-10-05T17:30:40.635+0000] {logging_mixin.py:137} INFO - [2025-10-05T17:30:40.635+0000] {dag.py:3441} INFO - Setting next_dagrun for example_sensor_decorator to None, run_after=None
[2025-10-05T17:30:40.668+0000] {processor.py:175} INFO - Processing /home/airflow/.local/lib/python3.7/site-packages/airflow/example_dags/example_sensor_decorator.py took 0.129 seconds
[2025-10-05T17:31:11.654+0000] {processor.py:153} INFO - Started process (PID=2337) to work on /home/airflow/.local/lib/python3.7/site-packages/airflow/example_dags/example_sensor_decorator.py
[2025-10-05T17:31:11.656+0000] {processor.py:743} INFO - Processing file /home/airflow/.local/lib/python3.7/site-packages/airflow/example_dags/example_sensor_decorator.py for tasks to queue
[2025-10-05T17:31:11.657+0000] {logging_mixin.py:137} INFO - [2025-10-05T17:31:11.657+0000] {dagbag.py:538} INFO - Filling up the DagBag from /home/airflow/.local/lib/python3.7/site-packages/airflow/example_dags/example_sensor_decorator.py
[2025-10-05T17:31:11.692+0000] {processor.py:753} INFO - DAG(s) dict_keys(['example_sensor_decorator']) retrieved from /home/airflow/.local/lib/python3.7/site-packages/airflow/example_dags/example_sensor_decorator.py
[2025-10-05T17:31:11.733+0000] {logging_mixin.py:137} INFO - [2025-10-05T17:31:11.733+0000] {dag.py:2690} INFO - Sync 1 DAGs
[2025-10-05T17:31:11.766+0000] {logging_mixin.py:137} INFO - [2025-10-05T17:31:11.766+0000] {dag.py:3441} INFO - Setting next_dagrun for example_sensor_decorator to None, run_after=None
[2025-10-05T17:31:11.792+0000] {processor.py:175} INFO - Processing /home/airflow/.local/lib/python3.7/site-packages/airflow/example_dags/example_sensor_decorator.py took 0.142 seconds
[2025-10-05T17:31:42.784+0000] {processor.py:153} INFO - Started process (PID=2451) to work on /home/airflow/.local/lib/python3.7/site-packages/airflow/example_dags/example_sensor_decorator.py
[2025-10-05T17:31:42.785+0000] {processor.py:743} INFO - Processing file /home/airflow/.local/lib/python3.7/site-packages/airflow/example_dags/example_sensor_decorator.py for tasks to queue
[2025-10-05T17:31:42.787+0000] {logging_mixin.py:137} INFO - [2025-10-05T17:31:42.786+0000] {dagbag.py:538} INFO - Filling up the DagBag from /home/airflow/.local/lib/python3.7/site-packages/airflow/example_dags/example_sensor_decorator.py
[2025-10-05T17:31:42.811+0000] {processor.py:753} INFO - DAG(s) dict_keys(['example_sensor_decorator']) retrieved from /home/airflow/.local/lib/python3.7/site-packages/airflow/example_dags/example_sensor_decorator.py
[2025-10-05T17:31:42.843+0000] {logging_mixin.py:137} INFO - [2025-10-05T17:31:42.842+0000] {dag.py:2690} INFO - Sync 1 DAGs
[2025-10-05T17:31:42.871+0000] {logging_mixin.py:137} INFO - [2025-10-05T17:31:42.871+0000] {dag.py:3441} INFO - Setting next_dagrun for example_sensor_decorator to None, run_after=None
[2025-10-05T17:31:42.907+0000] {processor.py:175} INFO - Processing /home/airflow/.local/lib/python3.7/site-packages/airflow/example_dags/example_sensor_decorator.py took 0.127 seconds
[2025-10-05T17:32:13.421+0000] {processor.py:153} INFO - Started process (PID=2540) to work on /home/airflow/.local/lib/python3.7/site-packages/airflow/example_dags/example_sensor_decorator.py
[2025-10-05T17:32:13.423+0000] {processor.py:743} INFO - Processing file /home/airflow/.local/lib/python3.7/site-packages/airflow/example_dags/example_sensor_decorator.py for tasks to queue
[2025-10-05T17:32:13.424+0000] {logging_mixin.py:137} INFO - [2025-10-05T17:32:13.424+0000] {dagbag.py:538} INFO - Filling up the DagBag from /home/airflow/.local/lib/python3.7/site-packages/airflow/example_dags/example_sensor_decorator.py
[2025-10-05T17:32:13.449+0000] {processor.py:753} INFO - DAG(s) dict_keys(['example_sensor_decorator']) retrieved from /home/airflow/.local/lib/python3.7/site-packages/airflow/example_dags/example_sensor_decorator.py
[2025-10-05T17:32:13.482+0000] {logging_mixin.py:137} INFO - [2025-10-05T17:32:13.482+0000] {dag.py:2690} INFO - Sync 1 DAGs
[2025-10-05T17:32:13.513+0000] {logging_mixin.py:137} INFO - [2025-10-05T17:32:13.513+0000] {dag.py:3441} INFO - Setting next_dagrun for example_sensor_decorator to None, run_after=None
[2025-10-05T17:32:13.540+0000] {processor.py:175} INFO - Processing /home/airflow/.local/lib/python3.7/site-packages/airflow/example_dags/example_sensor_decorator.py took 0.123 seconds
[2025-10-05T17:32:44.274+0000] {processor.py:153} INFO - Started process (PID=2653) to work on /home/airflow/.local/lib/python3.7/site-packages/airflow/example_dags/example_sensor_decorator.py
[2025-10-05T17:32:44.275+0000] {processor.py:743} INFO - Processing file /home/airflow/.local/lib/python3.7/site-packages/airflow/example_dags/example_sensor_decorator.py for tasks to queue
[2025-10-05T17:32:44.276+0000] {logging_mixin.py:137} INFO - [2025-10-05T17:32:44.276+0000] {dagbag.py:538} INFO - Filling up the DagBag from /home/airflow/.local/lib/python3.7/site-packages/airflow/example_dags/example_sensor_decorator.py
[2025-10-05T17:32:44.308+0000] {processor.py:753} INFO - DAG(s) dict_keys(['example_sensor_decorator']) retrieved from /home/airflow/.local/lib/python3.7/site-packages/airflow/example_dags/example_sensor_decorator.py
[2025-10-05T17:32:44.342+0000] {logging_mixin.py:137} INFO - [2025-10-05T17:32:44.342+0000] {dag.py:2690} INFO - Sync 1 DAGs
[2025-10-05T17:32:44.371+0000] {logging_mixin.py:137} INFO - [2025-10-05T17:32:44.370+0000] {dag.py:3441} INFO - Setting next_dagrun for example_sensor_decorator to None, run_after=None
[2025-10-05T17:32:44.407+0000] {processor.py:175} INFO - Processing /home/airflow/.local/lib/python3.7/site-packages/airflow/example_dags/example_sensor_decorator.py took 0.138 seconds
[2025-10-05T17:33:14.780+0000] {processor.py:153} INFO - Started process (PID=2742) to work on /home/airflow/.local/lib/python3.7/site-packages/airflow/example_dags/example_sensor_decorator.py
[2025-10-05T17:33:14.781+0000] {processor.py:743} INFO - Processing file /home/airflow/.local/lib/python3.7/site-packages/airflow/example_dags/example_sensor_decorator.py for tasks to queue
[2025-10-05T17:33:14.783+0000] {logging_mixin.py:137} INFO - [2025-10-05T17:33:14.783+0000] {dagbag.py:538} INFO - Filling up the DagBag from /home/airflow/.local/lib/python3.7/site-packages/airflow/example_dags/example_sensor_decorator.py
[2025-10-05T17:33:14.809+0000] {processor.py:753} INFO - DAG(s) dict_keys(['example_sensor_decorator']) retrieved from /home/airflow/.local/lib/python3.7/site-packages/airflow/example_dags/example_sensor_decorator.py
[2025-10-05T17:33:14.840+0000] {logging_mixin.py:137} INFO - [2025-10-05T17:33:14.840+0000] {dag.py:2690} INFO - Sync 1 DAGs
[2025-10-05T17:33:14.868+0000] {logging_mixin.py:137} INFO - [2025-10-05T17:33:14.867+0000] {dag.py:3441} INFO - Setting next_dagrun for example_sensor_decorator to None, run_after=None
[2025-10-05T17:33:14.901+0000] {processor.py:175} INFO - Processing /home/airflow/.local/lib/python3.7/site-packages/airflow/example_dags/example_sensor_decorator.py took 0.125 seconds
[2025-10-05T17:33:44.990+0000] {processor.py:153} INFO - Started process (PID=2829) to work on /home/airflow/.local/lib/python3.7/site-packages/airflow/example_dags/example_sensor_decorator.py
[2025-10-05T17:33:44.992+0000] {processor.py:743} INFO - Processing file /home/airflow/.local/lib/python3.7/site-packages/airflow/example_dags/example_sensor_decorator.py for tasks to queue
[2025-10-05T17:33:44.993+0000] {logging_mixin.py:137} INFO - [2025-10-05T17:33:44.993+0000] {dagbag.py:538} INFO - Filling up the DagBag from /home/airflow/.local/lib/python3.7/site-packages/airflow/example_dags/example_sensor_decorator.py
[2025-10-05T17:33:45.028+0000] {processor.py:753} INFO - DAG(s) dict_keys(['example_sensor_decorator']) retrieved from /home/airflow/.local/lib/python3.7/site-packages/airflow/example_dags/example_sensor_decorator.py
[2025-10-05T17:33:45.070+0000] {logging_mixin.py:137} INFO - [2025-10-05T17:33:45.069+0000] {dag.py:2690} INFO - Sync 1 DAGs
[2025-10-05T17:33:45.103+0000] {logging_mixin.py:137} INFO - [2025-10-05T17:33:45.103+0000] {dag.py:3441} INFO - Setting next_dagrun for example_sensor_decorator to None, run_after=None
[2025-10-05T17:33:45.143+0000] {processor.py:175} INFO - Processing /home/airflow/.local/lib/python3.7/site-packages/airflow/example_dags/example_sensor_decorator.py took 0.158 seconds
[2025-10-05T17:34:15.879+0000] {processor.py:153} INFO - Started process (PID=2943) to work on /home/airflow/.local/lib/python3.7/site-packages/airflow/example_dags/example_sensor_decorator.py
[2025-10-05T17:34:15.880+0000] {processor.py:743} INFO - Processing file /home/airflow/.local/lib/python3.7/site-packages/airflow/example_dags/example_sensor_decorator.py for tasks to queue
[2025-10-05T17:34:15.882+0000] {logging_mixin.py:137} INFO - [2025-10-05T17:34:15.881+0000] {dagbag.py:538} INFO - Filling up the DagBag from /home/airflow/.local/lib/python3.7/site-packages/airflow/example_dags/example_sensor_decorator.py
[2025-10-05T17:34:15.910+0000] {processor.py:753} INFO - DAG(s) dict_keys(['example_sensor_decorator']) retrieved from /home/airflow/.local/lib/python3.7/site-packages/airflow/example_dags/example_sensor_decorator.py
[2025-10-05T17:34:15.943+0000] {logging_mixin.py:137} INFO - [2025-10-05T17:34:15.943+0000] {dag.py:2690} INFO - Sync 1 DAGs
[2025-10-05T17:34:15.973+0000] {logging_mixin.py:137} INFO - [2025-10-05T17:34:15.972+0000] {dag.py:3441} INFO - Setting next_dagrun for example_sensor_decorator to None, run_after=None
[2025-10-05T17:34:16.008+0000] {processor.py:175} INFO - Processing /home/airflow/.local/lib/python3.7/site-packages/airflow/example_dags/example_sensor_decorator.py took 0.133 seconds
[2025-10-05T17:34:46.155+0000] {processor.py:153} INFO - Started process (PID=3032) to work on /home/airflow/.local/lib/python3.7/site-packages/airflow/example_dags/example_sensor_decorator.py
[2025-10-05T17:34:46.157+0000] {processor.py:743} INFO - Processing file /home/airflow/.local/lib/python3.7/site-packages/airflow/example_dags/example_sensor_decorator.py for tasks to queue
[2025-10-05T17:34:46.158+0000] {logging_mixin.py:137} INFO - [2025-10-05T17:34:46.158+0000] {dagbag.py:538} INFO - Filling up the DagBag from /home/airflow/.local/lib/python3.7/site-packages/airflow/example_dags/example_sensor_decorator.py
[2025-10-05T17:34:46.183+0000] {processor.py:753} INFO - DAG(s) dict_keys(['example_sensor_decorator']) retrieved from /home/airflow/.local/lib/python3.7/site-packages/airflow/example_dags/example_sensor_decorator.py
[2025-10-05T17:34:46.215+0000] {logging_mixin.py:137} INFO - [2025-10-05T17:34:46.215+0000] {dag.py:2690} INFO - Sync 1 DAGs
[2025-10-05T17:34:46.245+0000] {logging_mixin.py:137} INFO - [2025-10-05T17:34:46.244+0000] {dag.py:3441} INFO - Setting next_dagrun for example_sensor_decorator to None, run_after=None
[2025-10-05T17:34:46.270+0000] {processor.py:175} INFO - Processing /home/airflow/.local/lib/python3.7/site-packages/airflow/example_dags/example_sensor_decorator.py took 0.118 seconds
[2025-10-05T17:35:16.662+0000] {processor.py:153} INFO - Started process (PID=3121) to work on /home/airflow/.local/lib/python3.7/site-packages/airflow/example_dags/example_sensor_decorator.py
[2025-10-05T17:35:16.664+0000] {processor.py:743} INFO - Processing file /home/airflow/.local/lib/python3.7/site-packages/airflow/example_dags/example_sensor_decorator.py for tasks to queue
[2025-10-05T17:35:16.665+0000] {logging_mixin.py:137} INFO - [2025-10-05T17:35:16.665+0000] {dagbag.py:538} INFO - Filling up the DagBag from /home/airflow/.local/lib/python3.7/site-packages/airflow/example_dags/example_sensor_decorator.py
[2025-10-05T17:35:16.691+0000] {processor.py:753} INFO - DAG(s) dict_keys(['example_sensor_decorator']) retrieved from /home/airflow/.local/lib/python3.7/site-packages/airflow/example_dags/example_sensor_decorator.py
[2025-10-05T17:35:16.724+0000] {logging_mixin.py:137} INFO - [2025-10-05T17:35:16.724+0000] {dag.py:2690} INFO - Sync 1 DAGs
[2025-10-05T17:35:16.756+0000] {logging_mixin.py:137} INFO - [2025-10-05T17:35:16.756+0000] {dag.py:3441} INFO - Setting next_dagrun for example_sensor_decorator to None, run_after=None
[2025-10-05T17:35:16.782+0000] {processor.py:175} INFO - Processing /home/airflow/.local/lib/python3.7/site-packages/airflow/example_dags/example_sensor_decorator.py took 0.125 seconds
[2025-10-05T17:35:47.177+0000] {processor.py:153} INFO - Started process (PID=3234) to work on /home/airflow/.local/lib/python3.7/site-packages/airflow/example_dags/example_sensor_decorator.py
[2025-10-05T17:35:47.179+0000] {processor.py:743} INFO - Processing file /home/airflow/.local/lib/python3.7/site-packages/airflow/example_dags/example_sensor_decorator.py for tasks to queue
[2025-10-05T17:35:47.180+0000] {logging_mixin.py:137} INFO - [2025-10-05T17:35:47.180+0000] {dagbag.py:538} INFO - Filling up the DagBag from /home/airflow/.local/lib/python3.7/site-packages/airflow/example_dags/example_sensor_decorator.py
[2025-10-05T17:35:47.203+0000] {processor.py:753} INFO - DAG(s) dict_keys(['example_sensor_decorator']) retrieved from /home/airflow/.local/lib/python3.7/site-packages/airflow/example_dags/example_sensor_decorator.py
[2025-10-05T17:35:47.235+0000] {logging_mixin.py:137} INFO - [2025-10-05T17:35:47.235+0000] {dag.py:2690} INFO - Sync 1 DAGs
[2025-10-05T17:35:47.263+0000] {logging_mixin.py:137} INFO - [2025-10-05T17:35:47.263+0000] {dag.py:3441} INFO - Setting next_dagrun for example_sensor_decorator to None, run_after=None
[2025-10-05T17:35:47.296+0000] {processor.py:175} INFO - Processing /home/airflow/.local/lib/python3.7/site-packages/airflow/example_dags/example_sensor_decorator.py took 0.123 seconds
[2025-10-05T17:36:18.030+0000] {processor.py:153} INFO - Started process (PID=3323) to work on /home/airflow/.local/lib/python3.7/site-packages/airflow/example_dags/example_sensor_decorator.py
[2025-10-05T17:36:18.033+0000] {processor.py:743} INFO - Processing file /home/airflow/.local/lib/python3.7/site-packages/airflow/example_dags/example_sensor_decorator.py for tasks to queue
[2025-10-05T17:36:18.036+0000] {logging_mixin.py:137} INFO - [2025-10-05T17:36:18.036+0000] {dagbag.py:538} INFO - Filling up the DagBag from /home/airflow/.local/lib/python3.7/site-packages/airflow/example_dags/example_sensor_decorator.py
[2025-10-05T17:36:18.073+0000] {processor.py:753} INFO - DAG(s) dict_keys(['example_sensor_decorator']) retrieved from /home/airflow/.local/lib/python3.7/site-packages/airflow/example_dags/example_sensor_decorator.py
[2025-10-05T17:36:18.103+0000] {logging_mixin.py:137} INFO - [2025-10-05T17:36:18.103+0000] {dag.py:2690} INFO - Sync 1 DAGs
[2025-10-05T17:36:18.134+0000] {logging_mixin.py:137} INFO - [2025-10-05T17:36:18.134+0000] {dag.py:3441} INFO - Setting next_dagrun for example_sensor_decorator to None, run_after=None
[2025-10-05T17:36:18.165+0000] {processor.py:175} INFO - Processing /home/airflow/.local/lib/python3.7/site-packages/airflow/example_dags/example_sensor_decorator.py took 0.144 seconds
[2025-10-05T17:36:48.717+0000] {processor.py:153} INFO - Started process (PID=3437) to work on /home/airflow/.local/lib/python3.7/site-packages/airflow/example_dags/example_sensor_decorator.py
[2025-10-05T17:36:48.718+0000] {processor.py:743} INFO - Processing file /home/airflow/.local/lib/python3.7/site-packages/airflow/example_dags/example_sensor_decorator.py for tasks to queue
[2025-10-05T17:36:48.720+0000] {logging_mixin.py:137} INFO - [2025-10-05T17:36:48.720+0000] {dagbag.py:538} INFO - Filling up the DagBag from /home/airflow/.local/lib/python3.7/site-packages/airflow/example_dags/example_sensor_decorator.py
[2025-10-05T17:36:48.755+0000] {processor.py:753} INFO - DAG(s) dict_keys(['example_sensor_decorator']) retrieved from /home/airflow/.local/lib/python3.7/site-packages/airflow/example_dags/example_sensor_decorator.py
[2025-10-05T17:36:48.796+0000] {logging_mixin.py:137} INFO - [2025-10-05T17:36:48.795+0000] {dag.py:2690} INFO - Sync 1 DAGs
[2025-10-05T17:36:48.849+0000] {logging_mixin.py:137} INFO - [2025-10-05T17:36:48.849+0000] {dag.py:3441} INFO - Setting next_dagrun for example_sensor_decorator to None, run_after=None
[2025-10-05T17:36:48.900+0000] {processor.py:175} INFO - Processing /home/airflow/.local/lib/python3.7/site-packages/airflow/example_dags/example_sensor_decorator.py took 0.189 seconds
