[2025-10-05T17:19:25.816+0000] {processor.py:153} INFO - Started process (PID=84) to work on /home/airflow/.local/lib/python3.7/site-packages/airflow/example_dags/example_complex.py
[2025-10-05T17:19:25.818+0000] {processor.py:743} INFO - Processing file /home/airflow/.local/lib/python3.7/site-packages/airflow/example_dags/example_complex.py for tasks to queue
[2025-10-05T17:19:25.819+0000] {logging_mixin.py:137} INFO - [2025-10-05T17:19:25.819+0000] {dagbag.py:538} INFO - Filling up the DagBag from /home/airflow/.local/lib/python3.7/site-packages/airflow/example_dags/example_complex.py
[2025-10-05T17:19:25.839+0000] {logging_mixin.py:137} INFO - [2025-10-05T17:19:25.839+0000] {taskmixin.py:205} WARNING - Dependency <Task(BashOperator): create_entry_group>, delete_entry_group already registered for DAG: example_complex
[2025-10-05T17:19:25.840+0000] {logging_mixin.py:137} INFO - [2025-10-05T17:19:25.840+0000] {taskmixin.py:205} WARNING - Dependency <Task(BashOperator): delete_entry_group>, create_entry_group already registered for DAG: example_complex
[2025-10-05T17:19:25.841+0000] {logging_mixin.py:137} INFO - [2025-10-05T17:19:25.840+0000] {taskmixin.py:205} WARNING - Dependency <Task(BashOperator): create_entry_gcs>, delete_entry already registered for DAG: example_complex
[2025-10-05T17:19:25.841+0000] {logging_mixin.py:137} INFO - [2025-10-05T17:19:25.841+0000] {taskmixin.py:205} WARNING - Dependency <Task(BashOperator): delete_entry>, create_entry_gcs already registered for DAG: example_complex
[2025-10-05T17:19:25.842+0000] {logging_mixin.py:137} INFO - [2025-10-05T17:19:25.842+0000] {taskmixin.py:205} WARNING - Dependency <Task(BashOperator): create_tag>, delete_tag already registered for DAG: example_complex
[2025-10-05T17:19:25.843+0000] {logging_mixin.py:137} INFO - [2025-10-05T17:19:25.843+0000] {taskmixin.py:205} WARNING - Dependency <Task(BashOperator): delete_tag>, create_tag already registered for DAG: example_complex
[2025-10-05T17:19:25.854+0000] {processor.py:753} INFO - DAG(s) dict_keys(['example_complex']) retrieved from /home/airflow/.local/lib/python3.7/site-packages/airflow/example_dags/example_complex.py
[2025-10-05T17:19:25.881+0000] {logging_mixin.py:137} INFO - [2025-10-05T17:19:25.881+0000] {dag.py:2690} INFO - Sync 1 DAGs
[2025-10-05T17:19:25.919+0000] {logging_mixin.py:137} INFO - [2025-10-05T17:19:25.919+0000] {dag.py:3441} INFO - Setting next_dagrun for example_complex to None, run_after=None
[2025-10-05T17:19:25.949+0000] {processor.py:175} INFO - Processing /home/airflow/.local/lib/python3.7/site-packages/airflow/example_dags/example_complex.py took 0.138 seconds
[2025-10-05T17:19:56.588+0000] {processor.py:153} INFO - Started process (PID=173) to work on /home/airflow/.local/lib/python3.7/site-packages/airflow/example_dags/example_complex.py
[2025-10-05T17:19:56.590+0000] {processor.py:743} INFO - Processing file /home/airflow/.local/lib/python3.7/site-packages/airflow/example_dags/example_complex.py for tasks to queue
[2025-10-05T17:19:56.591+0000] {logging_mixin.py:137} INFO - [2025-10-05T17:19:56.591+0000] {dagbag.py:538} INFO - Filling up the DagBag from /home/airflow/.local/lib/python3.7/site-packages/airflow/example_dags/example_complex.py
[2025-10-05T17:19:56.607+0000] {logging_mixin.py:137} INFO - [2025-10-05T17:19:56.607+0000] {taskmixin.py:205} WARNING - Dependency <Task(BashOperator): create_entry_group>, delete_entry_group already registered for DAG: example_complex
[2025-10-05T17:19:56.608+0000] {logging_mixin.py:137} INFO - [2025-10-05T17:19:56.608+0000] {taskmixin.py:205} WARNING - Dependency <Task(BashOperator): delete_entry_group>, create_entry_group already registered for DAG: example_complex
[2025-10-05T17:19:56.609+0000] {logging_mixin.py:137} INFO - [2025-10-05T17:19:56.609+0000] {taskmixin.py:205} WARNING - Dependency <Task(BashOperator): create_entry_gcs>, delete_entry already registered for DAG: example_complex
[2025-10-05T17:19:56.609+0000] {logging_mixin.py:137} INFO - [2025-10-05T17:19:56.609+0000] {taskmixin.py:205} WARNING - Dependency <Task(BashOperator): delete_entry>, create_entry_gcs already registered for DAG: example_complex
[2025-10-05T17:19:56.611+0000] {logging_mixin.py:137} INFO - [2025-10-05T17:19:56.610+0000] {taskmixin.py:205} WARNING - Dependency <Task(BashOperator): create_tag>, delete_tag already registered for DAG: example_complex
[2025-10-05T17:19:56.611+0000] {logging_mixin.py:137} INFO - [2025-10-05T17:19:56.611+0000] {taskmixin.py:205} WARNING - Dependency <Task(BashOperator): delete_tag>, create_tag already registered for DAG: example_complex
[2025-10-05T17:19:56.620+0000] {processor.py:753} INFO - DAG(s) dict_keys(['example_complex']) retrieved from /home/airflow/.local/lib/python3.7/site-packages/airflow/example_dags/example_complex.py
[2025-10-05T17:19:56.661+0000] {logging_mixin.py:137} INFO - [2025-10-05T17:19:56.661+0000] {dag.py:2690} INFO - Sync 1 DAGs
[2025-10-05T17:19:56.694+0000] {logging_mixin.py:137} INFO - [2025-10-05T17:19:56.693+0000] {dag.py:3441} INFO - Setting next_dagrun for example_complex to None, run_after=None
[2025-10-05T17:19:56.724+0000] {processor.py:175} INFO - Processing /home/airflow/.local/lib/python3.7/site-packages/airflow/example_dags/example_complex.py took 0.141 seconds
[2025-10-05T17:20:27.578+0000] {processor.py:153} INFO - Started process (PID=286) to work on /home/airflow/.local/lib/python3.7/site-packages/airflow/example_dags/example_complex.py
[2025-10-05T17:20:27.580+0000] {processor.py:743} INFO - Processing file /home/airflow/.local/lib/python3.7/site-packages/airflow/example_dags/example_complex.py for tasks to queue
[2025-10-05T17:20:27.581+0000] {logging_mixin.py:137} INFO - [2025-10-05T17:20:27.581+0000] {dagbag.py:538} INFO - Filling up the DagBag from /home/airflow/.local/lib/python3.7/site-packages/airflow/example_dags/example_complex.py
[2025-10-05T17:20:27.596+0000] {logging_mixin.py:137} INFO - [2025-10-05T17:20:27.596+0000] {taskmixin.py:205} WARNING - Dependency <Task(BashOperator): create_entry_group>, delete_entry_group already registered for DAG: example_complex
[2025-10-05T17:20:27.597+0000] {logging_mixin.py:137} INFO - [2025-10-05T17:20:27.597+0000] {taskmixin.py:205} WARNING - Dependency <Task(BashOperator): delete_entry_group>, create_entry_group already registered for DAG: example_complex
[2025-10-05T17:20:27.598+0000] {logging_mixin.py:137} INFO - [2025-10-05T17:20:27.598+0000] {taskmixin.py:205} WARNING - Dependency <Task(BashOperator): create_entry_gcs>, delete_entry already registered for DAG: example_complex
[2025-10-05T17:20:27.598+0000] {logging_mixin.py:137} INFO - [2025-10-05T17:20:27.598+0000] {taskmixin.py:205} WARNING - Dependency <Task(BashOperator): delete_entry>, create_entry_gcs already registered for DAG: example_complex
[2025-10-05T17:20:27.599+0000] {logging_mixin.py:137} INFO - [2025-10-05T17:20:27.599+0000] {taskmixin.py:205} WARNING - Dependency <Task(BashOperator): create_tag>, delete_tag already registered for DAG: example_complex
[2025-10-05T17:20:27.600+0000] {logging_mixin.py:137} INFO - [2025-10-05T17:20:27.600+0000] {taskmixin.py:205} WARNING - Dependency <Task(BashOperator): delete_tag>, create_tag already registered for DAG: example_complex
[2025-10-05T17:20:27.614+0000] {processor.py:753} INFO - DAG(s) dict_keys(['example_complex']) retrieved from /home/airflow/.local/lib/python3.7/site-packages/airflow/example_dags/example_complex.py
[2025-10-05T17:20:27.654+0000] {logging_mixin.py:137} INFO - [2025-10-05T17:20:27.653+0000] {dag.py:2690} INFO - Sync 1 DAGs
[2025-10-05T17:20:27.685+0000] {logging_mixin.py:137} INFO - [2025-10-05T17:20:27.685+0000] {dag.py:3441} INFO - Setting next_dagrun for example_complex to None, run_after=None
[2025-10-05T17:20:27.711+0000] {processor.py:175} INFO - Processing /home/airflow/.local/lib/python3.7/site-packages/airflow/example_dags/example_complex.py took 0.140 seconds
[2025-10-05T17:20:58.402+0000] {processor.py:153} INFO - Started process (PID=375) to work on /home/airflow/.local/lib/python3.7/site-packages/airflow/example_dags/example_complex.py
[2025-10-05T17:20:58.403+0000] {processor.py:743} INFO - Processing file /home/airflow/.local/lib/python3.7/site-packages/airflow/example_dags/example_complex.py for tasks to queue
[2025-10-05T17:20:58.405+0000] {logging_mixin.py:137} INFO - [2025-10-05T17:20:58.404+0000] {dagbag.py:538} INFO - Filling up the DagBag from /home/airflow/.local/lib/python3.7/site-packages/airflow/example_dags/example_complex.py
[2025-10-05T17:20:58.418+0000] {logging_mixin.py:137} INFO - [2025-10-05T17:20:58.417+0000] {taskmixin.py:205} WARNING - Dependency <Task(BashOperator): create_entry_group>, delete_entry_group already registered for DAG: example_complex
[2025-10-05T17:20:58.418+0000] {logging_mixin.py:137} INFO - [2025-10-05T17:20:58.418+0000] {taskmixin.py:205} WARNING - Dependency <Task(BashOperator): delete_entry_group>, create_entry_group already registered for DAG: example_complex
[2025-10-05T17:20:58.419+0000] {logging_mixin.py:137} INFO - [2025-10-05T17:20:58.419+0000] {taskmixin.py:205} WARNING - Dependency <Task(BashOperator): create_entry_gcs>, delete_entry already registered for DAG: example_complex
[2025-10-05T17:20:58.420+0000] {logging_mixin.py:137} INFO - [2025-10-05T17:20:58.420+0000] {taskmixin.py:205} WARNING - Dependency <Task(BashOperator): delete_entry>, create_entry_gcs already registered for DAG: example_complex
[2025-10-05T17:20:58.420+0000] {logging_mixin.py:137} INFO - [2025-10-05T17:20:58.420+0000] {taskmixin.py:205} WARNING - Dependency <Task(BashOperator): create_tag>, delete_tag already registered for DAG: example_complex
[2025-10-05T17:20:58.421+0000] {logging_mixin.py:137} INFO - [2025-10-05T17:20:58.421+0000] {taskmixin.py:205} WARNING - Dependency <Task(BashOperator): delete_tag>, create_tag already registered for DAG: example_complex
[2025-10-05T17:20:58.430+0000] {processor.py:753} INFO - DAG(s) dict_keys(['example_complex']) retrieved from /home/airflow/.local/lib/python3.7/site-packages/airflow/example_dags/example_complex.py
[2025-10-05T17:20:58.470+0000] {logging_mixin.py:137} INFO - [2025-10-05T17:20:58.470+0000] {dag.py:2690} INFO - Sync 1 DAGs
[2025-10-05T17:20:58.500+0000] {logging_mixin.py:137} INFO - [2025-10-05T17:20:58.500+0000] {dag.py:3441} INFO - Setting next_dagrun for example_complex to None, run_after=None
[2025-10-05T17:20:58.525+0000] {processor.py:175} INFO - Processing /home/airflow/.local/lib/python3.7/site-packages/airflow/example_dags/example_complex.py took 0.127 seconds
[2025-10-05T17:21:29.736+0000] {processor.py:153} INFO - Started process (PID=473) to work on /home/airflow/.local/lib/python3.7/site-packages/airflow/example_dags/example_complex.py
[2025-10-05T17:21:29.738+0000] {processor.py:743} INFO - Processing file /home/airflow/.local/lib/python3.7/site-packages/airflow/example_dags/example_complex.py for tasks to queue
[2025-10-05T17:21:29.739+0000] {logging_mixin.py:137} INFO - [2025-10-05T17:21:29.739+0000] {dagbag.py:538} INFO - Filling up the DagBag from /home/airflow/.local/lib/python3.7/site-packages/airflow/example_dags/example_complex.py
[2025-10-05T17:21:29.763+0000] {logging_mixin.py:137} INFO - [2025-10-05T17:21:29.763+0000] {taskmixin.py:205} WARNING - Dependency <Task(BashOperator): create_entry_group>, delete_entry_group already registered for DAG: example_complex
[2025-10-05T17:21:29.770+0000] {logging_mixin.py:137} INFO - [2025-10-05T17:21:29.769+0000] {taskmixin.py:205} WARNING - Dependency <Task(BashOperator): delete_entry_group>, create_entry_group already registered for DAG: example_complex
[2025-10-05T17:21:29.771+0000] {logging_mixin.py:137} INFO - [2025-10-05T17:21:29.771+0000] {taskmixin.py:205} WARNING - Dependency <Task(BashOperator): create_entry_gcs>, delete_entry already registered for DAG: example_complex
[2025-10-05T17:21:29.772+0000] {logging_mixin.py:137} INFO - [2025-10-05T17:21:29.771+0000] {taskmixin.py:205} WARNING - Dependency <Task(BashOperator): delete_entry>, create_entry_gcs already registered for DAG: example_complex
[2025-10-05T17:21:29.773+0000] {logging_mixin.py:137} INFO - [2025-10-05T17:21:29.772+0000] {taskmixin.py:205} WARNING - Dependency <Task(BashOperator): create_tag>, delete_tag already registered for DAG: example_complex
[2025-10-05T17:21:29.773+0000] {logging_mixin.py:137} INFO - [2025-10-05T17:21:29.773+0000] {taskmixin.py:205} WARNING - Dependency <Task(BashOperator): delete_tag>, create_tag already registered for DAG: example_complex
[2025-10-05T17:21:29.784+0000] {processor.py:753} INFO - DAG(s) dict_keys(['example_complex']) retrieved from /home/airflow/.local/lib/python3.7/site-packages/airflow/example_dags/example_complex.py
[2025-10-05T17:21:29.823+0000] {logging_mixin.py:137} INFO - [2025-10-05T17:21:29.823+0000] {dag.py:2690} INFO - Sync 1 DAGs
[2025-10-05T17:21:29.852+0000] {logging_mixin.py:137} INFO - [2025-10-05T17:21:29.852+0000] {dag.py:3441} INFO - Setting next_dagrun for example_complex to None, run_after=None
[2025-10-05T17:21:29.883+0000] {processor.py:175} INFO - Processing /home/airflow/.local/lib/python3.7/site-packages/airflow/example_dags/example_complex.py took 0.159 seconds
[2025-10-05T17:22:00.091+0000] {processor.py:153} INFO - Started process (PID=577) to work on /home/airflow/.local/lib/python3.7/site-packages/airflow/example_dags/example_complex.py
[2025-10-05T17:22:00.093+0000] {processor.py:743} INFO - Processing file /home/airflow/.local/lib/python3.7/site-packages/airflow/example_dags/example_complex.py for tasks to queue
[2025-10-05T17:22:00.094+0000] {logging_mixin.py:137} INFO - [2025-10-05T17:22:00.094+0000] {dagbag.py:538} INFO - Filling up the DagBag from /home/airflow/.local/lib/python3.7/site-packages/airflow/example_dags/example_complex.py
[2025-10-05T17:22:00.108+0000] {logging_mixin.py:137} INFO - [2025-10-05T17:22:00.108+0000] {taskmixin.py:205} WARNING - Dependency <Task(BashOperator): create_entry_group>, delete_entry_group already registered for DAG: example_complex
[2025-10-05T17:22:00.109+0000] {logging_mixin.py:137} INFO - [2025-10-05T17:22:00.109+0000] {taskmixin.py:205} WARNING - Dependency <Task(BashOperator): delete_entry_group>, create_entry_group already registered for DAG: example_complex
[2025-10-05T17:22:00.110+0000] {logging_mixin.py:137} INFO - [2025-10-05T17:22:00.110+0000] {taskmixin.py:205} WARNING - Dependency <Task(BashOperator): create_entry_gcs>, delete_entry already registered for DAG: example_complex
[2025-10-05T17:22:00.110+0000] {logging_mixin.py:137} INFO - [2025-10-05T17:22:00.110+0000] {taskmixin.py:205} WARNING - Dependency <Task(BashOperator): delete_entry>, create_entry_gcs already registered for DAG: example_complex
[2025-10-05T17:22:00.111+0000] {logging_mixin.py:137} INFO - [2025-10-05T17:22:00.111+0000] {taskmixin.py:205} WARNING - Dependency <Task(BashOperator): create_tag>, delete_tag already registered for DAG: example_complex
[2025-10-05T17:22:00.112+0000] {logging_mixin.py:137} INFO - [2025-10-05T17:22:00.112+0000] {taskmixin.py:205} WARNING - Dependency <Task(BashOperator): delete_tag>, create_tag already registered for DAG: example_complex
[2025-10-05T17:22:00.122+0000] {processor.py:753} INFO - DAG(s) dict_keys(['example_complex']) retrieved from /home/airflow/.local/lib/python3.7/site-packages/airflow/example_dags/example_complex.py
[2025-10-05T17:22:00.170+0000] {logging_mixin.py:137} INFO - [2025-10-05T17:22:00.170+0000] {dag.py:2690} INFO - Sync 1 DAGs
[2025-10-05T17:22:00.202+0000] {logging_mixin.py:137} INFO - [2025-10-05T17:22:00.202+0000] {dag.py:3441} INFO - Setting next_dagrun for example_complex to None, run_after=None
[2025-10-05T17:22:00.234+0000] {processor.py:175} INFO - Processing /home/airflow/.local/lib/python3.7/site-packages/airflow/example_dags/example_complex.py took 0.146 seconds
[2025-10-05T17:22:30.367+0000] {processor.py:153} INFO - Started process (PID=664) to work on /home/airflow/.local/lib/python3.7/site-packages/airflow/example_dags/example_complex.py
[2025-10-05T17:22:30.368+0000] {processor.py:743} INFO - Processing file /home/airflow/.local/lib/python3.7/site-packages/airflow/example_dags/example_complex.py for tasks to queue
[2025-10-05T17:22:30.369+0000] {logging_mixin.py:137} INFO - [2025-10-05T17:22:30.369+0000] {dagbag.py:538} INFO - Filling up the DagBag from /home/airflow/.local/lib/python3.7/site-packages/airflow/example_dags/example_complex.py
[2025-10-05T17:22:30.381+0000] {logging_mixin.py:137} INFO - [2025-10-05T17:22:30.381+0000] {taskmixin.py:205} WARNING - Dependency <Task(BashOperator): create_entry_group>, delete_entry_group already registered for DAG: example_complex
[2025-10-05T17:22:30.382+0000] {logging_mixin.py:137} INFO - [2025-10-05T17:22:30.382+0000] {taskmixin.py:205} WARNING - Dependency <Task(BashOperator): delete_entry_group>, create_entry_group already registered for DAG: example_complex
[2025-10-05T17:22:30.382+0000] {logging_mixin.py:137} INFO - [2025-10-05T17:22:30.382+0000] {taskmixin.py:205} WARNING - Dependency <Task(BashOperator): create_entry_gcs>, delete_entry already registered for DAG: example_complex
[2025-10-05T17:22:30.383+0000] {logging_mixin.py:137} INFO - [2025-10-05T17:22:30.383+0000] {taskmixin.py:205} WARNING - Dependency <Task(BashOperator): delete_entry>, create_entry_gcs already registered for DAG: example_complex
[2025-10-05T17:22:30.384+0000] {logging_mixin.py:137} INFO - [2025-10-05T17:22:30.384+0000] {taskmixin.py:205} WARNING - Dependency <Task(BashOperator): create_tag>, delete_tag already registered for DAG: example_complex
[2025-10-05T17:22:30.384+0000] {logging_mixin.py:137} INFO - [2025-10-05T17:22:30.384+0000] {taskmixin.py:205} WARNING - Dependency <Task(BashOperator): delete_tag>, create_tag already registered for DAG: example_complex
[2025-10-05T17:22:30.392+0000] {processor.py:753} INFO - DAG(s) dict_keys(['example_complex']) retrieved from /home/airflow/.local/lib/python3.7/site-packages/airflow/example_dags/example_complex.py
[2025-10-05T17:22:30.431+0000] {logging_mixin.py:137} INFO - [2025-10-05T17:22:30.431+0000] {dag.py:2690} INFO - Sync 1 DAGs
[2025-10-05T17:22:30.459+0000] {logging_mixin.py:137} INFO - [2025-10-05T17:22:30.459+0000] {dag.py:3441} INFO - Setting next_dagrun for example_complex to None, run_after=None
[2025-10-05T17:22:30.483+0000] {processor.py:175} INFO - Processing /home/airflow/.local/lib/python3.7/site-packages/airflow/example_dags/example_complex.py took 0.121 seconds
[2025-10-05T17:23:00.656+0000] {processor.py:153} INFO - Started process (PID=777) to work on /home/airflow/.local/lib/python3.7/site-packages/airflow/example_dags/example_complex.py
[2025-10-05T17:23:00.657+0000] {processor.py:743} INFO - Processing file /home/airflow/.local/lib/python3.7/site-packages/airflow/example_dags/example_complex.py for tasks to queue
[2025-10-05T17:23:00.658+0000] {logging_mixin.py:137} INFO - [2025-10-05T17:23:00.658+0000] {dagbag.py:538} INFO - Filling up the DagBag from /home/airflow/.local/lib/python3.7/site-packages/airflow/example_dags/example_complex.py
[2025-10-05T17:23:00.670+0000] {logging_mixin.py:137} INFO - [2025-10-05T17:23:00.670+0000] {taskmixin.py:205} WARNING - Dependency <Task(BashOperator): create_entry_group>, delete_entry_group already registered for DAG: example_complex
[2025-10-05T17:23:00.671+0000] {logging_mixin.py:137} INFO - [2025-10-05T17:23:00.671+0000] {taskmixin.py:205} WARNING - Dependency <Task(BashOperator): delete_entry_group>, create_entry_group already registered for DAG: example_complex
[2025-10-05T17:23:00.672+0000] {logging_mixin.py:137} INFO - [2025-10-05T17:23:00.672+0000] {taskmixin.py:205} WARNING - Dependency <Task(BashOperator): create_entry_gcs>, delete_entry already registered for DAG: example_complex
[2025-10-05T17:23:00.672+0000] {logging_mixin.py:137} INFO - [2025-10-05T17:23:00.672+0000] {taskmixin.py:205} WARNING - Dependency <Task(BashOperator): delete_entry>, create_entry_gcs already registered for DAG: example_complex
[2025-10-05T17:23:00.673+0000] {logging_mixin.py:137} INFO - [2025-10-05T17:23:00.673+0000] {taskmixin.py:205} WARNING - Dependency <Task(BashOperator): create_tag>, delete_tag already registered for DAG: example_complex
[2025-10-05T17:23:00.673+0000] {logging_mixin.py:137} INFO - [2025-10-05T17:23:00.673+0000] {taskmixin.py:205} WARNING - Dependency <Task(BashOperator): delete_tag>, create_tag already registered for DAG: example_complex
[2025-10-05T17:23:00.681+0000] {processor.py:753} INFO - DAG(s) dict_keys(['example_complex']) retrieved from /home/airflow/.local/lib/python3.7/site-packages/airflow/example_dags/example_complex.py
[2025-10-05T17:23:00.717+0000] {logging_mixin.py:137} INFO - [2025-10-05T17:23:00.717+0000] {dag.py:2690} INFO - Sync 1 DAGs
[2025-10-05T17:23:00.746+0000] {logging_mixin.py:137} INFO - [2025-10-05T17:23:00.746+0000] {dag.py:3441} INFO - Setting next_dagrun for example_complex to None, run_after=None
[2025-10-05T17:23:00.771+0000] {processor.py:175} INFO - Processing /home/airflow/.local/lib/python3.7/site-packages/airflow/example_dags/example_complex.py took 0.119 seconds
[2025-10-05T17:23:30.842+0000] {processor.py:153} INFO - Started process (PID=867) to work on /home/airflow/.local/lib/python3.7/site-packages/airflow/example_dags/example_complex.py
[2025-10-05T17:23:30.843+0000] {processor.py:743} INFO - Processing file /home/airflow/.local/lib/python3.7/site-packages/airflow/example_dags/example_complex.py for tasks to queue
[2025-10-05T17:23:30.844+0000] {logging_mixin.py:137} INFO - [2025-10-05T17:23:30.844+0000] {dagbag.py:538} INFO - Filling up the DagBag from /home/airflow/.local/lib/python3.7/site-packages/airflow/example_dags/example_complex.py
[2025-10-05T17:23:30.857+0000] {logging_mixin.py:137} INFO - [2025-10-05T17:23:30.857+0000] {taskmixin.py:205} WARNING - Dependency <Task(BashOperator): create_entry_group>, delete_entry_group already registered for DAG: example_complex
[2025-10-05T17:23:30.858+0000] {logging_mixin.py:137} INFO - [2025-10-05T17:23:30.858+0000] {taskmixin.py:205} WARNING - Dependency <Task(BashOperator): delete_entry_group>, create_entry_group already registered for DAG: example_complex
[2025-10-05T17:23:30.858+0000] {logging_mixin.py:137} INFO - [2025-10-05T17:23:30.858+0000] {taskmixin.py:205} WARNING - Dependency <Task(BashOperator): create_entry_gcs>, delete_entry already registered for DAG: example_complex
[2025-10-05T17:23:30.859+0000] {logging_mixin.py:137} INFO - [2025-10-05T17:23:30.859+0000] {taskmixin.py:205} WARNING - Dependency <Task(BashOperator): delete_entry>, create_entry_gcs already registered for DAG: example_complex
[2025-10-05T17:23:30.860+0000] {logging_mixin.py:137} INFO - [2025-10-05T17:23:30.860+0000] {taskmixin.py:205} WARNING - Dependency <Task(BashOperator): create_tag>, delete_tag already registered for DAG: example_complex
[2025-10-05T17:23:30.860+0000] {logging_mixin.py:137} INFO - [2025-10-05T17:23:30.860+0000] {taskmixin.py:205} WARNING - Dependency <Task(BashOperator): delete_tag>, create_tag already registered for DAG: example_complex
[2025-10-05T17:23:30.868+0000] {processor.py:753} INFO - DAG(s) dict_keys(['example_complex']) retrieved from /home/airflow/.local/lib/python3.7/site-packages/airflow/example_dags/example_complex.py
[2025-10-05T17:23:30.906+0000] {logging_mixin.py:137} INFO - [2025-10-05T17:23:30.905+0000] {dag.py:2690} INFO - Sync 1 DAGs
[2025-10-05T17:23:30.931+0000] {logging_mixin.py:137} INFO - [2025-10-05T17:23:30.931+0000] {dag.py:3441} INFO - Setting next_dagrun for example_complex to None, run_after=None
[2025-10-05T17:23:30.955+0000] {processor.py:175} INFO - Processing /home/airflow/.local/lib/python3.7/site-packages/airflow/example_dags/example_complex.py took 0.118 seconds
[2025-10-05T17:24:01.682+0000] {processor.py:153} INFO - Started process (PID=965) to work on /home/airflow/.local/lib/python3.7/site-packages/airflow/example_dags/example_complex.py
[2025-10-05T17:24:01.683+0000] {processor.py:743} INFO - Processing file /home/airflow/.local/lib/python3.7/site-packages/airflow/example_dags/example_complex.py for tasks to queue
[2025-10-05T17:24:01.685+0000] {logging_mixin.py:137} INFO - [2025-10-05T17:24:01.685+0000] {dagbag.py:538} INFO - Filling up the DagBag from /home/airflow/.local/lib/python3.7/site-packages/airflow/example_dags/example_complex.py
[2025-10-05T17:24:01.698+0000] {logging_mixin.py:137} INFO - [2025-10-05T17:24:01.698+0000] {taskmixin.py:205} WARNING - Dependency <Task(BashOperator): create_entry_group>, delete_entry_group already registered for DAG: example_complex
[2025-10-05T17:24:01.699+0000] {logging_mixin.py:137} INFO - [2025-10-05T17:24:01.699+0000] {taskmixin.py:205} WARNING - Dependency <Task(BashOperator): delete_entry_group>, create_entry_group already registered for DAG: example_complex
[2025-10-05T17:24:01.700+0000] {logging_mixin.py:137} INFO - [2025-10-05T17:24:01.700+0000] {taskmixin.py:205} WARNING - Dependency <Task(BashOperator): create_entry_gcs>, delete_entry already registered for DAG: example_complex
[2025-10-05T17:24:01.704+0000] {logging_mixin.py:137} INFO - [2025-10-05T17:24:01.704+0000] {taskmixin.py:205} WARNING - Dependency <Task(BashOperator): delete_entry>, create_entry_gcs already registered for DAG: example_complex
[2025-10-05T17:24:01.705+0000] {logging_mixin.py:137} INFO - [2025-10-05T17:24:01.705+0000] {taskmixin.py:205} WARNING - Dependency <Task(BashOperator): create_tag>, delete_tag already registered for DAG: example_complex
[2025-10-05T17:24:01.706+0000] {logging_mixin.py:137} INFO - [2025-10-05T17:24:01.706+0000] {taskmixin.py:205} WARNING - Dependency <Task(BashOperator): delete_tag>, create_tag already registered for DAG: example_complex
[2025-10-05T17:24:01.714+0000] {processor.py:753} INFO - DAG(s) dict_keys(['example_complex']) retrieved from /home/airflow/.local/lib/python3.7/site-packages/airflow/example_dags/example_complex.py
[2025-10-05T17:24:01.766+0000] {logging_mixin.py:137} INFO - [2025-10-05T17:24:01.765+0000] {dag.py:2690} INFO - Sync 1 DAGs
[2025-10-05T17:24:01.802+0000] {logging_mixin.py:137} INFO - [2025-10-05T17:24:01.802+0000] {dag.py:3441} INFO - Setting next_dagrun for example_complex to None, run_after=None
[2025-10-05T17:24:01.831+0000] {processor.py:175} INFO - Processing /home/airflow/.local/lib/python3.7/site-packages/airflow/example_dags/example_complex.py took 0.154 seconds
[2025-10-05T17:24:32.551+0000] {processor.py:153} INFO - Started process (PID=1069) to work on /home/airflow/.local/lib/python3.7/site-packages/airflow/example_dags/example_complex.py
[2025-10-05T17:24:32.553+0000] {processor.py:743} INFO - Processing file /home/airflow/.local/lib/python3.7/site-packages/airflow/example_dags/example_complex.py for tasks to queue
[2025-10-05T17:24:32.554+0000] {logging_mixin.py:137} INFO - [2025-10-05T17:24:32.554+0000] {dagbag.py:538} INFO - Filling up the DagBag from /home/airflow/.local/lib/python3.7/site-packages/airflow/example_dags/example_complex.py
[2025-10-05T17:24:32.569+0000] {logging_mixin.py:137} INFO - [2025-10-05T17:24:32.568+0000] {taskmixin.py:205} WARNING - Dependency <Task(BashOperator): create_entry_group>, delete_entry_group already registered for DAG: example_complex
[2025-10-05T17:24:32.569+0000] {logging_mixin.py:137} INFO - [2025-10-05T17:24:32.569+0000] {taskmixin.py:205} WARNING - Dependency <Task(BashOperator): delete_entry_group>, create_entry_group already registered for DAG: example_complex
[2025-10-05T17:24:32.570+0000] {logging_mixin.py:137} INFO - [2025-10-05T17:24:32.570+0000] {taskmixin.py:205} WARNING - Dependency <Task(BashOperator): create_entry_gcs>, delete_entry already registered for DAG: example_complex
[2025-10-05T17:24:32.571+0000] {logging_mixin.py:137} INFO - [2025-10-05T17:24:32.570+0000] {taskmixin.py:205} WARNING - Dependency <Task(BashOperator): delete_entry>, create_entry_gcs already registered for DAG: example_complex
[2025-10-05T17:24:32.572+0000] {logging_mixin.py:137} INFO - [2025-10-05T17:24:32.572+0000] {taskmixin.py:205} WARNING - Dependency <Task(BashOperator): create_tag>, delete_tag already registered for DAG: example_complex
[2025-10-05T17:24:32.573+0000] {logging_mixin.py:137} INFO - [2025-10-05T17:24:32.573+0000] {taskmixin.py:205} WARNING - Dependency <Task(BashOperator): delete_tag>, create_tag already registered for DAG: example_complex
[2025-10-05T17:24:32.582+0000] {processor.py:753} INFO - DAG(s) dict_keys(['example_complex']) retrieved from /home/airflow/.local/lib/python3.7/site-packages/airflow/example_dags/example_complex.py
[2025-10-05T17:24:32.635+0000] {logging_mixin.py:137} INFO - [2025-10-05T17:24:32.635+0000] {dag.py:2690} INFO - Sync 1 DAGs
[2025-10-05T17:24:32.670+0000] {logging_mixin.py:137} INFO - [2025-10-05T17:24:32.670+0000] {dag.py:3441} INFO - Setting next_dagrun for example_complex to None, run_after=None
[2025-10-05T17:24:32.702+0000] {processor.py:175} INFO - Processing /home/airflow/.local/lib/python3.7/site-packages/airflow/example_dags/example_complex.py took 0.155 seconds
[2025-10-05T17:25:03.565+0000] {processor.py:153} INFO - Started process (PID=1158) to work on /home/airflow/.local/lib/python3.7/site-packages/airflow/example_dags/example_complex.py
[2025-10-05T17:25:03.566+0000] {processor.py:743} INFO - Processing file /home/airflow/.local/lib/python3.7/site-packages/airflow/example_dags/example_complex.py for tasks to queue
[2025-10-05T17:25:03.567+0000] {logging_mixin.py:137} INFO - [2025-10-05T17:25:03.567+0000] {dagbag.py:538} INFO - Filling up the DagBag from /home/airflow/.local/lib/python3.7/site-packages/airflow/example_dags/example_complex.py
[2025-10-05T17:25:03.580+0000] {logging_mixin.py:137} INFO - [2025-10-05T17:25:03.580+0000] {taskmixin.py:205} WARNING - Dependency <Task(BashOperator): create_entry_group>, delete_entry_group already registered for DAG: example_complex
[2025-10-05T17:25:03.581+0000] {logging_mixin.py:137} INFO - [2025-10-05T17:25:03.581+0000] {taskmixin.py:205} WARNING - Dependency <Task(BashOperator): delete_entry_group>, create_entry_group already registered for DAG: example_complex
[2025-10-05T17:25:03.581+0000] {logging_mixin.py:137} INFO - [2025-10-05T17:25:03.581+0000] {taskmixin.py:205} WARNING - Dependency <Task(BashOperator): create_entry_gcs>, delete_entry already registered for DAG: example_complex
[2025-10-05T17:25:03.582+0000] {logging_mixin.py:137} INFO - [2025-10-05T17:25:03.582+0000] {taskmixin.py:205} WARNING - Dependency <Task(BashOperator): delete_entry>, create_entry_gcs already registered for DAG: example_complex
[2025-10-05T17:25:03.583+0000] {logging_mixin.py:137} INFO - [2025-10-05T17:25:03.582+0000] {taskmixin.py:205} WARNING - Dependency <Task(BashOperator): create_tag>, delete_tag already registered for DAG: example_complex
[2025-10-05T17:25:03.583+0000] {logging_mixin.py:137} INFO - [2025-10-05T17:25:03.583+0000] {taskmixin.py:205} WARNING - Dependency <Task(BashOperator): delete_tag>, create_tag already registered for DAG: example_complex
[2025-10-05T17:25:03.591+0000] {processor.py:753} INFO - DAG(s) dict_keys(['example_complex']) retrieved from /home/airflow/.local/lib/python3.7/site-packages/airflow/example_dags/example_complex.py
[2025-10-05T17:25:03.628+0000] {logging_mixin.py:137} INFO - [2025-10-05T17:25:03.628+0000] {dag.py:2690} INFO - Sync 1 DAGs
[2025-10-05T17:25:03.654+0000] {logging_mixin.py:137} INFO - [2025-10-05T17:25:03.654+0000] {dag.py:3441} INFO - Setting next_dagrun for example_complex to None, run_after=None
[2025-10-05T17:25:03.681+0000] {processor.py:175} INFO - Processing /home/airflow/.local/lib/python3.7/site-packages/airflow/example_dags/example_complex.py took 0.121 seconds
[2025-10-05T17:25:33.788+0000] {processor.py:153} INFO - Started process (PID=1271) to work on /home/airflow/.local/lib/python3.7/site-packages/airflow/example_dags/example_complex.py
[2025-10-05T17:25:33.789+0000] {processor.py:743} INFO - Processing file /home/airflow/.local/lib/python3.7/site-packages/airflow/example_dags/example_complex.py for tasks to queue
[2025-10-05T17:25:33.791+0000] {logging_mixin.py:137} INFO - [2025-10-05T17:25:33.791+0000] {dagbag.py:538} INFO - Filling up the DagBag from /home/airflow/.local/lib/python3.7/site-packages/airflow/example_dags/example_complex.py
[2025-10-05T17:25:33.807+0000] {logging_mixin.py:137} INFO - [2025-10-05T17:25:33.806+0000] {taskmixin.py:205} WARNING - Dependency <Task(BashOperator): create_entry_group>, delete_entry_group already registered for DAG: example_complex
[2025-10-05T17:25:33.807+0000] {logging_mixin.py:137} INFO - [2025-10-05T17:25:33.807+0000] {taskmixin.py:205} WARNING - Dependency <Task(BashOperator): delete_entry_group>, create_entry_group already registered for DAG: example_complex
[2025-10-05T17:25:33.808+0000] {logging_mixin.py:137} INFO - [2025-10-05T17:25:33.808+0000] {taskmixin.py:205} WARNING - Dependency <Task(BashOperator): create_entry_gcs>, delete_entry already registered for DAG: example_complex
[2025-10-05T17:25:33.809+0000] {logging_mixin.py:137} INFO - [2025-10-05T17:25:33.809+0000] {taskmixin.py:205} WARNING - Dependency <Task(BashOperator): delete_entry>, create_entry_gcs already registered for DAG: example_complex
[2025-10-05T17:25:33.810+0000] {logging_mixin.py:137} INFO - [2025-10-05T17:25:33.809+0000] {taskmixin.py:205} WARNING - Dependency <Task(BashOperator): create_tag>, delete_tag already registered for DAG: example_complex
[2025-10-05T17:25:33.810+0000] {logging_mixin.py:137} INFO - [2025-10-05T17:25:33.810+0000] {taskmixin.py:205} WARNING - Dependency <Task(BashOperator): delete_tag>, create_tag already registered for DAG: example_complex
[2025-10-05T17:25:33.819+0000] {processor.py:753} INFO - DAG(s) dict_keys(['example_complex']) retrieved from /home/airflow/.local/lib/python3.7/site-packages/airflow/example_dags/example_complex.py
[2025-10-05T17:25:33.869+0000] {logging_mixin.py:137} INFO - [2025-10-05T17:25:33.869+0000] {dag.py:2690} INFO - Sync 1 DAGs
[2025-10-05T17:25:33.899+0000] {logging_mixin.py:137} INFO - [2025-10-05T17:25:33.899+0000] {dag.py:3441} INFO - Setting next_dagrun for example_complex to None, run_after=None
[2025-10-05T17:25:33.938+0000] {processor.py:175} INFO - Processing /home/airflow/.local/lib/python3.7/site-packages/airflow/example_dags/example_complex.py took 0.155 seconds
[2025-10-05T17:26:04.457+0000] {processor.py:153} INFO - Started process (PID=1360) to work on /home/airflow/.local/lib/python3.7/site-packages/airflow/example_dags/example_complex.py
[2025-10-05T17:26:04.459+0000] {processor.py:743} INFO - Processing file /home/airflow/.local/lib/python3.7/site-packages/airflow/example_dags/example_complex.py for tasks to queue
[2025-10-05T17:26:04.460+0000] {logging_mixin.py:137} INFO - [2025-10-05T17:26:04.460+0000] {dagbag.py:538} INFO - Filling up the DagBag from /home/airflow/.local/lib/python3.7/site-packages/airflow/example_dags/example_complex.py
[2025-10-05T17:26:04.473+0000] {logging_mixin.py:137} INFO - [2025-10-05T17:26:04.473+0000] {taskmixin.py:205} WARNING - Dependency <Task(BashOperator): create_entry_group>, delete_entry_group already registered for DAG: example_complex
[2025-10-05T17:26:04.474+0000] {logging_mixin.py:137} INFO - [2025-10-05T17:26:04.474+0000] {taskmixin.py:205} WARNING - Dependency <Task(BashOperator): delete_entry_group>, create_entry_group already registered for DAG: example_complex
[2025-10-05T17:26:04.474+0000] {logging_mixin.py:137} INFO - [2025-10-05T17:26:04.474+0000] {taskmixin.py:205} WARNING - Dependency <Task(BashOperator): create_entry_gcs>, delete_entry already registered for DAG: example_complex
[2025-10-05T17:26:04.475+0000] {logging_mixin.py:137} INFO - [2025-10-05T17:26:04.475+0000] {taskmixin.py:205} WARNING - Dependency <Task(BashOperator): delete_entry>, create_entry_gcs already registered for DAG: example_complex
[2025-10-05T17:26:04.475+0000] {logging_mixin.py:137} INFO - [2025-10-05T17:26:04.475+0000] {taskmixin.py:205} WARNING - Dependency <Task(BashOperator): create_tag>, delete_tag already registered for DAG: example_complex
[2025-10-05T17:26:04.476+0000] {logging_mixin.py:137} INFO - [2025-10-05T17:26:04.476+0000] {taskmixin.py:205} WARNING - Dependency <Task(BashOperator): delete_tag>, create_tag already registered for DAG: example_complex
[2025-10-05T17:26:04.483+0000] {processor.py:753} INFO - DAG(s) dict_keys(['example_complex']) retrieved from /home/airflow/.local/lib/python3.7/site-packages/airflow/example_dags/example_complex.py
[2025-10-05T17:26:04.520+0000] {logging_mixin.py:137} INFO - [2025-10-05T17:26:04.520+0000] {dag.py:2690} INFO - Sync 1 DAGs
[2025-10-05T17:26:04.547+0000] {logging_mixin.py:137} INFO - [2025-10-05T17:26:04.547+0000] {dag.py:3441} INFO - Setting next_dagrun for example_complex to None, run_after=None
[2025-10-05T17:26:04.571+0000] {processor.py:175} INFO - Processing /home/airflow/.local/lib/python3.7/site-packages/airflow/example_dags/example_complex.py took 0.118 seconds
[2025-10-05T17:26:35.242+0000] {processor.py:153} INFO - Started process (PID=1473) to work on /home/airflow/.local/lib/python3.7/site-packages/airflow/example_dags/example_complex.py
[2025-10-05T17:26:35.244+0000] {processor.py:743} INFO - Processing file /home/airflow/.local/lib/python3.7/site-packages/airflow/example_dags/example_complex.py for tasks to queue
[2025-10-05T17:26:35.245+0000] {logging_mixin.py:137} INFO - [2025-10-05T17:26:35.245+0000] {dagbag.py:538} INFO - Filling up the DagBag from /home/airflow/.local/lib/python3.7/site-packages/airflow/example_dags/example_complex.py
[2025-10-05T17:26:35.266+0000] {logging_mixin.py:137} INFO - [2025-10-05T17:26:35.265+0000] {taskmixin.py:205} WARNING - Dependency <Task(BashOperator): create_entry_group>, delete_entry_group already registered for DAG: example_complex
[2025-10-05T17:26:35.267+0000] {logging_mixin.py:137} INFO - [2025-10-05T17:26:35.266+0000] {taskmixin.py:205} WARNING - Dependency <Task(BashOperator): delete_entry_group>, create_entry_group already registered for DAG: example_complex
[2025-10-05T17:26:35.268+0000] {logging_mixin.py:137} INFO - [2025-10-05T17:26:35.268+0000] {taskmixin.py:205} WARNING - Dependency <Task(BashOperator): create_entry_gcs>, delete_entry already registered for DAG: example_complex
[2025-10-05T17:26:35.269+0000] {logging_mixin.py:137} INFO - [2025-10-05T17:26:35.269+0000] {taskmixin.py:205} WARNING - Dependency <Task(BashOperator): delete_entry>, create_entry_gcs already registered for DAG: example_complex
[2025-10-05T17:26:35.271+0000] {logging_mixin.py:137} INFO - [2025-10-05T17:26:35.270+0000] {taskmixin.py:205} WARNING - Dependency <Task(BashOperator): create_tag>, delete_tag already registered for DAG: example_complex
[2025-10-05T17:26:35.272+0000] {logging_mixin.py:137} INFO - [2025-10-05T17:26:35.271+0000] {taskmixin.py:205} WARNING - Dependency <Task(BashOperator): delete_tag>, create_tag already registered for DAG: example_complex
[2025-10-05T17:26:35.284+0000] {processor.py:753} INFO - DAG(s) dict_keys(['example_complex']) retrieved from /home/airflow/.local/lib/python3.7/site-packages/airflow/example_dags/example_complex.py
[2025-10-05T17:26:35.341+0000] {logging_mixin.py:137} INFO - [2025-10-05T17:26:35.341+0000] {dag.py:2690} INFO - Sync 1 DAGs
[2025-10-05T17:26:35.385+0000] {logging_mixin.py:137} INFO - [2025-10-05T17:26:35.385+0000] {dag.py:3441} INFO - Setting next_dagrun for example_complex to None, run_after=None
[2025-10-05T17:26:35.422+0000] {processor.py:175} INFO - Processing /home/airflow/.local/lib/python3.7/site-packages/airflow/example_dags/example_complex.py took 0.185 seconds
[2025-10-05T17:27:05.492+0000] {processor.py:153} INFO - Started process (PID=1562) to work on /home/airflow/.local/lib/python3.7/site-packages/airflow/example_dags/example_complex.py
[2025-10-05T17:27:05.494+0000] {processor.py:743} INFO - Processing file /home/airflow/.local/lib/python3.7/site-packages/airflow/example_dags/example_complex.py for tasks to queue
[2025-10-05T17:27:05.495+0000] {logging_mixin.py:137} INFO - [2025-10-05T17:27:05.495+0000] {dagbag.py:538} INFO - Filling up the DagBag from /home/airflow/.local/lib/python3.7/site-packages/airflow/example_dags/example_complex.py
[2025-10-05T17:27:05.508+0000] {logging_mixin.py:137} INFO - [2025-10-05T17:27:05.508+0000] {taskmixin.py:205} WARNING - Dependency <Task(BashOperator): create_entry_group>, delete_entry_group already registered for DAG: example_complex
[2025-10-05T17:27:05.509+0000] {logging_mixin.py:137} INFO - [2025-10-05T17:27:05.509+0000] {taskmixin.py:205} WARNING - Dependency <Task(BashOperator): delete_entry_group>, create_entry_group already registered for DAG: example_complex
[2025-10-05T17:27:05.509+0000] {logging_mixin.py:137} INFO - [2025-10-05T17:27:05.509+0000] {taskmixin.py:205} WARNING - Dependency <Task(BashOperator): create_entry_gcs>, delete_entry already registered for DAG: example_complex
[2025-10-05T17:27:05.510+0000] {logging_mixin.py:137} INFO - [2025-10-05T17:27:05.510+0000] {taskmixin.py:205} WARNING - Dependency <Task(BashOperator): delete_entry>, create_entry_gcs already registered for DAG: example_complex
[2025-10-05T17:27:05.511+0000] {logging_mixin.py:137} INFO - [2025-10-05T17:27:05.511+0000] {taskmixin.py:205} WARNING - Dependency <Task(BashOperator): create_tag>, delete_tag already registered for DAG: example_complex
[2025-10-05T17:27:05.511+0000] {logging_mixin.py:137} INFO - [2025-10-05T17:27:05.511+0000] {taskmixin.py:205} WARNING - Dependency <Task(BashOperator): delete_tag>, create_tag already registered for DAG: example_complex
[2025-10-05T17:27:05.520+0000] {processor.py:753} INFO - DAG(s) dict_keys(['example_complex']) retrieved from /home/airflow/.local/lib/python3.7/site-packages/airflow/example_dags/example_complex.py
[2025-10-05T17:27:05.558+0000] {logging_mixin.py:137} INFO - [2025-10-05T17:27:05.558+0000] {dag.py:2690} INFO - Sync 1 DAGs
[2025-10-05T17:27:05.587+0000] {logging_mixin.py:137} INFO - [2025-10-05T17:27:05.587+0000] {dag.py:3441} INFO - Setting next_dagrun for example_complex to None, run_after=None
[2025-10-05T17:27:05.614+0000] {processor.py:175} INFO - Processing /home/airflow/.local/lib/python3.7/site-packages/airflow/example_dags/example_complex.py took 0.126 seconds
[2025-10-05T17:27:36.480+0000] {processor.py:153} INFO - Started process (PID=1651) to work on /home/airflow/.local/lib/python3.7/site-packages/airflow/example_dags/example_complex.py
[2025-10-05T17:27:36.482+0000] {processor.py:743} INFO - Processing file /home/airflow/.local/lib/python3.7/site-packages/airflow/example_dags/example_complex.py for tasks to queue
[2025-10-05T17:27:36.483+0000] {logging_mixin.py:137} INFO - [2025-10-05T17:27:36.483+0000] {dagbag.py:538} INFO - Filling up the DagBag from /home/airflow/.local/lib/python3.7/site-packages/airflow/example_dags/example_complex.py
[2025-10-05T17:27:36.497+0000] {logging_mixin.py:137} INFO - [2025-10-05T17:27:36.496+0000] {taskmixin.py:205} WARNING - Dependency <Task(BashOperator): create_entry_group>, delete_entry_group already registered for DAG: example_complex
[2025-10-05T17:27:36.497+0000] {logging_mixin.py:137} INFO - [2025-10-05T17:27:36.497+0000] {taskmixin.py:205} WARNING - Dependency <Task(BashOperator): delete_entry_group>, create_entry_group already registered for DAG: example_complex
[2025-10-05T17:27:36.498+0000] {logging_mixin.py:137} INFO - [2025-10-05T17:27:36.498+0000] {taskmixin.py:205} WARNING - Dependency <Task(BashOperator): create_entry_gcs>, delete_entry already registered for DAG: example_complex
[2025-10-05T17:27:36.499+0000] {logging_mixin.py:137} INFO - [2025-10-05T17:27:36.498+0000] {taskmixin.py:205} WARNING - Dependency <Task(BashOperator): delete_entry>, create_entry_gcs already registered for DAG: example_complex
[2025-10-05T17:27:36.499+0000] {logging_mixin.py:137} INFO - [2025-10-05T17:27:36.499+0000] {taskmixin.py:205} WARNING - Dependency <Task(BashOperator): create_tag>, delete_tag already registered for DAG: example_complex
[2025-10-05T17:27:36.500+0000] {logging_mixin.py:137} INFO - [2025-10-05T17:27:36.500+0000] {taskmixin.py:205} WARNING - Dependency <Task(BashOperator): delete_tag>, create_tag already registered for DAG: example_complex
[2025-10-05T17:27:36.510+0000] {processor.py:753} INFO - DAG(s) dict_keys(['example_complex']) retrieved from /home/airflow/.local/lib/python3.7/site-packages/airflow/example_dags/example_complex.py
[2025-10-05T17:27:36.547+0000] {logging_mixin.py:137} INFO - [2025-10-05T17:27:36.547+0000] {dag.py:2690} INFO - Sync 1 DAGs
[2025-10-05T17:27:36.575+0000] {logging_mixin.py:137} INFO - [2025-10-05T17:27:36.575+0000] {dag.py:3441} INFO - Setting next_dagrun for example_complex to None, run_after=None
[2025-10-05T17:27:36.605+0000] {processor.py:175} INFO - Processing /home/airflow/.local/lib/python3.7/site-packages/airflow/example_dags/example_complex.py took 0.129 seconds
[2025-10-05T17:28:07.990+0000] {processor.py:153} INFO - Started process (PID=1765) to work on /home/airflow/.local/lib/python3.7/site-packages/airflow/example_dags/example_complex.py
[2025-10-05T17:28:07.992+0000] {processor.py:743} INFO - Processing file /home/airflow/.local/lib/python3.7/site-packages/airflow/example_dags/example_complex.py for tasks to queue
[2025-10-05T17:28:07.995+0000] {logging_mixin.py:137} INFO - [2025-10-05T17:28:07.994+0000] {dagbag.py:538} INFO - Filling up the DagBag from /home/airflow/.local/lib/python3.7/site-packages/airflow/example_dags/example_complex.py
[2025-10-05T17:28:08.016+0000] {logging_mixin.py:137} INFO - [2025-10-05T17:28:08.016+0000] {taskmixin.py:205} WARNING - Dependency <Task(BashOperator): create_entry_group>, delete_entry_group already registered for DAG: example_complex
[2025-10-05T17:28:08.017+0000] {logging_mixin.py:137} INFO - [2025-10-05T17:28:08.017+0000] {taskmixin.py:205} WARNING - Dependency <Task(BashOperator): delete_entry_group>, create_entry_group already registered for DAG: example_complex
[2025-10-05T17:28:08.019+0000] {logging_mixin.py:137} INFO - [2025-10-05T17:28:08.019+0000] {taskmixin.py:205} WARNING - Dependency <Task(BashOperator): create_entry_gcs>, delete_entry already registered for DAG: example_complex
[2025-10-05T17:28:08.020+0000] {logging_mixin.py:137} INFO - [2025-10-05T17:28:08.020+0000] {taskmixin.py:205} WARNING - Dependency <Task(BashOperator): delete_entry>, create_entry_gcs already registered for DAG: example_complex
[2025-10-05T17:28:08.022+0000] {logging_mixin.py:137} INFO - [2025-10-05T17:28:08.021+0000] {taskmixin.py:205} WARNING - Dependency <Task(BashOperator): create_tag>, delete_tag already registered for DAG: example_complex
[2025-10-05T17:28:08.023+0000] {logging_mixin.py:137} INFO - [2025-10-05T17:28:08.023+0000] {taskmixin.py:205} WARNING - Dependency <Task(BashOperator): delete_tag>, create_tag already registered for DAG: example_complex
[2025-10-05T17:28:08.039+0000] {processor.py:753} INFO - DAG(s) dict_keys(['example_complex']) retrieved from /home/airflow/.local/lib/python3.7/site-packages/airflow/example_dags/example_complex.py
[2025-10-05T17:28:08.083+0000] {logging_mixin.py:137} INFO - [2025-10-05T17:28:08.083+0000] {dag.py:2690} INFO - Sync 1 DAGs
[2025-10-05T17:28:08.117+0000] {logging_mixin.py:137} INFO - [2025-10-05T17:28:08.116+0000] {dag.py:3441} INFO - Setting next_dagrun for example_complex to None, run_after=None
[2025-10-05T17:28:08.146+0000] {processor.py:175} INFO - Processing /home/airflow/.local/lib/python3.7/site-packages/airflow/example_dags/example_complex.py took 0.162 seconds
[2025-10-05T17:28:38.590+0000] {processor.py:153} INFO - Started process (PID=1854) to work on /home/airflow/.local/lib/python3.7/site-packages/airflow/example_dags/example_complex.py
[2025-10-05T17:28:38.591+0000] {processor.py:743} INFO - Processing file /home/airflow/.local/lib/python3.7/site-packages/airflow/example_dags/example_complex.py for tasks to queue
[2025-10-05T17:28:38.592+0000] {logging_mixin.py:137} INFO - [2025-10-05T17:28:38.592+0000] {dagbag.py:538} INFO - Filling up the DagBag from /home/airflow/.local/lib/python3.7/site-packages/airflow/example_dags/example_complex.py
[2025-10-05T17:28:38.605+0000] {logging_mixin.py:137} INFO - [2025-10-05T17:28:38.605+0000] {taskmixin.py:205} WARNING - Dependency <Task(BashOperator): create_entry_group>, delete_entry_group already registered for DAG: example_complex
[2025-10-05T17:28:38.606+0000] {logging_mixin.py:137} INFO - [2025-10-05T17:28:38.606+0000] {taskmixin.py:205} WARNING - Dependency <Task(BashOperator): delete_entry_group>, create_entry_group already registered for DAG: example_complex
[2025-10-05T17:28:38.607+0000] {logging_mixin.py:137} INFO - [2025-10-05T17:28:38.607+0000] {taskmixin.py:205} WARNING - Dependency <Task(BashOperator): create_entry_gcs>, delete_entry already registered for DAG: example_complex
[2025-10-05T17:28:38.608+0000] {logging_mixin.py:137} INFO - [2025-10-05T17:28:38.607+0000] {taskmixin.py:205} WARNING - Dependency <Task(BashOperator): delete_entry>, create_entry_gcs already registered for DAG: example_complex
[2025-10-05T17:28:38.609+0000] {logging_mixin.py:137} INFO - [2025-10-05T17:28:38.608+0000] {taskmixin.py:205} WARNING - Dependency <Task(BashOperator): create_tag>, delete_tag already registered for DAG: example_complex
[2025-10-05T17:28:38.609+0000] {logging_mixin.py:137} INFO - [2025-10-05T17:28:38.609+0000] {taskmixin.py:205} WARNING - Dependency <Task(BashOperator): delete_tag>, create_tag already registered for DAG: example_complex
[2025-10-05T17:28:38.619+0000] {processor.py:753} INFO - DAG(s) dict_keys(['example_complex']) retrieved from /home/airflow/.local/lib/python3.7/site-packages/airflow/example_dags/example_complex.py
[2025-10-05T17:28:38.660+0000] {logging_mixin.py:137} INFO - [2025-10-05T17:28:38.660+0000] {dag.py:2690} INFO - Sync 1 DAGs
[2025-10-05T17:28:38.690+0000] {logging_mixin.py:137} INFO - [2025-10-05T17:28:38.690+0000] {dag.py:3441} INFO - Setting next_dagrun for example_complex to None, run_after=None
[2025-10-05T17:28:38.722+0000] {processor.py:175} INFO - Processing /home/airflow/.local/lib/python3.7/site-packages/airflow/example_dags/example_complex.py took 0.136 seconds
[2025-10-05T17:29:09.562+0000] {processor.py:153} INFO - Started process (PID=1952) to work on /home/airflow/.local/lib/python3.7/site-packages/airflow/example_dags/example_complex.py
[2025-10-05T17:29:09.564+0000] {processor.py:743} INFO - Processing file /home/airflow/.local/lib/python3.7/site-packages/airflow/example_dags/example_complex.py for tasks to queue
[2025-10-05T17:29:09.565+0000] {logging_mixin.py:137} INFO - [2025-10-05T17:29:09.565+0000] {dagbag.py:538} INFO - Filling up the DagBag from /home/airflow/.local/lib/python3.7/site-packages/airflow/example_dags/example_complex.py
[2025-10-05T17:29:09.581+0000] {logging_mixin.py:137} INFO - [2025-10-05T17:29:09.581+0000] {taskmixin.py:205} WARNING - Dependency <Task(BashOperator): create_entry_group>, delete_entry_group already registered for DAG: example_complex
[2025-10-05T17:29:09.582+0000] {logging_mixin.py:137} INFO - [2025-10-05T17:29:09.582+0000] {taskmixin.py:205} WARNING - Dependency <Task(BashOperator): delete_entry_group>, create_entry_group already registered for DAG: example_complex
[2025-10-05T17:29:09.583+0000] {logging_mixin.py:137} INFO - [2025-10-05T17:29:09.583+0000] {taskmixin.py:205} WARNING - Dependency <Task(BashOperator): create_entry_gcs>, delete_entry already registered for DAG: example_complex
[2025-10-05T17:29:09.584+0000] {logging_mixin.py:137} INFO - [2025-10-05T17:29:09.584+0000] {taskmixin.py:205} WARNING - Dependency <Task(BashOperator): delete_entry>, create_entry_gcs already registered for DAG: example_complex
[2025-10-05T17:29:09.585+0000] {logging_mixin.py:137} INFO - [2025-10-05T17:29:09.585+0000] {taskmixin.py:205} WARNING - Dependency <Task(BashOperator): create_tag>, delete_tag already registered for DAG: example_complex
[2025-10-05T17:29:09.586+0000] {logging_mixin.py:137} INFO - [2025-10-05T17:29:09.585+0000] {taskmixin.py:205} WARNING - Dependency <Task(BashOperator): delete_tag>, create_tag already registered for DAG: example_complex
[2025-10-05T17:29:09.604+0000] {processor.py:753} INFO - DAG(s) dict_keys(['example_complex']) retrieved from /home/airflow/.local/lib/python3.7/site-packages/airflow/example_dags/example_complex.py
[2025-10-05T17:29:09.655+0000] {logging_mixin.py:137} INFO - [2025-10-05T17:29:09.654+0000] {dag.py:2690} INFO - Sync 1 DAGs
[2025-10-05T17:29:09.715+0000] {logging_mixin.py:137} INFO - [2025-10-05T17:29:09.715+0000] {dag.py:3441} INFO - Setting next_dagrun for example_complex to None, run_after=None
[2025-10-05T17:29:09.758+0000] {processor.py:175} INFO - Processing /home/airflow/.local/lib/python3.7/site-packages/airflow/example_dags/example_complex.py took 0.201 seconds
[2025-10-05T17:29:40.683+0000] {processor.py:153} INFO - Started process (PID=2056) to work on /home/airflow/.local/lib/python3.7/site-packages/airflow/example_dags/example_complex.py
[2025-10-05T17:29:40.685+0000] {processor.py:743} INFO - Processing file /home/airflow/.local/lib/python3.7/site-packages/airflow/example_dags/example_complex.py for tasks to queue
[2025-10-05T17:29:40.687+0000] {logging_mixin.py:137} INFO - [2025-10-05T17:29:40.686+0000] {dagbag.py:538} INFO - Filling up the DagBag from /home/airflow/.local/lib/python3.7/site-packages/airflow/example_dags/example_complex.py
[2025-10-05T17:29:40.701+0000] {logging_mixin.py:137} INFO - [2025-10-05T17:29:40.701+0000] {taskmixin.py:205} WARNING - Dependency <Task(BashOperator): create_entry_group>, delete_entry_group already registered for DAG: example_complex
[2025-10-05T17:29:40.701+0000] {logging_mixin.py:137} INFO - [2025-10-05T17:29:40.701+0000] {taskmixin.py:205} WARNING - Dependency <Task(BashOperator): delete_entry_group>, create_entry_group already registered for DAG: example_complex
[2025-10-05T17:29:40.702+0000] {logging_mixin.py:137} INFO - [2025-10-05T17:29:40.702+0000] {taskmixin.py:205} WARNING - Dependency <Task(BashOperator): create_entry_gcs>, delete_entry already registered for DAG: example_complex
[2025-10-05T17:29:40.703+0000] {logging_mixin.py:137} INFO - [2025-10-05T17:29:40.703+0000] {taskmixin.py:205} WARNING - Dependency <Task(BashOperator): delete_entry>, create_entry_gcs already registered for DAG: example_complex
[2025-10-05T17:29:40.704+0000] {logging_mixin.py:137} INFO - [2025-10-05T17:29:40.704+0000] {taskmixin.py:205} WARNING - Dependency <Task(BashOperator): create_tag>, delete_tag already registered for DAG: example_complex
[2025-10-05T17:29:40.704+0000] {logging_mixin.py:137} INFO - [2025-10-05T17:29:40.704+0000] {taskmixin.py:205} WARNING - Dependency <Task(BashOperator): delete_tag>, create_tag already registered for DAG: example_complex
[2025-10-05T17:29:40.713+0000] {processor.py:753} INFO - DAG(s) dict_keys(['example_complex']) retrieved from /home/airflow/.local/lib/python3.7/site-packages/airflow/example_dags/example_complex.py
[2025-10-05T17:29:40.760+0000] {logging_mixin.py:137} INFO - [2025-10-05T17:29:40.760+0000] {dag.py:2690} INFO - Sync 1 DAGs
[2025-10-05T17:29:40.799+0000] {logging_mixin.py:137} INFO - [2025-10-05T17:29:40.799+0000] {dag.py:3441} INFO - Setting next_dagrun for example_complex to None, run_after=None
[2025-10-05T17:29:40.828+0000] {processor.py:175} INFO - Processing /home/airflow/.local/lib/python3.7/site-packages/airflow/example_dags/example_complex.py took 0.149 seconds
[2025-10-05T17:30:11.076+0000] {processor.py:153} INFO - Started process (PID=2146) to work on /home/airflow/.local/lib/python3.7/site-packages/airflow/example_dags/example_complex.py
[2025-10-05T17:30:11.077+0000] {processor.py:743} INFO - Processing file /home/airflow/.local/lib/python3.7/site-packages/airflow/example_dags/example_complex.py for tasks to queue
[2025-10-05T17:30:11.079+0000] {logging_mixin.py:137} INFO - [2025-10-05T17:30:11.078+0000] {dagbag.py:538} INFO - Filling up the DagBag from /home/airflow/.local/lib/python3.7/site-packages/airflow/example_dags/example_complex.py
[2025-10-05T17:30:11.092+0000] {logging_mixin.py:137} INFO - [2025-10-05T17:30:11.092+0000] {taskmixin.py:205} WARNING - Dependency <Task(BashOperator): create_entry_group>, delete_entry_group already registered for DAG: example_complex
[2025-10-05T17:30:11.093+0000] {logging_mixin.py:137} INFO - [2025-10-05T17:30:11.093+0000] {taskmixin.py:205} WARNING - Dependency <Task(BashOperator): delete_entry_group>, create_entry_group already registered for DAG: example_complex
[2025-10-05T17:30:11.093+0000] {logging_mixin.py:137} INFO - [2025-10-05T17:30:11.093+0000] {taskmixin.py:205} WARNING - Dependency <Task(BashOperator): create_entry_gcs>, delete_entry already registered for DAG: example_complex
[2025-10-05T17:30:11.094+0000] {logging_mixin.py:137} INFO - [2025-10-05T17:30:11.094+0000] {taskmixin.py:205} WARNING - Dependency <Task(BashOperator): delete_entry>, create_entry_gcs already registered for DAG: example_complex
[2025-10-05T17:30:11.095+0000] {logging_mixin.py:137} INFO - [2025-10-05T17:30:11.095+0000] {taskmixin.py:205} WARNING - Dependency <Task(BashOperator): create_tag>, delete_tag already registered for DAG: example_complex
[2025-10-05T17:30:11.095+0000] {logging_mixin.py:137} INFO - [2025-10-05T17:30:11.095+0000] {taskmixin.py:205} WARNING - Dependency <Task(BashOperator): delete_tag>, create_tag already registered for DAG: example_complex
[2025-10-05T17:30:11.103+0000] {processor.py:753} INFO - DAG(s) dict_keys(['example_complex']) retrieved from /home/airflow/.local/lib/python3.7/site-packages/airflow/example_dags/example_complex.py
[2025-10-05T17:30:11.137+0000] {logging_mixin.py:137} INFO - [2025-10-05T17:30:11.137+0000] {dag.py:2690} INFO - Sync 1 DAGs
[2025-10-05T17:30:11.163+0000] {logging_mixin.py:137} INFO - [2025-10-05T17:30:11.163+0000] {dag.py:3441} INFO - Setting next_dagrun for example_complex to None, run_after=None
[2025-10-05T17:30:11.191+0000] {processor.py:175} INFO - Processing /home/airflow/.local/lib/python3.7/site-packages/airflow/example_dags/example_complex.py took 0.119 seconds
[2025-10-05T17:30:41.628+0000] {processor.py:153} INFO - Started process (PID=2260) to work on /home/airflow/.local/lib/python3.7/site-packages/airflow/example_dags/example_complex.py
[2025-10-05T17:30:41.629+0000] {processor.py:743} INFO - Processing file /home/airflow/.local/lib/python3.7/site-packages/airflow/example_dags/example_complex.py for tasks to queue
[2025-10-05T17:30:41.630+0000] {logging_mixin.py:137} INFO - [2025-10-05T17:30:41.630+0000] {dagbag.py:538} INFO - Filling up the DagBag from /home/airflow/.local/lib/python3.7/site-packages/airflow/example_dags/example_complex.py
[2025-10-05T17:30:41.643+0000] {logging_mixin.py:137} INFO - [2025-10-05T17:30:41.643+0000] {taskmixin.py:205} WARNING - Dependency <Task(BashOperator): create_entry_group>, delete_entry_group already registered for DAG: example_complex
[2025-10-05T17:30:41.644+0000] {logging_mixin.py:137} INFO - [2025-10-05T17:30:41.644+0000] {taskmixin.py:205} WARNING - Dependency <Task(BashOperator): delete_entry_group>, create_entry_group already registered for DAG: example_complex
[2025-10-05T17:30:41.645+0000] {logging_mixin.py:137} INFO - [2025-10-05T17:30:41.645+0000] {taskmixin.py:205} WARNING - Dependency <Task(BashOperator): create_entry_gcs>, delete_entry already registered for DAG: example_complex
[2025-10-05T17:30:41.645+0000] {logging_mixin.py:137} INFO - [2025-10-05T17:30:41.645+0000] {taskmixin.py:205} WARNING - Dependency <Task(BashOperator): delete_entry>, create_entry_gcs already registered for DAG: example_complex
[2025-10-05T17:30:41.646+0000] {logging_mixin.py:137} INFO - [2025-10-05T17:30:41.646+0000] {taskmixin.py:205} WARNING - Dependency <Task(BashOperator): create_tag>, delete_tag already registered for DAG: example_complex
[2025-10-05T17:30:41.646+0000] {logging_mixin.py:137} INFO - [2025-10-05T17:30:41.646+0000] {taskmixin.py:205} WARNING - Dependency <Task(BashOperator): delete_tag>, create_tag already registered for DAG: example_complex
[2025-10-05T17:30:41.655+0000] {processor.py:753} INFO - DAG(s) dict_keys(['example_complex']) retrieved from /home/airflow/.local/lib/python3.7/site-packages/airflow/example_dags/example_complex.py
[2025-10-05T17:30:41.692+0000] {logging_mixin.py:137} INFO - [2025-10-05T17:30:41.692+0000] {dag.py:2690} INFO - Sync 1 DAGs
[2025-10-05T17:30:41.721+0000] {logging_mixin.py:137} INFO - [2025-10-05T17:30:41.721+0000] {dag.py:3441} INFO - Setting next_dagrun for example_complex to None, run_after=None
[2025-10-05T17:30:41.746+0000] {processor.py:175} INFO - Processing /home/airflow/.local/lib/python3.7/site-packages/airflow/example_dags/example_complex.py took 0.123 seconds
[2025-10-05T17:31:12.669+0000] {processor.py:153} INFO - Started process (PID=2349) to work on /home/airflow/.local/lib/python3.7/site-packages/airflow/example_dags/example_complex.py
[2025-10-05T17:31:12.671+0000] {processor.py:743} INFO - Processing file /home/airflow/.local/lib/python3.7/site-packages/airflow/example_dags/example_complex.py for tasks to queue
[2025-10-05T17:31:12.672+0000] {logging_mixin.py:137} INFO - [2025-10-05T17:31:12.672+0000] {dagbag.py:538} INFO - Filling up the DagBag from /home/airflow/.local/lib/python3.7/site-packages/airflow/example_dags/example_complex.py
[2025-10-05T17:31:12.684+0000] {logging_mixin.py:137} INFO - [2025-10-05T17:31:12.684+0000] {taskmixin.py:205} WARNING - Dependency <Task(BashOperator): create_entry_group>, delete_entry_group already registered for DAG: example_complex
[2025-10-05T17:31:12.685+0000] {logging_mixin.py:137} INFO - [2025-10-05T17:31:12.685+0000] {taskmixin.py:205} WARNING - Dependency <Task(BashOperator): delete_entry_group>, create_entry_group already registered for DAG: example_complex
[2025-10-05T17:31:12.685+0000] {logging_mixin.py:137} INFO - [2025-10-05T17:31:12.685+0000] {taskmixin.py:205} WARNING - Dependency <Task(BashOperator): create_entry_gcs>, delete_entry already registered for DAG: example_complex
[2025-10-05T17:31:12.686+0000] {logging_mixin.py:137} INFO - [2025-10-05T17:31:12.686+0000] {taskmixin.py:205} WARNING - Dependency <Task(BashOperator): delete_entry>, create_entry_gcs already registered for DAG: example_complex
[2025-10-05T17:31:12.686+0000] {logging_mixin.py:137} INFO - [2025-10-05T17:31:12.686+0000] {taskmixin.py:205} WARNING - Dependency <Task(BashOperator): create_tag>, delete_tag already registered for DAG: example_complex
[2025-10-05T17:31:12.687+0000] {logging_mixin.py:137} INFO - [2025-10-05T17:31:12.687+0000] {taskmixin.py:205} WARNING - Dependency <Task(BashOperator): delete_tag>, create_tag already registered for DAG: example_complex
[2025-10-05T17:31:12.694+0000] {processor.py:753} INFO - DAG(s) dict_keys(['example_complex']) retrieved from /home/airflow/.local/lib/python3.7/site-packages/airflow/example_dags/example_complex.py
[2025-10-05T17:31:12.729+0000] {logging_mixin.py:137} INFO - [2025-10-05T17:31:12.729+0000] {dag.py:2690} INFO - Sync 1 DAGs
[2025-10-05T17:31:12.758+0000] {logging_mixin.py:137} INFO - [2025-10-05T17:31:12.758+0000] {dag.py:3441} INFO - Setting next_dagrun for example_complex to None, run_after=None
[2025-10-05T17:31:12.783+0000] {processor.py:175} INFO - Processing /home/airflow/.local/lib/python3.7/site-packages/airflow/example_dags/example_complex.py took 0.118 seconds
[2025-10-05T17:31:43.841+0000] {processor.py:153} INFO - Started process (PID=2463) to work on /home/airflow/.local/lib/python3.7/site-packages/airflow/example_dags/example_complex.py
[2025-10-05T17:31:43.843+0000] {processor.py:743} INFO - Processing file /home/airflow/.local/lib/python3.7/site-packages/airflow/example_dags/example_complex.py for tasks to queue
[2025-10-05T17:31:43.844+0000] {logging_mixin.py:137} INFO - [2025-10-05T17:31:43.844+0000] {dagbag.py:538} INFO - Filling up the DagBag from /home/airflow/.local/lib/python3.7/site-packages/airflow/example_dags/example_complex.py
[2025-10-05T17:31:43.856+0000] {logging_mixin.py:137} INFO - [2025-10-05T17:31:43.856+0000] {taskmixin.py:205} WARNING - Dependency <Task(BashOperator): create_entry_group>, delete_entry_group already registered for DAG: example_complex
[2025-10-05T17:31:43.857+0000] {logging_mixin.py:137} INFO - [2025-10-05T17:31:43.857+0000] {taskmixin.py:205} WARNING - Dependency <Task(BashOperator): delete_entry_group>, create_entry_group already registered for DAG: example_complex
[2025-10-05T17:31:43.858+0000] {logging_mixin.py:137} INFO - [2025-10-05T17:31:43.858+0000] {taskmixin.py:205} WARNING - Dependency <Task(BashOperator): create_entry_gcs>, delete_entry already registered for DAG: example_complex
[2025-10-05T17:31:43.858+0000] {logging_mixin.py:137} INFO - [2025-10-05T17:31:43.858+0000] {taskmixin.py:205} WARNING - Dependency <Task(BashOperator): delete_entry>, create_entry_gcs already registered for DAG: example_complex
[2025-10-05T17:31:43.859+0000] {logging_mixin.py:137} INFO - [2025-10-05T17:31:43.859+0000] {taskmixin.py:205} WARNING - Dependency <Task(BashOperator): create_tag>, delete_tag already registered for DAG: example_complex
[2025-10-05T17:31:43.860+0000] {logging_mixin.py:137} INFO - [2025-10-05T17:31:43.860+0000] {taskmixin.py:205} WARNING - Dependency <Task(BashOperator): delete_tag>, create_tag already registered for DAG: example_complex
[2025-10-05T17:31:43.868+0000] {processor.py:753} INFO - DAG(s) dict_keys(['example_complex']) retrieved from /home/airflow/.local/lib/python3.7/site-packages/airflow/example_dags/example_complex.py
[2025-10-05T17:31:43.904+0000] {logging_mixin.py:137} INFO - [2025-10-05T17:31:43.904+0000] {dag.py:2690} INFO - Sync 1 DAGs
[2025-10-05T17:31:43.938+0000] {logging_mixin.py:137} INFO - [2025-10-05T17:31:43.938+0000] {dag.py:3441} INFO - Setting next_dagrun for example_complex to None, run_after=None
[2025-10-05T17:31:43.962+0000] {processor.py:175} INFO - Processing /home/airflow/.local/lib/python3.7/site-packages/airflow/example_dags/example_complex.py took 0.125 seconds
[2025-10-05T17:32:14.422+0000] {processor.py:153} INFO - Started process (PID=2552) to work on /home/airflow/.local/lib/python3.7/site-packages/airflow/example_dags/example_complex.py
[2025-10-05T17:32:14.423+0000] {processor.py:743} INFO - Processing file /home/airflow/.local/lib/python3.7/site-packages/airflow/example_dags/example_complex.py for tasks to queue
[2025-10-05T17:32:14.424+0000] {logging_mixin.py:137} INFO - [2025-10-05T17:32:14.424+0000] {dagbag.py:538} INFO - Filling up the DagBag from /home/airflow/.local/lib/python3.7/site-packages/airflow/example_dags/example_complex.py
[2025-10-05T17:32:14.437+0000] {logging_mixin.py:137} INFO - [2025-10-05T17:32:14.437+0000] {taskmixin.py:205} WARNING - Dependency <Task(BashOperator): create_entry_group>, delete_entry_group already registered for DAG: example_complex
[2025-10-05T17:32:14.438+0000] {logging_mixin.py:137} INFO - [2025-10-05T17:32:14.438+0000] {taskmixin.py:205} WARNING - Dependency <Task(BashOperator): delete_entry_group>, create_entry_group already registered for DAG: example_complex
[2025-10-05T17:32:14.439+0000] {logging_mixin.py:137} INFO - [2025-10-05T17:32:14.439+0000] {taskmixin.py:205} WARNING - Dependency <Task(BashOperator): create_entry_gcs>, delete_entry already registered for DAG: example_complex
[2025-10-05T17:32:14.439+0000] {logging_mixin.py:137} INFO - [2025-10-05T17:32:14.439+0000] {taskmixin.py:205} WARNING - Dependency <Task(BashOperator): delete_entry>, create_entry_gcs already registered for DAG: example_complex
[2025-10-05T17:32:14.440+0000] {logging_mixin.py:137} INFO - [2025-10-05T17:32:14.440+0000] {taskmixin.py:205} WARNING - Dependency <Task(BashOperator): create_tag>, delete_tag already registered for DAG: example_complex
[2025-10-05T17:32:14.440+0000] {logging_mixin.py:137} INFO - [2025-10-05T17:32:14.440+0000] {taskmixin.py:205} WARNING - Dependency <Task(BashOperator): delete_tag>, create_tag already registered for DAG: example_complex
[2025-10-05T17:32:14.448+0000] {processor.py:753} INFO - DAG(s) dict_keys(['example_complex']) retrieved from /home/airflow/.local/lib/python3.7/site-packages/airflow/example_dags/example_complex.py
[2025-10-05T17:32:14.482+0000] {logging_mixin.py:137} INFO - [2025-10-05T17:32:14.482+0000] {dag.py:2690} INFO - Sync 1 DAGs
[2025-10-05T17:32:14.508+0000] {logging_mixin.py:137} INFO - [2025-10-05T17:32:14.508+0000] {dag.py:3441} INFO - Setting next_dagrun for example_complex to None, run_after=None
[2025-10-05T17:32:14.531+0000] {processor.py:175} INFO - Processing /home/airflow/.local/lib/python3.7/site-packages/airflow/example_dags/example_complex.py took 0.113 seconds
[2025-10-05T17:32:45.382+0000] {processor.py:153} INFO - Started process (PID=2665) to work on /home/airflow/.local/lib/python3.7/site-packages/airflow/example_dags/example_complex.py
[2025-10-05T17:32:45.383+0000] {processor.py:743} INFO - Processing file /home/airflow/.local/lib/python3.7/site-packages/airflow/example_dags/example_complex.py for tasks to queue
[2025-10-05T17:32:45.384+0000] {logging_mixin.py:137} INFO - [2025-10-05T17:32:45.384+0000] {dagbag.py:538} INFO - Filling up the DagBag from /home/airflow/.local/lib/python3.7/site-packages/airflow/example_dags/example_complex.py
[2025-10-05T17:32:45.399+0000] {logging_mixin.py:137} INFO - [2025-10-05T17:32:45.399+0000] {taskmixin.py:205} WARNING - Dependency <Task(BashOperator): create_entry_group>, delete_entry_group already registered for DAG: example_complex
[2025-10-05T17:32:45.400+0000] {logging_mixin.py:137} INFO - [2025-10-05T17:32:45.400+0000] {taskmixin.py:205} WARNING - Dependency <Task(BashOperator): delete_entry_group>, create_entry_group already registered for DAG: example_complex
[2025-10-05T17:32:45.401+0000] {logging_mixin.py:137} INFO - [2025-10-05T17:32:45.400+0000] {taskmixin.py:205} WARNING - Dependency <Task(BashOperator): create_entry_gcs>, delete_entry already registered for DAG: example_complex
[2025-10-05T17:32:45.401+0000] {logging_mixin.py:137} INFO - [2025-10-05T17:32:45.401+0000] {taskmixin.py:205} WARNING - Dependency <Task(BashOperator): delete_entry>, create_entry_gcs already registered for DAG: example_complex
[2025-10-05T17:32:45.402+0000] {logging_mixin.py:137} INFO - [2025-10-05T17:32:45.402+0000] {taskmixin.py:205} WARNING - Dependency <Task(BashOperator): create_tag>, delete_tag already registered for DAG: example_complex
[2025-10-05T17:32:45.403+0000] {logging_mixin.py:137} INFO - [2025-10-05T17:32:45.403+0000] {taskmixin.py:205} WARNING - Dependency <Task(BashOperator): delete_tag>, create_tag already registered for DAG: example_complex
[2025-10-05T17:32:45.412+0000] {processor.py:753} INFO - DAG(s) dict_keys(['example_complex']) retrieved from /home/airflow/.local/lib/python3.7/site-packages/airflow/example_dags/example_complex.py
[2025-10-05T17:32:45.447+0000] {logging_mixin.py:137} INFO - [2025-10-05T17:32:45.447+0000] {dag.py:2690} INFO - Sync 1 DAGs
[2025-10-05T17:32:45.475+0000] {logging_mixin.py:137} INFO - [2025-10-05T17:32:45.475+0000] {dag.py:3441} INFO - Setting next_dagrun for example_complex to None, run_after=None
[2025-10-05T17:32:45.498+0000] {processor.py:175} INFO - Processing /home/airflow/.local/lib/python3.7/site-packages/airflow/example_dags/example_complex.py took 0.122 seconds
[2025-10-05T17:33:15.935+0000] {processor.py:153} INFO - Started process (PID=2754) to work on /home/airflow/.local/lib/python3.7/site-packages/airflow/example_dags/example_complex.py
[2025-10-05T17:33:15.936+0000] {processor.py:743} INFO - Processing file /home/airflow/.local/lib/python3.7/site-packages/airflow/example_dags/example_complex.py for tasks to queue
[2025-10-05T17:33:15.938+0000] {logging_mixin.py:137} INFO - [2025-10-05T17:33:15.937+0000] {dagbag.py:538} INFO - Filling up the DagBag from /home/airflow/.local/lib/python3.7/site-packages/airflow/example_dags/example_complex.py
[2025-10-05T17:33:15.953+0000] {logging_mixin.py:137} INFO - [2025-10-05T17:33:15.953+0000] {taskmixin.py:205} WARNING - Dependency <Task(BashOperator): create_entry_group>, delete_entry_group already registered for DAG: example_complex
[2025-10-05T17:33:15.954+0000] {logging_mixin.py:137} INFO - [2025-10-05T17:33:15.954+0000] {taskmixin.py:205} WARNING - Dependency <Task(BashOperator): delete_entry_group>, create_entry_group already registered for DAG: example_complex
[2025-10-05T17:33:15.955+0000] {logging_mixin.py:137} INFO - [2025-10-05T17:33:15.955+0000] {taskmixin.py:205} WARNING - Dependency <Task(BashOperator): create_entry_gcs>, delete_entry already registered for DAG: example_complex
[2025-10-05T17:33:15.955+0000] {logging_mixin.py:137} INFO - [2025-10-05T17:33:15.955+0000] {taskmixin.py:205} WARNING - Dependency <Task(BashOperator): delete_entry>, create_entry_gcs already registered for DAG: example_complex
[2025-10-05T17:33:15.956+0000] {logging_mixin.py:137} INFO - [2025-10-05T17:33:15.956+0000] {taskmixin.py:205} WARNING - Dependency <Task(BashOperator): create_tag>, delete_tag already registered for DAG: example_complex
[2025-10-05T17:33:15.957+0000] {logging_mixin.py:137} INFO - [2025-10-05T17:33:15.957+0000] {taskmixin.py:205} WARNING - Dependency <Task(BashOperator): delete_tag>, create_tag already registered for DAG: example_complex
[2025-10-05T17:33:15.965+0000] {processor.py:753} INFO - DAG(s) dict_keys(['example_complex']) retrieved from /home/airflow/.local/lib/python3.7/site-packages/airflow/example_dags/example_complex.py
[2025-10-05T17:33:16.005+0000] {logging_mixin.py:137} INFO - [2025-10-05T17:33:16.005+0000] {dag.py:2690} INFO - Sync 1 DAGs
[2025-10-05T17:33:16.035+0000] {logging_mixin.py:137} INFO - [2025-10-05T17:33:16.035+0000] {dag.py:3441} INFO - Setting next_dagrun for example_complex to None, run_after=None
[2025-10-05T17:33:16.061+0000] {processor.py:175} INFO - Processing /home/airflow/.local/lib/python3.7/site-packages/airflow/example_dags/example_complex.py took 0.132 seconds
[2025-10-05T17:33:46.208+0000] {processor.py:153} INFO - Started process (PID=2842) to work on /home/airflow/.local/lib/python3.7/site-packages/airflow/example_dags/example_complex.py
[2025-10-05T17:33:46.209+0000] {processor.py:743} INFO - Processing file /home/airflow/.local/lib/python3.7/site-packages/airflow/example_dags/example_complex.py for tasks to queue
[2025-10-05T17:33:46.211+0000] {logging_mixin.py:137} INFO - [2025-10-05T17:33:46.210+0000] {dagbag.py:538} INFO - Filling up the DagBag from /home/airflow/.local/lib/python3.7/site-packages/airflow/example_dags/example_complex.py
[2025-10-05T17:33:46.224+0000] {logging_mixin.py:137} INFO - [2025-10-05T17:33:46.223+0000] {taskmixin.py:205} WARNING - Dependency <Task(BashOperator): create_entry_group>, delete_entry_group already registered for DAG: example_complex
[2025-10-05T17:33:46.224+0000] {logging_mixin.py:137} INFO - [2025-10-05T17:33:46.224+0000] {taskmixin.py:205} WARNING - Dependency <Task(BashOperator): delete_entry_group>, create_entry_group already registered for DAG: example_complex
[2025-10-05T17:33:46.225+0000] {logging_mixin.py:137} INFO - [2025-10-05T17:33:46.225+0000] {taskmixin.py:205} WARNING - Dependency <Task(BashOperator): create_entry_gcs>, delete_entry already registered for DAG: example_complex
[2025-10-05T17:33:46.226+0000] {logging_mixin.py:137} INFO - [2025-10-05T17:33:46.226+0000] {taskmixin.py:205} WARNING - Dependency <Task(BashOperator): delete_entry>, create_entry_gcs already registered for DAG: example_complex
[2025-10-05T17:33:46.227+0000] {logging_mixin.py:137} INFO - [2025-10-05T17:33:46.227+0000] {taskmixin.py:205} WARNING - Dependency <Task(BashOperator): create_tag>, delete_tag already registered for DAG: example_complex
[2025-10-05T17:33:46.227+0000] {logging_mixin.py:137} INFO - [2025-10-05T17:33:46.227+0000] {taskmixin.py:205} WARNING - Dependency <Task(BashOperator): delete_tag>, create_tag already registered for DAG: example_complex
[2025-10-05T17:33:46.235+0000] {processor.py:753} INFO - DAG(s) dict_keys(['example_complex']) retrieved from /home/airflow/.local/lib/python3.7/site-packages/airflow/example_dags/example_complex.py
[2025-10-05T17:33:46.272+0000] {logging_mixin.py:137} INFO - [2025-10-05T17:33:46.271+0000] {dag.py:2690} INFO - Sync 1 DAGs
[2025-10-05T17:33:46.300+0000] {logging_mixin.py:137} INFO - [2025-10-05T17:33:46.300+0000] {dag.py:3441} INFO - Setting next_dagrun for example_complex to None, run_after=None
[2025-10-05T17:33:46.329+0000] {processor.py:175} INFO - Processing /home/airflow/.local/lib/python3.7/site-packages/airflow/example_dags/example_complex.py took 0.124 seconds
[2025-10-05T17:34:16.912+0000] {processor.py:153} INFO - Started process (PID=2955) to work on /home/airflow/.local/lib/python3.7/site-packages/airflow/example_dags/example_complex.py
[2025-10-05T17:34:16.913+0000] {processor.py:743} INFO - Processing file /home/airflow/.local/lib/python3.7/site-packages/airflow/example_dags/example_complex.py for tasks to queue
[2025-10-05T17:34:16.915+0000] {logging_mixin.py:137} INFO - [2025-10-05T17:34:16.915+0000] {dagbag.py:538} INFO - Filling up the DagBag from /home/airflow/.local/lib/python3.7/site-packages/airflow/example_dags/example_complex.py
[2025-10-05T17:34:16.929+0000] {logging_mixin.py:137} INFO - [2025-10-05T17:34:16.929+0000] {taskmixin.py:205} WARNING - Dependency <Task(BashOperator): create_entry_group>, delete_entry_group already registered for DAG: example_complex
[2025-10-05T17:34:16.930+0000] {logging_mixin.py:137} INFO - [2025-10-05T17:34:16.929+0000] {taskmixin.py:205} WARNING - Dependency <Task(BashOperator): delete_entry_group>, create_entry_group already registered for DAG: example_complex
[2025-10-05T17:34:16.931+0000] {logging_mixin.py:137} INFO - [2025-10-05T17:34:16.930+0000] {taskmixin.py:205} WARNING - Dependency <Task(BashOperator): create_entry_gcs>, delete_entry already registered for DAG: example_complex
[2025-10-05T17:34:16.931+0000] {logging_mixin.py:137} INFO - [2025-10-05T17:34:16.931+0000] {taskmixin.py:205} WARNING - Dependency <Task(BashOperator): delete_entry>, create_entry_gcs already registered for DAG: example_complex
[2025-10-05T17:34:16.932+0000] {logging_mixin.py:137} INFO - [2025-10-05T17:34:16.932+0000] {taskmixin.py:205} WARNING - Dependency <Task(BashOperator): create_tag>, delete_tag already registered for DAG: example_complex
[2025-10-05T17:34:16.933+0000] {logging_mixin.py:137} INFO - [2025-10-05T17:34:16.933+0000] {taskmixin.py:205} WARNING - Dependency <Task(BashOperator): delete_tag>, create_tag already registered for DAG: example_complex
[2025-10-05T17:34:16.941+0000] {processor.py:753} INFO - DAG(s) dict_keys(['example_complex']) retrieved from /home/airflow/.local/lib/python3.7/site-packages/airflow/example_dags/example_complex.py
[2025-10-05T17:34:16.975+0000] {logging_mixin.py:137} INFO - [2025-10-05T17:34:16.975+0000] {dag.py:2690} INFO - Sync 1 DAGs
[2025-10-05T17:34:17.002+0000] {logging_mixin.py:137} INFO - [2025-10-05T17:34:17.001+0000] {dag.py:3441} INFO - Setting next_dagrun for example_complex to None, run_after=None
[2025-10-05T17:34:17.025+0000] {processor.py:175} INFO - Processing /home/airflow/.local/lib/python3.7/site-packages/airflow/example_dags/example_complex.py took 0.117 seconds
[2025-10-05T17:34:47.308+0000] {processor.py:153} INFO - Started process (PID=3044) to work on /home/airflow/.local/lib/python3.7/site-packages/airflow/example_dags/example_complex.py
[2025-10-05T17:34:47.310+0000] {processor.py:743} INFO - Processing file /home/airflow/.local/lib/python3.7/site-packages/airflow/example_dags/example_complex.py for tasks to queue
[2025-10-05T17:34:47.312+0000] {logging_mixin.py:137} INFO - [2025-10-05T17:34:47.311+0000] {dagbag.py:538} INFO - Filling up the DagBag from /home/airflow/.local/lib/python3.7/site-packages/airflow/example_dags/example_complex.py
[2025-10-05T17:34:47.336+0000] {logging_mixin.py:137} INFO - [2025-10-05T17:34:47.336+0000] {taskmixin.py:205} WARNING - Dependency <Task(BashOperator): create_entry_group>, delete_entry_group already registered for DAG: example_complex
[2025-10-05T17:34:47.337+0000] {logging_mixin.py:137} INFO - [2025-10-05T17:34:47.337+0000] {taskmixin.py:205} WARNING - Dependency <Task(BashOperator): delete_entry_group>, create_entry_group already registered for DAG: example_complex
[2025-10-05T17:34:47.338+0000] {logging_mixin.py:137} INFO - [2025-10-05T17:34:47.338+0000] {taskmixin.py:205} WARNING - Dependency <Task(BashOperator): create_entry_gcs>, delete_entry already registered for DAG: example_complex
[2025-10-05T17:34:47.339+0000] {logging_mixin.py:137} INFO - [2025-10-05T17:34:47.339+0000] {taskmixin.py:205} WARNING - Dependency <Task(BashOperator): delete_entry>, create_entry_gcs already registered for DAG: example_complex
[2025-10-05T17:34:47.340+0000] {logging_mixin.py:137} INFO - [2025-10-05T17:34:47.340+0000] {taskmixin.py:205} WARNING - Dependency <Task(BashOperator): create_tag>, delete_tag already registered for DAG: example_complex
[2025-10-05T17:34:47.341+0000] {logging_mixin.py:137} INFO - [2025-10-05T17:34:47.341+0000] {taskmixin.py:205} WARNING - Dependency <Task(BashOperator): delete_tag>, create_tag already registered for DAG: example_complex
[2025-10-05T17:34:47.357+0000] {processor.py:753} INFO - DAG(s) dict_keys(['example_complex']) retrieved from /home/airflow/.local/lib/python3.7/site-packages/airflow/example_dags/example_complex.py
[2025-10-05T17:34:47.409+0000] {logging_mixin.py:137} INFO - [2025-10-05T17:34:47.409+0000] {dag.py:2690} INFO - Sync 1 DAGs
[2025-10-05T17:34:47.442+0000] {logging_mixin.py:137} INFO - [2025-10-05T17:34:47.442+0000] {dag.py:3441} INFO - Setting next_dagrun for example_complex to None, run_after=None
[2025-10-05T17:34:47.469+0000] {processor.py:175} INFO - Processing /home/airflow/.local/lib/python3.7/site-packages/airflow/example_dags/example_complex.py took 0.168 seconds
[2025-10-05T17:35:17.802+0000] {processor.py:153} INFO - Started process (PID=3142) to work on /home/airflow/.local/lib/python3.7/site-packages/airflow/example_dags/example_complex.py
[2025-10-05T17:35:17.804+0000] {processor.py:743} INFO - Processing file /home/airflow/.local/lib/python3.7/site-packages/airflow/example_dags/example_complex.py for tasks to queue
[2025-10-05T17:35:17.806+0000] {logging_mixin.py:137} INFO - [2025-10-05T17:35:17.806+0000] {dagbag.py:538} INFO - Filling up the DagBag from /home/airflow/.local/lib/python3.7/site-packages/airflow/example_dags/example_complex.py
[2025-10-05T17:35:17.823+0000] {logging_mixin.py:137} INFO - [2025-10-05T17:35:17.823+0000] {taskmixin.py:205} WARNING - Dependency <Task(BashOperator): create_entry_group>, delete_entry_group already registered for DAG: example_complex
[2025-10-05T17:35:17.824+0000] {logging_mixin.py:137} INFO - [2025-10-05T17:35:17.824+0000] {taskmixin.py:205} WARNING - Dependency <Task(BashOperator): delete_entry_group>, create_entry_group already registered for DAG: example_complex
[2025-10-05T17:35:17.825+0000] {logging_mixin.py:137} INFO - [2025-10-05T17:35:17.825+0000] {taskmixin.py:205} WARNING - Dependency <Task(BashOperator): create_entry_gcs>, delete_entry already registered for DAG: example_complex
[2025-10-05T17:35:17.826+0000] {logging_mixin.py:137} INFO - [2025-10-05T17:35:17.826+0000] {taskmixin.py:205} WARNING - Dependency <Task(BashOperator): delete_entry>, create_entry_gcs already registered for DAG: example_complex
[2025-10-05T17:35:17.827+0000] {logging_mixin.py:137} INFO - [2025-10-05T17:35:17.827+0000] {taskmixin.py:205} WARNING - Dependency <Task(BashOperator): create_tag>, delete_tag already registered for DAG: example_complex
[2025-10-05T17:35:17.828+0000] {logging_mixin.py:137} INFO - [2025-10-05T17:35:17.828+0000] {taskmixin.py:205} WARNING - Dependency <Task(BashOperator): delete_tag>, create_tag already registered for DAG: example_complex
[2025-10-05T17:35:17.838+0000] {processor.py:753} INFO - DAG(s) dict_keys(['example_complex']) retrieved from /home/airflow/.local/lib/python3.7/site-packages/airflow/example_dags/example_complex.py
[2025-10-05T17:35:17.877+0000] {logging_mixin.py:137} INFO - [2025-10-05T17:35:17.877+0000] {dag.py:2690} INFO - Sync 1 DAGs
[2025-10-05T17:35:17.924+0000] {logging_mixin.py:137} INFO - [2025-10-05T17:35:17.924+0000] {dag.py:3441} INFO - Setting next_dagrun for example_complex to None, run_after=None
[2025-10-05T17:35:18.020+0000] {processor.py:175} INFO - Processing /home/airflow/.local/lib/python3.7/site-packages/airflow/example_dags/example_complex.py took 0.224 seconds
[2025-10-05T17:35:48.397+0000] {processor.py:153} INFO - Started process (PID=3246) to work on /home/airflow/.local/lib/python3.7/site-packages/airflow/example_dags/example_complex.py
[2025-10-05T17:35:48.399+0000] {processor.py:743} INFO - Processing file /home/airflow/.local/lib/python3.7/site-packages/airflow/example_dags/example_complex.py for tasks to queue
[2025-10-05T17:35:48.401+0000] {logging_mixin.py:137} INFO - [2025-10-05T17:35:48.400+0000] {dagbag.py:538} INFO - Filling up the DagBag from /home/airflow/.local/lib/python3.7/site-packages/airflow/example_dags/example_complex.py
[2025-10-05T17:35:48.417+0000] {logging_mixin.py:137} INFO - [2025-10-05T17:35:48.417+0000] {taskmixin.py:205} WARNING - Dependency <Task(BashOperator): create_entry_group>, delete_entry_group already registered for DAG: example_complex
[2025-10-05T17:35:48.419+0000] {logging_mixin.py:137} INFO - [2025-10-05T17:35:48.418+0000] {taskmixin.py:205} WARNING - Dependency <Task(BashOperator): delete_entry_group>, create_entry_group already registered for DAG: example_complex
[2025-10-05T17:35:48.421+0000] {logging_mixin.py:137} INFO - [2025-10-05T17:35:48.420+0000] {taskmixin.py:205} WARNING - Dependency <Task(BashOperator): create_entry_gcs>, delete_entry already registered for DAG: example_complex
[2025-10-05T17:35:48.422+0000] {logging_mixin.py:137} INFO - [2025-10-05T17:35:48.422+0000] {taskmixin.py:205} WARNING - Dependency <Task(BashOperator): delete_entry>, create_entry_gcs already registered for DAG: example_complex
[2025-10-05T17:35:48.423+0000] {logging_mixin.py:137} INFO - [2025-10-05T17:35:48.423+0000] {taskmixin.py:205} WARNING - Dependency <Task(BashOperator): create_tag>, delete_tag already registered for DAG: example_complex
[2025-10-05T17:35:48.425+0000] {logging_mixin.py:137} INFO - [2025-10-05T17:35:48.424+0000] {taskmixin.py:205} WARNING - Dependency <Task(BashOperator): delete_tag>, create_tag already registered for DAG: example_complex
[2025-10-05T17:35:48.440+0000] {processor.py:753} INFO - DAG(s) dict_keys(['example_complex']) retrieved from /home/airflow/.local/lib/python3.7/site-packages/airflow/example_dags/example_complex.py
[2025-10-05T17:35:48.501+0000] {logging_mixin.py:137} INFO - [2025-10-05T17:35:48.500+0000] {dag.py:2690} INFO - Sync 1 DAGs
[2025-10-05T17:35:48.544+0000] {logging_mixin.py:137} INFO - [2025-10-05T17:35:48.544+0000] {dag.py:3441} INFO - Setting next_dagrun for example_complex to None, run_after=None
[2025-10-05T17:35:48.602+0000] {processor.py:175} INFO - Processing /home/airflow/.local/lib/python3.7/site-packages/airflow/example_dags/example_complex.py took 0.210 seconds
[2025-10-05T17:36:19.188+0000] {processor.py:153} INFO - Started process (PID=3335) to work on /home/airflow/.local/lib/python3.7/site-packages/airflow/example_dags/example_complex.py
[2025-10-05T17:36:19.190+0000] {processor.py:743} INFO - Processing file /home/airflow/.local/lib/python3.7/site-packages/airflow/example_dags/example_complex.py for tasks to queue
[2025-10-05T17:36:19.192+0000] {logging_mixin.py:137} INFO - [2025-10-05T17:36:19.192+0000] {dagbag.py:538} INFO - Filling up the DagBag from /home/airflow/.local/lib/python3.7/site-packages/airflow/example_dags/example_complex.py
[2025-10-05T17:36:19.205+0000] {logging_mixin.py:137} INFO - [2025-10-05T17:36:19.205+0000] {taskmixin.py:205} WARNING - Dependency <Task(BashOperator): create_entry_group>, delete_entry_group already registered for DAG: example_complex
[2025-10-05T17:36:19.206+0000] {logging_mixin.py:137} INFO - [2025-10-05T17:36:19.206+0000] {taskmixin.py:205} WARNING - Dependency <Task(BashOperator): delete_entry_group>, create_entry_group already registered for DAG: example_complex
[2025-10-05T17:36:19.206+0000] {logging_mixin.py:137} INFO - [2025-10-05T17:36:19.206+0000] {taskmixin.py:205} WARNING - Dependency <Task(BashOperator): create_entry_gcs>, delete_entry already registered for DAG: example_complex
[2025-10-05T17:36:19.207+0000] {logging_mixin.py:137} INFO - [2025-10-05T17:36:19.207+0000] {taskmixin.py:205} WARNING - Dependency <Task(BashOperator): delete_entry>, create_entry_gcs already registered for DAG: example_complex
[2025-10-05T17:36:19.208+0000] {logging_mixin.py:137} INFO - [2025-10-05T17:36:19.207+0000] {taskmixin.py:205} WARNING - Dependency <Task(BashOperator): create_tag>, delete_tag already registered for DAG: example_complex
[2025-10-05T17:36:19.208+0000] {logging_mixin.py:137} INFO - [2025-10-05T17:36:19.208+0000] {taskmixin.py:205} WARNING - Dependency <Task(BashOperator): delete_tag>, create_tag already registered for DAG: example_complex
[2025-10-05T17:36:19.216+0000] {processor.py:753} INFO - DAG(s) dict_keys(['example_complex']) retrieved from /home/airflow/.local/lib/python3.7/site-packages/airflow/example_dags/example_complex.py
[2025-10-05T17:36:19.262+0000] {logging_mixin.py:137} INFO - [2025-10-05T17:36:19.262+0000] {dag.py:2690} INFO - Sync 1 DAGs
[2025-10-05T17:36:19.293+0000] {logging_mixin.py:137} INFO - [2025-10-05T17:36:19.293+0000] {dag.py:3441} INFO - Setting next_dagrun for example_complex to None, run_after=None
[2025-10-05T17:36:19.319+0000] {processor.py:175} INFO - Processing /home/airflow/.local/lib/python3.7/site-packages/airflow/example_dags/example_complex.py took 0.135 seconds
[2025-10-05T17:36:50.336+0000] {processor.py:153} INFO - Started process (PID=3449) to work on /home/airflow/.local/lib/python3.7/site-packages/airflow/example_dags/example_complex.py
[2025-10-05T17:36:50.338+0000] {processor.py:743} INFO - Processing file /home/airflow/.local/lib/python3.7/site-packages/airflow/example_dags/example_complex.py for tasks to queue
[2025-10-05T17:36:50.339+0000] {logging_mixin.py:137} INFO - [2025-10-05T17:36:50.339+0000] {dagbag.py:538} INFO - Filling up the DagBag from /home/airflow/.local/lib/python3.7/site-packages/airflow/example_dags/example_complex.py
[2025-10-05T17:36:50.353+0000] {logging_mixin.py:137} INFO - [2025-10-05T17:36:50.353+0000] {taskmixin.py:205} WARNING - Dependency <Task(BashOperator): create_entry_group>, delete_entry_group already registered for DAG: example_complex
[2025-10-05T17:36:50.354+0000] {logging_mixin.py:137} INFO - [2025-10-05T17:36:50.354+0000] {taskmixin.py:205} WARNING - Dependency <Task(BashOperator): delete_entry_group>, create_entry_group already registered for DAG: example_complex
[2025-10-05T17:36:50.355+0000] {logging_mixin.py:137} INFO - [2025-10-05T17:36:50.355+0000] {taskmixin.py:205} WARNING - Dependency <Task(BashOperator): create_entry_gcs>, delete_entry already registered for DAG: example_complex
[2025-10-05T17:36:50.356+0000] {logging_mixin.py:137} INFO - [2025-10-05T17:36:50.356+0000] {taskmixin.py:205} WARNING - Dependency <Task(BashOperator): delete_entry>, create_entry_gcs already registered for DAG: example_complex
[2025-10-05T17:36:50.357+0000] {logging_mixin.py:137} INFO - [2025-10-05T17:36:50.356+0000] {taskmixin.py:205} WARNING - Dependency <Task(BashOperator): create_tag>, delete_tag already registered for DAG: example_complex
[2025-10-05T17:36:50.357+0000] {logging_mixin.py:137} INFO - [2025-10-05T17:36:50.357+0000] {taskmixin.py:205} WARNING - Dependency <Task(BashOperator): delete_tag>, create_tag already registered for DAG: example_complex
[2025-10-05T17:36:50.367+0000] {processor.py:753} INFO - DAG(s) dict_keys(['example_complex']) retrieved from /home/airflow/.local/lib/python3.7/site-packages/airflow/example_dags/example_complex.py
[2025-10-05T17:36:50.409+0000] {logging_mixin.py:137} INFO - [2025-10-05T17:36:50.409+0000] {dag.py:2690} INFO - Sync 1 DAGs
[2025-10-05T17:36:50.438+0000] {logging_mixin.py:137} INFO - [2025-10-05T17:36:50.438+0000] {dag.py:3441} INFO - Setting next_dagrun for example_complex to None, run_after=None
[2025-10-05T17:36:50.467+0000] {processor.py:175} INFO - Processing /home/airflow/.local/lib/python3.7/site-packages/airflow/example_dags/example_complex.py took 0.135 seconds
