[2025-10-05T17:19:26.839+0000] {processor.py:153} INFO - Started process (PID=94) to work on /home/airflow/.local/lib/python3.7/site-packages/airflow/example_dags/example_subdag_operator.py
[2025-10-05T17:19:26.841+0000] {processor.py:743} INFO - Processing file /home/airflow/.local/lib/python3.7/site-packages/airflow/example_dags/example_subdag_operator.py for tasks to queue
[2025-10-05T17:19:26.842+0000] {logging_mixin.py:137} INFO - [2025-10-05T17:19:26.842+0000] {dagbag.py:538} INFO - Filling up the DagBag from /home/airflow/.local/lib/python3.7/site-packages/airflow/example_dags/example_subdag_operator.py
[2025-10-05T17:19:26.909+0000] {processor.py:753} INFO - DAG(s) dict_keys(['example_subdag_operator.section-1', 'example_subdag_operator.section-2', 'example_subdag_operator']) retrieved from /home/airflow/.local/lib/python3.7/site-packages/airflow/example_dags/example_subdag_operator.py
[2025-10-05T17:19:26.935+0000] {logging_mixin.py:137} INFO - [2025-10-05T17:19:26.935+0000] {dag.py:2690} INFO - Sync 3 DAGs
[2025-10-05T17:19:26.968+0000] {logging_mixin.py:137} INFO - [2025-10-05T17:19:26.968+0000] {dag.py:3441} INFO - Setting next_dagrun for example_subdag_operator to 2022-01-01T00:00:00+00:00, run_after=2022-01-01T00:00:00+00:00
[2025-10-05T17:19:26.974+0000] {logging_mixin.py:137} INFO - [2025-10-05T17:19:26.974+0000] {dag.py:3441} INFO - Setting next_dagrun for example_subdag_operator.section-1 to None, run_after=None
[2025-10-05T17:19:26.976+0000] {logging_mixin.py:137} INFO - [2025-10-05T17:19:26.976+0000] {dag.py:3441} INFO - Setting next_dagrun for example_subdag_operator.section-2 to None, run_after=None
[2025-10-05T17:19:26.989+0000] {logging_mixin.py:137} INFO - [2025-10-05T17:19:26.988+0000] {dag.py:2690} INFO - Sync 2 DAGs
[2025-10-05T17:19:26.998+0000] {logging_mixin.py:137} INFO - [2025-10-05T17:19:26.998+0000] {dag.py:3441} INFO - Setting next_dagrun for example_subdag_operator.section-1 to None, run_after=None
[2025-10-05T17:19:26.999+0000] {logging_mixin.py:137} INFO - [2025-10-05T17:19:26.999+0000] {dag.py:3441} INFO - Setting next_dagrun for example_subdag_operator.section-2 to None, run_after=None
[2025-10-05T17:19:27.022+0000] {processor.py:175} INFO - Processing /home/airflow/.local/lib/python3.7/site-packages/airflow/example_dags/example_subdag_operator.py took 0.189 seconds
[2025-10-05T17:19:57.631+0000] {processor.py:153} INFO - Started process (PID=183) to work on /home/airflow/.local/lib/python3.7/site-packages/airflow/example_dags/example_subdag_operator.py
[2025-10-05T17:19:57.633+0000] {processor.py:743} INFO - Processing file /home/airflow/.local/lib/python3.7/site-packages/airflow/example_dags/example_subdag_operator.py for tasks to queue
[2025-10-05T17:19:57.634+0000] {logging_mixin.py:137} INFO - [2025-10-05T17:19:57.634+0000] {dagbag.py:538} INFO - Filling up the DagBag from /home/airflow/.local/lib/python3.7/site-packages/airflow/example_dags/example_subdag_operator.py
[2025-10-05T17:19:57.682+0000] {processor.py:753} INFO - DAG(s) dict_keys(['example_subdag_operator.section-1', 'example_subdag_operator.section-2', 'example_subdag_operator']) retrieved from /home/airflow/.local/lib/python3.7/site-packages/airflow/example_dags/example_subdag_operator.py
[2025-10-05T17:19:57.706+0000] {logging_mixin.py:137} INFO - [2025-10-05T17:19:57.706+0000] {dag.py:2690} INFO - Sync 3 DAGs
[2025-10-05T17:19:57.735+0000] {logging_mixin.py:137} INFO - [2025-10-05T17:19:57.735+0000] {dag.py:3441} INFO - Setting next_dagrun for example_subdag_operator to 2022-01-01T00:00:00+00:00, run_after=2022-01-01T00:00:00+00:00
[2025-10-05T17:19:57.740+0000] {logging_mixin.py:137} INFO - [2025-10-05T17:19:57.740+0000] {dag.py:3441} INFO - Setting next_dagrun for example_subdag_operator.section-1 to None, run_after=None
[2025-10-05T17:19:57.742+0000] {logging_mixin.py:137} INFO - [2025-10-05T17:19:57.742+0000] {dag.py:3441} INFO - Setting next_dagrun for example_subdag_operator.section-2 to None, run_after=None
[2025-10-05T17:19:57.752+0000] {logging_mixin.py:137} INFO - [2025-10-05T17:19:57.752+0000] {dag.py:2690} INFO - Sync 2 DAGs
[2025-10-05T17:19:57.759+0000] {logging_mixin.py:137} INFO - [2025-10-05T17:19:57.759+0000] {dag.py:3441} INFO - Setting next_dagrun for example_subdag_operator.section-1 to None, run_after=None
[2025-10-05T17:19:57.760+0000] {logging_mixin.py:137} INFO - [2025-10-05T17:19:57.760+0000] {dag.py:3441} INFO - Setting next_dagrun for example_subdag_operator.section-2 to None, run_after=None
[2025-10-05T17:19:57.779+0000] {processor.py:175} INFO - Processing /home/airflow/.local/lib/python3.7/site-packages/airflow/example_dags/example_subdag_operator.py took 0.153 seconds
[2025-10-05T17:20:28.400+0000] {processor.py:153} INFO - Started process (PID=296) to work on /home/airflow/.local/lib/python3.7/site-packages/airflow/example_dags/example_subdag_operator.py
[2025-10-05T17:20:28.402+0000] {processor.py:743} INFO - Processing file /home/airflow/.local/lib/python3.7/site-packages/airflow/example_dags/example_subdag_operator.py for tasks to queue
[2025-10-05T17:20:28.403+0000] {logging_mixin.py:137} INFO - [2025-10-05T17:20:28.403+0000] {dagbag.py:538} INFO - Filling up the DagBag from /home/airflow/.local/lib/python3.7/site-packages/airflow/example_dags/example_subdag_operator.py
[2025-10-05T17:20:28.447+0000] {processor.py:753} INFO - DAG(s) dict_keys(['example_subdag_operator.section-1', 'example_subdag_operator.section-2', 'example_subdag_operator']) retrieved from /home/airflow/.local/lib/python3.7/site-packages/airflow/example_dags/example_subdag_operator.py
[2025-10-05T17:20:28.468+0000] {logging_mixin.py:137} INFO - [2025-10-05T17:20:28.467+0000] {dag.py:2690} INFO - Sync 3 DAGs
[2025-10-05T17:20:28.496+0000] {logging_mixin.py:137} INFO - [2025-10-05T17:20:28.496+0000] {dag.py:3441} INFO - Setting next_dagrun for example_subdag_operator to 2022-01-01T00:00:00+00:00, run_after=2022-01-01T00:00:00+00:00
[2025-10-05T17:20:28.501+0000] {logging_mixin.py:137} INFO - [2025-10-05T17:20:28.500+0000] {dag.py:3441} INFO - Setting next_dagrun for example_subdag_operator.section-1 to None, run_after=None
[2025-10-05T17:20:28.503+0000] {logging_mixin.py:137} INFO - [2025-10-05T17:20:28.503+0000] {dag.py:3441} INFO - Setting next_dagrun for example_subdag_operator.section-2 to None, run_after=None
[2025-10-05T17:20:28.512+0000] {logging_mixin.py:137} INFO - [2025-10-05T17:20:28.511+0000] {dag.py:2690} INFO - Sync 2 DAGs
[2025-10-05T17:20:28.520+0000] {logging_mixin.py:137} INFO - [2025-10-05T17:20:28.520+0000] {dag.py:3441} INFO - Setting next_dagrun for example_subdag_operator.section-1 to None, run_after=None
[2025-10-05T17:20:28.520+0000] {logging_mixin.py:137} INFO - [2025-10-05T17:20:28.520+0000] {dag.py:3441} INFO - Setting next_dagrun for example_subdag_operator.section-2 to None, run_after=None
[2025-10-05T17:20:28.539+0000] {processor.py:175} INFO - Processing /home/airflow/.local/lib/python3.7/site-packages/airflow/example_dags/example_subdag_operator.py took 0.143 seconds
[2025-10-05T17:20:59.272+0000] {processor.py:153} INFO - Started process (PID=385) to work on /home/airflow/.local/lib/python3.7/site-packages/airflow/example_dags/example_subdag_operator.py
[2025-10-05T17:20:59.273+0000] {processor.py:743} INFO - Processing file /home/airflow/.local/lib/python3.7/site-packages/airflow/example_dags/example_subdag_operator.py for tasks to queue
[2025-10-05T17:20:59.274+0000] {logging_mixin.py:137} INFO - [2025-10-05T17:20:59.274+0000] {dagbag.py:538} INFO - Filling up the DagBag from /home/airflow/.local/lib/python3.7/site-packages/airflow/example_dags/example_subdag_operator.py
[2025-10-05T17:20:59.318+0000] {processor.py:753} INFO - DAG(s) dict_keys(['example_subdag_operator.section-1', 'example_subdag_operator.section-2', 'example_subdag_operator']) retrieved from /home/airflow/.local/lib/python3.7/site-packages/airflow/example_dags/example_subdag_operator.py
[2025-10-05T17:20:59.343+0000] {logging_mixin.py:137} INFO - [2025-10-05T17:20:59.343+0000] {dag.py:2690} INFO - Sync 3 DAGs
[2025-10-05T17:20:59.372+0000] {logging_mixin.py:137} INFO - [2025-10-05T17:20:59.372+0000] {dag.py:3441} INFO - Setting next_dagrun for example_subdag_operator to 2022-01-01T00:00:00+00:00, run_after=2022-01-01T00:00:00+00:00
[2025-10-05T17:20:59.377+0000] {logging_mixin.py:137} INFO - [2025-10-05T17:20:59.377+0000] {dag.py:3441} INFO - Setting next_dagrun for example_subdag_operator.section-1 to None, run_after=None
[2025-10-05T17:20:59.379+0000] {logging_mixin.py:137} INFO - [2025-10-05T17:20:59.379+0000] {dag.py:3441} INFO - Setting next_dagrun for example_subdag_operator.section-2 to None, run_after=None
[2025-10-05T17:20:59.390+0000] {logging_mixin.py:137} INFO - [2025-10-05T17:20:59.390+0000] {dag.py:2690} INFO - Sync 2 DAGs
[2025-10-05T17:20:59.399+0000] {logging_mixin.py:137} INFO - [2025-10-05T17:20:59.399+0000] {dag.py:3441} INFO - Setting next_dagrun for example_subdag_operator.section-1 to None, run_after=None
[2025-10-05T17:20:59.400+0000] {logging_mixin.py:137} INFO - [2025-10-05T17:20:59.400+0000] {dag.py:3441} INFO - Setting next_dagrun for example_subdag_operator.section-2 to None, run_after=None
[2025-10-05T17:20:59.418+0000] {processor.py:175} INFO - Processing /home/airflow/.local/lib/python3.7/site-packages/airflow/example_dags/example_subdag_operator.py took 0.151 seconds
[2025-10-05T17:21:30.709+0000] {processor.py:153} INFO - Started process (PID=498) to work on /home/airflow/.local/lib/python3.7/site-packages/airflow/example_dags/example_subdag_operator.py
[2025-10-05T17:21:30.710+0000] {processor.py:743} INFO - Processing file /home/airflow/.local/lib/python3.7/site-packages/airflow/example_dags/example_subdag_operator.py for tasks to queue
[2025-10-05T17:21:30.712+0000] {logging_mixin.py:137} INFO - [2025-10-05T17:21:30.711+0000] {dagbag.py:538} INFO - Filling up the DagBag from /home/airflow/.local/lib/python3.7/site-packages/airflow/example_dags/example_subdag_operator.py
[2025-10-05T17:21:30.766+0000] {processor.py:753} INFO - DAG(s) dict_keys(['example_subdag_operator.section-1', 'example_subdag_operator.section-2', 'example_subdag_operator']) retrieved from /home/airflow/.local/lib/python3.7/site-packages/airflow/example_dags/example_subdag_operator.py
[2025-10-05T17:21:30.794+0000] {logging_mixin.py:137} INFO - [2025-10-05T17:21:30.794+0000] {dag.py:2690} INFO - Sync 3 DAGs
[2025-10-05T17:21:30.827+0000] {logging_mixin.py:137} INFO - [2025-10-05T17:21:30.827+0000] {dag.py:3441} INFO - Setting next_dagrun for example_subdag_operator to 2022-01-01T00:00:00+00:00, run_after=2022-01-01T00:00:00+00:00
[2025-10-05T17:21:30.833+0000] {logging_mixin.py:137} INFO - [2025-10-05T17:21:30.833+0000] {dag.py:3441} INFO - Setting next_dagrun for example_subdag_operator.section-1 to None, run_after=None
[2025-10-05T17:21:30.836+0000] {logging_mixin.py:137} INFO - [2025-10-05T17:21:30.836+0000] {dag.py:3441} INFO - Setting next_dagrun for example_subdag_operator.section-2 to None, run_after=None
[2025-10-05T17:21:30.849+0000] {logging_mixin.py:137} INFO - [2025-10-05T17:21:30.849+0000] {dag.py:2690} INFO - Sync 2 DAGs
[2025-10-05T17:21:30.858+0000] {logging_mixin.py:137} INFO - [2025-10-05T17:21:30.858+0000] {dag.py:3441} INFO - Setting next_dagrun for example_subdag_operator.section-1 to None, run_after=None
[2025-10-05T17:21:30.859+0000] {logging_mixin.py:137} INFO - [2025-10-05T17:21:30.859+0000] {dag.py:3441} INFO - Setting next_dagrun for example_subdag_operator.section-2 to None, run_after=None
[2025-10-05T17:21:30.880+0000] {processor.py:175} INFO - Processing /home/airflow/.local/lib/python3.7/site-packages/airflow/example_dags/example_subdag_operator.py took 0.177 seconds
[2025-10-05T17:22:01.100+0000] {processor.py:153} INFO - Started process (PID=587) to work on /home/airflow/.local/lib/python3.7/site-packages/airflow/example_dags/example_subdag_operator.py
[2025-10-05T17:22:01.101+0000] {processor.py:743} INFO - Processing file /home/airflow/.local/lib/python3.7/site-packages/airflow/example_dags/example_subdag_operator.py for tasks to queue
[2025-10-05T17:22:01.102+0000] {logging_mixin.py:137} INFO - [2025-10-05T17:22:01.102+0000] {dagbag.py:538} INFO - Filling up the DagBag from /home/airflow/.local/lib/python3.7/site-packages/airflow/example_dags/example_subdag_operator.py
[2025-10-05T17:22:01.144+0000] {processor.py:753} INFO - DAG(s) dict_keys(['example_subdag_operator.section-1', 'example_subdag_operator.section-2', 'example_subdag_operator']) retrieved from /home/airflow/.local/lib/python3.7/site-packages/airflow/example_dags/example_subdag_operator.py
[2025-10-05T17:22:01.166+0000] {logging_mixin.py:137} INFO - [2025-10-05T17:22:01.166+0000] {dag.py:2690} INFO - Sync 3 DAGs
[2025-10-05T17:22:01.195+0000] {logging_mixin.py:137} INFO - [2025-10-05T17:22:01.195+0000] {dag.py:3441} INFO - Setting next_dagrun for example_subdag_operator to 2022-01-01T00:00:00+00:00, run_after=2022-01-01T00:00:00+00:00
[2025-10-05T17:22:01.202+0000] {logging_mixin.py:137} INFO - [2025-10-05T17:22:01.201+0000] {dag.py:3441} INFO - Setting next_dagrun for example_subdag_operator.section-1 to None, run_after=None
[2025-10-05T17:22:01.204+0000] {logging_mixin.py:137} INFO - [2025-10-05T17:22:01.204+0000] {dag.py:3441} INFO - Setting next_dagrun for example_subdag_operator.section-2 to None, run_after=None
[2025-10-05T17:22:01.213+0000] {logging_mixin.py:137} INFO - [2025-10-05T17:22:01.213+0000] {dag.py:2690} INFO - Sync 2 DAGs
[2025-10-05T17:22:01.221+0000] {logging_mixin.py:137} INFO - [2025-10-05T17:22:01.220+0000] {dag.py:3441} INFO - Setting next_dagrun for example_subdag_operator.section-1 to None, run_after=None
[2025-10-05T17:22:01.221+0000] {logging_mixin.py:137} INFO - [2025-10-05T17:22:01.221+0000] {dag.py:3441} INFO - Setting next_dagrun for example_subdag_operator.section-2 to None, run_after=None
[2025-10-05T17:22:01.241+0000] {processor.py:175} INFO - Processing /home/airflow/.local/lib/python3.7/site-packages/airflow/example_dags/example_subdag_operator.py took 0.146 seconds
[2025-10-05T17:22:31.506+0000] {processor.py:153} INFO - Started process (PID=676) to work on /home/airflow/.local/lib/python3.7/site-packages/airflow/example_dags/example_subdag_operator.py
[2025-10-05T17:22:31.507+0000] {processor.py:743} INFO - Processing file /home/airflow/.local/lib/python3.7/site-packages/airflow/example_dags/example_subdag_operator.py for tasks to queue
[2025-10-05T17:22:31.508+0000] {logging_mixin.py:137} INFO - [2025-10-05T17:22:31.508+0000] {dagbag.py:538} INFO - Filling up the DagBag from /home/airflow/.local/lib/python3.7/site-packages/airflow/example_dags/example_subdag_operator.py
[2025-10-05T17:22:31.550+0000] {processor.py:753} INFO - DAG(s) dict_keys(['example_subdag_operator.section-1', 'example_subdag_operator.section-2', 'example_subdag_operator']) retrieved from /home/airflow/.local/lib/python3.7/site-packages/airflow/example_dags/example_subdag_operator.py
[2025-10-05T17:22:31.571+0000] {logging_mixin.py:137} INFO - [2025-10-05T17:22:31.571+0000] {dag.py:2690} INFO - Sync 3 DAGs
[2025-10-05T17:22:31.602+0000] {logging_mixin.py:137} INFO - [2025-10-05T17:22:31.602+0000] {dag.py:3441} INFO - Setting next_dagrun for example_subdag_operator to 2022-01-01T00:00:00+00:00, run_after=2022-01-01T00:00:00+00:00
[2025-10-05T17:22:31.606+0000] {logging_mixin.py:137} INFO - [2025-10-05T17:22:31.606+0000] {dag.py:3441} INFO - Setting next_dagrun for example_subdag_operator.section-1 to None, run_after=None
[2025-10-05T17:22:31.608+0000] {logging_mixin.py:137} INFO - [2025-10-05T17:22:31.608+0000] {dag.py:3441} INFO - Setting next_dagrun for example_subdag_operator.section-2 to None, run_after=None
[2025-10-05T17:22:31.617+0000] {logging_mixin.py:137} INFO - [2025-10-05T17:22:31.617+0000] {dag.py:2690} INFO - Sync 2 DAGs
[2025-10-05T17:22:31.624+0000] {logging_mixin.py:137} INFO - [2025-10-05T17:22:31.624+0000] {dag.py:3441} INFO - Setting next_dagrun for example_subdag_operator.section-1 to None, run_after=None
[2025-10-05T17:22:31.624+0000] {logging_mixin.py:137} INFO - [2025-10-05T17:22:31.624+0000] {dag.py:3441} INFO - Setting next_dagrun for example_subdag_operator.section-2 to None, run_after=None
[2025-10-05T17:22:31.642+0000] {processor.py:175} INFO - Processing /home/airflow/.local/lib/python3.7/site-packages/airflow/example_dags/example_subdag_operator.py took 0.141 seconds
[2025-10-05T17:23:02.035+0000] {processor.py:153} INFO - Started process (PID=789) to work on /home/airflow/.local/lib/python3.7/site-packages/airflow/example_dags/example_subdag_operator.py
[2025-10-05T17:23:02.037+0000] {processor.py:743} INFO - Processing file /home/airflow/.local/lib/python3.7/site-packages/airflow/example_dags/example_subdag_operator.py for tasks to queue
[2025-10-05T17:23:02.039+0000] {logging_mixin.py:137} INFO - [2025-10-05T17:23:02.039+0000] {dagbag.py:538} INFO - Filling up the DagBag from /home/airflow/.local/lib/python3.7/site-packages/airflow/example_dags/example_subdag_operator.py
[2025-10-05T17:23:02.089+0000] {processor.py:753} INFO - DAG(s) dict_keys(['example_subdag_operator.section-1', 'example_subdag_operator.section-2', 'example_subdag_operator']) retrieved from /home/airflow/.local/lib/python3.7/site-packages/airflow/example_dags/example_subdag_operator.py
[2025-10-05T17:23:02.116+0000] {logging_mixin.py:137} INFO - [2025-10-05T17:23:02.115+0000] {dag.py:2690} INFO - Sync 3 DAGs
[2025-10-05T17:23:02.149+0000] {logging_mixin.py:137} INFO - [2025-10-05T17:23:02.149+0000] {dag.py:3441} INFO - Setting next_dagrun for example_subdag_operator to 2022-01-01T00:00:00+00:00, run_after=2022-01-01T00:00:00+00:00
[2025-10-05T17:23:02.155+0000] {logging_mixin.py:137} INFO - [2025-10-05T17:23:02.155+0000] {dag.py:3441} INFO - Setting next_dagrun for example_subdag_operator.section-1 to None, run_after=None
[2025-10-05T17:23:02.158+0000] {logging_mixin.py:137} INFO - [2025-10-05T17:23:02.157+0000] {dag.py:3441} INFO - Setting next_dagrun for example_subdag_operator.section-2 to None, run_after=None
[2025-10-05T17:23:02.168+0000] {logging_mixin.py:137} INFO - [2025-10-05T17:23:02.168+0000] {dag.py:2690} INFO - Sync 2 DAGs
[2025-10-05T17:23:02.177+0000] {logging_mixin.py:137} INFO - [2025-10-05T17:23:02.177+0000] {dag.py:3441} INFO - Setting next_dagrun for example_subdag_operator.section-1 to None, run_after=None
[2025-10-05T17:23:02.178+0000] {logging_mixin.py:137} INFO - [2025-10-05T17:23:02.177+0000] {dag.py:3441} INFO - Setting next_dagrun for example_subdag_operator.section-2 to None, run_after=None
[2025-10-05T17:23:02.196+0000] {processor.py:175} INFO - Processing /home/airflow/.local/lib/python3.7/site-packages/airflow/example_dags/example_subdag_operator.py took 0.166 seconds
[2025-10-05T17:23:32.764+0000] {processor.py:153} INFO - Started process (PID=879) to work on /home/airflow/.local/lib/python3.7/site-packages/airflow/example_dags/example_subdag_operator.py
[2025-10-05T17:23:32.766+0000] {processor.py:743} INFO - Processing file /home/airflow/.local/lib/python3.7/site-packages/airflow/example_dags/example_subdag_operator.py for tasks to queue
[2025-10-05T17:23:32.767+0000] {logging_mixin.py:137} INFO - [2025-10-05T17:23:32.767+0000] {dagbag.py:538} INFO - Filling up the DagBag from /home/airflow/.local/lib/python3.7/site-packages/airflow/example_dags/example_subdag_operator.py
[2025-10-05T17:23:32.806+0000] {processor.py:753} INFO - DAG(s) dict_keys(['example_subdag_operator.section-1', 'example_subdag_operator.section-2', 'example_subdag_operator']) retrieved from /home/airflow/.local/lib/python3.7/site-packages/airflow/example_dags/example_subdag_operator.py
[2025-10-05T17:23:32.826+0000] {logging_mixin.py:137} INFO - [2025-10-05T17:23:32.826+0000] {dag.py:2690} INFO - Sync 3 DAGs
[2025-10-05T17:23:32.852+0000] {logging_mixin.py:137} INFO - [2025-10-05T17:23:32.851+0000] {dag.py:3441} INFO - Setting next_dagrun for example_subdag_operator to 2022-01-01T00:00:00+00:00, run_after=2022-01-01T00:00:00+00:00
[2025-10-05T17:23:32.856+0000] {logging_mixin.py:137} INFO - [2025-10-05T17:23:32.855+0000] {dag.py:3441} INFO - Setting next_dagrun for example_subdag_operator.section-1 to None, run_after=None
[2025-10-05T17:23:32.858+0000] {logging_mixin.py:137} INFO - [2025-10-05T17:23:32.858+0000] {dag.py:3441} INFO - Setting next_dagrun for example_subdag_operator.section-2 to None, run_after=None
[2025-10-05T17:23:32.867+0000] {logging_mixin.py:137} INFO - [2025-10-05T17:23:32.867+0000] {dag.py:2690} INFO - Sync 2 DAGs
[2025-10-05T17:23:32.875+0000] {logging_mixin.py:137} INFO - [2025-10-05T17:23:32.875+0000] {dag.py:3441} INFO - Setting next_dagrun for example_subdag_operator.section-1 to None, run_after=None
[2025-10-05T17:23:32.875+0000] {logging_mixin.py:137} INFO - [2025-10-05T17:23:32.875+0000] {dag.py:3441} INFO - Setting next_dagrun for example_subdag_operator.section-2 to None, run_after=None
[2025-10-05T17:23:32.890+0000] {processor.py:175} INFO - Processing /home/airflow/.local/lib/python3.7/site-packages/airflow/example_dags/example_subdag_operator.py took 0.131 seconds
[2025-10-05T17:24:03.545+0000] {processor.py:153} INFO - Started process (PID=992) to work on /home/airflow/.local/lib/python3.7/site-packages/airflow/example_dags/example_subdag_operator.py
[2025-10-05T17:24:03.547+0000] {processor.py:743} INFO - Processing file /home/airflow/.local/lib/python3.7/site-packages/airflow/example_dags/example_subdag_operator.py for tasks to queue
[2025-10-05T17:24:03.548+0000] {logging_mixin.py:137} INFO - [2025-10-05T17:24:03.548+0000] {dagbag.py:538} INFO - Filling up the DagBag from /home/airflow/.local/lib/python3.7/site-packages/airflow/example_dags/example_subdag_operator.py
[2025-10-05T17:24:03.590+0000] {processor.py:753} INFO - DAG(s) dict_keys(['example_subdag_operator.section-1', 'example_subdag_operator.section-2', 'example_subdag_operator']) retrieved from /home/airflow/.local/lib/python3.7/site-packages/airflow/example_dags/example_subdag_operator.py
[2025-10-05T17:24:03.612+0000] {logging_mixin.py:137} INFO - [2025-10-05T17:24:03.612+0000] {dag.py:2690} INFO - Sync 3 DAGs
[2025-10-05T17:24:03.642+0000] {logging_mixin.py:137} INFO - [2025-10-05T17:24:03.641+0000] {dag.py:3441} INFO - Setting next_dagrun for example_subdag_operator to 2022-01-01T00:00:00+00:00, run_after=2022-01-01T00:00:00+00:00
[2025-10-05T17:24:03.647+0000] {logging_mixin.py:137} INFO - [2025-10-05T17:24:03.647+0000] {dag.py:3441} INFO - Setting next_dagrun for example_subdag_operator.section-1 to None, run_after=None
[2025-10-05T17:24:03.649+0000] {logging_mixin.py:137} INFO - [2025-10-05T17:24:03.649+0000] {dag.py:3441} INFO - Setting next_dagrun for example_subdag_operator.section-2 to None, run_after=None
[2025-10-05T17:24:03.659+0000] {logging_mixin.py:137} INFO - [2025-10-05T17:24:03.659+0000] {dag.py:2690} INFO - Sync 2 DAGs
[2025-10-05T17:24:03.667+0000] {logging_mixin.py:137} INFO - [2025-10-05T17:24:03.667+0000] {dag.py:3441} INFO - Setting next_dagrun for example_subdag_operator.section-1 to None, run_after=None
[2025-10-05T17:24:03.668+0000] {logging_mixin.py:137} INFO - [2025-10-05T17:24:03.668+0000] {dag.py:3441} INFO - Setting next_dagrun for example_subdag_operator.section-2 to None, run_after=None
[2025-10-05T17:24:03.686+0000] {processor.py:175} INFO - Processing /home/airflow/.local/lib/python3.7/site-packages/airflow/example_dags/example_subdag_operator.py took 0.145 seconds
[2025-10-05T17:24:34.196+0000] {processor.py:153} INFO - Started process (PID=1081) to work on /home/airflow/.local/lib/python3.7/site-packages/airflow/example_dags/example_subdag_operator.py
[2025-10-05T17:24:34.197+0000] {processor.py:743} INFO - Processing file /home/airflow/.local/lib/python3.7/site-packages/airflow/example_dags/example_subdag_operator.py for tasks to queue
[2025-10-05T17:24:34.199+0000] {logging_mixin.py:137} INFO - [2025-10-05T17:24:34.199+0000] {dagbag.py:538} INFO - Filling up the DagBag from /home/airflow/.local/lib/python3.7/site-packages/airflow/example_dags/example_subdag_operator.py
[2025-10-05T17:24:34.238+0000] {processor.py:753} INFO - DAG(s) dict_keys(['example_subdag_operator.section-1', 'example_subdag_operator.section-2', 'example_subdag_operator']) retrieved from /home/airflow/.local/lib/python3.7/site-packages/airflow/example_dags/example_subdag_operator.py
[2025-10-05T17:24:34.259+0000] {logging_mixin.py:137} INFO - [2025-10-05T17:24:34.258+0000] {dag.py:2690} INFO - Sync 3 DAGs
[2025-10-05T17:24:34.285+0000] {logging_mixin.py:137} INFO - [2025-10-05T17:24:34.285+0000] {dag.py:3441} INFO - Setting next_dagrun for example_subdag_operator to 2022-01-01T00:00:00+00:00, run_after=2022-01-01T00:00:00+00:00
[2025-10-05T17:24:34.290+0000] {logging_mixin.py:137} INFO - [2025-10-05T17:24:34.290+0000] {dag.py:3441} INFO - Setting next_dagrun for example_subdag_operator.section-1 to None, run_after=None
[2025-10-05T17:24:34.292+0000] {logging_mixin.py:137} INFO - [2025-10-05T17:24:34.292+0000] {dag.py:3441} INFO - Setting next_dagrun for example_subdag_operator.section-2 to None, run_after=None
[2025-10-05T17:24:34.301+0000] {logging_mixin.py:137} INFO - [2025-10-05T17:24:34.301+0000] {dag.py:2690} INFO - Sync 2 DAGs
[2025-10-05T17:24:34.308+0000] {logging_mixin.py:137} INFO - [2025-10-05T17:24:34.308+0000] {dag.py:3441} INFO - Setting next_dagrun for example_subdag_operator.section-1 to None, run_after=None
[2025-10-05T17:24:34.309+0000] {logging_mixin.py:137} INFO - [2025-10-05T17:24:34.309+0000] {dag.py:3441} INFO - Setting next_dagrun for example_subdag_operator.section-2 to None, run_after=None
[2025-10-05T17:24:34.324+0000] {processor.py:175} INFO - Processing /home/airflow/.local/lib/python3.7/site-packages/airflow/example_dags/example_subdag_operator.py took 0.132 seconds
[2025-10-05T17:25:04.988+0000] {processor.py:153} INFO - Started process (PID=1179) to work on /home/airflow/.local/lib/python3.7/site-packages/airflow/example_dags/example_subdag_operator.py
[2025-10-05T17:25:04.989+0000] {processor.py:743} INFO - Processing file /home/airflow/.local/lib/python3.7/site-packages/airflow/example_dags/example_subdag_operator.py for tasks to queue
[2025-10-05T17:25:04.991+0000] {logging_mixin.py:137} INFO - [2025-10-05T17:25:04.990+0000] {dagbag.py:538} INFO - Filling up the DagBag from /home/airflow/.local/lib/python3.7/site-packages/airflow/example_dags/example_subdag_operator.py
[2025-10-05T17:25:05.042+0000] {processor.py:753} INFO - DAG(s) dict_keys(['example_subdag_operator.section-1', 'example_subdag_operator.section-2', 'example_subdag_operator']) retrieved from /home/airflow/.local/lib/python3.7/site-packages/airflow/example_dags/example_subdag_operator.py
[2025-10-05T17:25:05.074+0000] {logging_mixin.py:137} INFO - [2025-10-05T17:25:05.074+0000] {dag.py:2690} INFO - Sync 3 DAGs
[2025-10-05T17:25:05.127+0000] {logging_mixin.py:137} INFO - [2025-10-05T17:25:05.127+0000] {dag.py:3441} INFO - Setting next_dagrun for example_subdag_operator to 2022-01-01T00:00:00+00:00, run_after=2022-01-01T00:00:00+00:00
[2025-10-05T17:25:05.133+0000] {logging_mixin.py:137} INFO - [2025-10-05T17:25:05.132+0000] {dag.py:3441} INFO - Setting next_dagrun for example_subdag_operator.section-1 to None, run_after=None
[2025-10-05T17:25:05.135+0000] {logging_mixin.py:137} INFO - [2025-10-05T17:25:05.135+0000] {dag.py:3441} INFO - Setting next_dagrun for example_subdag_operator.section-2 to None, run_after=None
[2025-10-05T17:25:05.146+0000] {logging_mixin.py:137} INFO - [2025-10-05T17:25:05.146+0000] {dag.py:2690} INFO - Sync 2 DAGs
[2025-10-05T17:25:05.154+0000] {logging_mixin.py:137} INFO - [2025-10-05T17:25:05.154+0000] {dag.py:3441} INFO - Setting next_dagrun for example_subdag_operator.section-1 to None, run_after=None
[2025-10-05T17:25:05.155+0000] {logging_mixin.py:137} INFO - [2025-10-05T17:25:05.155+0000] {dag.py:3441} INFO - Setting next_dagrun for example_subdag_operator.section-2 to None, run_after=None
[2025-10-05T17:25:05.173+0000] {processor.py:175} INFO - Processing /home/airflow/.local/lib/python3.7/site-packages/airflow/example_dags/example_subdag_operator.py took 0.189 seconds
[2025-10-05T17:25:36.023+0000] {processor.py:153} INFO - Started process (PID=1283) to work on /home/airflow/.local/lib/python3.7/site-packages/airflow/example_dags/example_subdag_operator.py
[2025-10-05T17:25:36.025+0000] {processor.py:743} INFO - Processing file /home/airflow/.local/lib/python3.7/site-packages/airflow/example_dags/example_subdag_operator.py for tasks to queue
[2025-10-05T17:25:36.027+0000] {logging_mixin.py:137} INFO - [2025-10-05T17:25:36.026+0000] {dagbag.py:538} INFO - Filling up the DagBag from /home/airflow/.local/lib/python3.7/site-packages/airflow/example_dags/example_subdag_operator.py
[2025-10-05T17:25:36.065+0000] {processor.py:753} INFO - DAG(s) dict_keys(['example_subdag_operator.section-1', 'example_subdag_operator.section-2', 'example_subdag_operator']) retrieved from /home/airflow/.local/lib/python3.7/site-packages/airflow/example_dags/example_subdag_operator.py
[2025-10-05T17:25:36.083+0000] {logging_mixin.py:137} INFO - [2025-10-05T17:25:36.083+0000] {dag.py:2690} INFO - Sync 3 DAGs
[2025-10-05T17:25:36.110+0000] {logging_mixin.py:137} INFO - [2025-10-05T17:25:36.110+0000] {dag.py:3441} INFO - Setting next_dagrun for example_subdag_operator to 2022-01-01T00:00:00+00:00, run_after=2022-01-01T00:00:00+00:00
[2025-10-05T17:25:36.114+0000] {logging_mixin.py:137} INFO - [2025-10-05T17:25:36.114+0000] {dag.py:3441} INFO - Setting next_dagrun for example_subdag_operator.section-1 to None, run_after=None
[2025-10-05T17:25:36.116+0000] {logging_mixin.py:137} INFO - [2025-10-05T17:25:36.116+0000] {dag.py:3441} INFO - Setting next_dagrun for example_subdag_operator.section-2 to None, run_after=None
[2025-10-05T17:25:36.126+0000] {logging_mixin.py:137} INFO - [2025-10-05T17:25:36.126+0000] {dag.py:2690} INFO - Sync 2 DAGs
[2025-10-05T17:25:36.133+0000] {logging_mixin.py:137} INFO - [2025-10-05T17:25:36.133+0000] {dag.py:3441} INFO - Setting next_dagrun for example_subdag_operator.section-1 to None, run_after=None
[2025-10-05T17:25:36.134+0000] {logging_mixin.py:137} INFO - [2025-10-05T17:25:36.134+0000] {dag.py:3441} INFO - Setting next_dagrun for example_subdag_operator.section-2 to None, run_after=None
[2025-10-05T17:25:36.149+0000] {processor.py:175} INFO - Processing /home/airflow/.local/lib/python3.7/site-packages/airflow/example_dags/example_subdag_operator.py took 0.129 seconds
[2025-10-05T17:26:06.429+0000] {processor.py:153} INFO - Started process (PID=1371) to work on /home/airflow/.local/lib/python3.7/site-packages/airflow/example_dags/example_subdag_operator.py
[2025-10-05T17:26:06.430+0000] {processor.py:743} INFO - Processing file /home/airflow/.local/lib/python3.7/site-packages/airflow/example_dags/example_subdag_operator.py for tasks to queue
[2025-10-05T17:26:06.431+0000] {logging_mixin.py:137} INFO - [2025-10-05T17:26:06.431+0000] {dagbag.py:538} INFO - Filling up the DagBag from /home/airflow/.local/lib/python3.7/site-packages/airflow/example_dags/example_subdag_operator.py
[2025-10-05T17:26:06.471+0000] {processor.py:753} INFO - DAG(s) dict_keys(['example_subdag_operator.section-1', 'example_subdag_operator.section-2', 'example_subdag_operator']) retrieved from /home/airflow/.local/lib/python3.7/site-packages/airflow/example_dags/example_subdag_operator.py
[2025-10-05T17:26:06.491+0000] {logging_mixin.py:137} INFO - [2025-10-05T17:26:06.491+0000] {dag.py:2690} INFO - Sync 3 DAGs
[2025-10-05T17:26:06.522+0000] {logging_mixin.py:137} INFO - [2025-10-05T17:26:06.522+0000] {dag.py:3441} INFO - Setting next_dagrun for example_subdag_operator to 2022-01-01T00:00:00+00:00, run_after=2022-01-01T00:00:00+00:00
[2025-10-05T17:26:06.527+0000] {logging_mixin.py:137} INFO - [2025-10-05T17:26:06.527+0000] {dag.py:3441} INFO - Setting next_dagrun for example_subdag_operator.section-1 to None, run_after=None
[2025-10-05T17:26:06.529+0000] {logging_mixin.py:137} INFO - [2025-10-05T17:26:06.529+0000] {dag.py:3441} INFO - Setting next_dagrun for example_subdag_operator.section-2 to None, run_after=None
[2025-10-05T17:26:06.538+0000] {logging_mixin.py:137} INFO - [2025-10-05T17:26:06.538+0000] {dag.py:2690} INFO - Sync 2 DAGs
[2025-10-05T17:26:06.546+0000] {logging_mixin.py:137} INFO - [2025-10-05T17:26:06.545+0000] {dag.py:3441} INFO - Setting next_dagrun for example_subdag_operator.section-1 to None, run_after=None
[2025-10-05T17:26:06.546+0000] {logging_mixin.py:137} INFO - [2025-10-05T17:26:06.546+0000] {dag.py:3441} INFO - Setting next_dagrun for example_subdag_operator.section-2 to None, run_after=None
[2025-10-05T17:26:06.563+0000] {processor.py:175} INFO - Processing /home/airflow/.local/lib/python3.7/site-packages/airflow/example_dags/example_subdag_operator.py took 0.139 seconds
[2025-10-05T17:26:37.744+0000] {processor.py:153} INFO - Started process (PID=1485) to work on /home/airflow/.local/lib/python3.7/site-packages/airflow/example_dags/example_subdag_operator.py
[2025-10-05T17:26:37.745+0000] {processor.py:743} INFO - Processing file /home/airflow/.local/lib/python3.7/site-packages/airflow/example_dags/example_subdag_operator.py for tasks to queue
[2025-10-05T17:26:37.747+0000] {logging_mixin.py:137} INFO - [2025-10-05T17:26:37.747+0000] {dagbag.py:538} INFO - Filling up the DagBag from /home/airflow/.local/lib/python3.7/site-packages/airflow/example_dags/example_subdag_operator.py
[2025-10-05T17:26:37.826+0000] {processor.py:753} INFO - DAG(s) dict_keys(['example_subdag_operator.section-1', 'example_subdag_operator.section-2', 'example_subdag_operator']) retrieved from /home/airflow/.local/lib/python3.7/site-packages/airflow/example_dags/example_subdag_operator.py
[2025-10-05T17:26:37.866+0000] {logging_mixin.py:137} INFO - [2025-10-05T17:26:37.865+0000] {dag.py:2690} INFO - Sync 3 DAGs
[2025-10-05T17:26:37.909+0000] {logging_mixin.py:137} INFO - [2025-10-05T17:26:37.909+0000] {dag.py:3441} INFO - Setting next_dagrun for example_subdag_operator to 2022-01-01T00:00:00+00:00, run_after=2022-01-01T00:00:00+00:00
[2025-10-05T17:26:37.915+0000] {logging_mixin.py:137} INFO - [2025-10-05T17:26:37.915+0000] {dag.py:3441} INFO - Setting next_dagrun for example_subdag_operator.section-1 to None, run_after=None
[2025-10-05T17:26:37.918+0000] {logging_mixin.py:137} INFO - [2025-10-05T17:26:37.917+0000] {dag.py:3441} INFO - Setting next_dagrun for example_subdag_operator.section-2 to None, run_after=None
[2025-10-05T17:26:37.931+0000] {logging_mixin.py:137} INFO - [2025-10-05T17:26:37.930+0000] {dag.py:2690} INFO - Sync 2 DAGs
[2025-10-05T17:26:37.942+0000] {logging_mixin.py:137} INFO - [2025-10-05T17:26:37.941+0000] {dag.py:3441} INFO - Setting next_dagrun for example_subdag_operator.section-1 to None, run_after=None
[2025-10-05T17:26:37.943+0000] {logging_mixin.py:137} INFO - [2025-10-05T17:26:37.943+0000] {dag.py:3441} INFO - Setting next_dagrun for example_subdag_operator.section-2 to None, run_after=None
[2025-10-05T17:26:37.964+0000] {processor.py:175} INFO - Processing /home/airflow/.local/lib/python3.7/site-packages/airflow/example_dags/example_subdag_operator.py took 0.227 seconds
[2025-10-05T17:27:08.617+0000] {processor.py:153} INFO - Started process (PID=1574) to work on /home/airflow/.local/lib/python3.7/site-packages/airflow/example_dags/example_subdag_operator.py
[2025-10-05T17:27:08.619+0000] {processor.py:743} INFO - Processing file /home/airflow/.local/lib/python3.7/site-packages/airflow/example_dags/example_subdag_operator.py for tasks to queue
[2025-10-05T17:27:08.620+0000] {logging_mixin.py:137} INFO - [2025-10-05T17:27:08.620+0000] {dagbag.py:538} INFO - Filling up the DagBag from /home/airflow/.local/lib/python3.7/site-packages/airflow/example_dags/example_subdag_operator.py
[2025-10-05T17:27:08.664+0000] {processor.py:753} INFO - DAG(s) dict_keys(['example_subdag_operator.section-1', 'example_subdag_operator.section-2', 'example_subdag_operator']) retrieved from /home/airflow/.local/lib/python3.7/site-packages/airflow/example_dags/example_subdag_operator.py
[2025-10-05T17:27:08.686+0000] {logging_mixin.py:137} INFO - [2025-10-05T17:27:08.686+0000] {dag.py:2690} INFO - Sync 3 DAGs
[2025-10-05T17:27:08.718+0000] {logging_mixin.py:137} INFO - [2025-10-05T17:27:08.718+0000] {dag.py:3441} INFO - Setting next_dagrun for example_subdag_operator to 2022-01-01T00:00:00+00:00, run_after=2022-01-01T00:00:00+00:00
[2025-10-05T17:27:08.723+0000] {logging_mixin.py:137} INFO - [2025-10-05T17:27:08.723+0000] {dag.py:3441} INFO - Setting next_dagrun for example_subdag_operator.section-1 to None, run_after=None
[2025-10-05T17:27:08.726+0000] {logging_mixin.py:137} INFO - [2025-10-05T17:27:08.726+0000] {dag.py:3441} INFO - Setting next_dagrun for example_subdag_operator.section-2 to None, run_after=None
[2025-10-05T17:27:08.737+0000] {logging_mixin.py:137} INFO - [2025-10-05T17:27:08.737+0000] {dag.py:2690} INFO - Sync 2 DAGs
[2025-10-05T17:27:08.745+0000] {logging_mixin.py:137} INFO - [2025-10-05T17:27:08.744+0000] {dag.py:3441} INFO - Setting next_dagrun for example_subdag_operator.section-1 to None, run_after=None
[2025-10-05T17:27:08.745+0000] {logging_mixin.py:137} INFO - [2025-10-05T17:27:08.745+0000] {dag.py:3441} INFO - Setting next_dagrun for example_subdag_operator.section-2 to None, run_after=None
[2025-10-05T17:27:08.764+0000] {processor.py:175} INFO - Processing /home/airflow/.local/lib/python3.7/site-packages/airflow/example_dags/example_subdag_operator.py took 0.152 seconds
[2025-10-05T17:27:39.832+0000] {processor.py:153} INFO - Started process (PID=1687) to work on /home/airflow/.local/lib/python3.7/site-packages/airflow/example_dags/example_subdag_operator.py
[2025-10-05T17:27:39.834+0000] {processor.py:743} INFO - Processing file /home/airflow/.local/lib/python3.7/site-packages/airflow/example_dags/example_subdag_operator.py for tasks to queue
[2025-10-05T17:27:39.835+0000] {logging_mixin.py:137} INFO - [2025-10-05T17:27:39.835+0000] {dagbag.py:538} INFO - Filling up the DagBag from /home/airflow/.local/lib/python3.7/site-packages/airflow/example_dags/example_subdag_operator.py
[2025-10-05T17:27:39.897+0000] {processor.py:753} INFO - DAG(s) dict_keys(['example_subdag_operator.section-1', 'example_subdag_operator.section-2', 'example_subdag_operator']) retrieved from /home/airflow/.local/lib/python3.7/site-packages/airflow/example_dags/example_subdag_operator.py
[2025-10-05T17:27:39.923+0000] {logging_mixin.py:137} INFO - [2025-10-05T17:27:39.923+0000] {dag.py:2690} INFO - Sync 3 DAGs
[2025-10-05T17:27:39.958+0000] {logging_mixin.py:137} INFO - [2025-10-05T17:27:39.957+0000] {dag.py:3441} INFO - Setting next_dagrun for example_subdag_operator to 2022-01-01T00:00:00+00:00, run_after=2022-01-01T00:00:00+00:00
[2025-10-05T17:27:39.965+0000] {logging_mixin.py:137} INFO - [2025-10-05T17:27:39.964+0000] {dag.py:3441} INFO - Setting next_dagrun for example_subdag_operator.section-1 to None, run_after=None
[2025-10-05T17:27:39.967+0000] {logging_mixin.py:137} INFO - [2025-10-05T17:27:39.966+0000] {dag.py:3441} INFO - Setting next_dagrun for example_subdag_operator.section-2 to None, run_after=None
[2025-10-05T17:27:39.976+0000] {logging_mixin.py:137} INFO - [2025-10-05T17:27:39.976+0000] {dag.py:2690} INFO - Sync 2 DAGs
[2025-10-05T17:27:39.984+0000] {logging_mixin.py:137} INFO - [2025-10-05T17:27:39.984+0000] {dag.py:3441} INFO - Setting next_dagrun for example_subdag_operator.section-1 to None, run_after=None
[2025-10-05T17:27:39.985+0000] {logging_mixin.py:137} INFO - [2025-10-05T17:27:39.985+0000] {dag.py:3441} INFO - Setting next_dagrun for example_subdag_operator.section-2 to None, run_after=None
[2025-10-05T17:27:40.004+0000] {processor.py:175} INFO - Processing /home/airflow/.local/lib/python3.7/site-packages/airflow/example_dags/example_subdag_operator.py took 0.177 seconds
[2025-10-05T17:28:10.292+0000] {processor.py:153} INFO - Started process (PID=1776) to work on /home/airflow/.local/lib/python3.7/site-packages/airflow/example_dags/example_subdag_operator.py
[2025-10-05T17:28:10.293+0000] {processor.py:743} INFO - Processing file /home/airflow/.local/lib/python3.7/site-packages/airflow/example_dags/example_subdag_operator.py for tasks to queue
[2025-10-05T17:28:10.295+0000] {logging_mixin.py:137} INFO - [2025-10-05T17:28:10.295+0000] {dagbag.py:538} INFO - Filling up the DagBag from /home/airflow/.local/lib/python3.7/site-packages/airflow/example_dags/example_subdag_operator.py
[2025-10-05T17:28:10.353+0000] {processor.py:753} INFO - DAG(s) dict_keys(['example_subdag_operator.section-1', 'example_subdag_operator.section-2', 'example_subdag_operator']) retrieved from /home/airflow/.local/lib/python3.7/site-packages/airflow/example_dags/example_subdag_operator.py
[2025-10-05T17:28:10.382+0000] {logging_mixin.py:137} INFO - [2025-10-05T17:28:10.381+0000] {dag.py:2690} INFO - Sync 3 DAGs
[2025-10-05T17:28:10.422+0000] {logging_mixin.py:137} INFO - [2025-10-05T17:28:10.421+0000] {dag.py:3441} INFO - Setting next_dagrun for example_subdag_operator to 2022-01-01T00:00:00+00:00, run_after=2022-01-01T00:00:00+00:00
[2025-10-05T17:28:10.427+0000] {logging_mixin.py:137} INFO - [2025-10-05T17:28:10.427+0000] {dag.py:3441} INFO - Setting next_dagrun for example_subdag_operator.section-1 to None, run_after=None
[2025-10-05T17:28:10.430+0000] {logging_mixin.py:137} INFO - [2025-10-05T17:28:10.430+0000] {dag.py:3441} INFO - Setting next_dagrun for example_subdag_operator.section-2 to None, run_after=None
[2025-10-05T17:28:10.442+0000] {logging_mixin.py:137} INFO - [2025-10-05T17:28:10.442+0000] {dag.py:2690} INFO - Sync 2 DAGs
[2025-10-05T17:28:10.450+0000] {logging_mixin.py:137} INFO - [2025-10-05T17:28:10.450+0000] {dag.py:3441} INFO - Setting next_dagrun for example_subdag_operator.section-1 to None, run_after=None
[2025-10-05T17:28:10.451+0000] {logging_mixin.py:137} INFO - [2025-10-05T17:28:10.451+0000] {dag.py:3441} INFO - Setting next_dagrun for example_subdag_operator.section-2 to None, run_after=None
[2025-10-05T17:28:10.477+0000] {processor.py:175} INFO - Processing /home/airflow/.local/lib/python3.7/site-packages/airflow/example_dags/example_subdag_operator.py took 0.192 seconds
[2025-10-05T17:28:40.528+0000] {processor.py:153} INFO - Started process (PID=1864) to work on /home/airflow/.local/lib/python3.7/site-packages/airflow/example_dags/example_subdag_operator.py
[2025-10-05T17:28:40.531+0000] {processor.py:743} INFO - Processing file /home/airflow/.local/lib/python3.7/site-packages/airflow/example_dags/example_subdag_operator.py for tasks to queue
[2025-10-05T17:28:40.533+0000] {logging_mixin.py:137} INFO - [2025-10-05T17:28:40.532+0000] {dagbag.py:538} INFO - Filling up the DagBag from /home/airflow/.local/lib/python3.7/site-packages/airflow/example_dags/example_subdag_operator.py
[2025-10-05T17:28:40.576+0000] {processor.py:753} INFO - DAG(s) dict_keys(['example_subdag_operator.section-1', 'example_subdag_operator.section-2', 'example_subdag_operator']) retrieved from /home/airflow/.local/lib/python3.7/site-packages/airflow/example_dags/example_subdag_operator.py
[2025-10-05T17:28:40.597+0000] {logging_mixin.py:137} INFO - [2025-10-05T17:28:40.597+0000] {dag.py:2690} INFO - Sync 3 DAGs
[2025-10-05T17:28:40.624+0000] {logging_mixin.py:137} INFO - [2025-10-05T17:28:40.624+0000] {dag.py:3441} INFO - Setting next_dagrun for example_subdag_operator to 2022-01-01T00:00:00+00:00, run_after=2022-01-01T00:00:00+00:00
[2025-10-05T17:28:40.628+0000] {logging_mixin.py:137} INFO - [2025-10-05T17:28:40.628+0000] {dag.py:3441} INFO - Setting next_dagrun for example_subdag_operator.section-1 to None, run_after=None
[2025-10-05T17:28:40.631+0000] {logging_mixin.py:137} INFO - [2025-10-05T17:28:40.631+0000] {dag.py:3441} INFO - Setting next_dagrun for example_subdag_operator.section-2 to None, run_after=None
[2025-10-05T17:28:40.640+0000] {logging_mixin.py:137} INFO - [2025-10-05T17:28:40.640+0000] {dag.py:2690} INFO - Sync 2 DAGs
[2025-10-05T17:28:40.647+0000] {logging_mixin.py:137} INFO - [2025-10-05T17:28:40.647+0000] {dag.py:3441} INFO - Setting next_dagrun for example_subdag_operator.section-1 to None, run_after=None
[2025-10-05T17:28:40.648+0000] {logging_mixin.py:137} INFO - [2025-10-05T17:28:40.648+0000] {dag.py:3441} INFO - Setting next_dagrun for example_subdag_operator.section-2 to None, run_after=None
[2025-10-05T17:28:40.665+0000] {processor.py:175} INFO - Processing /home/airflow/.local/lib/python3.7/site-packages/airflow/example_dags/example_subdag_operator.py took 0.141 seconds
[2025-10-05T17:29:11.697+0000] {processor.py:153} INFO - Started process (PID=1977) to work on /home/airflow/.local/lib/python3.7/site-packages/airflow/example_dags/example_subdag_operator.py
[2025-10-05T17:29:11.698+0000] {processor.py:743} INFO - Processing file /home/airflow/.local/lib/python3.7/site-packages/airflow/example_dags/example_subdag_operator.py for tasks to queue
[2025-10-05T17:29:11.699+0000] {logging_mixin.py:137} INFO - [2025-10-05T17:29:11.699+0000] {dagbag.py:538} INFO - Filling up the DagBag from /home/airflow/.local/lib/python3.7/site-packages/airflow/example_dags/example_subdag_operator.py
[2025-10-05T17:29:11.741+0000] {processor.py:753} INFO - DAG(s) dict_keys(['example_subdag_operator.section-1', 'example_subdag_operator.section-2', 'example_subdag_operator']) retrieved from /home/airflow/.local/lib/python3.7/site-packages/airflow/example_dags/example_subdag_operator.py
[2025-10-05T17:29:11.762+0000] {logging_mixin.py:137} INFO - [2025-10-05T17:29:11.762+0000] {dag.py:2690} INFO - Sync 3 DAGs
[2025-10-05T17:29:11.791+0000] {logging_mixin.py:137} INFO - [2025-10-05T17:29:11.791+0000] {dag.py:3441} INFO - Setting next_dagrun for example_subdag_operator to 2022-01-01T00:00:00+00:00, run_after=2022-01-01T00:00:00+00:00
[2025-10-05T17:29:11.796+0000] {logging_mixin.py:137} INFO - [2025-10-05T17:29:11.796+0000] {dag.py:3441} INFO - Setting next_dagrun for example_subdag_operator.section-1 to None, run_after=None
[2025-10-05T17:29:11.798+0000] {logging_mixin.py:137} INFO - [2025-10-05T17:29:11.798+0000] {dag.py:3441} INFO - Setting next_dagrun for example_subdag_operator.section-2 to None, run_after=None
[2025-10-05T17:29:11.807+0000] {logging_mixin.py:137} INFO - [2025-10-05T17:29:11.807+0000] {dag.py:2690} INFO - Sync 2 DAGs
[2025-10-05T17:29:11.814+0000] {logging_mixin.py:137} INFO - [2025-10-05T17:29:11.814+0000] {dag.py:3441} INFO - Setting next_dagrun for example_subdag_operator.section-1 to None, run_after=None
[2025-10-05T17:29:11.815+0000] {logging_mixin.py:137} INFO - [2025-10-05T17:29:11.815+0000] {dag.py:3441} INFO - Setting next_dagrun for example_subdag_operator.section-2 to None, run_after=None
[2025-10-05T17:29:11.832+0000] {processor.py:175} INFO - Processing /home/airflow/.local/lib/python3.7/site-packages/airflow/example_dags/example_subdag_operator.py took 0.139 seconds
[2025-10-05T17:29:42.413+0000] {processor.py:153} INFO - Started process (PID=2066) to work on /home/airflow/.local/lib/python3.7/site-packages/airflow/example_dags/example_subdag_operator.py
[2025-10-05T17:29:42.414+0000] {processor.py:743} INFO - Processing file /home/airflow/.local/lib/python3.7/site-packages/airflow/example_dags/example_subdag_operator.py for tasks to queue
[2025-10-05T17:29:42.416+0000] {logging_mixin.py:137} INFO - [2025-10-05T17:29:42.415+0000] {dagbag.py:538} INFO - Filling up the DagBag from /home/airflow/.local/lib/python3.7/site-packages/airflow/example_dags/example_subdag_operator.py
[2025-10-05T17:29:42.453+0000] {processor.py:753} INFO - DAG(s) dict_keys(['example_subdag_operator.section-1', 'example_subdag_operator.section-2', 'example_subdag_operator']) retrieved from /home/airflow/.local/lib/python3.7/site-packages/airflow/example_dags/example_subdag_operator.py
[2025-10-05T17:29:42.472+0000] {logging_mixin.py:137} INFO - [2025-10-05T17:29:42.472+0000] {dag.py:2690} INFO - Sync 3 DAGs
[2025-10-05T17:29:42.497+0000] {logging_mixin.py:137} INFO - [2025-10-05T17:29:42.497+0000] {dag.py:3441} INFO - Setting next_dagrun for example_subdag_operator to 2022-01-01T00:00:00+00:00, run_after=2022-01-01T00:00:00+00:00
[2025-10-05T17:29:42.501+0000] {logging_mixin.py:137} INFO - [2025-10-05T17:29:42.501+0000] {dag.py:3441} INFO - Setting next_dagrun for example_subdag_operator.section-1 to None, run_after=None
[2025-10-05T17:29:42.503+0000] {logging_mixin.py:137} INFO - [2025-10-05T17:29:42.503+0000] {dag.py:3441} INFO - Setting next_dagrun for example_subdag_operator.section-2 to None, run_after=None
[2025-10-05T17:29:42.512+0000] {logging_mixin.py:137} INFO - [2025-10-05T17:29:42.512+0000] {dag.py:2690} INFO - Sync 2 DAGs
[2025-10-05T17:29:42.519+0000] {logging_mixin.py:137} INFO - [2025-10-05T17:29:42.519+0000] {dag.py:3441} INFO - Setting next_dagrun for example_subdag_operator.section-1 to None, run_after=None
[2025-10-05T17:29:42.520+0000] {logging_mixin.py:137} INFO - [2025-10-05T17:29:42.520+0000] {dag.py:3441} INFO - Setting next_dagrun for example_subdag_operator.section-2 to None, run_after=None
[2025-10-05T17:29:42.536+0000] {processor.py:175} INFO - Processing /home/airflow/.local/lib/python3.7/site-packages/airflow/example_dags/example_subdag_operator.py took 0.128 seconds
[2025-10-05T17:30:12.850+0000] {processor.py:153} INFO - Started process (PID=2180) to work on /home/airflow/.local/lib/python3.7/site-packages/airflow/example_dags/example_subdag_operator.py
[2025-10-05T17:30:12.852+0000] {processor.py:743} INFO - Processing file /home/airflow/.local/lib/python3.7/site-packages/airflow/example_dags/example_subdag_operator.py for tasks to queue
[2025-10-05T17:30:12.853+0000] {logging_mixin.py:137} INFO - [2025-10-05T17:30:12.853+0000] {dagbag.py:538} INFO - Filling up the DagBag from /home/airflow/.local/lib/python3.7/site-packages/airflow/example_dags/example_subdag_operator.py
[2025-10-05T17:30:12.899+0000] {processor.py:753} INFO - DAG(s) dict_keys(['example_subdag_operator.section-1', 'example_subdag_operator.section-2', 'example_subdag_operator']) retrieved from /home/airflow/.local/lib/python3.7/site-packages/airflow/example_dags/example_subdag_operator.py
[2025-10-05T17:30:12.924+0000] {logging_mixin.py:137} INFO - [2025-10-05T17:30:12.924+0000] {dag.py:2690} INFO - Sync 3 DAGs
[2025-10-05T17:30:12.955+0000] {logging_mixin.py:137} INFO - [2025-10-05T17:30:12.955+0000] {dag.py:3441} INFO - Setting next_dagrun for example_subdag_operator to 2022-01-01T00:00:00+00:00, run_after=2022-01-01T00:00:00+00:00
[2025-10-05T17:30:12.960+0000] {logging_mixin.py:137} INFO - [2025-10-05T17:30:12.960+0000] {dag.py:3441} INFO - Setting next_dagrun for example_subdag_operator.section-1 to None, run_after=None
[2025-10-05T17:30:12.963+0000] {logging_mixin.py:137} INFO - [2025-10-05T17:30:12.963+0000] {dag.py:3441} INFO - Setting next_dagrun for example_subdag_operator.section-2 to None, run_after=None
[2025-10-05T17:30:12.973+0000] {logging_mixin.py:137} INFO - [2025-10-05T17:30:12.973+0000] {dag.py:2690} INFO - Sync 2 DAGs
[2025-10-05T17:30:12.982+0000] {logging_mixin.py:137} INFO - [2025-10-05T17:30:12.982+0000] {dag.py:3441} INFO - Setting next_dagrun for example_subdag_operator.section-1 to None, run_after=None
[2025-10-05T17:30:12.983+0000] {logging_mixin.py:137} INFO - [2025-10-05T17:30:12.982+0000] {dag.py:3441} INFO - Setting next_dagrun for example_subdag_operator.section-2 to None, run_after=None
[2025-10-05T17:30:13.001+0000] {processor.py:175} INFO - Processing /home/airflow/.local/lib/python3.7/site-packages/airflow/example_dags/example_subdag_operator.py took 0.155 seconds
[2025-10-05T17:30:43.475+0000] {processor.py:153} INFO - Started process (PID=2270) to work on /home/airflow/.local/lib/python3.7/site-packages/airflow/example_dags/example_subdag_operator.py
[2025-10-05T17:30:43.477+0000] {processor.py:743} INFO - Processing file /home/airflow/.local/lib/python3.7/site-packages/airflow/example_dags/example_subdag_operator.py for tasks to queue
[2025-10-05T17:30:43.478+0000] {logging_mixin.py:137} INFO - [2025-10-05T17:30:43.478+0000] {dagbag.py:538} INFO - Filling up the DagBag from /home/airflow/.local/lib/python3.7/site-packages/airflow/example_dags/example_subdag_operator.py
[2025-10-05T17:30:43.515+0000] {processor.py:753} INFO - DAG(s) dict_keys(['example_subdag_operator.section-1', 'example_subdag_operator.section-2', 'example_subdag_operator']) retrieved from /home/airflow/.local/lib/python3.7/site-packages/airflow/example_dags/example_subdag_operator.py
[2025-10-05T17:30:43.533+0000] {logging_mixin.py:137} INFO - [2025-10-05T17:30:43.533+0000] {dag.py:2690} INFO - Sync 3 DAGs
[2025-10-05T17:30:43.560+0000] {logging_mixin.py:137} INFO - [2025-10-05T17:30:43.559+0000] {dag.py:3441} INFO - Setting next_dagrun for example_subdag_operator to 2022-01-01T00:00:00+00:00, run_after=2022-01-01T00:00:00+00:00
[2025-10-05T17:30:43.564+0000] {logging_mixin.py:137} INFO - [2025-10-05T17:30:43.564+0000] {dag.py:3441} INFO - Setting next_dagrun for example_subdag_operator.section-1 to None, run_after=None
[2025-10-05T17:30:43.566+0000] {logging_mixin.py:137} INFO - [2025-10-05T17:30:43.566+0000] {dag.py:3441} INFO - Setting next_dagrun for example_subdag_operator.section-2 to None, run_after=None
[2025-10-05T17:30:43.575+0000] {logging_mixin.py:137} INFO - [2025-10-05T17:30:43.575+0000] {dag.py:2690} INFO - Sync 2 DAGs
[2025-10-05T17:30:43.581+0000] {logging_mixin.py:137} INFO - [2025-10-05T17:30:43.581+0000] {dag.py:3441} INFO - Setting next_dagrun for example_subdag_operator.section-1 to None, run_after=None
[2025-10-05T17:30:43.582+0000] {logging_mixin.py:137} INFO - [2025-10-05T17:30:43.582+0000] {dag.py:3441} INFO - Setting next_dagrun for example_subdag_operator.section-2 to None, run_after=None
[2025-10-05T17:30:43.598+0000] {processor.py:175} INFO - Processing /home/airflow/.local/lib/python3.7/site-packages/airflow/example_dags/example_subdag_operator.py took 0.127 seconds
[2025-10-05T17:31:14.391+0000] {processor.py:153} INFO - Started process (PID=2369) to work on /home/airflow/.local/lib/python3.7/site-packages/airflow/example_dags/example_subdag_operator.py
[2025-10-05T17:31:14.392+0000] {processor.py:743} INFO - Processing file /home/airflow/.local/lib/python3.7/site-packages/airflow/example_dags/example_subdag_operator.py for tasks to queue
[2025-10-05T17:31:14.394+0000] {logging_mixin.py:137} INFO - [2025-10-05T17:31:14.393+0000] {dagbag.py:538} INFO - Filling up the DagBag from /home/airflow/.local/lib/python3.7/site-packages/airflow/example_dags/example_subdag_operator.py
[2025-10-05T17:31:14.439+0000] {processor.py:753} INFO - DAG(s) dict_keys(['example_subdag_operator.section-1', 'example_subdag_operator.section-2', 'example_subdag_operator']) retrieved from /home/airflow/.local/lib/python3.7/site-packages/airflow/example_dags/example_subdag_operator.py
[2025-10-05T17:31:14.464+0000] {logging_mixin.py:137} INFO - [2025-10-05T17:31:14.464+0000] {dag.py:2690} INFO - Sync 3 DAGs
[2025-10-05T17:31:14.499+0000] {logging_mixin.py:137} INFO - [2025-10-05T17:31:14.499+0000] {dag.py:3441} INFO - Setting next_dagrun for example_subdag_operator to 2022-01-01T00:00:00+00:00, run_after=2022-01-01T00:00:00+00:00
[2025-10-05T17:31:14.504+0000] {logging_mixin.py:137} INFO - [2025-10-05T17:31:14.503+0000] {dag.py:3441} INFO - Setting next_dagrun for example_subdag_operator.section-1 to None, run_after=None
[2025-10-05T17:31:14.506+0000] {logging_mixin.py:137} INFO - [2025-10-05T17:31:14.506+0000] {dag.py:3441} INFO - Setting next_dagrun for example_subdag_operator.section-2 to None, run_after=None
[2025-10-05T17:31:14.517+0000] {logging_mixin.py:137} INFO - [2025-10-05T17:31:14.517+0000] {dag.py:2690} INFO - Sync 2 DAGs
[2025-10-05T17:31:14.525+0000] {logging_mixin.py:137} INFO - [2025-10-05T17:31:14.525+0000] {dag.py:3441} INFO - Setting next_dagrun for example_subdag_operator.section-1 to None, run_after=None
[2025-10-05T17:31:14.526+0000] {logging_mixin.py:137} INFO - [2025-10-05T17:31:14.526+0000] {dag.py:3441} INFO - Setting next_dagrun for example_subdag_operator.section-2 to None, run_after=None
[2025-10-05T17:31:14.544+0000] {processor.py:175} INFO - Processing /home/airflow/.local/lib/python3.7/site-packages/airflow/example_dags/example_subdag_operator.py took 0.158 seconds
[2025-10-05T17:31:44.623+0000] {processor.py:153} INFO - Started process (PID=2473) to work on /home/airflow/.local/lib/python3.7/site-packages/airflow/example_dags/example_subdag_operator.py
[2025-10-05T17:31:44.624+0000] {processor.py:743} INFO - Processing file /home/airflow/.local/lib/python3.7/site-packages/airflow/example_dags/example_subdag_operator.py for tasks to queue
[2025-10-05T17:31:44.625+0000] {logging_mixin.py:137} INFO - [2025-10-05T17:31:44.625+0000] {dagbag.py:538} INFO - Filling up the DagBag from /home/airflow/.local/lib/python3.7/site-packages/airflow/example_dags/example_subdag_operator.py
[2025-10-05T17:31:44.664+0000] {processor.py:753} INFO - DAG(s) dict_keys(['example_subdag_operator.section-1', 'example_subdag_operator.section-2', 'example_subdag_operator']) retrieved from /home/airflow/.local/lib/python3.7/site-packages/airflow/example_dags/example_subdag_operator.py
[2025-10-05T17:31:44.684+0000] {logging_mixin.py:137} INFO - [2025-10-05T17:31:44.684+0000] {dag.py:2690} INFO - Sync 3 DAGs
[2025-10-05T17:31:44.711+0000] {logging_mixin.py:137} INFO - [2025-10-05T17:31:44.711+0000] {dag.py:3441} INFO - Setting next_dagrun for example_subdag_operator to 2022-01-01T00:00:00+00:00, run_after=2022-01-01T00:00:00+00:00
[2025-10-05T17:31:44.716+0000] {logging_mixin.py:137} INFO - [2025-10-05T17:31:44.715+0000] {dag.py:3441} INFO - Setting next_dagrun for example_subdag_operator.section-1 to None, run_after=None
[2025-10-05T17:31:44.718+0000] {logging_mixin.py:137} INFO - [2025-10-05T17:31:44.718+0000] {dag.py:3441} INFO - Setting next_dagrun for example_subdag_operator.section-2 to None, run_after=None
[2025-10-05T17:31:44.727+0000] {logging_mixin.py:137} INFO - [2025-10-05T17:31:44.727+0000] {dag.py:2690} INFO - Sync 2 DAGs
[2025-10-05T17:31:44.736+0000] {logging_mixin.py:137} INFO - [2025-10-05T17:31:44.735+0000] {dag.py:3441} INFO - Setting next_dagrun for example_subdag_operator.section-1 to None, run_after=None
[2025-10-05T17:31:44.736+0000] {logging_mixin.py:137} INFO - [2025-10-05T17:31:44.736+0000] {dag.py:3441} INFO - Setting next_dagrun for example_subdag_operator.section-2 to None, run_after=None
[2025-10-05T17:31:44.755+0000] {processor.py:175} INFO - Processing /home/airflow/.local/lib/python3.7/site-packages/airflow/example_dags/example_subdag_operator.py took 0.137 seconds
[2025-10-05T17:32:15.163+0000] {processor.py:153} INFO - Started process (PID=2562) to work on /home/airflow/.local/lib/python3.7/site-packages/airflow/example_dags/example_subdag_operator.py
[2025-10-05T17:32:15.165+0000] {processor.py:743} INFO - Processing file /home/airflow/.local/lib/python3.7/site-packages/airflow/example_dags/example_subdag_operator.py for tasks to queue
[2025-10-05T17:32:15.167+0000] {logging_mixin.py:137} INFO - [2025-10-05T17:32:15.166+0000] {dagbag.py:538} INFO - Filling up the DagBag from /home/airflow/.local/lib/python3.7/site-packages/airflow/example_dags/example_subdag_operator.py
[2025-10-05T17:32:15.207+0000] {processor.py:753} INFO - DAG(s) dict_keys(['example_subdag_operator.section-1', 'example_subdag_operator.section-2', 'example_subdag_operator']) retrieved from /home/airflow/.local/lib/python3.7/site-packages/airflow/example_dags/example_subdag_operator.py
[2025-10-05T17:32:15.230+0000] {logging_mixin.py:137} INFO - [2025-10-05T17:32:15.229+0000] {dag.py:2690} INFO - Sync 3 DAGs
[2025-10-05T17:32:15.257+0000] {logging_mixin.py:137} INFO - [2025-10-05T17:32:15.257+0000] {dag.py:3441} INFO - Setting next_dagrun for example_subdag_operator to 2022-01-01T00:00:00+00:00, run_after=2022-01-01T00:00:00+00:00
[2025-10-05T17:32:15.261+0000] {logging_mixin.py:137} INFO - [2025-10-05T17:32:15.261+0000] {dag.py:3441} INFO - Setting next_dagrun for example_subdag_operator.section-1 to None, run_after=None
[2025-10-05T17:32:15.263+0000] {logging_mixin.py:137} INFO - [2025-10-05T17:32:15.263+0000] {dag.py:3441} INFO - Setting next_dagrun for example_subdag_operator.section-2 to None, run_after=None
[2025-10-05T17:32:15.272+0000] {logging_mixin.py:137} INFO - [2025-10-05T17:32:15.272+0000] {dag.py:2690} INFO - Sync 2 DAGs
[2025-10-05T17:32:15.279+0000] {logging_mixin.py:137} INFO - [2025-10-05T17:32:15.279+0000] {dag.py:3441} INFO - Setting next_dagrun for example_subdag_operator.section-1 to None, run_after=None
[2025-10-05T17:32:15.280+0000] {logging_mixin.py:137} INFO - [2025-10-05T17:32:15.280+0000] {dag.py:3441} INFO - Setting next_dagrun for example_subdag_operator.section-2 to None, run_after=None
[2025-10-05T17:32:15.299+0000] {processor.py:175} INFO - Processing /home/airflow/.local/lib/python3.7/site-packages/airflow/example_dags/example_subdag_operator.py took 0.139 seconds
[2025-10-05T17:32:46.122+0000] {processor.py:153} INFO - Started process (PID=2675) to work on /home/airflow/.local/lib/python3.7/site-packages/airflow/example_dags/example_subdag_operator.py
[2025-10-05T17:32:46.124+0000] {processor.py:743} INFO - Processing file /home/airflow/.local/lib/python3.7/site-packages/airflow/example_dags/example_subdag_operator.py for tasks to queue
[2025-10-05T17:32:46.126+0000] {logging_mixin.py:137} INFO - [2025-10-05T17:32:46.125+0000] {dagbag.py:538} INFO - Filling up the DagBag from /home/airflow/.local/lib/python3.7/site-packages/airflow/example_dags/example_subdag_operator.py
[2025-10-05T17:32:46.166+0000] {processor.py:753} INFO - DAG(s) dict_keys(['example_subdag_operator.section-1', 'example_subdag_operator.section-2', 'example_subdag_operator']) retrieved from /home/airflow/.local/lib/python3.7/site-packages/airflow/example_dags/example_subdag_operator.py
[2025-10-05T17:32:46.187+0000] {logging_mixin.py:137} INFO - [2025-10-05T17:32:46.187+0000] {dag.py:2690} INFO - Sync 3 DAGs
[2025-10-05T17:32:46.214+0000] {logging_mixin.py:137} INFO - [2025-10-05T17:32:46.214+0000] {dag.py:3441} INFO - Setting next_dagrun for example_subdag_operator to 2022-01-01T00:00:00+00:00, run_after=2022-01-01T00:00:00+00:00
[2025-10-05T17:32:46.218+0000] {logging_mixin.py:137} INFO - [2025-10-05T17:32:46.218+0000] {dag.py:3441} INFO - Setting next_dagrun for example_subdag_operator.section-1 to None, run_after=None
[2025-10-05T17:32:46.220+0000] {logging_mixin.py:137} INFO - [2025-10-05T17:32:46.220+0000] {dag.py:3441} INFO - Setting next_dagrun for example_subdag_operator.section-2 to None, run_after=None
[2025-10-05T17:32:46.229+0000] {logging_mixin.py:137} INFO - [2025-10-05T17:32:46.228+0000] {dag.py:2690} INFO - Sync 2 DAGs
[2025-10-05T17:32:46.237+0000] {logging_mixin.py:137} INFO - [2025-10-05T17:32:46.236+0000] {dag.py:3441} INFO - Setting next_dagrun for example_subdag_operator.section-1 to None, run_after=None
[2025-10-05T17:32:46.237+0000] {logging_mixin.py:137} INFO - [2025-10-05T17:32:46.237+0000] {dag.py:3441} INFO - Setting next_dagrun for example_subdag_operator.section-2 to None, run_after=None
[2025-10-05T17:32:46.253+0000] {processor.py:175} INFO - Processing /home/airflow/.local/lib/python3.7/site-packages/airflow/example_dags/example_subdag_operator.py took 0.136 seconds
[2025-10-05T17:33:16.763+0000] {processor.py:153} INFO - Started process (PID=2764) to work on /home/airflow/.local/lib/python3.7/site-packages/airflow/example_dags/example_subdag_operator.py
[2025-10-05T17:33:16.764+0000] {processor.py:743} INFO - Processing file /home/airflow/.local/lib/python3.7/site-packages/airflow/example_dags/example_subdag_operator.py for tasks to queue
[2025-10-05T17:33:16.766+0000] {logging_mixin.py:137} INFO - [2025-10-05T17:33:16.765+0000] {dagbag.py:538} INFO - Filling up the DagBag from /home/airflow/.local/lib/python3.7/site-packages/airflow/example_dags/example_subdag_operator.py
[2025-10-05T17:33:16.814+0000] {processor.py:753} INFO - DAG(s) dict_keys(['example_subdag_operator.section-1', 'example_subdag_operator.section-2', 'example_subdag_operator']) retrieved from /home/airflow/.local/lib/python3.7/site-packages/airflow/example_dags/example_subdag_operator.py
[2025-10-05T17:33:16.840+0000] {logging_mixin.py:137} INFO - [2025-10-05T17:33:16.839+0000] {dag.py:2690} INFO - Sync 3 DAGs
[2025-10-05T17:33:16.872+0000] {logging_mixin.py:137} INFO - [2025-10-05T17:33:16.872+0000] {dag.py:3441} INFO - Setting next_dagrun for example_subdag_operator to 2022-01-01T00:00:00+00:00, run_after=2022-01-01T00:00:00+00:00
[2025-10-05T17:33:16.877+0000] {logging_mixin.py:137} INFO - [2025-10-05T17:33:16.877+0000] {dag.py:3441} INFO - Setting next_dagrun for example_subdag_operator.section-1 to None, run_after=None
[2025-10-05T17:33:16.879+0000] {logging_mixin.py:137} INFO - [2025-10-05T17:33:16.879+0000] {dag.py:3441} INFO - Setting next_dagrun for example_subdag_operator.section-2 to None, run_after=None
[2025-10-05T17:33:16.892+0000] {logging_mixin.py:137} INFO - [2025-10-05T17:33:16.892+0000] {dag.py:2690} INFO - Sync 2 DAGs
[2025-10-05T17:33:16.900+0000] {logging_mixin.py:137} INFO - [2025-10-05T17:33:16.900+0000] {dag.py:3441} INFO - Setting next_dagrun for example_subdag_operator.section-1 to None, run_after=None
[2025-10-05T17:33:16.901+0000] {logging_mixin.py:137} INFO - [2025-10-05T17:33:16.901+0000] {dag.py:3441} INFO - Setting next_dagrun for example_subdag_operator.section-2 to None, run_after=None
[2025-10-05T17:33:16.918+0000] {processor.py:175} INFO - Processing /home/airflow/.local/lib/python3.7/site-packages/airflow/example_dags/example_subdag_operator.py took 0.160 seconds
[2025-10-05T17:33:47.491+0000] {processor.py:153} INFO - Started process (PID=2861) to work on /home/airflow/.local/lib/python3.7/site-packages/airflow/example_dags/example_subdag_operator.py
[2025-10-05T17:33:47.493+0000] {processor.py:743} INFO - Processing file /home/airflow/.local/lib/python3.7/site-packages/airflow/example_dags/example_subdag_operator.py for tasks to queue
[2025-10-05T17:33:47.494+0000] {logging_mixin.py:137} INFO - [2025-10-05T17:33:47.494+0000] {dagbag.py:538} INFO - Filling up the DagBag from /home/airflow/.local/lib/python3.7/site-packages/airflow/example_dags/example_subdag_operator.py
[2025-10-05T17:33:47.548+0000] {processor.py:753} INFO - DAG(s) dict_keys(['example_subdag_operator.section-1', 'example_subdag_operator.section-2', 'example_subdag_operator']) retrieved from /home/airflow/.local/lib/python3.7/site-packages/airflow/example_dags/example_subdag_operator.py
[2025-10-05T17:33:47.579+0000] {logging_mixin.py:137} INFO - [2025-10-05T17:33:47.579+0000] {dag.py:2690} INFO - Sync 3 DAGs
[2025-10-05T17:33:47.625+0000] {logging_mixin.py:137} INFO - [2025-10-05T17:33:47.625+0000] {dag.py:3441} INFO - Setting next_dagrun for example_subdag_operator to 2022-01-01T00:00:00+00:00, run_after=2022-01-01T00:00:00+00:00
[2025-10-05T17:33:47.631+0000] {logging_mixin.py:137} INFO - [2025-10-05T17:33:47.631+0000] {dag.py:3441} INFO - Setting next_dagrun for example_subdag_operator.section-1 to None, run_after=None
[2025-10-05T17:33:47.633+0000] {logging_mixin.py:137} INFO - [2025-10-05T17:33:47.633+0000] {dag.py:3441} INFO - Setting next_dagrun for example_subdag_operator.section-2 to None, run_after=None
[2025-10-05T17:33:47.645+0000] {logging_mixin.py:137} INFO - [2025-10-05T17:33:47.645+0000] {dag.py:2690} INFO - Sync 2 DAGs
[2025-10-05T17:33:47.654+0000] {logging_mixin.py:137} INFO - [2025-10-05T17:33:47.654+0000] {dag.py:3441} INFO - Setting next_dagrun for example_subdag_operator.section-1 to None, run_after=None
[2025-10-05T17:33:47.655+0000] {logging_mixin.py:137} INFO - [2025-10-05T17:33:47.655+0000] {dag.py:3441} INFO - Setting next_dagrun for example_subdag_operator.section-2 to None, run_after=None
[2025-10-05T17:33:47.676+0000] {processor.py:175} INFO - Processing /home/airflow/.local/lib/python3.7/site-packages/airflow/example_dags/example_subdag_operator.py took 0.192 seconds
[2025-10-05T17:34:17.739+0000] {processor.py:153} INFO - Started process (PID=2965) to work on /home/airflow/.local/lib/python3.7/site-packages/airflow/example_dags/example_subdag_operator.py
[2025-10-05T17:34:17.741+0000] {processor.py:743} INFO - Processing file /home/airflow/.local/lib/python3.7/site-packages/airflow/example_dags/example_subdag_operator.py for tasks to queue
[2025-10-05T17:34:17.742+0000] {logging_mixin.py:137} INFO - [2025-10-05T17:34:17.741+0000] {dagbag.py:538} INFO - Filling up the DagBag from /home/airflow/.local/lib/python3.7/site-packages/airflow/example_dags/example_subdag_operator.py
[2025-10-05T17:34:17.782+0000] {processor.py:753} INFO - DAG(s) dict_keys(['example_subdag_operator.section-1', 'example_subdag_operator.section-2', 'example_subdag_operator']) retrieved from /home/airflow/.local/lib/python3.7/site-packages/airflow/example_dags/example_subdag_operator.py
[2025-10-05T17:34:17.804+0000] {logging_mixin.py:137} INFO - [2025-10-05T17:34:17.804+0000] {dag.py:2690} INFO - Sync 3 DAGs
[2025-10-05T17:34:17.831+0000] {logging_mixin.py:137} INFO - [2025-10-05T17:34:17.831+0000] {dag.py:3441} INFO - Setting next_dagrun for example_subdag_operator to 2022-01-01T00:00:00+00:00, run_after=2022-01-01T00:00:00+00:00
[2025-10-05T17:34:17.836+0000] {logging_mixin.py:137} INFO - [2025-10-05T17:34:17.836+0000] {dag.py:3441} INFO - Setting next_dagrun for example_subdag_operator.section-1 to None, run_after=None
[2025-10-05T17:34:17.838+0000] {logging_mixin.py:137} INFO - [2025-10-05T17:34:17.838+0000] {dag.py:3441} INFO - Setting next_dagrun for example_subdag_operator.section-2 to None, run_after=None
[2025-10-05T17:34:17.847+0000] {logging_mixin.py:137} INFO - [2025-10-05T17:34:17.847+0000] {dag.py:2690} INFO - Sync 2 DAGs
[2025-10-05T17:34:17.854+0000] {logging_mixin.py:137} INFO - [2025-10-05T17:34:17.854+0000] {dag.py:3441} INFO - Setting next_dagrun for example_subdag_operator.section-1 to None, run_after=None
[2025-10-05T17:34:17.855+0000] {logging_mixin.py:137} INFO - [2025-10-05T17:34:17.855+0000] {dag.py:3441} INFO - Setting next_dagrun for example_subdag_operator.section-2 to None, run_after=None
[2025-10-05T17:34:17.894+0000] {processor.py:175} INFO - Processing /home/airflow/.local/lib/python3.7/site-packages/airflow/example_dags/example_subdag_operator.py took 0.159 seconds
[2025-10-05T17:34:48.413+0000] {processor.py:153} INFO - Started process (PID=3054) to work on /home/airflow/.local/lib/python3.7/site-packages/airflow/example_dags/example_subdag_operator.py
[2025-10-05T17:34:48.415+0000] {processor.py:743} INFO - Processing file /home/airflow/.local/lib/python3.7/site-packages/airflow/example_dags/example_subdag_operator.py for tasks to queue
[2025-10-05T17:34:48.417+0000] {logging_mixin.py:137} INFO - [2025-10-05T17:34:48.416+0000] {dagbag.py:538} INFO - Filling up the DagBag from /home/airflow/.local/lib/python3.7/site-packages/airflow/example_dags/example_subdag_operator.py
[2025-10-05T17:34:48.473+0000] {processor.py:753} INFO - DAG(s) dict_keys(['example_subdag_operator.section-1', 'example_subdag_operator.section-2', 'example_subdag_operator']) retrieved from /home/airflow/.local/lib/python3.7/site-packages/airflow/example_dags/example_subdag_operator.py
[2025-10-05T17:34:48.501+0000] {logging_mixin.py:137} INFO - [2025-10-05T17:34:48.501+0000] {dag.py:2690} INFO - Sync 3 DAGs
[2025-10-05T17:34:48.537+0000] {logging_mixin.py:137} INFO - [2025-10-05T17:34:48.537+0000] {dag.py:3441} INFO - Setting next_dagrun for example_subdag_operator to 2022-01-01T00:00:00+00:00, run_after=2022-01-01T00:00:00+00:00
[2025-10-05T17:34:48.542+0000] {logging_mixin.py:137} INFO - [2025-10-05T17:34:48.541+0000] {dag.py:3441} INFO - Setting next_dagrun for example_subdag_operator.section-1 to None, run_after=None
[2025-10-05T17:34:48.544+0000] {logging_mixin.py:137} INFO - [2025-10-05T17:34:48.544+0000] {dag.py:3441} INFO - Setting next_dagrun for example_subdag_operator.section-2 to None, run_after=None
[2025-10-05T17:34:48.556+0000] {logging_mixin.py:137} INFO - [2025-10-05T17:34:48.556+0000] {dag.py:2690} INFO - Sync 2 DAGs
[2025-10-05T17:34:48.565+0000] {logging_mixin.py:137} INFO - [2025-10-05T17:34:48.565+0000] {dag.py:3441} INFO - Setting next_dagrun for example_subdag_operator.section-1 to None, run_after=None
[2025-10-05T17:34:48.567+0000] {logging_mixin.py:137} INFO - [2025-10-05T17:34:48.566+0000] {dag.py:3441} INFO - Setting next_dagrun for example_subdag_operator.section-2 to None, run_after=None
[2025-10-05T17:34:48.590+0000] {processor.py:175} INFO - Processing /home/airflow/.local/lib/python3.7/site-packages/airflow/example_dags/example_subdag_operator.py took 0.182 seconds
[2025-10-05T17:35:18.960+0000] {processor.py:153} INFO - Started process (PID=3167) to work on /home/airflow/.local/lib/python3.7/site-packages/airflow/example_dags/example_subdag_operator.py
[2025-10-05T17:35:18.962+0000] {processor.py:743} INFO - Processing file /home/airflow/.local/lib/python3.7/site-packages/airflow/example_dags/example_subdag_operator.py for tasks to queue
[2025-10-05T17:35:18.963+0000] {logging_mixin.py:137} INFO - [2025-10-05T17:35:18.963+0000] {dagbag.py:538} INFO - Filling up the DagBag from /home/airflow/.local/lib/python3.7/site-packages/airflow/example_dags/example_subdag_operator.py
[2025-10-05T17:35:19.018+0000] {processor.py:753} INFO - DAG(s) dict_keys(['example_subdag_operator.section-1', 'example_subdag_operator.section-2', 'example_subdag_operator']) retrieved from /home/airflow/.local/lib/python3.7/site-packages/airflow/example_dags/example_subdag_operator.py
[2025-10-05T17:35:19.051+0000] {logging_mixin.py:137} INFO - [2025-10-05T17:35:19.050+0000] {dag.py:2690} INFO - Sync 3 DAGs
[2025-10-05T17:35:19.096+0000] {logging_mixin.py:137} INFO - [2025-10-05T17:35:19.095+0000] {dag.py:3441} INFO - Setting next_dagrun for example_subdag_operator to 2022-01-01T00:00:00+00:00, run_after=2022-01-01T00:00:00+00:00
[2025-10-05T17:35:19.100+0000] {logging_mixin.py:137} INFO - [2025-10-05T17:35:19.100+0000] {dag.py:3441} INFO - Setting next_dagrun for example_subdag_operator.section-1 to None, run_after=None
[2025-10-05T17:35:19.102+0000] {logging_mixin.py:137} INFO - [2025-10-05T17:35:19.102+0000] {dag.py:3441} INFO - Setting next_dagrun for example_subdag_operator.section-2 to None, run_after=None
[2025-10-05T17:35:19.112+0000] {logging_mixin.py:137} INFO - [2025-10-05T17:35:19.112+0000] {dag.py:2690} INFO - Sync 2 DAGs
[2025-10-05T17:35:19.119+0000] {logging_mixin.py:137} INFO - [2025-10-05T17:35:19.119+0000] {dag.py:3441} INFO - Setting next_dagrun for example_subdag_operator.section-1 to None, run_after=None
[2025-10-05T17:35:19.120+0000] {logging_mixin.py:137} INFO - [2025-10-05T17:35:19.120+0000] {dag.py:3441} INFO - Setting next_dagrun for example_subdag_operator.section-2 to None, run_after=None
[2025-10-05T17:35:19.140+0000] {processor.py:175} INFO - Processing /home/airflow/.local/lib/python3.7/site-packages/airflow/example_dags/example_subdag_operator.py took 0.184 seconds
[2025-10-05T17:35:49.484+0000] {processor.py:153} INFO - Started process (PID=3256) to work on /home/airflow/.local/lib/python3.7/site-packages/airflow/example_dags/example_subdag_operator.py
[2025-10-05T17:35:49.486+0000] {processor.py:743} INFO - Processing file /home/airflow/.local/lib/python3.7/site-packages/airflow/example_dags/example_subdag_operator.py for tasks to queue
[2025-10-05T17:35:49.487+0000] {logging_mixin.py:137} INFO - [2025-10-05T17:35:49.487+0000] {dagbag.py:538} INFO - Filling up the DagBag from /home/airflow/.local/lib/python3.7/site-packages/airflow/example_dags/example_subdag_operator.py
[2025-10-05T17:35:49.530+0000] {processor.py:753} INFO - DAG(s) dict_keys(['example_subdag_operator.section-1', 'example_subdag_operator.section-2', 'example_subdag_operator']) retrieved from /home/airflow/.local/lib/python3.7/site-packages/airflow/example_dags/example_subdag_operator.py
[2025-10-05T17:35:49.553+0000] {logging_mixin.py:137} INFO - [2025-10-05T17:35:49.553+0000] {dag.py:2690} INFO - Sync 3 DAGs
[2025-10-05T17:35:49.587+0000] {logging_mixin.py:137} INFO - [2025-10-05T17:35:49.586+0000] {dag.py:3441} INFO - Setting next_dagrun for example_subdag_operator to 2022-01-01T00:00:00+00:00, run_after=2022-01-01T00:00:00+00:00
[2025-10-05T17:35:49.591+0000] {logging_mixin.py:137} INFO - [2025-10-05T17:35:49.591+0000] {dag.py:3441} INFO - Setting next_dagrun for example_subdag_operator.section-1 to None, run_after=None
[2025-10-05T17:35:49.594+0000] {logging_mixin.py:137} INFO - [2025-10-05T17:35:49.594+0000] {dag.py:3441} INFO - Setting next_dagrun for example_subdag_operator.section-2 to None, run_after=None
[2025-10-05T17:35:49.607+0000] {logging_mixin.py:137} INFO - [2025-10-05T17:35:49.607+0000] {dag.py:2690} INFO - Sync 2 DAGs
[2025-10-05T17:35:49.618+0000] {logging_mixin.py:137} INFO - [2025-10-05T17:35:49.617+0000] {dag.py:3441} INFO - Setting next_dagrun for example_subdag_operator.section-1 to None, run_after=None
[2025-10-05T17:35:49.618+0000] {logging_mixin.py:137} INFO - [2025-10-05T17:35:49.618+0000] {dag.py:3441} INFO - Setting next_dagrun for example_subdag_operator.section-2 to None, run_after=None
[2025-10-05T17:35:49.638+0000] {processor.py:175} INFO - Processing /home/airflow/.local/lib/python3.7/site-packages/airflow/example_dags/example_subdag_operator.py took 0.158 seconds
[2025-10-05T17:36:20.207+0000] {processor.py:153} INFO - Started process (PID=3345) to work on /home/airflow/.local/lib/python3.7/site-packages/airflow/example_dags/example_subdag_operator.py
[2025-10-05T17:36:20.209+0000] {processor.py:743} INFO - Processing file /home/airflow/.local/lib/python3.7/site-packages/airflow/example_dags/example_subdag_operator.py for tasks to queue
[2025-10-05T17:36:20.210+0000] {logging_mixin.py:137} INFO - [2025-10-05T17:36:20.210+0000] {dagbag.py:538} INFO - Filling up the DagBag from /home/airflow/.local/lib/python3.7/site-packages/airflow/example_dags/example_subdag_operator.py
[2025-10-05T17:36:20.251+0000] {processor.py:753} INFO - DAG(s) dict_keys(['example_subdag_operator.section-1', 'example_subdag_operator.section-2', 'example_subdag_operator']) retrieved from /home/airflow/.local/lib/python3.7/site-packages/airflow/example_dags/example_subdag_operator.py
[2025-10-05T17:36:20.271+0000] {logging_mixin.py:137} INFO - [2025-10-05T17:36:20.271+0000] {dag.py:2690} INFO - Sync 3 DAGs
[2025-10-05T17:36:20.304+0000] {logging_mixin.py:137} INFO - [2025-10-05T17:36:20.304+0000] {dag.py:3441} INFO - Setting next_dagrun for example_subdag_operator to 2022-01-01T00:00:00+00:00, run_after=2022-01-01T00:00:00+00:00
[2025-10-05T17:36:20.309+0000] {logging_mixin.py:137} INFO - [2025-10-05T17:36:20.308+0000] {dag.py:3441} INFO - Setting next_dagrun for example_subdag_operator.section-1 to None, run_after=None
[2025-10-05T17:36:20.311+0000] {logging_mixin.py:137} INFO - [2025-10-05T17:36:20.311+0000] {dag.py:3441} INFO - Setting next_dagrun for example_subdag_operator.section-2 to None, run_after=None
[2025-10-05T17:36:20.321+0000] {logging_mixin.py:137} INFO - [2025-10-05T17:36:20.321+0000] {dag.py:2690} INFO - Sync 2 DAGs
[2025-10-05T17:36:20.328+0000] {logging_mixin.py:137} INFO - [2025-10-05T17:36:20.328+0000] {dag.py:3441} INFO - Setting next_dagrun for example_subdag_operator.section-1 to None, run_after=None
[2025-10-05T17:36:20.329+0000] {logging_mixin.py:137} INFO - [2025-10-05T17:36:20.329+0000] {dag.py:3441} INFO - Setting next_dagrun for example_subdag_operator.section-2 to None, run_after=None
[2025-10-05T17:36:20.346+0000] {processor.py:175} INFO - Processing /home/airflow/.local/lib/python3.7/site-packages/airflow/example_dags/example_subdag_operator.py took 0.143 seconds
[2025-10-05T17:36:51.182+0000] {processor.py:153} INFO - Started process (PID=3459) to work on /home/airflow/.local/lib/python3.7/site-packages/airflow/example_dags/example_subdag_operator.py
[2025-10-05T17:36:51.183+0000] {processor.py:743} INFO - Processing file /home/airflow/.local/lib/python3.7/site-packages/airflow/example_dags/example_subdag_operator.py for tasks to queue
[2025-10-05T17:36:51.184+0000] {logging_mixin.py:137} INFO - [2025-10-05T17:36:51.184+0000] {dagbag.py:538} INFO - Filling up the DagBag from /home/airflow/.local/lib/python3.7/site-packages/airflow/example_dags/example_subdag_operator.py
[2025-10-05T17:36:51.225+0000] {processor.py:753} INFO - DAG(s) dict_keys(['example_subdag_operator.section-1', 'example_subdag_operator.section-2', 'example_subdag_operator']) retrieved from /home/airflow/.local/lib/python3.7/site-packages/airflow/example_dags/example_subdag_operator.py
[2025-10-05T17:36:51.245+0000] {logging_mixin.py:137} INFO - [2025-10-05T17:36:51.244+0000] {dag.py:2690} INFO - Sync 3 DAGs
[2025-10-05T17:36:51.272+0000] {logging_mixin.py:137} INFO - [2025-10-05T17:36:51.272+0000] {dag.py:3441} INFO - Setting next_dagrun for example_subdag_operator to 2022-01-01T00:00:00+00:00, run_after=2022-01-01T00:00:00+00:00
[2025-10-05T17:36:51.276+0000] {logging_mixin.py:137} INFO - [2025-10-05T17:36:51.276+0000] {dag.py:3441} INFO - Setting next_dagrun for example_subdag_operator.section-1 to None, run_after=None
[2025-10-05T17:36:51.278+0000] {logging_mixin.py:137} INFO - [2025-10-05T17:36:51.278+0000] {dag.py:3441} INFO - Setting next_dagrun for example_subdag_operator.section-2 to None, run_after=None
[2025-10-05T17:36:51.287+0000] {logging_mixin.py:137} INFO - [2025-10-05T17:36:51.287+0000] {dag.py:2690} INFO - Sync 2 DAGs
[2025-10-05T17:36:51.295+0000] {logging_mixin.py:137} INFO - [2025-10-05T17:36:51.295+0000] {dag.py:3441} INFO - Setting next_dagrun for example_subdag_operator.section-1 to None, run_after=None
[2025-10-05T17:36:51.296+0000] {logging_mixin.py:137} INFO - [2025-10-05T17:36:51.295+0000] {dag.py:3441} INFO - Setting next_dagrun for example_subdag_operator.section-2 to None, run_after=None
[2025-10-05T17:36:51.312+0000] {processor.py:175} INFO - Processing /home/airflow/.local/lib/python3.7/site-packages/airflow/example_dags/example_subdag_operator.py took 0.135 seconds
