[2025-10-05T17:19:24.171+0000] {processor.py:153} INFO - Started process (PID=73) to work on /home/airflow/.local/lib/python3.7/site-packages/airflow/example_dags/example_latest_only.py
[2025-10-05T17:19:24.174+0000] {processor.py:743} INFO - Processing file /home/airflow/.local/lib/python3.7/site-packages/airflow/example_dags/example_latest_only.py for tasks to queue
[2025-10-05T17:19:24.175+0000] {logging_mixin.py:137} INFO - [2025-10-05T17:19:24.175+0000] {dagbag.py:538} INFO - Filling up the DagBag from /home/airflow/.local/lib/python3.7/site-packages/airflow/example_dags/example_latest_only.py
[2025-10-05T17:19:24.209+0000] {processor.py:753} INFO - DAG(s) dict_keys(['latest_only']) retrieved from /home/airflow/.local/lib/python3.7/site-packages/airflow/example_dags/example_latest_only.py
[2025-10-05T17:19:24.238+0000] {logging_mixin.py:137} INFO - [2025-10-05T17:19:24.237+0000] {dag.py:2690} INFO - Sync 1 DAGs
[2025-10-05T17:19:24.279+0000] {logging_mixin.py:137} INFO - [2025-10-05T17:19:24.279+0000] {dag.py:3441} INFO - Setting next_dagrun for latest_only to 2025-10-05T13:19:24.278587+00:00, run_after=2025-10-05T17:19:24.278587+00:00
[2025-10-05T17:19:24.313+0000] {processor.py:175} INFO - Processing /home/airflow/.local/lib/python3.7/site-packages/airflow/example_dags/example_latest_only.py took 0.150 seconds
[2025-10-05T17:19:54.943+0000] {processor.py:153} INFO - Started process (PID=160) to work on /home/airflow/.local/lib/python3.7/site-packages/airflow/example_dags/example_latest_only.py
[2025-10-05T17:19:54.945+0000] {processor.py:743} INFO - Processing file /home/airflow/.local/lib/python3.7/site-packages/airflow/example_dags/example_latest_only.py for tasks to queue
[2025-10-05T17:19:54.946+0000] {logging_mixin.py:137} INFO - [2025-10-05T17:19:54.946+0000] {dagbag.py:538} INFO - Filling up the DagBag from /home/airflow/.local/lib/python3.7/site-packages/airflow/example_dags/example_latest_only.py
[2025-10-05T17:19:54.965+0000] {processor.py:753} INFO - DAG(s) dict_keys(['latest_only']) retrieved from /home/airflow/.local/lib/python3.7/site-packages/airflow/example_dags/example_latest_only.py
[2025-10-05T17:19:55.000+0000] {logging_mixin.py:137} INFO - [2025-10-05T17:19:55.000+0000] {dag.py:2690} INFO - Sync 1 DAGs
[2025-10-05T17:19:55.031+0000] {logging_mixin.py:137} INFO - [2025-10-05T17:19:55.030+0000] {dag.py:3441} INFO - Setting next_dagrun for latest_only to 2025-10-05T13:19:55.030566+00:00, run_after=2025-10-05T17:19:55.030566+00:00
[2025-10-05T17:19:55.060+0000] {processor.py:175} INFO - Processing /home/airflow/.local/lib/python3.7/site-packages/airflow/example_dags/example_latest_only.py took 0.121 seconds
[2025-10-05T17:20:25.477+0000] {processor.py:153} INFO - Started process (PID=258) to work on /home/airflow/.local/lib/python3.7/site-packages/airflow/example_dags/example_latest_only.py
[2025-10-05T17:20:25.479+0000] {processor.py:743} INFO - Processing file /home/airflow/.local/lib/python3.7/site-packages/airflow/example_dags/example_latest_only.py for tasks to queue
[2025-10-05T17:20:25.481+0000] {logging_mixin.py:137} INFO - [2025-10-05T17:20:25.480+0000] {dagbag.py:538} INFO - Filling up the DagBag from /home/airflow/.local/lib/python3.7/site-packages/airflow/example_dags/example_latest_only.py
[2025-10-05T17:20:25.501+0000] {processor.py:753} INFO - DAG(s) dict_keys(['latest_only']) retrieved from /home/airflow/.local/lib/python3.7/site-packages/airflow/example_dags/example_latest_only.py
[2025-10-05T17:20:25.540+0000] {logging_mixin.py:137} INFO - [2025-10-05T17:20:25.540+0000] {dag.py:2690} INFO - Sync 1 DAGs
[2025-10-05T17:20:25.588+0000] {logging_mixin.py:137} INFO - [2025-10-05T17:20:25.588+0000] {dag.py:3441} INFO - Setting next_dagrun for latest_only to 2025-10-05T13:20:25.588220+00:00, run_after=2025-10-05T17:20:25.588220+00:00
[2025-10-05T17:20:25.635+0000] {processor.py:175} INFO - Processing /home/airflow/.local/lib/python3.7/site-packages/airflow/example_dags/example_latest_only.py took 0.163 seconds
[2025-10-05T17:20:56.022+0000] {processor.py:153} INFO - Started process (PID=362) to work on /home/airflow/.local/lib/python3.7/site-packages/airflow/example_dags/example_latest_only.py
[2025-10-05T17:20:56.024+0000] {processor.py:743} INFO - Processing file /home/airflow/.local/lib/python3.7/site-packages/airflow/example_dags/example_latest_only.py for tasks to queue
[2025-10-05T17:20:56.026+0000] {logging_mixin.py:137} INFO - [2025-10-05T17:20:56.026+0000] {dagbag.py:538} INFO - Filling up the DagBag from /home/airflow/.local/lib/python3.7/site-packages/airflow/example_dags/example_latest_only.py
[2025-10-05T17:20:56.050+0000] {processor.py:753} INFO - DAG(s) dict_keys(['latest_only']) retrieved from /home/airflow/.local/lib/python3.7/site-packages/airflow/example_dags/example_latest_only.py
[2025-10-05T17:20:56.094+0000] {logging_mixin.py:137} INFO - [2025-10-05T17:20:56.094+0000] {dag.py:2690} INFO - Sync 1 DAGs
[2025-10-05T17:20:56.131+0000] {logging_mixin.py:137} INFO - [2025-10-05T17:20:56.131+0000] {dag.py:3441} INFO - Setting next_dagrun for latest_only to 2025-10-05T13:20:56.130906+00:00, run_after=2025-10-05T17:20:56.130906+00:00
[2025-10-05T17:20:56.161+0000] {processor.py:175} INFO - Processing /home/airflow/.local/lib/python3.7/site-packages/airflow/example_dags/example_latest_only.py took 0.145 seconds
[2025-10-05T17:21:27.149+0000] {processor.py:153} INFO - Started process (PID=451) to work on /home/airflow/.local/lib/python3.7/site-packages/airflow/example_dags/example_latest_only.py
[2025-10-05T17:21:27.150+0000] {processor.py:743} INFO - Processing file /home/airflow/.local/lib/python3.7/site-packages/airflow/example_dags/example_latest_only.py for tasks to queue
[2025-10-05T17:21:27.151+0000] {logging_mixin.py:137} INFO - [2025-10-05T17:21:27.151+0000] {dagbag.py:538} INFO - Filling up the DagBag from /home/airflow/.local/lib/python3.7/site-packages/airflow/example_dags/example_latest_only.py
[2025-10-05T17:21:27.168+0000] {processor.py:753} INFO - DAG(s) dict_keys(['latest_only']) retrieved from /home/airflow/.local/lib/python3.7/site-packages/airflow/example_dags/example_latest_only.py
[2025-10-05T17:21:27.201+0000] {logging_mixin.py:137} INFO - [2025-10-05T17:21:27.201+0000] {dag.py:2690} INFO - Sync 1 DAGs
[2025-10-05T17:21:27.229+0000] {logging_mixin.py:137} INFO - [2025-10-05T17:21:27.229+0000] {dag.py:3441} INFO - Setting next_dagrun for latest_only to 2025-10-05T13:21:27.229081+00:00, run_after=2025-10-05T17:21:27.229081+00:00
[2025-10-05T17:21:27.255+0000] {processor.py:175} INFO - Processing /home/airflow/.local/lib/python3.7/site-packages/airflow/example_dags/example_latest_only.py took 0.110 seconds
[2025-10-05T17:21:57.496+0000] {processor.py:153} INFO - Started process (PID=564) to work on /home/airflow/.local/lib/python3.7/site-packages/airflow/example_dags/example_latest_only.py
[2025-10-05T17:21:57.498+0000] {processor.py:743} INFO - Processing file /home/airflow/.local/lib/python3.7/site-packages/airflow/example_dags/example_latest_only.py for tasks to queue
[2025-10-05T17:21:57.499+0000] {logging_mixin.py:137} INFO - [2025-10-05T17:21:57.499+0000] {dagbag.py:538} INFO - Filling up the DagBag from /home/airflow/.local/lib/python3.7/site-packages/airflow/example_dags/example_latest_only.py
[2025-10-05T17:21:57.520+0000] {processor.py:753} INFO - DAG(s) dict_keys(['latest_only']) retrieved from /home/airflow/.local/lib/python3.7/site-packages/airflow/example_dags/example_latest_only.py
[2025-10-05T17:21:57.564+0000] {logging_mixin.py:137} INFO - [2025-10-05T17:21:57.563+0000] {dag.py:2690} INFO - Sync 1 DAGs
[2025-10-05T17:21:57.597+0000] {logging_mixin.py:137} INFO - [2025-10-05T17:21:57.596+0000] {dag.py:3441} INFO - Setting next_dagrun for latest_only to 2025-10-05T13:21:57.596415+00:00, run_after=2025-10-05T17:21:57.596415+00:00
[2025-10-05T17:21:57.624+0000] {processor.py:175} INFO - Processing /home/airflow/.local/lib/python3.7/site-packages/airflow/example_dags/example_latest_only.py took 0.133 seconds
[2025-10-05T17:22:27.751+0000] {processor.py:153} INFO - Started process (PID=653) to work on /home/airflow/.local/lib/python3.7/site-packages/airflow/example_dags/example_latest_only.py
[2025-10-05T17:22:27.753+0000] {processor.py:743} INFO - Processing file /home/airflow/.local/lib/python3.7/site-packages/airflow/example_dags/example_latest_only.py for tasks to queue
[2025-10-05T17:22:27.754+0000] {logging_mixin.py:137} INFO - [2025-10-05T17:22:27.754+0000] {dagbag.py:538} INFO - Filling up the DagBag from /home/airflow/.local/lib/python3.7/site-packages/airflow/example_dags/example_latest_only.py
[2025-10-05T17:22:27.774+0000] {processor.py:753} INFO - DAG(s) dict_keys(['latest_only']) retrieved from /home/airflow/.local/lib/python3.7/site-packages/airflow/example_dags/example_latest_only.py
[2025-10-05T17:22:27.809+0000] {logging_mixin.py:137} INFO - [2025-10-05T17:22:27.809+0000] {dag.py:2690} INFO - Sync 1 DAGs
[2025-10-05T17:22:27.842+0000] {logging_mixin.py:137} INFO - [2025-10-05T17:22:27.842+0000] {dag.py:3441} INFO - Setting next_dagrun for latest_only to 2025-10-05T13:22:27.841843+00:00, run_after=2025-10-05T17:22:27.841843+00:00
[2025-10-05T17:22:27.870+0000] {processor.py:175} INFO - Processing /home/airflow/.local/lib/python3.7/site-packages/airflow/example_dags/example_latest_only.py took 0.124 seconds
[2025-10-05T17:22:58.212+0000] {processor.py:153} INFO - Started process (PID=751) to work on /home/airflow/.local/lib/python3.7/site-packages/airflow/example_dags/example_latest_only.py
[2025-10-05T17:22:58.214+0000] {processor.py:743} INFO - Processing file /home/airflow/.local/lib/python3.7/site-packages/airflow/example_dags/example_latest_only.py for tasks to queue
[2025-10-05T17:22:58.215+0000] {logging_mixin.py:137} INFO - [2025-10-05T17:22:58.215+0000] {dagbag.py:538} INFO - Filling up the DagBag from /home/airflow/.local/lib/python3.7/site-packages/airflow/example_dags/example_latest_only.py
[2025-10-05T17:22:58.234+0000] {processor.py:753} INFO - DAG(s) dict_keys(['latest_only']) retrieved from /home/airflow/.local/lib/python3.7/site-packages/airflow/example_dags/example_latest_only.py
[2025-10-05T17:22:58.269+0000] {logging_mixin.py:137} INFO - [2025-10-05T17:22:58.268+0000] {dag.py:2690} INFO - Sync 1 DAGs
[2025-10-05T17:22:58.297+0000] {logging_mixin.py:137} INFO - [2025-10-05T17:22:58.297+0000] {dag.py:3441} INFO - Setting next_dagrun for latest_only to 2025-10-05T13:22:58.296870+00:00, run_after=2025-10-05T17:22:58.296870+00:00
[2025-10-05T17:22:58.325+0000] {processor.py:175} INFO - Processing /home/airflow/.local/lib/python3.7/site-packages/airflow/example_dags/example_latest_only.py took 0.118 seconds
[2025-10-05T17:23:28.705+0000] {processor.py:153} INFO - Started process (PID=856) to work on /home/airflow/.local/lib/python3.7/site-packages/airflow/example_dags/example_latest_only.py
[2025-10-05T17:23:28.707+0000] {processor.py:743} INFO - Processing file /home/airflow/.local/lib/python3.7/site-packages/airflow/example_dags/example_latest_only.py for tasks to queue
[2025-10-05T17:23:28.708+0000] {logging_mixin.py:137} INFO - [2025-10-05T17:23:28.708+0000] {dagbag.py:538} INFO - Filling up the DagBag from /home/airflow/.local/lib/python3.7/site-packages/airflow/example_dags/example_latest_only.py
[2025-10-05T17:23:28.724+0000] {processor.py:753} INFO - DAG(s) dict_keys(['latest_only']) retrieved from /home/airflow/.local/lib/python3.7/site-packages/airflow/example_dags/example_latest_only.py
[2025-10-05T17:23:28.758+0000] {logging_mixin.py:137} INFO - [2025-10-05T17:23:28.758+0000] {dag.py:2690} INFO - Sync 1 DAGs
[2025-10-05T17:23:28.787+0000] {logging_mixin.py:137} INFO - [2025-10-05T17:23:28.787+0000] {dag.py:3441} INFO - Setting next_dagrun for latest_only to 2025-10-05T13:23:28.786903+00:00, run_after=2025-10-05T17:23:28.786903+00:00
[2025-10-05T17:23:28.814+0000] {processor.py:175} INFO - Processing /home/airflow/.local/lib/python3.7/site-packages/airflow/example_dags/example_latest_only.py took 0.114 seconds
[2025-10-05T17:23:59.709+0000] {processor.py:153} INFO - Started process (PID=945) to work on /home/airflow/.local/lib/python3.7/site-packages/airflow/example_dags/example_latest_only.py
[2025-10-05T17:23:59.710+0000] {processor.py:743} INFO - Processing file /home/airflow/.local/lib/python3.7/site-packages/airflow/example_dags/example_latest_only.py for tasks to queue
[2025-10-05T17:23:59.712+0000] {logging_mixin.py:137} INFO - [2025-10-05T17:23:59.711+0000] {dagbag.py:538} INFO - Filling up the DagBag from /home/airflow/.local/lib/python3.7/site-packages/airflow/example_dags/example_latest_only.py
[2025-10-05T17:23:59.727+0000] {processor.py:753} INFO - DAG(s) dict_keys(['latest_only']) retrieved from /home/airflow/.local/lib/python3.7/site-packages/airflow/example_dags/example_latest_only.py
[2025-10-05T17:23:59.760+0000] {logging_mixin.py:137} INFO - [2025-10-05T17:23:59.760+0000] {dag.py:2690} INFO - Sync 1 DAGs
[2025-10-05T17:23:59.788+0000] {logging_mixin.py:137} INFO - [2025-10-05T17:23:59.787+0000] {dag.py:3441} INFO - Setting next_dagrun for latest_only to 2025-10-05T13:23:59.787539+00:00, run_after=2025-10-05T17:23:59.787539+00:00
[2025-10-05T17:23:59.811+0000] {processor.py:175} INFO - Processing /home/airflow/.local/lib/python3.7/site-packages/airflow/example_dags/example_latest_only.py took 0.106 seconds
[2025-10-05T17:24:30.509+0000] {processor.py:153} INFO - Started process (PID=1058) to work on /home/airflow/.local/lib/python3.7/site-packages/airflow/example_dags/example_latest_only.py
[2025-10-05T17:24:30.511+0000] {processor.py:743} INFO - Processing file /home/airflow/.local/lib/python3.7/site-packages/airflow/example_dags/example_latest_only.py for tasks to queue
[2025-10-05T17:24:30.512+0000] {logging_mixin.py:137} INFO - [2025-10-05T17:24:30.512+0000] {dagbag.py:538} INFO - Filling up the DagBag from /home/airflow/.local/lib/python3.7/site-packages/airflow/example_dags/example_latest_only.py
[2025-10-05T17:24:30.530+0000] {processor.py:753} INFO - DAG(s) dict_keys(['latest_only']) retrieved from /home/airflow/.local/lib/python3.7/site-packages/airflow/example_dags/example_latest_only.py
[2025-10-05T17:24:30.564+0000] {logging_mixin.py:137} INFO - [2025-10-05T17:24:30.563+0000] {dag.py:2690} INFO - Sync 1 DAGs
[2025-10-05T17:24:30.593+0000] {logging_mixin.py:137} INFO - [2025-10-05T17:24:30.593+0000] {dag.py:3441} INFO - Setting next_dagrun for latest_only to 2025-10-05T13:24:30.593373+00:00, run_after=2025-10-05T17:24:30.593373+00:00
[2025-10-05T17:24:30.618+0000] {processor.py:175} INFO - Processing /home/airflow/.local/lib/python3.7/site-packages/airflow/example_dags/example_latest_only.py took 0.114 seconds
[2025-10-05T17:25:00.699+0000] {processor.py:153} INFO - Started process (PID=1147) to work on /home/airflow/.local/lib/python3.7/site-packages/airflow/example_dags/example_latest_only.py
[2025-10-05T17:25:00.700+0000] {processor.py:743} INFO - Processing file /home/airflow/.local/lib/python3.7/site-packages/airflow/example_dags/example_latest_only.py for tasks to queue
[2025-10-05T17:25:00.701+0000] {logging_mixin.py:137} INFO - [2025-10-05T17:25:00.701+0000] {dagbag.py:538} INFO - Filling up the DagBag from /home/airflow/.local/lib/python3.7/site-packages/airflow/example_dags/example_latest_only.py
[2025-10-05T17:25:00.717+0000] {processor.py:753} INFO - DAG(s) dict_keys(['latest_only']) retrieved from /home/airflow/.local/lib/python3.7/site-packages/airflow/example_dags/example_latest_only.py
[2025-10-05T17:25:00.750+0000] {logging_mixin.py:137} INFO - [2025-10-05T17:25:00.750+0000] {dag.py:2690} INFO - Sync 1 DAGs
[2025-10-05T17:25:00.782+0000] {logging_mixin.py:137} INFO - [2025-10-05T17:25:00.782+0000] {dag.py:3441} INFO - Setting next_dagrun for latest_only to 2025-10-05T13:25:00.782032+00:00, run_after=2025-10-05T17:25:00.782032+00:00
[2025-10-05T17:25:00.808+0000] {processor.py:175} INFO - Processing /home/airflow/.local/lib/python3.7/site-packages/airflow/example_dags/example_latest_only.py took 0.113 seconds
[2025-10-05T17:25:31.767+0000] {processor.py:153} INFO - Started process (PID=1260) to work on /home/airflow/.local/lib/python3.7/site-packages/airflow/example_dags/example_latest_only.py
[2025-10-05T17:25:31.768+0000] {processor.py:743} INFO - Processing file /home/airflow/.local/lib/python3.7/site-packages/airflow/example_dags/example_latest_only.py for tasks to queue
[2025-10-05T17:25:31.770+0000] {logging_mixin.py:137} INFO - [2025-10-05T17:25:31.770+0000] {dagbag.py:538} INFO - Filling up the DagBag from /home/airflow/.local/lib/python3.7/site-packages/airflow/example_dags/example_latest_only.py
[2025-10-05T17:25:31.788+0000] {processor.py:753} INFO - DAG(s) dict_keys(['latest_only']) retrieved from /home/airflow/.local/lib/python3.7/site-packages/airflow/example_dags/example_latest_only.py
[2025-10-05T17:25:31.824+0000] {logging_mixin.py:137} INFO - [2025-10-05T17:25:31.823+0000] {dag.py:2690} INFO - Sync 1 DAGs
[2025-10-05T17:25:31.852+0000] {logging_mixin.py:137} INFO - [2025-10-05T17:25:31.852+0000] {dag.py:3441} INFO - Setting next_dagrun for latest_only to 2025-10-05T13:25:31.852075+00:00, run_after=2025-10-05T17:25:31.852075+00:00
[2025-10-05T17:25:31.875+0000] {processor.py:175} INFO - Processing /home/airflow/.local/lib/python3.7/site-packages/airflow/example_dags/example_latest_only.py took 0.113 seconds
[2025-10-05T17:26:02.544+0000] {processor.py:153} INFO - Started process (PID=1349) to work on /home/airflow/.local/lib/python3.7/site-packages/airflow/example_dags/example_latest_only.py
[2025-10-05T17:26:02.546+0000] {processor.py:743} INFO - Processing file /home/airflow/.local/lib/python3.7/site-packages/airflow/example_dags/example_latest_only.py for tasks to queue
[2025-10-05T17:26:02.547+0000] {logging_mixin.py:137} INFO - [2025-10-05T17:26:02.547+0000] {dagbag.py:538} INFO - Filling up the DagBag from /home/airflow/.local/lib/python3.7/site-packages/airflow/example_dags/example_latest_only.py
[2025-10-05T17:26:02.562+0000] {processor.py:753} INFO - DAG(s) dict_keys(['latest_only']) retrieved from /home/airflow/.local/lib/python3.7/site-packages/airflow/example_dags/example_latest_only.py
[2025-10-05T17:26:02.593+0000] {logging_mixin.py:137} INFO - [2025-10-05T17:26:02.593+0000] {dag.py:2690} INFO - Sync 1 DAGs
[2025-10-05T17:26:02.621+0000] {logging_mixin.py:137} INFO - [2025-10-05T17:26:02.621+0000] {dag.py:3441} INFO - Setting next_dagrun for latest_only to 2025-10-05T13:26:02.621219+00:00, run_after=2025-10-05T17:26:02.621219+00:00
[2025-10-05T17:26:02.645+0000] {processor.py:175} INFO - Processing /home/airflow/.local/lib/python3.7/site-packages/airflow/example_dags/example_latest_only.py took 0.104 seconds
[2025-10-05T17:26:33.642+0000] {processor.py:153} INFO - Started process (PID=1447) to work on /home/airflow/.local/lib/python3.7/site-packages/airflow/example_dags/example_latest_only.py
[2025-10-05T17:26:33.644+0000] {processor.py:743} INFO - Processing file /home/airflow/.local/lib/python3.7/site-packages/airflow/example_dags/example_latest_only.py for tasks to queue
[2025-10-05T17:26:33.646+0000] {logging_mixin.py:137} INFO - [2025-10-05T17:26:33.645+0000] {dagbag.py:538} INFO - Filling up the DagBag from /home/airflow/.local/lib/python3.7/site-packages/airflow/example_dags/example_latest_only.py
[2025-10-05T17:26:33.665+0000] {processor.py:753} INFO - DAG(s) dict_keys(['latest_only']) retrieved from /home/airflow/.local/lib/python3.7/site-packages/airflow/example_dags/example_latest_only.py
[2025-10-05T17:26:33.707+0000] {logging_mixin.py:137} INFO - [2025-10-05T17:26:33.707+0000] {dag.py:2690} INFO - Sync 1 DAGs
[2025-10-05T17:26:33.744+0000] {logging_mixin.py:137} INFO - [2025-10-05T17:26:33.743+0000] {dag.py:3441} INFO - Setting next_dagrun for latest_only to 2025-10-05T13:26:33.743556+00:00, run_after=2025-10-05T17:26:33.743556+00:00
[2025-10-05T17:26:33.777+0000] {processor.py:175} INFO - Processing /home/airflow/.local/lib/python3.7/site-packages/airflow/example_dags/example_latest_only.py took 0.140 seconds
[2025-10-05T17:27:04.502+0000] {processor.py:153} INFO - Started process (PID=1551) to work on /home/airflow/.local/lib/python3.7/site-packages/airflow/example_dags/example_latest_only.py
[2025-10-05T17:27:04.504+0000] {processor.py:743} INFO - Processing file /home/airflow/.local/lib/python3.7/site-packages/airflow/example_dags/example_latest_only.py for tasks to queue
[2025-10-05T17:27:04.505+0000] {logging_mixin.py:137} INFO - [2025-10-05T17:27:04.505+0000] {dagbag.py:538} INFO - Filling up the DagBag from /home/airflow/.local/lib/python3.7/site-packages/airflow/example_dags/example_latest_only.py
[2025-10-05T17:27:04.523+0000] {processor.py:753} INFO - DAG(s) dict_keys(['latest_only']) retrieved from /home/airflow/.local/lib/python3.7/site-packages/airflow/example_dags/example_latest_only.py
[2025-10-05T17:27:04.558+0000] {logging_mixin.py:137} INFO - [2025-10-05T17:27:04.558+0000] {dag.py:2690} INFO - Sync 1 DAGs
[2025-10-05T17:27:04.588+0000] {logging_mixin.py:137} INFO - [2025-10-05T17:27:04.588+0000] {dag.py:3441} INFO - Setting next_dagrun for latest_only to 2025-10-05T13:27:04.588183+00:00, run_after=2025-10-05T17:27:04.588183+00:00
[2025-10-05T17:27:04.615+0000] {processor.py:175} INFO - Processing /home/airflow/.local/lib/python3.7/site-packages/airflow/example_dags/example_latest_only.py took 0.118 seconds
[2025-10-05T17:27:35.537+0000] {processor.py:153} INFO - Started process (PID=1640) to work on /home/airflow/.local/lib/python3.7/site-packages/airflow/example_dags/example_latest_only.py
[2025-10-05T17:27:35.539+0000] {processor.py:743} INFO - Processing file /home/airflow/.local/lib/python3.7/site-packages/airflow/example_dags/example_latest_only.py for tasks to queue
[2025-10-05T17:27:35.540+0000] {logging_mixin.py:137} INFO - [2025-10-05T17:27:35.540+0000] {dagbag.py:538} INFO - Filling up the DagBag from /home/airflow/.local/lib/python3.7/site-packages/airflow/example_dags/example_latest_only.py
[2025-10-05T17:27:35.557+0000] {processor.py:753} INFO - DAG(s) dict_keys(['latest_only']) retrieved from /home/airflow/.local/lib/python3.7/site-packages/airflow/example_dags/example_latest_only.py
[2025-10-05T17:27:35.592+0000] {logging_mixin.py:137} INFO - [2025-10-05T17:27:35.592+0000] {dag.py:2690} INFO - Sync 1 DAGs
[2025-10-05T17:27:35.623+0000] {logging_mixin.py:137} INFO - [2025-10-05T17:27:35.623+0000] {dag.py:3441} INFO - Setting next_dagrun for latest_only to 2025-10-05T13:27:35.623037+00:00, run_after=2025-10-05T17:27:35.623037+00:00
[2025-10-05T17:27:35.651+0000] {processor.py:175} INFO - Processing /home/airflow/.local/lib/python3.7/site-packages/airflow/example_dags/example_latest_only.py took 0.119 seconds
[2025-10-05T17:28:06.710+0000] {processor.py:153} INFO - Started process (PID=1754) to work on /home/airflow/.local/lib/python3.7/site-packages/airflow/example_dags/example_latest_only.py
[2025-10-05T17:28:06.712+0000] {processor.py:743} INFO - Processing file /home/airflow/.local/lib/python3.7/site-packages/airflow/example_dags/example_latest_only.py for tasks to queue
[2025-10-05T17:28:06.714+0000] {logging_mixin.py:137} INFO - [2025-10-05T17:28:06.713+0000] {dagbag.py:538} INFO - Filling up the DagBag from /home/airflow/.local/lib/python3.7/site-packages/airflow/example_dags/example_latest_only.py
[2025-10-05T17:28:06.738+0000] {processor.py:753} INFO - DAG(s) dict_keys(['latest_only']) retrieved from /home/airflow/.local/lib/python3.7/site-packages/airflow/example_dags/example_latest_only.py
[2025-10-05T17:28:06.779+0000] {logging_mixin.py:137} INFO - [2025-10-05T17:28:06.778+0000] {dag.py:2690} INFO - Sync 1 DAGs
[2025-10-05T17:28:06.820+0000] {logging_mixin.py:137} INFO - [2025-10-05T17:28:06.819+0000] {dag.py:3441} INFO - Setting next_dagrun for latest_only to 2025-10-05T13:28:06.819524+00:00, run_after=2025-10-05T17:28:06.819524+00:00
[2025-10-05T17:28:06.856+0000] {processor.py:175} INFO - Processing /home/airflow/.local/lib/python3.7/site-packages/airflow/example_dags/example_latest_only.py took 0.151 seconds
[2025-10-05T17:28:37.452+0000] {processor.py:153} INFO - Started process (PID=1843) to work on /home/airflow/.local/lib/python3.7/site-packages/airflow/example_dags/example_latest_only.py
[2025-10-05T17:28:37.454+0000] {processor.py:743} INFO - Processing file /home/airflow/.local/lib/python3.7/site-packages/airflow/example_dags/example_latest_only.py for tasks to queue
[2025-10-05T17:28:37.456+0000] {logging_mixin.py:137} INFO - [2025-10-05T17:28:37.456+0000] {dagbag.py:538} INFO - Filling up the DagBag from /home/airflow/.local/lib/python3.7/site-packages/airflow/example_dags/example_latest_only.py
[2025-10-05T17:28:37.474+0000] {processor.py:753} INFO - DAG(s) dict_keys(['latest_only']) retrieved from /home/airflow/.local/lib/python3.7/site-packages/airflow/example_dags/example_latest_only.py
[2025-10-05T17:28:37.508+0000] {logging_mixin.py:137} INFO - [2025-10-05T17:28:37.508+0000] {dag.py:2690} INFO - Sync 1 DAGs
[2025-10-05T17:28:37.538+0000] {logging_mixin.py:137} INFO - [2025-10-05T17:28:37.538+0000] {dag.py:3441} INFO - Setting next_dagrun for latest_only to 2025-10-05T13:28:37.537625+00:00, run_after=2025-10-05T17:28:37.537625+00:00
[2025-10-05T17:28:37.591+0000] {processor.py:175} INFO - Processing /home/airflow/.local/lib/python3.7/site-packages/airflow/example_dags/example_latest_only.py took 0.144 seconds
[2025-10-05T17:29:08.536+0000] {processor.py:153} INFO - Started process (PID=1932) to work on /home/airflow/.local/lib/python3.7/site-packages/airflow/example_dags/example_latest_only.py
[2025-10-05T17:29:08.537+0000] {processor.py:743} INFO - Processing file /home/airflow/.local/lib/python3.7/site-packages/airflow/example_dags/example_latest_only.py for tasks to queue
[2025-10-05T17:29:08.538+0000] {logging_mixin.py:137} INFO - [2025-10-05T17:29:08.538+0000] {dagbag.py:538} INFO - Filling up the DagBag from /home/airflow/.local/lib/python3.7/site-packages/airflow/example_dags/example_latest_only.py
[2025-10-05T17:29:08.560+0000] {processor.py:753} INFO - DAG(s) dict_keys(['latest_only']) retrieved from /home/airflow/.local/lib/python3.7/site-packages/airflow/example_dags/example_latest_only.py
[2025-10-05T17:29:08.594+0000] {logging_mixin.py:137} INFO - [2025-10-05T17:29:08.594+0000] {dag.py:2690} INFO - Sync 1 DAGs
[2025-10-05T17:29:08.624+0000] {logging_mixin.py:137} INFO - [2025-10-05T17:29:08.623+0000] {dag.py:3441} INFO - Setting next_dagrun for latest_only to 2025-10-05T13:29:08.623294+00:00, run_after=2025-10-05T17:29:08.623294+00:00
[2025-10-05T17:29:08.653+0000] {processor.py:175} INFO - Processing /home/airflow/.local/lib/python3.7/site-packages/airflow/example_dags/example_latest_only.py took 0.122 seconds
[2025-10-05T17:29:39.705+0000] {processor.py:153} INFO - Started process (PID=2045) to work on /home/airflow/.local/lib/python3.7/site-packages/airflow/example_dags/example_latest_only.py
[2025-10-05T17:29:39.707+0000] {processor.py:743} INFO - Processing file /home/airflow/.local/lib/python3.7/site-packages/airflow/example_dags/example_latest_only.py for tasks to queue
[2025-10-05T17:29:39.708+0000] {logging_mixin.py:137} INFO - [2025-10-05T17:29:39.708+0000] {dagbag.py:538} INFO - Filling up the DagBag from /home/airflow/.local/lib/python3.7/site-packages/airflow/example_dags/example_latest_only.py
[2025-10-05T17:29:39.725+0000] {processor.py:753} INFO - DAG(s) dict_keys(['latest_only']) retrieved from /home/airflow/.local/lib/python3.7/site-packages/airflow/example_dags/example_latest_only.py
[2025-10-05T17:29:39.757+0000] {logging_mixin.py:137} INFO - [2025-10-05T17:29:39.757+0000] {dag.py:2690} INFO - Sync 1 DAGs
[2025-10-05T17:29:39.787+0000] {logging_mixin.py:137} INFO - [2025-10-05T17:29:39.787+0000] {dag.py:3441} INFO - Setting next_dagrun for latest_only to 2025-10-05T13:29:39.787328+00:00, run_after=2025-10-05T17:29:39.787328+00:00
[2025-10-05T17:29:39.814+0000] {processor.py:175} INFO - Processing /home/airflow/.local/lib/python3.7/site-packages/airflow/example_dags/example_latest_only.py took 0.114 seconds
[2025-10-05T17:30:10.228+0000] {processor.py:153} INFO - Started process (PID=2135) to work on /home/airflow/.local/lib/python3.7/site-packages/airflow/example_dags/example_latest_only.py
[2025-10-05T17:30:10.230+0000] {processor.py:743} INFO - Processing file /home/airflow/.local/lib/python3.7/site-packages/airflow/example_dags/example_latest_only.py for tasks to queue
[2025-10-05T17:30:10.231+0000] {logging_mixin.py:137} INFO - [2025-10-05T17:30:10.231+0000] {dagbag.py:538} INFO - Filling up the DagBag from /home/airflow/.local/lib/python3.7/site-packages/airflow/example_dags/example_latest_only.py
[2025-10-05T17:30:10.246+0000] {processor.py:753} INFO - DAG(s) dict_keys(['latest_only']) retrieved from /home/airflow/.local/lib/python3.7/site-packages/airflow/example_dags/example_latest_only.py
[2025-10-05T17:30:10.277+0000] {logging_mixin.py:137} INFO - [2025-10-05T17:30:10.276+0000] {dag.py:2690} INFO - Sync 1 DAGs
[2025-10-05T17:30:10.306+0000] {logging_mixin.py:137} INFO - [2025-10-05T17:30:10.306+0000] {dag.py:3441} INFO - Setting next_dagrun for latest_only to 2025-10-05T13:30:10.306469+00:00, run_after=2025-10-05T17:30:10.306469+00:00
[2025-10-05T17:30:10.330+0000] {processor.py:175} INFO - Processing /home/airflow/.local/lib/python3.7/site-packages/airflow/example_dags/example_latest_only.py took 0.106 seconds
[2025-10-05T17:30:40.707+0000] {processor.py:153} INFO - Started process (PID=2249) to work on /home/airflow/.local/lib/python3.7/site-packages/airflow/example_dags/example_latest_only.py
[2025-10-05T17:30:40.709+0000] {processor.py:743} INFO - Processing file /home/airflow/.local/lib/python3.7/site-packages/airflow/example_dags/example_latest_only.py for tasks to queue
[2025-10-05T17:30:40.710+0000] {logging_mixin.py:137} INFO - [2025-10-05T17:30:40.710+0000] {dagbag.py:538} INFO - Filling up the DagBag from /home/airflow/.local/lib/python3.7/site-packages/airflow/example_dags/example_latest_only.py
[2025-10-05T17:30:40.727+0000] {processor.py:753} INFO - DAG(s) dict_keys(['latest_only']) retrieved from /home/airflow/.local/lib/python3.7/site-packages/airflow/example_dags/example_latest_only.py
[2025-10-05T17:30:40.759+0000] {logging_mixin.py:137} INFO - [2025-10-05T17:30:40.759+0000] {dag.py:2690} INFO - Sync 1 DAGs
[2025-10-05T17:30:40.786+0000] {logging_mixin.py:137} INFO - [2025-10-05T17:30:40.786+0000] {dag.py:3441} INFO - Setting next_dagrun for latest_only to 2025-10-05T13:30:40.786011+00:00, run_after=2025-10-05T17:30:40.786011+00:00
[2025-10-05T17:30:40.813+0000] {processor.py:175} INFO - Processing /home/airflow/.local/lib/python3.7/site-packages/airflow/example_dags/example_latest_only.py took 0.110 seconds
[2025-10-05T17:31:11.828+0000] {processor.py:153} INFO - Started process (PID=2338) to work on /home/airflow/.local/lib/python3.7/site-packages/airflow/example_dags/example_latest_only.py
[2025-10-05T17:31:11.829+0000] {processor.py:743} INFO - Processing file /home/airflow/.local/lib/python3.7/site-packages/airflow/example_dags/example_latest_only.py for tasks to queue
[2025-10-05T17:31:11.830+0000] {logging_mixin.py:137} INFO - [2025-10-05T17:31:11.830+0000] {dagbag.py:538} INFO - Filling up the DagBag from /home/airflow/.local/lib/python3.7/site-packages/airflow/example_dags/example_latest_only.py
[2025-10-05T17:31:11.846+0000] {processor.py:753} INFO - DAG(s) dict_keys(['latest_only']) retrieved from /home/airflow/.local/lib/python3.7/site-packages/airflow/example_dags/example_latest_only.py
[2025-10-05T17:31:11.875+0000] {logging_mixin.py:137} INFO - [2025-10-05T17:31:11.875+0000] {dag.py:2690} INFO - Sync 1 DAGs
[2025-10-05T17:31:11.903+0000] {logging_mixin.py:137} INFO - [2025-10-05T17:31:11.903+0000] {dag.py:3441} INFO - Setting next_dagrun for latest_only to 2025-10-05T13:31:11.902779+00:00, run_after=2025-10-05T17:31:11.902779+00:00
[2025-10-05T17:31:11.926+0000] {processor.py:175} INFO - Processing /home/airflow/.local/lib/python3.7/site-packages/airflow/example_dags/example_latest_only.py took 0.102 seconds
[2025-10-05T17:31:42.951+0000] {processor.py:153} INFO - Started process (PID=2452) to work on /home/airflow/.local/lib/python3.7/site-packages/airflow/example_dags/example_latest_only.py
[2025-10-05T17:31:42.953+0000] {processor.py:743} INFO - Processing file /home/airflow/.local/lib/python3.7/site-packages/airflow/example_dags/example_latest_only.py for tasks to queue
[2025-10-05T17:31:42.954+0000] {logging_mixin.py:137} INFO - [2025-10-05T17:31:42.954+0000] {dagbag.py:538} INFO - Filling up the DagBag from /home/airflow/.local/lib/python3.7/site-packages/airflow/example_dags/example_latest_only.py
[2025-10-05T17:31:42.975+0000] {processor.py:753} INFO - DAG(s) dict_keys(['latest_only']) retrieved from /home/airflow/.local/lib/python3.7/site-packages/airflow/example_dags/example_latest_only.py
[2025-10-05T17:31:43.008+0000] {logging_mixin.py:137} INFO - [2025-10-05T17:31:43.008+0000] {dag.py:2690} INFO - Sync 1 DAGs
[2025-10-05T17:31:43.040+0000] {logging_mixin.py:137} INFO - [2025-10-05T17:31:43.040+0000] {dag.py:3441} INFO - Setting next_dagrun for latest_only to 2025-10-05T13:31:43.039783+00:00, run_after=2025-10-05T17:31:43.039783+00:00
[2025-10-05T17:31:43.068+0000] {processor.py:175} INFO - Processing /home/airflow/.local/lib/python3.7/site-packages/airflow/example_dags/example_latest_only.py took 0.122 seconds
[2025-10-05T17:32:13.578+0000] {processor.py:153} INFO - Started process (PID=2541) to work on /home/airflow/.local/lib/python3.7/site-packages/airflow/example_dags/example_latest_only.py
[2025-10-05T17:32:13.579+0000] {processor.py:743} INFO - Processing file /home/airflow/.local/lib/python3.7/site-packages/airflow/example_dags/example_latest_only.py for tasks to queue
[2025-10-05T17:32:13.580+0000] {logging_mixin.py:137} INFO - [2025-10-05T17:32:13.580+0000] {dagbag.py:538} INFO - Filling up the DagBag from /home/airflow/.local/lib/python3.7/site-packages/airflow/example_dags/example_latest_only.py
[2025-10-05T17:32:13.596+0000] {processor.py:753} INFO - DAG(s) dict_keys(['latest_only']) retrieved from /home/airflow/.local/lib/python3.7/site-packages/airflow/example_dags/example_latest_only.py
[2025-10-05T17:32:13.626+0000] {logging_mixin.py:137} INFO - [2025-10-05T17:32:13.626+0000] {dag.py:2690} INFO - Sync 1 DAGs
[2025-10-05T17:32:13.655+0000] {logging_mixin.py:137} INFO - [2025-10-05T17:32:13.654+0000] {dag.py:3441} INFO - Setting next_dagrun for latest_only to 2025-10-05T13:32:13.654565+00:00, run_after=2025-10-05T17:32:13.654565+00:00
[2025-10-05T17:32:13.676+0000] {processor.py:175} INFO - Processing /home/airflow/.local/lib/python3.7/site-packages/airflow/example_dags/example_latest_only.py took 0.103 seconds
[2025-10-05T17:32:44.447+0000] {processor.py:153} INFO - Started process (PID=2654) to work on /home/airflow/.local/lib/python3.7/site-packages/airflow/example_dags/example_latest_only.py
[2025-10-05T17:32:44.448+0000] {processor.py:743} INFO - Processing file /home/airflow/.local/lib/python3.7/site-packages/airflow/example_dags/example_latest_only.py for tasks to queue
[2025-10-05T17:32:44.450+0000] {logging_mixin.py:137} INFO - [2025-10-05T17:32:44.449+0000] {dagbag.py:538} INFO - Filling up the DagBag from /home/airflow/.local/lib/python3.7/site-packages/airflow/example_dags/example_latest_only.py
[2025-10-05T17:32:44.467+0000] {processor.py:753} INFO - DAG(s) dict_keys(['latest_only']) retrieved from /home/airflow/.local/lib/python3.7/site-packages/airflow/example_dags/example_latest_only.py
[2025-10-05T17:32:44.500+0000] {logging_mixin.py:137} INFO - [2025-10-05T17:32:44.499+0000] {dag.py:2690} INFO - Sync 1 DAGs
[2025-10-05T17:32:44.527+0000] {logging_mixin.py:137} INFO - [2025-10-05T17:32:44.527+0000] {dag.py:3441} INFO - Setting next_dagrun for latest_only to 2025-10-05T13:32:44.526765+00:00, run_after=2025-10-05T17:32:44.526765+00:00
[2025-10-05T17:32:44.557+0000] {processor.py:175} INFO - Processing /home/airflow/.local/lib/python3.7/site-packages/airflow/example_dags/example_latest_only.py took 0.115 seconds
[2025-10-05T17:33:14.939+0000] {processor.py:153} INFO - Started process (PID=2743) to work on /home/airflow/.local/lib/python3.7/site-packages/airflow/example_dags/example_latest_only.py
[2025-10-05T17:33:14.941+0000] {processor.py:743} INFO - Processing file /home/airflow/.local/lib/python3.7/site-packages/airflow/example_dags/example_latest_only.py for tasks to queue
[2025-10-05T17:33:14.942+0000] {logging_mixin.py:137} INFO - [2025-10-05T17:33:14.942+0000] {dagbag.py:538} INFO - Filling up the DagBag from /home/airflow/.local/lib/python3.7/site-packages/airflow/example_dags/example_latest_only.py
[2025-10-05T17:33:14.959+0000] {processor.py:753} INFO - DAG(s) dict_keys(['latest_only']) retrieved from /home/airflow/.local/lib/python3.7/site-packages/airflow/example_dags/example_latest_only.py
[2025-10-05T17:33:14.990+0000] {logging_mixin.py:137} INFO - [2025-10-05T17:33:14.990+0000] {dag.py:2690} INFO - Sync 1 DAGs
[2025-10-05T17:33:15.018+0000] {logging_mixin.py:137} INFO - [2025-10-05T17:33:15.018+0000] {dag.py:3441} INFO - Setting next_dagrun for latest_only to 2025-10-05T13:33:15.017992+00:00, run_after=2025-10-05T17:33:15.017992+00:00
[2025-10-05T17:33:15.046+0000] {processor.py:175} INFO - Processing /home/airflow/.local/lib/python3.7/site-packages/airflow/example_dags/example_latest_only.py took 0.111 seconds
[2025-10-05T17:33:45.189+0000] {processor.py:153} INFO - Started process (PID=2831) to work on /home/airflow/.local/lib/python3.7/site-packages/airflow/example_dags/example_latest_only.py
[2025-10-05T17:33:45.190+0000] {processor.py:743} INFO - Processing file /home/airflow/.local/lib/python3.7/site-packages/airflow/example_dags/example_latest_only.py for tasks to queue
[2025-10-05T17:33:45.192+0000] {logging_mixin.py:137} INFO - [2025-10-05T17:33:45.192+0000] {dagbag.py:538} INFO - Filling up the DagBag from /home/airflow/.local/lib/python3.7/site-packages/airflow/example_dags/example_latest_only.py
[2025-10-05T17:33:45.214+0000] {processor.py:753} INFO - DAG(s) dict_keys(['latest_only']) retrieved from /home/airflow/.local/lib/python3.7/site-packages/airflow/example_dags/example_latest_only.py
[2025-10-05T17:33:45.260+0000] {logging_mixin.py:137} INFO - [2025-10-05T17:33:45.259+0000] {dag.py:2690} INFO - Sync 1 DAGs
[2025-10-05T17:33:45.295+0000] {logging_mixin.py:137} INFO - [2025-10-05T17:33:45.294+0000] {dag.py:3441} INFO - Setting next_dagrun for latest_only to 2025-10-05T13:33:45.294513+00:00, run_after=2025-10-05T17:33:45.294513+00:00
[2025-10-05T17:33:45.323+0000] {processor.py:175} INFO - Processing /home/airflow/.local/lib/python3.7/site-packages/airflow/example_dags/example_latest_only.py took 0.138 seconds
[2025-10-05T17:34:16.048+0000] {processor.py:153} INFO - Started process (PID=2944) to work on /home/airflow/.local/lib/python3.7/site-packages/airflow/example_dags/example_latest_only.py
[2025-10-05T17:34:16.049+0000] {processor.py:743} INFO - Processing file /home/airflow/.local/lib/python3.7/site-packages/airflow/example_dags/example_latest_only.py for tasks to queue
[2025-10-05T17:34:16.051+0000] {logging_mixin.py:137} INFO - [2025-10-05T17:34:16.051+0000] {dagbag.py:538} INFO - Filling up the DagBag from /home/airflow/.local/lib/python3.7/site-packages/airflow/example_dags/example_latest_only.py
[2025-10-05T17:34:16.068+0000] {processor.py:753} INFO - DAG(s) dict_keys(['latest_only']) retrieved from /home/airflow/.local/lib/python3.7/site-packages/airflow/example_dags/example_latest_only.py
[2025-10-05T17:34:16.099+0000] {logging_mixin.py:137} INFO - [2025-10-05T17:34:16.099+0000] {dag.py:2690} INFO - Sync 1 DAGs
[2025-10-05T17:34:16.126+0000] {logging_mixin.py:137} INFO - [2025-10-05T17:34:16.126+0000] {dag.py:3441} INFO - Setting next_dagrun for latest_only to 2025-10-05T13:34:16.126224+00:00, run_after=2025-10-05T17:34:16.126224+00:00
[2025-10-05T17:34:16.149+0000] {processor.py:175} INFO - Processing /home/airflow/.local/lib/python3.7/site-packages/airflow/example_dags/example_latest_only.py took 0.106 seconds
[2025-10-05T17:34:46.313+0000] {processor.py:153} INFO - Started process (PID=3033) to work on /home/airflow/.local/lib/python3.7/site-packages/airflow/example_dags/example_latest_only.py
[2025-10-05T17:34:46.315+0000] {processor.py:743} INFO - Processing file /home/airflow/.local/lib/python3.7/site-packages/airflow/example_dags/example_latest_only.py for tasks to queue
[2025-10-05T17:34:46.316+0000] {logging_mixin.py:137} INFO - [2025-10-05T17:34:46.316+0000] {dagbag.py:538} INFO - Filling up the DagBag from /home/airflow/.local/lib/python3.7/site-packages/airflow/example_dags/example_latest_only.py
[2025-10-05T17:34:46.333+0000] {processor.py:753} INFO - DAG(s) dict_keys(['latest_only']) retrieved from /home/airflow/.local/lib/python3.7/site-packages/airflow/example_dags/example_latest_only.py
[2025-10-05T17:34:46.367+0000] {logging_mixin.py:137} INFO - [2025-10-05T17:34:46.367+0000] {dag.py:2690} INFO - Sync 1 DAGs
[2025-10-05T17:34:46.396+0000] {logging_mixin.py:137} INFO - [2025-10-05T17:34:46.396+0000] {dag.py:3441} INFO - Setting next_dagrun for latest_only to 2025-10-05T13:34:46.395862+00:00, run_after=2025-10-05T17:34:46.395862+00:00
[2025-10-05T17:34:46.420+0000] {processor.py:175} INFO - Processing /home/airflow/.local/lib/python3.7/site-packages/airflow/example_dags/example_latest_only.py took 0.111 seconds
[2025-10-05T17:35:16.822+0000] {processor.py:153} INFO - Started process (PID=3122) to work on /home/airflow/.local/lib/python3.7/site-packages/airflow/example_dags/example_latest_only.py
[2025-10-05T17:35:16.823+0000] {processor.py:743} INFO - Processing file /home/airflow/.local/lib/python3.7/site-packages/airflow/example_dags/example_latest_only.py for tasks to queue
[2025-10-05T17:35:16.824+0000] {logging_mixin.py:137} INFO - [2025-10-05T17:35:16.824+0000] {dagbag.py:538} INFO - Filling up the DagBag from /home/airflow/.local/lib/python3.7/site-packages/airflow/example_dags/example_latest_only.py
[2025-10-05T17:35:16.841+0000] {processor.py:753} INFO - DAG(s) dict_keys(['latest_only']) retrieved from /home/airflow/.local/lib/python3.7/site-packages/airflow/example_dags/example_latest_only.py
[2025-10-05T17:35:16.873+0000] {logging_mixin.py:137} INFO - [2025-10-05T17:35:16.873+0000] {dag.py:2690} INFO - Sync 1 DAGs
[2025-10-05T17:35:16.902+0000] {logging_mixin.py:137} INFO - [2025-10-05T17:35:16.901+0000] {dag.py:3441} INFO - Setting next_dagrun for latest_only to 2025-10-05T13:35:16.901691+00:00, run_after=2025-10-05T17:35:16.901691+00:00
[2025-10-05T17:35:16.927+0000] {processor.py:175} INFO - Processing /home/airflow/.local/lib/python3.7/site-packages/airflow/example_dags/example_latest_only.py took 0.110 seconds
[2025-10-05T17:35:47.336+0000] {processor.py:153} INFO - Started process (PID=3235) to work on /home/airflow/.local/lib/python3.7/site-packages/airflow/example_dags/example_latest_only.py
[2025-10-05T17:35:47.337+0000] {processor.py:743} INFO - Processing file /home/airflow/.local/lib/python3.7/site-packages/airflow/example_dags/example_latest_only.py for tasks to queue
[2025-10-05T17:35:47.338+0000] {logging_mixin.py:137} INFO - [2025-10-05T17:35:47.338+0000] {dagbag.py:538} INFO - Filling up the DagBag from /home/airflow/.local/lib/python3.7/site-packages/airflow/example_dags/example_latest_only.py
[2025-10-05T17:35:47.354+0000] {processor.py:753} INFO - DAG(s) dict_keys(['latest_only']) retrieved from /home/airflow/.local/lib/python3.7/site-packages/airflow/example_dags/example_latest_only.py
[2025-10-05T17:35:47.383+0000] {logging_mixin.py:137} INFO - [2025-10-05T17:35:47.383+0000] {dag.py:2690} INFO - Sync 1 DAGs
[2025-10-05T17:35:47.412+0000] {logging_mixin.py:137} INFO - [2025-10-05T17:35:47.411+0000] {dag.py:3441} INFO - Setting next_dagrun for latest_only to 2025-10-05T13:35:47.411726+00:00, run_after=2025-10-05T17:35:47.411726+00:00
[2025-10-05T17:35:47.436+0000] {processor.py:175} INFO - Processing /home/airflow/.local/lib/python3.7/site-packages/airflow/example_dags/example_latest_only.py took 0.104 seconds
[2025-10-05T17:36:18.215+0000] {processor.py:153} INFO - Started process (PID=3324) to work on /home/airflow/.local/lib/python3.7/site-packages/airflow/example_dags/example_latest_only.py
[2025-10-05T17:36:18.216+0000] {processor.py:743} INFO - Processing file /home/airflow/.local/lib/python3.7/site-packages/airflow/example_dags/example_latest_only.py for tasks to queue
[2025-10-05T17:36:18.218+0000] {logging_mixin.py:137} INFO - [2025-10-05T17:36:18.218+0000] {dagbag.py:538} INFO - Filling up the DagBag from /home/airflow/.local/lib/python3.7/site-packages/airflow/example_dags/example_latest_only.py
[2025-10-05T17:36:18.242+0000] {processor.py:753} INFO - DAG(s) dict_keys(['latest_only']) retrieved from /home/airflow/.local/lib/python3.7/site-packages/airflow/example_dags/example_latest_only.py
[2025-10-05T17:36:18.289+0000] {logging_mixin.py:137} INFO - [2025-10-05T17:36:18.288+0000] {dag.py:2690} INFO - Sync 1 DAGs
[2025-10-05T17:36:18.321+0000] {logging_mixin.py:137} INFO - [2025-10-05T17:36:18.321+0000] {dag.py:3441} INFO - Setting next_dagrun for latest_only to 2025-10-05T13:36:18.320746+00:00, run_after=2025-10-05T17:36:18.320746+00:00
[2025-10-05T17:36:18.351+0000] {processor.py:175} INFO - Processing /home/airflow/.local/lib/python3.7/site-packages/airflow/example_dags/example_latest_only.py took 0.144 seconds
[2025-10-05T17:36:49.045+0000] {processor.py:153} INFO - Started process (PID=3438) to work on /home/airflow/.local/lib/python3.7/site-packages/airflow/example_dags/example_latest_only.py
[2025-10-05T17:36:49.046+0000] {processor.py:743} INFO - Processing file /home/airflow/.local/lib/python3.7/site-packages/airflow/example_dags/example_latest_only.py for tasks to queue
[2025-10-05T17:36:49.048+0000] {logging_mixin.py:137} INFO - [2025-10-05T17:36:49.047+0000] {dagbag.py:538} INFO - Filling up the DagBag from /home/airflow/.local/lib/python3.7/site-packages/airflow/example_dags/example_latest_only.py
[2025-10-05T17:36:49.069+0000] {processor.py:753} INFO - DAG(s) dict_keys(['latest_only']) retrieved from /home/airflow/.local/lib/python3.7/site-packages/airflow/example_dags/example_latest_only.py
[2025-10-05T17:36:49.106+0000] {logging_mixin.py:137} INFO - [2025-10-05T17:36:49.106+0000] {dag.py:2690} INFO - Sync 1 DAGs
[2025-10-05T17:36:49.145+0000] {logging_mixin.py:137} INFO - [2025-10-05T17:36:49.145+0000] {dag.py:3441} INFO - Setting next_dagrun for latest_only to 2025-10-05T13:36:49.145019+00:00, run_after=2025-10-05T17:36:49.145019+00:00
[2025-10-05T17:36:49.177+0000] {processor.py:175} INFO - Processing /home/airflow/.local/lib/python3.7/site-packages/airflow/example_dags/example_latest_only.py took 0.138 seconds
