[2025-10-05T17:19:25.743+0000] {processor.py:153} INFO - Started process (PID=83) to work on /home/airflow/.local/lib/python3.7/site-packages/airflow/example_dags/example_trigger_controller_dag.py
[2025-10-05T17:19:25.745+0000] {processor.py:743} INFO - Processing file /home/airflow/.local/lib/python3.7/site-packages/airflow/example_dags/example_trigger_controller_dag.py for tasks to queue
[2025-10-05T17:19:25.747+0000] {logging_mixin.py:137} INFO - [2025-10-05T17:19:25.747+0000] {dagbag.py:538} INFO - Filling up the DagBag from /home/airflow/.local/lib/python3.7/site-packages/airflow/example_dags/example_trigger_controller_dag.py
[2025-10-05T17:19:25.772+0000] {processor.py:753} INFO - DAG(s) dict_keys(['example_trigger_controller_dag']) retrieved from /home/airflow/.local/lib/python3.7/site-packages/airflow/example_dags/example_trigger_controller_dag.py
[2025-10-05T17:19:25.793+0000] {logging_mixin.py:137} INFO - [2025-10-05T17:19:25.793+0000] {dag.py:2690} INFO - Sync 1 DAGs
[2025-10-05T17:19:25.831+0000] {logging_mixin.py:137} INFO - [2025-10-05T17:19:25.831+0000] {dag.py:3441} INFO - Setting next_dagrun for example_trigger_controller_dag to 2021-01-01T00:00:00+00:00, run_after=2021-01-01T00:00:00+00:00
[2025-10-05T17:19:25.865+0000] {processor.py:175} INFO - Processing /home/airflow/.local/lib/python3.7/site-packages/airflow/example_dags/example_trigger_controller_dag.py took 0.131 seconds
[2025-10-05T17:19:56.526+0000] {processor.py:153} INFO - Started process (PID=172) to work on /home/airflow/.local/lib/python3.7/site-packages/airflow/example_dags/example_trigger_controller_dag.py
[2025-10-05T17:19:56.527+0000] {processor.py:743} INFO - Processing file /home/airflow/.local/lib/python3.7/site-packages/airflow/example_dags/example_trigger_controller_dag.py for tasks to queue
[2025-10-05T17:19:56.529+0000] {logging_mixin.py:137} INFO - [2025-10-05T17:19:56.528+0000] {dagbag.py:538} INFO - Filling up the DagBag from /home/airflow/.local/lib/python3.7/site-packages/airflow/example_dags/example_trigger_controller_dag.py
[2025-10-05T17:19:56.548+0000] {processor.py:753} INFO - DAG(s) dict_keys(['example_trigger_controller_dag']) retrieved from /home/airflow/.local/lib/python3.7/site-packages/airflow/example_dags/example_trigger_controller_dag.py
[2025-10-05T17:19:56.585+0000] {logging_mixin.py:137} INFO - [2025-10-05T17:19:56.585+0000] {dag.py:2690} INFO - Sync 1 DAGs
[2025-10-05T17:19:56.616+0000] {logging_mixin.py:137} INFO - [2025-10-05T17:19:56.616+0000] {dag.py:3441} INFO - Setting next_dagrun for example_trigger_controller_dag to 2021-01-01T00:00:00+00:00, run_after=2021-01-01T00:00:00+00:00
[2025-10-05T17:19:56.646+0000] {processor.py:175} INFO - Processing /home/airflow/.local/lib/python3.7/site-packages/airflow/example_dags/example_trigger_controller_dag.py took 0.125 seconds
[2025-10-05T17:20:27.440+0000] {processor.py:153} INFO - Started process (PID=285) to work on /home/airflow/.local/lib/python3.7/site-packages/airflow/example_dags/example_trigger_controller_dag.py
[2025-10-05T17:20:27.442+0000] {processor.py:743} INFO - Processing file /home/airflow/.local/lib/python3.7/site-packages/airflow/example_dags/example_trigger_controller_dag.py for tasks to queue
[2025-10-05T17:20:27.443+0000] {logging_mixin.py:137} INFO - [2025-10-05T17:20:27.442+0000] {dagbag.py:538} INFO - Filling up the DagBag from /home/airflow/.local/lib/python3.7/site-packages/airflow/example_dags/example_trigger_controller_dag.py
[2025-10-05T17:20:27.457+0000] {processor.py:753} INFO - DAG(s) dict_keys(['example_trigger_controller_dag']) retrieved from /home/airflow/.local/lib/python3.7/site-packages/airflow/example_dags/example_trigger_controller_dag.py
[2025-10-05T17:20:27.501+0000] {logging_mixin.py:137} INFO - [2025-10-05T17:20:27.501+0000] {dag.py:2690} INFO - Sync 1 DAGs
[2025-10-05T17:20:27.550+0000] {logging_mixin.py:137} INFO - [2025-10-05T17:20:27.550+0000] {dag.py:3441} INFO - Setting next_dagrun for example_trigger_controller_dag to 2021-01-01T00:00:00+00:00, run_after=2021-01-01T00:00:00+00:00
[2025-10-05T17:20:27.586+0000] {processor.py:175} INFO - Processing /home/airflow/.local/lib/python3.7/site-packages/airflow/example_dags/example_trigger_controller_dag.py took 0.151 seconds
[2025-10-05T17:20:58.361+0000] {processor.py:153} INFO - Started process (PID=374) to work on /home/airflow/.local/lib/python3.7/site-packages/airflow/example_dags/example_trigger_controller_dag.py
[2025-10-05T17:20:58.363+0000] {processor.py:743} INFO - Processing file /home/airflow/.local/lib/python3.7/site-packages/airflow/example_dags/example_trigger_controller_dag.py for tasks to queue
[2025-10-05T17:20:58.364+0000] {logging_mixin.py:137} INFO - [2025-10-05T17:20:58.364+0000] {dagbag.py:538} INFO - Filling up the DagBag from /home/airflow/.local/lib/python3.7/site-packages/airflow/example_dags/example_trigger_controller_dag.py
[2025-10-05T17:20:58.380+0000] {processor.py:753} INFO - DAG(s) dict_keys(['example_trigger_controller_dag']) retrieved from /home/airflow/.local/lib/python3.7/site-packages/airflow/example_dags/example_trigger_controller_dag.py
[2025-10-05T17:20:58.416+0000] {logging_mixin.py:137} INFO - [2025-10-05T17:20:58.415+0000] {dag.py:2690} INFO - Sync 1 DAGs
[2025-10-05T17:20:58.447+0000] {logging_mixin.py:137} INFO - [2025-10-05T17:20:58.447+0000] {dag.py:3441} INFO - Setting next_dagrun for example_trigger_controller_dag to 2021-01-01T00:00:00+00:00, run_after=2021-01-01T00:00:00+00:00
[2025-10-05T17:20:58.475+0000] {processor.py:175} INFO - Processing /home/airflow/.local/lib/python3.7/site-packages/airflow/example_dags/example_trigger_controller_dag.py took 0.120 seconds
[2025-10-05T17:21:29.600+0000] {processor.py:153} INFO - Started process (PID=472) to work on /home/airflow/.local/lib/python3.7/site-packages/airflow/example_dags/example_trigger_controller_dag.py
[2025-10-05T17:21:29.602+0000] {processor.py:743} INFO - Processing file /home/airflow/.local/lib/python3.7/site-packages/airflow/example_dags/example_trigger_controller_dag.py for tasks to queue
[2025-10-05T17:21:29.603+0000] {logging_mixin.py:137} INFO - [2025-10-05T17:21:29.603+0000] {dagbag.py:538} INFO - Filling up the DagBag from /home/airflow/.local/lib/python3.7/site-packages/airflow/example_dags/example_trigger_controller_dag.py
[2025-10-05T17:21:29.620+0000] {processor.py:753} INFO - DAG(s) dict_keys(['example_trigger_controller_dag']) retrieved from /home/airflow/.local/lib/python3.7/site-packages/airflow/example_dags/example_trigger_controller_dag.py
[2025-10-05T17:21:29.659+0000] {logging_mixin.py:137} INFO - [2025-10-05T17:21:29.659+0000] {dag.py:2690} INFO - Sync 1 DAGs
[2025-10-05T17:21:29.694+0000] {logging_mixin.py:137} INFO - [2025-10-05T17:21:29.694+0000] {dag.py:3441} INFO - Setting next_dagrun for example_trigger_controller_dag to 2021-01-01T00:00:00+00:00, run_after=2021-01-01T00:00:00+00:00
[2025-10-05T17:21:29.746+0000] {processor.py:175} INFO - Processing /home/airflow/.local/lib/python3.7/site-packages/airflow/example_dags/example_trigger_controller_dag.py took 0.151 seconds
[2025-10-05T17:21:59.925+0000] {processor.py:153} INFO - Started process (PID=576) to work on /home/airflow/.local/lib/python3.7/site-packages/airflow/example_dags/example_trigger_controller_dag.py
[2025-10-05T17:21:59.927+0000] {processor.py:743} INFO - Processing file /home/airflow/.local/lib/python3.7/site-packages/airflow/example_dags/example_trigger_controller_dag.py for tasks to queue
[2025-10-05T17:21:59.928+0000] {logging_mixin.py:137} INFO - [2025-10-05T17:21:59.928+0000] {dagbag.py:538} INFO - Filling up the DagBag from /home/airflow/.local/lib/python3.7/site-packages/airflow/example_dags/example_trigger_controller_dag.py
[2025-10-05T17:21:59.944+0000] {processor.py:753} INFO - DAG(s) dict_keys(['example_trigger_controller_dag']) retrieved from /home/airflow/.local/lib/python3.7/site-packages/airflow/example_dags/example_trigger_controller_dag.py
[2025-10-05T17:21:59.981+0000] {logging_mixin.py:137} INFO - [2025-10-05T17:21:59.981+0000] {dag.py:2690} INFO - Sync 1 DAGs
[2025-10-05T17:22:00.012+0000] {logging_mixin.py:137} INFO - [2025-10-05T17:22:00.012+0000] {dag.py:3441} INFO - Setting next_dagrun for example_trigger_controller_dag to 2021-01-01T00:00:00+00:00, run_after=2021-01-01T00:00:00+00:00
[2025-10-05T17:22:00.043+0000] {processor.py:175} INFO - Processing /home/airflow/.local/lib/python3.7/site-packages/airflow/example_dags/example_trigger_controller_dag.py took 0.123 seconds
[2025-10-05T17:22:30.211+0000] {processor.py:153} INFO - Started process (PID=663) to work on /home/airflow/.local/lib/python3.7/site-packages/airflow/example_dags/example_trigger_controller_dag.py
[2025-10-05T17:22:30.212+0000] {processor.py:743} INFO - Processing file /home/airflow/.local/lib/python3.7/site-packages/airflow/example_dags/example_trigger_controller_dag.py for tasks to queue
[2025-10-05T17:22:30.214+0000] {logging_mixin.py:137} INFO - [2025-10-05T17:22:30.214+0000] {dagbag.py:538} INFO - Filling up the DagBag from /home/airflow/.local/lib/python3.7/site-packages/airflow/example_dags/example_trigger_controller_dag.py
[2025-10-05T17:22:30.226+0000] {processor.py:753} INFO - DAG(s) dict_keys(['example_trigger_controller_dag']) retrieved from /home/airflow/.local/lib/python3.7/site-packages/airflow/example_dags/example_trigger_controller_dag.py
[2025-10-05T17:22:30.261+0000] {logging_mixin.py:137} INFO - [2025-10-05T17:22:30.260+0000] {dag.py:2690} INFO - Sync 1 DAGs
[2025-10-05T17:22:30.291+0000] {logging_mixin.py:137} INFO - [2025-10-05T17:22:30.291+0000] {dag.py:3441} INFO - Setting next_dagrun for example_trigger_controller_dag to 2021-01-01T00:00:00+00:00, run_after=2021-01-01T00:00:00+00:00
[2025-10-05T17:22:30.317+0000] {processor.py:175} INFO - Processing /home/airflow/.local/lib/python3.7/site-packages/airflow/example_dags/example_trigger_controller_dag.py took 0.111 seconds
[2025-10-05T17:23:00.504+0000] {processor.py:153} INFO - Started process (PID=776) to work on /home/airflow/.local/lib/python3.7/site-packages/airflow/example_dags/example_trigger_controller_dag.py
[2025-10-05T17:23:00.505+0000] {processor.py:743} INFO - Processing file /home/airflow/.local/lib/python3.7/site-packages/airflow/example_dags/example_trigger_controller_dag.py for tasks to queue
[2025-10-05T17:23:00.506+0000] {logging_mixin.py:137} INFO - [2025-10-05T17:23:00.506+0000] {dagbag.py:538} INFO - Filling up the DagBag from /home/airflow/.local/lib/python3.7/site-packages/airflow/example_dags/example_trigger_controller_dag.py
[2025-10-05T17:23:00.519+0000] {processor.py:753} INFO - DAG(s) dict_keys(['example_trigger_controller_dag']) retrieved from /home/airflow/.local/lib/python3.7/site-packages/airflow/example_dags/example_trigger_controller_dag.py
[2025-10-05T17:23:00.552+0000] {logging_mixin.py:137} INFO - [2025-10-05T17:23:00.552+0000] {dag.py:2690} INFO - Sync 1 DAGs
[2025-10-05T17:23:00.578+0000] {logging_mixin.py:137} INFO - [2025-10-05T17:23:00.578+0000] {dag.py:3441} INFO - Setting next_dagrun for example_trigger_controller_dag to 2021-01-01T00:00:00+00:00, run_after=2021-01-01T00:00:00+00:00
[2025-10-05T17:23:00.606+0000] {processor.py:175} INFO - Processing /home/airflow/.local/lib/python3.7/site-packages/airflow/example_dags/example_trigger_controller_dag.py took 0.106 seconds
[2025-10-05T17:23:30.675+0000] {processor.py:153} INFO - Started process (PID=866) to work on /home/airflow/.local/lib/python3.7/site-packages/airflow/example_dags/example_trigger_controller_dag.py
[2025-10-05T17:23:30.677+0000] {processor.py:743} INFO - Processing file /home/airflow/.local/lib/python3.7/site-packages/airflow/example_dags/example_trigger_controller_dag.py for tasks to queue
[2025-10-05T17:23:30.678+0000] {logging_mixin.py:137} INFO - [2025-10-05T17:23:30.678+0000] {dagbag.py:538} INFO - Filling up the DagBag from /home/airflow/.local/lib/python3.7/site-packages/airflow/example_dags/example_trigger_controller_dag.py
[2025-10-05T17:23:30.692+0000] {processor.py:753} INFO - DAG(s) dict_keys(['example_trigger_controller_dag']) retrieved from /home/airflow/.local/lib/python3.7/site-packages/airflow/example_dags/example_trigger_controller_dag.py
[2025-10-05T17:23:30.727+0000] {logging_mixin.py:137} INFO - [2025-10-05T17:23:30.727+0000] {dag.py:2690} INFO - Sync 1 DAGs
[2025-10-05T17:23:30.761+0000] {logging_mixin.py:137} INFO - [2025-10-05T17:23:30.761+0000] {dag.py:3441} INFO - Setting next_dagrun for example_trigger_controller_dag to 2021-01-01T00:00:00+00:00, run_after=2021-01-01T00:00:00+00:00
[2025-10-05T17:23:30.791+0000] {processor.py:175} INFO - Processing /home/airflow/.local/lib/python3.7/site-packages/airflow/example_dags/example_trigger_controller_dag.py took 0.120 seconds
[2025-10-05T17:24:01.682+0000] {processor.py:153} INFO - Started process (PID=964) to work on /home/airflow/.local/lib/python3.7/site-packages/airflow/example_dags/example_trigger_controller_dag.py
[2025-10-05T17:24:01.683+0000] {processor.py:743} INFO - Processing file /home/airflow/.local/lib/python3.7/site-packages/airflow/example_dags/example_trigger_controller_dag.py for tasks to queue
[2025-10-05T17:24:01.684+0000] {logging_mixin.py:137} INFO - [2025-10-05T17:24:01.684+0000] {dagbag.py:538} INFO - Filling up the DagBag from /home/airflow/.local/lib/python3.7/site-packages/airflow/example_dags/example_trigger_controller_dag.py
[2025-10-05T17:24:01.699+0000] {processor.py:753} INFO - DAG(s) dict_keys(['example_trigger_controller_dag']) retrieved from /home/airflow/.local/lib/python3.7/site-packages/airflow/example_dags/example_trigger_controller_dag.py
[2025-10-05T17:24:01.742+0000] {logging_mixin.py:137} INFO - [2025-10-05T17:24:01.742+0000] {dag.py:2690} INFO - Sync 1 DAGs
[2025-10-05T17:24:01.784+0000] {logging_mixin.py:137} INFO - [2025-10-05T17:24:01.783+0000] {dag.py:3441} INFO - Setting next_dagrun for example_trigger_controller_dag to 2021-01-01T00:00:00+00:00, run_after=2021-01-01T00:00:00+00:00
[2025-10-05T17:24:01.819+0000] {processor.py:175} INFO - Processing /home/airflow/.local/lib/python3.7/site-packages/airflow/example_dags/example_trigger_controller_dag.py took 0.142 seconds
[2025-10-05T17:24:32.551+0000] {processor.py:153} INFO - Started process (PID=1068) to work on /home/airflow/.local/lib/python3.7/site-packages/airflow/example_dags/example_trigger_controller_dag.py
[2025-10-05T17:24:32.553+0000] {processor.py:743} INFO - Processing file /home/airflow/.local/lib/python3.7/site-packages/airflow/example_dags/example_trigger_controller_dag.py for tasks to queue
[2025-10-05T17:24:32.554+0000] {logging_mixin.py:137} INFO - [2025-10-05T17:24:32.554+0000] {dagbag.py:538} INFO - Filling up the DagBag from /home/airflow/.local/lib/python3.7/site-packages/airflow/example_dags/example_trigger_controller_dag.py
[2025-10-05T17:24:32.569+0000] {processor.py:753} INFO - DAG(s) dict_keys(['example_trigger_controller_dag']) retrieved from /home/airflow/.local/lib/python3.7/site-packages/airflow/example_dags/example_trigger_controller_dag.py
[2025-10-05T17:24:32.611+0000] {logging_mixin.py:137} INFO - [2025-10-05T17:24:32.610+0000] {dag.py:2690} INFO - Sync 1 DAGs
[2025-10-05T17:24:32.649+0000] {logging_mixin.py:137} INFO - [2025-10-05T17:24:32.649+0000] {dag.py:3441} INFO - Setting next_dagrun for example_trigger_controller_dag to 2021-01-01T00:00:00+00:00, run_after=2021-01-01T00:00:00+00:00
[2025-10-05T17:24:32.680+0000] {processor.py:175} INFO - Processing /home/airflow/.local/lib/python3.7/site-packages/airflow/example_dags/example_trigger_controller_dag.py took 0.133 seconds
[2025-10-05T17:25:03.565+0000] {processor.py:153} INFO - Started process (PID=1157) to work on /home/airflow/.local/lib/python3.7/site-packages/airflow/example_dags/example_trigger_controller_dag.py
[2025-10-05T17:25:03.567+0000] {processor.py:743} INFO - Processing file /home/airflow/.local/lib/python3.7/site-packages/airflow/example_dags/example_trigger_controller_dag.py for tasks to queue
[2025-10-05T17:25:03.567+0000] {logging_mixin.py:137} INFO - [2025-10-05T17:25:03.567+0000] {dagbag.py:538} INFO - Filling up the DagBag from /home/airflow/.local/lib/python3.7/site-packages/airflow/example_dags/example_trigger_controller_dag.py
[2025-10-05T17:25:03.581+0000] {processor.py:753} INFO - DAG(s) dict_keys(['example_trigger_controller_dag']) retrieved from /home/airflow/.local/lib/python3.7/site-packages/airflow/example_dags/example_trigger_controller_dag.py
[2025-10-05T17:25:03.615+0000] {logging_mixin.py:137} INFO - [2025-10-05T17:25:03.614+0000] {dag.py:2690} INFO - Sync 1 DAGs
[2025-10-05T17:25:03.641+0000] {logging_mixin.py:137} INFO - [2025-10-05T17:25:03.641+0000] {dag.py:3441} INFO - Setting next_dagrun for example_trigger_controller_dag to 2021-01-01T00:00:00+00:00, run_after=2021-01-01T00:00:00+00:00
[2025-10-05T17:25:03.667+0000] {processor.py:175} INFO - Processing /home/airflow/.local/lib/python3.7/site-packages/airflow/example_dags/example_trigger_controller_dag.py took 0.107 seconds
[2025-10-05T17:25:33.788+0000] {processor.py:153} INFO - Started process (PID=1270) to work on /home/airflow/.local/lib/python3.7/site-packages/airflow/example_dags/example_trigger_controller_dag.py
[2025-10-05T17:25:33.789+0000] {processor.py:743} INFO - Processing file /home/airflow/.local/lib/python3.7/site-packages/airflow/example_dags/example_trigger_controller_dag.py for tasks to queue
[2025-10-05T17:25:33.791+0000] {logging_mixin.py:137} INFO - [2025-10-05T17:25:33.791+0000] {dagbag.py:538} INFO - Filling up the DagBag from /home/airflow/.local/lib/python3.7/site-packages/airflow/example_dags/example_trigger_controller_dag.py
[2025-10-05T17:25:33.809+0000] {processor.py:753} INFO - DAG(s) dict_keys(['example_trigger_controller_dag']) retrieved from /home/airflow/.local/lib/python3.7/site-packages/airflow/example_dags/example_trigger_controller_dag.py
[2025-10-05T17:25:33.848+0000] {logging_mixin.py:137} INFO - [2025-10-05T17:25:33.848+0000] {dag.py:2690} INFO - Sync 1 DAGs
[2025-10-05T17:25:33.885+0000] {logging_mixin.py:137} INFO - [2025-10-05T17:25:33.884+0000] {dag.py:3441} INFO - Setting next_dagrun for example_trigger_controller_dag to 2021-01-01T00:00:00+00:00, run_after=2021-01-01T00:00:00+00:00
[2025-10-05T17:25:33.911+0000] {processor.py:175} INFO - Processing /home/airflow/.local/lib/python3.7/site-packages/airflow/example_dags/example_trigger_controller_dag.py took 0.128 seconds
[2025-10-05T17:26:04.457+0000] {processor.py:153} INFO - Started process (PID=1359) to work on /home/airflow/.local/lib/python3.7/site-packages/airflow/example_dags/example_trigger_controller_dag.py
[2025-10-05T17:26:04.459+0000] {processor.py:743} INFO - Processing file /home/airflow/.local/lib/python3.7/site-packages/airflow/example_dags/example_trigger_controller_dag.py for tasks to queue
[2025-10-05T17:26:04.460+0000] {logging_mixin.py:137} INFO - [2025-10-05T17:26:04.460+0000] {dagbag.py:538} INFO - Filling up the DagBag from /home/airflow/.local/lib/python3.7/site-packages/airflow/example_dags/example_trigger_controller_dag.py
[2025-10-05T17:26:04.473+0000] {processor.py:753} INFO - DAG(s) dict_keys(['example_trigger_controller_dag']) retrieved from /home/airflow/.local/lib/python3.7/site-packages/airflow/example_dags/example_trigger_controller_dag.py
[2025-10-05T17:26:04.505+0000] {logging_mixin.py:137} INFO - [2025-10-05T17:26:04.504+0000] {dag.py:2690} INFO - Sync 1 DAGs
[2025-10-05T17:26:04.531+0000] {logging_mixin.py:137} INFO - [2025-10-05T17:26:04.531+0000] {dag.py:3441} INFO - Setting next_dagrun for example_trigger_controller_dag to 2021-01-01T00:00:00+00:00, run_after=2021-01-01T00:00:00+00:00
[2025-10-05T17:26:04.554+0000] {processor.py:175} INFO - Processing /home/airflow/.local/lib/python3.7/site-packages/airflow/example_dags/example_trigger_controller_dag.py took 0.101 seconds
[2025-10-05T17:26:35.058+0000] {processor.py:153} INFO - Started process (PID=1472) to work on /home/airflow/.local/lib/python3.7/site-packages/airflow/example_dags/example_trigger_controller_dag.py
[2025-10-05T17:26:35.060+0000] {processor.py:743} INFO - Processing file /home/airflow/.local/lib/python3.7/site-packages/airflow/example_dags/example_trigger_controller_dag.py for tasks to queue
[2025-10-05T17:26:35.062+0000] {logging_mixin.py:137} INFO - [2025-10-05T17:26:35.061+0000] {dagbag.py:538} INFO - Filling up the DagBag from /home/airflow/.local/lib/python3.7/site-packages/airflow/example_dags/example_trigger_controller_dag.py
[2025-10-05T17:26:35.083+0000] {processor.py:753} INFO - DAG(s) dict_keys(['example_trigger_controller_dag']) retrieved from /home/airflow/.local/lib/python3.7/site-packages/airflow/example_dags/example_trigger_controller_dag.py
[2025-10-05T17:26:35.128+0000] {logging_mixin.py:137} INFO - [2025-10-05T17:26:35.128+0000] {dag.py:2690} INFO - Sync 1 DAGs
[2025-10-05T17:26:35.172+0000] {logging_mixin.py:137} INFO - [2025-10-05T17:26:35.172+0000] {dag.py:3441} INFO - Setting next_dagrun for example_trigger_controller_dag to 2021-01-01T00:00:00+00:00, run_after=2021-01-01T00:00:00+00:00
[2025-10-05T17:26:35.208+0000] {processor.py:175} INFO - Processing /home/airflow/.local/lib/python3.7/site-packages/airflow/example_dags/example_trigger_controller_dag.py took 0.158 seconds
[2025-10-05T17:27:05.393+0000] {processor.py:153} INFO - Started process (PID=1561) to work on /home/airflow/.local/lib/python3.7/site-packages/airflow/example_dags/example_trigger_controller_dag.py
[2025-10-05T17:27:05.395+0000] {processor.py:743} INFO - Processing file /home/airflow/.local/lib/python3.7/site-packages/airflow/example_dags/example_trigger_controller_dag.py for tasks to queue
[2025-10-05T17:27:05.396+0000] {logging_mixin.py:137} INFO - [2025-10-05T17:27:05.395+0000] {dagbag.py:538} INFO - Filling up the DagBag from /home/airflow/.local/lib/python3.7/site-packages/airflow/example_dags/example_trigger_controller_dag.py
[2025-10-05T17:27:05.409+0000] {processor.py:753} INFO - DAG(s) dict_keys(['example_trigger_controller_dag']) retrieved from /home/airflow/.local/lib/python3.7/site-packages/airflow/example_dags/example_trigger_controller_dag.py
[2025-10-05T17:27:05.443+0000] {logging_mixin.py:137} INFO - [2025-10-05T17:27:05.443+0000] {dag.py:2690} INFO - Sync 1 DAGs
[2025-10-05T17:27:05.472+0000] {logging_mixin.py:137} INFO - [2025-10-05T17:27:05.472+0000] {dag.py:3441} INFO - Setting next_dagrun for example_trigger_controller_dag to 2021-01-01T00:00:00+00:00, run_after=2021-01-01T00:00:00+00:00
[2025-10-05T17:27:05.502+0000] {processor.py:175} INFO - Processing /home/airflow/.local/lib/python3.7/site-packages/airflow/example_dags/example_trigger_controller_dag.py took 0.113 seconds
[2025-10-05T17:27:36.375+0000] {processor.py:153} INFO - Started process (PID=1650) to work on /home/airflow/.local/lib/python3.7/site-packages/airflow/example_dags/example_trigger_controller_dag.py
[2025-10-05T17:27:36.376+0000] {processor.py:743} INFO - Processing file /home/airflow/.local/lib/python3.7/site-packages/airflow/example_dags/example_trigger_controller_dag.py for tasks to queue
[2025-10-05T17:27:36.378+0000] {logging_mixin.py:137} INFO - [2025-10-05T17:27:36.377+0000] {dagbag.py:538} INFO - Filling up the DagBag from /home/airflow/.local/lib/python3.7/site-packages/airflow/example_dags/example_trigger_controller_dag.py
[2025-10-05T17:27:36.392+0000] {processor.py:753} INFO - DAG(s) dict_keys(['example_trigger_controller_dag']) retrieved from /home/airflow/.local/lib/python3.7/site-packages/airflow/example_dags/example_trigger_controller_dag.py
[2025-10-05T17:27:36.427+0000] {logging_mixin.py:137} INFO - [2025-10-05T17:27:36.426+0000] {dag.py:2690} INFO - Sync 1 DAGs
[2025-10-05T17:27:36.457+0000] {logging_mixin.py:137} INFO - [2025-10-05T17:27:36.457+0000] {dag.py:3441} INFO - Setting next_dagrun for example_trigger_controller_dag to 2021-01-01T00:00:00+00:00, run_after=2021-01-01T00:00:00+00:00
[2025-10-05T17:27:36.482+0000] {processor.py:175} INFO - Processing /home/airflow/.local/lib/python3.7/site-packages/airflow/example_dags/example_trigger_controller_dag.py took 0.112 seconds
[2025-10-05T17:28:07.797+0000] {processor.py:153} INFO - Started process (PID=1764) to work on /home/airflow/.local/lib/python3.7/site-packages/airflow/example_dags/example_trigger_controller_dag.py
[2025-10-05T17:28:07.800+0000] {processor.py:743} INFO - Processing file /home/airflow/.local/lib/python3.7/site-packages/airflow/example_dags/example_trigger_controller_dag.py for tasks to queue
[2025-10-05T17:28:07.802+0000] {logging_mixin.py:137} INFO - [2025-10-05T17:28:07.802+0000] {dagbag.py:538} INFO - Filling up the DagBag from /home/airflow/.local/lib/python3.7/site-packages/airflow/example_dags/example_trigger_controller_dag.py
[2025-10-05T17:28:07.827+0000] {processor.py:753} INFO - DAG(s) dict_keys(['example_trigger_controller_dag']) retrieved from /home/airflow/.local/lib/python3.7/site-packages/airflow/example_dags/example_trigger_controller_dag.py
[2025-10-05T17:28:07.879+0000] {logging_mixin.py:137} INFO - [2025-10-05T17:28:07.879+0000] {dag.py:2690} INFO - Sync 1 DAGs
[2025-10-05T17:28:07.944+0000] {logging_mixin.py:137} INFO - [2025-10-05T17:28:07.943+0000] {dag.py:3441} INFO - Setting next_dagrun for example_trigger_controller_dag to 2021-01-01T00:00:00+00:00, run_after=2021-01-01T00:00:00+00:00
[2025-10-05T17:28:07.988+0000] {processor.py:175} INFO - Processing /home/airflow/.local/lib/python3.7/site-packages/airflow/example_dags/example_trigger_controller_dag.py took 0.197 seconds
[2025-10-05T17:28:38.437+0000] {processor.py:153} INFO - Started process (PID=1853) to work on /home/airflow/.local/lib/python3.7/site-packages/airflow/example_dags/example_trigger_controller_dag.py
[2025-10-05T17:28:38.439+0000] {processor.py:743} INFO - Processing file /home/airflow/.local/lib/python3.7/site-packages/airflow/example_dags/example_trigger_controller_dag.py for tasks to queue
[2025-10-05T17:28:38.440+0000] {logging_mixin.py:137} INFO - [2025-10-05T17:28:38.440+0000] {dagbag.py:538} INFO - Filling up the DagBag from /home/airflow/.local/lib/python3.7/site-packages/airflow/example_dags/example_trigger_controller_dag.py
[2025-10-05T17:28:38.455+0000] {processor.py:753} INFO - DAG(s) dict_keys(['example_trigger_controller_dag']) retrieved from /home/airflow/.local/lib/python3.7/site-packages/airflow/example_dags/example_trigger_controller_dag.py
[2025-10-05T17:28:38.491+0000] {logging_mixin.py:137} INFO - [2025-10-05T17:28:38.490+0000] {dag.py:2690} INFO - Sync 1 DAGs
[2025-10-05T17:28:38.522+0000] {logging_mixin.py:137} INFO - [2025-10-05T17:28:38.522+0000] {dag.py:3441} INFO - Setting next_dagrun for example_trigger_controller_dag to 2021-01-01T00:00:00+00:00, run_after=2021-01-01T00:00:00+00:00
[2025-10-05T17:28:38.552+0000] {processor.py:175} INFO - Processing /home/airflow/.local/lib/python3.7/site-packages/airflow/example_dags/example_trigger_controller_dag.py took 0.119 seconds
[2025-10-05T17:29:09.433+0000] {processor.py:153} INFO - Started process (PID=1951) to work on /home/airflow/.local/lib/python3.7/site-packages/airflow/example_dags/example_trigger_controller_dag.py
[2025-10-05T17:29:09.435+0000] {processor.py:743} INFO - Processing file /home/airflow/.local/lib/python3.7/site-packages/airflow/example_dags/example_trigger_controller_dag.py for tasks to queue
[2025-10-05T17:29:09.437+0000] {logging_mixin.py:137} INFO - [2025-10-05T17:29:09.436+0000] {dagbag.py:538} INFO - Filling up the DagBag from /home/airflow/.local/lib/python3.7/site-packages/airflow/example_dags/example_trigger_controller_dag.py
[2025-10-05T17:29:09.455+0000] {processor.py:753} INFO - DAG(s) dict_keys(['example_trigger_controller_dag']) retrieved from /home/airflow/.local/lib/python3.7/site-packages/airflow/example_dags/example_trigger_controller_dag.py
[2025-10-05T17:29:09.505+0000] {logging_mixin.py:137} INFO - [2025-10-05T17:29:09.505+0000] {dag.py:2690} INFO - Sync 1 DAGs
[2025-10-05T17:29:09.545+0000] {logging_mixin.py:137} INFO - [2025-10-05T17:29:09.545+0000] {dag.py:3441} INFO - Setting next_dagrun for example_trigger_controller_dag to 2021-01-01T00:00:00+00:00, run_after=2021-01-01T00:00:00+00:00
[2025-10-05T17:29:09.573+0000] {processor.py:175} INFO - Processing /home/airflow/.local/lib/python3.7/site-packages/airflow/example_dags/example_trigger_controller_dag.py took 0.145 seconds
[2025-10-05T17:29:40.550+0000] {processor.py:153} INFO - Started process (PID=2055) to work on /home/airflow/.local/lib/python3.7/site-packages/airflow/example_dags/example_trigger_controller_dag.py
[2025-10-05T17:29:40.552+0000] {processor.py:743} INFO - Processing file /home/airflow/.local/lib/python3.7/site-packages/airflow/example_dags/example_trigger_controller_dag.py for tasks to queue
[2025-10-05T17:29:40.553+0000] {logging_mixin.py:137} INFO - [2025-10-05T17:29:40.553+0000] {dagbag.py:538} INFO - Filling up the DagBag from /home/airflow/.local/lib/python3.7/site-packages/airflow/example_dags/example_trigger_controller_dag.py
[2025-10-05T17:29:40.566+0000] {processor.py:753} INFO - DAG(s) dict_keys(['example_trigger_controller_dag']) retrieved from /home/airflow/.local/lib/python3.7/site-packages/airflow/example_dags/example_trigger_controller_dag.py
[2025-10-05T17:29:40.597+0000] {logging_mixin.py:137} INFO - [2025-10-05T17:29:40.597+0000] {dag.py:2690} INFO - Sync 1 DAGs
[2025-10-05T17:29:40.629+0000] {logging_mixin.py:137} INFO - [2025-10-05T17:29:40.629+0000] {dag.py:3441} INFO - Setting next_dagrun for example_trigger_controller_dag to 2021-01-01T00:00:00+00:00, run_after=2021-01-01T00:00:00+00:00
[2025-10-05T17:29:40.655+0000] {processor.py:175} INFO - Processing /home/airflow/.local/lib/python3.7/site-packages/airflow/example_dags/example_trigger_controller_dag.py took 0.109 seconds
[2025-10-05T17:30:10.971+0000] {processor.py:153} INFO - Started process (PID=2145) to work on /home/airflow/.local/lib/python3.7/site-packages/airflow/example_dags/example_trigger_controller_dag.py
[2025-10-05T17:30:10.972+0000] {processor.py:743} INFO - Processing file /home/airflow/.local/lib/python3.7/site-packages/airflow/example_dags/example_trigger_controller_dag.py for tasks to queue
[2025-10-05T17:30:10.974+0000] {logging_mixin.py:137} INFO - [2025-10-05T17:30:10.973+0000] {dagbag.py:538} INFO - Filling up the DagBag from /home/airflow/.local/lib/python3.7/site-packages/airflow/example_dags/example_trigger_controller_dag.py
[2025-10-05T17:30:10.986+0000] {processor.py:753} INFO - DAG(s) dict_keys(['example_trigger_controller_dag']) retrieved from /home/airflow/.local/lib/python3.7/site-packages/airflow/example_dags/example_trigger_controller_dag.py
[2025-10-05T17:30:11.019+0000] {logging_mixin.py:137} INFO - [2025-10-05T17:30:11.019+0000] {dag.py:2690} INFO - Sync 1 DAGs
[2025-10-05T17:30:11.046+0000] {logging_mixin.py:137} INFO - [2025-10-05T17:30:11.046+0000] {dag.py:3441} INFO - Setting next_dagrun for example_trigger_controller_dag to 2021-01-01T00:00:00+00:00, run_after=2021-01-01T00:00:00+00:00
[2025-10-05T17:30:11.072+0000] {processor.py:175} INFO - Processing /home/airflow/.local/lib/python3.7/site-packages/airflow/example_dags/example_trigger_controller_dag.py took 0.105 seconds
[2025-10-05T17:30:41.536+0000] {processor.py:153} INFO - Started process (PID=2259) to work on /home/airflow/.local/lib/python3.7/site-packages/airflow/example_dags/example_trigger_controller_dag.py
[2025-10-05T17:30:41.538+0000] {processor.py:743} INFO - Processing file /home/airflow/.local/lib/python3.7/site-packages/airflow/example_dags/example_trigger_controller_dag.py for tasks to queue
[2025-10-05T17:30:41.539+0000] {logging_mixin.py:137} INFO - [2025-10-05T17:30:41.539+0000] {dagbag.py:538} INFO - Filling up the DagBag from /home/airflow/.local/lib/python3.7/site-packages/airflow/example_dags/example_trigger_controller_dag.py
[2025-10-05T17:30:41.553+0000] {processor.py:753} INFO - DAG(s) dict_keys(['example_trigger_controller_dag']) retrieved from /home/airflow/.local/lib/python3.7/site-packages/airflow/example_dags/example_trigger_controller_dag.py
[2025-10-05T17:30:41.587+0000] {logging_mixin.py:137} INFO - [2025-10-05T17:30:41.587+0000] {dag.py:2690} INFO - Sync 1 DAGs
[2025-10-05T17:30:41.616+0000] {logging_mixin.py:137} INFO - [2025-10-05T17:30:41.615+0000] {dag.py:3441} INFO - Setting next_dagrun for example_trigger_controller_dag to 2021-01-01T00:00:00+00:00, run_after=2021-01-01T00:00:00+00:00
[2025-10-05T17:30:41.643+0000] {processor.py:175} INFO - Processing /home/airflow/.local/lib/python3.7/site-packages/airflow/example_dags/example_trigger_controller_dag.py took 0.111 seconds
[2025-10-05T17:31:12.580+0000] {processor.py:153} INFO - Started process (PID=2348) to work on /home/airflow/.local/lib/python3.7/site-packages/airflow/example_dags/example_trigger_controller_dag.py
[2025-10-05T17:31:12.581+0000] {processor.py:743} INFO - Processing file /home/airflow/.local/lib/python3.7/site-packages/airflow/example_dags/example_trigger_controller_dag.py for tasks to queue
[2025-10-05T17:31:12.582+0000] {logging_mixin.py:137} INFO - [2025-10-05T17:31:12.582+0000] {dagbag.py:538} INFO - Filling up the DagBag from /home/airflow/.local/lib/python3.7/site-packages/airflow/example_dags/example_trigger_controller_dag.py
[2025-10-05T17:31:12.594+0000] {processor.py:753} INFO - DAG(s) dict_keys(['example_trigger_controller_dag']) retrieved from /home/airflow/.local/lib/python3.7/site-packages/airflow/example_dags/example_trigger_controller_dag.py
[2025-10-05T17:31:12.626+0000] {logging_mixin.py:137} INFO - [2025-10-05T17:31:12.626+0000] {dag.py:2690} INFO - Sync 1 DAGs
[2025-10-05T17:31:12.654+0000] {logging_mixin.py:137} INFO - [2025-10-05T17:31:12.653+0000] {dag.py:3441} INFO - Setting next_dagrun for example_trigger_controller_dag to 2021-01-01T00:00:00+00:00, run_after=2021-01-01T00:00:00+00:00
[2025-10-05T17:31:12.680+0000] {processor.py:175} INFO - Processing /home/airflow/.local/lib/python3.7/site-packages/airflow/example_dags/example_trigger_controller_dag.py took 0.105 seconds
[2025-10-05T17:31:43.745+0000] {processor.py:153} INFO - Started process (PID=2462) to work on /home/airflow/.local/lib/python3.7/site-packages/airflow/example_dags/example_trigger_controller_dag.py
[2025-10-05T17:31:43.747+0000] {processor.py:743} INFO - Processing file /home/airflow/.local/lib/python3.7/site-packages/airflow/example_dags/example_trigger_controller_dag.py for tasks to queue
[2025-10-05T17:31:43.748+0000] {logging_mixin.py:137} INFO - [2025-10-05T17:31:43.748+0000] {dagbag.py:538} INFO - Filling up the DagBag from /home/airflow/.local/lib/python3.7/site-packages/airflow/example_dags/example_trigger_controller_dag.py
[2025-10-05T17:31:43.761+0000] {processor.py:753} INFO - DAG(s) dict_keys(['example_trigger_controller_dag']) retrieved from /home/airflow/.local/lib/python3.7/site-packages/airflow/example_dags/example_trigger_controller_dag.py
[2025-10-05T17:31:43.794+0000] {logging_mixin.py:137} INFO - [2025-10-05T17:31:43.793+0000] {dag.py:2690} INFO - Sync 1 DAGs
[2025-10-05T17:31:43.821+0000] {logging_mixin.py:137} INFO - [2025-10-05T17:31:43.821+0000] {dag.py:3441} INFO - Setting next_dagrun for example_trigger_controller_dag to 2021-01-01T00:00:00+00:00, run_after=2021-01-01T00:00:00+00:00
[2025-10-05T17:31:43.845+0000] {processor.py:175} INFO - Processing /home/airflow/.local/lib/python3.7/site-packages/airflow/example_dags/example_trigger_controller_dag.py took 0.104 seconds
[2025-10-05T17:32:14.315+0000] {processor.py:153} INFO - Started process (PID=2551) to work on /home/airflow/.local/lib/python3.7/site-packages/airflow/example_dags/example_trigger_controller_dag.py
[2025-10-05T17:32:14.317+0000] {processor.py:743} INFO - Processing file /home/airflow/.local/lib/python3.7/site-packages/airflow/example_dags/example_trigger_controller_dag.py for tasks to queue
[2025-10-05T17:32:14.318+0000] {logging_mixin.py:137} INFO - [2025-10-05T17:32:14.318+0000] {dagbag.py:538} INFO - Filling up the DagBag from /home/airflow/.local/lib/python3.7/site-packages/airflow/example_dags/example_trigger_controller_dag.py
[2025-10-05T17:32:14.331+0000] {processor.py:753} INFO - DAG(s) dict_keys(['example_trigger_controller_dag']) retrieved from /home/airflow/.local/lib/python3.7/site-packages/airflow/example_dags/example_trigger_controller_dag.py
[2025-10-05T17:32:14.364+0000] {logging_mixin.py:137} INFO - [2025-10-05T17:32:14.364+0000] {dag.py:2690} INFO - Sync 1 DAGs
[2025-10-05T17:32:14.394+0000] {logging_mixin.py:137} INFO - [2025-10-05T17:32:14.394+0000] {dag.py:3441} INFO - Setting next_dagrun for example_trigger_controller_dag to 2021-01-01T00:00:00+00:00, run_after=2021-01-01T00:00:00+00:00
[2025-10-05T17:32:14.418+0000] {processor.py:175} INFO - Processing /home/airflow/.local/lib/python3.7/site-packages/airflow/example_dags/example_trigger_controller_dag.py took 0.107 seconds
[2025-10-05T17:32:45.268+0000] {processor.py:153} INFO - Started process (PID=2664) to work on /home/airflow/.local/lib/python3.7/site-packages/airflow/example_dags/example_trigger_controller_dag.py
[2025-10-05T17:32:45.270+0000] {processor.py:743} INFO - Processing file /home/airflow/.local/lib/python3.7/site-packages/airflow/example_dags/example_trigger_controller_dag.py for tasks to queue
[2025-10-05T17:32:45.271+0000] {logging_mixin.py:137} INFO - [2025-10-05T17:32:45.271+0000] {dagbag.py:538} INFO - Filling up the DagBag from /home/airflow/.local/lib/python3.7/site-packages/airflow/example_dags/example_trigger_controller_dag.py
[2025-10-05T17:32:45.284+0000] {processor.py:753} INFO - DAG(s) dict_keys(['example_trigger_controller_dag']) retrieved from /home/airflow/.local/lib/python3.7/site-packages/airflow/example_dags/example_trigger_controller_dag.py
[2025-10-05T17:32:45.318+0000] {logging_mixin.py:137} INFO - [2025-10-05T17:32:45.318+0000] {dag.py:2690} INFO - Sync 1 DAGs
[2025-10-05T17:32:45.345+0000] {logging_mixin.py:137} INFO - [2025-10-05T17:32:45.345+0000] {dag.py:3441} INFO - Setting next_dagrun for example_trigger_controller_dag to 2021-01-01T00:00:00+00:00, run_after=2021-01-01T00:00:00+00:00
[2025-10-05T17:32:45.373+0000] {processor.py:175} INFO - Processing /home/airflow/.local/lib/python3.7/site-packages/airflow/example_dags/example_trigger_controller_dag.py took 0.110 seconds
[2025-10-05T17:33:15.818+0000] {processor.py:153} INFO - Started process (PID=2753) to work on /home/airflow/.local/lib/python3.7/site-packages/airflow/example_dags/example_trigger_controller_dag.py
[2025-10-05T17:33:15.819+0000] {processor.py:743} INFO - Processing file /home/airflow/.local/lib/python3.7/site-packages/airflow/example_dags/example_trigger_controller_dag.py for tasks to queue
[2025-10-05T17:33:15.820+0000] {logging_mixin.py:137} INFO - [2025-10-05T17:33:15.820+0000] {dagbag.py:538} INFO - Filling up the DagBag from /home/airflow/.local/lib/python3.7/site-packages/airflow/example_dags/example_trigger_controller_dag.py
[2025-10-05T17:33:15.835+0000] {processor.py:753} INFO - DAG(s) dict_keys(['example_trigger_controller_dag']) retrieved from /home/airflow/.local/lib/python3.7/site-packages/airflow/example_dags/example_trigger_controller_dag.py
[2025-10-05T17:33:15.869+0000] {logging_mixin.py:137} INFO - [2025-10-05T17:33:15.869+0000] {dag.py:2690} INFO - Sync 1 DAGs
[2025-10-05T17:33:15.900+0000] {logging_mixin.py:137} INFO - [2025-10-05T17:33:15.900+0000] {dag.py:3441} INFO - Setting next_dagrun for example_trigger_controller_dag to 2021-01-01T00:00:00+00:00, run_after=2021-01-01T00:00:00+00:00
[2025-10-05T17:33:15.928+0000] {processor.py:175} INFO - Processing /home/airflow/.local/lib/python3.7/site-packages/airflow/example_dags/example_trigger_controller_dag.py took 0.115 seconds
[2025-10-05T17:33:46.080+0000] {processor.py:153} INFO - Started process (PID=2841) to work on /home/airflow/.local/lib/python3.7/site-packages/airflow/example_dags/example_trigger_controller_dag.py
[2025-10-05T17:33:46.082+0000] {processor.py:743} INFO - Processing file /home/airflow/.local/lib/python3.7/site-packages/airflow/example_dags/example_trigger_controller_dag.py for tasks to queue
[2025-10-05T17:33:46.083+0000] {logging_mixin.py:137} INFO - [2025-10-05T17:33:46.083+0000] {dagbag.py:538} INFO - Filling up the DagBag from /home/airflow/.local/lib/python3.7/site-packages/airflow/example_dags/example_trigger_controller_dag.py
[2025-10-05T17:33:46.096+0000] {processor.py:753} INFO - DAG(s) dict_keys(['example_trigger_controller_dag']) retrieved from /home/airflow/.local/lib/python3.7/site-packages/airflow/example_dags/example_trigger_controller_dag.py
[2025-10-05T17:33:46.130+0000] {logging_mixin.py:137} INFO - [2025-10-05T17:33:46.129+0000] {dag.py:2690} INFO - Sync 1 DAGs
[2025-10-05T17:33:46.159+0000] {logging_mixin.py:137} INFO - [2025-10-05T17:33:46.159+0000] {dag.py:3441} INFO - Setting next_dagrun for example_trigger_controller_dag to 2021-01-01T00:00:00+00:00, run_after=2021-01-01T00:00:00+00:00
[2025-10-05T17:33:46.185+0000] {processor.py:175} INFO - Processing /home/airflow/.local/lib/python3.7/site-packages/airflow/example_dags/example_trigger_controller_dag.py took 0.109 seconds
[2025-10-05T17:34:16.810+0000] {processor.py:153} INFO - Started process (PID=2954) to work on /home/airflow/.local/lib/python3.7/site-packages/airflow/example_dags/example_trigger_controller_dag.py
[2025-10-05T17:34:16.811+0000] {processor.py:743} INFO - Processing file /home/airflow/.local/lib/python3.7/site-packages/airflow/example_dags/example_trigger_controller_dag.py for tasks to queue
[2025-10-05T17:34:16.812+0000] {logging_mixin.py:137} INFO - [2025-10-05T17:34:16.812+0000] {dagbag.py:538} INFO - Filling up the DagBag from /home/airflow/.local/lib/python3.7/site-packages/airflow/example_dags/example_trigger_controller_dag.py
[2025-10-05T17:34:16.825+0000] {processor.py:753} INFO - DAG(s) dict_keys(['example_trigger_controller_dag']) retrieved from /home/airflow/.local/lib/python3.7/site-packages/airflow/example_dags/example_trigger_controller_dag.py
[2025-10-05T17:34:16.859+0000] {logging_mixin.py:137} INFO - [2025-10-05T17:34:16.859+0000] {dag.py:2690} INFO - Sync 1 DAGs
[2025-10-05T17:34:16.889+0000] {logging_mixin.py:137} INFO - [2025-10-05T17:34:16.889+0000] {dag.py:3441} INFO - Setting next_dagrun for example_trigger_controller_dag to 2021-01-01T00:00:00+00:00, run_after=2021-01-01T00:00:00+00:00
[2025-10-05T17:34:16.913+0000] {processor.py:175} INFO - Processing /home/airflow/.local/lib/python3.7/site-packages/airflow/example_dags/example_trigger_controller_dag.py took 0.108 seconds
[2025-10-05T17:34:47.160+0000] {processor.py:153} INFO - Started process (PID=3043) to work on /home/airflow/.local/lib/python3.7/site-packages/airflow/example_dags/example_trigger_controller_dag.py
[2025-10-05T17:34:47.162+0000] {processor.py:743} INFO - Processing file /home/airflow/.local/lib/python3.7/site-packages/airflow/example_dags/example_trigger_controller_dag.py for tasks to queue
[2025-10-05T17:34:47.164+0000] {logging_mixin.py:137} INFO - [2025-10-05T17:34:47.164+0000] {dagbag.py:538} INFO - Filling up the DagBag from /home/airflow/.local/lib/python3.7/site-packages/airflow/example_dags/example_trigger_controller_dag.py
[2025-10-05T17:34:47.183+0000] {processor.py:753} INFO - DAG(s) dict_keys(['example_trigger_controller_dag']) retrieved from /home/airflow/.local/lib/python3.7/site-packages/airflow/example_dags/example_trigger_controller_dag.py
[2025-10-05T17:34:47.233+0000] {logging_mixin.py:137} INFO - [2025-10-05T17:34:47.233+0000] {dag.py:2690} INFO - Sync 1 DAGs
[2025-10-05T17:34:47.278+0000] {logging_mixin.py:137} INFO - [2025-10-05T17:34:47.278+0000] {dag.py:3441} INFO - Setting next_dagrun for example_trigger_controller_dag to 2021-01-01T00:00:00+00:00, run_after=2021-01-01T00:00:00+00:00
[2025-10-05T17:34:47.321+0000] {processor.py:175} INFO - Processing /home/airflow/.local/lib/python3.7/site-packages/airflow/example_dags/example_trigger_controller_dag.py took 0.167 seconds
[2025-10-05T17:35:17.656+0000] {processor.py:153} INFO - Started process (PID=3141) to work on /home/airflow/.local/lib/python3.7/site-packages/airflow/example_dags/example_trigger_controller_dag.py
[2025-10-05T17:35:17.658+0000] {processor.py:743} INFO - Processing file /home/airflow/.local/lib/python3.7/site-packages/airflow/example_dags/example_trigger_controller_dag.py for tasks to queue
[2025-10-05T17:35:17.660+0000] {logging_mixin.py:137} INFO - [2025-10-05T17:35:17.659+0000] {dagbag.py:538} INFO - Filling up the DagBag from /home/airflow/.local/lib/python3.7/site-packages/airflow/example_dags/example_trigger_controller_dag.py
[2025-10-05T17:35:17.680+0000] {processor.py:753} INFO - DAG(s) dict_keys(['example_trigger_controller_dag']) retrieved from /home/airflow/.local/lib/python3.7/site-packages/airflow/example_dags/example_trigger_controller_dag.py
[2025-10-05T17:35:17.720+0000] {logging_mixin.py:137} INFO - [2025-10-05T17:35:17.720+0000] {dag.py:2690} INFO - Sync 1 DAGs
[2025-10-05T17:35:17.761+0000] {logging_mixin.py:137} INFO - [2025-10-05T17:35:17.760+0000] {dag.py:3441} INFO - Setting next_dagrun for example_trigger_controller_dag to 2021-01-01T00:00:00+00:00, run_after=2021-01-01T00:00:00+00:00
[2025-10-05T17:35:17.796+0000] {processor.py:175} INFO - Processing /home/airflow/.local/lib/python3.7/site-packages/airflow/example_dags/example_trigger_controller_dag.py took 0.145 seconds
[2025-10-05T17:35:48.233+0000] {processor.py:153} INFO - Started process (PID=3245) to work on /home/airflow/.local/lib/python3.7/site-packages/airflow/example_dags/example_trigger_controller_dag.py
[2025-10-05T17:35:48.235+0000] {processor.py:743} INFO - Processing file /home/airflow/.local/lib/python3.7/site-packages/airflow/example_dags/example_trigger_controller_dag.py for tasks to queue
[2025-10-05T17:35:48.236+0000] {logging_mixin.py:137} INFO - [2025-10-05T17:35:48.236+0000] {dagbag.py:538} INFO - Filling up the DagBag from /home/airflow/.local/lib/python3.7/site-packages/airflow/example_dags/example_trigger_controller_dag.py
[2025-10-05T17:35:48.267+0000] {processor.py:753} INFO - DAG(s) dict_keys(['example_trigger_controller_dag']) retrieved from /home/airflow/.local/lib/python3.7/site-packages/airflow/example_dags/example_trigger_controller_dag.py
[2025-10-05T17:35:48.332+0000] {logging_mixin.py:137} INFO - [2025-10-05T17:35:48.331+0000] {dag.py:2690} INFO - Sync 1 DAGs
[2025-10-05T17:35:48.375+0000] {logging_mixin.py:137} INFO - [2025-10-05T17:35:48.375+0000] {dag.py:3441} INFO - Setting next_dagrun for example_trigger_controller_dag to 2021-01-01T00:00:00+00:00, run_after=2021-01-01T00:00:00+00:00
[2025-10-05T17:35:48.409+0000] {processor.py:175} INFO - Processing /home/airflow/.local/lib/python3.7/site-packages/airflow/example_dags/example_trigger_controller_dag.py took 0.181 seconds
[2025-10-05T17:36:19.040+0000] {processor.py:153} INFO - Started process (PID=3334) to work on /home/airflow/.local/lib/python3.7/site-packages/airflow/example_dags/example_trigger_controller_dag.py
[2025-10-05T17:36:19.041+0000] {processor.py:743} INFO - Processing file /home/airflow/.local/lib/python3.7/site-packages/airflow/example_dags/example_trigger_controller_dag.py for tasks to queue
[2025-10-05T17:36:19.042+0000] {logging_mixin.py:137} INFO - [2025-10-05T17:36:19.042+0000] {dagbag.py:538} INFO - Filling up the DagBag from /home/airflow/.local/lib/python3.7/site-packages/airflow/example_dags/example_trigger_controller_dag.py
[2025-10-05T17:36:19.054+0000] {processor.py:753} INFO - DAG(s) dict_keys(['example_trigger_controller_dag']) retrieved from /home/airflow/.local/lib/python3.7/site-packages/airflow/example_dags/example_trigger_controller_dag.py
[2025-10-05T17:36:19.086+0000] {logging_mixin.py:137} INFO - [2025-10-05T17:36:19.086+0000] {dag.py:2690} INFO - Sync 1 DAGs
[2025-10-05T17:36:19.113+0000] {logging_mixin.py:137} INFO - [2025-10-05T17:36:19.113+0000] {dag.py:3441} INFO - Setting next_dagrun for example_trigger_controller_dag to 2021-01-01T00:00:00+00:00, run_after=2021-01-01T00:00:00+00:00
[2025-10-05T17:36:19.140+0000] {processor.py:175} INFO - Processing /home/airflow/.local/lib/python3.7/site-packages/airflow/example_dags/example_trigger_controller_dag.py took 0.104 seconds
[2025-10-05T17:36:50.258+0000] {processor.py:153} INFO - Started process (PID=3448) to work on /home/airflow/.local/lib/python3.7/site-packages/airflow/example_dags/example_trigger_controller_dag.py
[2025-10-05T17:36:50.259+0000] {processor.py:743} INFO - Processing file /home/airflow/.local/lib/python3.7/site-packages/airflow/example_dags/example_trigger_controller_dag.py for tasks to queue
[2025-10-05T17:36:50.260+0000] {logging_mixin.py:137} INFO - [2025-10-05T17:36:50.260+0000] {dagbag.py:538} INFO - Filling up the DagBag from /home/airflow/.local/lib/python3.7/site-packages/airflow/example_dags/example_trigger_controller_dag.py
[2025-10-05T17:36:50.275+0000] {processor.py:753} INFO - DAG(s) dict_keys(['example_trigger_controller_dag']) retrieved from /home/airflow/.local/lib/python3.7/site-packages/airflow/example_dags/example_trigger_controller_dag.py
[2025-10-05T17:36:50.312+0000] {logging_mixin.py:137} INFO - [2025-10-05T17:36:50.311+0000] {dag.py:2690} INFO - Sync 1 DAGs
[2025-10-05T17:36:50.346+0000] {logging_mixin.py:137} INFO - [2025-10-05T17:36:50.346+0000] {dag.py:3441} INFO - Setting next_dagrun for example_trigger_controller_dag to 2021-01-01T00:00:00+00:00, run_after=2021-01-01T00:00:00+00:00
[2025-10-05T17:36:50.373+0000] {processor.py:175} INFO - Processing /home/airflow/.local/lib/python3.7/site-packages/airflow/example_dags/example_trigger_controller_dag.py took 0.120 seconds
