[2025-10-05T17:19:26.227+0000] {processor.py:153} INFO - Started process (PID=88) to work on /home/airflow/.local/lib/python3.7/site-packages/airflow/example_dags/example_short_circuit_operator.py
[2025-10-05T17:19:26.229+0000] {processor.py:743} INFO - Processing file /home/airflow/.local/lib/python3.7/site-packages/airflow/example_dags/example_short_circuit_operator.py for tasks to queue
[2025-10-05T17:19:26.231+0000] {logging_mixin.py:137} INFO - [2025-10-05T17:19:26.231+0000] {dagbag.py:538} INFO - Filling up the DagBag from /home/airflow/.local/lib/python3.7/site-packages/airflow/example_dags/example_short_circuit_operator.py
[2025-10-05T17:19:26.262+0000] {processor.py:753} INFO - DAG(s) dict_keys(['example_short_circuit_operator']) retrieved from /home/airflow/.local/lib/python3.7/site-packages/airflow/example_dags/example_short_circuit_operator.py
[2025-10-05T17:19:26.284+0000] {logging_mixin.py:137} INFO - [2025-10-05T17:19:26.283+0000] {dag.py:2690} INFO - Sync 1 DAGs
[2025-10-05T17:19:26.318+0000] {logging_mixin.py:137} INFO - [2025-10-05T17:19:26.317+0000] {dag.py:3441} INFO - Setting next_dagrun for example_short_circuit_operator to 2025-10-04T17:19:26.317516+00:00, run_after=2025-10-05T17:19:26.317516+00:00
[2025-10-05T17:19:26.360+0000] {processor.py:175} INFO - Processing /home/airflow/.local/lib/python3.7/site-packages/airflow/example_dags/example_short_circuit_operator.py took 0.140 seconds
[2025-10-05T17:19:56.947+0000] {processor.py:153} INFO - Started process (PID=177) to work on /home/airflow/.local/lib/python3.7/site-packages/airflow/example_dags/example_short_circuit_operator.py
[2025-10-05T17:19:56.948+0000] {processor.py:743} INFO - Processing file /home/airflow/.local/lib/python3.7/site-packages/airflow/example_dags/example_short_circuit_operator.py for tasks to queue
[2025-10-05T17:19:56.950+0000] {logging_mixin.py:137} INFO - [2025-10-05T17:19:56.950+0000] {dagbag.py:538} INFO - Filling up the DagBag from /home/airflow/.local/lib/python3.7/site-packages/airflow/example_dags/example_short_circuit_operator.py
[2025-10-05T17:19:56.973+0000] {processor.py:753} INFO - DAG(s) dict_keys(['example_short_circuit_operator']) retrieved from /home/airflow/.local/lib/python3.7/site-packages/airflow/example_dags/example_short_circuit_operator.py
[2025-10-05T17:19:57.007+0000] {logging_mixin.py:137} INFO - [2025-10-05T17:19:57.007+0000] {dag.py:2690} INFO - Sync 1 DAGs
[2025-10-05T17:19:57.038+0000] {logging_mixin.py:137} INFO - [2025-10-05T17:19:57.038+0000] {dag.py:3441} INFO - Setting next_dagrun for example_short_circuit_operator to 2025-10-04T17:19:57.038207+00:00, run_after=2025-10-05T17:19:57.038207+00:00
[2025-10-05T17:19:57.068+0000] {processor.py:175} INFO - Processing /home/airflow/.local/lib/python3.7/site-packages/airflow/example_dags/example_short_circuit_operator.py took 0.125 seconds
[2025-10-05T17:20:27.920+0000] {processor.py:153} INFO - Started process (PID=290) to work on /home/airflow/.local/lib/python3.7/site-packages/airflow/example_dags/example_short_circuit_operator.py
[2025-10-05T17:20:27.922+0000] {processor.py:743} INFO - Processing file /home/airflow/.local/lib/python3.7/site-packages/airflow/example_dags/example_short_circuit_operator.py for tasks to queue
[2025-10-05T17:20:27.923+0000] {logging_mixin.py:137} INFO - [2025-10-05T17:20:27.923+0000] {dagbag.py:538} INFO - Filling up the DagBag from /home/airflow/.local/lib/python3.7/site-packages/airflow/example_dags/example_short_circuit_operator.py
[2025-10-05T17:20:27.942+0000] {processor.py:753} INFO - DAG(s) dict_keys(['example_short_circuit_operator']) retrieved from /home/airflow/.local/lib/python3.7/site-packages/airflow/example_dags/example_short_circuit_operator.py
[2025-10-05T17:20:27.972+0000] {logging_mixin.py:137} INFO - [2025-10-05T17:20:27.972+0000] {dag.py:2690} INFO - Sync 1 DAGs
[2025-10-05T17:20:28.000+0000] {logging_mixin.py:137} INFO - [2025-10-05T17:20:27.999+0000] {dag.py:3441} INFO - Setting next_dagrun for example_short_circuit_operator to 2025-10-04T17:20:27.999702+00:00, run_after=2025-10-05T17:20:27.999702+00:00
[2025-10-05T17:20:28.023+0000] {processor.py:175} INFO - Processing /home/airflow/.local/lib/python3.7/site-packages/airflow/example_dags/example_short_circuit_operator.py took 0.107 seconds
[2025-10-05T17:20:58.764+0000] {processor.py:153} INFO - Started process (PID=379) to work on /home/airflow/.local/lib/python3.7/site-packages/airflow/example_dags/example_short_circuit_operator.py
[2025-10-05T17:20:58.766+0000] {processor.py:743} INFO - Processing file /home/airflow/.local/lib/python3.7/site-packages/airflow/example_dags/example_short_circuit_operator.py for tasks to queue
[2025-10-05T17:20:58.767+0000] {logging_mixin.py:137} INFO - [2025-10-05T17:20:58.767+0000] {dagbag.py:538} INFO - Filling up the DagBag from /home/airflow/.local/lib/python3.7/site-packages/airflow/example_dags/example_short_circuit_operator.py
[2025-10-05T17:20:58.788+0000] {processor.py:753} INFO - DAG(s) dict_keys(['example_short_circuit_operator']) retrieved from /home/airflow/.local/lib/python3.7/site-packages/airflow/example_dags/example_short_circuit_operator.py
[2025-10-05T17:20:58.826+0000] {logging_mixin.py:137} INFO - [2025-10-05T17:20:58.825+0000] {dag.py:2690} INFO - Sync 1 DAGs
[2025-10-05T17:20:58.858+0000] {logging_mixin.py:137} INFO - [2025-10-05T17:20:58.858+0000] {dag.py:3441} INFO - Setting next_dagrun for example_short_circuit_operator to 2025-10-04T17:20:58.857992+00:00, run_after=2025-10-05T17:20:58.857992+00:00
[2025-10-05T17:20:58.887+0000] {processor.py:175} INFO - Processing /home/airflow/.local/lib/python3.7/site-packages/airflow/example_dags/example_short_circuit_operator.py took 0.127 seconds
[2025-10-05T17:21:30.198+0000] {processor.py:153} INFO - Started process (PID=492) to work on /home/airflow/.local/lib/python3.7/site-packages/airflow/example_dags/example_short_circuit_operator.py
[2025-10-05T17:21:30.200+0000] {processor.py:743} INFO - Processing file /home/airflow/.local/lib/python3.7/site-packages/airflow/example_dags/example_short_circuit_operator.py for tasks to queue
[2025-10-05T17:21:30.201+0000] {logging_mixin.py:137} INFO - [2025-10-05T17:21:30.201+0000] {dagbag.py:538} INFO - Filling up the DagBag from /home/airflow/.local/lib/python3.7/site-packages/airflow/example_dags/example_short_circuit_operator.py
[2025-10-05T17:21:30.226+0000] {processor.py:753} INFO - DAG(s) dict_keys(['example_short_circuit_operator']) retrieved from /home/airflow/.local/lib/python3.7/site-packages/airflow/example_dags/example_short_circuit_operator.py
[2025-10-05T17:21:30.262+0000] {logging_mixin.py:137} INFO - [2025-10-05T17:21:30.261+0000] {dag.py:2690} INFO - Sync 1 DAGs
[2025-10-05T17:21:30.292+0000] {logging_mixin.py:137} INFO - [2025-10-05T17:21:30.291+0000] {dag.py:3441} INFO - Setting next_dagrun for example_short_circuit_operator to 2025-10-04T17:21:30.291675+00:00, run_after=2025-10-05T17:21:30.291675+00:00
[2025-10-05T17:21:30.319+0000] {processor.py:175} INFO - Processing /home/airflow/.local/lib/python3.7/site-packages/airflow/example_dags/example_short_circuit_operator.py took 0.126 seconds
[2025-10-05T17:22:00.606+0000] {processor.py:153} INFO - Started process (PID=581) to work on /home/airflow/.local/lib/python3.7/site-packages/airflow/example_dags/example_short_circuit_operator.py
[2025-10-05T17:22:00.608+0000] {processor.py:743} INFO - Processing file /home/airflow/.local/lib/python3.7/site-packages/airflow/example_dags/example_short_circuit_operator.py for tasks to queue
[2025-10-05T17:22:00.609+0000] {logging_mixin.py:137} INFO - [2025-10-05T17:22:00.609+0000] {dagbag.py:538} INFO - Filling up the DagBag from /home/airflow/.local/lib/python3.7/site-packages/airflow/example_dags/example_short_circuit_operator.py
[2025-10-05T17:22:00.630+0000] {processor.py:753} INFO - DAG(s) dict_keys(['example_short_circuit_operator']) retrieved from /home/airflow/.local/lib/python3.7/site-packages/airflow/example_dags/example_short_circuit_operator.py
[2025-10-05T17:22:00.660+0000] {logging_mixin.py:137} INFO - [2025-10-05T17:22:00.660+0000] {dag.py:2690} INFO - Sync 1 DAGs
[2025-10-05T17:22:00.689+0000] {logging_mixin.py:137} INFO - [2025-10-05T17:22:00.688+0000] {dag.py:3441} INFO - Setting next_dagrun for example_short_circuit_operator to 2025-10-04T17:22:00.688659+00:00, run_after=2025-10-05T17:22:00.688659+00:00
[2025-10-05T17:22:00.715+0000] {processor.py:175} INFO - Processing /home/airflow/.local/lib/python3.7/site-packages/airflow/example_dags/example_short_circuit_operator.py took 0.114 seconds
[2025-10-05T17:22:31.038+0000] {processor.py:153} INFO - Started process (PID=670) to work on /home/airflow/.local/lib/python3.7/site-packages/airflow/example_dags/example_short_circuit_operator.py
[2025-10-05T17:22:31.039+0000] {processor.py:743} INFO - Processing file /home/airflow/.local/lib/python3.7/site-packages/airflow/example_dags/example_short_circuit_operator.py for tasks to queue
[2025-10-05T17:22:31.040+0000] {logging_mixin.py:137} INFO - [2025-10-05T17:22:31.040+0000] {dagbag.py:538} INFO - Filling up the DagBag from /home/airflow/.local/lib/python3.7/site-packages/airflow/example_dags/example_short_circuit_operator.py
[2025-10-05T17:22:31.059+0000] {processor.py:753} INFO - DAG(s) dict_keys(['example_short_circuit_operator']) retrieved from /home/airflow/.local/lib/python3.7/site-packages/airflow/example_dags/example_short_circuit_operator.py
[2025-10-05T17:22:31.090+0000] {logging_mixin.py:137} INFO - [2025-10-05T17:22:31.090+0000] {dag.py:2690} INFO - Sync 1 DAGs
[2025-10-05T17:22:31.121+0000] {logging_mixin.py:137} INFO - [2025-10-05T17:22:31.121+0000] {dag.py:3441} INFO - Setting next_dagrun for example_short_circuit_operator to 2025-10-04T17:22:31.120800+00:00, run_after=2025-10-05T17:22:31.120800+00:00
[2025-10-05T17:22:31.147+0000] {processor.py:175} INFO - Processing /home/airflow/.local/lib/python3.7/site-packages/airflow/example_dags/example_short_circuit_operator.py took 0.114 seconds
[2025-10-05T17:23:01.326+0000] {processor.py:153} INFO - Started process (PID=783) to work on /home/airflow/.local/lib/python3.7/site-packages/airflow/example_dags/example_short_circuit_operator.py
[2025-10-05T17:23:01.328+0000] {processor.py:743} INFO - Processing file /home/airflow/.local/lib/python3.7/site-packages/airflow/example_dags/example_short_circuit_operator.py for tasks to queue
[2025-10-05T17:23:01.329+0000] {logging_mixin.py:137} INFO - [2025-10-05T17:23:01.329+0000] {dagbag.py:538} INFO - Filling up the DagBag from /home/airflow/.local/lib/python3.7/site-packages/airflow/example_dags/example_short_circuit_operator.py
[2025-10-05T17:23:01.348+0000] {processor.py:753} INFO - DAG(s) dict_keys(['example_short_circuit_operator']) retrieved from /home/airflow/.local/lib/python3.7/site-packages/airflow/example_dags/example_short_circuit_operator.py
[2025-10-05T17:23:01.382+0000] {logging_mixin.py:137} INFO - [2025-10-05T17:23:01.382+0000] {dag.py:2690} INFO - Sync 1 DAGs
[2025-10-05T17:23:01.410+0000] {logging_mixin.py:137} INFO - [2025-10-05T17:23:01.410+0000] {dag.py:3441} INFO - Setting next_dagrun for example_short_circuit_operator to 2025-10-04T17:23:01.409779+00:00, run_after=2025-10-05T17:23:01.409779+00:00
[2025-10-05T17:23:01.436+0000] {processor.py:175} INFO - Processing /home/airflow/.local/lib/python3.7/site-packages/airflow/example_dags/example_short_circuit_operator.py took 0.114 seconds
[2025-10-05T17:23:31.520+0000] {processor.py:153} INFO - Started process (PID=871) to work on /home/airflow/.local/lib/python3.7/site-packages/airflow/example_dags/example_short_circuit_operator.py
[2025-10-05T17:23:31.521+0000] {processor.py:743} INFO - Processing file /home/airflow/.local/lib/python3.7/site-packages/airflow/example_dags/example_short_circuit_operator.py for tasks to queue
[2025-10-05T17:23:31.522+0000] {logging_mixin.py:137} INFO - [2025-10-05T17:23:31.522+0000] {dagbag.py:538} INFO - Filling up the DagBag from /home/airflow/.local/lib/python3.7/site-packages/airflow/example_dags/example_short_circuit_operator.py
[2025-10-05T17:23:31.541+0000] {processor.py:753} INFO - DAG(s) dict_keys(['example_short_circuit_operator']) retrieved from /home/airflow/.local/lib/python3.7/site-packages/airflow/example_dags/example_short_circuit_operator.py
[2025-10-05T17:23:31.573+0000] {logging_mixin.py:137} INFO - [2025-10-05T17:23:31.573+0000] {dag.py:2690} INFO - Sync 1 DAGs
[2025-10-05T17:23:31.600+0000] {logging_mixin.py:137} INFO - [2025-10-05T17:23:31.600+0000] {dag.py:3441} INFO - Setting next_dagrun for example_short_circuit_operator to 2025-10-04T17:23:31.600479+00:00, run_after=2025-10-05T17:23:31.600479+00:00
[2025-10-05T17:23:31.626+0000] {processor.py:175} INFO - Processing /home/airflow/.local/lib/python3.7/site-packages/airflow/example_dags/example_short_circuit_operator.py took 0.110 seconds
[2025-10-05T17:24:02.303+0000] {processor.py:153} INFO - Started process (PID=984) to work on /home/airflow/.local/lib/python3.7/site-packages/airflow/example_dags/example_short_circuit_operator.py
[2025-10-05T17:24:02.304+0000] {processor.py:743} INFO - Processing file /home/airflow/.local/lib/python3.7/site-packages/airflow/example_dags/example_short_circuit_operator.py for tasks to queue
[2025-10-05T17:24:02.306+0000] {logging_mixin.py:137} INFO - [2025-10-05T17:24:02.305+0000] {dagbag.py:538} INFO - Filling up the DagBag from /home/airflow/.local/lib/python3.7/site-packages/airflow/example_dags/example_short_circuit_operator.py
[2025-10-05T17:24:02.328+0000] {processor.py:753} INFO - DAG(s) dict_keys(['example_short_circuit_operator']) retrieved from /home/airflow/.local/lib/python3.7/site-packages/airflow/example_dags/example_short_circuit_operator.py
[2025-10-05T17:24:02.362+0000] {logging_mixin.py:137} INFO - [2025-10-05T17:24:02.361+0000] {dag.py:2690} INFO - Sync 1 DAGs
[2025-10-05T17:24:02.396+0000] {logging_mixin.py:137} INFO - [2025-10-05T17:24:02.395+0000] {dag.py:3441} INFO - Setting next_dagrun for example_short_circuit_operator to 2025-10-04T17:24:02.395442+00:00, run_after=2025-10-05T17:24:02.395442+00:00
[2025-10-05T17:24:02.427+0000] {processor.py:175} INFO - Processing /home/airflow/.local/lib/python3.7/site-packages/airflow/example_dags/example_short_circuit_operator.py took 0.129 seconds
[2025-10-05T17:24:32.945+0000] {processor.py:153} INFO - Started process (PID=1073) to work on /home/airflow/.local/lib/python3.7/site-packages/airflow/example_dags/example_short_circuit_operator.py
[2025-10-05T17:24:32.947+0000] {processor.py:743} INFO - Processing file /home/airflow/.local/lib/python3.7/site-packages/airflow/example_dags/example_short_circuit_operator.py for tasks to queue
[2025-10-05T17:24:32.948+0000] {logging_mixin.py:137} INFO - [2025-10-05T17:24:32.948+0000] {dagbag.py:538} INFO - Filling up the DagBag from /home/airflow/.local/lib/python3.7/site-packages/airflow/example_dags/example_short_circuit_operator.py
[2025-10-05T17:24:32.967+0000] {processor.py:753} INFO - DAG(s) dict_keys(['example_short_circuit_operator']) retrieved from /home/airflow/.local/lib/python3.7/site-packages/airflow/example_dags/example_short_circuit_operator.py
[2025-10-05T17:24:33.002+0000] {logging_mixin.py:137} INFO - [2025-10-05T17:24:33.002+0000] {dag.py:2690} INFO - Sync 1 DAGs
[2025-10-05T17:24:33.034+0000] {logging_mixin.py:137} INFO - [2025-10-05T17:24:33.034+0000] {dag.py:3441} INFO - Setting next_dagrun for example_short_circuit_operator to 2025-10-04T17:24:33.034034+00:00, run_after=2025-10-05T17:24:33.034034+00:00
[2025-10-05T17:24:33.063+0000] {processor.py:175} INFO - Processing /home/airflow/.local/lib/python3.7/site-packages/airflow/example_dags/example_short_circuit_operator.py took 0.121 seconds
[2025-10-05T17:25:03.905+0000] {processor.py:153} INFO - Started process (PID=1162) to work on /home/airflow/.local/lib/python3.7/site-packages/airflow/example_dags/example_short_circuit_operator.py
[2025-10-05T17:25:03.907+0000] {processor.py:743} INFO - Processing file /home/airflow/.local/lib/python3.7/site-packages/airflow/example_dags/example_short_circuit_operator.py for tasks to queue
[2025-10-05T17:25:03.908+0000] {logging_mixin.py:137} INFO - [2025-10-05T17:25:03.908+0000] {dagbag.py:538} INFO - Filling up the DagBag from /home/airflow/.local/lib/python3.7/site-packages/airflow/example_dags/example_short_circuit_operator.py
[2025-10-05T17:25:03.931+0000] {processor.py:753} INFO - DAG(s) dict_keys(['example_short_circuit_operator']) retrieved from /home/airflow/.local/lib/python3.7/site-packages/airflow/example_dags/example_short_circuit_operator.py
[2025-10-05T17:25:03.965+0000] {logging_mixin.py:137} INFO - [2025-10-05T17:25:03.965+0000] {dag.py:2690} INFO - Sync 1 DAGs
[2025-10-05T17:25:03.997+0000] {logging_mixin.py:137} INFO - [2025-10-05T17:25:03.997+0000] {dag.py:3441} INFO - Setting next_dagrun for example_short_circuit_operator to 2025-10-04T17:25:03.997218+00:00, run_after=2025-10-05T17:25:03.997218+00:00
[2025-10-05T17:25:04.028+0000] {processor.py:175} INFO - Processing /home/airflow/.local/lib/python3.7/site-packages/airflow/example_dags/example_short_circuit_operator.py took 0.126 seconds
[2025-10-05T17:25:34.164+0000] {processor.py:153} INFO - Started process (PID=1275) to work on /home/airflow/.local/lib/python3.7/site-packages/airflow/example_dags/example_short_circuit_operator.py
[2025-10-05T17:25:34.166+0000] {processor.py:743} INFO - Processing file /home/airflow/.local/lib/python3.7/site-packages/airflow/example_dags/example_short_circuit_operator.py for tasks to queue
[2025-10-05T17:25:34.167+0000] {logging_mixin.py:137} INFO - [2025-10-05T17:25:34.167+0000] {dagbag.py:538} INFO - Filling up the DagBag from /home/airflow/.local/lib/python3.7/site-packages/airflow/example_dags/example_short_circuit_operator.py
[2025-10-05T17:25:34.185+0000] {processor.py:753} INFO - DAG(s) dict_keys(['example_short_circuit_operator']) retrieved from /home/airflow/.local/lib/python3.7/site-packages/airflow/example_dags/example_short_circuit_operator.py
[2025-10-05T17:25:34.218+0000] {logging_mixin.py:137} INFO - [2025-10-05T17:25:34.218+0000] {dag.py:2690} INFO - Sync 1 DAGs
[2025-10-05T17:25:34.245+0000] {logging_mixin.py:137} INFO - [2025-10-05T17:25:34.244+0000] {dag.py:3441} INFO - Setting next_dagrun for example_short_circuit_operator to 2025-10-04T17:25:34.244614+00:00, run_after=2025-10-05T17:25:34.244614+00:00
[2025-10-05T17:25:34.270+0000] {processor.py:175} INFO - Processing /home/airflow/.local/lib/python3.7/site-packages/airflow/example_dags/example_short_circuit_operator.py took 0.110 seconds
[2025-10-05T17:26:04.792+0000] {processor.py:153} INFO - Started process (PID=1364) to work on /home/airflow/.local/lib/python3.7/site-packages/airflow/example_dags/example_short_circuit_operator.py
[2025-10-05T17:26:04.795+0000] {processor.py:743} INFO - Processing file /home/airflow/.local/lib/python3.7/site-packages/airflow/example_dags/example_short_circuit_operator.py for tasks to queue
[2025-10-05T17:26:04.796+0000] {logging_mixin.py:137} INFO - [2025-10-05T17:26:04.796+0000] {dagbag.py:538} INFO - Filling up the DagBag from /home/airflow/.local/lib/python3.7/site-packages/airflow/example_dags/example_short_circuit_operator.py
[2025-10-05T17:26:04.820+0000] {processor.py:753} INFO - DAG(s) dict_keys(['example_short_circuit_operator']) retrieved from /home/airflow/.local/lib/python3.7/site-packages/airflow/example_dags/example_short_circuit_operator.py
[2025-10-05T17:26:04.858+0000] {logging_mixin.py:137} INFO - [2025-10-05T17:26:04.858+0000] {dag.py:2690} INFO - Sync 1 DAGs
[2025-10-05T17:26:04.891+0000] {logging_mixin.py:137} INFO - [2025-10-05T17:26:04.891+0000] {dag.py:3441} INFO - Setting next_dagrun for example_short_circuit_operator to 2025-10-04T17:26:04.891316+00:00, run_after=2025-10-05T17:26:04.891316+00:00
[2025-10-05T17:26:04.916+0000] {processor.py:175} INFO - Processing /home/airflow/.local/lib/python3.7/site-packages/airflow/example_dags/example_short_circuit_operator.py took 0.130 seconds
[2025-10-05T17:26:35.739+0000] {processor.py:153} INFO - Started process (PID=1477) to work on /home/airflow/.local/lib/python3.7/site-packages/airflow/example_dags/example_short_circuit_operator.py
[2025-10-05T17:26:35.741+0000] {processor.py:743} INFO - Processing file /home/airflow/.local/lib/python3.7/site-packages/airflow/example_dags/example_short_circuit_operator.py for tasks to queue
[2025-10-05T17:26:35.743+0000] {logging_mixin.py:137} INFO - [2025-10-05T17:26:35.742+0000] {dagbag.py:538} INFO - Filling up the DagBag from /home/airflow/.local/lib/python3.7/site-packages/airflow/example_dags/example_short_circuit_operator.py
[2025-10-05T17:26:35.770+0000] {processor.py:753} INFO - DAG(s) dict_keys(['example_short_circuit_operator']) retrieved from /home/airflow/.local/lib/python3.7/site-packages/airflow/example_dags/example_short_circuit_operator.py
[2025-10-05T17:26:35.811+0000] {logging_mixin.py:137} INFO - [2025-10-05T17:26:35.811+0000] {dag.py:2690} INFO - Sync 1 DAGs
[2025-10-05T17:26:35.844+0000] {logging_mixin.py:137} INFO - [2025-10-05T17:26:35.844+0000] {dag.py:3441} INFO - Setting next_dagrun for example_short_circuit_operator to 2025-10-04T17:26:35.843606+00:00, run_after=2025-10-05T17:26:35.843606+00:00
[2025-10-05T17:26:35.874+0000] {processor.py:175} INFO - Processing /home/airflow/.local/lib/python3.7/site-packages/airflow/example_dags/example_short_circuit_operator.py took 0.141 seconds
[2025-10-05T17:27:06.858+0000] {processor.py:153} INFO - Started process (PID=1566) to work on /home/airflow/.local/lib/python3.7/site-packages/airflow/example_dags/example_short_circuit_operator.py
[2025-10-05T17:27:06.859+0000] {processor.py:743} INFO - Processing file /home/airflow/.local/lib/python3.7/site-packages/airflow/example_dags/example_short_circuit_operator.py for tasks to queue
[2025-10-05T17:27:06.860+0000] {logging_mixin.py:137} INFO - [2025-10-05T17:27:06.860+0000] {dagbag.py:538} INFO - Filling up the DagBag from /home/airflow/.local/lib/python3.7/site-packages/airflow/example_dags/example_short_circuit_operator.py
[2025-10-05T17:27:06.882+0000] {processor.py:753} INFO - DAG(s) dict_keys(['example_short_circuit_operator']) retrieved from /home/airflow/.local/lib/python3.7/site-packages/airflow/example_dags/example_short_circuit_operator.py
[2025-10-05T17:27:06.918+0000] {logging_mixin.py:137} INFO - [2025-10-05T17:27:06.917+0000] {dag.py:2690} INFO - Sync 1 DAGs
[2025-10-05T17:27:06.949+0000] {logging_mixin.py:137} INFO - [2025-10-05T17:27:06.949+0000] {dag.py:3441} INFO - Setting next_dagrun for example_short_circuit_operator to 2025-10-04T17:27:06.948998+00:00, run_after=2025-10-05T17:27:06.948998+00:00
[2025-10-05T17:27:06.980+0000] {processor.py:175} INFO - Processing /home/airflow/.local/lib/python3.7/site-packages/airflow/example_dags/example_short_circuit_operator.py took 0.126 seconds
[2025-10-05T17:27:37.880+0000] {processor.py:153} INFO - Started process (PID=1655) to work on /home/airflow/.local/lib/python3.7/site-packages/airflow/example_dags/example_short_circuit_operator.py
[2025-10-05T17:27:37.881+0000] {processor.py:743} INFO - Processing file /home/airflow/.local/lib/python3.7/site-packages/airflow/example_dags/example_short_circuit_operator.py for tasks to queue
[2025-10-05T17:27:37.882+0000] {logging_mixin.py:137} INFO - [2025-10-05T17:27:37.882+0000] {dagbag.py:538} INFO - Filling up the DagBag from /home/airflow/.local/lib/python3.7/site-packages/airflow/example_dags/example_short_circuit_operator.py
[2025-10-05T17:27:37.903+0000] {processor.py:753} INFO - DAG(s) dict_keys(['example_short_circuit_operator']) retrieved from /home/airflow/.local/lib/python3.7/site-packages/airflow/example_dags/example_short_circuit_operator.py
[2025-10-05T17:27:37.937+0000] {logging_mixin.py:137} INFO - [2025-10-05T17:27:37.937+0000] {dag.py:2690} INFO - Sync 1 DAGs
[2025-10-05T17:27:37.966+0000] {logging_mixin.py:137} INFO - [2025-10-05T17:27:37.966+0000] {dag.py:3441} INFO - Setting next_dagrun for example_short_circuit_operator to 2025-10-04T17:27:37.966247+00:00, run_after=2025-10-05T17:27:37.966247+00:00
[2025-10-05T17:27:37.998+0000] {processor.py:175} INFO - Processing /home/airflow/.local/lib/python3.7/site-packages/airflow/example_dags/example_short_circuit_operator.py took 0.122 seconds
[2025-10-05T17:28:08.467+0000] {processor.py:153} INFO - Started process (PID=1769) to work on /home/airflow/.local/lib/python3.7/site-packages/airflow/example_dags/example_short_circuit_operator.py
[2025-10-05T17:28:08.470+0000] {processor.py:743} INFO - Processing file /home/airflow/.local/lib/python3.7/site-packages/airflow/example_dags/example_short_circuit_operator.py for tasks to queue
[2025-10-05T17:28:08.472+0000] {logging_mixin.py:137} INFO - [2025-10-05T17:28:08.471+0000] {dagbag.py:538} INFO - Filling up the DagBag from /home/airflow/.local/lib/python3.7/site-packages/airflow/example_dags/example_short_circuit_operator.py
[2025-10-05T17:28:08.499+0000] {processor.py:753} INFO - DAG(s) dict_keys(['example_short_circuit_operator']) retrieved from /home/airflow/.local/lib/python3.7/site-packages/airflow/example_dags/example_short_circuit_operator.py
[2025-10-05T17:28:08.543+0000] {logging_mixin.py:137} INFO - [2025-10-05T17:28:08.543+0000] {dag.py:2690} INFO - Sync 1 DAGs
[2025-10-05T17:28:08.583+0000] {logging_mixin.py:137} INFO - [2025-10-05T17:28:08.583+0000] {dag.py:3441} INFO - Setting next_dagrun for example_short_circuit_operator to 2025-10-04T17:28:08.583237+00:00, run_after=2025-10-05T17:28:08.583237+00:00
[2025-10-05T17:28:08.620+0000] {processor.py:175} INFO - Processing /home/airflow/.local/lib/python3.7/site-packages/airflow/example_dags/example_short_circuit_operator.py took 0.158 seconds
[2025-10-05T17:28:38.960+0000] {processor.py:153} INFO - Started process (PID=1858) to work on /home/airflow/.local/lib/python3.7/site-packages/airflow/example_dags/example_short_circuit_operator.py
[2025-10-05T17:28:38.962+0000] {processor.py:743} INFO - Processing file /home/airflow/.local/lib/python3.7/site-packages/airflow/example_dags/example_short_circuit_operator.py for tasks to queue
[2025-10-05T17:28:38.963+0000] {logging_mixin.py:137} INFO - [2025-10-05T17:28:38.963+0000] {dagbag.py:538} INFO - Filling up the DagBag from /home/airflow/.local/lib/python3.7/site-packages/airflow/example_dags/example_short_circuit_operator.py
[2025-10-05T17:28:38.993+0000] {processor.py:753} INFO - DAG(s) dict_keys(['example_short_circuit_operator']) retrieved from /home/airflow/.local/lib/python3.7/site-packages/airflow/example_dags/example_short_circuit_operator.py
[2025-10-05T17:28:39.049+0000] {logging_mixin.py:137} INFO - [2025-10-05T17:28:39.049+0000] {dag.py:2690} INFO - Sync 1 DAGs
[2025-10-05T17:28:39.079+0000] {logging_mixin.py:137} INFO - [2025-10-05T17:28:39.079+0000] {dag.py:3441} INFO - Setting next_dagrun for example_short_circuit_operator to 2025-10-04T17:28:39.078968+00:00, run_after=2025-10-05T17:28:39.078968+00:00
[2025-10-05T17:28:39.106+0000] {processor.py:175} INFO - Processing /home/airflow/.local/lib/python3.7/site-packages/airflow/example_dags/example_short_circuit_operator.py took 0.151 seconds
[2025-10-05T17:29:10.038+0000] {processor.py:153} INFO - Started process (PID=1971) to work on /home/airflow/.local/lib/python3.7/site-packages/airflow/example_dags/example_short_circuit_operator.py
[2025-10-05T17:29:10.040+0000] {processor.py:743} INFO - Processing file /home/airflow/.local/lib/python3.7/site-packages/airflow/example_dags/example_short_circuit_operator.py for tasks to queue
[2025-10-05T17:29:10.041+0000] {logging_mixin.py:137} INFO - [2025-10-05T17:29:10.041+0000] {dagbag.py:538} INFO - Filling up the DagBag from /home/airflow/.local/lib/python3.7/site-packages/airflow/example_dags/example_short_circuit_operator.py
[2025-10-05T17:29:10.068+0000] {processor.py:753} INFO - DAG(s) dict_keys(['example_short_circuit_operator']) retrieved from /home/airflow/.local/lib/python3.7/site-packages/airflow/example_dags/example_short_circuit_operator.py
[2025-10-05T17:29:10.110+0000] {logging_mixin.py:137} INFO - [2025-10-05T17:29:10.109+0000] {dag.py:2690} INFO - Sync 1 DAGs
[2025-10-05T17:29:10.145+0000] {logging_mixin.py:137} INFO - [2025-10-05T17:29:10.144+0000] {dag.py:3441} INFO - Setting next_dagrun for example_short_circuit_operator to 2025-10-04T17:29:10.144559+00:00, run_after=2025-10-05T17:29:10.144559+00:00
[2025-10-05T17:29:10.179+0000] {processor.py:175} INFO - Processing /home/airflow/.local/lib/python3.7/site-packages/airflow/example_dags/example_short_circuit_operator.py took 0.145 seconds
[2025-10-05T17:29:41.037+0000] {processor.py:153} INFO - Started process (PID=2060) to work on /home/airflow/.local/lib/python3.7/site-packages/airflow/example_dags/example_short_circuit_operator.py
[2025-10-05T17:29:41.038+0000] {processor.py:743} INFO - Processing file /home/airflow/.local/lib/python3.7/site-packages/airflow/example_dags/example_short_circuit_operator.py for tasks to queue
[2025-10-05T17:29:41.039+0000] {logging_mixin.py:137} INFO - [2025-10-05T17:29:41.039+0000] {dagbag.py:538} INFO - Filling up the DagBag from /home/airflow/.local/lib/python3.7/site-packages/airflow/example_dags/example_short_circuit_operator.py
[2025-10-05T17:29:41.059+0000] {processor.py:753} INFO - DAG(s) dict_keys(['example_short_circuit_operator']) retrieved from /home/airflow/.local/lib/python3.7/site-packages/airflow/example_dags/example_short_circuit_operator.py
[2025-10-05T17:29:41.090+0000] {logging_mixin.py:137} INFO - [2025-10-05T17:29:41.089+0000] {dag.py:2690} INFO - Sync 1 DAGs
[2025-10-05T17:29:41.118+0000] {logging_mixin.py:137} INFO - [2025-10-05T17:29:41.118+0000] {dag.py:3441} INFO - Setting next_dagrun for example_short_circuit_operator to 2025-10-04T17:29:41.117918+00:00, run_after=2025-10-05T17:29:41.117918+00:00
[2025-10-05T17:29:41.142+0000] {processor.py:175} INFO - Processing /home/airflow/.local/lib/python3.7/site-packages/airflow/example_dags/example_short_circuit_operator.py took 0.109 seconds
[2025-10-05T17:30:11.427+0000] {processor.py:153} INFO - Started process (PID=2157) to work on /home/airflow/.local/lib/python3.7/site-packages/airflow/example_dags/example_short_circuit_operator.py
[2025-10-05T17:30:11.428+0000] {processor.py:743} INFO - Processing file /home/airflow/.local/lib/python3.7/site-packages/airflow/example_dags/example_short_circuit_operator.py for tasks to queue
[2025-10-05T17:30:11.430+0000] {logging_mixin.py:137} INFO - [2025-10-05T17:30:11.429+0000] {dagbag.py:538} INFO - Filling up the DagBag from /home/airflow/.local/lib/python3.7/site-packages/airflow/example_dags/example_short_circuit_operator.py
[2025-10-05T17:30:11.450+0000] {processor.py:753} INFO - DAG(s) dict_keys(['example_short_circuit_operator']) retrieved from /home/airflow/.local/lib/python3.7/site-packages/airflow/example_dags/example_short_circuit_operator.py
[2025-10-05T17:30:11.484+0000] {logging_mixin.py:137} INFO - [2025-10-05T17:30:11.484+0000] {dag.py:2690} INFO - Sync 1 DAGs
[2025-10-05T17:30:11.516+0000] {logging_mixin.py:137} INFO - [2025-10-05T17:30:11.516+0000] {dag.py:3441} INFO - Setting next_dagrun for example_short_circuit_operator to 2025-10-04T17:30:11.515600+00:00, run_after=2025-10-05T17:30:11.515600+00:00
[2025-10-05T17:30:11.547+0000] {processor.py:175} INFO - Processing /home/airflow/.local/lib/python3.7/site-packages/airflow/example_dags/example_short_circuit_operator.py took 0.126 seconds
[2025-10-05T17:30:41.956+0000] {processor.py:153} INFO - Started process (PID=2264) to work on /home/airflow/.local/lib/python3.7/site-packages/airflow/example_dags/example_short_circuit_operator.py
[2025-10-05T17:30:41.957+0000] {processor.py:743} INFO - Processing file /home/airflow/.local/lib/python3.7/site-packages/airflow/example_dags/example_short_circuit_operator.py for tasks to queue
[2025-10-05T17:30:41.958+0000] {logging_mixin.py:137} INFO - [2025-10-05T17:30:41.958+0000] {dagbag.py:538} INFO - Filling up the DagBag from /home/airflow/.local/lib/python3.7/site-packages/airflow/example_dags/example_short_circuit_operator.py
[2025-10-05T17:30:41.978+0000] {processor.py:753} INFO - DAG(s) dict_keys(['example_short_circuit_operator']) retrieved from /home/airflow/.local/lib/python3.7/site-packages/airflow/example_dags/example_short_circuit_operator.py
[2025-10-05T17:30:42.008+0000] {logging_mixin.py:137} INFO - [2025-10-05T17:30:42.008+0000] {dag.py:2690} INFO - Sync 1 DAGs
[2025-10-05T17:30:42.037+0000] {logging_mixin.py:137} INFO - [2025-10-05T17:30:42.037+0000] {dag.py:3441} INFO - Setting next_dagrun for example_short_circuit_operator to 2025-10-04T17:30:42.036841+00:00, run_after=2025-10-05T17:30:42.036841+00:00
[2025-10-05T17:30:42.060+0000] {processor.py:175} INFO - Processing /home/airflow/.local/lib/python3.7/site-packages/airflow/example_dags/example_short_circuit_operator.py took 0.108 seconds
[2025-10-05T17:31:12.982+0000] {processor.py:153} INFO - Started process (PID=2353) to work on /home/airflow/.local/lib/python3.7/site-packages/airflow/example_dags/example_short_circuit_operator.py
[2025-10-05T17:31:12.984+0000] {processor.py:743} INFO - Processing file /home/airflow/.local/lib/python3.7/site-packages/airflow/example_dags/example_short_circuit_operator.py for tasks to queue
[2025-10-05T17:31:12.985+0000] {logging_mixin.py:137} INFO - [2025-10-05T17:31:12.985+0000] {dagbag.py:538} INFO - Filling up the DagBag from /home/airflow/.local/lib/python3.7/site-packages/airflow/example_dags/example_short_circuit_operator.py
[2025-10-05T17:31:13.005+0000] {processor.py:753} INFO - DAG(s) dict_keys(['example_short_circuit_operator']) retrieved from /home/airflow/.local/lib/python3.7/site-packages/airflow/example_dags/example_short_circuit_operator.py
[2025-10-05T17:31:13.036+0000] {logging_mixin.py:137} INFO - [2025-10-05T17:31:13.036+0000] {dag.py:2690} INFO - Sync 1 DAGs
[2025-10-05T17:31:13.064+0000] {logging_mixin.py:137} INFO - [2025-10-05T17:31:13.064+0000] {dag.py:3441} INFO - Setting next_dagrun for example_short_circuit_operator to 2025-10-04T17:31:13.063724+00:00, run_after=2025-10-05T17:31:13.063724+00:00
[2025-10-05T17:31:13.091+0000] {processor.py:175} INFO - Processing /home/airflow/.local/lib/python3.7/site-packages/airflow/example_dags/example_short_circuit_operator.py took 0.114 seconds
[2025-10-05T17:31:44.156+0000] {processor.py:153} INFO - Started process (PID=2467) to work on /home/airflow/.local/lib/python3.7/site-packages/airflow/example_dags/example_short_circuit_operator.py
[2025-10-05T17:31:44.158+0000] {processor.py:743} INFO - Processing file /home/airflow/.local/lib/python3.7/site-packages/airflow/example_dags/example_short_circuit_operator.py for tasks to queue
[2025-10-05T17:31:44.159+0000] {logging_mixin.py:137} INFO - [2025-10-05T17:31:44.159+0000] {dagbag.py:538} INFO - Filling up the DagBag from /home/airflow/.local/lib/python3.7/site-packages/airflow/example_dags/example_short_circuit_operator.py
[2025-10-05T17:31:44.177+0000] {processor.py:753} INFO - DAG(s) dict_keys(['example_short_circuit_operator']) retrieved from /home/airflow/.local/lib/python3.7/site-packages/airflow/example_dags/example_short_circuit_operator.py
[2025-10-05T17:31:44.207+0000] {logging_mixin.py:137} INFO - [2025-10-05T17:31:44.207+0000] {dag.py:2690} INFO - Sync 1 DAGs
[2025-10-05T17:31:44.235+0000] {logging_mixin.py:137} INFO - [2025-10-05T17:31:44.234+0000] {dag.py:3441} INFO - Setting next_dagrun for example_short_circuit_operator to 2025-10-04T17:31:44.234688+00:00, run_after=2025-10-05T17:31:44.234688+00:00
[2025-10-05T17:31:44.261+0000] {processor.py:175} INFO - Processing /home/airflow/.local/lib/python3.7/site-packages/airflow/example_dags/example_short_circuit_operator.py took 0.109 seconds
[2025-10-05T17:32:14.718+0000] {processor.py:153} INFO - Started process (PID=2556) to work on /home/airflow/.local/lib/python3.7/site-packages/airflow/example_dags/example_short_circuit_operator.py
[2025-10-05T17:32:14.720+0000] {processor.py:743} INFO - Processing file /home/airflow/.local/lib/python3.7/site-packages/airflow/example_dags/example_short_circuit_operator.py for tasks to queue
[2025-10-05T17:32:14.721+0000] {logging_mixin.py:137} INFO - [2025-10-05T17:32:14.721+0000] {dagbag.py:538} INFO - Filling up the DagBag from /home/airflow/.local/lib/python3.7/site-packages/airflow/example_dags/example_short_circuit_operator.py
[2025-10-05T17:32:14.739+0000] {processor.py:753} INFO - DAG(s) dict_keys(['example_short_circuit_operator']) retrieved from /home/airflow/.local/lib/python3.7/site-packages/airflow/example_dags/example_short_circuit_operator.py
[2025-10-05T17:32:14.768+0000] {logging_mixin.py:137} INFO - [2025-10-05T17:32:14.768+0000] {dag.py:2690} INFO - Sync 1 DAGs
[2025-10-05T17:32:14.794+0000] {logging_mixin.py:137} INFO - [2025-10-05T17:32:14.794+0000] {dag.py:3441} INFO - Setting next_dagrun for example_short_circuit_operator to 2025-10-04T17:32:14.794090+00:00, run_after=2025-10-05T17:32:14.794090+00:00
[2025-10-05T17:32:14.817+0000] {processor.py:175} INFO - Processing /home/airflow/.local/lib/python3.7/site-packages/airflow/example_dags/example_short_circuit_operator.py took 0.104 seconds
[2025-10-05T17:32:45.689+0000] {processor.py:153} INFO - Started process (PID=2669) to work on /home/airflow/.local/lib/python3.7/site-packages/airflow/example_dags/example_short_circuit_operator.py
[2025-10-05T17:32:45.691+0000] {processor.py:743} INFO - Processing file /home/airflow/.local/lib/python3.7/site-packages/airflow/example_dags/example_short_circuit_operator.py for tasks to queue
[2025-10-05T17:32:45.692+0000] {logging_mixin.py:137} INFO - [2025-10-05T17:32:45.692+0000] {dagbag.py:538} INFO - Filling up the DagBag from /home/airflow/.local/lib/python3.7/site-packages/airflow/example_dags/example_short_circuit_operator.py
[2025-10-05T17:32:45.710+0000] {processor.py:753} INFO - DAG(s) dict_keys(['example_short_circuit_operator']) retrieved from /home/airflow/.local/lib/python3.7/site-packages/airflow/example_dags/example_short_circuit_operator.py
[2025-10-05T17:32:45.740+0000] {logging_mixin.py:137} INFO - [2025-10-05T17:32:45.740+0000] {dag.py:2690} INFO - Sync 1 DAGs
[2025-10-05T17:32:45.766+0000] {logging_mixin.py:137} INFO - [2025-10-05T17:32:45.766+0000] {dag.py:3441} INFO - Setting next_dagrun for example_short_circuit_operator to 2025-10-04T17:32:45.765961+00:00, run_after=2025-10-05T17:32:45.765961+00:00
[2025-10-05T17:32:45.788+0000] {processor.py:175} INFO - Processing /home/airflow/.local/lib/python3.7/site-packages/airflow/example_dags/example_short_circuit_operator.py took 0.102 seconds
[2025-10-05T17:33:16.259+0000] {processor.py:153} INFO - Started process (PID=2758) to work on /home/airflow/.local/lib/python3.7/site-packages/airflow/example_dags/example_short_circuit_operator.py
[2025-10-05T17:33:16.260+0000] {processor.py:743} INFO - Processing file /home/airflow/.local/lib/python3.7/site-packages/airflow/example_dags/example_short_circuit_operator.py for tasks to queue
[2025-10-05T17:33:16.262+0000] {logging_mixin.py:137} INFO - [2025-10-05T17:33:16.261+0000] {dagbag.py:538} INFO - Filling up the DagBag from /home/airflow/.local/lib/python3.7/site-packages/airflow/example_dags/example_short_circuit_operator.py
[2025-10-05T17:33:16.282+0000] {processor.py:753} INFO - DAG(s) dict_keys(['example_short_circuit_operator']) retrieved from /home/airflow/.local/lib/python3.7/site-packages/airflow/example_dags/example_short_circuit_operator.py
[2025-10-05T17:33:16.311+0000] {logging_mixin.py:137} INFO - [2025-10-05T17:33:16.311+0000] {dag.py:2690} INFO - Sync 1 DAGs
[2025-10-05T17:33:16.341+0000] {logging_mixin.py:137} INFO - [2025-10-05T17:33:16.341+0000] {dag.py:3441} INFO - Setting next_dagrun for example_short_circuit_operator to 2025-10-04T17:33:16.340820+00:00, run_after=2025-10-05T17:33:16.340820+00:00
[2025-10-05T17:33:16.367+0000] {processor.py:175} INFO - Processing /home/airflow/.local/lib/python3.7/site-packages/airflow/example_dags/example_short_circuit_operator.py took 0.112 seconds
[2025-10-05T17:33:46.568+0000] {processor.py:153} INFO - Started process (PID=2846) to work on /home/airflow/.local/lib/python3.7/site-packages/airflow/example_dags/example_short_circuit_operator.py
[2025-10-05T17:33:46.569+0000] {processor.py:743} INFO - Processing file /home/airflow/.local/lib/python3.7/site-packages/airflow/example_dags/example_short_circuit_operator.py for tasks to queue
[2025-10-05T17:33:46.570+0000] {logging_mixin.py:137} INFO - [2025-10-05T17:33:46.570+0000] {dagbag.py:538} INFO - Filling up the DagBag from /home/airflow/.local/lib/python3.7/site-packages/airflow/example_dags/example_short_circuit_operator.py
[2025-10-05T17:33:46.590+0000] {processor.py:753} INFO - DAG(s) dict_keys(['example_short_circuit_operator']) retrieved from /home/airflow/.local/lib/python3.7/site-packages/airflow/example_dags/example_short_circuit_operator.py
[2025-10-05T17:33:46.623+0000] {logging_mixin.py:137} INFO - [2025-10-05T17:33:46.622+0000] {dag.py:2690} INFO - Sync 1 DAGs
[2025-10-05T17:33:46.650+0000] {logging_mixin.py:137} INFO - [2025-10-05T17:33:46.649+0000] {dag.py:3441} INFO - Setting next_dagrun for example_short_circuit_operator to 2025-10-04T17:33:46.649631+00:00, run_after=2025-10-05T17:33:46.649631+00:00
[2025-10-05T17:33:46.675+0000] {processor.py:175} INFO - Processing /home/airflow/.local/lib/python3.7/site-packages/airflow/example_dags/example_short_circuit_operator.py took 0.111 seconds
[2025-10-05T17:34:17.225+0000] {processor.py:153} INFO - Started process (PID=2959) to work on /home/airflow/.local/lib/python3.7/site-packages/airflow/example_dags/example_short_circuit_operator.py
[2025-10-05T17:34:17.227+0000] {processor.py:743} INFO - Processing file /home/airflow/.local/lib/python3.7/site-packages/airflow/example_dags/example_short_circuit_operator.py for tasks to queue
[2025-10-05T17:34:17.229+0000] {logging_mixin.py:137} INFO - [2025-10-05T17:34:17.228+0000] {dagbag.py:538} INFO - Filling up the DagBag from /home/airflow/.local/lib/python3.7/site-packages/airflow/example_dags/example_short_circuit_operator.py
[2025-10-05T17:34:17.248+0000] {processor.py:753} INFO - DAG(s) dict_keys(['example_short_circuit_operator']) retrieved from /home/airflow/.local/lib/python3.7/site-packages/airflow/example_dags/example_short_circuit_operator.py
[2025-10-05T17:34:17.280+0000] {logging_mixin.py:137} INFO - [2025-10-05T17:34:17.280+0000] {dag.py:2690} INFO - Sync 1 DAGs
[2025-10-05T17:34:17.310+0000] {logging_mixin.py:137} INFO - [2025-10-05T17:34:17.309+0000] {dag.py:3441} INFO - Setting next_dagrun for example_short_circuit_operator to 2025-10-04T17:34:17.309576+00:00, run_after=2025-10-05T17:34:17.309576+00:00
[2025-10-05T17:34:17.334+0000] {processor.py:175} INFO - Processing /home/airflow/.local/lib/python3.7/site-packages/airflow/example_dags/example_short_circuit_operator.py took 0.113 seconds
[2025-10-05T17:34:47.686+0000] {processor.py:153} INFO - Started process (PID=3048) to work on /home/airflow/.local/lib/python3.7/site-packages/airflow/example_dags/example_short_circuit_operator.py
[2025-10-05T17:34:47.688+0000] {processor.py:743} INFO - Processing file /home/airflow/.local/lib/python3.7/site-packages/airflow/example_dags/example_short_circuit_operator.py for tasks to queue
[2025-10-05T17:34:47.689+0000] {logging_mixin.py:137} INFO - [2025-10-05T17:34:47.689+0000] {dagbag.py:538} INFO - Filling up the DagBag from /home/airflow/.local/lib/python3.7/site-packages/airflow/example_dags/example_short_circuit_operator.py
[2025-10-05T17:34:47.711+0000] {processor.py:753} INFO - DAG(s) dict_keys(['example_short_circuit_operator']) retrieved from /home/airflow/.local/lib/python3.7/site-packages/airflow/example_dags/example_short_circuit_operator.py
[2025-10-05T17:34:47.743+0000] {logging_mixin.py:137} INFO - [2025-10-05T17:34:47.743+0000] {dag.py:2690} INFO - Sync 1 DAGs
[2025-10-05T17:34:47.779+0000] {logging_mixin.py:137} INFO - [2025-10-05T17:34:47.778+0000] {dag.py:3441} INFO - Setting next_dagrun for example_short_circuit_operator to 2025-10-04T17:34:47.778317+00:00, run_after=2025-10-05T17:34:47.778317+00:00
[2025-10-05T17:34:47.806+0000] {processor.py:175} INFO - Processing /home/airflow/.local/lib/python3.7/site-packages/airflow/example_dags/example_short_circuit_operator.py took 0.124 seconds
[2025-10-05T17:35:18.334+0000] {processor.py:153} INFO - Started process (PID=3146) to work on /home/airflow/.local/lib/python3.7/site-packages/airflow/example_dags/example_short_circuit_operator.py
[2025-10-05T17:35:18.336+0000] {processor.py:743} INFO - Processing file /home/airflow/.local/lib/python3.7/site-packages/airflow/example_dags/example_short_circuit_operator.py for tasks to queue
[2025-10-05T17:35:18.338+0000] {logging_mixin.py:137} INFO - [2025-10-05T17:35:18.337+0000] {dagbag.py:538} INFO - Filling up the DagBag from /home/airflow/.local/lib/python3.7/site-packages/airflow/example_dags/example_short_circuit_operator.py
[2025-10-05T17:35:18.361+0000] {processor.py:753} INFO - DAG(s) dict_keys(['example_short_circuit_operator']) retrieved from /home/airflow/.local/lib/python3.7/site-packages/airflow/example_dags/example_short_circuit_operator.py
[2025-10-05T17:35:18.396+0000] {logging_mixin.py:137} INFO - [2025-10-05T17:35:18.396+0000] {dag.py:2690} INFO - Sync 1 DAGs
[2025-10-05T17:35:18.432+0000] {logging_mixin.py:137} INFO - [2025-10-05T17:35:18.432+0000] {dag.py:3441} INFO - Setting next_dagrun for example_short_circuit_operator to 2025-10-04T17:35:18.432087+00:00, run_after=2025-10-05T17:35:18.432087+00:00
[2025-10-05T17:35:18.459+0000] {processor.py:175} INFO - Processing /home/airflow/.local/lib/python3.7/site-packages/airflow/example_dags/example_short_circuit_operator.py took 0.130 seconds
[2025-10-05T17:35:48.866+0000] {processor.py:153} INFO - Started process (PID=3250) to work on /home/airflow/.local/lib/python3.7/site-packages/airflow/example_dags/example_short_circuit_operator.py
[2025-10-05T17:35:48.868+0000] {processor.py:743} INFO - Processing file /home/airflow/.local/lib/python3.7/site-packages/airflow/example_dags/example_short_circuit_operator.py for tasks to queue
[2025-10-05T17:35:48.871+0000] {logging_mixin.py:137} INFO - [2025-10-05T17:35:48.870+0000] {dagbag.py:538} INFO - Filling up the DagBag from /home/airflow/.local/lib/python3.7/site-packages/airflow/example_dags/example_short_circuit_operator.py
[2025-10-05T17:35:48.923+0000] {processor.py:753} INFO - DAG(s) dict_keys(['example_short_circuit_operator']) retrieved from /home/airflow/.local/lib/python3.7/site-packages/airflow/example_dags/example_short_circuit_operator.py
[2025-10-05T17:35:48.977+0000] {logging_mixin.py:137} INFO - [2025-10-05T17:35:48.976+0000] {dag.py:2690} INFO - Sync 1 DAGs
[2025-10-05T17:35:49.010+0000] {logging_mixin.py:137} INFO - [2025-10-05T17:35:49.010+0000] {dag.py:3441} INFO - Setting next_dagrun for example_short_circuit_operator to 2025-10-04T17:35:49.010362+00:00, run_after=2025-10-05T17:35:49.010362+00:00
[2025-10-05T17:35:49.036+0000] {processor.py:175} INFO - Processing /home/airflow/.local/lib/python3.7/site-packages/airflow/example_dags/example_short_circuit_operator.py took 0.179 seconds
[2025-10-05T17:36:19.686+0000] {processor.py:153} INFO - Started process (PID=3339) to work on /home/airflow/.local/lib/python3.7/site-packages/airflow/example_dags/example_short_circuit_operator.py
[2025-10-05T17:36:19.688+0000] {processor.py:743} INFO - Processing file /home/airflow/.local/lib/python3.7/site-packages/airflow/example_dags/example_short_circuit_operator.py for tasks to queue
[2025-10-05T17:36:19.690+0000] {logging_mixin.py:137} INFO - [2025-10-05T17:36:19.690+0000] {dagbag.py:538} INFO - Filling up the DagBag from /home/airflow/.local/lib/python3.7/site-packages/airflow/example_dags/example_short_circuit_operator.py
[2025-10-05T17:36:19.710+0000] {processor.py:753} INFO - DAG(s) dict_keys(['example_short_circuit_operator']) retrieved from /home/airflow/.local/lib/python3.7/site-packages/airflow/example_dags/example_short_circuit_operator.py
[2025-10-05T17:36:19.742+0000] {logging_mixin.py:137} INFO - [2025-10-05T17:36:19.742+0000] {dag.py:2690} INFO - Sync 1 DAGs
[2025-10-05T17:36:19.768+0000] {logging_mixin.py:137} INFO - [2025-10-05T17:36:19.768+0000] {dag.py:3441} INFO - Setting next_dagrun for example_short_circuit_operator to 2025-10-04T17:36:19.768167+00:00, run_after=2025-10-05T17:36:19.768167+00:00
[2025-10-05T17:36:19.792+0000] {processor.py:175} INFO - Processing /home/airflow/.local/lib/python3.7/site-packages/airflow/example_dags/example_short_circuit_operator.py took 0.110 seconds
[2025-10-05T17:36:50.690+0000] {processor.py:153} INFO - Started process (PID=3453) to work on /home/airflow/.local/lib/python3.7/site-packages/airflow/example_dags/example_short_circuit_operator.py
[2025-10-05T17:36:50.691+0000] {processor.py:743} INFO - Processing file /home/airflow/.local/lib/python3.7/site-packages/airflow/example_dags/example_short_circuit_operator.py for tasks to queue
[2025-10-05T17:36:50.693+0000] {logging_mixin.py:137} INFO - [2025-10-05T17:36:50.693+0000] {dagbag.py:538} INFO - Filling up the DagBag from /home/airflow/.local/lib/python3.7/site-packages/airflow/example_dags/example_short_circuit_operator.py
[2025-10-05T17:36:50.713+0000] {processor.py:753} INFO - DAG(s) dict_keys(['example_short_circuit_operator']) retrieved from /home/airflow/.local/lib/python3.7/site-packages/airflow/example_dags/example_short_circuit_operator.py
[2025-10-05T17:36:50.750+0000] {logging_mixin.py:137} INFO - [2025-10-05T17:36:50.749+0000] {dag.py:2690} INFO - Sync 1 DAGs
[2025-10-05T17:36:50.786+0000] {logging_mixin.py:137} INFO - [2025-10-05T17:36:50.786+0000] {dag.py:3441} INFO - Setting next_dagrun for example_short_circuit_operator to 2025-10-04T17:36:50.786518+00:00, run_after=2025-10-05T17:36:50.786518+00:00
[2025-10-05T17:36:50.816+0000] {processor.py:175} INFO - Processing /home/airflow/.local/lib/python3.7/site-packages/airflow/example_dags/example_short_circuit_operator.py took 0.131 seconds
