[2025-10-05T17:19:24.563+0000] {processor.py:153} INFO - Started process (PID=75) to work on /home/airflow/.local/lib/python3.7/site-packages/airflow/example_dags/example_xcomargs.py
[2025-10-05T17:19:24.565+0000] {processor.py:743} INFO - Processing file /home/airflow/.local/lib/python3.7/site-packages/airflow/example_dags/example_xcomargs.py for tasks to queue
[2025-10-05T17:19:24.566+0000] {logging_mixin.py:137} INFO - [2025-10-05T17:19:24.566+0000] {dagbag.py:538} INFO - Filling up the DagBag from /home/airflow/.local/lib/python3.7/site-packages/airflow/example_dags/example_xcomargs.py
[2025-10-05T17:19:24.612+0000] {processor.py:753} INFO - DAG(s) dict_keys(['example_xcom_args_with_operators', 'example_xcom_args']) retrieved from /home/airflow/.local/lib/python3.7/site-packages/airflow/example_dags/example_xcomargs.py
[2025-10-05T17:19:24.641+0000] {logging_mixin.py:137} INFO - [2025-10-05T17:19:24.641+0000] {dag.py:2690} INFO - Sync 2 DAGs
[2025-10-05T17:19:24.683+0000] {logging_mixin.py:137} INFO - [2025-10-05T17:19:24.682+0000] {dag.py:3441} INFO - Setting next_dagrun for example_xcom_args to None, run_after=None
[2025-10-05T17:19:24.690+0000] {logging_mixin.py:137} INFO - [2025-10-05T17:19:24.689+0000] {dag.py:3441} INFO - Setting next_dagrun for example_xcom_args_with_operators to None, run_after=None
[2025-10-05T17:19:24.723+0000] {processor.py:175} INFO - Processing /home/airflow/.local/lib/python3.7/site-packages/airflow/example_dags/example_xcomargs.py took 0.164 seconds
[2025-10-05T17:19:55.102+0000] {processor.py:153} INFO - Started process (PID=162) to work on /home/airflow/.local/lib/python3.7/site-packages/airflow/example_dags/example_xcomargs.py
[2025-10-05T17:19:55.104+0000] {processor.py:743} INFO - Processing file /home/airflow/.local/lib/python3.7/site-packages/airflow/example_dags/example_xcomargs.py for tasks to queue
[2025-10-05T17:19:55.106+0000] {logging_mixin.py:137} INFO - [2025-10-05T17:19:55.106+0000] {dagbag.py:538} INFO - Filling up the DagBag from /home/airflow/.local/lib/python3.7/site-packages/airflow/example_dags/example_xcomargs.py
[2025-10-05T17:19:55.136+0000] {processor.py:753} INFO - DAG(s) dict_keys(['example_xcom_args_with_operators', 'example_xcom_args']) retrieved from /home/airflow/.local/lib/python3.7/site-packages/airflow/example_dags/example_xcomargs.py
[2025-10-05T17:19:55.174+0000] {logging_mixin.py:137} INFO - [2025-10-05T17:19:55.173+0000] {dag.py:2690} INFO - Sync 2 DAGs
[2025-10-05T17:19:55.204+0000] {logging_mixin.py:137} INFO - [2025-10-05T17:19:55.204+0000] {dag.py:3441} INFO - Setting next_dagrun for example_xcom_args to None, run_after=None
[2025-10-05T17:19:55.210+0000] {logging_mixin.py:137} INFO - [2025-10-05T17:19:55.210+0000] {dag.py:3441} INFO - Setting next_dagrun for example_xcom_args_with_operators to None, run_after=None
[2025-10-05T17:19:55.233+0000] {processor.py:175} INFO - Processing /home/airflow/.local/lib/python3.7/site-packages/airflow/example_dags/example_xcomargs.py took 0.135 seconds
[2025-10-05T17:20:25.683+0000] {processor.py:153} INFO - Started process (PID=260) to work on /home/airflow/.local/lib/python3.7/site-packages/airflow/example_dags/example_xcomargs.py
[2025-10-05T17:20:25.684+0000] {processor.py:743} INFO - Processing file /home/airflow/.local/lib/python3.7/site-packages/airflow/example_dags/example_xcomargs.py for tasks to queue
[2025-10-05T17:20:25.686+0000] {logging_mixin.py:137} INFO - [2025-10-05T17:20:25.685+0000] {dagbag.py:538} INFO - Filling up the DagBag from /home/airflow/.local/lib/python3.7/site-packages/airflow/example_dags/example_xcomargs.py
[2025-10-05T17:20:25.722+0000] {processor.py:753} INFO - DAG(s) dict_keys(['example_xcom_args', 'example_xcom_args_with_operators']) retrieved from /home/airflow/.local/lib/python3.7/site-packages/airflow/example_dags/example_xcomargs.py
[2025-10-05T17:20:25.767+0000] {logging_mixin.py:137} INFO - [2025-10-05T17:20:25.767+0000] {dag.py:2690} INFO - Sync 2 DAGs
[2025-10-05T17:20:25.802+0000] {logging_mixin.py:137} INFO - [2025-10-05T17:20:25.802+0000] {dag.py:3441} INFO - Setting next_dagrun for example_xcom_args to None, run_after=None
[2025-10-05T17:20:25.807+0000] {logging_mixin.py:137} INFO - [2025-10-05T17:20:25.807+0000] {dag.py:3441} INFO - Setting next_dagrun for example_xcom_args_with_operators to None, run_after=None
[2025-10-05T17:20:25.836+0000] {processor.py:175} INFO - Processing /home/airflow/.local/lib/python3.7/site-packages/airflow/example_dags/example_xcomargs.py took 0.160 seconds
[2025-10-05T17:20:56.213+0000] {processor.py:153} INFO - Started process (PID=364) to work on /home/airflow/.local/lib/python3.7/site-packages/airflow/example_dags/example_xcomargs.py
[2025-10-05T17:20:56.215+0000] {processor.py:743} INFO - Processing file /home/airflow/.local/lib/python3.7/site-packages/airflow/example_dags/example_xcomargs.py for tasks to queue
[2025-10-05T17:20:56.216+0000] {logging_mixin.py:137} INFO - [2025-10-05T17:20:56.216+0000] {dagbag.py:538} INFO - Filling up the DagBag from /home/airflow/.local/lib/python3.7/site-packages/airflow/example_dags/example_xcomargs.py
[2025-10-05T17:20:56.250+0000] {processor.py:753} INFO - DAG(s) dict_keys(['example_xcom_args', 'example_xcom_args_with_operators']) retrieved from /home/airflow/.local/lib/python3.7/site-packages/airflow/example_dags/example_xcomargs.py
[2025-10-05T17:20:56.292+0000] {logging_mixin.py:137} INFO - [2025-10-05T17:20:56.292+0000] {dag.py:2690} INFO - Sync 2 DAGs
[2025-10-05T17:20:56.328+0000] {logging_mixin.py:137} INFO - [2025-10-05T17:20:56.328+0000] {dag.py:3441} INFO - Setting next_dagrun for example_xcom_args to None, run_after=None
[2025-10-05T17:20:56.333+0000] {logging_mixin.py:137} INFO - [2025-10-05T17:20:56.333+0000] {dag.py:3441} INFO - Setting next_dagrun for example_xcom_args_with_operators to None, run_after=None
[2025-10-05T17:20:56.360+0000] {processor.py:175} INFO - Processing /home/airflow/.local/lib/python3.7/site-packages/airflow/example_dags/example_xcomargs.py took 0.151 seconds
[2025-10-05T17:21:27.329+0000] {processor.py:153} INFO - Started process (PID=453) to work on /home/airflow/.local/lib/python3.7/site-packages/airflow/example_dags/example_xcomargs.py
[2025-10-05T17:21:27.333+0000] {processor.py:743} INFO - Processing file /home/airflow/.local/lib/python3.7/site-packages/airflow/example_dags/example_xcomargs.py for tasks to queue
[2025-10-05T17:21:27.339+0000] {logging_mixin.py:137} INFO - [2025-10-05T17:21:27.338+0000] {dagbag.py:538} INFO - Filling up the DagBag from /home/airflow/.local/lib/python3.7/site-packages/airflow/example_dags/example_xcomargs.py
[2025-10-05T17:21:27.396+0000] {processor.py:753} INFO - DAG(s) dict_keys(['example_xcom_args_with_operators', 'example_xcom_args']) retrieved from /home/airflow/.local/lib/python3.7/site-packages/airflow/example_dags/example_xcomargs.py
[2025-10-05T17:21:27.440+0000] {logging_mixin.py:137} INFO - [2025-10-05T17:21:27.440+0000] {dag.py:2690} INFO - Sync 2 DAGs
[2025-10-05T17:21:27.479+0000] {logging_mixin.py:137} INFO - [2025-10-05T17:21:27.479+0000] {dag.py:3441} INFO - Setting next_dagrun for example_xcom_args to None, run_after=None
[2025-10-05T17:21:27.484+0000] {logging_mixin.py:137} INFO - [2025-10-05T17:21:27.483+0000] {dag.py:3441} INFO - Setting next_dagrun for example_xcom_args_with_operators to None, run_after=None
[2025-10-05T17:21:27.519+0000] {processor.py:175} INFO - Processing /home/airflow/.local/lib/python3.7/site-packages/airflow/example_dags/example_xcomargs.py took 0.198 seconds
[2025-10-05T17:21:57.669+0000] {processor.py:153} INFO - Started process (PID=566) to work on /home/airflow/.local/lib/python3.7/site-packages/airflow/example_dags/example_xcomargs.py
[2025-10-05T17:21:57.670+0000] {processor.py:743} INFO - Processing file /home/airflow/.local/lib/python3.7/site-packages/airflow/example_dags/example_xcomargs.py for tasks to queue
[2025-10-05T17:21:57.671+0000] {logging_mixin.py:137} INFO - [2025-10-05T17:21:57.671+0000] {dagbag.py:538} INFO - Filling up the DagBag from /home/airflow/.local/lib/python3.7/site-packages/airflow/example_dags/example_xcomargs.py
[2025-10-05T17:21:57.700+0000] {processor.py:753} INFO - DAG(s) dict_keys(['example_xcom_args_with_operators', 'example_xcom_args']) retrieved from /home/airflow/.local/lib/python3.7/site-packages/airflow/example_dags/example_xcomargs.py
[2025-10-05T17:21:57.741+0000] {logging_mixin.py:137} INFO - [2025-10-05T17:21:57.741+0000] {dag.py:2690} INFO - Sync 2 DAGs
[2025-10-05T17:21:57.774+0000] {logging_mixin.py:137} INFO - [2025-10-05T17:21:57.774+0000] {dag.py:3441} INFO - Setting next_dagrun for example_xcom_args to None, run_after=None
[2025-10-05T17:21:57.778+0000] {logging_mixin.py:137} INFO - [2025-10-05T17:21:57.778+0000] {dag.py:3441} INFO - Setting next_dagrun for example_xcom_args_with_operators to None, run_after=None
[2025-10-05T17:21:57.803+0000] {processor.py:175} INFO - Processing /home/airflow/.local/lib/python3.7/site-packages/airflow/example_dags/example_xcomargs.py took 0.140 seconds
[2025-10-05T17:22:27.914+0000] {processor.py:153} INFO - Started process (PID=655) to work on /home/airflow/.local/lib/python3.7/site-packages/airflow/example_dags/example_xcomargs.py
[2025-10-05T17:22:27.916+0000] {processor.py:743} INFO - Processing file /home/airflow/.local/lib/python3.7/site-packages/airflow/example_dags/example_xcomargs.py for tasks to queue
[2025-10-05T17:22:27.917+0000] {logging_mixin.py:137} INFO - [2025-10-05T17:22:27.917+0000] {dagbag.py:538} INFO - Filling up the DagBag from /home/airflow/.local/lib/python3.7/site-packages/airflow/example_dags/example_xcomargs.py
[2025-10-05T17:22:27.945+0000] {processor.py:753} INFO - DAG(s) dict_keys(['example_xcom_args', 'example_xcom_args_with_operators']) retrieved from /home/airflow/.local/lib/python3.7/site-packages/airflow/example_dags/example_xcomargs.py
[2025-10-05T17:22:27.980+0000] {logging_mixin.py:137} INFO - [2025-10-05T17:22:27.980+0000] {dag.py:2690} INFO - Sync 2 DAGs
[2025-10-05T17:22:28.007+0000] {logging_mixin.py:137} INFO - [2025-10-05T17:22:28.007+0000] {dag.py:3441} INFO - Setting next_dagrun for example_xcom_args to None, run_after=None
[2025-10-05T17:22:28.011+0000] {logging_mixin.py:137} INFO - [2025-10-05T17:22:28.011+0000] {dag.py:3441} INFO - Setting next_dagrun for example_xcom_args_with_operators to None, run_after=None
[2025-10-05T17:22:28.034+0000] {processor.py:175} INFO - Processing /home/airflow/.local/lib/python3.7/site-packages/airflow/example_dags/example_xcomargs.py took 0.124 seconds
[2025-10-05T17:22:58.371+0000] {processor.py:153} INFO - Started process (PID=753) to work on /home/airflow/.local/lib/python3.7/site-packages/airflow/example_dags/example_xcomargs.py
[2025-10-05T17:22:58.372+0000] {processor.py:743} INFO - Processing file /home/airflow/.local/lib/python3.7/site-packages/airflow/example_dags/example_xcomargs.py for tasks to queue
[2025-10-05T17:22:58.374+0000] {logging_mixin.py:137} INFO - [2025-10-05T17:22:58.373+0000] {dagbag.py:538} INFO - Filling up the DagBag from /home/airflow/.local/lib/python3.7/site-packages/airflow/example_dags/example_xcomargs.py
[2025-10-05T17:22:58.403+0000] {processor.py:753} INFO - DAG(s) dict_keys(['example_xcom_args_with_operators', 'example_xcom_args']) retrieved from /home/airflow/.local/lib/python3.7/site-packages/airflow/example_dags/example_xcomargs.py
[2025-10-05T17:22:58.445+0000] {logging_mixin.py:137} INFO - [2025-10-05T17:22:58.445+0000] {dag.py:2690} INFO - Sync 2 DAGs
[2025-10-05T17:22:58.475+0000] {logging_mixin.py:137} INFO - [2025-10-05T17:22:58.475+0000] {dag.py:3441} INFO - Setting next_dagrun for example_xcom_args to None, run_after=None
[2025-10-05T17:22:58.479+0000] {logging_mixin.py:137} INFO - [2025-10-05T17:22:58.479+0000] {dag.py:3441} INFO - Setting next_dagrun for example_xcom_args_with_operators to None, run_after=None
[2025-10-05T17:22:58.506+0000] {processor.py:175} INFO - Processing /home/airflow/.local/lib/python3.7/site-packages/airflow/example_dags/example_xcomargs.py took 0.140 seconds
[2025-10-05T17:23:28.856+0000] {processor.py:153} INFO - Started process (PID=858) to work on /home/airflow/.local/lib/python3.7/site-packages/airflow/example_dags/example_xcomargs.py
[2025-10-05T17:23:28.857+0000] {processor.py:743} INFO - Processing file /home/airflow/.local/lib/python3.7/site-packages/airflow/example_dags/example_xcomargs.py for tasks to queue
[2025-10-05T17:23:28.859+0000] {logging_mixin.py:137} INFO - [2025-10-05T17:23:28.858+0000] {dagbag.py:538} INFO - Filling up the DagBag from /home/airflow/.local/lib/python3.7/site-packages/airflow/example_dags/example_xcomargs.py
[2025-10-05T17:23:28.887+0000] {processor.py:753} INFO - DAG(s) dict_keys(['example_xcom_args_with_operators', 'example_xcom_args']) retrieved from /home/airflow/.local/lib/python3.7/site-packages/airflow/example_dags/example_xcomargs.py
[2025-10-05T17:23:28.923+0000] {logging_mixin.py:137} INFO - [2025-10-05T17:23:28.923+0000] {dag.py:2690} INFO - Sync 2 DAGs
[2025-10-05T17:23:28.950+0000] {logging_mixin.py:137} INFO - [2025-10-05T17:23:28.950+0000] {dag.py:3441} INFO - Setting next_dagrun for example_xcom_args to None, run_after=None
[2025-10-05T17:23:28.954+0000] {logging_mixin.py:137} INFO - [2025-10-05T17:23:28.954+0000] {dag.py:3441} INFO - Setting next_dagrun for example_xcom_args_with_operators to None, run_after=None
[2025-10-05T17:23:28.981+0000] {processor.py:175} INFO - Processing /home/airflow/.local/lib/python3.7/site-packages/airflow/example_dags/example_xcomargs.py took 0.129 seconds
[2025-10-05T17:23:59.852+0000] {processor.py:153} INFO - Started process (PID=947) to work on /home/airflow/.local/lib/python3.7/site-packages/airflow/example_dags/example_xcomargs.py
[2025-10-05T17:23:59.854+0000] {processor.py:743} INFO - Processing file /home/airflow/.local/lib/python3.7/site-packages/airflow/example_dags/example_xcomargs.py for tasks to queue
[2025-10-05T17:23:59.855+0000] {logging_mixin.py:137} INFO - [2025-10-05T17:23:59.855+0000] {dagbag.py:538} INFO - Filling up the DagBag from /home/airflow/.local/lib/python3.7/site-packages/airflow/example_dags/example_xcomargs.py
[2025-10-05T17:23:59.880+0000] {processor.py:753} INFO - DAG(s) dict_keys(['example_xcom_args_with_operators', 'example_xcom_args']) retrieved from /home/airflow/.local/lib/python3.7/site-packages/airflow/example_dags/example_xcomargs.py
[2025-10-05T17:23:59.916+0000] {logging_mixin.py:137} INFO - [2025-10-05T17:23:59.916+0000] {dag.py:2690} INFO - Sync 2 DAGs
[2025-10-05T17:23:59.945+0000] {logging_mixin.py:137} INFO - [2025-10-05T17:23:59.945+0000] {dag.py:3441} INFO - Setting next_dagrun for example_xcom_args to None, run_after=None
[2025-10-05T17:23:59.950+0000] {logging_mixin.py:137} INFO - [2025-10-05T17:23:59.949+0000] {dag.py:3441} INFO - Setting next_dagrun for example_xcom_args_with_operators to None, run_after=None
[2025-10-05T17:23:59.972+0000] {processor.py:175} INFO - Processing /home/airflow/.local/lib/python3.7/site-packages/airflow/example_dags/example_xcomargs.py took 0.124 seconds
[2025-10-05T17:24:30.661+0000] {processor.py:153} INFO - Started process (PID=1060) to work on /home/airflow/.local/lib/python3.7/site-packages/airflow/example_dags/example_xcomargs.py
[2025-10-05T17:24:30.662+0000] {processor.py:743} INFO - Processing file /home/airflow/.local/lib/python3.7/site-packages/airflow/example_dags/example_xcomargs.py for tasks to queue
[2025-10-05T17:24:30.663+0000] {logging_mixin.py:137} INFO - [2025-10-05T17:24:30.663+0000] {dagbag.py:538} INFO - Filling up the DagBag from /home/airflow/.local/lib/python3.7/site-packages/airflow/example_dags/example_xcomargs.py
[2025-10-05T17:24:30.690+0000] {processor.py:753} INFO - DAG(s) dict_keys(['example_xcom_args_with_operators', 'example_xcom_args']) retrieved from /home/airflow/.local/lib/python3.7/site-packages/airflow/example_dags/example_xcomargs.py
[2025-10-05T17:24:30.729+0000] {logging_mixin.py:137} INFO - [2025-10-05T17:24:30.728+0000] {dag.py:2690} INFO - Sync 2 DAGs
[2025-10-05T17:24:30.759+0000] {logging_mixin.py:137} INFO - [2025-10-05T17:24:30.759+0000] {dag.py:3441} INFO - Setting next_dagrun for example_xcom_args to None, run_after=None
[2025-10-05T17:24:30.764+0000] {logging_mixin.py:137} INFO - [2025-10-05T17:24:30.763+0000] {dag.py:3441} INFO - Setting next_dagrun for example_xcom_args_with_operators to None, run_after=None
[2025-10-05T17:24:30.791+0000] {processor.py:175} INFO - Processing /home/airflow/.local/lib/python3.7/site-packages/airflow/example_dags/example_xcomargs.py took 0.134 seconds
[2025-10-05T17:25:00.907+0000] {processor.py:153} INFO - Started process (PID=1149) to work on /home/airflow/.local/lib/python3.7/site-packages/airflow/example_dags/example_xcomargs.py
[2025-10-05T17:25:00.908+0000] {processor.py:743} INFO - Processing file /home/airflow/.local/lib/python3.7/site-packages/airflow/example_dags/example_xcomargs.py for tasks to queue
[2025-10-05T17:25:00.909+0000] {logging_mixin.py:137} INFO - [2025-10-05T17:25:00.909+0000] {dagbag.py:538} INFO - Filling up the DagBag from /home/airflow/.local/lib/python3.7/site-packages/airflow/example_dags/example_xcomargs.py
[2025-10-05T17:25:00.935+0000] {processor.py:753} INFO - DAG(s) dict_keys(['example_xcom_args_with_operators', 'example_xcom_args']) retrieved from /home/airflow/.local/lib/python3.7/site-packages/airflow/example_dags/example_xcomargs.py
[2025-10-05T17:25:00.969+0000] {logging_mixin.py:137} INFO - [2025-10-05T17:25:00.969+0000] {dag.py:2690} INFO - Sync 2 DAGs
[2025-10-05T17:25:01.000+0000] {logging_mixin.py:137} INFO - [2025-10-05T17:25:01.000+0000] {dag.py:3441} INFO - Setting next_dagrun for example_xcom_args to None, run_after=None
[2025-10-05T17:25:01.005+0000] {logging_mixin.py:137} INFO - [2025-10-05T17:25:01.004+0000] {dag.py:3441} INFO - Setting next_dagrun for example_xcom_args_with_operators to None, run_after=None
[2025-10-05T17:25:01.025+0000] {processor.py:175} INFO - Processing /home/airflow/.local/lib/python3.7/site-packages/airflow/example_dags/example_xcomargs.py took 0.123 seconds
[2025-10-05T17:25:31.918+0000] {processor.py:153} INFO - Started process (PID=1262) to work on /home/airflow/.local/lib/python3.7/site-packages/airflow/example_dags/example_xcomargs.py
[2025-10-05T17:25:31.920+0000] {processor.py:743} INFO - Processing file /home/airflow/.local/lib/python3.7/site-packages/airflow/example_dags/example_xcomargs.py for tasks to queue
[2025-10-05T17:25:31.921+0000] {logging_mixin.py:137} INFO - [2025-10-05T17:25:31.921+0000] {dagbag.py:538} INFO - Filling up the DagBag from /home/airflow/.local/lib/python3.7/site-packages/airflow/example_dags/example_xcomargs.py
[2025-10-05T17:25:31.949+0000] {processor.py:753} INFO - DAG(s) dict_keys(['example_xcom_args_with_operators', 'example_xcom_args']) retrieved from /home/airflow/.local/lib/python3.7/site-packages/airflow/example_dags/example_xcomargs.py
[2025-10-05T17:25:31.994+0000] {logging_mixin.py:137} INFO - [2025-10-05T17:25:31.994+0000] {dag.py:2690} INFO - Sync 2 DAGs
[2025-10-05T17:25:32.033+0000] {logging_mixin.py:137} INFO - [2025-10-05T17:25:32.033+0000] {dag.py:3441} INFO - Setting next_dagrun for example_xcom_args to None, run_after=None
[2025-10-05T17:25:32.042+0000] {logging_mixin.py:137} INFO - [2025-10-05T17:25:32.042+0000] {dag.py:3441} INFO - Setting next_dagrun for example_xcom_args_with_operators to None, run_after=None
[2025-10-05T17:25:32.076+0000] {processor.py:175} INFO - Processing /home/airflow/.local/lib/python3.7/site-packages/airflow/example_dags/example_xcomargs.py took 0.162 seconds
[2025-10-05T17:26:02.687+0000] {processor.py:153} INFO - Started process (PID=1351) to work on /home/airflow/.local/lib/python3.7/site-packages/airflow/example_dags/example_xcomargs.py
[2025-10-05T17:26:02.688+0000] {processor.py:743} INFO - Processing file /home/airflow/.local/lib/python3.7/site-packages/airflow/example_dags/example_xcomargs.py for tasks to queue
[2025-10-05T17:26:02.690+0000] {logging_mixin.py:137} INFO - [2025-10-05T17:26:02.689+0000] {dagbag.py:538} INFO - Filling up the DagBag from /home/airflow/.local/lib/python3.7/site-packages/airflow/example_dags/example_xcomargs.py
[2025-10-05T17:26:02.716+0000] {processor.py:753} INFO - DAG(s) dict_keys(['example_xcom_args', 'example_xcom_args_with_operators']) retrieved from /home/airflow/.local/lib/python3.7/site-packages/airflow/example_dags/example_xcomargs.py
[2025-10-05T17:26:02.751+0000] {logging_mixin.py:137} INFO - [2025-10-05T17:26:02.751+0000] {dag.py:2690} INFO - Sync 2 DAGs
[2025-10-05T17:26:02.781+0000] {logging_mixin.py:137} INFO - [2025-10-05T17:26:02.781+0000] {dag.py:3441} INFO - Setting next_dagrun for example_xcom_args to None, run_after=None
[2025-10-05T17:26:02.785+0000] {logging_mixin.py:137} INFO - [2025-10-05T17:26:02.785+0000] {dag.py:3441} INFO - Setting next_dagrun for example_xcom_args_with_operators to None, run_after=None
[2025-10-05T17:26:02.806+0000] {processor.py:175} INFO - Processing /home/airflow/.local/lib/python3.7/site-packages/airflow/example_dags/example_xcomargs.py took 0.123 seconds
[2025-10-05T17:26:33.826+0000] {processor.py:153} INFO - Started process (PID=1449) to work on /home/airflow/.local/lib/python3.7/site-packages/airflow/example_dags/example_xcomargs.py
[2025-10-05T17:26:33.828+0000] {processor.py:743} INFO - Processing file /home/airflow/.local/lib/python3.7/site-packages/airflow/example_dags/example_xcomargs.py for tasks to queue
[2025-10-05T17:26:33.830+0000] {logging_mixin.py:137} INFO - [2025-10-05T17:26:33.830+0000] {dagbag.py:538} INFO - Filling up the DagBag from /home/airflow/.local/lib/python3.7/site-packages/airflow/example_dags/example_xcomargs.py
[2025-10-05T17:26:33.871+0000] {processor.py:753} INFO - DAG(s) dict_keys(['example_xcom_args_with_operators', 'example_xcom_args']) retrieved from /home/airflow/.local/lib/python3.7/site-packages/airflow/example_dags/example_xcomargs.py
[2025-10-05T17:26:33.959+0000] {logging_mixin.py:137} INFO - [2025-10-05T17:26:33.958+0000] {dag.py:2690} INFO - Sync 2 DAGs
[2025-10-05T17:26:34.008+0000] {logging_mixin.py:137} INFO - [2025-10-05T17:26:34.008+0000] {dag.py:3441} INFO - Setting next_dagrun for example_xcom_args to None, run_after=None
[2025-10-05T17:26:34.013+0000] {logging_mixin.py:137} INFO - [2025-10-05T17:26:34.013+0000] {dag.py:3441} INFO - Setting next_dagrun for example_xcom_args_with_operators to None, run_after=None
[2025-10-05T17:26:34.045+0000] {processor.py:175} INFO - Processing /home/airflow/.local/lib/python3.7/site-packages/airflow/example_dags/example_xcomargs.py took 0.224 seconds
[2025-10-05T17:27:04.659+0000] {processor.py:153} INFO - Started process (PID=1553) to work on /home/airflow/.local/lib/python3.7/site-packages/airflow/example_dags/example_xcomargs.py
[2025-10-05T17:27:04.661+0000] {processor.py:743} INFO - Processing file /home/airflow/.local/lib/python3.7/site-packages/airflow/example_dags/example_xcomargs.py for tasks to queue
[2025-10-05T17:27:04.662+0000] {logging_mixin.py:137} INFO - [2025-10-05T17:27:04.662+0000] {dagbag.py:538} INFO - Filling up the DagBag from /home/airflow/.local/lib/python3.7/site-packages/airflow/example_dags/example_xcomargs.py
[2025-10-05T17:27:04.696+0000] {processor.py:753} INFO - DAG(s) dict_keys(['example_xcom_args_with_operators', 'example_xcom_args']) retrieved from /home/airflow/.local/lib/python3.7/site-packages/airflow/example_dags/example_xcomargs.py
[2025-10-05T17:27:04.736+0000] {logging_mixin.py:137} INFO - [2025-10-05T17:27:04.736+0000] {dag.py:2690} INFO - Sync 2 DAGs
[2025-10-05T17:27:04.777+0000] {logging_mixin.py:137} INFO - [2025-10-05T17:27:04.777+0000] {dag.py:3441} INFO - Setting next_dagrun for example_xcom_args to None, run_after=None
[2025-10-05T17:27:04.785+0000] {logging_mixin.py:137} INFO - [2025-10-05T17:27:04.784+0000] {dag.py:3441} INFO - Setting next_dagrun for example_xcom_args_with_operators to None, run_after=None
[2025-10-05T17:27:04.820+0000] {processor.py:175} INFO - Processing /home/airflow/.local/lib/python3.7/site-packages/airflow/example_dags/example_xcomargs.py took 0.165 seconds
[2025-10-05T17:27:35.695+0000] {processor.py:153} INFO - Started process (PID=1642) to work on /home/airflow/.local/lib/python3.7/site-packages/airflow/example_dags/example_xcomargs.py
[2025-10-05T17:27:35.696+0000] {processor.py:743} INFO - Processing file /home/airflow/.local/lib/python3.7/site-packages/airflow/example_dags/example_xcomargs.py for tasks to queue
[2025-10-05T17:27:35.697+0000] {logging_mixin.py:137} INFO - [2025-10-05T17:27:35.697+0000] {dagbag.py:538} INFO - Filling up the DagBag from /home/airflow/.local/lib/python3.7/site-packages/airflow/example_dags/example_xcomargs.py
[2025-10-05T17:27:35.726+0000] {processor.py:753} INFO - DAG(s) dict_keys(['example_xcom_args_with_operators', 'example_xcom_args']) retrieved from /home/airflow/.local/lib/python3.7/site-packages/airflow/example_dags/example_xcomargs.py
[2025-10-05T17:27:35.766+0000] {logging_mixin.py:137} INFO - [2025-10-05T17:27:35.766+0000] {dag.py:2690} INFO - Sync 2 DAGs
[2025-10-05T17:27:35.800+0000] {logging_mixin.py:137} INFO - [2025-10-05T17:27:35.800+0000] {dag.py:3441} INFO - Setting next_dagrun for example_xcom_args to None, run_after=None
[2025-10-05T17:27:35.805+0000] {logging_mixin.py:137} INFO - [2025-10-05T17:27:35.805+0000] {dag.py:3441} INFO - Setting next_dagrun for example_xcom_args_with_operators to None, run_after=None
[2025-10-05T17:27:35.830+0000] {processor.py:175} INFO - Processing /home/airflow/.local/lib/python3.7/site-packages/airflow/example_dags/example_xcomargs.py took 0.140 seconds
[2025-10-05T17:28:06.902+0000] {processor.py:153} INFO - Started process (PID=1756) to work on /home/airflow/.local/lib/python3.7/site-packages/airflow/example_dags/example_xcomargs.py
[2025-10-05T17:28:06.903+0000] {processor.py:743} INFO - Processing file /home/airflow/.local/lib/python3.7/site-packages/airflow/example_dags/example_xcomargs.py for tasks to queue
[2025-10-05T17:28:06.905+0000] {logging_mixin.py:137} INFO - [2025-10-05T17:28:06.905+0000] {dagbag.py:538} INFO - Filling up the DagBag from /home/airflow/.local/lib/python3.7/site-packages/airflow/example_dags/example_xcomargs.py
[2025-10-05T17:28:06.936+0000] {processor.py:753} INFO - DAG(s) dict_keys(['example_xcom_args', 'example_xcom_args_with_operators']) retrieved from /home/airflow/.local/lib/python3.7/site-packages/airflow/example_dags/example_xcomargs.py
[2025-10-05T17:28:06.977+0000] {logging_mixin.py:137} INFO - [2025-10-05T17:28:06.977+0000] {dag.py:2690} INFO - Sync 2 DAGs
[2025-10-05T17:28:07.007+0000] {logging_mixin.py:137} INFO - [2025-10-05T17:28:07.007+0000] {dag.py:3441} INFO - Setting next_dagrun for example_xcom_args to None, run_after=None
[2025-10-05T17:28:07.012+0000] {logging_mixin.py:137} INFO - [2025-10-05T17:28:07.012+0000] {dag.py:3441} INFO - Setting next_dagrun for example_xcom_args_with_operators to None, run_after=None
[2025-10-05T17:28:07.037+0000] {processor.py:175} INFO - Processing /home/airflow/.local/lib/python3.7/site-packages/airflow/example_dags/example_xcomargs.py took 0.140 seconds
[2025-10-05T17:28:37.689+0000] {processor.py:153} INFO - Started process (PID=1845) to work on /home/airflow/.local/lib/python3.7/site-packages/airflow/example_dags/example_xcomargs.py
[2025-10-05T17:28:37.690+0000] {processor.py:743} INFO - Processing file /home/airflow/.local/lib/python3.7/site-packages/airflow/example_dags/example_xcomargs.py for tasks to queue
[2025-10-05T17:28:37.692+0000] {logging_mixin.py:137} INFO - [2025-10-05T17:28:37.691+0000] {dagbag.py:538} INFO - Filling up the DagBag from /home/airflow/.local/lib/python3.7/site-packages/airflow/example_dags/example_xcomargs.py
[2025-10-05T17:28:37.725+0000] {processor.py:753} INFO - DAG(s) dict_keys(['example_xcom_args_with_operators', 'example_xcom_args']) retrieved from /home/airflow/.local/lib/python3.7/site-packages/airflow/example_dags/example_xcomargs.py
[2025-10-05T17:28:37.772+0000] {logging_mixin.py:137} INFO - [2025-10-05T17:28:37.772+0000] {dag.py:2690} INFO - Sync 2 DAGs
[2025-10-05T17:28:37.806+0000] {logging_mixin.py:137} INFO - [2025-10-05T17:28:37.806+0000] {dag.py:3441} INFO - Setting next_dagrun for example_xcom_args to None, run_after=None
[2025-10-05T17:28:37.813+0000] {logging_mixin.py:137} INFO - [2025-10-05T17:28:37.812+0000] {dag.py:3441} INFO - Setting next_dagrun for example_xcom_args_with_operators to None, run_after=None
[2025-10-05T17:28:37.845+0000] {processor.py:175} INFO - Processing /home/airflow/.local/lib/python3.7/site-packages/airflow/example_dags/example_xcomargs.py took 0.161 seconds
[2025-10-05T17:29:08.698+0000] {processor.py:153} INFO - Started process (PID=1941) to work on /home/airflow/.local/lib/python3.7/site-packages/airflow/example_dags/example_xcomargs.py
[2025-10-05T17:29:08.700+0000] {processor.py:743} INFO - Processing file /home/airflow/.local/lib/python3.7/site-packages/airflow/example_dags/example_xcomargs.py for tasks to queue
[2025-10-05T17:29:08.701+0000] {logging_mixin.py:137} INFO - [2025-10-05T17:29:08.701+0000] {dagbag.py:538} INFO - Filling up the DagBag from /home/airflow/.local/lib/python3.7/site-packages/airflow/example_dags/example_xcomargs.py
[2025-10-05T17:29:08.732+0000] {processor.py:753} INFO - DAG(s) dict_keys(['example_xcom_args', 'example_xcom_args_with_operators']) retrieved from /home/airflow/.local/lib/python3.7/site-packages/airflow/example_dags/example_xcomargs.py
[2025-10-05T17:29:08.771+0000] {logging_mixin.py:137} INFO - [2025-10-05T17:29:08.771+0000] {dag.py:2690} INFO - Sync 2 DAGs
[2025-10-05T17:29:08.806+0000] {logging_mixin.py:137} INFO - [2025-10-05T17:29:08.805+0000] {dag.py:3441} INFO - Setting next_dagrun for example_xcom_args to None, run_after=None
[2025-10-05T17:29:08.810+0000] {logging_mixin.py:137} INFO - [2025-10-05T17:29:08.810+0000] {dag.py:3441} INFO - Setting next_dagrun for example_xcom_args_with_operators to None, run_after=None
[2025-10-05T17:29:08.834+0000] {processor.py:175} INFO - Processing /home/airflow/.local/lib/python3.7/site-packages/airflow/example_dags/example_xcomargs.py took 0.141 seconds
[2025-10-05T17:29:39.857+0000] {processor.py:153} INFO - Started process (PID=2047) to work on /home/airflow/.local/lib/python3.7/site-packages/airflow/example_dags/example_xcomargs.py
[2025-10-05T17:29:39.858+0000] {processor.py:743} INFO - Processing file /home/airflow/.local/lib/python3.7/site-packages/airflow/example_dags/example_xcomargs.py for tasks to queue
[2025-10-05T17:29:39.860+0000] {logging_mixin.py:137} INFO - [2025-10-05T17:29:39.860+0000] {dagbag.py:538} INFO - Filling up the DagBag from /home/airflow/.local/lib/python3.7/site-packages/airflow/example_dags/example_xcomargs.py
[2025-10-05T17:29:39.889+0000] {processor.py:753} INFO - DAG(s) dict_keys(['example_xcom_args', 'example_xcom_args_with_operators']) retrieved from /home/airflow/.local/lib/python3.7/site-packages/airflow/example_dags/example_xcomargs.py
[2025-10-05T17:29:39.932+0000] {logging_mixin.py:137} INFO - [2025-10-05T17:29:39.932+0000] {dag.py:2690} INFO - Sync 2 DAGs
[2025-10-05T17:29:39.962+0000] {logging_mixin.py:137} INFO - [2025-10-05T17:29:39.962+0000] {dag.py:3441} INFO - Setting next_dagrun for example_xcom_args to None, run_after=None
[2025-10-05T17:29:39.966+0000] {logging_mixin.py:137} INFO - [2025-10-05T17:29:39.966+0000] {dag.py:3441} INFO - Setting next_dagrun for example_xcom_args_with_operators to None, run_after=None
[2025-10-05T17:29:39.991+0000] {processor.py:175} INFO - Processing /home/airflow/.local/lib/python3.7/site-packages/airflow/example_dags/example_xcomargs.py took 0.138 seconds
[2025-10-05T17:30:10.369+0000] {processor.py:153} INFO - Started process (PID=2137) to work on /home/airflow/.local/lib/python3.7/site-packages/airflow/example_dags/example_xcomargs.py
[2025-10-05T17:30:10.371+0000] {processor.py:743} INFO - Processing file /home/airflow/.local/lib/python3.7/site-packages/airflow/example_dags/example_xcomargs.py for tasks to queue
[2025-10-05T17:30:10.372+0000] {logging_mixin.py:137} INFO - [2025-10-05T17:30:10.372+0000] {dagbag.py:538} INFO - Filling up the DagBag from /home/airflow/.local/lib/python3.7/site-packages/airflow/example_dags/example_xcomargs.py
[2025-10-05T17:30:10.399+0000] {processor.py:753} INFO - DAG(s) dict_keys(['example_xcom_args_with_operators', 'example_xcom_args']) retrieved from /home/airflow/.local/lib/python3.7/site-packages/airflow/example_dags/example_xcomargs.py
[2025-10-05T17:30:10.431+0000] {logging_mixin.py:137} INFO - [2025-10-05T17:30:10.431+0000] {dag.py:2690} INFO - Sync 2 DAGs
[2025-10-05T17:30:10.457+0000] {logging_mixin.py:137} INFO - [2025-10-05T17:30:10.457+0000] {dag.py:3441} INFO - Setting next_dagrun for example_xcom_args to None, run_after=None
[2025-10-05T17:30:10.461+0000] {logging_mixin.py:137} INFO - [2025-10-05T17:30:10.461+0000] {dag.py:3441} INFO - Setting next_dagrun for example_xcom_args_with_operators to None, run_after=None
[2025-10-05T17:30:10.484+0000] {processor.py:175} INFO - Processing /home/airflow/.local/lib/python3.7/site-packages/airflow/example_dags/example_xcomargs.py took 0.118 seconds
[2025-10-05T17:30:40.855+0000] {processor.py:153} INFO - Started process (PID=2251) to work on /home/airflow/.local/lib/python3.7/site-packages/airflow/example_dags/example_xcomargs.py
[2025-10-05T17:30:40.856+0000] {processor.py:743} INFO - Processing file /home/airflow/.local/lib/python3.7/site-packages/airflow/example_dags/example_xcomargs.py for tasks to queue
[2025-10-05T17:30:40.857+0000] {logging_mixin.py:137} INFO - [2025-10-05T17:30:40.857+0000] {dagbag.py:538} INFO - Filling up the DagBag from /home/airflow/.local/lib/python3.7/site-packages/airflow/example_dags/example_xcomargs.py
[2025-10-05T17:30:40.907+0000] {processor.py:753} INFO - DAG(s) dict_keys(['example_xcom_args', 'example_xcom_args_with_operators']) retrieved from /home/airflow/.local/lib/python3.7/site-packages/airflow/example_dags/example_xcomargs.py
[2025-10-05T17:30:40.958+0000] {logging_mixin.py:137} INFO - [2025-10-05T17:30:40.957+0000] {dag.py:2690} INFO - Sync 2 DAGs
[2025-10-05T17:30:40.988+0000] {logging_mixin.py:137} INFO - [2025-10-05T17:30:40.988+0000] {dag.py:3441} INFO - Setting next_dagrun for example_xcom_args to None, run_after=None
[2025-10-05T17:30:40.992+0000] {logging_mixin.py:137} INFO - [2025-10-05T17:30:40.992+0000] {dag.py:3441} INFO - Setting next_dagrun for example_xcom_args_with_operators to None, run_after=None
[2025-10-05T17:30:41.014+0000] {processor.py:175} INFO - Processing /home/airflow/.local/lib/python3.7/site-packages/airflow/example_dags/example_xcomargs.py took 0.164 seconds
[2025-10-05T17:31:11.967+0000] {processor.py:153} INFO - Started process (PID=2340) to work on /home/airflow/.local/lib/python3.7/site-packages/airflow/example_dags/example_xcomargs.py
[2025-10-05T17:31:11.969+0000] {processor.py:743} INFO - Processing file /home/airflow/.local/lib/python3.7/site-packages/airflow/example_dags/example_xcomargs.py for tasks to queue
[2025-10-05T17:31:11.971+0000] {logging_mixin.py:137} INFO - [2025-10-05T17:31:11.970+0000] {dagbag.py:538} INFO - Filling up the DagBag from /home/airflow/.local/lib/python3.7/site-packages/airflow/example_dags/example_xcomargs.py
[2025-10-05T17:31:11.999+0000] {processor.py:753} INFO - DAG(s) dict_keys(['example_xcom_args_with_operators', 'example_xcom_args']) retrieved from /home/airflow/.local/lib/python3.7/site-packages/airflow/example_dags/example_xcomargs.py
[2025-10-05T17:31:12.032+0000] {logging_mixin.py:137} INFO - [2025-10-05T17:31:12.032+0000] {dag.py:2690} INFO - Sync 2 DAGs
[2025-10-05T17:31:12.059+0000] {logging_mixin.py:137} INFO - [2025-10-05T17:31:12.059+0000] {dag.py:3441} INFO - Setting next_dagrun for example_xcom_args to None, run_after=None
[2025-10-05T17:31:12.064+0000] {logging_mixin.py:137} INFO - [2025-10-05T17:31:12.063+0000] {dag.py:3441} INFO - Setting next_dagrun for example_xcom_args_with_operators to None, run_after=None
[2025-10-05T17:31:12.086+0000] {processor.py:175} INFO - Processing /home/airflow/.local/lib/python3.7/site-packages/airflow/example_dags/example_xcomargs.py took 0.123 seconds
[2025-10-05T17:31:43.109+0000] {processor.py:153} INFO - Started process (PID=2454) to work on /home/airflow/.local/lib/python3.7/site-packages/airflow/example_dags/example_xcomargs.py
[2025-10-05T17:31:43.111+0000] {processor.py:743} INFO - Processing file /home/airflow/.local/lib/python3.7/site-packages/airflow/example_dags/example_xcomargs.py for tasks to queue
[2025-10-05T17:31:43.112+0000] {logging_mixin.py:137} INFO - [2025-10-05T17:31:43.112+0000] {dagbag.py:538} INFO - Filling up the DagBag from /home/airflow/.local/lib/python3.7/site-packages/airflow/example_dags/example_xcomargs.py
[2025-10-05T17:31:43.145+0000] {processor.py:753} INFO - DAG(s) dict_keys(['example_xcom_args', 'example_xcom_args_with_operators']) retrieved from /home/airflow/.local/lib/python3.7/site-packages/airflow/example_dags/example_xcomargs.py
[2025-10-05T17:31:43.182+0000] {logging_mixin.py:137} INFO - [2025-10-05T17:31:43.182+0000] {dag.py:2690} INFO - Sync 2 DAGs
[2025-10-05T17:31:43.212+0000] {logging_mixin.py:137} INFO - [2025-10-05T17:31:43.212+0000] {dag.py:3441} INFO - Setting next_dagrun for example_xcom_args to None, run_after=None
[2025-10-05T17:31:43.217+0000] {logging_mixin.py:137} INFO - [2025-10-05T17:31:43.217+0000] {dag.py:3441} INFO - Setting next_dagrun for example_xcom_args_with_operators to None, run_after=None
[2025-10-05T17:31:43.240+0000] {processor.py:175} INFO - Processing /home/airflow/.local/lib/python3.7/site-packages/airflow/example_dags/example_xcomargs.py took 0.136 seconds
[2025-10-05T17:32:13.716+0000] {processor.py:153} INFO - Started process (PID=2543) to work on /home/airflow/.local/lib/python3.7/site-packages/airflow/example_dags/example_xcomargs.py
[2025-10-05T17:32:13.717+0000] {processor.py:743} INFO - Processing file /home/airflow/.local/lib/python3.7/site-packages/airflow/example_dags/example_xcomargs.py for tasks to queue
[2025-10-05T17:32:13.719+0000] {logging_mixin.py:137} INFO - [2025-10-05T17:32:13.718+0000] {dagbag.py:538} INFO - Filling up the DagBag from /home/airflow/.local/lib/python3.7/site-packages/airflow/example_dags/example_xcomargs.py
[2025-10-05T17:32:13.746+0000] {processor.py:753} INFO - DAG(s) dict_keys(['example_xcom_args', 'example_xcom_args_with_operators']) retrieved from /home/airflow/.local/lib/python3.7/site-packages/airflow/example_dags/example_xcomargs.py
[2025-10-05T17:32:13.782+0000] {logging_mixin.py:137} INFO - [2025-10-05T17:32:13.782+0000] {dag.py:2690} INFO - Sync 2 DAGs
[2025-10-05T17:32:13.810+0000] {logging_mixin.py:137} INFO - [2025-10-05T17:32:13.810+0000] {dag.py:3441} INFO - Setting next_dagrun for example_xcom_args to None, run_after=None
[2025-10-05T17:32:13.815+0000] {logging_mixin.py:137} INFO - [2025-10-05T17:32:13.815+0000] {dag.py:3441} INFO - Setting next_dagrun for example_xcom_args_with_operators to None, run_after=None
[2025-10-05T17:32:13.839+0000] {processor.py:175} INFO - Processing /home/airflow/.local/lib/python3.7/site-packages/airflow/example_dags/example_xcomargs.py took 0.128 seconds
[2025-10-05T17:32:44.601+0000] {processor.py:153} INFO - Started process (PID=2656) to work on /home/airflow/.local/lib/python3.7/site-packages/airflow/example_dags/example_xcomargs.py
[2025-10-05T17:32:44.602+0000] {processor.py:743} INFO - Processing file /home/airflow/.local/lib/python3.7/site-packages/airflow/example_dags/example_xcomargs.py for tasks to queue
[2025-10-05T17:32:44.603+0000] {logging_mixin.py:137} INFO - [2025-10-05T17:32:44.603+0000] {dagbag.py:538} INFO - Filling up the DagBag from /home/airflow/.local/lib/python3.7/site-packages/airflow/example_dags/example_xcomargs.py
[2025-10-05T17:32:44.632+0000] {processor.py:753} INFO - DAG(s) dict_keys(['example_xcom_args', 'example_xcom_args_with_operators']) retrieved from /home/airflow/.local/lib/python3.7/site-packages/airflow/example_dags/example_xcomargs.py
[2025-10-05T17:32:44.668+0000] {logging_mixin.py:137} INFO - [2025-10-05T17:32:44.668+0000] {dag.py:2690} INFO - Sync 2 DAGs
[2025-10-05T17:32:44.695+0000] {logging_mixin.py:137} INFO - [2025-10-05T17:32:44.695+0000] {dag.py:3441} INFO - Setting next_dagrun for example_xcom_args to None, run_after=None
[2025-10-05T17:32:44.700+0000] {logging_mixin.py:137} INFO - [2025-10-05T17:32:44.700+0000] {dag.py:3441} INFO - Setting next_dagrun for example_xcom_args_with_operators to None, run_after=None
[2025-10-05T17:32:44.727+0000] {processor.py:175} INFO - Processing /home/airflow/.local/lib/python3.7/site-packages/airflow/example_dags/example_xcomargs.py took 0.130 seconds
[2025-10-05T17:33:15.088+0000] {processor.py:153} INFO - Started process (PID=2745) to work on /home/airflow/.local/lib/python3.7/site-packages/airflow/example_dags/example_xcomargs.py
[2025-10-05T17:33:15.090+0000] {processor.py:743} INFO - Processing file /home/airflow/.local/lib/python3.7/site-packages/airflow/example_dags/example_xcomargs.py for tasks to queue
[2025-10-05T17:33:15.091+0000] {logging_mixin.py:137} INFO - [2025-10-05T17:33:15.091+0000] {dagbag.py:538} INFO - Filling up the DagBag from /home/airflow/.local/lib/python3.7/site-packages/airflow/example_dags/example_xcomargs.py
[2025-10-05T17:33:15.126+0000] {processor.py:753} INFO - DAG(s) dict_keys(['example_xcom_args_with_operators', 'example_xcom_args']) retrieved from /home/airflow/.local/lib/python3.7/site-packages/airflow/example_dags/example_xcomargs.py
[2025-10-05T17:33:15.161+0000] {logging_mixin.py:137} INFO - [2025-10-05T17:33:15.161+0000] {dag.py:2690} INFO - Sync 2 DAGs
[2025-10-05T17:33:15.191+0000] {logging_mixin.py:137} INFO - [2025-10-05T17:33:15.191+0000] {dag.py:3441} INFO - Setting next_dagrun for example_xcom_args to None, run_after=None
[2025-10-05T17:33:15.195+0000] {logging_mixin.py:137} INFO - [2025-10-05T17:33:15.195+0000] {dag.py:3441} INFO - Setting next_dagrun for example_xcom_args_with_operators to None, run_after=None
[2025-10-05T17:33:15.221+0000] {processor.py:175} INFO - Processing /home/airflow/.local/lib/python3.7/site-packages/airflow/example_dags/example_xcomargs.py took 0.138 seconds
[2025-10-05T17:33:45.396+0000] {processor.py:153} INFO - Started process (PID=2833) to work on /home/airflow/.local/lib/python3.7/site-packages/airflow/example_dags/example_xcomargs.py
[2025-10-05T17:33:45.397+0000] {processor.py:743} INFO - Processing file /home/airflow/.local/lib/python3.7/site-packages/airflow/example_dags/example_xcomargs.py for tasks to queue
[2025-10-05T17:33:45.398+0000] {logging_mixin.py:137} INFO - [2025-10-05T17:33:45.398+0000] {dagbag.py:538} INFO - Filling up the DagBag from /home/airflow/.local/lib/python3.7/site-packages/airflow/example_dags/example_xcomargs.py
[2025-10-05T17:33:45.431+0000] {processor.py:753} INFO - DAG(s) dict_keys(['example_xcom_args', 'example_xcom_args_with_operators']) retrieved from /home/airflow/.local/lib/python3.7/site-packages/airflow/example_dags/example_xcomargs.py
[2025-10-05T17:33:45.470+0000] {logging_mixin.py:137} INFO - [2025-10-05T17:33:45.469+0000] {dag.py:2690} INFO - Sync 2 DAGs
[2025-10-05T17:33:45.500+0000] {logging_mixin.py:137} INFO - [2025-10-05T17:33:45.500+0000] {dag.py:3441} INFO - Setting next_dagrun for example_xcom_args to None, run_after=None
[2025-10-05T17:33:45.504+0000] {logging_mixin.py:137} INFO - [2025-10-05T17:33:45.504+0000] {dag.py:3441} INFO - Setting next_dagrun for example_xcom_args_with_operators to None, run_after=None
[2025-10-05T17:33:45.526+0000] {processor.py:175} INFO - Processing /home/airflow/.local/lib/python3.7/site-packages/airflow/example_dags/example_xcomargs.py took 0.135 seconds
[2025-10-05T17:34:16.189+0000] {processor.py:153} INFO - Started process (PID=2946) to work on /home/airflow/.local/lib/python3.7/site-packages/airflow/example_dags/example_xcomargs.py
[2025-10-05T17:34:16.190+0000] {processor.py:743} INFO - Processing file /home/airflow/.local/lib/python3.7/site-packages/airflow/example_dags/example_xcomargs.py for tasks to queue
[2025-10-05T17:34:16.192+0000] {logging_mixin.py:137} INFO - [2025-10-05T17:34:16.191+0000] {dagbag.py:538} INFO - Filling up the DagBag from /home/airflow/.local/lib/python3.7/site-packages/airflow/example_dags/example_xcomargs.py
[2025-10-05T17:34:16.219+0000] {processor.py:753} INFO - DAG(s) dict_keys(['example_xcom_args_with_operators', 'example_xcom_args']) retrieved from /home/airflow/.local/lib/python3.7/site-packages/airflow/example_dags/example_xcomargs.py
[2025-10-05T17:34:16.254+0000] {logging_mixin.py:137} INFO - [2025-10-05T17:34:16.253+0000] {dag.py:2690} INFO - Sync 2 DAGs
[2025-10-05T17:34:16.280+0000] {logging_mixin.py:137} INFO - [2025-10-05T17:34:16.280+0000] {dag.py:3441} INFO - Setting next_dagrun for example_xcom_args to None, run_after=None
[2025-10-05T17:34:16.285+0000] {logging_mixin.py:137} INFO - [2025-10-05T17:34:16.285+0000] {dag.py:3441} INFO - Setting next_dagrun for example_xcom_args_with_operators to None, run_after=None
[2025-10-05T17:34:16.306+0000] {processor.py:175} INFO - Processing /home/airflow/.local/lib/python3.7/site-packages/airflow/example_dags/example_xcomargs.py took 0.122 seconds
[2025-10-05T17:34:46.462+0000] {processor.py:153} INFO - Started process (PID=3035) to work on /home/airflow/.local/lib/python3.7/site-packages/airflow/example_dags/example_xcomargs.py
[2025-10-05T17:34:46.463+0000] {processor.py:743} INFO - Processing file /home/airflow/.local/lib/python3.7/site-packages/airflow/example_dags/example_xcomargs.py for tasks to queue
[2025-10-05T17:34:46.464+0000] {logging_mixin.py:137} INFO - [2025-10-05T17:34:46.464+0000] {dagbag.py:538} INFO - Filling up the DagBag from /home/airflow/.local/lib/python3.7/site-packages/airflow/example_dags/example_xcomargs.py
[2025-10-05T17:34:46.495+0000] {processor.py:753} INFO - DAG(s) dict_keys(['example_xcom_args_with_operators', 'example_xcom_args']) retrieved from /home/airflow/.local/lib/python3.7/site-packages/airflow/example_dags/example_xcomargs.py
[2025-10-05T17:34:46.532+0000] {logging_mixin.py:137} INFO - [2025-10-05T17:34:46.532+0000] {dag.py:2690} INFO - Sync 2 DAGs
[2025-10-05T17:34:46.561+0000] {logging_mixin.py:137} INFO - [2025-10-05T17:34:46.561+0000] {dag.py:3441} INFO - Setting next_dagrun for example_xcom_args to None, run_after=None
[2025-10-05T17:34:46.565+0000] {logging_mixin.py:137} INFO - [2025-10-05T17:34:46.565+0000] {dag.py:3441} INFO - Setting next_dagrun for example_xcom_args_with_operators to None, run_after=None
[2025-10-05T17:34:46.592+0000] {processor.py:175} INFO - Processing /home/airflow/.local/lib/python3.7/site-packages/airflow/example_dags/example_xcomargs.py took 0.134 seconds
[2025-10-05T17:35:16.969+0000] {processor.py:153} INFO - Started process (PID=3124) to work on /home/airflow/.local/lib/python3.7/site-packages/airflow/example_dags/example_xcomargs.py
[2025-10-05T17:35:16.971+0000] {processor.py:743} INFO - Processing file /home/airflow/.local/lib/python3.7/site-packages/airflow/example_dags/example_xcomargs.py for tasks to queue
[2025-10-05T17:35:16.972+0000] {logging_mixin.py:137} INFO - [2025-10-05T17:35:16.972+0000] {dagbag.py:538} INFO - Filling up the DagBag from /home/airflow/.local/lib/python3.7/site-packages/airflow/example_dags/example_xcomargs.py
[2025-10-05T17:35:17.003+0000] {processor.py:753} INFO - DAG(s) dict_keys(['example_xcom_args', 'example_xcom_args_with_operators']) retrieved from /home/airflow/.local/lib/python3.7/site-packages/airflow/example_dags/example_xcomargs.py
[2025-10-05T17:35:17.051+0000] {logging_mixin.py:137} INFO - [2025-10-05T17:35:17.050+0000] {dag.py:2690} INFO - Sync 2 DAGs
[2025-10-05T17:35:17.086+0000] {logging_mixin.py:137} INFO - [2025-10-05T17:35:17.086+0000] {dag.py:3441} INFO - Setting next_dagrun for example_xcom_args to None, run_after=None
[2025-10-05T17:35:17.092+0000] {logging_mixin.py:137} INFO - [2025-10-05T17:35:17.091+0000] {dag.py:3441} INFO - Setting next_dagrun for example_xcom_args_with_operators to None, run_after=None
[2025-10-05T17:35:17.119+0000] {processor.py:175} INFO - Processing /home/airflow/.local/lib/python3.7/site-packages/airflow/example_dags/example_xcomargs.py took 0.155 seconds
[2025-10-05T17:35:47.476+0000] {processor.py:153} INFO - Started process (PID=3237) to work on /home/airflow/.local/lib/python3.7/site-packages/airflow/example_dags/example_xcomargs.py
[2025-10-05T17:35:47.477+0000] {processor.py:743} INFO - Processing file /home/airflow/.local/lib/python3.7/site-packages/airflow/example_dags/example_xcomargs.py for tasks to queue
[2025-10-05T17:35:47.479+0000] {logging_mixin.py:137} INFO - [2025-10-05T17:35:47.478+0000] {dagbag.py:538} INFO - Filling up the DagBag from /home/airflow/.local/lib/python3.7/site-packages/airflow/example_dags/example_xcomargs.py
[2025-10-05T17:35:47.506+0000] {processor.py:753} INFO - DAG(s) dict_keys(['example_xcom_args', 'example_xcom_args_with_operators']) retrieved from /home/airflow/.local/lib/python3.7/site-packages/airflow/example_dags/example_xcomargs.py
[2025-10-05T17:35:47.549+0000] {logging_mixin.py:137} INFO - [2025-10-05T17:35:47.549+0000] {dag.py:2690} INFO - Sync 2 DAGs
[2025-10-05T17:35:47.577+0000] {logging_mixin.py:137} INFO - [2025-10-05T17:35:47.576+0000] {dag.py:3441} INFO - Setting next_dagrun for example_xcom_args to None, run_after=None
[2025-10-05T17:35:47.581+0000] {logging_mixin.py:137} INFO - [2025-10-05T17:35:47.581+0000] {dag.py:3441} INFO - Setting next_dagrun for example_xcom_args_with_operators to None, run_after=None
[2025-10-05T17:35:47.604+0000] {processor.py:175} INFO - Processing /home/airflow/.local/lib/python3.7/site-packages/airflow/example_dags/example_xcomargs.py took 0.132 seconds
[2025-10-05T17:36:18.398+0000] {processor.py:153} INFO - Started process (PID=3326) to work on /home/airflow/.local/lib/python3.7/site-packages/airflow/example_dags/example_xcomargs.py
[2025-10-05T17:36:18.399+0000] {processor.py:743} INFO - Processing file /home/airflow/.local/lib/python3.7/site-packages/airflow/example_dags/example_xcomargs.py for tasks to queue
[2025-10-05T17:36:18.400+0000] {logging_mixin.py:137} INFO - [2025-10-05T17:36:18.400+0000] {dagbag.py:538} INFO - Filling up the DagBag from /home/airflow/.local/lib/python3.7/site-packages/airflow/example_dags/example_xcomargs.py
[2025-10-05T17:36:18.428+0000] {processor.py:753} INFO - DAG(s) dict_keys(['example_xcom_args_with_operators', 'example_xcom_args']) retrieved from /home/airflow/.local/lib/python3.7/site-packages/airflow/example_dags/example_xcomargs.py
[2025-10-05T17:36:18.463+0000] {logging_mixin.py:137} INFO - [2025-10-05T17:36:18.463+0000] {dag.py:2690} INFO - Sync 2 DAGs
[2025-10-05T17:36:18.490+0000] {logging_mixin.py:137} INFO - [2025-10-05T17:36:18.490+0000] {dag.py:3441} INFO - Setting next_dagrun for example_xcom_args to None, run_after=None
[2025-10-05T17:36:18.494+0000] {logging_mixin.py:137} INFO - [2025-10-05T17:36:18.494+0000] {dag.py:3441} INFO - Setting next_dagrun for example_xcom_args_with_operators to None, run_after=None
[2025-10-05T17:36:18.518+0000] {processor.py:175} INFO - Processing /home/airflow/.local/lib/python3.7/site-packages/airflow/example_dags/example_xcomargs.py took 0.126 seconds
[2025-10-05T17:36:49.235+0000] {processor.py:153} INFO - Started process (PID=3440) to work on /home/airflow/.local/lib/python3.7/site-packages/airflow/example_dags/example_xcomargs.py
[2025-10-05T17:36:49.237+0000] {processor.py:743} INFO - Processing file /home/airflow/.local/lib/python3.7/site-packages/airflow/example_dags/example_xcomargs.py for tasks to queue
[2025-10-05T17:36:49.239+0000] {logging_mixin.py:137} INFO - [2025-10-05T17:36:49.238+0000] {dagbag.py:538} INFO - Filling up the DagBag from /home/airflow/.local/lib/python3.7/site-packages/airflow/example_dags/example_xcomargs.py
[2025-10-05T17:36:49.271+0000] {processor.py:753} INFO - DAG(s) dict_keys(['example_xcom_args', 'example_xcom_args_with_operators']) retrieved from /home/airflow/.local/lib/python3.7/site-packages/airflow/example_dags/example_xcomargs.py
[2025-10-05T17:36:49.319+0000] {logging_mixin.py:137} INFO - [2025-10-05T17:36:49.318+0000] {dag.py:2690} INFO - Sync 2 DAGs
[2025-10-05T17:36:49.351+0000] {logging_mixin.py:137} INFO - [2025-10-05T17:36:49.351+0000] {dag.py:3441} INFO - Setting next_dagrun for example_xcom_args to None, run_after=None
[2025-10-05T17:36:49.358+0000] {logging_mixin.py:137} INFO - [2025-10-05T17:36:49.357+0000] {dag.py:3441} INFO - Setting next_dagrun for example_xcom_args_with_operators to None, run_after=None
[2025-10-05T17:36:49.384+0000] {processor.py:175} INFO - Processing /home/airflow/.local/lib/python3.7/site-packages/airflow/example_dags/example_xcomargs.py took 0.154 seconds
