[2025-10-05T17:19:27.390+0000] {processor.py:153} INFO - Started process (PID=98) to work on /home/airflow/.local/lib/python3.7/site-packages/airflow/example_dags/example_task_group.py
[2025-10-05T17:19:27.392+0000] {processor.py:743} INFO - Processing file /home/airflow/.local/lib/python3.7/site-packages/airflow/example_dags/example_task_group.py for tasks to queue
[2025-10-05T17:19:27.394+0000] {logging_mixin.py:137} INFO - [2025-10-05T17:19:27.394+0000] {dagbag.py:538} INFO - Filling up the DagBag from /home/airflow/.local/lib/python3.7/site-packages/airflow/example_dags/example_task_group.py
[2025-10-05T17:19:27.420+0000] {processor.py:753} INFO - DAG(s) dict_keys(['example_task_group']) retrieved from /home/airflow/.local/lib/python3.7/site-packages/airflow/example_dags/example_task_group.py
[2025-10-05T17:19:27.479+0000] {logging_mixin.py:137} INFO - [2025-10-05T17:19:27.479+0000] {dag.py:2690} INFO - Sync 1 DAGs
[2025-10-05T17:19:27.536+0000] {logging_mixin.py:137} INFO - [2025-10-05T17:19:27.536+0000] {dag.py:3441} INFO - Setting next_dagrun for example_task_group to 2025-10-04T17:19:27.535964+00:00, run_after=2025-10-05T17:19:27.535964+00:00
[2025-10-05T17:19:27.581+0000] {processor.py:175} INFO - Processing /home/airflow/.local/lib/python3.7/site-packages/airflow/example_dags/example_task_group.py took 0.196 seconds
[2025-10-05T17:19:58.003+0000] {processor.py:153} INFO - Started process (PID=187) to work on /home/airflow/.local/lib/python3.7/site-packages/airflow/example_dags/example_task_group.py
[2025-10-05T17:19:58.005+0000] {processor.py:743} INFO - Processing file /home/airflow/.local/lib/python3.7/site-packages/airflow/example_dags/example_task_group.py for tasks to queue
[2025-10-05T17:19:58.006+0000] {logging_mixin.py:137} INFO - [2025-10-05T17:19:58.006+0000] {dagbag.py:538} INFO - Filling up the DagBag from /home/airflow/.local/lib/python3.7/site-packages/airflow/example_dags/example_task_group.py
[2025-10-05T17:19:58.024+0000] {processor.py:753} INFO - DAG(s) dict_keys(['example_task_group']) retrieved from /home/airflow/.local/lib/python3.7/site-packages/airflow/example_dags/example_task_group.py
[2025-10-05T17:19:58.064+0000] {logging_mixin.py:137} INFO - [2025-10-05T17:19:58.064+0000] {dag.py:2690} INFO - Sync 1 DAGs
[2025-10-05T17:19:58.093+0000] {logging_mixin.py:137} INFO - [2025-10-05T17:19:58.093+0000] {dag.py:3441} INFO - Setting next_dagrun for example_task_group to 2025-10-04T17:19:58.092893+00:00, run_after=2025-10-05T17:19:58.092893+00:00
[2025-10-05T17:19:58.122+0000] {processor.py:175} INFO - Processing /home/airflow/.local/lib/python3.7/site-packages/airflow/example_dags/example_task_group.py took 0.122 seconds
[2025-10-05T17:20:28.746+0000] {processor.py:153} INFO - Started process (PID=300) to work on /home/airflow/.local/lib/python3.7/site-packages/airflow/example_dags/example_task_group.py
[2025-10-05T17:20:28.748+0000] {processor.py:743} INFO - Processing file /home/airflow/.local/lib/python3.7/site-packages/airflow/example_dags/example_task_group.py for tasks to queue
[2025-10-05T17:20:28.749+0000] {logging_mixin.py:137} INFO - [2025-10-05T17:20:28.749+0000] {dagbag.py:538} INFO - Filling up the DagBag from /home/airflow/.local/lib/python3.7/site-packages/airflow/example_dags/example_task_group.py
[2025-10-05T17:20:28.769+0000] {processor.py:753} INFO - DAG(s) dict_keys(['example_task_group']) retrieved from /home/airflow/.local/lib/python3.7/site-packages/airflow/example_dags/example_task_group.py
[2025-10-05T17:20:28.802+0000] {logging_mixin.py:137} INFO - [2025-10-05T17:20:28.802+0000] {dag.py:2690} INFO - Sync 1 DAGs
[2025-10-05T17:20:28.834+0000] {logging_mixin.py:137} INFO - [2025-10-05T17:20:28.834+0000] {dag.py:3441} INFO - Setting next_dagrun for example_task_group to 2025-10-04T17:20:28.834275+00:00, run_after=2025-10-05T17:20:28.834275+00:00
[2025-10-05T17:20:28.860+0000] {processor.py:175} INFO - Processing /home/airflow/.local/lib/python3.7/site-packages/airflow/example_dags/example_task_group.py took 0.118 seconds
[2025-10-05T17:20:59.634+0000] {processor.py:153} INFO - Started process (PID=389) to work on /home/airflow/.local/lib/python3.7/site-packages/airflow/example_dags/example_task_group.py
[2025-10-05T17:20:59.636+0000] {processor.py:743} INFO - Processing file /home/airflow/.local/lib/python3.7/site-packages/airflow/example_dags/example_task_group.py for tasks to queue
[2025-10-05T17:20:59.637+0000] {logging_mixin.py:137} INFO - [2025-10-05T17:20:59.637+0000] {dagbag.py:538} INFO - Filling up the DagBag from /home/airflow/.local/lib/python3.7/site-packages/airflow/example_dags/example_task_group.py
[2025-10-05T17:20:59.657+0000] {processor.py:753} INFO - DAG(s) dict_keys(['example_task_group']) retrieved from /home/airflow/.local/lib/python3.7/site-packages/airflow/example_dags/example_task_group.py
[2025-10-05T17:20:59.694+0000] {logging_mixin.py:137} INFO - [2025-10-05T17:20:59.694+0000] {dag.py:2690} INFO - Sync 1 DAGs
[2025-10-05T17:20:59.725+0000] {logging_mixin.py:137} INFO - [2025-10-05T17:20:59.725+0000] {dag.py:3441} INFO - Setting next_dagrun for example_task_group to 2025-10-04T17:20:59.725416+00:00, run_after=2025-10-05T17:20:59.725416+00:00
[2025-10-05T17:20:59.756+0000] {processor.py:175} INFO - Processing /home/airflow/.local/lib/python3.7/site-packages/airflow/example_dags/example_task_group.py took 0.126 seconds
[2025-10-05T17:21:31.120+0000] {processor.py:153} INFO - Started process (PID=502) to work on /home/airflow/.local/lib/python3.7/site-packages/airflow/example_dags/example_task_group.py
[2025-10-05T17:21:31.122+0000] {processor.py:743} INFO - Processing file /home/airflow/.local/lib/python3.7/site-packages/airflow/example_dags/example_task_group.py for tasks to queue
[2025-10-05T17:21:31.123+0000] {logging_mixin.py:137} INFO - [2025-10-05T17:21:31.123+0000] {dagbag.py:538} INFO - Filling up the DagBag from /home/airflow/.local/lib/python3.7/site-packages/airflow/example_dags/example_task_group.py
[2025-10-05T17:21:31.149+0000] {processor.py:753} INFO - DAG(s) dict_keys(['example_task_group']) retrieved from /home/airflow/.local/lib/python3.7/site-packages/airflow/example_dags/example_task_group.py
[2025-10-05T17:21:31.189+0000] {logging_mixin.py:137} INFO - [2025-10-05T17:21:31.189+0000] {dag.py:2690} INFO - Sync 1 DAGs
[2025-10-05T17:21:31.223+0000] {logging_mixin.py:137} INFO - [2025-10-05T17:21:31.223+0000] {dag.py:3441} INFO - Setting next_dagrun for example_task_group to 2025-10-04T17:21:31.223315+00:00, run_after=2025-10-05T17:21:31.223315+00:00
[2025-10-05T17:21:31.256+0000] {processor.py:175} INFO - Processing /home/airflow/.local/lib/python3.7/site-packages/airflow/example_dags/example_task_group.py took 0.141 seconds
[2025-10-05T17:22:01.453+0000] {processor.py:153} INFO - Started process (PID=591) to work on /home/airflow/.local/lib/python3.7/site-packages/airflow/example_dags/example_task_group.py
[2025-10-05T17:22:01.455+0000] {processor.py:743} INFO - Processing file /home/airflow/.local/lib/python3.7/site-packages/airflow/example_dags/example_task_group.py for tasks to queue
[2025-10-05T17:22:01.456+0000] {logging_mixin.py:137} INFO - [2025-10-05T17:22:01.456+0000] {dagbag.py:538} INFO - Filling up the DagBag from /home/airflow/.local/lib/python3.7/site-packages/airflow/example_dags/example_task_group.py
[2025-10-05T17:22:01.478+0000] {processor.py:753} INFO - DAG(s) dict_keys(['example_task_group']) retrieved from /home/airflow/.local/lib/python3.7/site-packages/airflow/example_dags/example_task_group.py
[2025-10-05T17:22:01.516+0000] {logging_mixin.py:137} INFO - [2025-10-05T17:22:01.516+0000] {dag.py:2690} INFO - Sync 1 DAGs
[2025-10-05T17:22:01.547+0000] {logging_mixin.py:137} INFO - [2025-10-05T17:22:01.547+0000] {dag.py:3441} INFO - Setting next_dagrun for example_task_group to 2025-10-04T17:22:01.547078+00:00, run_after=2025-10-05T17:22:01.547078+00:00
[2025-10-05T17:22:01.575+0000] {processor.py:175} INFO - Processing /home/airflow/.local/lib/python3.7/site-packages/airflow/example_dags/example_task_group.py took 0.127 seconds
[2025-10-05T17:22:31.854+0000] {processor.py:153} INFO - Started process (PID=680) to work on /home/airflow/.local/lib/python3.7/site-packages/airflow/example_dags/example_task_group.py
[2025-10-05T17:22:31.855+0000] {processor.py:743} INFO - Processing file /home/airflow/.local/lib/python3.7/site-packages/airflow/example_dags/example_task_group.py for tasks to queue
[2025-10-05T17:22:31.856+0000] {logging_mixin.py:137} INFO - [2025-10-05T17:22:31.856+0000] {dagbag.py:538} INFO - Filling up the DagBag from /home/airflow/.local/lib/python3.7/site-packages/airflow/example_dags/example_task_group.py
[2025-10-05T17:22:31.876+0000] {processor.py:753} INFO - DAG(s) dict_keys(['example_task_group']) retrieved from /home/airflow/.local/lib/python3.7/site-packages/airflow/example_dags/example_task_group.py
[2025-10-05T17:22:31.912+0000] {logging_mixin.py:137} INFO - [2025-10-05T17:22:31.911+0000] {dag.py:2690} INFO - Sync 1 DAGs
[2025-10-05T17:22:31.941+0000] {logging_mixin.py:137} INFO - [2025-10-05T17:22:31.941+0000] {dag.py:3441} INFO - Setting next_dagrun for example_task_group to 2025-10-04T17:22:31.941465+00:00, run_after=2025-10-05T17:22:31.941465+00:00
[2025-10-05T17:22:31.967+0000] {processor.py:175} INFO - Processing /home/airflow/.local/lib/python3.7/site-packages/airflow/example_dags/example_task_group.py took 0.118 seconds
[2025-10-05T17:23:02.438+0000] {processor.py:153} INFO - Started process (PID=793) to work on /home/airflow/.local/lib/python3.7/site-packages/airflow/example_dags/example_task_group.py
[2025-10-05T17:23:02.440+0000] {processor.py:743} INFO - Processing file /home/airflow/.local/lib/python3.7/site-packages/airflow/example_dags/example_task_group.py for tasks to queue
[2025-10-05T17:23:02.441+0000] {logging_mixin.py:137} INFO - [2025-10-05T17:23:02.441+0000] {dagbag.py:538} INFO - Filling up the DagBag from /home/airflow/.local/lib/python3.7/site-packages/airflow/example_dags/example_task_group.py
[2025-10-05T17:23:02.463+0000] {processor.py:753} INFO - DAG(s) dict_keys(['example_task_group']) retrieved from /home/airflow/.local/lib/python3.7/site-packages/airflow/example_dags/example_task_group.py
[2025-10-05T17:23:02.499+0000] {logging_mixin.py:137} INFO - [2025-10-05T17:23:02.499+0000] {dag.py:2690} INFO - Sync 1 DAGs
[2025-10-05T17:23:02.529+0000] {logging_mixin.py:137} INFO - [2025-10-05T17:23:02.529+0000] {dag.py:3441} INFO - Setting next_dagrun for example_task_group to 2025-10-04T17:23:02.529371+00:00, run_after=2025-10-05T17:23:02.529371+00:00
[2025-10-05T17:23:02.557+0000] {processor.py:175} INFO - Processing /home/airflow/.local/lib/python3.7/site-packages/airflow/example_dags/example_task_group.py took 0.125 seconds
[2025-10-05T17:23:33.256+0000] {processor.py:153} INFO - Started process (PID=883) to work on /home/airflow/.local/lib/python3.7/site-packages/airflow/example_dags/example_task_group.py
[2025-10-05T17:23:33.258+0000] {processor.py:743} INFO - Processing file /home/airflow/.local/lib/python3.7/site-packages/airflow/example_dags/example_task_group.py for tasks to queue
[2025-10-05T17:23:33.259+0000] {logging_mixin.py:137} INFO - [2025-10-05T17:23:33.258+0000] {dagbag.py:538} INFO - Filling up the DagBag from /home/airflow/.local/lib/python3.7/site-packages/airflow/example_dags/example_task_group.py
[2025-10-05T17:23:33.276+0000] {processor.py:753} INFO - DAG(s) dict_keys(['example_task_group']) retrieved from /home/airflow/.local/lib/python3.7/site-packages/airflow/example_dags/example_task_group.py
[2025-10-05T17:23:33.309+0000] {logging_mixin.py:137} INFO - [2025-10-05T17:23:33.308+0000] {dag.py:2690} INFO - Sync 1 DAGs
[2025-10-05T17:23:33.335+0000] {logging_mixin.py:137} INFO - [2025-10-05T17:23:33.334+0000] {dag.py:3441} INFO - Setting next_dagrun for example_task_group to 2025-10-04T17:23:33.334631+00:00, run_after=2025-10-05T17:23:33.334631+00:00
[2025-10-05T17:23:33.360+0000] {processor.py:175} INFO - Processing /home/airflow/.local/lib/python3.7/site-packages/airflow/example_dags/example_task_group.py took 0.107 seconds
[2025-10-05T17:24:03.910+0000] {processor.py:153} INFO - Started process (PID=996) to work on /home/airflow/.local/lib/python3.7/site-packages/airflow/example_dags/example_task_group.py
[2025-10-05T17:24:03.912+0000] {processor.py:743} INFO - Processing file /home/airflow/.local/lib/python3.7/site-packages/airflow/example_dags/example_task_group.py for tasks to queue
[2025-10-05T17:24:03.913+0000] {logging_mixin.py:137} INFO - [2025-10-05T17:24:03.913+0000] {dagbag.py:538} INFO - Filling up the DagBag from /home/airflow/.local/lib/python3.7/site-packages/airflow/example_dags/example_task_group.py
[2025-10-05T17:24:03.932+0000] {processor.py:753} INFO - DAG(s) dict_keys(['example_task_group']) retrieved from /home/airflow/.local/lib/python3.7/site-packages/airflow/example_dags/example_task_group.py
[2025-10-05T17:24:03.962+0000] {logging_mixin.py:137} INFO - [2025-10-05T17:24:03.961+0000] {dag.py:2690} INFO - Sync 1 DAGs
[2025-10-05T17:24:03.989+0000] {logging_mixin.py:137} INFO - [2025-10-05T17:24:03.989+0000] {dag.py:3441} INFO - Setting next_dagrun for example_task_group to 2025-10-04T17:24:03.988955+00:00, run_after=2025-10-05T17:24:03.988955+00:00
[2025-10-05T17:24:04.015+0000] {processor.py:175} INFO - Processing /home/airflow/.local/lib/python3.7/site-packages/airflow/example_dags/example_task_group.py took 0.109 seconds
[2025-10-05T17:24:34.520+0000] {processor.py:153} INFO - Started process (PID=1085) to work on /home/airflow/.local/lib/python3.7/site-packages/airflow/example_dags/example_task_group.py
[2025-10-05T17:24:34.521+0000] {processor.py:743} INFO - Processing file /home/airflow/.local/lib/python3.7/site-packages/airflow/example_dags/example_task_group.py for tasks to queue
[2025-10-05T17:24:34.522+0000] {logging_mixin.py:137} INFO - [2025-10-05T17:24:34.522+0000] {dagbag.py:538} INFO - Filling up the DagBag from /home/airflow/.local/lib/python3.7/site-packages/airflow/example_dags/example_task_group.py
[2025-10-05T17:24:34.540+0000] {processor.py:753} INFO - DAG(s) dict_keys(['example_task_group']) retrieved from /home/airflow/.local/lib/python3.7/site-packages/airflow/example_dags/example_task_group.py
[2025-10-05T17:24:34.567+0000] {logging_mixin.py:137} INFO - [2025-10-05T17:24:34.567+0000] {dag.py:2690} INFO - Sync 1 DAGs
[2025-10-05T17:24:34.594+0000] {logging_mixin.py:137} INFO - [2025-10-05T17:24:34.594+0000] {dag.py:3441} INFO - Setting next_dagrun for example_task_group to 2025-10-04T17:24:34.593815+00:00, run_after=2025-10-05T17:24:34.593815+00:00
[2025-10-05T17:24:34.618+0000] {processor.py:175} INFO - Processing /home/airflow/.local/lib/python3.7/site-packages/airflow/example_dags/example_task_group.py took 0.102 seconds
[2025-10-05T17:25:05.394+0000] {processor.py:153} INFO - Started process (PID=1183) to work on /home/airflow/.local/lib/python3.7/site-packages/airflow/example_dags/example_task_group.py
[2025-10-05T17:25:05.396+0000] {processor.py:743} INFO - Processing file /home/airflow/.local/lib/python3.7/site-packages/airflow/example_dags/example_task_group.py for tasks to queue
[2025-10-05T17:25:05.397+0000] {logging_mixin.py:137} INFO - [2025-10-05T17:25:05.397+0000] {dagbag.py:538} INFO - Filling up the DagBag from /home/airflow/.local/lib/python3.7/site-packages/airflow/example_dags/example_task_group.py
[2025-10-05T17:25:05.416+0000] {processor.py:753} INFO - DAG(s) dict_keys(['example_task_group']) retrieved from /home/airflow/.local/lib/python3.7/site-packages/airflow/example_dags/example_task_group.py
[2025-10-05T17:25:05.450+0000] {logging_mixin.py:137} INFO - [2025-10-05T17:25:05.450+0000] {dag.py:2690} INFO - Sync 1 DAGs
[2025-10-05T17:25:05.481+0000] {logging_mixin.py:137} INFO - [2025-10-05T17:25:05.481+0000] {dag.py:3441} INFO - Setting next_dagrun for example_task_group to 2025-10-04T17:25:05.481446+00:00, run_after=2025-10-05T17:25:05.481446+00:00
[2025-10-05T17:25:05.518+0000] {processor.py:175} INFO - Processing /home/airflow/.local/lib/python3.7/site-packages/airflow/example_dags/example_task_group.py took 0.129 seconds
[2025-10-05T17:25:36.344+0000] {processor.py:153} INFO - Started process (PID=1287) to work on /home/airflow/.local/lib/python3.7/site-packages/airflow/example_dags/example_task_group.py
[2025-10-05T17:25:36.345+0000] {processor.py:743} INFO - Processing file /home/airflow/.local/lib/python3.7/site-packages/airflow/example_dags/example_task_group.py for tasks to queue
[2025-10-05T17:25:36.347+0000] {logging_mixin.py:137} INFO - [2025-10-05T17:25:36.347+0000] {dagbag.py:538} INFO - Filling up the DagBag from /home/airflow/.local/lib/python3.7/site-packages/airflow/example_dags/example_task_group.py
[2025-10-05T17:25:36.364+0000] {processor.py:753} INFO - DAG(s) dict_keys(['example_task_group']) retrieved from /home/airflow/.local/lib/python3.7/site-packages/airflow/example_dags/example_task_group.py
[2025-10-05T17:25:36.395+0000] {logging_mixin.py:137} INFO - [2025-10-05T17:25:36.395+0000] {dag.py:2690} INFO - Sync 1 DAGs
[2025-10-05T17:25:36.423+0000] {logging_mixin.py:137} INFO - [2025-10-05T17:25:36.423+0000] {dag.py:3441} INFO - Setting next_dagrun for example_task_group to 2025-10-04T17:25:36.422965+00:00, run_after=2025-10-05T17:25:36.422965+00:00
[2025-10-05T17:25:36.449+0000] {processor.py:175} INFO - Processing /home/airflow/.local/lib/python3.7/site-packages/airflow/example_dags/example_task_group.py took 0.109 seconds
[2025-10-05T17:26:07.095+0000] {processor.py:153} INFO - Started process (PID=1376) to work on /home/airflow/.local/lib/python3.7/site-packages/airflow/example_dags/example_task_group.py
[2025-10-05T17:26:07.097+0000] {processor.py:743} INFO - Processing file /home/airflow/.local/lib/python3.7/site-packages/airflow/example_dags/example_task_group.py for tasks to queue
[2025-10-05T17:26:07.098+0000] {logging_mixin.py:137} INFO - [2025-10-05T17:26:07.098+0000] {dagbag.py:538} INFO - Filling up the DagBag from /home/airflow/.local/lib/python3.7/site-packages/airflow/example_dags/example_task_group.py
[2025-10-05T17:26:07.118+0000] {processor.py:753} INFO - DAG(s) dict_keys(['example_task_group']) retrieved from /home/airflow/.local/lib/python3.7/site-packages/airflow/example_dags/example_task_group.py
[2025-10-05T17:26:07.153+0000] {logging_mixin.py:137} INFO - [2025-10-05T17:26:07.153+0000] {dag.py:2690} INFO - Sync 1 DAGs
[2025-10-05T17:26:07.182+0000] {logging_mixin.py:137} INFO - [2025-10-05T17:26:07.182+0000] {dag.py:3441} INFO - Setting next_dagrun for example_task_group to 2025-10-04T17:26:07.182493+00:00, run_after=2025-10-05T17:26:07.182493+00:00
[2025-10-05T17:26:07.209+0000] {processor.py:175} INFO - Processing /home/airflow/.local/lib/python3.7/site-packages/airflow/example_dags/example_task_group.py took 0.118 seconds
[2025-10-05T17:26:38.197+0000] {processor.py:153} INFO - Started process (PID=1489) to work on /home/airflow/.local/lib/python3.7/site-packages/airflow/example_dags/example_task_group.py
[2025-10-05T17:26:38.198+0000] {processor.py:743} INFO - Processing file /home/airflow/.local/lib/python3.7/site-packages/airflow/example_dags/example_task_group.py for tasks to queue
[2025-10-05T17:26:38.200+0000] {logging_mixin.py:137} INFO - [2025-10-05T17:26:38.199+0000] {dagbag.py:538} INFO - Filling up the DagBag from /home/airflow/.local/lib/python3.7/site-packages/airflow/example_dags/example_task_group.py
[2025-10-05T17:26:38.220+0000] {processor.py:753} INFO - DAG(s) dict_keys(['example_task_group']) retrieved from /home/airflow/.local/lib/python3.7/site-packages/airflow/example_dags/example_task_group.py
[2025-10-05T17:26:38.252+0000] {logging_mixin.py:137} INFO - [2025-10-05T17:26:38.252+0000] {dag.py:2690} INFO - Sync 1 DAGs
[2025-10-05T17:26:38.281+0000] {logging_mixin.py:137} INFO - [2025-10-05T17:26:38.281+0000] {dag.py:3441} INFO - Setting next_dagrun for example_task_group to 2025-10-04T17:26:38.280949+00:00, run_after=2025-10-05T17:26:38.280949+00:00
[2025-10-05T17:26:38.307+0000] {processor.py:175} INFO - Processing /home/airflow/.local/lib/python3.7/site-packages/airflow/example_dags/example_task_group.py took 0.115 seconds
[2025-10-05T17:27:08.992+0000] {processor.py:153} INFO - Started process (PID=1578) to work on /home/airflow/.local/lib/python3.7/site-packages/airflow/example_dags/example_task_group.py
[2025-10-05T17:27:08.994+0000] {processor.py:743} INFO - Processing file /home/airflow/.local/lib/python3.7/site-packages/airflow/example_dags/example_task_group.py for tasks to queue
[2025-10-05T17:27:08.995+0000] {logging_mixin.py:137} INFO - [2025-10-05T17:27:08.995+0000] {dagbag.py:538} INFO - Filling up the DagBag from /home/airflow/.local/lib/python3.7/site-packages/airflow/example_dags/example_task_group.py
[2025-10-05T17:27:09.015+0000] {processor.py:753} INFO - DAG(s) dict_keys(['example_task_group']) retrieved from /home/airflow/.local/lib/python3.7/site-packages/airflow/example_dags/example_task_group.py
[2025-10-05T17:27:09.051+0000] {logging_mixin.py:137} INFO - [2025-10-05T17:27:09.051+0000] {dag.py:2690} INFO - Sync 1 DAGs
[2025-10-05T17:27:09.080+0000] {logging_mixin.py:137} INFO - [2025-10-05T17:27:09.080+0000] {dag.py:3441} INFO - Setting next_dagrun for example_task_group to 2025-10-04T17:27:09.079539+00:00, run_after=2025-10-05T17:27:09.079539+00:00
[2025-10-05T17:27:09.107+0000] {processor.py:175} INFO - Processing /home/airflow/.local/lib/python3.7/site-packages/airflow/example_dags/example_task_group.py took 0.119 seconds
[2025-10-05T17:27:40.225+0000] {processor.py:153} INFO - Started process (PID=1691) to work on /home/airflow/.local/lib/python3.7/site-packages/airflow/example_dags/example_task_group.py
[2025-10-05T17:27:40.227+0000] {processor.py:743} INFO - Processing file /home/airflow/.local/lib/python3.7/site-packages/airflow/example_dags/example_task_group.py for tasks to queue
[2025-10-05T17:27:40.228+0000] {logging_mixin.py:137} INFO - [2025-10-05T17:27:40.228+0000] {dagbag.py:538} INFO - Filling up the DagBag from /home/airflow/.local/lib/python3.7/site-packages/airflow/example_dags/example_task_group.py
[2025-10-05T17:27:40.247+0000] {processor.py:753} INFO - DAG(s) dict_keys(['example_task_group']) retrieved from /home/airflow/.local/lib/python3.7/site-packages/airflow/example_dags/example_task_group.py
[2025-10-05T17:27:40.281+0000] {logging_mixin.py:137} INFO - [2025-10-05T17:27:40.280+0000] {dag.py:2690} INFO - Sync 1 DAGs
[2025-10-05T17:27:40.311+0000] {logging_mixin.py:137} INFO - [2025-10-05T17:27:40.311+0000] {dag.py:3441} INFO - Setting next_dagrun for example_task_group to 2025-10-04T17:27:40.310772+00:00, run_after=2025-10-05T17:27:40.310772+00:00
[2025-10-05T17:27:40.341+0000] {processor.py:175} INFO - Processing /home/airflow/.local/lib/python3.7/site-packages/airflow/example_dags/example_task_group.py took 0.121 seconds
[2025-10-05T17:28:10.982+0000] {processor.py:153} INFO - Started process (PID=1781) to work on /home/airflow/.local/lib/python3.7/site-packages/airflow/example_dags/example_task_group.py
[2025-10-05T17:28:10.984+0000] {processor.py:743} INFO - Processing file /home/airflow/.local/lib/python3.7/site-packages/airflow/example_dags/example_task_group.py for tasks to queue
[2025-10-05T17:28:10.985+0000] {logging_mixin.py:137} INFO - [2025-10-05T17:28:10.985+0000] {dagbag.py:538} INFO - Filling up the DagBag from /home/airflow/.local/lib/python3.7/site-packages/airflow/example_dags/example_task_group.py
[2025-10-05T17:28:11.012+0000] {processor.py:753} INFO - DAG(s) dict_keys(['example_task_group']) retrieved from /home/airflow/.local/lib/python3.7/site-packages/airflow/example_dags/example_task_group.py
[2025-10-05T17:28:11.053+0000] {logging_mixin.py:137} INFO - [2025-10-05T17:28:11.052+0000] {dag.py:2690} INFO - Sync 1 DAGs
[2025-10-05T17:28:11.091+0000] {logging_mixin.py:137} INFO - [2025-10-05T17:28:11.091+0000] {dag.py:3441} INFO - Setting next_dagrun for example_task_group to 2025-10-04T17:28:11.091375+00:00, run_after=2025-10-05T17:28:11.091375+00:00
[2025-10-05T17:28:11.126+0000] {processor.py:175} INFO - Processing /home/airflow/.local/lib/python3.7/site-packages/airflow/example_dags/example_task_group.py took 0.150 seconds
[2025-10-05T17:28:42.226+0000] {processor.py:153} INFO - Started process (PID=1870) to work on /home/airflow/.local/lib/python3.7/site-packages/airflow/example_dags/example_task_group.py
[2025-10-05T17:28:42.231+0000] {processor.py:743} INFO - Processing file /home/airflow/.local/lib/python3.7/site-packages/airflow/example_dags/example_task_group.py for tasks to queue
[2025-10-05T17:28:42.233+0000] {logging_mixin.py:137} INFO - [2025-10-05T17:28:42.233+0000] {dagbag.py:538} INFO - Filling up the DagBag from /home/airflow/.local/lib/python3.7/site-packages/airflow/example_dags/example_task_group.py
[2025-10-05T17:28:42.252+0000] {processor.py:753} INFO - DAG(s) dict_keys(['example_task_group']) retrieved from /home/airflow/.local/lib/python3.7/site-packages/airflow/example_dags/example_task_group.py
[2025-10-05T17:28:42.283+0000] {logging_mixin.py:137} INFO - [2025-10-05T17:28:42.283+0000] {dag.py:2690} INFO - Sync 1 DAGs
[2025-10-05T17:28:42.310+0000] {logging_mixin.py:137} INFO - [2025-10-05T17:28:42.310+0000] {dag.py:3441} INFO - Setting next_dagrun for example_task_group to 2025-10-04T17:28:42.310580+00:00, run_after=2025-10-05T17:28:42.310580+00:00
[2025-10-05T17:28:42.338+0000] {processor.py:175} INFO - Processing /home/airflow/.local/lib/python3.7/site-packages/airflow/example_dags/example_task_group.py took 0.116 seconds
[2025-10-05T17:29:13.242+0000] {processor.py:153} INFO - Started process (PID=1983) to work on /home/airflow/.local/lib/python3.7/site-packages/airflow/example_dags/example_task_group.py
[2025-10-05T17:29:13.243+0000] {processor.py:743} INFO - Processing file /home/airflow/.local/lib/python3.7/site-packages/airflow/example_dags/example_task_group.py for tasks to queue
[2025-10-05T17:29:13.244+0000] {logging_mixin.py:137} INFO - [2025-10-05T17:29:13.244+0000] {dagbag.py:538} INFO - Filling up the DagBag from /home/airflow/.local/lib/python3.7/site-packages/airflow/example_dags/example_task_group.py
[2025-10-05T17:29:13.262+0000] {processor.py:753} INFO - DAG(s) dict_keys(['example_task_group']) retrieved from /home/airflow/.local/lib/python3.7/site-packages/airflow/example_dags/example_task_group.py
[2025-10-05T17:29:13.292+0000] {logging_mixin.py:137} INFO - [2025-10-05T17:29:13.292+0000] {dag.py:2690} INFO - Sync 1 DAGs
[2025-10-05T17:29:13.319+0000] {logging_mixin.py:137} INFO - [2025-10-05T17:29:13.319+0000] {dag.py:3441} INFO - Setting next_dagrun for example_task_group to 2025-10-04T17:29:13.319356+00:00, run_after=2025-10-05T17:29:13.319356+00:00
[2025-10-05T17:29:13.342+0000] {processor.py:175} INFO - Processing /home/airflow/.local/lib/python3.7/site-packages/airflow/example_dags/example_task_group.py took 0.105 seconds
[2025-10-05T17:29:43.893+0000] {processor.py:153} INFO - Started process (PID=2072) to work on /home/airflow/.local/lib/python3.7/site-packages/airflow/example_dags/example_task_group.py
[2025-10-05T17:29:43.894+0000] {processor.py:743} INFO - Processing file /home/airflow/.local/lib/python3.7/site-packages/airflow/example_dags/example_task_group.py for tasks to queue
[2025-10-05T17:29:43.895+0000] {logging_mixin.py:137} INFO - [2025-10-05T17:29:43.895+0000] {dagbag.py:538} INFO - Filling up the DagBag from /home/airflow/.local/lib/python3.7/site-packages/airflow/example_dags/example_task_group.py
[2025-10-05T17:29:43.913+0000] {processor.py:753} INFO - DAG(s) dict_keys(['example_task_group']) retrieved from /home/airflow/.local/lib/python3.7/site-packages/airflow/example_dags/example_task_group.py
[2025-10-05T17:29:43.944+0000] {logging_mixin.py:137} INFO - [2025-10-05T17:29:43.944+0000] {dag.py:2690} INFO - Sync 1 DAGs
[2025-10-05T17:29:43.972+0000] {logging_mixin.py:137} INFO - [2025-10-05T17:29:43.972+0000] {dag.py:3441} INFO - Setting next_dagrun for example_task_group to 2025-10-04T17:29:43.971829+00:00, run_after=2025-10-05T17:29:43.971829+00:00
[2025-10-05T17:29:43.995+0000] {processor.py:175} INFO - Processing /home/airflow/.local/lib/python3.7/site-packages/airflow/example_dags/example_task_group.py took 0.107 seconds
[2025-10-05T17:30:14.196+0000] {processor.py:153} INFO - Started process (PID=2184) to work on /home/airflow/.local/lib/python3.7/site-packages/airflow/example_dags/example_task_group.py
[2025-10-05T17:30:14.198+0000] {processor.py:743} INFO - Processing file /home/airflow/.local/lib/python3.7/site-packages/airflow/example_dags/example_task_group.py for tasks to queue
[2025-10-05T17:30:14.199+0000] {logging_mixin.py:137} INFO - [2025-10-05T17:30:14.199+0000] {dagbag.py:538} INFO - Filling up the DagBag from /home/airflow/.local/lib/python3.7/site-packages/airflow/example_dags/example_task_group.py
[2025-10-05T17:30:14.216+0000] {processor.py:753} INFO - DAG(s) dict_keys(['example_task_group']) retrieved from /home/airflow/.local/lib/python3.7/site-packages/airflow/example_dags/example_task_group.py
[2025-10-05T17:30:14.248+0000] {logging_mixin.py:137} INFO - [2025-10-05T17:30:14.248+0000] {dag.py:2690} INFO - Sync 1 DAGs
[2025-10-05T17:30:14.276+0000] {logging_mixin.py:137} INFO - [2025-10-05T17:30:14.276+0000] {dag.py:3441} INFO - Setting next_dagrun for example_task_group to 2025-10-04T17:30:14.276183+00:00, run_after=2025-10-05T17:30:14.276183+00:00
[2025-10-05T17:30:14.300+0000] {processor.py:175} INFO - Processing /home/airflow/.local/lib/python3.7/site-packages/airflow/example_dags/example_task_group.py took 0.107 seconds
[2025-10-05T17:30:44.824+0000] {processor.py:153} INFO - Started process (PID=2274) to work on /home/airflow/.local/lib/python3.7/site-packages/airflow/example_dags/example_task_group.py
[2025-10-05T17:30:44.826+0000] {processor.py:743} INFO - Processing file /home/airflow/.local/lib/python3.7/site-packages/airflow/example_dags/example_task_group.py for tasks to queue
[2025-10-05T17:30:44.827+0000] {logging_mixin.py:137} INFO - [2025-10-05T17:30:44.827+0000] {dagbag.py:538} INFO - Filling up the DagBag from /home/airflow/.local/lib/python3.7/site-packages/airflow/example_dags/example_task_group.py
[2025-10-05T17:30:44.844+0000] {processor.py:753} INFO - DAG(s) dict_keys(['example_task_group']) retrieved from /home/airflow/.local/lib/python3.7/site-packages/airflow/example_dags/example_task_group.py
[2025-10-05T17:30:44.872+0000] {logging_mixin.py:137} INFO - [2025-10-05T17:30:44.872+0000] {dag.py:2690} INFO - Sync 1 DAGs
[2025-10-05T17:30:44.898+0000] {logging_mixin.py:137} INFO - [2025-10-05T17:30:44.898+0000] {dag.py:3441} INFO - Setting next_dagrun for example_task_group to 2025-10-04T17:30:44.898100+00:00, run_after=2025-10-05T17:30:44.898100+00:00
[2025-10-05T17:30:44.933+0000] {processor.py:175} INFO - Processing /home/airflow/.local/lib/python3.7/site-packages/airflow/example_dags/example_task_group.py took 0.112 seconds
[2025-10-05T17:31:15.734+0000] {processor.py:153} INFO - Started process (PID=2388) to work on /home/airflow/.local/lib/python3.7/site-packages/airflow/example_dags/example_task_group.py
[2025-10-05T17:31:15.736+0000] {processor.py:743} INFO - Processing file /home/airflow/.local/lib/python3.7/site-packages/airflow/example_dags/example_task_group.py for tasks to queue
[2025-10-05T17:31:15.738+0000] {logging_mixin.py:137} INFO - [2025-10-05T17:31:15.737+0000] {dagbag.py:538} INFO - Filling up the DagBag from /home/airflow/.local/lib/python3.7/site-packages/airflow/example_dags/example_task_group.py
[2025-10-05T17:31:15.764+0000] {processor.py:753} INFO - DAG(s) dict_keys(['example_task_group']) retrieved from /home/airflow/.local/lib/python3.7/site-packages/airflow/example_dags/example_task_group.py
[2025-10-05T17:31:15.803+0000] {logging_mixin.py:137} INFO - [2025-10-05T17:31:15.802+0000] {dag.py:2690} INFO - Sync 1 DAGs
[2025-10-05T17:31:15.840+0000] {logging_mixin.py:137} INFO - [2025-10-05T17:31:15.839+0000] {dag.py:3441} INFO - Setting next_dagrun for example_task_group to 2025-10-04T17:31:15.839497+00:00, run_after=2025-10-05T17:31:15.839497+00:00
[2025-10-05T17:31:15.883+0000] {processor.py:175} INFO - Processing /home/airflow/.local/lib/python3.7/site-packages/airflow/example_dags/example_task_group.py took 0.155 seconds
[2025-10-05T17:31:45.933+0000] {processor.py:153} INFO - Started process (PID=2476) to work on /home/airflow/.local/lib/python3.7/site-packages/airflow/example_dags/example_task_group.py
[2025-10-05T17:31:45.935+0000] {processor.py:743} INFO - Processing file /home/airflow/.local/lib/python3.7/site-packages/airflow/example_dags/example_task_group.py for tasks to queue
[2025-10-05T17:31:45.937+0000] {logging_mixin.py:137} INFO - [2025-10-05T17:31:45.936+0000] {dagbag.py:538} INFO - Filling up the DagBag from /home/airflow/.local/lib/python3.7/site-packages/airflow/example_dags/example_task_group.py
[2025-10-05T17:31:45.952+0000] {processor.py:753} INFO - DAG(s) dict_keys(['example_task_group']) retrieved from /home/airflow/.local/lib/python3.7/site-packages/airflow/example_dags/example_task_group.py
[2025-10-05T17:31:45.980+0000] {logging_mixin.py:137} INFO - [2025-10-05T17:31:45.980+0000] {dag.py:2690} INFO - Sync 1 DAGs
[2025-10-05T17:31:46.007+0000] {logging_mixin.py:137} INFO - [2025-10-05T17:31:46.007+0000] {dag.py:3441} INFO - Setting next_dagrun for example_task_group to 2025-10-04T17:31:46.006894+00:00, run_after=2025-10-05T17:31:46.006894+00:00
[2025-10-05T17:31:46.040+0000] {processor.py:175} INFO - Processing /home/airflow/.local/lib/python3.7/site-packages/airflow/example_dags/example_task_group.py took 0.111 seconds
[2025-10-05T17:32:16.416+0000] {processor.py:153} INFO - Started process (PID=2566) to work on /home/airflow/.local/lib/python3.7/site-packages/airflow/example_dags/example_task_group.py
[2025-10-05T17:32:16.417+0000] {processor.py:743} INFO - Processing file /home/airflow/.local/lib/python3.7/site-packages/airflow/example_dags/example_task_group.py for tasks to queue
[2025-10-05T17:32:16.418+0000] {logging_mixin.py:137} INFO - [2025-10-05T17:32:16.418+0000] {dagbag.py:538} INFO - Filling up the DagBag from /home/airflow/.local/lib/python3.7/site-packages/airflow/example_dags/example_task_group.py
[2025-10-05T17:32:16.437+0000] {processor.py:753} INFO - DAG(s) dict_keys(['example_task_group']) retrieved from /home/airflow/.local/lib/python3.7/site-packages/airflow/example_dags/example_task_group.py
[2025-10-05T17:32:16.471+0000] {logging_mixin.py:137} INFO - [2025-10-05T17:32:16.470+0000] {dag.py:2690} INFO - Sync 1 DAGs
[2025-10-05T17:32:16.500+0000] {logging_mixin.py:137} INFO - [2025-10-05T17:32:16.500+0000] {dag.py:3441} INFO - Setting next_dagrun for example_task_group to 2025-10-04T17:32:16.499772+00:00, run_after=2025-10-05T17:32:16.499772+00:00
[2025-10-05T17:32:16.535+0000] {processor.py:175} INFO - Processing /home/airflow/.local/lib/python3.7/site-packages/airflow/example_dags/example_task_group.py took 0.124 seconds
[2025-10-05T17:32:47.347+0000] {processor.py:153} INFO - Started process (PID=2679) to work on /home/airflow/.local/lib/python3.7/site-packages/airflow/example_dags/example_task_group.py
[2025-10-05T17:32:47.348+0000] {processor.py:743} INFO - Processing file /home/airflow/.local/lib/python3.7/site-packages/airflow/example_dags/example_task_group.py for tasks to queue
[2025-10-05T17:32:47.350+0000] {logging_mixin.py:137} INFO - [2025-10-05T17:32:47.350+0000] {dagbag.py:538} INFO - Filling up the DagBag from /home/airflow/.local/lib/python3.7/site-packages/airflow/example_dags/example_task_group.py
[2025-10-05T17:32:47.368+0000] {processor.py:753} INFO - DAG(s) dict_keys(['example_task_group']) retrieved from /home/airflow/.local/lib/python3.7/site-packages/airflow/example_dags/example_task_group.py
[2025-10-05T17:32:47.398+0000] {logging_mixin.py:137} INFO - [2025-10-05T17:32:47.397+0000] {dag.py:2690} INFO - Sync 1 DAGs
[2025-10-05T17:32:47.424+0000] {logging_mixin.py:137} INFO - [2025-10-05T17:32:47.424+0000] {dag.py:3441} INFO - Setting next_dagrun for example_task_group to 2025-10-04T17:32:47.424406+00:00, run_after=2025-10-05T17:32:47.424406+00:00
[2025-10-05T17:32:47.459+0000] {processor.py:175} INFO - Processing /home/airflow/.local/lib/python3.7/site-packages/airflow/example_dags/example_task_group.py took 0.115 seconds
[2025-10-05T17:33:18.068+0000] {processor.py:153} INFO - Started process (PID=2768) to work on /home/airflow/.local/lib/python3.7/site-packages/airflow/example_dags/example_task_group.py
[2025-10-05T17:33:18.070+0000] {processor.py:743} INFO - Processing file /home/airflow/.local/lib/python3.7/site-packages/airflow/example_dags/example_task_group.py for tasks to queue
[2025-10-05T17:33:18.074+0000] {logging_mixin.py:137} INFO - [2025-10-05T17:33:18.074+0000] {dagbag.py:538} INFO - Filling up the DagBag from /home/airflow/.local/lib/python3.7/site-packages/airflow/example_dags/example_task_group.py
[2025-10-05T17:33:18.114+0000] {processor.py:753} INFO - DAG(s) dict_keys(['example_task_group']) retrieved from /home/airflow/.local/lib/python3.7/site-packages/airflow/example_dags/example_task_group.py
[2025-10-05T17:33:18.181+0000] {logging_mixin.py:137} INFO - [2025-10-05T17:33:18.181+0000] {dag.py:2690} INFO - Sync 1 DAGs
[2025-10-05T17:33:18.240+0000] {logging_mixin.py:137} INFO - [2025-10-05T17:33:18.239+0000] {dag.py:3441} INFO - Setting next_dagrun for example_task_group to 2025-10-04T17:33:18.238962+00:00, run_after=2025-10-05T17:33:18.238962+00:00
[2025-10-05T17:33:18.304+0000] {processor.py:175} INFO - Processing /home/airflow/.local/lib/python3.7/site-packages/airflow/example_dags/example_task_group.py took 0.245 seconds
[2025-10-05T17:33:48.746+0000] {processor.py:153} INFO - Started process (PID=2880) to work on /home/airflow/.local/lib/python3.7/site-packages/airflow/example_dags/example_task_group.py
[2025-10-05T17:33:48.748+0000] {processor.py:743} INFO - Processing file /home/airflow/.local/lib/python3.7/site-packages/airflow/example_dags/example_task_group.py for tasks to queue
[2025-10-05T17:33:48.749+0000] {logging_mixin.py:137} INFO - [2025-10-05T17:33:48.749+0000] {dagbag.py:538} INFO - Filling up the DagBag from /home/airflow/.local/lib/python3.7/site-packages/airflow/example_dags/example_task_group.py
[2025-10-05T17:33:48.779+0000] {processor.py:753} INFO - DAG(s) dict_keys(['example_task_group']) retrieved from /home/airflow/.local/lib/python3.7/site-packages/airflow/example_dags/example_task_group.py
[2025-10-05T17:33:48.834+0000] {logging_mixin.py:137} INFO - [2025-10-05T17:33:48.833+0000] {dag.py:2690} INFO - Sync 1 DAGs
[2025-10-05T17:33:48.892+0000] {logging_mixin.py:137} INFO - [2025-10-05T17:33:48.892+0000] {dag.py:3441} INFO - Setting next_dagrun for example_task_group to 2025-10-04T17:33:48.891316+00:00, run_after=2025-10-05T17:33:48.891316+00:00
[2025-10-05T17:33:48.935+0000] {processor.py:175} INFO - Processing /home/airflow/.local/lib/python3.7/site-packages/airflow/example_dags/example_task_group.py took 0.194 seconds
[2025-10-05T17:34:18.994+0000] {processor.py:153} INFO - Started process (PID=2969) to work on /home/airflow/.local/lib/python3.7/site-packages/airflow/example_dags/example_task_group.py
[2025-10-05T17:34:18.996+0000] {processor.py:743} INFO - Processing file /home/airflow/.local/lib/python3.7/site-packages/airflow/example_dags/example_task_group.py for tasks to queue
[2025-10-05T17:34:18.997+0000] {logging_mixin.py:137} INFO - [2025-10-05T17:34:18.996+0000] {dagbag.py:538} INFO - Filling up the DagBag from /home/airflow/.local/lib/python3.7/site-packages/airflow/example_dags/example_task_group.py
[2025-10-05T17:34:19.014+0000] {processor.py:753} INFO - DAG(s) dict_keys(['example_task_group']) retrieved from /home/airflow/.local/lib/python3.7/site-packages/airflow/example_dags/example_task_group.py
[2025-10-05T17:34:19.049+0000] {logging_mixin.py:137} INFO - [2025-10-05T17:34:19.049+0000] {dag.py:2690} INFO - Sync 1 DAGs
[2025-10-05T17:34:19.078+0000] {logging_mixin.py:137} INFO - [2025-10-05T17:34:19.077+0000] {dag.py:3441} INFO - Setting next_dagrun for example_task_group to 2025-10-04T17:34:19.077683+00:00, run_after=2025-10-05T17:34:19.077683+00:00
[2025-10-05T17:34:19.107+0000] {processor.py:175} INFO - Processing /home/airflow/.local/lib/python3.7/site-packages/airflow/example_dags/example_task_group.py took 0.117 seconds
[2025-10-05T17:34:49.773+0000] {processor.py:153} INFO - Started process (PID=3058) to work on /home/airflow/.local/lib/python3.7/site-packages/airflow/example_dags/example_task_group.py
[2025-10-05T17:34:49.775+0000] {processor.py:743} INFO - Processing file /home/airflow/.local/lib/python3.7/site-packages/airflow/example_dags/example_task_group.py for tasks to queue
[2025-10-05T17:34:49.777+0000] {logging_mixin.py:137} INFO - [2025-10-05T17:34:49.776+0000] {dagbag.py:538} INFO - Filling up the DagBag from /home/airflow/.local/lib/python3.7/site-packages/airflow/example_dags/example_task_group.py
[2025-10-05T17:34:49.810+0000] {processor.py:753} INFO - DAG(s) dict_keys(['example_task_group']) retrieved from /home/airflow/.local/lib/python3.7/site-packages/airflow/example_dags/example_task_group.py
[2025-10-05T17:34:49.850+0000] {logging_mixin.py:137} INFO - [2025-10-05T17:34:49.850+0000] {dag.py:2690} INFO - Sync 1 DAGs
[2025-10-05T17:34:49.885+0000] {logging_mixin.py:137} INFO - [2025-10-05T17:34:49.885+0000] {dag.py:3441} INFO - Setting next_dagrun for example_task_group to 2025-10-04T17:34:49.884849+00:00, run_after=2025-10-05T17:34:49.884849+00:00
[2025-10-05T17:34:49.922+0000] {processor.py:175} INFO - Processing /home/airflow/.local/lib/python3.7/site-packages/airflow/example_dags/example_task_group.py took 0.156 seconds
[2025-10-05T17:35:20.273+0000] {processor.py:153} INFO - Started process (PID=3171) to work on /home/airflow/.local/lib/python3.7/site-packages/airflow/example_dags/example_task_group.py
[2025-10-05T17:35:20.274+0000] {processor.py:743} INFO - Processing file /home/airflow/.local/lib/python3.7/site-packages/airflow/example_dags/example_task_group.py for tasks to queue
[2025-10-05T17:35:20.276+0000] {logging_mixin.py:137} INFO - [2025-10-05T17:35:20.275+0000] {dagbag.py:538} INFO - Filling up the DagBag from /home/airflow/.local/lib/python3.7/site-packages/airflow/example_dags/example_task_group.py
[2025-10-05T17:35:20.306+0000] {processor.py:753} INFO - DAG(s) dict_keys(['example_task_group']) retrieved from /home/airflow/.local/lib/python3.7/site-packages/airflow/example_dags/example_task_group.py
[2025-10-05T17:35:20.343+0000] {logging_mixin.py:137} INFO - [2025-10-05T17:35:20.343+0000] {dag.py:2690} INFO - Sync 1 DAGs
[2025-10-05T17:35:20.379+0000] {logging_mixin.py:137} INFO - [2025-10-05T17:35:20.379+0000] {dag.py:3441} INFO - Setting next_dagrun for example_task_group to 2025-10-04T17:35:20.379348+00:00, run_after=2025-10-05T17:35:20.379348+00:00
[2025-10-05T17:35:20.416+0000] {processor.py:175} INFO - Processing /home/airflow/.local/lib/python3.7/site-packages/airflow/example_dags/example_task_group.py took 0.150 seconds
[2025-10-05T17:35:50.791+0000] {processor.py:153} INFO - Started process (PID=3260) to work on /home/airflow/.local/lib/python3.7/site-packages/airflow/example_dags/example_task_group.py
[2025-10-05T17:35:50.793+0000] {processor.py:743} INFO - Processing file /home/airflow/.local/lib/python3.7/site-packages/airflow/example_dags/example_task_group.py for tasks to queue
[2025-10-05T17:35:50.794+0000] {logging_mixin.py:137} INFO - [2025-10-05T17:35:50.794+0000] {dagbag.py:538} INFO - Filling up the DagBag from /home/airflow/.local/lib/python3.7/site-packages/airflow/example_dags/example_task_group.py
[2025-10-05T17:35:50.819+0000] {processor.py:753} INFO - DAG(s) dict_keys(['example_task_group']) retrieved from /home/airflow/.local/lib/python3.7/site-packages/airflow/example_dags/example_task_group.py
[2025-10-05T17:35:50.864+0000] {logging_mixin.py:137} INFO - [2025-10-05T17:35:50.864+0000] {dag.py:2690} INFO - Sync 1 DAGs
[2025-10-05T17:35:50.896+0000] {logging_mixin.py:137} INFO - [2025-10-05T17:35:50.896+0000] {dag.py:3441} INFO - Setting next_dagrun for example_task_group to 2025-10-04T17:35:50.896326+00:00, run_after=2025-10-05T17:35:50.896326+00:00
[2025-10-05T17:35:50.934+0000] {processor.py:175} INFO - Processing /home/airflow/.local/lib/python3.7/site-packages/airflow/example_dags/example_task_group.py took 0.147 seconds
[2025-10-05T17:36:21.524+0000] {processor.py:153} INFO - Started process (PID=3349) to work on /home/airflow/.local/lib/python3.7/site-packages/airflow/example_dags/example_task_group.py
[2025-10-05T17:36:21.525+0000] {processor.py:743} INFO - Processing file /home/airflow/.local/lib/python3.7/site-packages/airflow/example_dags/example_task_group.py for tasks to queue
[2025-10-05T17:36:21.526+0000] {logging_mixin.py:137} INFO - [2025-10-05T17:36:21.526+0000] {dagbag.py:538} INFO - Filling up the DagBag from /home/airflow/.local/lib/python3.7/site-packages/airflow/example_dags/example_task_group.py
[2025-10-05T17:36:21.544+0000] {processor.py:753} INFO - DAG(s) dict_keys(['example_task_group']) retrieved from /home/airflow/.local/lib/python3.7/site-packages/airflow/example_dags/example_task_group.py
[2025-10-05T17:36:21.575+0000] {logging_mixin.py:137} INFO - [2025-10-05T17:36:21.574+0000] {dag.py:2690} INFO - Sync 1 DAGs
[2025-10-05T17:36:21.604+0000] {logging_mixin.py:137} INFO - [2025-10-05T17:36:21.604+0000] {dag.py:3441} INFO - Setting next_dagrun for example_task_group to 2025-10-04T17:36:21.603788+00:00, run_after=2025-10-05T17:36:21.603788+00:00
[2025-10-05T17:36:21.632+0000] {processor.py:175} INFO - Processing /home/airflow/.local/lib/python3.7/site-packages/airflow/example_dags/example_task_group.py took 0.113 seconds
[2025-10-05T17:36:52.473+0000] {processor.py:153} INFO - Started process (PID=3463) to work on /home/airflow/.local/lib/python3.7/site-packages/airflow/example_dags/example_task_group.py
[2025-10-05T17:36:52.475+0000] {processor.py:743} INFO - Processing file /home/airflow/.local/lib/python3.7/site-packages/airflow/example_dags/example_task_group.py for tasks to queue
[2025-10-05T17:36:52.476+0000] {logging_mixin.py:137} INFO - [2025-10-05T17:36:52.475+0000] {dagbag.py:538} INFO - Filling up the DagBag from /home/airflow/.local/lib/python3.7/site-packages/airflow/example_dags/example_task_group.py
[2025-10-05T17:36:52.502+0000] {processor.py:753} INFO - DAG(s) dict_keys(['example_task_group']) retrieved from /home/airflow/.local/lib/python3.7/site-packages/airflow/example_dags/example_task_group.py
[2025-10-05T17:36:52.540+0000] {logging_mixin.py:137} INFO - [2025-10-05T17:36:52.540+0000] {dag.py:2690} INFO - Sync 1 DAGs
[2025-10-05T17:36:52.574+0000] {logging_mixin.py:137} INFO - [2025-10-05T17:36:52.574+0000] {dag.py:3441} INFO - Setting next_dagrun for example_task_group to 2025-10-04T17:36:52.574382+00:00, run_after=2025-10-05T17:36:52.574382+00:00
[2025-10-05T17:36:52.615+0000] {processor.py:175} INFO - Processing /home/airflow/.local/lib/python3.7/site-packages/airflow/example_dags/example_task_group.py took 0.147 seconds
