[2025-10-05T17:19:26.421+0000] {processor.py:153} INFO - Started process (PID=90) to work on /home/airflow/.local/lib/python3.7/site-packages/airflow/example_dags/example_branch_datetime_operator.py
[2025-10-05T17:19:26.424+0000] {processor.py:743} INFO - Processing file /home/airflow/.local/lib/python3.7/site-packages/airflow/example_dags/example_branch_datetime_operator.py for tasks to queue
[2025-10-05T17:19:26.425+0000] {logging_mixin.py:137} INFO - [2025-10-05T17:19:26.425+0000] {dagbag.py:538} INFO - Filling up the DagBag from /home/airflow/.local/lib/python3.7/site-packages/airflow/example_dags/example_branch_datetime_operator.py
[2025-10-05T17:19:26.459+0000] {processor.py:753} INFO - DAG(s) dict_keys(['example_branch_datetime_operator_2', 'example_branch_datetime_operator_3', 'example_branch_datetime_operator']) retrieved from /home/airflow/.local/lib/python3.7/site-packages/airflow/example_dags/example_branch_datetime_operator.py
[2025-10-05T17:19:26.489+0000] {logging_mixin.py:137} INFO - [2025-10-05T17:19:26.489+0000] {dag.py:2690} INFO - Sync 3 DAGs
[2025-10-05T17:19:26.535+0000] {logging_mixin.py:137} INFO - [2025-10-05T17:19:26.535+0000] {dag.py:3441} INFO - Setting next_dagrun for example_branch_datetime_operator to 2025-10-04T00:00:00+00:00, run_after=2025-10-05T00:00:00+00:00
[2025-10-05T17:19:26.544+0000] {logging_mixin.py:137} INFO - [2025-10-05T17:19:26.544+0000] {dag.py:3441} INFO - Setting next_dagrun for example_branch_datetime_operator_2 to 2025-10-04T00:00:00+00:00, run_after=2025-10-05T00:00:00+00:00
[2025-10-05T17:19:26.548+0000] {logging_mixin.py:137} INFO - [2025-10-05T17:19:26.548+0000] {dag.py:3441} INFO - Setting next_dagrun for example_branch_datetime_operator_3 to 2025-10-04T00:00:00+00:00, run_after=2025-10-05T00:00:00+00:00
[2025-10-05T17:19:26.579+0000] {processor.py:175} INFO - Processing /home/airflow/.local/lib/python3.7/site-packages/airflow/example_dags/example_branch_datetime_operator.py took 0.165 seconds
[2025-10-05T17:19:57.113+0000] {processor.py:153} INFO - Started process (PID=179) to work on /home/airflow/.local/lib/python3.7/site-packages/airflow/example_dags/example_branch_datetime_operator.py
[2025-10-05T17:19:57.114+0000] {processor.py:743} INFO - Processing file /home/airflow/.local/lib/python3.7/site-packages/airflow/example_dags/example_branch_datetime_operator.py for tasks to queue
[2025-10-05T17:19:57.116+0000] {logging_mixin.py:137} INFO - [2025-10-05T17:19:57.116+0000] {dagbag.py:538} INFO - Filling up the DagBag from /home/airflow/.local/lib/python3.7/site-packages/airflow/example_dags/example_branch_datetime_operator.py
[2025-10-05T17:19:57.141+0000] {processor.py:753} INFO - DAG(s) dict_keys(['example_branch_datetime_operator', 'example_branch_datetime_operator_2', 'example_branch_datetime_operator_3']) retrieved from /home/airflow/.local/lib/python3.7/site-packages/airflow/example_dags/example_branch_datetime_operator.py
[2025-10-05T17:19:57.198+0000] {logging_mixin.py:137} INFO - [2025-10-05T17:19:57.197+0000] {dag.py:2690} INFO - Sync 3 DAGs
[2025-10-05T17:19:57.310+0000] {logging_mixin.py:137} INFO - [2025-10-05T17:19:57.310+0000] {dag.py:3441} INFO - Setting next_dagrun for example_branch_datetime_operator to 2025-10-04T00:00:00+00:00, run_after=2025-10-05T00:00:00+00:00
[2025-10-05T17:19:57.317+0000] {logging_mixin.py:137} INFO - [2025-10-05T17:19:57.317+0000] {dag.py:3441} INFO - Setting next_dagrun for example_branch_datetime_operator_2 to 2025-10-04T00:00:00+00:00, run_after=2025-10-05T00:00:00+00:00
[2025-10-05T17:19:57.322+0000] {logging_mixin.py:137} INFO - [2025-10-05T17:19:57.322+0000] {dag.py:3441} INFO - Setting next_dagrun for example_branch_datetime_operator_3 to 2025-10-04T00:00:00+00:00, run_after=2025-10-05T00:00:00+00:00
[2025-10-05T17:19:57.357+0000] {processor.py:175} INFO - Processing /home/airflow/.local/lib/python3.7/site-packages/airflow/example_dags/example_branch_datetime_operator.py took 0.249 seconds
[2025-10-05T17:20:28.066+0000] {processor.py:153} INFO - Started process (PID=292) to work on /home/airflow/.local/lib/python3.7/site-packages/airflow/example_dags/example_branch_datetime_operator.py
[2025-10-05T17:20:28.068+0000] {processor.py:743} INFO - Processing file /home/airflow/.local/lib/python3.7/site-packages/airflow/example_dags/example_branch_datetime_operator.py for tasks to queue
[2025-10-05T17:20:28.069+0000] {logging_mixin.py:137} INFO - [2025-10-05T17:20:28.069+0000] {dagbag.py:538} INFO - Filling up the DagBag from /home/airflow/.local/lib/python3.7/site-packages/airflow/example_dags/example_branch_datetime_operator.py
[2025-10-05T17:20:28.089+0000] {processor.py:753} INFO - DAG(s) dict_keys(['example_branch_datetime_operator_3', 'example_branch_datetime_operator_2', 'example_branch_datetime_operator']) retrieved from /home/airflow/.local/lib/python3.7/site-packages/airflow/example_dags/example_branch_datetime_operator.py
[2025-10-05T17:20:28.135+0000] {logging_mixin.py:137} INFO - [2025-10-05T17:20:28.135+0000] {dag.py:2690} INFO - Sync 3 DAGs
[2025-10-05T17:20:28.169+0000] {logging_mixin.py:137} INFO - [2025-10-05T17:20:28.168+0000] {dag.py:3441} INFO - Setting next_dagrun for example_branch_datetime_operator to 2025-10-04T00:00:00+00:00, run_after=2025-10-05T00:00:00+00:00
[2025-10-05T17:20:28.174+0000] {logging_mixin.py:137} INFO - [2025-10-05T17:20:28.174+0000] {dag.py:3441} INFO - Setting next_dagrun for example_branch_datetime_operator_2 to 2025-10-04T00:00:00+00:00, run_after=2025-10-05T00:00:00+00:00
[2025-10-05T17:20:28.177+0000] {logging_mixin.py:137} INFO - [2025-10-05T17:20:28.177+0000] {dag.py:3441} INFO - Setting next_dagrun for example_branch_datetime_operator_3 to 2025-10-04T00:00:00+00:00, run_after=2025-10-05T00:00:00+00:00
[2025-10-05T17:20:28.201+0000] {processor.py:175} INFO - Processing /home/airflow/.local/lib/python3.7/site-packages/airflow/example_dags/example_branch_datetime_operator.py took 0.139 seconds
[2025-10-05T17:20:58.934+0000] {processor.py:153} INFO - Started process (PID=381) to work on /home/airflow/.local/lib/python3.7/site-packages/airflow/example_dags/example_branch_datetime_operator.py
[2025-10-05T17:20:58.936+0000] {processor.py:743} INFO - Processing file /home/airflow/.local/lib/python3.7/site-packages/airflow/example_dags/example_branch_datetime_operator.py for tasks to queue
[2025-10-05T17:20:58.937+0000] {logging_mixin.py:137} INFO - [2025-10-05T17:20:58.937+0000] {dagbag.py:538} INFO - Filling up the DagBag from /home/airflow/.local/lib/python3.7/site-packages/airflow/example_dags/example_branch_datetime_operator.py
[2025-10-05T17:20:58.957+0000] {processor.py:753} INFO - DAG(s) dict_keys(['example_branch_datetime_operator_3', 'example_branch_datetime_operator', 'example_branch_datetime_operator_2']) retrieved from /home/airflow/.local/lib/python3.7/site-packages/airflow/example_dags/example_branch_datetime_operator.py
[2025-10-05T17:20:59.000+0000] {logging_mixin.py:137} INFO - [2025-10-05T17:20:59.000+0000] {dag.py:2690} INFO - Sync 3 DAGs
[2025-10-05T17:20:59.030+0000] {logging_mixin.py:137} INFO - [2025-10-05T17:20:59.030+0000] {dag.py:3441} INFO - Setting next_dagrun for example_branch_datetime_operator to 2025-10-04T00:00:00+00:00, run_after=2025-10-05T00:00:00+00:00
[2025-10-05T17:20:59.036+0000] {logging_mixin.py:137} INFO - [2025-10-05T17:20:59.036+0000] {dag.py:3441} INFO - Setting next_dagrun for example_branch_datetime_operator_2 to 2025-10-04T00:00:00+00:00, run_after=2025-10-05T00:00:00+00:00
[2025-10-05T17:20:59.039+0000] {logging_mixin.py:137} INFO - [2025-10-05T17:20:59.039+0000] {dag.py:3441} INFO - Setting next_dagrun for example_branch_datetime_operator_3 to 2025-10-04T00:00:00+00:00, run_after=2025-10-05T00:00:00+00:00
[2025-10-05T17:20:59.066+0000] {processor.py:175} INFO - Processing /home/airflow/.local/lib/python3.7/site-packages/airflow/example_dags/example_branch_datetime_operator.py took 0.136 seconds
[2025-10-05T17:21:30.363+0000] {processor.py:153} INFO - Started process (PID=494) to work on /home/airflow/.local/lib/python3.7/site-packages/airflow/example_dags/example_branch_datetime_operator.py
[2025-10-05T17:21:30.364+0000] {processor.py:743} INFO - Processing file /home/airflow/.local/lib/python3.7/site-packages/airflow/example_dags/example_branch_datetime_operator.py for tasks to queue
[2025-10-05T17:21:30.366+0000] {logging_mixin.py:137} INFO - [2025-10-05T17:21:30.366+0000] {dagbag.py:538} INFO - Filling up the DagBag from /home/airflow/.local/lib/python3.7/site-packages/airflow/example_dags/example_branch_datetime_operator.py
[2025-10-05T17:21:30.388+0000] {processor.py:753} INFO - DAG(s) dict_keys(['example_branch_datetime_operator', 'example_branch_datetime_operator_2', 'example_branch_datetime_operator_3']) retrieved from /home/airflow/.local/lib/python3.7/site-packages/airflow/example_dags/example_branch_datetime_operator.py
[2025-10-05T17:21:30.435+0000] {logging_mixin.py:137} INFO - [2025-10-05T17:21:30.435+0000] {dag.py:2690} INFO - Sync 3 DAGs
[2025-10-05T17:21:30.468+0000] {logging_mixin.py:137} INFO - [2025-10-05T17:21:30.468+0000] {dag.py:3441} INFO - Setting next_dagrun for example_branch_datetime_operator to 2025-10-04T00:00:00+00:00, run_after=2025-10-05T00:00:00+00:00
[2025-10-05T17:21:30.475+0000] {logging_mixin.py:137} INFO - [2025-10-05T17:21:30.475+0000] {dag.py:3441} INFO - Setting next_dagrun for example_branch_datetime_operator_2 to 2025-10-04T00:00:00+00:00, run_after=2025-10-05T00:00:00+00:00
[2025-10-05T17:21:30.479+0000] {logging_mixin.py:137} INFO - [2025-10-05T17:21:30.479+0000] {dag.py:3441} INFO - Setting next_dagrun for example_branch_datetime_operator_3 to 2025-10-04T00:00:00+00:00, run_after=2025-10-05T00:00:00+00:00
[2025-10-05T17:21:30.506+0000] {processor.py:175} INFO - Processing /home/airflow/.local/lib/python3.7/site-packages/airflow/example_dags/example_branch_datetime_operator.py took 0.148 seconds
[2025-10-05T17:22:00.759+0000] {processor.py:153} INFO - Started process (PID=583) to work on /home/airflow/.local/lib/python3.7/site-packages/airflow/example_dags/example_branch_datetime_operator.py
[2025-10-05T17:22:00.761+0000] {processor.py:743} INFO - Processing file /home/airflow/.local/lib/python3.7/site-packages/airflow/example_dags/example_branch_datetime_operator.py for tasks to queue
[2025-10-05T17:22:00.762+0000] {logging_mixin.py:137} INFO - [2025-10-05T17:22:00.762+0000] {dagbag.py:538} INFO - Filling up the DagBag from /home/airflow/.local/lib/python3.7/site-packages/airflow/example_dags/example_branch_datetime_operator.py
[2025-10-05T17:22:00.786+0000] {processor.py:753} INFO - DAG(s) dict_keys(['example_branch_datetime_operator', 'example_branch_datetime_operator_3', 'example_branch_datetime_operator_2']) retrieved from /home/airflow/.local/lib/python3.7/site-packages/airflow/example_dags/example_branch_datetime_operator.py
[2025-10-05T17:22:00.833+0000] {logging_mixin.py:137} INFO - [2025-10-05T17:22:00.833+0000] {dag.py:2690} INFO - Sync 3 DAGs
[2025-10-05T17:22:00.865+0000] {logging_mixin.py:137} INFO - [2025-10-05T17:22:00.865+0000] {dag.py:3441} INFO - Setting next_dagrun for example_branch_datetime_operator to 2025-10-04T00:00:00+00:00, run_after=2025-10-05T00:00:00+00:00
[2025-10-05T17:22:00.873+0000] {logging_mixin.py:137} INFO - [2025-10-05T17:22:00.873+0000] {dag.py:3441} INFO - Setting next_dagrun for example_branch_datetime_operator_2 to 2025-10-04T00:00:00+00:00, run_after=2025-10-05T00:00:00+00:00
[2025-10-05T17:22:00.876+0000] {logging_mixin.py:137} INFO - [2025-10-05T17:22:00.876+0000] {dag.py:3441} INFO - Setting next_dagrun for example_branch_datetime_operator_3 to 2025-10-04T00:00:00+00:00, run_after=2025-10-05T00:00:00+00:00
[2025-10-05T17:22:00.900+0000] {processor.py:175} INFO - Processing /home/airflow/.local/lib/python3.7/site-packages/airflow/example_dags/example_branch_datetime_operator.py took 0.146 seconds
[2025-10-05T17:22:31.188+0000] {processor.py:153} INFO - Started process (PID=672) to work on /home/airflow/.local/lib/python3.7/site-packages/airflow/example_dags/example_branch_datetime_operator.py
[2025-10-05T17:22:31.190+0000] {processor.py:743} INFO - Processing file /home/airflow/.local/lib/python3.7/site-packages/airflow/example_dags/example_branch_datetime_operator.py for tasks to queue
[2025-10-05T17:22:31.191+0000] {logging_mixin.py:137} INFO - [2025-10-05T17:22:31.191+0000] {dagbag.py:538} INFO - Filling up the DagBag from /home/airflow/.local/lib/python3.7/site-packages/airflow/example_dags/example_branch_datetime_operator.py
[2025-10-05T17:22:31.211+0000] {processor.py:753} INFO - DAG(s) dict_keys(['example_branch_datetime_operator_3', 'example_branch_datetime_operator', 'example_branch_datetime_operator_2']) retrieved from /home/airflow/.local/lib/python3.7/site-packages/airflow/example_dags/example_branch_datetime_operator.py
[2025-10-05T17:22:31.250+0000] {logging_mixin.py:137} INFO - [2025-10-05T17:22:31.250+0000] {dag.py:2690} INFO - Sync 3 DAGs
[2025-10-05T17:22:31.283+0000] {logging_mixin.py:137} INFO - [2025-10-05T17:22:31.283+0000] {dag.py:3441} INFO - Setting next_dagrun for example_branch_datetime_operator to 2025-10-04T00:00:00+00:00, run_after=2025-10-05T00:00:00+00:00
[2025-10-05T17:22:31.288+0000] {logging_mixin.py:137} INFO - [2025-10-05T17:22:31.288+0000] {dag.py:3441} INFO - Setting next_dagrun for example_branch_datetime_operator_2 to 2025-10-04T00:00:00+00:00, run_after=2025-10-05T00:00:00+00:00
[2025-10-05T17:22:31.291+0000] {logging_mixin.py:137} INFO - [2025-10-05T17:22:31.291+0000] {dag.py:3441} INFO - Setting next_dagrun for example_branch_datetime_operator_3 to 2025-10-04T00:00:00+00:00, run_after=2025-10-05T00:00:00+00:00
[2025-10-05T17:22:31.315+0000] {processor.py:175} INFO - Processing /home/airflow/.local/lib/python3.7/site-packages/airflow/example_dags/example_branch_datetime_operator.py took 0.132 seconds
[2025-10-05T17:23:01.670+0000] {processor.py:153} INFO - Started process (PID=785) to work on /home/airflow/.local/lib/python3.7/site-packages/airflow/example_dags/example_branch_datetime_operator.py
[2025-10-05T17:23:01.672+0000] {processor.py:743} INFO - Processing file /home/airflow/.local/lib/python3.7/site-packages/airflow/example_dags/example_branch_datetime_operator.py for tasks to queue
[2025-10-05T17:23:01.673+0000] {logging_mixin.py:137} INFO - [2025-10-05T17:23:01.673+0000] {dagbag.py:538} INFO - Filling up the DagBag from /home/airflow/.local/lib/python3.7/site-packages/airflow/example_dags/example_branch_datetime_operator.py
[2025-10-05T17:23:01.695+0000] {processor.py:753} INFO - DAG(s) dict_keys(['example_branch_datetime_operator_2', 'example_branch_datetime_operator_3', 'example_branch_datetime_operator']) retrieved from /home/airflow/.local/lib/python3.7/site-packages/airflow/example_dags/example_branch_datetime_operator.py
[2025-10-05T17:23:01.741+0000] {logging_mixin.py:137} INFO - [2025-10-05T17:23:01.741+0000] {dag.py:2690} INFO - Sync 3 DAGs
[2025-10-05T17:23:01.773+0000] {logging_mixin.py:137} INFO - [2025-10-05T17:23:01.773+0000] {dag.py:3441} INFO - Setting next_dagrun for example_branch_datetime_operator to 2025-10-04T00:00:00+00:00, run_after=2025-10-05T00:00:00+00:00
[2025-10-05T17:23:01.779+0000] {logging_mixin.py:137} INFO - [2025-10-05T17:23:01.779+0000] {dag.py:3441} INFO - Setting next_dagrun for example_branch_datetime_operator_2 to 2025-10-04T00:00:00+00:00, run_after=2025-10-05T00:00:00+00:00
[2025-10-05T17:23:01.782+0000] {logging_mixin.py:137} INFO - [2025-10-05T17:23:01.782+0000] {dag.py:3441} INFO - Setting next_dagrun for example_branch_datetime_operator_3 to 2025-10-04T00:00:00+00:00, run_after=2025-10-05T00:00:00+00:00
[2025-10-05T17:23:01.808+0000] {processor.py:175} INFO - Processing /home/airflow/.local/lib/python3.7/site-packages/airflow/example_dags/example_branch_datetime_operator.py took 0.143 seconds
[2025-10-05T17:23:32.431+0000] {processor.py:153} INFO - Started process (PID=875) to work on /home/airflow/.local/lib/python3.7/site-packages/airflow/example_dags/example_branch_datetime_operator.py
[2025-10-05T17:23:32.432+0000] {processor.py:743} INFO - Processing file /home/airflow/.local/lib/python3.7/site-packages/airflow/example_dags/example_branch_datetime_operator.py for tasks to queue
[2025-10-05T17:23:32.433+0000] {logging_mixin.py:137} INFO - [2025-10-05T17:23:32.433+0000] {dagbag.py:538} INFO - Filling up the DagBag from /home/airflow/.local/lib/python3.7/site-packages/airflow/example_dags/example_branch_datetime_operator.py
[2025-10-05T17:23:32.455+0000] {processor.py:753} INFO - DAG(s) dict_keys(['example_branch_datetime_operator_3', 'example_branch_datetime_operator_2', 'example_branch_datetime_operator']) retrieved from /home/airflow/.local/lib/python3.7/site-packages/airflow/example_dags/example_branch_datetime_operator.py
[2025-10-05T17:23:32.498+0000] {logging_mixin.py:137} INFO - [2025-10-05T17:23:32.498+0000] {dag.py:2690} INFO - Sync 3 DAGs
[2025-10-05T17:23:32.528+0000] {logging_mixin.py:137} INFO - [2025-10-05T17:23:32.528+0000] {dag.py:3441} INFO - Setting next_dagrun for example_branch_datetime_operator to 2025-10-04T00:00:00+00:00, run_after=2025-10-05T00:00:00+00:00
[2025-10-05T17:23:32.534+0000] {logging_mixin.py:137} INFO - [2025-10-05T17:23:32.534+0000] {dag.py:3441} INFO - Setting next_dagrun for example_branch_datetime_operator_2 to 2025-10-04T00:00:00+00:00, run_after=2025-10-05T00:00:00+00:00
[2025-10-05T17:23:32.537+0000] {logging_mixin.py:137} INFO - [2025-10-05T17:23:32.537+0000] {dag.py:3441} INFO - Setting next_dagrun for example_branch_datetime_operator_3 to 2025-10-04T00:00:00+00:00, run_after=2025-10-05T00:00:00+00:00
[2025-10-05T17:23:32.561+0000] {processor.py:175} INFO - Processing /home/airflow/.local/lib/python3.7/site-packages/airflow/example_dags/example_branch_datetime_operator.py took 0.135 seconds
[2025-10-05T17:24:03.170+0000] {processor.py:153} INFO - Started process (PID=988) to work on /home/airflow/.local/lib/python3.7/site-packages/airflow/example_dags/example_branch_datetime_operator.py
[2025-10-05T17:24:03.172+0000] {processor.py:743} INFO - Processing file /home/airflow/.local/lib/python3.7/site-packages/airflow/example_dags/example_branch_datetime_operator.py for tasks to queue
[2025-10-05T17:24:03.173+0000] {logging_mixin.py:137} INFO - [2025-10-05T17:24:03.173+0000] {dagbag.py:538} INFO - Filling up the DagBag from /home/airflow/.local/lib/python3.7/site-packages/airflow/example_dags/example_branch_datetime_operator.py
[2025-10-05T17:24:03.205+0000] {processor.py:753} INFO - DAG(s) dict_keys(['example_branch_datetime_operator_3', 'example_branch_datetime_operator', 'example_branch_datetime_operator_2']) retrieved from /home/airflow/.local/lib/python3.7/site-packages/airflow/example_dags/example_branch_datetime_operator.py
[2025-10-05T17:24:03.253+0000] {logging_mixin.py:137} INFO - [2025-10-05T17:24:03.253+0000] {dag.py:2690} INFO - Sync 3 DAGs
[2025-10-05T17:24:03.291+0000] {logging_mixin.py:137} INFO - [2025-10-05T17:24:03.291+0000] {dag.py:3441} INFO - Setting next_dagrun for example_branch_datetime_operator to 2025-10-04T00:00:00+00:00, run_after=2025-10-05T00:00:00+00:00
[2025-10-05T17:24:03.299+0000] {logging_mixin.py:137} INFO - [2025-10-05T17:24:03.298+0000] {dag.py:3441} INFO - Setting next_dagrun for example_branch_datetime_operator_2 to 2025-10-04T00:00:00+00:00, run_after=2025-10-05T00:00:00+00:00
[2025-10-05T17:24:03.303+0000] {logging_mixin.py:137} INFO - [2025-10-05T17:24:03.302+0000] {dag.py:3441} INFO - Setting next_dagrun for example_branch_datetime_operator_3 to 2025-10-04T00:00:00+00:00, run_after=2025-10-05T00:00:00+00:00
[2025-10-05T17:24:03.337+0000] {processor.py:175} INFO - Processing /home/airflow/.local/lib/python3.7/site-packages/airflow/example_dags/example_branch_datetime_operator.py took 0.171 seconds
[2025-10-05T17:24:33.889+0000] {processor.py:153} INFO - Started process (PID=1077) to work on /home/airflow/.local/lib/python3.7/site-packages/airflow/example_dags/example_branch_datetime_operator.py
[2025-10-05T17:24:33.890+0000] {processor.py:743} INFO - Processing file /home/airflow/.local/lib/python3.7/site-packages/airflow/example_dags/example_branch_datetime_operator.py for tasks to queue
[2025-10-05T17:24:33.892+0000] {logging_mixin.py:137} INFO - [2025-10-05T17:24:33.891+0000] {dagbag.py:538} INFO - Filling up the DagBag from /home/airflow/.local/lib/python3.7/site-packages/airflow/example_dags/example_branch_datetime_operator.py
[2025-10-05T17:24:33.912+0000] {processor.py:753} INFO - DAG(s) dict_keys(['example_branch_datetime_operator_2', 'example_branch_datetime_operator', 'example_branch_datetime_operator_3']) retrieved from /home/airflow/.local/lib/python3.7/site-packages/airflow/example_dags/example_branch_datetime_operator.py
[2025-10-05T17:24:33.954+0000] {logging_mixin.py:137} INFO - [2025-10-05T17:24:33.954+0000] {dag.py:2690} INFO - Sync 3 DAGs
[2025-10-05T17:24:33.989+0000] {logging_mixin.py:137} INFO - [2025-10-05T17:24:33.989+0000] {dag.py:3441} INFO - Setting next_dagrun for example_branch_datetime_operator to 2025-10-04T00:00:00+00:00, run_after=2025-10-05T00:00:00+00:00
[2025-10-05T17:24:33.995+0000] {logging_mixin.py:137} INFO - [2025-10-05T17:24:33.995+0000] {dag.py:3441} INFO - Setting next_dagrun for example_branch_datetime_operator_2 to 2025-10-04T00:00:00+00:00, run_after=2025-10-05T00:00:00+00:00
[2025-10-05T17:24:33.998+0000] {logging_mixin.py:137} INFO - [2025-10-05T17:24:33.998+0000] {dag.py:3441} INFO - Setting next_dagrun for example_branch_datetime_operator_3 to 2025-10-04T00:00:00+00:00, run_after=2025-10-05T00:00:00+00:00
[2025-10-05T17:24:34.022+0000] {processor.py:175} INFO - Processing /home/airflow/.local/lib/python3.7/site-packages/airflow/example_dags/example_branch_datetime_operator.py took 0.137 seconds
[2025-10-05T17:25:04.232+0000] {processor.py:153} INFO - Started process (PID=1171) to work on /home/airflow/.local/lib/python3.7/site-packages/airflow/example_dags/example_branch_datetime_operator.py
[2025-10-05T17:25:04.233+0000] {processor.py:743} INFO - Processing file /home/airflow/.local/lib/python3.7/site-packages/airflow/example_dags/example_branch_datetime_operator.py for tasks to queue
[2025-10-05T17:25:04.235+0000] {logging_mixin.py:137} INFO - [2025-10-05T17:25:04.234+0000] {dagbag.py:538} INFO - Filling up the DagBag from /home/airflow/.local/lib/python3.7/site-packages/airflow/example_dags/example_branch_datetime_operator.py
[2025-10-05T17:25:04.256+0000] {processor.py:753} INFO - DAG(s) dict_keys(['example_branch_datetime_operator', 'example_branch_datetime_operator_3', 'example_branch_datetime_operator_2']) retrieved from /home/airflow/.local/lib/python3.7/site-packages/airflow/example_dags/example_branch_datetime_operator.py
[2025-10-05T17:25:04.298+0000] {logging_mixin.py:137} INFO - [2025-10-05T17:25:04.298+0000] {dag.py:2690} INFO - Sync 3 DAGs
[2025-10-05T17:25:04.334+0000] {logging_mixin.py:137} INFO - [2025-10-05T17:25:04.334+0000] {dag.py:3441} INFO - Setting next_dagrun for example_branch_datetime_operator to 2025-10-04T00:00:00+00:00, run_after=2025-10-05T00:00:00+00:00
[2025-10-05T17:25:04.340+0000] {logging_mixin.py:137} INFO - [2025-10-05T17:25:04.340+0000] {dag.py:3441} INFO - Setting next_dagrun for example_branch_datetime_operator_2 to 2025-10-04T00:00:00+00:00, run_after=2025-10-05T00:00:00+00:00
[2025-10-05T17:25:04.343+0000] {logging_mixin.py:137} INFO - [2025-10-05T17:25:04.343+0000] {dag.py:3441} INFO - Setting next_dagrun for example_branch_datetime_operator_3 to 2025-10-04T00:00:00+00:00, run_after=2025-10-05T00:00:00+00:00
[2025-10-05T17:25:04.372+0000] {processor.py:175} INFO - Processing /home/airflow/.local/lib/python3.7/site-packages/airflow/example_dags/example_branch_datetime_operator.py took 0.144 seconds
[2025-10-05T17:25:34.453+0000] {processor.py:153} INFO - Started process (PID=1277) to work on /home/airflow/.local/lib/python3.7/site-packages/airflow/example_dags/example_branch_datetime_operator.py
[2025-10-05T17:25:34.454+0000] {processor.py:743} INFO - Processing file /home/airflow/.local/lib/python3.7/site-packages/airflow/example_dags/example_branch_datetime_operator.py for tasks to queue
[2025-10-05T17:25:34.455+0000] {logging_mixin.py:137} INFO - [2025-10-05T17:25:34.455+0000] {dagbag.py:538} INFO - Filling up the DagBag from /home/airflow/.local/lib/python3.7/site-packages/airflow/example_dags/example_branch_datetime_operator.py
[2025-10-05T17:25:34.474+0000] {processor.py:753} INFO - DAG(s) dict_keys(['example_branch_datetime_operator_2', 'example_branch_datetime_operator', 'example_branch_datetime_operator_3']) retrieved from /home/airflow/.local/lib/python3.7/site-packages/airflow/example_dags/example_branch_datetime_operator.py
[2025-10-05T17:25:34.513+0000] {logging_mixin.py:137} INFO - [2025-10-05T17:25:34.513+0000] {dag.py:2690} INFO - Sync 3 DAGs
[2025-10-05T17:25:34.541+0000] {logging_mixin.py:137} INFO - [2025-10-05T17:25:34.541+0000] {dag.py:3441} INFO - Setting next_dagrun for example_branch_datetime_operator to 2025-10-04T00:00:00+00:00, run_after=2025-10-05T00:00:00+00:00
[2025-10-05T17:25:34.546+0000] {logging_mixin.py:137} INFO - [2025-10-05T17:25:34.546+0000] {dag.py:3441} INFO - Setting next_dagrun for example_branch_datetime_operator_2 to 2025-10-04T00:00:00+00:00, run_after=2025-10-05T00:00:00+00:00
[2025-10-05T17:25:34.549+0000] {logging_mixin.py:137} INFO - [2025-10-05T17:25:34.549+0000] {dag.py:3441} INFO - Setting next_dagrun for example_branch_datetime_operator_3 to 2025-10-04T00:00:00+00:00, run_after=2025-10-05T00:00:00+00:00
[2025-10-05T17:25:34.572+0000] {processor.py:175} INFO - Processing /home/airflow/.local/lib/python3.7/site-packages/airflow/example_dags/example_branch_datetime_operator.py took 0.124 seconds
[2025-10-05T17:26:04.960+0000] {processor.py:153} INFO - Started process (PID=1366) to work on /home/airflow/.local/lib/python3.7/site-packages/airflow/example_dags/example_branch_datetime_operator.py
[2025-10-05T17:26:04.962+0000] {processor.py:743} INFO - Processing file /home/airflow/.local/lib/python3.7/site-packages/airflow/example_dags/example_branch_datetime_operator.py for tasks to queue
[2025-10-05T17:26:04.963+0000] {logging_mixin.py:137} INFO - [2025-10-05T17:26:04.963+0000] {dagbag.py:538} INFO - Filling up the DagBag from /home/airflow/.local/lib/python3.7/site-packages/airflow/example_dags/example_branch_datetime_operator.py
[2025-10-05T17:26:04.984+0000] {processor.py:753} INFO - DAG(s) dict_keys(['example_branch_datetime_operator_3', 'example_branch_datetime_operator', 'example_branch_datetime_operator_2']) retrieved from /home/airflow/.local/lib/python3.7/site-packages/airflow/example_dags/example_branch_datetime_operator.py
[2025-10-05T17:26:05.027+0000] {logging_mixin.py:137} INFO - [2025-10-05T17:26:05.027+0000] {dag.py:2690} INFO - Sync 3 DAGs
[2025-10-05T17:26:05.057+0000] {logging_mixin.py:137} INFO - [2025-10-05T17:26:05.057+0000] {dag.py:3441} INFO - Setting next_dagrun for example_branch_datetime_operator to 2025-10-04T00:00:00+00:00, run_after=2025-10-05T00:00:00+00:00
[2025-10-05T17:26:05.063+0000] {logging_mixin.py:137} INFO - [2025-10-05T17:26:05.063+0000] {dag.py:3441} INFO - Setting next_dagrun for example_branch_datetime_operator_2 to 2025-10-04T00:00:00+00:00, run_after=2025-10-05T00:00:00+00:00
[2025-10-05T17:26:05.067+0000] {logging_mixin.py:137} INFO - [2025-10-05T17:26:05.067+0000] {dag.py:3441} INFO - Setting next_dagrun for example_branch_datetime_operator_3 to 2025-10-04T00:00:00+00:00, run_after=2025-10-05T00:00:00+00:00
[2025-10-05T17:26:05.087+0000] {processor.py:175} INFO - Processing /home/airflow/.local/lib/python3.7/site-packages/airflow/example_dags/example_branch_datetime_operator.py took 0.131 seconds
[2025-10-05T17:26:35.924+0000] {processor.py:153} INFO - Started process (PID=1479) to work on /home/airflow/.local/lib/python3.7/site-packages/airflow/example_dags/example_branch_datetime_operator.py
[2025-10-05T17:26:35.925+0000] {processor.py:743} INFO - Processing file /home/airflow/.local/lib/python3.7/site-packages/airflow/example_dags/example_branch_datetime_operator.py for tasks to queue
[2025-10-05T17:26:35.927+0000] {logging_mixin.py:137} INFO - [2025-10-05T17:26:35.926+0000] {dagbag.py:538} INFO - Filling up the DagBag from /home/airflow/.local/lib/python3.7/site-packages/airflow/example_dags/example_branch_datetime_operator.py
[2025-10-05T17:26:35.949+0000] {processor.py:753} INFO - DAG(s) dict_keys(['example_branch_datetime_operator', 'example_branch_datetime_operator_2', 'example_branch_datetime_operator_3']) retrieved from /home/airflow/.local/lib/python3.7/site-packages/airflow/example_dags/example_branch_datetime_operator.py
[2025-10-05T17:26:36.000+0000] {logging_mixin.py:137} INFO - [2025-10-05T17:26:36.000+0000] {dag.py:2690} INFO - Sync 3 DAGs
[2025-10-05T17:26:36.035+0000] {logging_mixin.py:137} INFO - [2025-10-05T17:26:36.035+0000] {dag.py:3441} INFO - Setting next_dagrun for example_branch_datetime_operator to 2025-10-04T00:00:00+00:00, run_after=2025-10-05T00:00:00+00:00
[2025-10-05T17:26:36.043+0000] {logging_mixin.py:137} INFO - [2025-10-05T17:26:36.043+0000] {dag.py:3441} INFO - Setting next_dagrun for example_branch_datetime_operator_2 to 2025-10-04T00:00:00+00:00, run_after=2025-10-05T00:00:00+00:00
[2025-10-05T17:26:36.047+0000] {logging_mixin.py:137} INFO - [2025-10-05T17:26:36.047+0000] {dag.py:3441} INFO - Setting next_dagrun for example_branch_datetime_operator_3 to 2025-10-04T00:00:00+00:00, run_after=2025-10-05T00:00:00+00:00
[2025-10-05T17:26:36.076+0000] {processor.py:175} INFO - Processing /home/airflow/.local/lib/python3.7/site-packages/airflow/example_dags/example_branch_datetime_operator.py took 0.157 seconds
[2025-10-05T17:27:07.031+0000] {processor.py:153} INFO - Started process (PID=1568) to work on /home/airflow/.local/lib/python3.7/site-packages/airflow/example_dags/example_branch_datetime_operator.py
[2025-10-05T17:27:07.033+0000] {processor.py:743} INFO - Processing file /home/airflow/.local/lib/python3.7/site-packages/airflow/example_dags/example_branch_datetime_operator.py for tasks to queue
[2025-10-05T17:27:07.034+0000] {logging_mixin.py:137} INFO - [2025-10-05T17:27:07.034+0000] {dagbag.py:538} INFO - Filling up the DagBag from /home/airflow/.local/lib/python3.7/site-packages/airflow/example_dags/example_branch_datetime_operator.py
[2025-10-05T17:27:07.057+0000] {processor.py:753} INFO - DAG(s) dict_keys(['example_branch_datetime_operator_3', 'example_branch_datetime_operator', 'example_branch_datetime_operator_2']) retrieved from /home/airflow/.local/lib/python3.7/site-packages/airflow/example_dags/example_branch_datetime_operator.py
[2025-10-05T17:27:07.102+0000] {logging_mixin.py:137} INFO - [2025-10-05T17:27:07.102+0000] {dag.py:2690} INFO - Sync 3 DAGs
[2025-10-05T17:27:07.136+0000] {logging_mixin.py:137} INFO - [2025-10-05T17:27:07.136+0000] {dag.py:3441} INFO - Setting next_dagrun for example_branch_datetime_operator to 2025-10-04T00:00:00+00:00, run_after=2025-10-05T00:00:00+00:00
[2025-10-05T17:27:07.142+0000] {logging_mixin.py:137} INFO - [2025-10-05T17:27:07.142+0000] {dag.py:3441} INFO - Setting next_dagrun for example_branch_datetime_operator_2 to 2025-10-04T00:00:00+00:00, run_after=2025-10-05T00:00:00+00:00
[2025-10-05T17:27:07.146+0000] {logging_mixin.py:137} INFO - [2025-10-05T17:27:07.146+0000] {dag.py:3441} INFO - Setting next_dagrun for example_branch_datetime_operator_3 to 2025-10-04T00:00:00+00:00, run_after=2025-10-05T00:00:00+00:00
[2025-10-05T17:27:07.172+0000] {processor.py:175} INFO - Processing /home/airflow/.local/lib/python3.7/site-packages/airflow/example_dags/example_branch_datetime_operator.py took 0.146 seconds
[2025-10-05T17:27:38.046+0000] {processor.py:153} INFO - Started process (PID=1663) to work on /home/airflow/.local/lib/python3.7/site-packages/airflow/example_dags/example_branch_datetime_operator.py
[2025-10-05T17:27:38.048+0000] {processor.py:743} INFO - Processing file /home/airflow/.local/lib/python3.7/site-packages/airflow/example_dags/example_branch_datetime_operator.py for tasks to queue
[2025-10-05T17:27:38.049+0000] {logging_mixin.py:137} INFO - [2025-10-05T17:27:38.049+0000] {dagbag.py:538} INFO - Filling up the DagBag from /home/airflow/.local/lib/python3.7/site-packages/airflow/example_dags/example_branch_datetime_operator.py
[2025-10-05T17:27:38.077+0000] {processor.py:753} INFO - DAG(s) dict_keys(['example_branch_datetime_operator_3', 'example_branch_datetime_operator_2', 'example_branch_datetime_operator']) retrieved from /home/airflow/.local/lib/python3.7/site-packages/airflow/example_dags/example_branch_datetime_operator.py
[2025-10-05T17:27:38.125+0000] {logging_mixin.py:137} INFO - [2025-10-05T17:27:38.125+0000] {dag.py:2690} INFO - Sync 3 DAGs
[2025-10-05T17:27:38.157+0000] {logging_mixin.py:137} INFO - [2025-10-05T17:27:38.157+0000] {dag.py:3441} INFO - Setting next_dagrun for example_branch_datetime_operator to 2025-10-04T00:00:00+00:00, run_after=2025-10-05T00:00:00+00:00
[2025-10-05T17:27:38.165+0000] {logging_mixin.py:137} INFO - [2025-10-05T17:27:38.164+0000] {dag.py:3441} INFO - Setting next_dagrun for example_branch_datetime_operator_2 to 2025-10-04T00:00:00+00:00, run_after=2025-10-05T00:00:00+00:00
[2025-10-05T17:27:38.168+0000] {logging_mixin.py:137} INFO - [2025-10-05T17:27:38.168+0000] {dag.py:3441} INFO - Setting next_dagrun for example_branch_datetime_operator_3 to 2025-10-04T00:00:00+00:00, run_after=2025-10-05T00:00:00+00:00
[2025-10-05T17:27:38.193+0000] {processor.py:175} INFO - Processing /home/airflow/.local/lib/python3.7/site-packages/airflow/example_dags/example_branch_datetime_operator.py took 0.153 seconds
[2025-10-05T17:28:08.676+0000] {processor.py:153} INFO - Started process (PID=1771) to work on /home/airflow/.local/lib/python3.7/site-packages/airflow/example_dags/example_branch_datetime_operator.py
[2025-10-05T17:28:08.677+0000] {processor.py:743} INFO - Processing file /home/airflow/.local/lib/python3.7/site-packages/airflow/example_dags/example_branch_datetime_operator.py for tasks to queue
[2025-10-05T17:28:08.679+0000] {logging_mixin.py:137} INFO - [2025-10-05T17:28:08.678+0000] {dagbag.py:538} INFO - Filling up the DagBag from /home/airflow/.local/lib/python3.7/site-packages/airflow/example_dags/example_branch_datetime_operator.py
[2025-10-05T17:28:08.706+0000] {processor.py:753} INFO - DAG(s) dict_keys(['example_branch_datetime_operator', 'example_branch_datetime_operator_2', 'example_branch_datetime_operator_3']) retrieved from /home/airflow/.local/lib/python3.7/site-packages/airflow/example_dags/example_branch_datetime_operator.py
[2025-10-05T17:28:08.768+0000] {logging_mixin.py:137} INFO - [2025-10-05T17:28:08.767+0000] {dag.py:2690} INFO - Sync 3 DAGs
[2025-10-05T17:28:08.815+0000] {logging_mixin.py:137} INFO - [2025-10-05T17:28:08.815+0000] {dag.py:3441} INFO - Setting next_dagrun for example_branch_datetime_operator to 2025-10-04T00:00:00+00:00, run_after=2025-10-05T00:00:00+00:00
[2025-10-05T17:28:08.823+0000] {logging_mixin.py:137} INFO - [2025-10-05T17:28:08.823+0000] {dag.py:3441} INFO - Setting next_dagrun for example_branch_datetime_operator_2 to 2025-10-04T00:00:00+00:00, run_after=2025-10-05T00:00:00+00:00
[2025-10-05T17:28:08.828+0000] {logging_mixin.py:137} INFO - [2025-10-05T17:28:08.828+0000] {dag.py:3441} INFO - Setting next_dagrun for example_branch_datetime_operator_3 to 2025-10-04T00:00:00+00:00, run_after=2025-10-05T00:00:00+00:00
[2025-10-05T17:28:08.863+0000] {processor.py:175} INFO - Processing /home/airflow/.local/lib/python3.7/site-packages/airflow/example_dags/example_branch_datetime_operator.py took 0.194 seconds
[2025-10-05T17:28:39.347+0000] {processor.py:153} INFO - Started process (PID=1860) to work on /home/airflow/.local/lib/python3.7/site-packages/airflow/example_dags/example_branch_datetime_operator.py
[2025-10-05T17:28:39.348+0000] {processor.py:743} INFO - Processing file /home/airflow/.local/lib/python3.7/site-packages/airflow/example_dags/example_branch_datetime_operator.py for tasks to queue
[2025-10-05T17:28:39.349+0000] {logging_mixin.py:137} INFO - [2025-10-05T17:28:39.349+0000] {dagbag.py:538} INFO - Filling up the DagBag from /home/airflow/.local/lib/python3.7/site-packages/airflow/example_dags/example_branch_datetime_operator.py
[2025-10-05T17:28:39.369+0000] {processor.py:753} INFO - DAG(s) dict_keys(['example_branch_datetime_operator_3', 'example_branch_datetime_operator_2', 'example_branch_datetime_operator']) retrieved from /home/airflow/.local/lib/python3.7/site-packages/airflow/example_dags/example_branch_datetime_operator.py
[2025-10-05T17:28:39.413+0000] {logging_mixin.py:137} INFO - [2025-10-05T17:28:39.413+0000] {dag.py:2690} INFO - Sync 3 DAGs
[2025-10-05T17:28:39.447+0000] {logging_mixin.py:137} INFO - [2025-10-05T17:28:39.446+0000] {dag.py:3441} INFO - Setting next_dagrun for example_branch_datetime_operator to 2025-10-04T00:00:00+00:00, run_after=2025-10-05T00:00:00+00:00
[2025-10-05T17:28:39.452+0000] {logging_mixin.py:137} INFO - [2025-10-05T17:28:39.452+0000] {dag.py:3441} INFO - Setting next_dagrun for example_branch_datetime_operator_2 to 2025-10-04T00:00:00+00:00, run_after=2025-10-05T00:00:00+00:00
[2025-10-05T17:28:39.457+0000] {logging_mixin.py:137} INFO - [2025-10-05T17:28:39.457+0000] {dag.py:3441} INFO - Setting next_dagrun for example_branch_datetime_operator_3 to 2025-10-04T00:00:00+00:00, run_after=2025-10-05T00:00:00+00:00
[2025-10-05T17:28:39.481+0000] {processor.py:175} INFO - Processing /home/airflow/.local/lib/python3.7/site-packages/airflow/example_dags/example_branch_datetime_operator.py took 0.138 seconds
[2025-10-05T17:29:10.229+0000] {processor.py:153} INFO - Started process (PID=1973) to work on /home/airflow/.local/lib/python3.7/site-packages/airflow/example_dags/example_branch_datetime_operator.py
[2025-10-05T17:29:10.234+0000] {processor.py:743} INFO - Processing file /home/airflow/.local/lib/python3.7/site-packages/airflow/example_dags/example_branch_datetime_operator.py for tasks to queue
[2025-10-05T17:29:10.235+0000] {logging_mixin.py:137} INFO - [2025-10-05T17:29:10.235+0000] {dagbag.py:538} INFO - Filling up the DagBag from /home/airflow/.local/lib/python3.7/site-packages/airflow/example_dags/example_branch_datetime_operator.py
[2025-10-05T17:29:10.272+0000] {processor.py:753} INFO - DAG(s) dict_keys(['example_branch_datetime_operator_2', 'example_branch_datetime_operator_3', 'example_branch_datetime_operator']) retrieved from /home/airflow/.local/lib/python3.7/site-packages/airflow/example_dags/example_branch_datetime_operator.py
[2025-10-05T17:29:10.326+0000] {logging_mixin.py:137} INFO - [2025-10-05T17:29:10.326+0000] {dag.py:2690} INFO - Sync 3 DAGs
[2025-10-05T17:29:10.360+0000] {logging_mixin.py:137} INFO - [2025-10-05T17:29:10.360+0000] {dag.py:3441} INFO - Setting next_dagrun for example_branch_datetime_operator to 2025-10-04T00:00:00+00:00, run_after=2025-10-05T00:00:00+00:00
[2025-10-05T17:29:10.366+0000] {logging_mixin.py:137} INFO - [2025-10-05T17:29:10.366+0000] {dag.py:3441} INFO - Setting next_dagrun for example_branch_datetime_operator_2 to 2025-10-04T00:00:00+00:00, run_after=2025-10-05T00:00:00+00:00
[2025-10-05T17:29:10.370+0000] {logging_mixin.py:137} INFO - [2025-10-05T17:29:10.370+0000] {dag.py:3441} INFO - Setting next_dagrun for example_branch_datetime_operator_3 to 2025-10-04T00:00:00+00:00, run_after=2025-10-05T00:00:00+00:00
[2025-10-05T17:29:10.399+0000] {processor.py:175} INFO - Processing /home/airflow/.local/lib/python3.7/site-packages/airflow/example_dags/example_branch_datetime_operator.py took 0.176 seconds
[2025-10-05T17:29:41.182+0000] {processor.py:153} INFO - Started process (PID=2062) to work on /home/airflow/.local/lib/python3.7/site-packages/airflow/example_dags/example_branch_datetime_operator.py
[2025-10-05T17:29:41.184+0000] {processor.py:743} INFO - Processing file /home/airflow/.local/lib/python3.7/site-packages/airflow/example_dags/example_branch_datetime_operator.py for tasks to queue
[2025-10-05T17:29:41.186+0000] {logging_mixin.py:137} INFO - [2025-10-05T17:29:41.186+0000] {dagbag.py:538} INFO - Filling up the DagBag from /home/airflow/.local/lib/python3.7/site-packages/airflow/example_dags/example_branch_datetime_operator.py
[2025-10-05T17:29:41.208+0000] {processor.py:753} INFO - DAG(s) dict_keys(['example_branch_datetime_operator_3', 'example_branch_datetime_operator_2', 'example_branch_datetime_operator']) retrieved from /home/airflow/.local/lib/python3.7/site-packages/airflow/example_dags/example_branch_datetime_operator.py
[2025-10-05T17:29:41.245+0000] {logging_mixin.py:137} INFO - [2025-10-05T17:29:41.245+0000] {dag.py:2690} INFO - Sync 3 DAGs
[2025-10-05T17:29:41.274+0000] {logging_mixin.py:137} INFO - [2025-10-05T17:29:41.274+0000] {dag.py:3441} INFO - Setting next_dagrun for example_branch_datetime_operator to 2025-10-04T00:00:00+00:00, run_after=2025-10-05T00:00:00+00:00
[2025-10-05T17:29:41.280+0000] {logging_mixin.py:137} INFO - [2025-10-05T17:29:41.279+0000] {dag.py:3441} INFO - Setting next_dagrun for example_branch_datetime_operator_2 to 2025-10-04T00:00:00+00:00, run_after=2025-10-05T00:00:00+00:00
[2025-10-05T17:29:41.283+0000] {logging_mixin.py:137} INFO - [2025-10-05T17:29:41.283+0000] {dag.py:3441} INFO - Setting next_dagrun for example_branch_datetime_operator_3 to 2025-10-04T00:00:00+00:00, run_after=2025-10-05T00:00:00+00:00
[2025-10-05T17:29:41.305+0000] {processor.py:175} INFO - Processing /home/airflow/.local/lib/python3.7/site-packages/airflow/example_dags/example_branch_datetime_operator.py took 0.127 seconds
[2025-10-05T17:30:11.589+0000] {processor.py:153} INFO - Started process (PID=2161) to work on /home/airflow/.local/lib/python3.7/site-packages/airflow/example_dags/example_branch_datetime_operator.py
[2025-10-05T17:30:11.591+0000] {processor.py:743} INFO - Processing file /home/airflow/.local/lib/python3.7/site-packages/airflow/example_dags/example_branch_datetime_operator.py for tasks to queue
[2025-10-05T17:30:11.592+0000] {logging_mixin.py:137} INFO - [2025-10-05T17:30:11.592+0000] {dagbag.py:538} INFO - Filling up the DagBag from /home/airflow/.local/lib/python3.7/site-packages/airflow/example_dags/example_branch_datetime_operator.py
[2025-10-05T17:30:11.613+0000] {processor.py:753} INFO - DAG(s) dict_keys(['example_branch_datetime_operator_2', 'example_branch_datetime_operator', 'example_branch_datetime_operator_3']) retrieved from /home/airflow/.local/lib/python3.7/site-packages/airflow/example_dags/example_branch_datetime_operator.py
[2025-10-05T17:30:11.655+0000] {logging_mixin.py:137} INFO - [2025-10-05T17:30:11.655+0000] {dag.py:2690} INFO - Sync 3 DAGs
[2025-10-05T17:30:11.686+0000] {logging_mixin.py:137} INFO - [2025-10-05T17:30:11.686+0000] {dag.py:3441} INFO - Setting next_dagrun for example_branch_datetime_operator to 2025-10-04T00:00:00+00:00, run_after=2025-10-05T00:00:00+00:00
[2025-10-05T17:30:11.692+0000] {logging_mixin.py:137} INFO - [2025-10-05T17:30:11.692+0000] {dag.py:3441} INFO - Setting next_dagrun for example_branch_datetime_operator_2 to 2025-10-04T00:00:00+00:00, run_after=2025-10-05T00:00:00+00:00
[2025-10-05T17:30:11.695+0000] {logging_mixin.py:137} INFO - [2025-10-05T17:30:11.695+0000] {dag.py:3441} INFO - Setting next_dagrun for example_branch_datetime_operator_3 to 2025-10-04T00:00:00+00:00, run_after=2025-10-05T00:00:00+00:00
[2025-10-05T17:30:11.718+0000] {processor.py:175} INFO - Processing /home/airflow/.local/lib/python3.7/site-packages/airflow/example_dags/example_branch_datetime_operator.py took 0.134 seconds
[2025-10-05T17:30:42.100+0000] {processor.py:153} INFO - Started process (PID=2266) to work on /home/airflow/.local/lib/python3.7/site-packages/airflow/example_dags/example_branch_datetime_operator.py
[2025-10-05T17:30:42.102+0000] {processor.py:743} INFO - Processing file /home/airflow/.local/lib/python3.7/site-packages/airflow/example_dags/example_branch_datetime_operator.py for tasks to queue
[2025-10-05T17:30:42.103+0000] {logging_mixin.py:137} INFO - [2025-10-05T17:30:42.103+0000] {dagbag.py:538} INFO - Filling up the DagBag from /home/airflow/.local/lib/python3.7/site-packages/airflow/example_dags/example_branch_datetime_operator.py
[2025-10-05T17:30:42.123+0000] {processor.py:753} INFO - DAG(s) dict_keys(['example_branch_datetime_operator_3', 'example_branch_datetime_operator', 'example_branch_datetime_operator_2']) retrieved from /home/airflow/.local/lib/python3.7/site-packages/airflow/example_dags/example_branch_datetime_operator.py
[2025-10-05T17:30:42.162+0000] {logging_mixin.py:137} INFO - [2025-10-05T17:30:42.162+0000] {dag.py:2690} INFO - Sync 3 DAGs
[2025-10-05T17:30:42.192+0000] {logging_mixin.py:137} INFO - [2025-10-05T17:30:42.192+0000] {dag.py:3441} INFO - Setting next_dagrun for example_branch_datetime_operator to 2025-10-04T00:00:00+00:00, run_after=2025-10-05T00:00:00+00:00
[2025-10-05T17:30:42.200+0000] {logging_mixin.py:137} INFO - [2025-10-05T17:30:42.200+0000] {dag.py:3441} INFO - Setting next_dagrun for example_branch_datetime_operator_2 to 2025-10-04T00:00:00+00:00, run_after=2025-10-05T00:00:00+00:00
[2025-10-05T17:30:42.203+0000] {logging_mixin.py:137} INFO - [2025-10-05T17:30:42.203+0000] {dag.py:3441} INFO - Setting next_dagrun for example_branch_datetime_operator_3 to 2025-10-04T00:00:00+00:00, run_after=2025-10-05T00:00:00+00:00
[2025-10-05T17:30:42.226+0000] {processor.py:175} INFO - Processing /home/airflow/.local/lib/python3.7/site-packages/airflow/example_dags/example_branch_datetime_operator.py took 0.130 seconds
[2025-10-05T17:31:13.132+0000] {processor.py:153} INFO - Started process (PID=2355) to work on /home/airflow/.local/lib/python3.7/site-packages/airflow/example_dags/example_branch_datetime_operator.py
[2025-10-05T17:31:13.134+0000] {processor.py:743} INFO - Processing file /home/airflow/.local/lib/python3.7/site-packages/airflow/example_dags/example_branch_datetime_operator.py for tasks to queue
[2025-10-05T17:31:13.135+0000] {logging_mixin.py:137} INFO - [2025-10-05T17:31:13.135+0000] {dagbag.py:538} INFO - Filling up the DagBag from /home/airflow/.local/lib/python3.7/site-packages/airflow/example_dags/example_branch_datetime_operator.py
[2025-10-05T17:31:13.155+0000] {processor.py:753} INFO - DAG(s) dict_keys(['example_branch_datetime_operator_2', 'example_branch_datetime_operator', 'example_branch_datetime_operator_3']) retrieved from /home/airflow/.local/lib/python3.7/site-packages/airflow/example_dags/example_branch_datetime_operator.py
[2025-10-05T17:31:13.192+0000] {logging_mixin.py:137} INFO - [2025-10-05T17:31:13.192+0000] {dag.py:2690} INFO - Sync 3 DAGs
[2025-10-05T17:31:13.222+0000] {logging_mixin.py:137} INFO - [2025-10-05T17:31:13.222+0000] {dag.py:3441} INFO - Setting next_dagrun for example_branch_datetime_operator to 2025-10-04T00:00:00+00:00, run_after=2025-10-05T00:00:00+00:00
[2025-10-05T17:31:13.227+0000] {logging_mixin.py:137} INFO - [2025-10-05T17:31:13.227+0000] {dag.py:3441} INFO - Setting next_dagrun for example_branch_datetime_operator_2 to 2025-10-04T00:00:00+00:00, run_after=2025-10-05T00:00:00+00:00
[2025-10-05T17:31:13.230+0000] {logging_mixin.py:137} INFO - [2025-10-05T17:31:13.230+0000] {dag.py:3441} INFO - Setting next_dagrun for example_branch_datetime_operator_3 to 2025-10-04T00:00:00+00:00, run_after=2025-10-05T00:00:00+00:00
[2025-10-05T17:31:13.251+0000] {processor.py:175} INFO - Processing /home/airflow/.local/lib/python3.7/site-packages/airflow/example_dags/example_branch_datetime_operator.py took 0.123 seconds
[2025-10-05T17:31:44.302+0000] {processor.py:153} INFO - Started process (PID=2469) to work on /home/airflow/.local/lib/python3.7/site-packages/airflow/example_dags/example_branch_datetime_operator.py
[2025-10-05T17:31:44.303+0000] {processor.py:743} INFO - Processing file /home/airflow/.local/lib/python3.7/site-packages/airflow/example_dags/example_branch_datetime_operator.py for tasks to queue
[2025-10-05T17:31:44.304+0000] {logging_mixin.py:137} INFO - [2025-10-05T17:31:44.304+0000] {dagbag.py:538} INFO - Filling up the DagBag from /home/airflow/.local/lib/python3.7/site-packages/airflow/example_dags/example_branch_datetime_operator.py
[2025-10-05T17:31:44.322+0000] {processor.py:753} INFO - DAG(s) dict_keys(['example_branch_datetime_operator', 'example_branch_datetime_operator_3', 'example_branch_datetime_operator_2']) retrieved from /home/airflow/.local/lib/python3.7/site-packages/airflow/example_dags/example_branch_datetime_operator.py
[2025-10-05T17:31:44.360+0000] {logging_mixin.py:137} INFO - [2025-10-05T17:31:44.360+0000] {dag.py:2690} INFO - Sync 3 DAGs
[2025-10-05T17:31:44.388+0000] {logging_mixin.py:137} INFO - [2025-10-05T17:31:44.388+0000] {dag.py:3441} INFO - Setting next_dagrun for example_branch_datetime_operator to 2025-10-04T00:00:00+00:00, run_after=2025-10-05T00:00:00+00:00
[2025-10-05T17:31:44.393+0000] {logging_mixin.py:137} INFO - [2025-10-05T17:31:44.393+0000] {dag.py:3441} INFO - Setting next_dagrun for example_branch_datetime_operator_2 to 2025-10-04T00:00:00+00:00, run_after=2025-10-05T00:00:00+00:00
[2025-10-05T17:31:44.396+0000] {logging_mixin.py:137} INFO - [2025-10-05T17:31:44.396+0000] {dag.py:3441} INFO - Setting next_dagrun for example_branch_datetime_operator_3 to 2025-10-04T00:00:00+00:00, run_after=2025-10-05T00:00:00+00:00
[2025-10-05T17:31:44.416+0000] {processor.py:175} INFO - Processing /home/airflow/.local/lib/python3.7/site-packages/airflow/example_dags/example_branch_datetime_operator.py took 0.119 seconds
[2025-10-05T17:32:14.860+0000] {processor.py:153} INFO - Started process (PID=2558) to work on /home/airflow/.local/lib/python3.7/site-packages/airflow/example_dags/example_branch_datetime_operator.py
[2025-10-05T17:32:14.862+0000] {processor.py:743} INFO - Processing file /home/airflow/.local/lib/python3.7/site-packages/airflow/example_dags/example_branch_datetime_operator.py for tasks to queue
[2025-10-05T17:32:14.863+0000] {logging_mixin.py:137} INFO - [2025-10-05T17:32:14.863+0000] {dagbag.py:538} INFO - Filling up the DagBag from /home/airflow/.local/lib/python3.7/site-packages/airflow/example_dags/example_branch_datetime_operator.py
[2025-10-05T17:32:14.882+0000] {processor.py:753} INFO - DAG(s) dict_keys(['example_branch_datetime_operator_3', 'example_branch_datetime_operator_2', 'example_branch_datetime_operator']) retrieved from /home/airflow/.local/lib/python3.7/site-packages/airflow/example_dags/example_branch_datetime_operator.py
[2025-10-05T17:32:14.924+0000] {logging_mixin.py:137} INFO - [2025-10-05T17:32:14.924+0000] {dag.py:2690} INFO - Sync 3 DAGs
[2025-10-05T17:32:14.953+0000] {logging_mixin.py:137} INFO - [2025-10-05T17:32:14.953+0000] {dag.py:3441} INFO - Setting next_dagrun for example_branch_datetime_operator to 2025-10-04T00:00:00+00:00, run_after=2025-10-05T00:00:00+00:00
[2025-10-05T17:32:14.959+0000] {logging_mixin.py:137} INFO - [2025-10-05T17:32:14.959+0000] {dag.py:3441} INFO - Setting next_dagrun for example_branch_datetime_operator_2 to 2025-10-04T00:00:00+00:00, run_after=2025-10-05T00:00:00+00:00
[2025-10-05T17:32:14.962+0000] {logging_mixin.py:137} INFO - [2025-10-05T17:32:14.962+0000] {dag.py:3441} INFO - Setting next_dagrun for example_branch_datetime_operator_3 to 2025-10-04T00:00:00+00:00, run_after=2025-10-05T00:00:00+00:00
[2025-10-05T17:32:14.984+0000] {processor.py:175} INFO - Processing /home/airflow/.local/lib/python3.7/site-packages/airflow/example_dags/example_branch_datetime_operator.py took 0.129 seconds
[2025-10-05T17:32:45.828+0000] {processor.py:153} INFO - Started process (PID=2671) to work on /home/airflow/.local/lib/python3.7/site-packages/airflow/example_dags/example_branch_datetime_operator.py
[2025-10-05T17:32:45.830+0000] {processor.py:743} INFO - Processing file /home/airflow/.local/lib/python3.7/site-packages/airflow/example_dags/example_branch_datetime_operator.py for tasks to queue
[2025-10-05T17:32:45.831+0000] {logging_mixin.py:137} INFO - [2025-10-05T17:32:45.831+0000] {dagbag.py:538} INFO - Filling up the DagBag from /home/airflow/.local/lib/python3.7/site-packages/airflow/example_dags/example_branch_datetime_operator.py
[2025-10-05T17:32:45.850+0000] {processor.py:753} INFO - DAG(s) dict_keys(['example_branch_datetime_operator', 'example_branch_datetime_operator_3', 'example_branch_datetime_operator_2']) retrieved from /home/airflow/.local/lib/python3.7/site-packages/airflow/example_dags/example_branch_datetime_operator.py
[2025-10-05T17:32:45.888+0000] {logging_mixin.py:137} INFO - [2025-10-05T17:32:45.888+0000] {dag.py:2690} INFO - Sync 3 DAGs
[2025-10-05T17:32:45.916+0000] {logging_mixin.py:137} INFO - [2025-10-05T17:32:45.916+0000] {dag.py:3441} INFO - Setting next_dagrun for example_branch_datetime_operator to 2025-10-04T00:00:00+00:00, run_after=2025-10-05T00:00:00+00:00
[2025-10-05T17:32:45.922+0000] {logging_mixin.py:137} INFO - [2025-10-05T17:32:45.922+0000] {dag.py:3441} INFO - Setting next_dagrun for example_branch_datetime_operator_2 to 2025-10-04T00:00:00+00:00, run_after=2025-10-05T00:00:00+00:00
[2025-10-05T17:32:45.925+0000] {logging_mixin.py:137} INFO - [2025-10-05T17:32:45.925+0000] {dag.py:3441} INFO - Setting next_dagrun for example_branch_datetime_operator_3 to 2025-10-04T00:00:00+00:00, run_after=2025-10-05T00:00:00+00:00
[2025-10-05T17:32:45.947+0000] {processor.py:175} INFO - Processing /home/airflow/.local/lib/python3.7/site-packages/airflow/example_dags/example_branch_datetime_operator.py took 0.123 seconds
[2025-10-05T17:33:16.411+0000] {processor.py:153} INFO - Started process (PID=2760) to work on /home/airflow/.local/lib/python3.7/site-packages/airflow/example_dags/example_branch_datetime_operator.py
[2025-10-05T17:33:16.413+0000] {processor.py:743} INFO - Processing file /home/airflow/.local/lib/python3.7/site-packages/airflow/example_dags/example_branch_datetime_operator.py for tasks to queue
[2025-10-05T17:33:16.414+0000] {logging_mixin.py:137} INFO - [2025-10-05T17:33:16.414+0000] {dagbag.py:538} INFO - Filling up the DagBag from /home/airflow/.local/lib/python3.7/site-packages/airflow/example_dags/example_branch_datetime_operator.py
[2025-10-05T17:33:16.435+0000] {processor.py:753} INFO - DAG(s) dict_keys(['example_branch_datetime_operator_3', 'example_branch_datetime_operator_2', 'example_branch_datetime_operator']) retrieved from /home/airflow/.local/lib/python3.7/site-packages/airflow/example_dags/example_branch_datetime_operator.py
[2025-10-05T17:33:16.475+0000] {logging_mixin.py:137} INFO - [2025-10-05T17:33:16.475+0000] {dag.py:2690} INFO - Sync 3 DAGs
[2025-10-05T17:33:16.510+0000] {logging_mixin.py:137} INFO - [2025-10-05T17:33:16.509+0000] {dag.py:3441} INFO - Setting next_dagrun for example_branch_datetime_operator to 2025-10-04T00:00:00+00:00, run_after=2025-10-05T00:00:00+00:00
[2025-10-05T17:33:16.517+0000] {logging_mixin.py:137} INFO - [2025-10-05T17:33:16.516+0000] {dag.py:3441} INFO - Setting next_dagrun for example_branch_datetime_operator_2 to 2025-10-04T00:00:00+00:00, run_after=2025-10-05T00:00:00+00:00
[2025-10-05T17:33:16.520+0000] {logging_mixin.py:137} INFO - [2025-10-05T17:33:16.520+0000] {dag.py:3441} INFO - Setting next_dagrun for example_branch_datetime_operator_3 to 2025-10-04T00:00:00+00:00, run_after=2025-10-05T00:00:00+00:00
[2025-10-05T17:33:16.544+0000] {processor.py:175} INFO - Processing /home/airflow/.local/lib/python3.7/site-packages/airflow/example_dags/example_branch_datetime_operator.py took 0.137 seconds
[2025-10-05T17:33:46.925+0000] {processor.py:153} INFO - Started process (PID=2848) to work on /home/airflow/.local/lib/python3.7/site-packages/airflow/example_dags/example_branch_datetime_operator.py
[2025-10-05T17:33:46.927+0000] {processor.py:743} INFO - Processing file /home/airflow/.local/lib/python3.7/site-packages/airflow/example_dags/example_branch_datetime_operator.py for tasks to queue
[2025-10-05T17:33:46.928+0000] {logging_mixin.py:137} INFO - [2025-10-05T17:33:46.928+0000] {dagbag.py:538} INFO - Filling up the DagBag from /home/airflow/.local/lib/python3.7/site-packages/airflow/example_dags/example_branch_datetime_operator.py
[2025-10-05T17:33:46.955+0000] {processor.py:753} INFO - DAG(s) dict_keys(['example_branch_datetime_operator', 'example_branch_datetime_operator_2', 'example_branch_datetime_operator_3']) retrieved from /home/airflow/.local/lib/python3.7/site-packages/airflow/example_dags/example_branch_datetime_operator.py
[2025-10-05T17:33:47.002+0000] {logging_mixin.py:137} INFO - [2025-10-05T17:33:47.002+0000] {dag.py:2690} INFO - Sync 3 DAGs
[2025-10-05T17:33:47.038+0000] {logging_mixin.py:137} INFO - [2025-10-05T17:33:47.038+0000] {dag.py:3441} INFO - Setting next_dagrun for example_branch_datetime_operator to 2025-10-04T00:00:00+00:00, run_after=2025-10-05T00:00:00+00:00
[2025-10-05T17:33:47.046+0000] {logging_mixin.py:137} INFO - [2025-10-05T17:33:47.046+0000] {dag.py:3441} INFO - Setting next_dagrun for example_branch_datetime_operator_2 to 2025-10-04T00:00:00+00:00, run_after=2025-10-05T00:00:00+00:00
[2025-10-05T17:33:47.050+0000] {logging_mixin.py:137} INFO - [2025-10-05T17:33:47.050+0000] {dag.py:3441} INFO - Setting next_dagrun for example_branch_datetime_operator_3 to 2025-10-04T00:00:00+00:00, run_after=2025-10-05T00:00:00+00:00
[2025-10-05T17:33:47.079+0000] {processor.py:175} INFO - Processing /home/airflow/.local/lib/python3.7/site-packages/airflow/example_dags/example_branch_datetime_operator.py took 0.158 seconds
[2025-10-05T17:34:17.375+0000] {processor.py:153} INFO - Started process (PID=2961) to work on /home/airflow/.local/lib/python3.7/site-packages/airflow/example_dags/example_branch_datetime_operator.py
[2025-10-05T17:34:17.377+0000] {processor.py:743} INFO - Processing file /home/airflow/.local/lib/python3.7/site-packages/airflow/example_dags/example_branch_datetime_operator.py for tasks to queue
[2025-10-05T17:34:17.379+0000] {logging_mixin.py:137} INFO - [2025-10-05T17:34:17.379+0000] {dagbag.py:538} INFO - Filling up the DagBag from /home/airflow/.local/lib/python3.7/site-packages/airflow/example_dags/example_branch_datetime_operator.py
[2025-10-05T17:34:17.398+0000] {processor.py:753} INFO - DAG(s) dict_keys(['example_branch_datetime_operator_3', 'example_branch_datetime_operator_2', 'example_branch_datetime_operator']) retrieved from /home/airflow/.local/lib/python3.7/site-packages/airflow/example_dags/example_branch_datetime_operator.py
[2025-10-05T17:34:17.434+0000] {logging_mixin.py:137} INFO - [2025-10-05T17:34:17.434+0000] {dag.py:2690} INFO - Sync 3 DAGs
[2025-10-05T17:34:17.464+0000] {logging_mixin.py:137} INFO - [2025-10-05T17:34:17.464+0000] {dag.py:3441} INFO - Setting next_dagrun for example_branch_datetime_operator to 2025-10-04T00:00:00+00:00, run_after=2025-10-05T00:00:00+00:00
[2025-10-05T17:34:17.468+0000] {logging_mixin.py:137} INFO - [2025-10-05T17:34:17.468+0000] {dag.py:3441} INFO - Setting next_dagrun for example_branch_datetime_operator_2 to 2025-10-04T00:00:00+00:00, run_after=2025-10-05T00:00:00+00:00
[2025-10-05T17:34:17.471+0000] {logging_mixin.py:137} INFO - [2025-10-05T17:34:17.471+0000] {dag.py:3441} INFO - Setting next_dagrun for example_branch_datetime_operator_3 to 2025-10-04T00:00:00+00:00, run_after=2025-10-05T00:00:00+00:00
[2025-10-05T17:34:17.492+0000] {processor.py:175} INFO - Processing /home/airflow/.local/lib/python3.7/site-packages/airflow/example_dags/example_branch_datetime_operator.py took 0.121 seconds
[2025-10-05T17:34:47.849+0000] {processor.py:153} INFO - Started process (PID=3050) to work on /home/airflow/.local/lib/python3.7/site-packages/airflow/example_dags/example_branch_datetime_operator.py
[2025-10-05T17:34:47.850+0000] {processor.py:743} INFO - Processing file /home/airflow/.local/lib/python3.7/site-packages/airflow/example_dags/example_branch_datetime_operator.py for tasks to queue
[2025-10-05T17:34:47.852+0000] {logging_mixin.py:137} INFO - [2025-10-05T17:34:47.852+0000] {dagbag.py:538} INFO - Filling up the DagBag from /home/airflow/.local/lib/python3.7/site-packages/airflow/example_dags/example_branch_datetime_operator.py
[2025-10-05T17:34:47.874+0000] {processor.py:753} INFO - DAG(s) dict_keys(['example_branch_datetime_operator_2', 'example_branch_datetime_operator', 'example_branch_datetime_operator_3']) retrieved from /home/airflow/.local/lib/python3.7/site-packages/airflow/example_dags/example_branch_datetime_operator.py
[2025-10-05T17:34:47.977+0000] {logging_mixin.py:137} INFO - [2025-10-05T17:34:47.977+0000] {dag.py:2690} INFO - Sync 3 DAGs
[2025-10-05T17:34:48.032+0000] {logging_mixin.py:137} INFO - [2025-10-05T17:34:48.031+0000] {dag.py:3441} INFO - Setting next_dagrun for example_branch_datetime_operator to 2025-10-04T00:00:00+00:00, run_after=2025-10-05T00:00:00+00:00
[2025-10-05T17:34:48.041+0000] {logging_mixin.py:137} INFO - [2025-10-05T17:34:48.040+0000] {dag.py:3441} INFO - Setting next_dagrun for example_branch_datetime_operator_2 to 2025-10-04T00:00:00+00:00, run_after=2025-10-05T00:00:00+00:00
[2025-10-05T17:34:48.045+0000] {logging_mixin.py:137} INFO - [2025-10-05T17:34:48.045+0000] {dag.py:3441} INFO - Setting next_dagrun for example_branch_datetime_operator_3 to 2025-10-04T00:00:00+00:00, run_after=2025-10-05T00:00:00+00:00
[2025-10-05T17:34:48.075+0000] {processor.py:175} INFO - Processing /home/airflow/.local/lib/python3.7/site-packages/airflow/example_dags/example_branch_datetime_operator.py took 0.231 seconds
[2025-10-05T17:35:18.501+0000] {processor.py:153} INFO - Started process (PID=3148) to work on /home/airflow/.local/lib/python3.7/site-packages/airflow/example_dags/example_branch_datetime_operator.py
[2025-10-05T17:35:18.503+0000] {processor.py:743} INFO - Processing file /home/airflow/.local/lib/python3.7/site-packages/airflow/example_dags/example_branch_datetime_operator.py for tasks to queue
[2025-10-05T17:35:18.504+0000] {logging_mixin.py:137} INFO - [2025-10-05T17:35:18.504+0000] {dagbag.py:538} INFO - Filling up the DagBag from /home/airflow/.local/lib/python3.7/site-packages/airflow/example_dags/example_branch_datetime_operator.py
[2025-10-05T17:35:18.530+0000] {processor.py:753} INFO - DAG(s) dict_keys(['example_branch_datetime_operator_3', 'example_branch_datetime_operator_2', 'example_branch_datetime_operator']) retrieved from /home/airflow/.local/lib/python3.7/site-packages/airflow/example_dags/example_branch_datetime_operator.py
[2025-10-05T17:35:18.578+0000] {logging_mixin.py:137} INFO - [2025-10-05T17:35:18.578+0000] {dag.py:2690} INFO - Sync 3 DAGs
[2025-10-05T17:35:18.625+0000] {logging_mixin.py:137} INFO - [2025-10-05T17:35:18.625+0000] {dag.py:3441} INFO - Setting next_dagrun for example_branch_datetime_operator to 2025-10-04T00:00:00+00:00, run_after=2025-10-05T00:00:00+00:00
[2025-10-05T17:35:18.632+0000] {logging_mixin.py:137} INFO - [2025-10-05T17:35:18.632+0000] {dag.py:3441} INFO - Setting next_dagrun for example_branch_datetime_operator_2 to 2025-10-04T00:00:00+00:00, run_after=2025-10-05T00:00:00+00:00
[2025-10-05T17:35:18.640+0000] {logging_mixin.py:137} INFO - [2025-10-05T17:35:18.640+0000] {dag.py:3441} INFO - Setting next_dagrun for example_branch_datetime_operator_3 to 2025-10-04T00:00:00+00:00, run_after=2025-10-05T00:00:00+00:00
[2025-10-05T17:35:18.671+0000] {processor.py:175} INFO - Processing /home/airflow/.local/lib/python3.7/site-packages/airflow/example_dags/example_branch_datetime_operator.py took 0.176 seconds
[2025-10-05T17:35:49.082+0000] {processor.py:153} INFO - Started process (PID=3252) to work on /home/airflow/.local/lib/python3.7/site-packages/airflow/example_dags/example_branch_datetime_operator.py
[2025-10-05T17:35:49.084+0000] {processor.py:743} INFO - Processing file /home/airflow/.local/lib/python3.7/site-packages/airflow/example_dags/example_branch_datetime_operator.py for tasks to queue
[2025-10-05T17:35:49.085+0000] {logging_mixin.py:137} INFO - [2025-10-05T17:35:49.085+0000] {dagbag.py:538} INFO - Filling up the DagBag from /home/airflow/.local/lib/python3.7/site-packages/airflow/example_dags/example_branch_datetime_operator.py
[2025-10-05T17:35:49.107+0000] {processor.py:753} INFO - DAG(s) dict_keys(['example_branch_datetime_operator_2', 'example_branch_datetime_operator_3', 'example_branch_datetime_operator']) retrieved from /home/airflow/.local/lib/python3.7/site-packages/airflow/example_dags/example_branch_datetime_operator.py
[2025-10-05T17:35:49.155+0000] {logging_mixin.py:137} INFO - [2025-10-05T17:35:49.155+0000] {dag.py:2690} INFO - Sync 3 DAGs
[2025-10-05T17:35:49.196+0000] {logging_mixin.py:137} INFO - [2025-10-05T17:35:49.196+0000] {dag.py:3441} INFO - Setting next_dagrun for example_branch_datetime_operator to 2025-10-04T00:00:00+00:00, run_after=2025-10-05T00:00:00+00:00
[2025-10-05T17:35:49.203+0000] {logging_mixin.py:137} INFO - [2025-10-05T17:35:49.203+0000] {dag.py:3441} INFO - Setting next_dagrun for example_branch_datetime_operator_2 to 2025-10-04T00:00:00+00:00, run_after=2025-10-05T00:00:00+00:00
[2025-10-05T17:35:49.206+0000] {logging_mixin.py:137} INFO - [2025-10-05T17:35:49.206+0000] {dag.py:3441} INFO - Setting next_dagrun for example_branch_datetime_operator_3 to 2025-10-04T00:00:00+00:00, run_after=2025-10-05T00:00:00+00:00
[2025-10-05T17:35:49.235+0000] {processor.py:175} INFO - Processing /home/airflow/.local/lib/python3.7/site-packages/airflow/example_dags/example_branch_datetime_operator.py took 0.159 seconds
[2025-10-05T17:36:19.842+0000] {processor.py:153} INFO - Started process (PID=3341) to work on /home/airflow/.local/lib/python3.7/site-packages/airflow/example_dags/example_branch_datetime_operator.py
[2025-10-05T17:36:19.844+0000] {processor.py:743} INFO - Processing file /home/airflow/.local/lib/python3.7/site-packages/airflow/example_dags/example_branch_datetime_operator.py for tasks to queue
[2025-10-05T17:36:19.846+0000] {logging_mixin.py:137} INFO - [2025-10-05T17:36:19.845+0000] {dagbag.py:538} INFO - Filling up the DagBag from /home/airflow/.local/lib/python3.7/site-packages/airflow/example_dags/example_branch_datetime_operator.py
[2025-10-05T17:36:19.865+0000] {processor.py:753} INFO - DAG(s) dict_keys(['example_branch_datetime_operator', 'example_branch_datetime_operator_3', 'example_branch_datetime_operator_2']) retrieved from /home/airflow/.local/lib/python3.7/site-packages/airflow/example_dags/example_branch_datetime_operator.py
[2025-10-05T17:36:19.905+0000] {logging_mixin.py:137} INFO - [2025-10-05T17:36:19.905+0000] {dag.py:2690} INFO - Sync 3 DAGs
[2025-10-05T17:36:19.935+0000] {logging_mixin.py:137} INFO - [2025-10-05T17:36:19.935+0000] {dag.py:3441} INFO - Setting next_dagrun for example_branch_datetime_operator to 2025-10-04T00:00:00+00:00, run_after=2025-10-05T00:00:00+00:00
[2025-10-05T17:36:19.941+0000] {logging_mixin.py:137} INFO - [2025-10-05T17:36:19.941+0000] {dag.py:3441} INFO - Setting next_dagrun for example_branch_datetime_operator_2 to 2025-10-04T00:00:00+00:00, run_after=2025-10-05T00:00:00+00:00
[2025-10-05T17:36:19.944+0000] {logging_mixin.py:137} INFO - [2025-10-05T17:36:19.944+0000] {dag.py:3441} INFO - Setting next_dagrun for example_branch_datetime_operator_3 to 2025-10-04T00:00:00+00:00, run_after=2025-10-05T00:00:00+00:00
[2025-10-05T17:36:19.966+0000] {processor.py:175} INFO - Processing /home/airflow/.local/lib/python3.7/site-packages/airflow/example_dags/example_branch_datetime_operator.py took 0.128 seconds
[2025-10-05T17:36:50.862+0000] {processor.py:153} INFO - Started process (PID=3455) to work on /home/airflow/.local/lib/python3.7/site-packages/airflow/example_dags/example_branch_datetime_operator.py
[2025-10-05T17:36:50.864+0000] {processor.py:743} INFO - Processing file /home/airflow/.local/lib/python3.7/site-packages/airflow/example_dags/example_branch_datetime_operator.py for tasks to queue
[2025-10-05T17:36:50.865+0000] {logging_mixin.py:137} INFO - [2025-10-05T17:36:50.865+0000] {dagbag.py:538} INFO - Filling up the DagBag from /home/airflow/.local/lib/python3.7/site-packages/airflow/example_dags/example_branch_datetime_operator.py
[2025-10-05T17:36:50.887+0000] {processor.py:753} INFO - DAG(s) dict_keys(['example_branch_datetime_operator', 'example_branch_datetime_operator_3', 'example_branch_datetime_operator_2']) retrieved from /home/airflow/.local/lib/python3.7/site-packages/airflow/example_dags/example_branch_datetime_operator.py
[2025-10-05T17:36:50.931+0000] {logging_mixin.py:137} INFO - [2025-10-05T17:36:50.931+0000] {dag.py:2690} INFO - Sync 3 DAGs
[2025-10-05T17:36:50.960+0000] {logging_mixin.py:137} INFO - [2025-10-05T17:36:50.959+0000] {dag.py:3441} INFO - Setting next_dagrun for example_branch_datetime_operator to 2025-10-04T00:00:00+00:00, run_after=2025-10-05T00:00:00+00:00
[2025-10-05T17:36:50.965+0000] {logging_mixin.py:137} INFO - [2025-10-05T17:36:50.965+0000] {dag.py:3441} INFO - Setting next_dagrun for example_branch_datetime_operator_2 to 2025-10-04T00:00:00+00:00, run_after=2025-10-05T00:00:00+00:00
[2025-10-05T17:36:50.968+0000] {logging_mixin.py:137} INFO - [2025-10-05T17:36:50.968+0000] {dag.py:3441} INFO - Setting next_dagrun for example_branch_datetime_operator_3 to 2025-10-04T00:00:00+00:00, run_after=2025-10-05T00:00:00+00:00
[2025-10-05T17:36:50.992+0000] {processor.py:175} INFO - Processing /home/airflow/.local/lib/python3.7/site-packages/airflow/example_dags/example_branch_datetime_operator.py took 0.134 seconds
