[2025-10-05T17:19:26.109+0000] {processor.py:153} INFO - Started process (PID=87) to work on /home/airflow/.local/lib/python3.7/site-packages/airflow/example_dags/example_branch_labels.py
[2025-10-05T17:19:26.112+0000] {processor.py:743} INFO - Processing file /home/airflow/.local/lib/python3.7/site-packages/airflow/example_dags/example_branch_labels.py for tasks to queue
[2025-10-05T17:19:26.114+0000] {logging_mixin.py:137} INFO - [2025-10-05T17:19:26.113+0000] {dagbag.py:538} INFO - Filling up the DagBag from /home/airflow/.local/lib/python3.7/site-packages/airflow/example_dags/example_branch_labels.py
[2025-10-05T17:19:26.148+0000] {processor.py:753} INFO - DAG(s) dict_keys(['example_branch_labels']) retrieved from /home/airflow/.local/lib/python3.7/site-packages/airflow/example_dags/example_branch_labels.py
[2025-10-05T17:19:26.175+0000] {logging_mixin.py:137} INFO - [2025-10-05T17:19:26.175+0000] {dag.py:2690} INFO - Sync 1 DAGs
[2025-10-05T17:19:26.217+0000] {logging_mixin.py:137} INFO - [2025-10-05T17:19:26.217+0000] {dag.py:3441} INFO - Setting next_dagrun for example_branch_labels to 2025-10-04T00:00:00+00:00, run_after=2025-10-05T00:00:00+00:00
[2025-10-05T17:19:26.261+0000] {processor.py:175} INFO - Processing /home/airflow/.local/lib/python3.7/site-packages/airflow/example_dags/example_branch_labels.py took 0.160 seconds
[2025-10-05T17:19:56.875+0000] {processor.py:153} INFO - Started process (PID=176) to work on /home/airflow/.local/lib/python3.7/site-packages/airflow/example_dags/example_branch_labels.py
[2025-10-05T17:19:56.877+0000] {processor.py:743} INFO - Processing file /home/airflow/.local/lib/python3.7/site-packages/airflow/example_dags/example_branch_labels.py for tasks to queue
[2025-10-05T17:19:56.878+0000] {logging_mixin.py:137} INFO - [2025-10-05T17:19:56.878+0000] {dagbag.py:538} INFO - Filling up the DagBag from /home/airflow/.local/lib/python3.7/site-packages/airflow/example_dags/example_branch_labels.py
[2025-10-05T17:19:56.901+0000] {processor.py:753} INFO - DAG(s) dict_keys(['example_branch_labels']) retrieved from /home/airflow/.local/lib/python3.7/site-packages/airflow/example_dags/example_branch_labels.py
[2025-10-05T17:19:56.940+0000] {logging_mixin.py:137} INFO - [2025-10-05T17:19:56.940+0000] {dag.py:2690} INFO - Sync 1 DAGs
[2025-10-05T17:19:56.972+0000] {logging_mixin.py:137} INFO - [2025-10-05T17:19:56.972+0000] {dag.py:3441} INFO - Setting next_dagrun for example_branch_labels to 2025-10-04T00:00:00+00:00, run_after=2025-10-05T00:00:00+00:00
[2025-10-05T17:19:57.001+0000] {processor.py:175} INFO - Processing /home/airflow/.local/lib/python3.7/site-packages/airflow/example_dags/example_branch_labels.py took 0.130 seconds
[2025-10-05T17:20:27.806+0000] {processor.py:153} INFO - Started process (PID=289) to work on /home/airflow/.local/lib/python3.7/site-packages/airflow/example_dags/example_branch_labels.py
[2025-10-05T17:20:27.807+0000] {processor.py:743} INFO - Processing file /home/airflow/.local/lib/python3.7/site-packages/airflow/example_dags/example_branch_labels.py for tasks to queue
[2025-10-05T17:20:27.809+0000] {logging_mixin.py:137} INFO - [2025-10-05T17:20:27.808+0000] {dagbag.py:538} INFO - Filling up the DagBag from /home/airflow/.local/lib/python3.7/site-packages/airflow/example_dags/example_branch_labels.py
[2025-10-05T17:20:27.825+0000] {processor.py:753} INFO - DAG(s) dict_keys(['example_branch_labels']) retrieved from /home/airflow/.local/lib/python3.7/site-packages/airflow/example_dags/example_branch_labels.py
[2025-10-05T17:20:27.859+0000] {logging_mixin.py:137} INFO - [2025-10-05T17:20:27.859+0000] {dag.py:2690} INFO - Sync 1 DAGs
[2025-10-05T17:20:27.888+0000] {logging_mixin.py:137} INFO - [2025-10-05T17:20:27.888+0000] {dag.py:3441} INFO - Setting next_dagrun for example_branch_labels to 2025-10-04T00:00:00+00:00, run_after=2025-10-05T00:00:00+00:00
[2025-10-05T17:20:27.913+0000] {processor.py:175} INFO - Processing /home/airflow/.local/lib/python3.7/site-packages/airflow/example_dags/example_branch_labels.py took 0.112 seconds
[2025-10-05T17:20:58.690+0000] {processor.py:153} INFO - Started process (PID=378) to work on /home/airflow/.local/lib/python3.7/site-packages/airflow/example_dags/example_branch_labels.py
[2025-10-05T17:20:58.691+0000] {processor.py:743} INFO - Processing file /home/airflow/.local/lib/python3.7/site-packages/airflow/example_dags/example_branch_labels.py for tasks to queue
[2025-10-05T17:20:58.693+0000] {logging_mixin.py:137} INFO - [2025-10-05T17:20:58.692+0000] {dagbag.py:538} INFO - Filling up the DagBag from /home/airflow/.local/lib/python3.7/site-packages/airflow/example_dags/example_branch_labels.py
[2025-10-05T17:20:58.711+0000] {processor.py:753} INFO - DAG(s) dict_keys(['example_branch_labels']) retrieved from /home/airflow/.local/lib/python3.7/site-packages/airflow/example_dags/example_branch_labels.py
[2025-10-05T17:20:58.752+0000] {logging_mixin.py:137} INFO - [2025-10-05T17:20:58.752+0000] {dag.py:2690} INFO - Sync 1 DAGs
[2025-10-05T17:20:58.784+0000] {logging_mixin.py:137} INFO - [2025-10-05T17:20:58.783+0000] {dag.py:3441} INFO - Setting next_dagrun for example_branch_labels to 2025-10-04T00:00:00+00:00, run_after=2025-10-05T00:00:00+00:00
[2025-10-05T17:20:58.812+0000] {processor.py:175} INFO - Processing /home/airflow/.local/lib/python3.7/site-packages/airflow/example_dags/example_branch_labels.py took 0.127 seconds
[2025-10-05T17:21:30.068+0000] {processor.py:153} INFO - Started process (PID=491) to work on /home/airflow/.local/lib/python3.7/site-packages/airflow/example_dags/example_branch_labels.py
[2025-10-05T17:21:30.070+0000] {processor.py:743} INFO - Processing file /home/airflow/.local/lib/python3.7/site-packages/airflow/example_dags/example_branch_labels.py for tasks to queue
[2025-10-05T17:21:30.071+0000] {logging_mixin.py:137} INFO - [2025-10-05T17:21:30.071+0000] {dagbag.py:538} INFO - Filling up the DagBag from /home/airflow/.local/lib/python3.7/site-packages/airflow/example_dags/example_branch_labels.py
[2025-10-05T17:21:30.093+0000] {processor.py:753} INFO - DAG(s) dict_keys(['example_branch_labels']) retrieved from /home/airflow/.local/lib/python3.7/site-packages/airflow/example_dags/example_branch_labels.py
[2025-10-05T17:21:30.131+0000] {logging_mixin.py:137} INFO - [2025-10-05T17:21:30.130+0000] {dag.py:2690} INFO - Sync 1 DAGs
[2025-10-05T17:21:30.166+0000] {logging_mixin.py:137} INFO - [2025-10-05T17:21:30.166+0000] {dag.py:3441} INFO - Setting next_dagrun for example_branch_labels to 2025-10-04T00:00:00+00:00, run_after=2025-10-05T00:00:00+00:00
[2025-10-05T17:21:30.201+0000] {processor.py:175} INFO - Processing /home/airflow/.local/lib/python3.7/site-packages/airflow/example_dags/example_branch_labels.py took 0.137 seconds
[2025-10-05T17:22:00.472+0000] {processor.py:153} INFO - Started process (PID=580) to work on /home/airflow/.local/lib/python3.7/site-packages/airflow/example_dags/example_branch_labels.py
[2025-10-05T17:22:00.474+0000] {processor.py:743} INFO - Processing file /home/airflow/.local/lib/python3.7/site-packages/airflow/example_dags/example_branch_labels.py for tasks to queue
[2025-10-05T17:22:00.475+0000] {logging_mixin.py:137} INFO - [2025-10-05T17:22:00.475+0000] {dagbag.py:538} INFO - Filling up the DagBag from /home/airflow/.local/lib/python3.7/site-packages/airflow/example_dags/example_branch_labels.py
[2025-10-05T17:22:00.497+0000] {processor.py:753} INFO - DAG(s) dict_keys(['example_branch_labels']) retrieved from /home/airflow/.local/lib/python3.7/site-packages/airflow/example_dags/example_branch_labels.py
[2025-10-05T17:22:00.534+0000] {logging_mixin.py:137} INFO - [2025-10-05T17:22:00.534+0000] {dag.py:2690} INFO - Sync 1 DAGs
[2025-10-05T17:22:00.569+0000] {logging_mixin.py:137} INFO - [2025-10-05T17:22:00.569+0000] {dag.py:3441} INFO - Setting next_dagrun for example_branch_labels to 2025-10-04T00:00:00+00:00, run_after=2025-10-05T00:00:00+00:00
[2025-10-05T17:22:00.598+0000] {processor.py:175} INFO - Processing /home/airflow/.local/lib/python3.7/site-packages/airflow/example_dags/example_branch_labels.py took 0.132 seconds
[2025-10-05T17:22:30.878+0000] {processor.py:153} INFO - Started process (PID=669) to work on /home/airflow/.local/lib/python3.7/site-packages/airflow/example_dags/example_branch_labels.py
[2025-10-05T17:22:30.879+0000] {processor.py:743} INFO - Processing file /home/airflow/.local/lib/python3.7/site-packages/airflow/example_dags/example_branch_labels.py for tasks to queue
[2025-10-05T17:22:30.880+0000] {logging_mixin.py:137} INFO - [2025-10-05T17:22:30.880+0000] {dagbag.py:538} INFO - Filling up the DagBag from /home/airflow/.local/lib/python3.7/site-packages/airflow/example_dags/example_branch_labels.py
[2025-10-05T17:22:30.898+0000] {processor.py:753} INFO - DAG(s) dict_keys(['example_branch_labels']) retrieved from /home/airflow/.local/lib/python3.7/site-packages/airflow/example_dags/example_branch_labels.py
[2025-10-05T17:22:30.932+0000] {logging_mixin.py:137} INFO - [2025-10-05T17:22:30.932+0000] {dag.py:2690} INFO - Sync 1 DAGs
[2025-10-05T17:22:30.962+0000] {logging_mixin.py:137} INFO - [2025-10-05T17:22:30.962+0000] {dag.py:3441} INFO - Setting next_dagrun for example_branch_labels to 2025-10-04T00:00:00+00:00, run_after=2025-10-05T00:00:00+00:00
[2025-10-05T17:22:30.991+0000] {processor.py:175} INFO - Processing /home/airflow/.local/lib/python3.7/site-packages/airflow/example_dags/example_branch_labels.py took 0.117 seconds
[2025-10-05T17:23:01.159+0000] {processor.py:153} INFO - Started process (PID=781) to work on /home/airflow/.local/lib/python3.7/site-packages/airflow/example_dags/example_branch_labels.py
[2025-10-05T17:23:01.161+0000] {processor.py:743} INFO - Processing file /home/airflow/.local/lib/python3.7/site-packages/airflow/example_dags/example_branch_labels.py for tasks to queue
[2025-10-05T17:23:01.162+0000] {logging_mixin.py:137} INFO - [2025-10-05T17:23:01.161+0000] {dagbag.py:538} INFO - Filling up the DagBag from /home/airflow/.local/lib/python3.7/site-packages/airflow/example_dags/example_branch_labels.py
[2025-10-05T17:23:01.180+0000] {processor.py:753} INFO - DAG(s) dict_keys(['example_branch_labels']) retrieved from /home/airflow/.local/lib/python3.7/site-packages/airflow/example_dags/example_branch_labels.py
[2025-10-05T17:23:01.215+0000] {logging_mixin.py:137} INFO - [2025-10-05T17:23:01.215+0000] {dag.py:2690} INFO - Sync 1 DAGs
[2025-10-05T17:23:01.246+0000] {logging_mixin.py:137} INFO - [2025-10-05T17:23:01.246+0000] {dag.py:3441} INFO - Setting next_dagrun for example_branch_labels to 2025-10-04T00:00:00+00:00, run_after=2025-10-05T00:00:00+00:00
[2025-10-05T17:23:01.273+0000] {processor.py:175} INFO - Processing /home/airflow/.local/lib/python3.7/site-packages/airflow/example_dags/example_branch_labels.py took 0.118 seconds
[2025-10-05T17:23:31.356+0000] {processor.py:153} INFO - Started process (PID=870) to work on /home/airflow/.local/lib/python3.7/site-packages/airflow/example_dags/example_branch_labels.py
[2025-10-05T17:23:31.358+0000] {processor.py:743} INFO - Processing file /home/airflow/.local/lib/python3.7/site-packages/airflow/example_dags/example_branch_labels.py for tasks to queue
[2025-10-05T17:23:31.359+0000] {logging_mixin.py:137} INFO - [2025-10-05T17:23:31.359+0000] {dagbag.py:538} INFO - Filling up the DagBag from /home/airflow/.local/lib/python3.7/site-packages/airflow/example_dags/example_branch_labels.py
[2025-10-05T17:23:31.376+0000] {processor.py:753} INFO - DAG(s) dict_keys(['example_branch_labels']) retrieved from /home/airflow/.local/lib/python3.7/site-packages/airflow/example_dags/example_branch_labels.py
[2025-10-05T17:23:31.410+0000] {logging_mixin.py:137} INFO - [2025-10-05T17:23:31.410+0000] {dag.py:2690} INFO - Sync 1 DAGs
[2025-10-05T17:23:31.440+0000] {logging_mixin.py:137} INFO - [2025-10-05T17:23:31.440+0000] {dag.py:3441} INFO - Setting next_dagrun for example_branch_labels to 2025-10-04T00:00:00+00:00, run_after=2025-10-05T00:00:00+00:00
[2025-10-05T17:23:31.468+0000] {processor.py:175} INFO - Processing /home/airflow/.local/lib/python3.7/site-packages/airflow/example_dags/example_branch_labels.py took 0.116 seconds
[2025-10-05T17:24:02.102+0000] {processor.py:153} INFO - Started process (PID=968) to work on /home/airflow/.local/lib/python3.7/site-packages/airflow/example_dags/example_branch_labels.py
[2025-10-05T17:24:02.104+0000] {processor.py:743} INFO - Processing file /home/airflow/.local/lib/python3.7/site-packages/airflow/example_dags/example_branch_labels.py for tasks to queue
[2025-10-05T17:24:02.105+0000] {logging_mixin.py:137} INFO - [2025-10-05T17:24:02.105+0000] {dagbag.py:538} INFO - Filling up the DagBag from /home/airflow/.local/lib/python3.7/site-packages/airflow/example_dags/example_branch_labels.py
[2025-10-05T17:24:02.124+0000] {processor.py:753} INFO - DAG(s) dict_keys(['example_branch_labels']) retrieved from /home/airflow/.local/lib/python3.7/site-packages/airflow/example_dags/example_branch_labels.py
[2025-10-05T17:24:02.166+0000] {logging_mixin.py:137} INFO - [2025-10-05T17:24:02.166+0000] {dag.py:2690} INFO - Sync 1 DAGs
[2025-10-05T17:24:02.203+0000] {logging_mixin.py:137} INFO - [2025-10-05T17:24:02.203+0000] {dag.py:3441} INFO - Setting next_dagrun for example_branch_labels to 2025-10-04T00:00:00+00:00, run_after=2025-10-05T00:00:00+00:00
[2025-10-05T17:24:02.244+0000] {processor.py:175} INFO - Processing /home/airflow/.local/lib/python3.7/site-packages/airflow/example_dags/example_branch_labels.py took 0.146 seconds
[2025-10-05T17:24:32.901+0000] {processor.py:153} INFO - Started process (PID=1072) to work on /home/airflow/.local/lib/python3.7/site-packages/airflow/example_dags/example_branch_labels.py
[2025-10-05T17:24:32.903+0000] {processor.py:743} INFO - Processing file /home/airflow/.local/lib/python3.7/site-packages/airflow/example_dags/example_branch_labels.py for tasks to queue
[2025-10-05T17:24:32.904+0000] {logging_mixin.py:137} INFO - [2025-10-05T17:24:32.904+0000] {dagbag.py:538} INFO - Filling up the DagBag from /home/airflow/.local/lib/python3.7/site-packages/airflow/example_dags/example_branch_labels.py
[2025-10-05T17:24:32.922+0000] {processor.py:753} INFO - DAG(s) dict_keys(['example_branch_labels']) retrieved from /home/airflow/.local/lib/python3.7/site-packages/airflow/example_dags/example_branch_labels.py
[2025-10-05T17:24:32.955+0000] {logging_mixin.py:137} INFO - [2025-10-05T17:24:32.955+0000] {dag.py:2690} INFO - Sync 1 DAGs
[2025-10-05T17:24:32.984+0000] {logging_mixin.py:137} INFO - [2025-10-05T17:24:32.984+0000] {dag.py:3441} INFO - Setting next_dagrun for example_branch_labels to 2025-10-04T00:00:00+00:00, run_after=2025-10-05T00:00:00+00:00
[2025-10-05T17:24:33.008+0000] {processor.py:175} INFO - Processing /home/airflow/.local/lib/python3.7/site-packages/airflow/example_dags/example_branch_labels.py took 0.111 seconds
[2025-10-05T17:25:03.905+0000] {processor.py:153} INFO - Started process (PID=1161) to work on /home/airflow/.local/lib/python3.7/site-packages/airflow/example_dags/example_branch_labels.py
[2025-10-05T17:25:03.907+0000] {processor.py:743} INFO - Processing file /home/airflow/.local/lib/python3.7/site-packages/airflow/example_dags/example_branch_labels.py for tasks to queue
[2025-10-05T17:25:03.908+0000] {logging_mixin.py:137} INFO - [2025-10-05T17:25:03.908+0000] {dagbag.py:538} INFO - Filling up the DagBag from /home/airflow/.local/lib/python3.7/site-packages/airflow/example_dags/example_branch_labels.py
[2025-10-05T17:25:03.926+0000] {processor.py:753} INFO - DAG(s) dict_keys(['example_branch_labels']) retrieved from /home/airflow/.local/lib/python3.7/site-packages/airflow/example_dags/example_branch_labels.py
[2025-10-05T17:25:03.959+0000] {logging_mixin.py:137} INFO - [2025-10-05T17:25:03.959+0000] {dag.py:2690} INFO - Sync 1 DAGs
[2025-10-05T17:25:03.991+0000] {logging_mixin.py:137} INFO - [2025-10-05T17:25:03.990+0000] {dag.py:3441} INFO - Setting next_dagrun for example_branch_labels to 2025-10-04T00:00:00+00:00, run_after=2025-10-05T00:00:00+00:00
[2025-10-05T17:25:04.017+0000] {processor.py:175} INFO - Processing /home/airflow/.local/lib/python3.7/site-packages/airflow/example_dags/example_branch_labels.py took 0.116 seconds
[2025-10-05T17:25:34.141+0000] {processor.py:153} INFO - Started process (PID=1274) to work on /home/airflow/.local/lib/python3.7/site-packages/airflow/example_dags/example_branch_labels.py
[2025-10-05T17:25:34.142+0000] {processor.py:743} INFO - Processing file /home/airflow/.local/lib/python3.7/site-packages/airflow/example_dags/example_branch_labels.py for tasks to queue
[2025-10-05T17:25:34.143+0000] {logging_mixin.py:137} INFO - [2025-10-05T17:25:34.143+0000] {dagbag.py:538} INFO - Filling up the DagBag from /home/airflow/.local/lib/python3.7/site-packages/airflow/example_dags/example_branch_labels.py
[2025-10-05T17:25:34.161+0000] {processor.py:753} INFO - DAG(s) dict_keys(['example_branch_labels']) retrieved from /home/airflow/.local/lib/python3.7/site-packages/airflow/example_dags/example_branch_labels.py
[2025-10-05T17:25:34.190+0000] {logging_mixin.py:137} INFO - [2025-10-05T17:25:34.190+0000] {dag.py:2690} INFO - Sync 1 DAGs
[2025-10-05T17:25:34.218+0000] {logging_mixin.py:137} INFO - [2025-10-05T17:25:34.218+0000] {dag.py:3441} INFO - Setting next_dagrun for example_branch_labels to 2025-10-04T00:00:00+00:00, run_after=2025-10-05T00:00:00+00:00
[2025-10-05T17:25:34.241+0000] {processor.py:175} INFO - Processing /home/airflow/.local/lib/python3.7/site-packages/airflow/example_dags/example_branch_labels.py took 0.104 seconds
[2025-10-05T17:26:04.759+0000] {processor.py:153} INFO - Started process (PID=1363) to work on /home/airflow/.local/lib/python3.7/site-packages/airflow/example_dags/example_branch_labels.py
[2025-10-05T17:26:04.760+0000] {processor.py:743} INFO - Processing file /home/airflow/.local/lib/python3.7/site-packages/airflow/example_dags/example_branch_labels.py for tasks to queue
[2025-10-05T17:26:04.762+0000] {logging_mixin.py:137} INFO - [2025-10-05T17:26:04.762+0000] {dagbag.py:538} INFO - Filling up the DagBag from /home/airflow/.local/lib/python3.7/site-packages/airflow/example_dags/example_branch_labels.py
[2025-10-05T17:26:04.787+0000] {processor.py:753} INFO - DAG(s) dict_keys(['example_branch_labels']) retrieved from /home/airflow/.local/lib/python3.7/site-packages/airflow/example_dags/example_branch_labels.py
[2025-10-05T17:26:04.826+0000] {logging_mixin.py:137} INFO - [2025-10-05T17:26:04.826+0000] {dag.py:2690} INFO - Sync 1 DAGs
[2025-10-05T17:26:04.866+0000] {logging_mixin.py:137} INFO - [2025-10-05T17:26:04.865+0000] {dag.py:3441} INFO - Setting next_dagrun for example_branch_labels to 2025-10-04T00:00:00+00:00, run_after=2025-10-05T00:00:00+00:00
[2025-10-05T17:26:04.891+0000] {processor.py:175} INFO - Processing /home/airflow/.local/lib/python3.7/site-packages/airflow/example_dags/example_branch_labels.py took 0.137 seconds
[2025-10-05T17:26:35.502+0000] {processor.py:153} INFO - Started process (PID=1476) to work on /home/airflow/.local/lib/python3.7/site-packages/airflow/example_dags/example_branch_labels.py
[2025-10-05T17:26:35.504+0000] {processor.py:743} INFO - Processing file /home/airflow/.local/lib/python3.7/site-packages/airflow/example_dags/example_branch_labels.py for tasks to queue
[2025-10-05T17:26:35.506+0000] {logging_mixin.py:137} INFO - [2025-10-05T17:26:35.505+0000] {dagbag.py:538} INFO - Filling up the DagBag from /home/airflow/.local/lib/python3.7/site-packages/airflow/example_dags/example_branch_labels.py
[2025-10-05T17:26:35.533+0000] {processor.py:753} INFO - DAG(s) dict_keys(['example_branch_labels']) retrieved from /home/airflow/.local/lib/python3.7/site-packages/airflow/example_dags/example_branch_labels.py
[2025-10-05T17:26:35.580+0000] {logging_mixin.py:137} INFO - [2025-10-05T17:26:35.580+0000] {dag.py:2690} INFO - Sync 1 DAGs
[2025-10-05T17:26:35.626+0000] {logging_mixin.py:137} INFO - [2025-10-05T17:26:35.626+0000] {dag.py:3441} INFO - Setting next_dagrun for example_branch_labels to 2025-10-04T00:00:00+00:00, run_after=2025-10-05T00:00:00+00:00
[2025-10-05T17:26:35.669+0000] {processor.py:175} INFO - Processing /home/airflow/.local/lib/python3.7/site-packages/airflow/example_dags/example_branch_labels.py took 0.172 seconds
[2025-10-05T17:27:06.674+0000] {processor.py:153} INFO - Started process (PID=1565) to work on /home/airflow/.local/lib/python3.7/site-packages/airflow/example_dags/example_branch_labels.py
[2025-10-05T17:27:06.675+0000] {processor.py:743} INFO - Processing file /home/airflow/.local/lib/python3.7/site-packages/airflow/example_dags/example_branch_labels.py for tasks to queue
[2025-10-05T17:27:06.677+0000] {logging_mixin.py:137} INFO - [2025-10-05T17:27:06.677+0000] {dagbag.py:538} INFO - Filling up the DagBag from /home/airflow/.local/lib/python3.7/site-packages/airflow/example_dags/example_branch_labels.py
[2025-10-05T17:27:06.702+0000] {processor.py:753} INFO - DAG(s) dict_keys(['example_branch_labels']) retrieved from /home/airflow/.local/lib/python3.7/site-packages/airflow/example_dags/example_branch_labels.py
[2025-10-05T17:27:06.739+0000] {logging_mixin.py:137} INFO - [2025-10-05T17:27:06.739+0000] {dag.py:2690} INFO - Sync 1 DAGs
[2025-10-05T17:27:06.772+0000] {logging_mixin.py:137} INFO - [2025-10-05T17:27:06.771+0000] {dag.py:3441} INFO - Setting next_dagrun for example_branch_labels to 2025-10-04T00:00:00+00:00, run_after=2025-10-05T00:00:00+00:00
[2025-10-05T17:27:06.804+0000] {processor.py:175} INFO - Processing /home/airflow/.local/lib/python3.7/site-packages/airflow/example_dags/example_branch_labels.py took 0.135 seconds
[2025-10-05T17:27:37.676+0000] {processor.py:153} INFO - Started process (PID=1654) to work on /home/airflow/.local/lib/python3.7/site-packages/airflow/example_dags/example_branch_labels.py
[2025-10-05T17:27:37.678+0000] {processor.py:743} INFO - Processing file /home/airflow/.local/lib/python3.7/site-packages/airflow/example_dags/example_branch_labels.py for tasks to queue
[2025-10-05T17:27:37.679+0000] {logging_mixin.py:137} INFO - [2025-10-05T17:27:37.679+0000] {dagbag.py:538} INFO - Filling up the DagBag from /home/airflow/.local/lib/python3.7/site-packages/airflow/example_dags/example_branch_labels.py
[2025-10-05T17:27:37.705+0000] {processor.py:753} INFO - DAG(s) dict_keys(['example_branch_labels']) retrieved from /home/airflow/.local/lib/python3.7/site-packages/airflow/example_dags/example_branch_labels.py
[2025-10-05T17:27:37.749+0000] {logging_mixin.py:137} INFO - [2025-10-05T17:27:37.748+0000] {dag.py:2690} INFO - Sync 1 DAGs
[2025-10-05T17:27:37.791+0000] {logging_mixin.py:137} INFO - [2025-10-05T17:27:37.791+0000] {dag.py:3441} INFO - Setting next_dagrun for example_branch_labels to 2025-10-04T00:00:00+00:00, run_after=2025-10-05T00:00:00+00:00
[2025-10-05T17:27:37.828+0000] {processor.py:175} INFO - Processing /home/airflow/.local/lib/python3.7/site-packages/airflow/example_dags/example_branch_labels.py took 0.159 seconds
[2025-10-05T17:28:08.261+0000] {processor.py:153} INFO - Started process (PID=1768) to work on /home/airflow/.local/lib/python3.7/site-packages/airflow/example_dags/example_branch_labels.py
[2025-10-05T17:28:08.264+0000] {processor.py:743} INFO - Processing file /home/airflow/.local/lib/python3.7/site-packages/airflow/example_dags/example_branch_labels.py for tasks to queue
[2025-10-05T17:28:08.267+0000] {logging_mixin.py:137} INFO - [2025-10-05T17:28:08.267+0000] {dagbag.py:538} INFO - Filling up the DagBag from /home/airflow/.local/lib/python3.7/site-packages/airflow/example_dags/example_branch_labels.py
[2025-10-05T17:28:08.307+0000] {processor.py:753} INFO - DAG(s) dict_keys(['example_branch_labels']) retrieved from /home/airflow/.local/lib/python3.7/site-packages/airflow/example_dags/example_branch_labels.py
[2025-10-05T17:28:08.374+0000] {logging_mixin.py:137} INFO - [2025-10-05T17:28:08.374+0000] {dag.py:2690} INFO - Sync 1 DAGs
[2025-10-05T17:28:08.419+0000] {logging_mixin.py:137} INFO - [2025-10-05T17:28:08.418+0000] {dag.py:3441} INFO - Setting next_dagrun for example_branch_labels to 2025-10-04T00:00:00+00:00, run_after=2025-10-05T00:00:00+00:00
[2025-10-05T17:28:08.457+0000] {processor.py:175} INFO - Processing /home/airflow/.local/lib/python3.7/site-packages/airflow/example_dags/example_branch_labels.py took 0.204 seconds
[2025-10-05T17:28:38.786+0000] {processor.py:153} INFO - Started process (PID=1857) to work on /home/airflow/.local/lib/python3.7/site-packages/airflow/example_dags/example_branch_labels.py
[2025-10-05T17:28:38.788+0000] {processor.py:743} INFO - Processing file /home/airflow/.local/lib/python3.7/site-packages/airflow/example_dags/example_branch_labels.py for tasks to queue
[2025-10-05T17:28:38.790+0000] {logging_mixin.py:137} INFO - [2025-10-05T17:28:38.789+0000] {dagbag.py:538} INFO - Filling up the DagBag from /home/airflow/.local/lib/python3.7/site-packages/airflow/example_dags/example_branch_labels.py
[2025-10-05T17:28:38.807+0000] {processor.py:753} INFO - DAG(s) dict_keys(['example_branch_labels']) retrieved from /home/airflow/.local/lib/python3.7/site-packages/airflow/example_dags/example_branch_labels.py
[2025-10-05T17:28:38.841+0000] {logging_mixin.py:137} INFO - [2025-10-05T17:28:38.841+0000] {dag.py:2690} INFO - Sync 1 DAGs
[2025-10-05T17:28:38.874+0000] {logging_mixin.py:137} INFO - [2025-10-05T17:28:38.873+0000] {dag.py:3441} INFO - Setting next_dagrun for example_branch_labels to 2025-10-04T00:00:00+00:00, run_after=2025-10-05T00:00:00+00:00
[2025-10-05T17:28:38.903+0000] {processor.py:175} INFO - Processing /home/airflow/.local/lib/python3.7/site-packages/airflow/example_dags/example_branch_labels.py took 0.122 seconds
[2025-10-05T17:29:09.942+0000] {processor.py:153} INFO - Started process (PID=1970) to work on /home/airflow/.local/lib/python3.7/site-packages/airflow/example_dags/example_branch_labels.py
[2025-10-05T17:29:09.950+0000] {processor.py:743} INFO - Processing file /home/airflow/.local/lib/python3.7/site-packages/airflow/example_dags/example_branch_labels.py for tasks to queue
[2025-10-05T17:29:09.952+0000] {logging_mixin.py:137} INFO - [2025-10-05T17:29:09.952+0000] {dagbag.py:538} INFO - Filling up the DagBag from /home/airflow/.local/lib/python3.7/site-packages/airflow/example_dags/example_branch_labels.py
[2025-10-05T17:29:09.990+0000] {processor.py:753} INFO - DAG(s) dict_keys(['example_branch_labels']) retrieved from /home/airflow/.local/lib/python3.7/site-packages/airflow/example_dags/example_branch_labels.py
[2025-10-05T17:29:10.028+0000] {logging_mixin.py:137} INFO - [2025-10-05T17:29:10.028+0000] {dag.py:2690} INFO - Sync 1 DAGs
[2025-10-05T17:29:10.060+0000] {logging_mixin.py:137} INFO - [2025-10-05T17:29:10.060+0000] {dag.py:3441} INFO - Setting next_dagrun for example_branch_labels to 2025-10-04T00:00:00+00:00, run_after=2025-10-05T00:00:00+00:00
[2025-10-05T17:29:10.089+0000] {processor.py:175} INFO - Processing /home/airflow/.local/lib/python3.7/site-packages/airflow/example_dags/example_branch_labels.py took 0.162 seconds
[2025-10-05T17:29:40.901+0000] {processor.py:153} INFO - Started process (PID=2059) to work on /home/airflow/.local/lib/python3.7/site-packages/airflow/example_dags/example_branch_labels.py
[2025-10-05T17:29:40.902+0000] {processor.py:743} INFO - Processing file /home/airflow/.local/lib/python3.7/site-packages/airflow/example_dags/example_branch_labels.py for tasks to queue
[2025-10-05T17:29:40.904+0000] {logging_mixin.py:137} INFO - [2025-10-05T17:29:40.904+0000] {dagbag.py:538} INFO - Filling up the DagBag from /home/airflow/.local/lib/python3.7/site-packages/airflow/example_dags/example_branch_labels.py
[2025-10-05T17:29:40.922+0000] {processor.py:753} INFO - DAG(s) dict_keys(['example_branch_labels']) retrieved from /home/airflow/.local/lib/python3.7/site-packages/airflow/example_dags/example_branch_labels.py
[2025-10-05T17:29:40.959+0000] {logging_mixin.py:137} INFO - [2025-10-05T17:29:40.959+0000] {dag.py:2690} INFO - Sync 1 DAGs
[2025-10-05T17:29:40.990+0000] {logging_mixin.py:137} INFO - [2025-10-05T17:29:40.990+0000] {dag.py:3441} INFO - Setting next_dagrun for example_branch_labels to 2025-10-04T00:00:00+00:00, run_after=2025-10-05T00:00:00+00:00
[2025-10-05T17:29:41.017+0000] {processor.py:175} INFO - Processing /home/airflow/.local/lib/python3.7/site-packages/airflow/example_dags/example_branch_labels.py took 0.120 seconds
[2025-10-05T17:30:11.280+0000] {processor.py:153} INFO - Started process (PID=2155) to work on /home/airflow/.local/lib/python3.7/site-packages/airflow/example_dags/example_branch_labels.py
[2025-10-05T17:30:11.281+0000] {processor.py:743} INFO - Processing file /home/airflow/.local/lib/python3.7/site-packages/airflow/example_dags/example_branch_labels.py for tasks to queue
[2025-10-05T17:30:11.283+0000] {logging_mixin.py:137} INFO - [2025-10-05T17:30:11.283+0000] {dagbag.py:538} INFO - Filling up the DagBag from /home/airflow/.local/lib/python3.7/site-packages/airflow/example_dags/example_branch_labels.py
[2025-10-05T17:30:11.306+0000] {processor.py:753} INFO - DAG(s) dict_keys(['example_branch_labels']) retrieved from /home/airflow/.local/lib/python3.7/site-packages/airflow/example_dags/example_branch_labels.py
[2025-10-05T17:30:11.344+0000] {logging_mixin.py:137} INFO - [2025-10-05T17:30:11.344+0000] {dag.py:2690} INFO - Sync 1 DAGs
[2025-10-05T17:30:11.379+0000] {logging_mixin.py:137} INFO - [2025-10-05T17:30:11.379+0000] {dag.py:3441} INFO - Setting next_dagrun for example_branch_labels to 2025-10-04T00:00:00+00:00, run_after=2025-10-05T00:00:00+00:00
[2025-10-05T17:30:11.408+0000] {processor.py:175} INFO - Processing /home/airflow/.local/lib/python3.7/site-packages/airflow/example_dags/example_branch_labels.py took 0.134 seconds
[2025-10-05T17:30:41.854+0000] {processor.py:153} INFO - Started process (PID=2263) to work on /home/airflow/.local/lib/python3.7/site-packages/airflow/example_dags/example_branch_labels.py
[2025-10-05T17:30:41.855+0000] {processor.py:743} INFO - Processing file /home/airflow/.local/lib/python3.7/site-packages/airflow/example_dags/example_branch_labels.py for tasks to queue
[2025-10-05T17:30:41.856+0000] {logging_mixin.py:137} INFO - [2025-10-05T17:30:41.856+0000] {dagbag.py:538} INFO - Filling up the DagBag from /home/airflow/.local/lib/python3.7/site-packages/airflow/example_dags/example_branch_labels.py
[2025-10-05T17:30:41.873+0000] {processor.py:753} INFO - DAG(s) dict_keys(['example_branch_labels']) retrieved from /home/airflow/.local/lib/python3.7/site-packages/airflow/example_dags/example_branch_labels.py
[2025-10-05T17:30:41.905+0000] {logging_mixin.py:137} INFO - [2025-10-05T17:30:41.905+0000] {dag.py:2690} INFO - Sync 1 DAGs
[2025-10-05T17:30:41.935+0000] {logging_mixin.py:137} INFO - [2025-10-05T17:30:41.935+0000] {dag.py:3441} INFO - Setting next_dagrun for example_branch_labels to 2025-10-04T00:00:00+00:00, run_after=2025-10-05T00:00:00+00:00
[2025-10-05T17:30:41.958+0000] {processor.py:175} INFO - Processing /home/airflow/.local/lib/python3.7/site-packages/airflow/example_dags/example_branch_labels.py took 0.109 seconds
[2025-10-05T17:31:12.874+0000] {processor.py:153} INFO - Started process (PID=2352) to work on /home/airflow/.local/lib/python3.7/site-packages/airflow/example_dags/example_branch_labels.py
[2025-10-05T17:31:12.876+0000] {processor.py:743} INFO - Processing file /home/airflow/.local/lib/python3.7/site-packages/airflow/example_dags/example_branch_labels.py for tasks to queue
[2025-10-05T17:31:12.877+0000] {logging_mixin.py:137} INFO - [2025-10-05T17:31:12.877+0000] {dagbag.py:538} INFO - Filling up the DagBag from /home/airflow/.local/lib/python3.7/site-packages/airflow/example_dags/example_branch_labels.py
[2025-10-05T17:31:12.893+0000] {processor.py:753} INFO - DAG(s) dict_keys(['example_branch_labels']) retrieved from /home/airflow/.local/lib/python3.7/site-packages/airflow/example_dags/example_branch_labels.py
[2025-10-05T17:31:12.925+0000] {logging_mixin.py:137} INFO - [2025-10-05T17:31:12.925+0000] {dag.py:2690} INFO - Sync 1 DAGs
[2025-10-05T17:31:12.955+0000] {logging_mixin.py:137} INFO - [2025-10-05T17:31:12.955+0000] {dag.py:3441} INFO - Setting next_dagrun for example_branch_labels to 2025-10-04T00:00:00+00:00, run_after=2025-10-05T00:00:00+00:00
[2025-10-05T17:31:12.979+0000] {processor.py:175} INFO - Processing /home/airflow/.local/lib/python3.7/site-packages/airflow/example_dags/example_branch_labels.py took 0.108 seconds
[2025-10-05T17:31:44.045+0000] {processor.py:153} INFO - Started process (PID=2466) to work on /home/airflow/.local/lib/python3.7/site-packages/airflow/example_dags/example_branch_labels.py
[2025-10-05T17:31:44.047+0000] {processor.py:743} INFO - Processing file /home/airflow/.local/lib/python3.7/site-packages/airflow/example_dags/example_branch_labels.py for tasks to queue
[2025-10-05T17:31:44.048+0000] {logging_mixin.py:137} INFO - [2025-10-05T17:31:44.048+0000] {dagbag.py:538} INFO - Filling up the DagBag from /home/airflow/.local/lib/python3.7/site-packages/airflow/example_dags/example_branch_labels.py
[2025-10-05T17:31:44.066+0000] {processor.py:753} INFO - DAG(s) dict_keys(['example_branch_labels']) retrieved from /home/airflow/.local/lib/python3.7/site-packages/airflow/example_dags/example_branch_labels.py
[2025-10-05T17:31:44.097+0000] {logging_mixin.py:137} INFO - [2025-10-05T17:31:44.097+0000] {dag.py:2690} INFO - Sync 1 DAGs
[2025-10-05T17:31:44.129+0000] {logging_mixin.py:137} INFO - [2025-10-05T17:31:44.129+0000] {dag.py:3441} INFO - Setting next_dagrun for example_branch_labels to 2025-10-04T00:00:00+00:00, run_after=2025-10-05T00:00:00+00:00
[2025-10-05T17:31:44.154+0000] {processor.py:175} INFO - Processing /home/airflow/.local/lib/python3.7/site-packages/airflow/example_dags/example_branch_labels.py took 0.113 seconds
[2025-10-05T17:32:14.612+0000] {processor.py:153} INFO - Started process (PID=2555) to work on /home/airflow/.local/lib/python3.7/site-packages/airflow/example_dags/example_branch_labels.py
[2025-10-05T17:32:14.614+0000] {processor.py:743} INFO - Processing file /home/airflow/.local/lib/python3.7/site-packages/airflow/example_dags/example_branch_labels.py for tasks to queue
[2025-10-05T17:32:14.615+0000] {logging_mixin.py:137} INFO - [2025-10-05T17:32:14.615+0000] {dagbag.py:538} INFO - Filling up the DagBag from /home/airflow/.local/lib/python3.7/site-packages/airflow/example_dags/example_branch_labels.py
[2025-10-05T17:32:14.631+0000] {processor.py:753} INFO - DAG(s) dict_keys(['example_branch_labels']) retrieved from /home/airflow/.local/lib/python3.7/site-packages/airflow/example_dags/example_branch_labels.py
[2025-10-05T17:32:14.662+0000] {logging_mixin.py:137} INFO - [2025-10-05T17:32:14.662+0000] {dag.py:2690} INFO - Sync 1 DAGs
[2025-10-05T17:32:14.690+0000] {logging_mixin.py:137} INFO - [2025-10-05T17:32:14.690+0000] {dag.py:3441} INFO - Setting next_dagrun for example_branch_labels to 2025-10-04T00:00:00+00:00, run_after=2025-10-05T00:00:00+00:00
[2025-10-05T17:32:14.714+0000] {processor.py:175} INFO - Processing /home/airflow/.local/lib/python3.7/site-packages/airflow/example_dags/example_branch_labels.py took 0.106 seconds
[2025-10-05T17:32:45.569+0000] {processor.py:153} INFO - Started process (PID=2668) to work on /home/airflow/.local/lib/python3.7/site-packages/airflow/example_dags/example_branch_labels.py
[2025-10-05T17:32:45.571+0000] {processor.py:743} INFO - Processing file /home/airflow/.local/lib/python3.7/site-packages/airflow/example_dags/example_branch_labels.py for tasks to queue
[2025-10-05T17:32:45.572+0000] {logging_mixin.py:137} INFO - [2025-10-05T17:32:45.572+0000] {dagbag.py:538} INFO - Filling up the DagBag from /home/airflow/.local/lib/python3.7/site-packages/airflow/example_dags/example_branch_labels.py
[2025-10-05T17:32:45.589+0000] {processor.py:753} INFO - DAG(s) dict_keys(['example_branch_labels']) retrieved from /home/airflow/.local/lib/python3.7/site-packages/airflow/example_dags/example_branch_labels.py
[2025-10-05T17:32:45.621+0000] {logging_mixin.py:137} INFO - [2025-10-05T17:32:45.621+0000] {dag.py:2690} INFO - Sync 1 DAGs
[2025-10-05T17:32:45.648+0000] {logging_mixin.py:137} INFO - [2025-10-05T17:32:45.648+0000] {dag.py:3441} INFO - Setting next_dagrun for example_branch_labels to 2025-10-04T00:00:00+00:00, run_after=2025-10-05T00:00:00+00:00
[2025-10-05T17:32:45.672+0000] {processor.py:175} INFO - Processing /home/airflow/.local/lib/python3.7/site-packages/airflow/example_dags/example_branch_labels.py took 0.106 seconds
[2025-10-05T17:33:16.145+0000] {processor.py:153} INFO - Started process (PID=2757) to work on /home/airflow/.local/lib/python3.7/site-packages/airflow/example_dags/example_branch_labels.py
[2025-10-05T17:33:16.147+0000] {processor.py:743} INFO - Processing file /home/airflow/.local/lib/python3.7/site-packages/airflow/example_dags/example_branch_labels.py for tasks to queue
[2025-10-05T17:33:16.148+0000] {logging_mixin.py:137} INFO - [2025-10-05T17:33:16.148+0000] {dagbag.py:538} INFO - Filling up the DagBag from /home/airflow/.local/lib/python3.7/site-packages/airflow/example_dags/example_branch_labels.py
[2025-10-05T17:33:16.164+0000] {processor.py:753} INFO - DAG(s) dict_keys(['example_branch_labels']) retrieved from /home/airflow/.local/lib/python3.7/site-packages/airflow/example_dags/example_branch_labels.py
[2025-10-05T17:33:16.196+0000] {logging_mixin.py:137} INFO - [2025-10-05T17:33:16.195+0000] {dag.py:2690} INFO - Sync 1 DAGs
[2025-10-05T17:33:16.225+0000] {logging_mixin.py:137} INFO - [2025-10-05T17:33:16.225+0000] {dag.py:3441} INFO - Setting next_dagrun for example_branch_labels to 2025-10-04T00:00:00+00:00, run_after=2025-10-05T00:00:00+00:00
[2025-10-05T17:33:16.252+0000] {processor.py:175} INFO - Processing /home/airflow/.local/lib/python3.7/site-packages/airflow/example_dags/example_branch_labels.py took 0.111 seconds
[2025-10-05T17:33:46.401+0000] {processor.py:153} INFO - Started process (PID=2845) to work on /home/airflow/.local/lib/python3.7/site-packages/airflow/example_dags/example_branch_labels.py
[2025-10-05T17:33:46.402+0000] {processor.py:743} INFO - Processing file /home/airflow/.local/lib/python3.7/site-packages/airflow/example_dags/example_branch_labels.py for tasks to queue
[2025-10-05T17:33:46.403+0000] {logging_mixin.py:137} INFO - [2025-10-05T17:33:46.403+0000] {dagbag.py:538} INFO - Filling up the DagBag from /home/airflow/.local/lib/python3.7/site-packages/airflow/example_dags/example_branch_labels.py
[2025-10-05T17:33:46.423+0000] {processor.py:753} INFO - DAG(s) dict_keys(['example_branch_labels']) retrieved from /home/airflow/.local/lib/python3.7/site-packages/airflow/example_dags/example_branch_labels.py
[2025-10-05T17:33:46.464+0000] {logging_mixin.py:137} INFO - [2025-10-05T17:33:46.463+0000] {dag.py:2690} INFO - Sync 1 DAGs
[2025-10-05T17:33:46.499+0000] {logging_mixin.py:137} INFO - [2025-10-05T17:33:46.498+0000] {dag.py:3441} INFO - Setting next_dagrun for example_branch_labels to 2025-10-04T00:00:00+00:00, run_after=2025-10-05T00:00:00+00:00
[2025-10-05T17:33:46.526+0000] {processor.py:175} INFO - Processing /home/airflow/.local/lib/python3.7/site-packages/airflow/example_dags/example_branch_labels.py took 0.130 seconds
[2025-10-05T17:34:17.117+0000] {processor.py:153} INFO - Started process (PID=2958) to work on /home/airflow/.local/lib/python3.7/site-packages/airflow/example_dags/example_branch_labels.py
[2025-10-05T17:34:17.118+0000] {processor.py:743} INFO - Processing file /home/airflow/.local/lib/python3.7/site-packages/airflow/example_dags/example_branch_labels.py for tasks to queue
[2025-10-05T17:34:17.119+0000] {logging_mixin.py:137} INFO - [2025-10-05T17:34:17.119+0000] {dagbag.py:538} INFO - Filling up the DagBag from /home/airflow/.local/lib/python3.7/site-packages/airflow/example_dags/example_branch_labels.py
[2025-10-05T17:34:17.136+0000] {processor.py:753} INFO - DAG(s) dict_keys(['example_branch_labels']) retrieved from /home/airflow/.local/lib/python3.7/site-packages/airflow/example_dags/example_branch_labels.py
[2025-10-05T17:34:17.168+0000] {logging_mixin.py:137} INFO - [2025-10-05T17:34:17.168+0000] {dag.py:2690} INFO - Sync 1 DAGs
[2025-10-05T17:34:17.199+0000] {logging_mixin.py:137} INFO - [2025-10-05T17:34:17.198+0000] {dag.py:3441} INFO - Setting next_dagrun for example_branch_labels to 2025-10-04T00:00:00+00:00, run_after=2025-10-05T00:00:00+00:00
[2025-10-05T17:34:17.223+0000] {processor.py:175} INFO - Processing /home/airflow/.local/lib/python3.7/site-packages/airflow/example_dags/example_branch_labels.py took 0.110 seconds
[2025-10-05T17:34:47.575+0000] {processor.py:153} INFO - Started process (PID=3047) to work on /home/airflow/.local/lib/python3.7/site-packages/airflow/example_dags/example_branch_labels.py
[2025-10-05T17:34:47.577+0000] {processor.py:743} INFO - Processing file /home/airflow/.local/lib/python3.7/site-packages/airflow/example_dags/example_branch_labels.py for tasks to queue
[2025-10-05T17:34:47.578+0000] {logging_mixin.py:137} INFO - [2025-10-05T17:34:47.578+0000] {dagbag.py:538} INFO - Filling up the DagBag from /home/airflow/.local/lib/python3.7/site-packages/airflow/example_dags/example_branch_labels.py
[2025-10-05T17:34:47.596+0000] {processor.py:753} INFO - DAG(s) dict_keys(['example_branch_labels']) retrieved from /home/airflow/.local/lib/python3.7/site-packages/airflow/example_dags/example_branch_labels.py
[2025-10-05T17:34:47.632+0000] {logging_mixin.py:137} INFO - [2025-10-05T17:34:47.632+0000] {dag.py:2690} INFO - Sync 1 DAGs
[2025-10-05T17:34:47.668+0000] {logging_mixin.py:137} INFO - [2025-10-05T17:34:47.668+0000] {dag.py:3441} INFO - Setting next_dagrun for example_branch_labels to 2025-10-04T00:00:00+00:00, run_after=2025-10-05T00:00:00+00:00
[2025-10-05T17:34:47.692+0000] {processor.py:175} INFO - Processing /home/airflow/.local/lib/python3.7/site-packages/airflow/example_dags/example_branch_labels.py took 0.122 seconds
[2025-10-05T17:35:18.127+0000] {processor.py:153} INFO - Started process (PID=3145) to work on /home/airflow/.local/lib/python3.7/site-packages/airflow/example_dags/example_branch_labels.py
[2025-10-05T17:35:18.129+0000] {processor.py:743} INFO - Processing file /home/airflow/.local/lib/python3.7/site-packages/airflow/example_dags/example_branch_labels.py for tasks to queue
[2025-10-05T17:35:18.130+0000] {logging_mixin.py:137} INFO - [2025-10-05T17:35:18.130+0000] {dagbag.py:538} INFO - Filling up the DagBag from /home/airflow/.local/lib/python3.7/site-packages/airflow/example_dags/example_branch_labels.py
[2025-10-05T17:35:18.151+0000] {processor.py:753} INFO - DAG(s) dict_keys(['example_branch_labels']) retrieved from /home/airflow/.local/lib/python3.7/site-packages/airflow/example_dags/example_branch_labels.py
[2025-10-05T17:35:18.208+0000] {logging_mixin.py:137} INFO - [2025-10-05T17:35:18.208+0000] {dag.py:2690} INFO - Sync 1 DAGs
[2025-10-05T17:35:18.271+0000] {logging_mixin.py:137} INFO - [2025-10-05T17:35:18.271+0000] {dag.py:3441} INFO - Setting next_dagrun for example_branch_labels to 2025-10-04T00:00:00+00:00, run_after=2025-10-05T00:00:00+00:00
[2025-10-05T17:35:18.316+0000] {processor.py:175} INFO - Processing /home/airflow/.local/lib/python3.7/site-packages/airflow/example_dags/example_branch_labels.py took 0.193 seconds
[2025-10-05T17:35:48.732+0000] {processor.py:153} INFO - Started process (PID=3249) to work on /home/airflow/.local/lib/python3.7/site-packages/airflow/example_dags/example_branch_labels.py
[2025-10-05T17:35:48.734+0000] {processor.py:743} INFO - Processing file /home/airflow/.local/lib/python3.7/site-packages/airflow/example_dags/example_branch_labels.py for tasks to queue
[2025-10-05T17:35:48.735+0000] {logging_mixin.py:137} INFO - [2025-10-05T17:35:48.735+0000] {dagbag.py:538} INFO - Filling up the DagBag from /home/airflow/.local/lib/python3.7/site-packages/airflow/example_dags/example_branch_labels.py
[2025-10-05T17:35:48.754+0000] {processor.py:753} INFO - DAG(s) dict_keys(['example_branch_labels']) retrieved from /home/airflow/.local/lib/python3.7/site-packages/airflow/example_dags/example_branch_labels.py
[2025-10-05T17:35:48.789+0000] {logging_mixin.py:137} INFO - [2025-10-05T17:35:48.788+0000] {dag.py:2690} INFO - Sync 1 DAGs
[2025-10-05T17:35:48.851+0000] {logging_mixin.py:137} INFO - [2025-10-05T17:35:48.851+0000] {dag.py:3441} INFO - Setting next_dagrun for example_branch_labels to 2025-10-04T00:00:00+00:00, run_after=2025-10-05T00:00:00+00:00
[2025-10-05T17:35:48.903+0000] {processor.py:175} INFO - Processing /home/airflow/.local/lib/python3.7/site-packages/airflow/example_dags/example_branch_labels.py took 0.176 seconds
[2025-10-05T17:36:19.538+0000] {processor.py:153} INFO - Started process (PID=3338) to work on /home/airflow/.local/lib/python3.7/site-packages/airflow/example_dags/example_branch_labels.py
[2025-10-05T17:36:19.539+0000] {processor.py:743} INFO - Processing file /home/airflow/.local/lib/python3.7/site-packages/airflow/example_dags/example_branch_labels.py for tasks to queue
[2025-10-05T17:36:19.540+0000] {logging_mixin.py:137} INFO - [2025-10-05T17:36:19.540+0000] {dagbag.py:538} INFO - Filling up the DagBag from /home/airflow/.local/lib/python3.7/site-packages/airflow/example_dags/example_branch_labels.py
[2025-10-05T17:36:19.556+0000] {processor.py:753} INFO - DAG(s) dict_keys(['example_branch_labels']) retrieved from /home/airflow/.local/lib/python3.7/site-packages/airflow/example_dags/example_branch_labels.py
[2025-10-05T17:36:19.589+0000] {logging_mixin.py:137} INFO - [2025-10-05T17:36:19.589+0000] {dag.py:2690} INFO - Sync 1 DAGs
[2025-10-05T17:36:19.617+0000] {logging_mixin.py:137} INFO - [2025-10-05T17:36:19.617+0000] {dag.py:3441} INFO - Setting next_dagrun for example_branch_labels to 2025-10-04T00:00:00+00:00, run_after=2025-10-05T00:00:00+00:00
[2025-10-05T17:36:19.641+0000] {processor.py:175} INFO - Processing /home/airflow/.local/lib/python3.7/site-packages/airflow/example_dags/example_branch_labels.py took 0.108 seconds
[2025-10-05T17:36:50.592+0000] {processor.py:153} INFO - Started process (PID=3452) to work on /home/airflow/.local/lib/python3.7/site-packages/airflow/example_dags/example_branch_labels.py
[2025-10-05T17:36:50.594+0000] {processor.py:743} INFO - Processing file /home/airflow/.local/lib/python3.7/site-packages/airflow/example_dags/example_branch_labels.py for tasks to queue
[2025-10-05T17:36:50.595+0000] {logging_mixin.py:137} INFO - [2025-10-05T17:36:50.595+0000] {dagbag.py:538} INFO - Filling up the DagBag from /home/airflow/.local/lib/python3.7/site-packages/airflow/example_dags/example_branch_labels.py
[2025-10-05T17:36:50.616+0000] {processor.py:753} INFO - DAG(s) dict_keys(['example_branch_labels']) retrieved from /home/airflow/.local/lib/python3.7/site-packages/airflow/example_dags/example_branch_labels.py
[2025-10-05T17:36:50.654+0000] {logging_mixin.py:137} INFO - [2025-10-05T17:36:50.654+0000] {dag.py:2690} INFO - Sync 1 DAGs
[2025-10-05T17:36:50.690+0000] {logging_mixin.py:137} INFO - [2025-10-05T17:36:50.689+0000] {dag.py:3441} INFO - Setting next_dagrun for example_branch_labels to 2025-10-04T00:00:00+00:00, run_after=2025-10-05T00:00:00+00:00
[2025-10-05T17:36:50.716+0000] {processor.py:175} INFO - Processing /home/airflow/.local/lib/python3.7/site-packages/airflow/example_dags/example_branch_labels.py took 0.128 seconds
