[2025-10-05T17:19:26.975+0000] {processor.py:153} INFO - Started process (PID=95) to work on /home/airflow/.local/lib/python3.7/site-packages/airflow/example_dags/example_bash_operator.py
[2025-10-05T17:19:26.977+0000] {processor.py:743} INFO - Processing file /home/airflow/.local/lib/python3.7/site-packages/airflow/example_dags/example_bash_operator.py for tasks to queue
[2025-10-05T17:19:26.978+0000] {logging_mixin.py:137} INFO - [2025-10-05T17:19:26.978+0000] {dagbag.py:538} INFO - Filling up the DagBag from /home/airflow/.local/lib/python3.7/site-packages/airflow/example_dags/example_bash_operator.py
[2025-10-05T17:19:27.023+0000] {processor.py:753} INFO - DAG(s) dict_keys(['example_bash_operator']) retrieved from /home/airflow/.local/lib/python3.7/site-packages/airflow/example_dags/example_bash_operator.py
[2025-10-05T17:19:27.071+0000] {logging_mixin.py:137} INFO - [2025-10-05T17:19:27.071+0000] {dag.py:2690} INFO - Sync 1 DAGs
[2025-10-05T17:19:27.100+0000] {logging_mixin.py:137} INFO - [2025-10-05T17:19:27.100+0000] {dag.py:3441} INFO - Setting next_dagrun for example_bash_operator to 2025-10-04T00:00:00+00:00, run_after=2025-10-05T00:00:00+00:00
[2025-10-05T17:19:27.133+0000] {processor.py:175} INFO - Processing /home/airflow/.local/lib/python3.7/site-packages/airflow/example_dags/example_bash_operator.py took 0.165 seconds
[2025-10-05T17:19:57.747+0000] {processor.py:153} INFO - Started process (PID=184) to work on /home/airflow/.local/lib/python3.7/site-packages/airflow/example_dags/example_bash_operator.py
[2025-10-05T17:19:57.749+0000] {processor.py:743} INFO - Processing file /home/airflow/.local/lib/python3.7/site-packages/airflow/example_dags/example_bash_operator.py for tasks to queue
[2025-10-05T17:19:57.750+0000] {logging_mixin.py:137} INFO - [2025-10-05T17:19:57.750+0000] {dagbag.py:538} INFO - Filling up the DagBag from /home/airflow/.local/lib/python3.7/site-packages/airflow/example_dags/example_bash_operator.py
[2025-10-05T17:19:57.777+0000] {processor.py:753} INFO - DAG(s) dict_keys(['example_bash_operator']) retrieved from /home/airflow/.local/lib/python3.7/site-packages/airflow/example_dags/example_bash_operator.py
[2025-10-05T17:19:57.827+0000] {logging_mixin.py:137} INFO - [2025-10-05T17:19:57.826+0000] {dag.py:2690} INFO - Sync 1 DAGs
[2025-10-05T17:19:57.861+0000] {logging_mixin.py:137} INFO - [2025-10-05T17:19:57.861+0000] {dag.py:3441} INFO - Setting next_dagrun for example_bash_operator to 2025-10-04T00:00:00+00:00, run_after=2025-10-05T00:00:00+00:00
[2025-10-05T17:19:57.892+0000] {processor.py:175} INFO - Processing /home/airflow/.local/lib/python3.7/site-packages/airflow/example_dags/example_bash_operator.py took 0.149 seconds
[2025-10-05T17:20:28.457+0000] {processor.py:153} INFO - Started process (PID=297) to work on /home/airflow/.local/lib/python3.7/site-packages/airflow/example_dags/example_bash_operator.py
[2025-10-05T17:20:28.459+0000] {processor.py:743} INFO - Processing file /home/airflow/.local/lib/python3.7/site-packages/airflow/example_dags/example_bash_operator.py for tasks to queue
[2025-10-05T17:20:28.460+0000] {logging_mixin.py:137} INFO - [2025-10-05T17:20:28.460+0000] {dagbag.py:538} INFO - Filling up the DagBag from /home/airflow/.local/lib/python3.7/site-packages/airflow/example_dags/example_bash_operator.py
[2025-10-05T17:20:28.485+0000] {processor.py:753} INFO - DAG(s) dict_keys(['example_bash_operator']) retrieved from /home/airflow/.local/lib/python3.7/site-packages/airflow/example_dags/example_bash_operator.py
[2025-10-05T17:20:28.528+0000] {logging_mixin.py:137} INFO - [2025-10-05T17:20:28.528+0000] {dag.py:2690} INFO - Sync 1 DAGs
[2025-10-05T17:20:28.564+0000] {logging_mixin.py:137} INFO - [2025-10-05T17:20:28.564+0000] {dag.py:3441} INFO - Setting next_dagrun for example_bash_operator to 2025-10-04T00:00:00+00:00, run_after=2025-10-05T00:00:00+00:00
[2025-10-05T17:20:28.592+0000] {processor.py:175} INFO - Processing /home/airflow/.local/lib/python3.7/site-packages/airflow/example_dags/example_bash_operator.py took 0.139 seconds
[2025-10-05T17:20:59.382+0000] {processor.py:153} INFO - Started process (PID=386) to work on /home/airflow/.local/lib/python3.7/site-packages/airflow/example_dags/example_bash_operator.py
[2025-10-05T17:20:59.384+0000] {processor.py:743} INFO - Processing file /home/airflow/.local/lib/python3.7/site-packages/airflow/example_dags/example_bash_operator.py for tasks to queue
[2025-10-05T17:20:59.386+0000] {logging_mixin.py:137} INFO - [2025-10-05T17:20:59.385+0000] {dagbag.py:538} INFO - Filling up the DagBag from /home/airflow/.local/lib/python3.7/site-packages/airflow/example_dags/example_bash_operator.py
[2025-10-05T17:20:59.414+0000] {processor.py:753} INFO - DAG(s) dict_keys(['example_bash_operator']) retrieved from /home/airflow/.local/lib/python3.7/site-packages/airflow/example_dags/example_bash_operator.py
[2025-10-05T17:20:59.465+0000] {logging_mixin.py:137} INFO - [2025-10-05T17:20:59.465+0000] {dag.py:2690} INFO - Sync 1 DAGs
[2025-10-05T17:20:59.499+0000] {logging_mixin.py:137} INFO - [2025-10-05T17:20:59.499+0000] {dag.py:3441} INFO - Setting next_dagrun for example_bash_operator to 2025-10-04T00:00:00+00:00, run_after=2025-10-05T00:00:00+00:00
[2025-10-05T17:20:59.525+0000] {processor.py:175} INFO - Processing /home/airflow/.local/lib/python3.7/site-packages/airflow/example_dags/example_bash_operator.py took 0.148 seconds
[2025-10-05T17:21:30.795+0000] {processor.py:153} INFO - Started process (PID=499) to work on /home/airflow/.local/lib/python3.7/site-packages/airflow/example_dags/example_bash_operator.py
[2025-10-05T17:21:30.796+0000] {processor.py:743} INFO - Processing file /home/airflow/.local/lib/python3.7/site-packages/airflow/example_dags/example_bash_operator.py for tasks to queue
[2025-10-05T17:21:30.798+0000] {logging_mixin.py:137} INFO - [2025-10-05T17:21:30.797+0000] {dagbag.py:538} INFO - Filling up the DagBag from /home/airflow/.local/lib/python3.7/site-packages/airflow/example_dags/example_bash_operator.py
[2025-10-05T17:21:30.832+0000] {processor.py:753} INFO - DAG(s) dict_keys(['example_bash_operator']) retrieved from /home/airflow/.local/lib/python3.7/site-packages/airflow/example_dags/example_bash_operator.py
[2025-10-05T17:21:30.892+0000] {logging_mixin.py:137} INFO - [2025-10-05T17:21:30.892+0000] {dag.py:2690} INFO - Sync 1 DAGs
[2025-10-05T17:21:30.933+0000] {logging_mixin.py:137} INFO - [2025-10-05T17:21:30.932+0000] {dag.py:3441} INFO - Setting next_dagrun for example_bash_operator to 2025-10-04T00:00:00+00:00, run_after=2025-10-05T00:00:00+00:00
[2025-10-05T17:21:30.963+0000] {processor.py:175} INFO - Processing /home/airflow/.local/lib/python3.7/site-packages/airflow/example_dags/example_bash_operator.py took 0.175 seconds
[2025-10-05T17:22:01.178+0000] {processor.py:153} INFO - Started process (PID=588) to work on /home/airflow/.local/lib/python3.7/site-packages/airflow/example_dags/example_bash_operator.py
[2025-10-05T17:22:01.179+0000] {processor.py:743} INFO - Processing file /home/airflow/.local/lib/python3.7/site-packages/airflow/example_dags/example_bash_operator.py for tasks to queue
[2025-10-05T17:22:01.181+0000] {logging_mixin.py:137} INFO - [2025-10-05T17:22:01.180+0000] {dagbag.py:538} INFO - Filling up the DagBag from /home/airflow/.local/lib/python3.7/site-packages/airflow/example_dags/example_bash_operator.py
[2025-10-05T17:22:01.208+0000] {processor.py:753} INFO - DAG(s) dict_keys(['example_bash_operator']) retrieved from /home/airflow/.local/lib/python3.7/site-packages/airflow/example_dags/example_bash_operator.py
[2025-10-05T17:22:01.251+0000] {logging_mixin.py:137} INFO - [2025-10-05T17:22:01.251+0000] {dag.py:2690} INFO - Sync 1 DAGs
[2025-10-05T17:22:01.285+0000] {logging_mixin.py:137} INFO - [2025-10-05T17:22:01.285+0000] {dag.py:3441} INFO - Setting next_dagrun for example_bash_operator to 2025-10-04T00:00:00+00:00, run_after=2025-10-05T00:00:00+00:00
[2025-10-05T17:22:01.312+0000] {processor.py:175} INFO - Processing /home/airflow/.local/lib/python3.7/site-packages/airflow/example_dags/example_bash_operator.py took 0.138 seconds
[2025-10-05T17:22:31.611+0000] {processor.py:153} INFO - Started process (PID=677) to work on /home/airflow/.local/lib/python3.7/site-packages/airflow/example_dags/example_bash_operator.py
[2025-10-05T17:22:31.613+0000] {processor.py:743} INFO - Processing file /home/airflow/.local/lib/python3.7/site-packages/airflow/example_dags/example_bash_operator.py for tasks to queue
[2025-10-05T17:22:31.614+0000] {logging_mixin.py:137} INFO - [2025-10-05T17:22:31.614+0000] {dagbag.py:538} INFO - Filling up the DagBag from /home/airflow/.local/lib/python3.7/site-packages/airflow/example_dags/example_bash_operator.py
[2025-10-05T17:22:31.644+0000] {processor.py:753} INFO - DAG(s) dict_keys(['example_bash_operator']) retrieved from /home/airflow/.local/lib/python3.7/site-packages/airflow/example_dags/example_bash_operator.py
[2025-10-05T17:22:31.691+0000] {logging_mixin.py:137} INFO - [2025-10-05T17:22:31.691+0000] {dag.py:2690} INFO - Sync 1 DAGs
[2025-10-05T17:22:31.722+0000] {logging_mixin.py:137} INFO - [2025-10-05T17:22:31.722+0000] {dag.py:3441} INFO - Setting next_dagrun for example_bash_operator to 2025-10-04T00:00:00+00:00, run_after=2025-10-05T00:00:00+00:00
[2025-10-05T17:22:31.748+0000] {processor.py:175} INFO - Processing /home/airflow/.local/lib/python3.7/site-packages/airflow/example_dags/example_bash_operator.py took 0.142 seconds
[2025-10-05T17:23:02.169+0000] {processor.py:153} INFO - Started process (PID=790) to work on /home/airflow/.local/lib/python3.7/site-packages/airflow/example_dags/example_bash_operator.py
[2025-10-05T17:23:02.172+0000] {processor.py:743} INFO - Processing file /home/airflow/.local/lib/python3.7/site-packages/airflow/example_dags/example_bash_operator.py for tasks to queue
[2025-10-05T17:23:02.173+0000] {logging_mixin.py:137} INFO - [2025-10-05T17:23:02.173+0000] {dagbag.py:538} INFO - Filling up the DagBag from /home/airflow/.local/lib/python3.7/site-packages/airflow/example_dags/example_bash_operator.py
[2025-10-05T17:23:02.201+0000] {processor.py:753} INFO - DAG(s) dict_keys(['example_bash_operator']) retrieved from /home/airflow/.local/lib/python3.7/site-packages/airflow/example_dags/example_bash_operator.py
[2025-10-05T17:23:02.248+0000] {logging_mixin.py:137} INFO - [2025-10-05T17:23:02.248+0000] {dag.py:2690} INFO - Sync 1 DAGs
[2025-10-05T17:23:02.279+0000] {logging_mixin.py:137} INFO - [2025-10-05T17:23:02.279+0000] {dag.py:3441} INFO - Setting next_dagrun for example_bash_operator to 2025-10-04T00:00:00+00:00, run_after=2025-10-05T00:00:00+00:00
[2025-10-05T17:23:02.307+0000] {processor.py:175} INFO - Processing /home/airflow/.local/lib/python3.7/site-packages/airflow/example_dags/example_bash_operator.py took 0.142 seconds
[2025-10-05T17:23:32.927+0000] {processor.py:153} INFO - Started process (PID=880) to work on /home/airflow/.local/lib/python3.7/site-packages/airflow/example_dags/example_bash_operator.py
[2025-10-05T17:23:32.928+0000] {processor.py:743} INFO - Processing file /home/airflow/.local/lib/python3.7/site-packages/airflow/example_dags/example_bash_operator.py for tasks to queue
[2025-10-05T17:23:32.929+0000] {logging_mixin.py:137} INFO - [2025-10-05T17:23:32.929+0000] {dagbag.py:538} INFO - Filling up the DagBag from /home/airflow/.local/lib/python3.7/site-packages/airflow/example_dags/example_bash_operator.py
[2025-10-05T17:23:32.953+0000] {processor.py:753} INFO - DAG(s) dict_keys(['example_bash_operator']) retrieved from /home/airflow/.local/lib/python3.7/site-packages/airflow/example_dags/example_bash_operator.py
[2025-10-05T17:23:32.994+0000] {logging_mixin.py:137} INFO - [2025-10-05T17:23:32.993+0000] {dag.py:2690} INFO - Sync 1 DAGs
[2025-10-05T17:23:33.022+0000] {logging_mixin.py:137} INFO - [2025-10-05T17:23:33.022+0000] {dag.py:3441} INFO - Setting next_dagrun for example_bash_operator to 2025-10-04T00:00:00+00:00, run_after=2025-10-05T00:00:00+00:00
[2025-10-05T17:23:33.050+0000] {processor.py:175} INFO - Processing /home/airflow/.local/lib/python3.7/site-packages/airflow/example_dags/example_bash_operator.py took 0.127 seconds
[2025-10-05T17:24:03.704+0000] {processor.py:153} INFO - Started process (PID=993) to work on /home/airflow/.local/lib/python3.7/site-packages/airflow/example_dags/example_bash_operator.py
[2025-10-05T17:24:03.705+0000] {processor.py:743} INFO - Processing file /home/airflow/.local/lib/python3.7/site-packages/airflow/example_dags/example_bash_operator.py for tasks to queue
[2025-10-05T17:24:03.707+0000] {logging_mixin.py:137} INFO - [2025-10-05T17:24:03.706+0000] {dagbag.py:538} INFO - Filling up the DagBag from /home/airflow/.local/lib/python3.7/site-packages/airflow/example_dags/example_bash_operator.py
[2025-10-05T17:24:03.733+0000] {processor.py:753} INFO - DAG(s) dict_keys(['example_bash_operator']) retrieved from /home/airflow/.local/lib/python3.7/site-packages/airflow/example_dags/example_bash_operator.py
[2025-10-05T17:24:03.777+0000] {logging_mixin.py:137} INFO - [2025-10-05T17:24:03.777+0000] {dag.py:2690} INFO - Sync 1 DAGs
[2025-10-05T17:24:03.808+0000] {logging_mixin.py:137} INFO - [2025-10-05T17:24:03.808+0000] {dag.py:3441} INFO - Setting next_dagrun for example_bash_operator to 2025-10-04T00:00:00+00:00, run_after=2025-10-05T00:00:00+00:00
[2025-10-05T17:24:03.833+0000] {processor.py:175} INFO - Processing /home/airflow/.local/lib/python3.7/site-packages/airflow/example_dags/example_bash_operator.py took 0.134 seconds
[2025-10-05T17:24:34.221+0000] {processor.py:153} INFO - Started process (PID=1082) to work on /home/airflow/.local/lib/python3.7/site-packages/airflow/example_dags/example_bash_operator.py
[2025-10-05T17:24:34.223+0000] {processor.py:743} INFO - Processing file /home/airflow/.local/lib/python3.7/site-packages/airflow/example_dags/example_bash_operator.py for tasks to queue
[2025-10-05T17:24:34.224+0000] {logging_mixin.py:137} INFO - [2025-10-05T17:24:34.224+0000] {dagbag.py:538} INFO - Filling up the DagBag from /home/airflow/.local/lib/python3.7/site-packages/airflow/example_dags/example_bash_operator.py
[2025-10-05T17:24:34.249+0000] {processor.py:753} INFO - DAG(s) dict_keys(['example_bash_operator']) retrieved from /home/airflow/.local/lib/python3.7/site-packages/airflow/example_dags/example_bash_operator.py
[2025-10-05T17:24:34.291+0000] {logging_mixin.py:137} INFO - [2025-10-05T17:24:34.290+0000] {dag.py:2690} INFO - Sync 1 DAGs
[2025-10-05T17:24:34.319+0000] {logging_mixin.py:137} INFO - [2025-10-05T17:24:34.318+0000] {dag.py:3441} INFO - Setting next_dagrun for example_bash_operator to 2025-10-04T00:00:00+00:00, run_after=2025-10-05T00:00:00+00:00
[2025-10-05T17:24:34.345+0000] {processor.py:175} INFO - Processing /home/airflow/.local/lib/python3.7/site-packages/airflow/example_dags/example_bash_operator.py took 0.128 seconds
[2025-10-05T17:25:05.099+0000] {processor.py:153} INFO - Started process (PID=1180) to work on /home/airflow/.local/lib/python3.7/site-packages/airflow/example_dags/example_bash_operator.py
[2025-10-05T17:25:05.101+0000] {processor.py:743} INFO - Processing file /home/airflow/.local/lib/python3.7/site-packages/airflow/example_dags/example_bash_operator.py for tasks to queue
[2025-10-05T17:25:05.103+0000] {logging_mixin.py:137} INFO - [2025-10-05T17:25:05.102+0000] {dagbag.py:538} INFO - Filling up the DagBag from /home/airflow/.local/lib/python3.7/site-packages/airflow/example_dags/example_bash_operator.py
[2025-10-05T17:25:05.141+0000] {processor.py:753} INFO - DAG(s) dict_keys(['example_bash_operator']) retrieved from /home/airflow/.local/lib/python3.7/site-packages/airflow/example_dags/example_bash_operator.py
[2025-10-05T17:25:05.191+0000] {logging_mixin.py:137} INFO - [2025-10-05T17:25:05.191+0000] {dag.py:2690} INFO - Sync 1 DAGs
[2025-10-05T17:25:05.224+0000] {logging_mixin.py:137} INFO - [2025-10-05T17:25:05.224+0000] {dag.py:3441} INFO - Setting next_dagrun for example_bash_operator to 2025-10-04T00:00:00+00:00, run_after=2025-10-05T00:00:00+00:00
[2025-10-05T17:25:05.255+0000] {processor.py:175} INFO - Processing /home/airflow/.local/lib/python3.7/site-packages/airflow/example_dags/example_bash_operator.py took 0.164 seconds
[2025-10-05T17:25:36.133+0000] {processor.py:153} INFO - Started process (PID=1284) to work on /home/airflow/.local/lib/python3.7/site-packages/airflow/example_dags/example_bash_operator.py
[2025-10-05T17:25:36.135+0000] {processor.py:743} INFO - Processing file /home/airflow/.local/lib/python3.7/site-packages/airflow/example_dags/example_bash_operator.py for tasks to queue
[2025-10-05T17:25:36.136+0000] {logging_mixin.py:137} INFO - [2025-10-05T17:25:36.136+0000] {dagbag.py:538} INFO - Filling up the DagBag from /home/airflow/.local/lib/python3.7/site-packages/airflow/example_dags/example_bash_operator.py
[2025-10-05T17:25:36.160+0000] {processor.py:753} INFO - DAG(s) dict_keys(['example_bash_operator']) retrieved from /home/airflow/.local/lib/python3.7/site-packages/airflow/example_dags/example_bash_operator.py
[2025-10-05T17:25:36.200+0000] {logging_mixin.py:137} INFO - [2025-10-05T17:25:36.200+0000] {dag.py:2690} INFO - Sync 1 DAGs
[2025-10-05T17:25:36.229+0000] {logging_mixin.py:137} INFO - [2025-10-05T17:25:36.228+0000] {dag.py:3441} INFO - Setting next_dagrun for example_bash_operator to 2025-10-04T00:00:00+00:00, run_after=2025-10-05T00:00:00+00:00
[2025-10-05T17:25:36.252+0000] {processor.py:175} INFO - Processing /home/airflow/.local/lib/python3.7/site-packages/airflow/example_dags/example_bash_operator.py took 0.123 seconds
[2025-10-05T17:26:06.613+0000] {processor.py:153} INFO - Started process (PID=1373) to work on /home/airflow/.local/lib/python3.7/site-packages/airflow/example_dags/example_bash_operator.py
[2025-10-05T17:26:06.615+0000] {processor.py:743} INFO - Processing file /home/airflow/.local/lib/python3.7/site-packages/airflow/example_dags/example_bash_operator.py for tasks to queue
[2025-10-05T17:26:06.616+0000] {logging_mixin.py:137} INFO - [2025-10-05T17:26:06.616+0000] {dagbag.py:538} INFO - Filling up the DagBag from /home/airflow/.local/lib/python3.7/site-packages/airflow/example_dags/example_bash_operator.py
[2025-10-05T17:26:06.642+0000] {processor.py:753} INFO - DAG(s) dict_keys(['example_bash_operator']) retrieved from /home/airflow/.local/lib/python3.7/site-packages/airflow/example_dags/example_bash_operator.py
[2025-10-05T17:26:06.690+0000] {logging_mixin.py:137} INFO - [2025-10-05T17:26:06.690+0000] {dag.py:2690} INFO - Sync 1 DAGs
[2025-10-05T17:26:06.726+0000] {logging_mixin.py:137} INFO - [2025-10-05T17:26:06.726+0000] {dag.py:3441} INFO - Setting next_dagrun for example_bash_operator to 2025-10-04T00:00:00+00:00, run_after=2025-10-05T00:00:00+00:00
[2025-10-05T17:26:06.754+0000] {processor.py:175} INFO - Processing /home/airflow/.local/lib/python3.7/site-packages/airflow/example_dags/example_bash_operator.py took 0.145 seconds
[2025-10-05T17:26:37.907+0000] {processor.py:153} INFO - Started process (PID=1486) to work on /home/airflow/.local/lib/python3.7/site-packages/airflow/example_dags/example_bash_operator.py
[2025-10-05T17:26:37.909+0000] {processor.py:743} INFO - Processing file /home/airflow/.local/lib/python3.7/site-packages/airflow/example_dags/example_bash_operator.py for tasks to queue
[2025-10-05T17:26:37.910+0000] {logging_mixin.py:137} INFO - [2025-10-05T17:26:37.910+0000] {dagbag.py:538} INFO - Filling up the DagBag from /home/airflow/.local/lib/python3.7/site-packages/airflow/example_dags/example_bash_operator.py
[2025-10-05T17:26:37.949+0000] {processor.py:753} INFO - DAG(s) dict_keys(['example_bash_operator']) retrieved from /home/airflow/.local/lib/python3.7/site-packages/airflow/example_dags/example_bash_operator.py
[2025-10-05T17:26:38.005+0000] {logging_mixin.py:137} INFO - [2025-10-05T17:26:38.004+0000] {dag.py:2690} INFO - Sync 1 DAGs
[2025-10-05T17:26:38.040+0000] {logging_mixin.py:137} INFO - [2025-10-05T17:26:38.040+0000] {dag.py:3441} INFO - Setting next_dagrun for example_bash_operator to 2025-10-04T00:00:00+00:00, run_after=2025-10-05T00:00:00+00:00
[2025-10-05T17:26:38.063+0000] {processor.py:175} INFO - Processing /home/airflow/.local/lib/python3.7/site-packages/airflow/example_dags/example_bash_operator.py took 0.161 seconds
[2025-10-05T17:27:08.791+0000] {processor.py:153} INFO - Started process (PID=1575) to work on /home/airflow/.local/lib/python3.7/site-packages/airflow/example_dags/example_bash_operator.py
[2025-10-05T17:27:08.792+0000] {processor.py:743} INFO - Processing file /home/airflow/.local/lib/python3.7/site-packages/airflow/example_dags/example_bash_operator.py for tasks to queue
[2025-10-05T17:27:08.794+0000] {logging_mixin.py:137} INFO - [2025-10-05T17:27:08.793+0000] {dagbag.py:538} INFO - Filling up the DagBag from /home/airflow/.local/lib/python3.7/site-packages/airflow/example_dags/example_bash_operator.py
[2025-10-05T17:27:08.822+0000] {processor.py:753} INFO - DAG(s) dict_keys(['example_bash_operator']) retrieved from /home/airflow/.local/lib/python3.7/site-packages/airflow/example_dags/example_bash_operator.py
[2025-10-05T17:27:08.869+0000] {logging_mixin.py:137} INFO - [2025-10-05T17:27:08.869+0000] {dag.py:2690} INFO - Sync 1 DAGs
[2025-10-05T17:27:08.902+0000] {logging_mixin.py:137} INFO - [2025-10-05T17:27:08.902+0000] {dag.py:3441} INFO - Setting next_dagrun for example_bash_operator to 2025-10-04T00:00:00+00:00, run_after=2025-10-05T00:00:00+00:00
[2025-10-05T17:27:08.932+0000] {processor.py:175} INFO - Processing /home/airflow/.local/lib/python3.7/site-packages/airflow/example_dags/example_bash_operator.py took 0.145 seconds
[2025-10-05T17:27:39.957+0000] {processor.py:153} INFO - Started process (PID=1688) to work on /home/airflow/.local/lib/python3.7/site-packages/airflow/example_dags/example_bash_operator.py
[2025-10-05T17:27:39.959+0000] {processor.py:743} INFO - Processing file /home/airflow/.local/lib/python3.7/site-packages/airflow/example_dags/example_bash_operator.py for tasks to queue
[2025-10-05T17:27:39.961+0000] {logging_mixin.py:137} INFO - [2025-10-05T17:27:39.961+0000] {dagbag.py:538} INFO - Filling up the DagBag from /home/airflow/.local/lib/python3.7/site-packages/airflow/example_dags/example_bash_operator.py
[2025-10-05T17:27:39.989+0000] {processor.py:753} INFO - DAG(s) dict_keys(['example_bash_operator']) retrieved from /home/airflow/.local/lib/python3.7/site-packages/airflow/example_dags/example_bash_operator.py
[2025-10-05T17:27:40.039+0000] {logging_mixin.py:137} INFO - [2025-10-05T17:27:40.039+0000] {dag.py:2690} INFO - Sync 1 DAGs
[2025-10-05T17:27:40.073+0000] {logging_mixin.py:137} INFO - [2025-10-05T17:27:40.073+0000] {dag.py:3441} INFO - Setting next_dagrun for example_bash_operator to 2025-10-04T00:00:00+00:00, run_after=2025-10-05T00:00:00+00:00
[2025-10-05T17:27:40.099+0000] {processor.py:175} INFO - Processing /home/airflow/.local/lib/python3.7/site-packages/airflow/example_dags/example_bash_operator.py took 0.147 seconds
[2025-10-05T17:28:10.539+0000] {processor.py:153} INFO - Started process (PID=1778) to work on /home/airflow/.local/lib/python3.7/site-packages/airflow/example_dags/example_bash_operator.py
[2025-10-05T17:28:10.541+0000] {processor.py:743} INFO - Processing file /home/airflow/.local/lib/python3.7/site-packages/airflow/example_dags/example_bash_operator.py for tasks to queue
[2025-10-05T17:28:10.543+0000] {logging_mixin.py:137} INFO - [2025-10-05T17:28:10.542+0000] {dagbag.py:538} INFO - Filling up the DagBag from /home/airflow/.local/lib/python3.7/site-packages/airflow/example_dags/example_bash_operator.py
[2025-10-05T17:28:10.582+0000] {processor.py:753} INFO - DAG(s) dict_keys(['example_bash_operator']) retrieved from /home/airflow/.local/lib/python3.7/site-packages/airflow/example_dags/example_bash_operator.py
[2025-10-05T17:28:10.642+0000] {logging_mixin.py:137} INFO - [2025-10-05T17:28:10.641+0000] {dag.py:2690} INFO - Sync 1 DAGs
[2025-10-05T17:28:10.683+0000] {logging_mixin.py:137} INFO - [2025-10-05T17:28:10.683+0000] {dag.py:3441} INFO - Setting next_dagrun for example_bash_operator to 2025-10-04T00:00:00+00:00, run_after=2025-10-05T00:00:00+00:00
[2025-10-05T17:28:10.725+0000] {processor.py:175} INFO - Processing /home/airflow/.local/lib/python3.7/site-packages/airflow/example_dags/example_bash_operator.py took 0.191 seconds
[2025-10-05T17:28:41.678+0000] {processor.py:153} INFO - Started process (PID=1866) to work on /home/airflow/.local/lib/python3.7/site-packages/airflow/example_dags/example_bash_operator.py
[2025-10-05T17:28:41.679+0000] {processor.py:743} INFO - Processing file /home/airflow/.local/lib/python3.7/site-packages/airflow/example_dags/example_bash_operator.py for tasks to queue
[2025-10-05T17:28:41.680+0000] {logging_mixin.py:137} INFO - [2025-10-05T17:28:41.680+0000] {dagbag.py:538} INFO - Filling up the DagBag from /home/airflow/.local/lib/python3.7/site-packages/airflow/example_dags/example_bash_operator.py
[2025-10-05T17:28:41.706+0000] {processor.py:753} INFO - DAG(s) dict_keys(['example_bash_operator']) retrieved from /home/airflow/.local/lib/python3.7/site-packages/airflow/example_dags/example_bash_operator.py
[2025-10-05T17:28:41.750+0000] {logging_mixin.py:137} INFO - [2025-10-05T17:28:41.750+0000] {dag.py:2690} INFO - Sync 1 DAGs
[2025-10-05T17:28:41.782+0000] {logging_mixin.py:137} INFO - [2025-10-05T17:28:41.782+0000] {dag.py:3441} INFO - Setting next_dagrun for example_bash_operator to 2025-10-04T00:00:00+00:00, run_after=2025-10-05T00:00:00+00:00
[2025-10-05T17:28:41.817+0000] {processor.py:175} INFO - Processing /home/airflow/.local/lib/python3.7/site-packages/airflow/example_dags/example_bash_operator.py took 0.143 seconds
[2025-10-05T17:29:11.882+0000] {processor.py:153} INFO - Started process (PID=1978) to work on /home/airflow/.local/lib/python3.7/site-packages/airflow/example_dags/example_bash_operator.py
[2025-10-05T17:29:11.883+0000] {processor.py:743} INFO - Processing file /home/airflow/.local/lib/python3.7/site-packages/airflow/example_dags/example_bash_operator.py for tasks to queue
[2025-10-05T17:29:11.884+0000] {logging_mixin.py:137} INFO - [2025-10-05T17:29:11.884+0000] {dagbag.py:538} INFO - Filling up the DagBag from /home/airflow/.local/lib/python3.7/site-packages/airflow/example_dags/example_bash_operator.py
[2025-10-05T17:29:11.908+0000] {processor.py:753} INFO - DAG(s) dict_keys(['example_bash_operator']) retrieved from /home/airflow/.local/lib/python3.7/site-packages/airflow/example_dags/example_bash_operator.py
[2025-10-05T17:29:11.950+0000] {logging_mixin.py:137} INFO - [2025-10-05T17:29:11.950+0000] {dag.py:2690} INFO - Sync 1 DAGs
[2025-10-05T17:29:11.979+0000] {logging_mixin.py:137} INFO - [2025-10-05T17:29:11.979+0000] {dag.py:3441} INFO - Setting next_dagrun for example_bash_operator to 2025-10-04T00:00:00+00:00, run_after=2025-10-05T00:00:00+00:00
[2025-10-05T17:29:12.004+0000] {processor.py:175} INFO - Processing /home/airflow/.local/lib/python3.7/site-packages/airflow/example_dags/example_bash_operator.py took 0.127 seconds
[2025-10-05T17:29:42.540+0000] {processor.py:153} INFO - Started process (PID=2067) to work on /home/airflow/.local/lib/python3.7/site-packages/airflow/example_dags/example_bash_operator.py
[2025-10-05T17:29:42.541+0000] {processor.py:743} INFO - Processing file /home/airflow/.local/lib/python3.7/site-packages/airflow/example_dags/example_bash_operator.py for tasks to queue
[2025-10-05T17:29:42.542+0000] {logging_mixin.py:137} INFO - [2025-10-05T17:29:42.542+0000] {dagbag.py:538} INFO - Filling up the DagBag from /home/airflow/.local/lib/python3.7/site-packages/airflow/example_dags/example_bash_operator.py
[2025-10-05T17:29:42.565+0000] {processor.py:753} INFO - DAG(s) dict_keys(['example_bash_operator']) retrieved from /home/airflow/.local/lib/python3.7/site-packages/airflow/example_dags/example_bash_operator.py
[2025-10-05T17:29:42.604+0000] {logging_mixin.py:137} INFO - [2025-10-05T17:29:42.604+0000] {dag.py:2690} INFO - Sync 1 DAGs
[2025-10-05T17:29:42.635+0000] {logging_mixin.py:137} INFO - [2025-10-05T17:29:42.634+0000] {dag.py:3441} INFO - Setting next_dagrun for example_bash_operator to 2025-10-04T00:00:00+00:00, run_after=2025-10-05T00:00:00+00:00
[2025-10-05T17:29:42.664+0000] {processor.py:175} INFO - Processing /home/airflow/.local/lib/python3.7/site-packages/airflow/example_dags/example_bash_operator.py took 0.129 seconds
[2025-10-05T17:30:13.000+0000] {processor.py:153} INFO - Started process (PID=2181) to work on /home/airflow/.local/lib/python3.7/site-packages/airflow/example_dags/example_bash_operator.py
[2025-10-05T17:30:13.002+0000] {processor.py:743} INFO - Processing file /home/airflow/.local/lib/python3.7/site-packages/airflow/example_dags/example_bash_operator.py for tasks to queue
[2025-10-05T17:30:13.003+0000] {logging_mixin.py:137} INFO - [2025-10-05T17:30:13.003+0000] {dagbag.py:538} INFO - Filling up the DagBag from /home/airflow/.local/lib/python3.7/site-packages/airflow/example_dags/example_bash_operator.py
[2025-10-05T17:30:13.032+0000] {processor.py:753} INFO - DAG(s) dict_keys(['example_bash_operator']) retrieved from /home/airflow/.local/lib/python3.7/site-packages/airflow/example_dags/example_bash_operator.py
[2025-10-05T17:30:13.077+0000] {logging_mixin.py:137} INFO - [2025-10-05T17:30:13.077+0000] {dag.py:2690} INFO - Sync 1 DAGs
[2025-10-05T17:30:13.110+0000] {logging_mixin.py:137} INFO - [2025-10-05T17:30:13.110+0000] {dag.py:3441} INFO - Setting next_dagrun for example_bash_operator to 2025-10-04T00:00:00+00:00, run_after=2025-10-05T00:00:00+00:00
[2025-10-05T17:30:13.141+0000] {processor.py:175} INFO - Processing /home/airflow/.local/lib/python3.7/site-packages/airflow/example_dags/example_bash_operator.py took 0.145 seconds
[2025-10-05T17:30:43.646+0000] {processor.py:153} INFO - Started process (PID=2271) to work on /home/airflow/.local/lib/python3.7/site-packages/airflow/example_dags/example_bash_operator.py
[2025-10-05T17:30:43.648+0000] {processor.py:743} INFO - Processing file /home/airflow/.local/lib/python3.7/site-packages/airflow/example_dags/example_bash_operator.py for tasks to queue
[2025-10-05T17:30:43.649+0000] {logging_mixin.py:137} INFO - [2025-10-05T17:30:43.649+0000] {dagbag.py:538} INFO - Filling up the DagBag from /home/airflow/.local/lib/python3.7/site-packages/airflow/example_dags/example_bash_operator.py
[2025-10-05T17:30:43.676+0000] {processor.py:753} INFO - DAG(s) dict_keys(['example_bash_operator']) retrieved from /home/airflow/.local/lib/python3.7/site-packages/airflow/example_dags/example_bash_operator.py
[2025-10-05T17:30:43.729+0000] {logging_mixin.py:137} INFO - [2025-10-05T17:30:43.729+0000] {dag.py:2690} INFO - Sync 1 DAGs
[2025-10-05T17:30:43.757+0000] {logging_mixin.py:137} INFO - [2025-10-05T17:30:43.757+0000] {dag.py:3441} INFO - Setting next_dagrun for example_bash_operator to 2025-10-04T00:00:00+00:00, run_after=2025-10-05T00:00:00+00:00
[2025-10-05T17:30:43.780+0000] {processor.py:175} INFO - Processing /home/airflow/.local/lib/python3.7/site-packages/airflow/example_dags/example_bash_operator.py took 0.138 seconds
[2025-10-05T17:31:14.535+0000] {processor.py:153} INFO - Started process (PID=2370) to work on /home/airflow/.local/lib/python3.7/site-packages/airflow/example_dags/example_bash_operator.py
[2025-10-05T17:31:14.536+0000] {processor.py:743} INFO - Processing file /home/airflow/.local/lib/python3.7/site-packages/airflow/example_dags/example_bash_operator.py for tasks to queue
[2025-10-05T17:31:14.538+0000] {logging_mixin.py:137} INFO - [2025-10-05T17:31:14.538+0000] {dagbag.py:538} INFO - Filling up the DagBag from /home/airflow/.local/lib/python3.7/site-packages/airflow/example_dags/example_bash_operator.py
[2025-10-05T17:31:14.566+0000] {processor.py:753} INFO - DAG(s) dict_keys(['example_bash_operator']) retrieved from /home/airflow/.local/lib/python3.7/site-packages/airflow/example_dags/example_bash_operator.py
[2025-10-05T17:31:14.608+0000] {logging_mixin.py:137} INFO - [2025-10-05T17:31:14.608+0000] {dag.py:2690} INFO - Sync 1 DAGs
[2025-10-05T17:31:14.640+0000] {logging_mixin.py:137} INFO - [2025-10-05T17:31:14.639+0000] {dag.py:3441} INFO - Setting next_dagrun for example_bash_operator to 2025-10-04T00:00:00+00:00, run_after=2025-10-05T00:00:00+00:00
[2025-10-05T17:31:14.666+0000] {processor.py:175} INFO - Processing /home/airflow/.local/lib/python3.7/site-packages/airflow/example_dags/example_bash_operator.py took 0.137 seconds
[2025-10-05T17:31:44.758+0000] {processor.py:153} INFO - Started process (PID=2474) to work on /home/airflow/.local/lib/python3.7/site-packages/airflow/example_dags/example_bash_operator.py
[2025-10-05T17:31:44.759+0000] {processor.py:743} INFO - Processing file /home/airflow/.local/lib/python3.7/site-packages/airflow/example_dags/example_bash_operator.py for tasks to queue
[2025-10-05T17:31:44.760+0000] {logging_mixin.py:137} INFO - [2025-10-05T17:31:44.760+0000] {dagbag.py:538} INFO - Filling up the DagBag from /home/airflow/.local/lib/python3.7/site-packages/airflow/example_dags/example_bash_operator.py
[2025-10-05T17:31:44.786+0000] {processor.py:753} INFO - DAG(s) dict_keys(['example_bash_operator']) retrieved from /home/airflow/.local/lib/python3.7/site-packages/airflow/example_dags/example_bash_operator.py
[2025-10-05T17:31:44.824+0000] {logging_mixin.py:137} INFO - [2025-10-05T17:31:44.824+0000] {dag.py:2690} INFO - Sync 1 DAGs
[2025-10-05T17:31:44.852+0000] {logging_mixin.py:137} INFO - [2025-10-05T17:31:44.852+0000] {dag.py:3441} INFO - Setting next_dagrun for example_bash_operator to 2025-10-04T00:00:00+00:00, run_after=2025-10-05T00:00:00+00:00
[2025-10-05T17:31:44.875+0000] {processor.py:175} INFO - Processing /home/airflow/.local/lib/python3.7/site-packages/airflow/example_dags/example_bash_operator.py took 0.122 seconds
[2025-10-05T17:32:15.223+0000] {processor.py:153} INFO - Started process (PID=2563) to work on /home/airflow/.local/lib/python3.7/site-packages/airflow/example_dags/example_bash_operator.py
[2025-10-05T17:32:15.225+0000] {processor.py:743} INFO - Processing file /home/airflow/.local/lib/python3.7/site-packages/airflow/example_dags/example_bash_operator.py for tasks to queue
[2025-10-05T17:32:15.226+0000] {logging_mixin.py:137} INFO - [2025-10-05T17:32:15.226+0000] {dagbag.py:538} INFO - Filling up the DagBag from /home/airflow/.local/lib/python3.7/site-packages/airflow/example_dags/example_bash_operator.py
[2025-10-05T17:32:15.251+0000] {processor.py:753} INFO - DAG(s) dict_keys(['example_bash_operator']) retrieved from /home/airflow/.local/lib/python3.7/site-packages/airflow/example_dags/example_bash_operator.py
[2025-10-05T17:32:15.295+0000] {logging_mixin.py:137} INFO - [2025-10-05T17:32:15.295+0000] {dag.py:2690} INFO - Sync 1 DAGs
[2025-10-05T17:32:15.329+0000] {logging_mixin.py:137} INFO - [2025-10-05T17:32:15.328+0000] {dag.py:3441} INFO - Setting next_dagrun for example_bash_operator to 2025-10-04T00:00:00+00:00, run_after=2025-10-05T00:00:00+00:00
[2025-10-05T17:32:15.357+0000] {processor.py:175} INFO - Processing /home/airflow/.local/lib/python3.7/site-packages/airflow/example_dags/example_bash_operator.py took 0.138 seconds
[2025-10-05T17:32:46.168+0000] {processor.py:153} INFO - Started process (PID=2676) to work on /home/airflow/.local/lib/python3.7/site-packages/airflow/example_dags/example_bash_operator.py
[2025-10-05T17:32:46.170+0000] {processor.py:743} INFO - Processing file /home/airflow/.local/lib/python3.7/site-packages/airflow/example_dags/example_bash_operator.py for tasks to queue
[2025-10-05T17:32:46.171+0000] {logging_mixin.py:137} INFO - [2025-10-05T17:32:46.171+0000] {dagbag.py:538} INFO - Filling up the DagBag from /home/airflow/.local/lib/python3.7/site-packages/airflow/example_dags/example_bash_operator.py
[2025-10-05T17:32:46.195+0000] {processor.py:753} INFO - DAG(s) dict_keys(['example_bash_operator']) retrieved from /home/airflow/.local/lib/python3.7/site-packages/airflow/example_dags/example_bash_operator.py
[2025-10-05T17:32:46.235+0000] {logging_mixin.py:137} INFO - [2025-10-05T17:32:46.235+0000] {dag.py:2690} INFO - Sync 1 DAGs
[2025-10-05T17:32:46.263+0000] {logging_mixin.py:137} INFO - [2025-10-05T17:32:46.263+0000] {dag.py:3441} INFO - Setting next_dagrun for example_bash_operator to 2025-10-04T00:00:00+00:00, run_after=2025-10-05T00:00:00+00:00
[2025-10-05T17:32:46.289+0000] {processor.py:175} INFO - Processing /home/airflow/.local/lib/python3.7/site-packages/airflow/example_dags/example_bash_operator.py took 0.124 seconds
[2025-10-05T17:33:16.835+0000] {processor.py:153} INFO - Started process (PID=2765) to work on /home/airflow/.local/lib/python3.7/site-packages/airflow/example_dags/example_bash_operator.py
[2025-10-05T17:33:16.837+0000] {processor.py:743} INFO - Processing file /home/airflow/.local/lib/python3.7/site-packages/airflow/example_dags/example_bash_operator.py for tasks to queue
[2025-10-05T17:33:16.840+0000] {logging_mixin.py:137} INFO - [2025-10-05T17:33:16.840+0000] {dagbag.py:538} INFO - Filling up the DagBag from /home/airflow/.local/lib/python3.7/site-packages/airflow/example_dags/example_bash_operator.py
[2025-10-05T17:33:16.870+0000] {processor.py:753} INFO - DAG(s) dict_keys(['example_bash_operator']) retrieved from /home/airflow/.local/lib/python3.7/site-packages/airflow/example_dags/example_bash_operator.py
[2025-10-05T17:33:16.919+0000] {logging_mixin.py:137} INFO - [2025-10-05T17:33:16.919+0000] {dag.py:2690} INFO - Sync 1 DAGs
[2025-10-05T17:33:16.958+0000] {logging_mixin.py:137} INFO - [2025-10-05T17:33:16.958+0000] {dag.py:3441} INFO - Setting next_dagrun for example_bash_operator to 2025-10-04T00:00:00+00:00, run_after=2025-10-05T00:00:00+00:00
[2025-10-05T17:33:16.989+0000] {processor.py:175} INFO - Processing /home/airflow/.local/lib/python3.7/site-packages/airflow/example_dags/example_bash_operator.py took 0.159 seconds
[2025-10-05T17:33:47.490+0000] {processor.py:153} INFO - Started process (PID=2862) to work on /home/airflow/.local/lib/python3.7/site-packages/airflow/example_dags/example_bash_operator.py
[2025-10-05T17:33:47.491+0000] {processor.py:743} INFO - Processing file /home/airflow/.local/lib/python3.7/site-packages/airflow/example_dags/example_bash_operator.py for tasks to queue
[2025-10-05T17:33:47.493+0000] {logging_mixin.py:137} INFO - [2025-10-05T17:33:47.493+0000] {dagbag.py:538} INFO - Filling up the DagBag from /home/airflow/.local/lib/python3.7/site-packages/airflow/example_dags/example_bash_operator.py
[2025-10-05T17:33:47.523+0000] {processor.py:753} INFO - DAG(s) dict_keys(['example_bash_operator']) retrieved from /home/airflow/.local/lib/python3.7/site-packages/airflow/example_dags/example_bash_operator.py
[2025-10-05T17:33:47.586+0000] {logging_mixin.py:137} INFO - [2025-10-05T17:33:47.585+0000] {dag.py:2690} INFO - Sync 1 DAGs
[2025-10-05T17:33:47.631+0000] {logging_mixin.py:137} INFO - [2025-10-05T17:33:47.631+0000] {dag.py:3441} INFO - Setting next_dagrun for example_bash_operator to 2025-10-04T00:00:00+00:00, run_after=2025-10-05T00:00:00+00:00
[2025-10-05T17:33:47.662+0000] {processor.py:175} INFO - Processing /home/airflow/.local/lib/python3.7/site-packages/airflow/example_dags/example_bash_operator.py took 0.178 seconds
[2025-10-05T17:34:17.739+0000] {processor.py:153} INFO - Started process (PID=2966) to work on /home/airflow/.local/lib/python3.7/site-packages/airflow/example_dags/example_bash_operator.py
[2025-10-05T17:34:17.741+0000] {processor.py:743} INFO - Processing file /home/airflow/.local/lib/python3.7/site-packages/airflow/example_dags/example_bash_operator.py for tasks to queue
[2025-10-05T17:34:17.742+0000] {logging_mixin.py:137} INFO - [2025-10-05T17:34:17.741+0000] {dagbag.py:538} INFO - Filling up the DagBag from /home/airflow/.local/lib/python3.7/site-packages/airflow/example_dags/example_bash_operator.py
[2025-10-05T17:34:17.766+0000] {processor.py:753} INFO - DAG(s) dict_keys(['example_bash_operator']) retrieved from /home/airflow/.local/lib/python3.7/site-packages/airflow/example_dags/example_bash_operator.py
[2025-10-05T17:34:17.810+0000] {logging_mixin.py:137} INFO - [2025-10-05T17:34:17.810+0000] {dag.py:2690} INFO - Sync 1 DAGs
[2025-10-05T17:34:17.836+0000] {logging_mixin.py:137} INFO - [2025-10-05T17:34:17.836+0000] {dag.py:3441} INFO - Setting next_dagrun for example_bash_operator to 2025-10-04T00:00:00+00:00, run_after=2025-10-05T00:00:00+00:00
[2025-10-05T17:34:17.859+0000] {processor.py:175} INFO - Processing /home/airflow/.local/lib/python3.7/site-packages/airflow/example_dags/example_bash_operator.py took 0.124 seconds
[2025-10-05T17:34:48.509+0000] {processor.py:153} INFO - Started process (PID=3055) to work on /home/airflow/.local/lib/python3.7/site-packages/airflow/example_dags/example_bash_operator.py
[2025-10-05T17:34:48.511+0000] {processor.py:743} INFO - Processing file /home/airflow/.local/lib/python3.7/site-packages/airflow/example_dags/example_bash_operator.py for tasks to queue
[2025-10-05T17:34:48.513+0000] {logging_mixin.py:137} INFO - [2025-10-05T17:34:48.513+0000] {dagbag.py:538} INFO - Filling up the DagBag from /home/airflow/.local/lib/python3.7/site-packages/airflow/example_dags/example_bash_operator.py
[2025-10-05T17:34:48.546+0000] {processor.py:753} INFO - DAG(s) dict_keys(['example_bash_operator']) retrieved from /home/airflow/.local/lib/python3.7/site-packages/airflow/example_dags/example_bash_operator.py
[2025-10-05T17:34:48.617+0000] {logging_mixin.py:137} INFO - [2025-10-05T17:34:48.617+0000] {dag.py:2690} INFO - Sync 1 DAGs
[2025-10-05T17:34:48.660+0000] {logging_mixin.py:137} INFO - [2025-10-05T17:34:48.660+0000] {dag.py:3441} INFO - Setting next_dagrun for example_bash_operator to 2025-10-04T00:00:00+00:00, run_after=2025-10-05T00:00:00+00:00
[2025-10-05T17:34:48.699+0000] {processor.py:175} INFO - Processing /home/airflow/.local/lib/python3.7/site-packages/airflow/example_dags/example_bash_operator.py took 0.196 seconds
[2025-10-05T17:35:19.028+0000] {processor.py:153} INFO - Started process (PID=3168) to work on /home/airflow/.local/lib/python3.7/site-packages/airflow/example_dags/example_bash_operator.py
[2025-10-05T17:35:19.031+0000] {processor.py:743} INFO - Processing file /home/airflow/.local/lib/python3.7/site-packages/airflow/example_dags/example_bash_operator.py for tasks to queue
[2025-10-05T17:35:19.032+0000] {logging_mixin.py:137} INFO - [2025-10-05T17:35:19.032+0000] {dagbag.py:538} INFO - Filling up the DagBag from /home/airflow/.local/lib/python3.7/site-packages/airflow/example_dags/example_bash_operator.py
[2025-10-05T17:35:19.077+0000] {processor.py:753} INFO - DAG(s) dict_keys(['example_bash_operator']) retrieved from /home/airflow/.local/lib/python3.7/site-packages/airflow/example_dags/example_bash_operator.py
[2025-10-05T17:35:19.130+0000] {logging_mixin.py:137} INFO - [2025-10-05T17:35:19.130+0000] {dag.py:2690} INFO - Sync 1 DAGs
[2025-10-05T17:35:19.165+0000] {logging_mixin.py:137} INFO - [2025-10-05T17:35:19.165+0000] {dag.py:3441} INFO - Setting next_dagrun for example_bash_operator to 2025-10-04T00:00:00+00:00, run_after=2025-10-05T00:00:00+00:00
[2025-10-05T17:35:19.195+0000] {processor.py:175} INFO - Processing /home/airflow/.local/lib/python3.7/site-packages/airflow/example_dags/example_bash_operator.py took 0.175 seconds
[2025-10-05T17:35:49.565+0000] {processor.py:153} INFO - Started process (PID=3257) to work on /home/airflow/.local/lib/python3.7/site-packages/airflow/example_dags/example_bash_operator.py
[2025-10-05T17:35:49.567+0000] {processor.py:743} INFO - Processing file /home/airflow/.local/lib/python3.7/site-packages/airflow/example_dags/example_bash_operator.py for tasks to queue
[2025-10-05T17:35:49.568+0000] {logging_mixin.py:137} INFO - [2025-10-05T17:35:49.568+0000] {dagbag.py:538} INFO - Filling up the DagBag from /home/airflow/.local/lib/python3.7/site-packages/airflow/example_dags/example_bash_operator.py
[2025-10-05T17:35:49.599+0000] {processor.py:753} INFO - DAG(s) dict_keys(['example_bash_operator']) retrieved from /home/airflow/.local/lib/python3.7/site-packages/airflow/example_dags/example_bash_operator.py
[2025-10-05T17:35:49.651+0000] {logging_mixin.py:137} INFO - [2025-10-05T17:35:49.651+0000] {dag.py:2690} INFO - Sync 1 DAGs
[2025-10-05T17:35:49.690+0000] {logging_mixin.py:137} INFO - [2025-10-05T17:35:49.690+0000] {dag.py:3441} INFO - Setting next_dagrun for example_bash_operator to 2025-10-04T00:00:00+00:00, run_after=2025-10-05T00:00:00+00:00
[2025-10-05T17:35:49.719+0000] {processor.py:175} INFO - Processing /home/airflow/.local/lib/python3.7/site-packages/airflow/example_dags/example_bash_operator.py took 0.159 seconds
[2025-10-05T17:36:20.331+0000] {processor.py:153} INFO - Started process (PID=3346) to work on /home/airflow/.local/lib/python3.7/site-packages/airflow/example_dags/example_bash_operator.py
[2025-10-05T17:36:20.332+0000] {processor.py:743} INFO - Processing file /home/airflow/.local/lib/python3.7/site-packages/airflow/example_dags/example_bash_operator.py for tasks to queue
[2025-10-05T17:36:20.334+0000] {logging_mixin.py:137} INFO - [2025-10-05T17:36:20.333+0000] {dagbag.py:538} INFO - Filling up the DagBag from /home/airflow/.local/lib/python3.7/site-packages/airflow/example_dags/example_bash_operator.py
[2025-10-05T17:36:20.360+0000] {processor.py:753} INFO - DAG(s) dict_keys(['example_bash_operator']) retrieved from /home/airflow/.local/lib/python3.7/site-packages/airflow/example_dags/example_bash_operator.py
[2025-10-05T17:36:20.408+0000] {logging_mixin.py:137} INFO - [2025-10-05T17:36:20.407+0000] {dag.py:2690} INFO - Sync 1 DAGs
[2025-10-05T17:36:20.438+0000] {logging_mixin.py:137} INFO - [2025-10-05T17:36:20.438+0000] {dag.py:3441} INFO - Setting next_dagrun for example_bash_operator to 2025-10-04T00:00:00+00:00, run_after=2025-10-05T00:00:00+00:00
[2025-10-05T17:36:20.465+0000] {processor.py:175} INFO - Processing /home/airflow/.local/lib/python3.7/site-packages/airflow/example_dags/example_bash_operator.py took 0.138 seconds
[2025-10-05T17:36:51.281+0000] {processor.py:153} INFO - Started process (PID=3460) to work on /home/airflow/.local/lib/python3.7/site-packages/airflow/example_dags/example_bash_operator.py
[2025-10-05T17:36:51.282+0000] {processor.py:743} INFO - Processing file /home/airflow/.local/lib/python3.7/site-packages/airflow/example_dags/example_bash_operator.py for tasks to queue
[2025-10-05T17:36:51.283+0000] {logging_mixin.py:137} INFO - [2025-10-05T17:36:51.283+0000] {dagbag.py:538} INFO - Filling up the DagBag from /home/airflow/.local/lib/python3.7/site-packages/airflow/example_dags/example_bash_operator.py
[2025-10-05T17:36:51.311+0000] {processor.py:753} INFO - DAG(s) dict_keys(['example_bash_operator']) retrieved from /home/airflow/.local/lib/python3.7/site-packages/airflow/example_dags/example_bash_operator.py
[2025-10-05T17:36:51.354+0000] {logging_mixin.py:137} INFO - [2025-10-05T17:36:51.354+0000] {dag.py:2690} INFO - Sync 1 DAGs
[2025-10-05T17:36:51.383+0000] {logging_mixin.py:137} INFO - [2025-10-05T17:36:51.383+0000] {dag.py:3441} INFO - Setting next_dagrun for example_bash_operator to 2025-10-04T00:00:00+00:00, run_after=2025-10-05T00:00:00+00:00
[2025-10-05T17:36:51.409+0000] {processor.py:175} INFO - Processing /home/airflow/.local/lib/python3.7/site-packages/airflow/example_dags/example_bash_operator.py took 0.132 seconds
