[2025-10-05T17:19:28.223+0000] {processor.py:153} INFO - Started process (PID=105) to work on /home/airflow/.local/lib/python3.7/site-packages/airflow/example_dags/example_branch_python_dop_operator_3.py
[2025-10-05T17:19:28.225+0000] {processor.py:743} INFO - Processing file /home/airflow/.local/lib/python3.7/site-packages/airflow/example_dags/example_branch_python_dop_operator_3.py for tasks to queue
[2025-10-05T17:19:28.226+0000] {logging_mixin.py:137} INFO - [2025-10-05T17:19:28.226+0000] {dagbag.py:538} INFO - Filling up the DagBag from /home/airflow/.local/lib/python3.7/site-packages/airflow/example_dags/example_branch_python_dop_operator_3.py
[2025-10-05T17:19:28.260+0000] {processor.py:753} INFO - DAG(s) dict_keys(['example_branch_dop_operator_v3']) retrieved from /home/airflow/.local/lib/python3.7/site-packages/airflow/example_dags/example_branch_python_dop_operator_3.py
[2025-10-05T17:19:28.290+0000] {logging_mixin.py:137} INFO - [2025-10-05T17:19:28.290+0000] {dag.py:2690} INFO - Sync 1 DAGs
[2025-10-05T17:19:28.323+0000] {logging_mixin.py:137} INFO - [2025-10-05T17:19:28.323+0000] {dag.py:3441} INFO - Setting next_dagrun for example_branch_dop_operator_v3 to 2025-10-05T17:18:00+00:00, run_after=2025-10-05T17:19:00+00:00
[2025-10-05T17:19:28.352+0000] {processor.py:175} INFO - Processing /home/airflow/.local/lib/python3.7/site-packages/airflow/example_dags/example_branch_python_dop_operator_3.py took 0.133 seconds
[2025-10-05T17:19:58.666+0000] {processor.py:153} INFO - Started process (PID=201) to work on /home/airflow/.local/lib/python3.7/site-packages/airflow/example_dags/example_branch_python_dop_operator_3.py
[2025-10-05T17:19:58.668+0000] {processor.py:743} INFO - Processing file /home/airflow/.local/lib/python3.7/site-packages/airflow/example_dags/example_branch_python_dop_operator_3.py for tasks to queue
[2025-10-05T17:19:58.669+0000] {logging_mixin.py:137} INFO - [2025-10-05T17:19:58.669+0000] {dagbag.py:538} INFO - Filling up the DagBag from /home/airflow/.local/lib/python3.7/site-packages/airflow/example_dags/example_branch_python_dop_operator_3.py
[2025-10-05T17:19:58.701+0000] {processor.py:753} INFO - DAG(s) dict_keys(['example_branch_dop_operator_v3']) retrieved from /home/airflow/.local/lib/python3.7/site-packages/airflow/example_dags/example_branch_python_dop_operator_3.py
[2025-10-05T17:19:58.738+0000] {logging_mixin.py:137} INFO - [2025-10-05T17:19:58.738+0000] {dag.py:2690} INFO - Sync 1 DAGs
[2025-10-05T17:19:58.776+0000] {logging_mixin.py:137} INFO - [2025-10-05T17:19:58.776+0000] {dag.py:3441} INFO - Setting next_dagrun for example_branch_dop_operator_v3 to 2025-10-05T17:18:00+00:00, run_after=2025-10-05T17:19:00+00:00
[2025-10-05T17:19:58.806+0000] {processor.py:175} INFO - Processing /home/airflow/.local/lib/python3.7/site-packages/airflow/example_dags/example_branch_python_dop_operator_3.py took 0.145 seconds
[2025-10-05T17:20:29.282+0000] {processor.py:153} INFO - Started process (PID=307) to work on /home/airflow/.local/lib/python3.7/site-packages/airflow/example_dags/example_branch_python_dop_operator_3.py
[2025-10-05T17:20:29.284+0000] {processor.py:743} INFO - Processing file /home/airflow/.local/lib/python3.7/site-packages/airflow/example_dags/example_branch_python_dop_operator_3.py for tasks to queue
[2025-10-05T17:20:29.285+0000] {logging_mixin.py:137} INFO - [2025-10-05T17:20:29.285+0000] {dagbag.py:538} INFO - Filling up the DagBag from /home/airflow/.local/lib/python3.7/site-packages/airflow/example_dags/example_branch_python_dop_operator_3.py
[2025-10-05T17:20:29.315+0000] {processor.py:753} INFO - DAG(s) dict_keys(['example_branch_dop_operator_v3']) retrieved from /home/airflow/.local/lib/python3.7/site-packages/airflow/example_dags/example_branch_python_dop_operator_3.py
[2025-10-05T17:20:29.347+0000] {logging_mixin.py:137} INFO - [2025-10-05T17:20:29.347+0000] {dag.py:2690} INFO - Sync 1 DAGs
[2025-10-05T17:20:29.382+0000] {logging_mixin.py:137} INFO - [2025-10-05T17:20:29.382+0000] {dag.py:3441} INFO - Setting next_dagrun for example_branch_dop_operator_v3 to 2025-10-05T17:19:00+00:00, run_after=2025-10-05T17:20:00+00:00
[2025-10-05T17:20:29.409+0000] {processor.py:175} INFO - Processing /home/airflow/.local/lib/python3.7/site-packages/airflow/example_dags/example_branch_python_dop_operator_3.py took 0.130 seconds
[2025-10-05T17:21:00.284+0000] {processor.py:153} INFO - Started process (PID=396) to work on /home/airflow/.local/lib/python3.7/site-packages/airflow/example_dags/example_branch_python_dop_operator_3.py
[2025-10-05T17:21:00.285+0000] {processor.py:743} INFO - Processing file /home/airflow/.local/lib/python3.7/site-packages/airflow/example_dags/example_branch_python_dop_operator_3.py for tasks to queue
[2025-10-05T17:21:00.286+0000] {logging_mixin.py:137} INFO - [2025-10-05T17:21:00.286+0000] {dagbag.py:538} INFO - Filling up the DagBag from /home/airflow/.local/lib/python3.7/site-packages/airflow/example_dags/example_branch_python_dop_operator_3.py
[2025-10-05T17:21:00.313+0000] {processor.py:753} INFO - DAG(s) dict_keys(['example_branch_dop_operator_v3']) retrieved from /home/airflow/.local/lib/python3.7/site-packages/airflow/example_dags/example_branch_python_dop_operator_3.py
[2025-10-05T17:21:00.345+0000] {logging_mixin.py:137} INFO - [2025-10-05T17:21:00.345+0000] {dag.py:2690} INFO - Sync 1 DAGs
[2025-10-05T17:21:00.379+0000] {logging_mixin.py:137} INFO - [2025-10-05T17:21:00.379+0000] {dag.py:3441} INFO - Setting next_dagrun for example_branch_dop_operator_v3 to 2025-10-05T17:20:00+00:00, run_after=2025-10-05T17:21:00+00:00
[2025-10-05T17:21:00.405+0000] {processor.py:175} INFO - Processing /home/airflow/.local/lib/python3.7/site-packages/airflow/example_dags/example_branch_python_dop_operator_3.py took 0.125 seconds
[2025-10-05T17:21:31.755+0000] {processor.py:153} INFO - Started process (PID=509) to work on /home/airflow/.local/lib/python3.7/site-packages/airflow/example_dags/example_branch_python_dop_operator_3.py
[2025-10-05T17:21:31.757+0000] {processor.py:743} INFO - Processing file /home/airflow/.local/lib/python3.7/site-packages/airflow/example_dags/example_branch_python_dop_operator_3.py for tasks to queue
[2025-10-05T17:21:31.758+0000] {logging_mixin.py:137} INFO - [2025-10-05T17:21:31.758+0000] {dagbag.py:538} INFO - Filling up the DagBag from /home/airflow/.local/lib/python3.7/site-packages/airflow/example_dags/example_branch_python_dop_operator_3.py
[2025-10-05T17:21:31.786+0000] {processor.py:753} INFO - DAG(s) dict_keys(['example_branch_dop_operator_v3']) retrieved from /home/airflow/.local/lib/python3.7/site-packages/airflow/example_dags/example_branch_python_dop_operator_3.py
[2025-10-05T17:21:31.817+0000] {logging_mixin.py:137} INFO - [2025-10-05T17:21:31.817+0000] {dag.py:2690} INFO - Sync 1 DAGs
[2025-10-05T17:21:31.848+0000] {logging_mixin.py:137} INFO - [2025-10-05T17:21:31.848+0000] {dag.py:3441} INFO - Setting next_dagrun for example_branch_dop_operator_v3 to 2025-10-05T17:20:00+00:00, run_after=2025-10-05T17:21:00+00:00
[2025-10-05T17:21:31.873+0000] {processor.py:175} INFO - Processing /home/airflow/.local/lib/python3.7/site-packages/airflow/example_dags/example_branch_python_dop_operator_3.py took 0.122 seconds
[2025-10-05T17:22:02.024+0000] {processor.py:153} INFO - Started process (PID=598) to work on /home/airflow/.local/lib/python3.7/site-packages/airflow/example_dags/example_branch_python_dop_operator_3.py
[2025-10-05T17:22:02.025+0000] {processor.py:743} INFO - Processing file /home/airflow/.local/lib/python3.7/site-packages/airflow/example_dags/example_branch_python_dop_operator_3.py for tasks to queue
[2025-10-05T17:22:02.026+0000] {logging_mixin.py:137} INFO - [2025-10-05T17:22:02.026+0000] {dagbag.py:538} INFO - Filling up the DagBag from /home/airflow/.local/lib/python3.7/site-packages/airflow/example_dags/example_branch_python_dop_operator_3.py
[2025-10-05T17:22:02.052+0000] {processor.py:753} INFO - DAG(s) dict_keys(['example_branch_dop_operator_v3']) retrieved from /home/airflow/.local/lib/python3.7/site-packages/airflow/example_dags/example_branch_python_dop_operator_3.py
[2025-10-05T17:22:02.085+0000] {logging_mixin.py:137} INFO - [2025-10-05T17:22:02.085+0000] {dag.py:2690} INFO - Sync 1 DAGs
[2025-10-05T17:22:02.117+0000] {logging_mixin.py:137} INFO - [2025-10-05T17:22:02.117+0000] {dag.py:3441} INFO - Setting next_dagrun for example_branch_dop_operator_v3 to 2025-10-05T17:21:00+00:00, run_after=2025-10-05T17:22:00+00:00
[2025-10-05T17:22:02.141+0000] {processor.py:175} INFO - Processing /home/airflow/.local/lib/python3.7/site-packages/airflow/example_dags/example_branch_python_dop_operator_3.py took 0.122 seconds
[2025-10-05T17:22:32.489+0000] {processor.py:153} INFO - Started process (PID=694) to work on /home/airflow/.local/lib/python3.7/site-packages/airflow/example_dags/example_branch_python_dop_operator_3.py
[2025-10-05T17:22:32.491+0000] {processor.py:743} INFO - Processing file /home/airflow/.local/lib/python3.7/site-packages/airflow/example_dags/example_branch_python_dop_operator_3.py for tasks to queue
[2025-10-05T17:22:32.492+0000] {logging_mixin.py:137} INFO - [2025-10-05T17:22:32.492+0000] {dagbag.py:538} INFO - Filling up the DagBag from /home/airflow/.local/lib/python3.7/site-packages/airflow/example_dags/example_branch_python_dop_operator_3.py
[2025-10-05T17:22:32.525+0000] {processor.py:753} INFO - DAG(s) dict_keys(['example_branch_dop_operator_v3']) retrieved from /home/airflow/.local/lib/python3.7/site-packages/airflow/example_dags/example_branch_python_dop_operator_3.py
[2025-10-05T17:22:32.558+0000] {logging_mixin.py:137} INFO - [2025-10-05T17:22:32.558+0000] {dag.py:2690} INFO - Sync 1 DAGs
[2025-10-05T17:22:32.591+0000] {logging_mixin.py:137} INFO - [2025-10-05T17:22:32.591+0000] {dag.py:3441} INFO - Setting next_dagrun for example_branch_dop_operator_v3 to 2025-10-05T17:21:00+00:00, run_after=2025-10-05T17:22:00+00:00
[2025-10-05T17:22:32.619+0000] {processor.py:175} INFO - Processing /home/airflow/.local/lib/python3.7/site-packages/airflow/example_dags/example_branch_python_dop_operator_3.py took 0.134 seconds
[2025-10-05T17:23:03.039+0000] {processor.py:153} INFO - Started process (PID=800) to work on /home/airflow/.local/lib/python3.7/site-packages/airflow/example_dags/example_branch_python_dop_operator_3.py
[2025-10-05T17:23:03.040+0000] {processor.py:743} INFO - Processing file /home/airflow/.local/lib/python3.7/site-packages/airflow/example_dags/example_branch_python_dop_operator_3.py for tasks to queue
[2025-10-05T17:23:03.041+0000] {logging_mixin.py:137} INFO - [2025-10-05T17:23:03.041+0000] {dagbag.py:538} INFO - Filling up the DagBag from /home/airflow/.local/lib/python3.7/site-packages/airflow/example_dags/example_branch_python_dop_operator_3.py
[2025-10-05T17:23:03.070+0000] {processor.py:753} INFO - DAG(s) dict_keys(['example_branch_dop_operator_v3']) retrieved from /home/airflow/.local/lib/python3.7/site-packages/airflow/example_dags/example_branch_python_dop_operator_3.py
[2025-10-05T17:23:03.102+0000] {logging_mixin.py:137} INFO - [2025-10-05T17:23:03.102+0000] {dag.py:2690} INFO - Sync 1 DAGs
[2025-10-05T17:23:03.135+0000] {logging_mixin.py:137} INFO - [2025-10-05T17:23:03.135+0000] {dag.py:3441} INFO - Setting next_dagrun for example_branch_dop_operator_v3 to 2025-10-05T17:22:00+00:00, run_after=2025-10-05T17:23:00+00:00
[2025-10-05T17:23:03.160+0000] {processor.py:175} INFO - Processing /home/airflow/.local/lib/python3.7/site-packages/airflow/example_dags/example_branch_python_dop_operator_3.py took 0.126 seconds
[2025-10-05T17:23:33.880+0000] {processor.py:153} INFO - Started process (PID=890) to work on /home/airflow/.local/lib/python3.7/site-packages/airflow/example_dags/example_branch_python_dop_operator_3.py
[2025-10-05T17:23:33.881+0000] {processor.py:743} INFO - Processing file /home/airflow/.local/lib/python3.7/site-packages/airflow/example_dags/example_branch_python_dop_operator_3.py for tasks to queue
[2025-10-05T17:23:33.882+0000] {logging_mixin.py:137} INFO - [2025-10-05T17:23:33.882+0000] {dagbag.py:538} INFO - Filling up the DagBag from /home/airflow/.local/lib/python3.7/site-packages/airflow/example_dags/example_branch_python_dop_operator_3.py
[2025-10-05T17:23:33.907+0000] {processor.py:753} INFO - DAG(s) dict_keys(['example_branch_dop_operator_v3']) retrieved from /home/airflow/.local/lib/python3.7/site-packages/airflow/example_dags/example_branch_python_dop_operator_3.py
[2025-10-05T17:23:33.938+0000] {logging_mixin.py:137} INFO - [2025-10-05T17:23:33.938+0000] {dag.py:2690} INFO - Sync 1 DAGs
[2025-10-05T17:23:33.970+0000] {logging_mixin.py:137} INFO - [2025-10-05T17:23:33.970+0000] {dag.py:3441} INFO - Setting next_dagrun for example_branch_dop_operator_v3 to 2025-10-05T17:22:00+00:00, run_after=2025-10-05T17:23:00+00:00
[2025-10-05T17:23:33.998+0000] {processor.py:175} INFO - Processing /home/airflow/.local/lib/python3.7/site-packages/airflow/example_dags/example_branch_python_dop_operator_3.py took 0.122 seconds
[2025-10-05T17:24:04.699+0000] {processor.py:153} INFO - Started process (PID=1003) to work on /home/airflow/.local/lib/python3.7/site-packages/airflow/example_dags/example_branch_python_dop_operator_3.py
[2025-10-05T17:24:04.701+0000] {processor.py:743} INFO - Processing file /home/airflow/.local/lib/python3.7/site-packages/airflow/example_dags/example_branch_python_dop_operator_3.py for tasks to queue
[2025-10-05T17:24:04.702+0000] {logging_mixin.py:137} INFO - [2025-10-05T17:24:04.702+0000] {dagbag.py:538} INFO - Filling up the DagBag from /home/airflow/.local/lib/python3.7/site-packages/airflow/example_dags/example_branch_python_dop_operator_3.py
[2025-10-05T17:24:04.727+0000] {processor.py:753} INFO - DAG(s) dict_keys(['example_branch_dop_operator_v3']) retrieved from /home/airflow/.local/lib/python3.7/site-packages/airflow/example_dags/example_branch_python_dop_operator_3.py
[2025-10-05T17:24:04.767+0000] {logging_mixin.py:137} INFO - [2025-10-05T17:24:04.766+0000] {dag.py:2690} INFO - Sync 1 DAGs
[2025-10-05T17:24:04.805+0000] {logging_mixin.py:137} INFO - [2025-10-05T17:24:04.805+0000] {dag.py:3441} INFO - Setting next_dagrun for example_branch_dop_operator_v3 to 2025-10-05T17:23:00+00:00, run_after=2025-10-05T17:24:00+00:00
[2025-10-05T17:24:04.840+0000] {processor.py:175} INFO - Processing /home/airflow/.local/lib/python3.7/site-packages/airflow/example_dags/example_branch_python_dop_operator_3.py took 0.145 seconds
[2025-10-05T17:24:35.016+0000] {processor.py:153} INFO - Started process (PID=1092) to work on /home/airflow/.local/lib/python3.7/site-packages/airflow/example_dags/example_branch_python_dop_operator_3.py
[2025-10-05T17:24:35.017+0000] {processor.py:743} INFO - Processing file /home/airflow/.local/lib/python3.7/site-packages/airflow/example_dags/example_branch_python_dop_operator_3.py for tasks to queue
[2025-10-05T17:24:35.018+0000] {logging_mixin.py:137} INFO - [2025-10-05T17:24:35.018+0000] {dagbag.py:538} INFO - Filling up the DagBag from /home/airflow/.local/lib/python3.7/site-packages/airflow/example_dags/example_branch_python_dop_operator_3.py
[2025-10-05T17:24:35.042+0000] {processor.py:753} INFO - DAG(s) dict_keys(['example_branch_dop_operator_v3']) retrieved from /home/airflow/.local/lib/python3.7/site-packages/airflow/example_dags/example_branch_python_dop_operator_3.py
[2025-10-05T17:24:35.073+0000] {logging_mixin.py:137} INFO - [2025-10-05T17:24:35.073+0000] {dag.py:2690} INFO - Sync 1 DAGs
[2025-10-05T17:24:35.104+0000] {logging_mixin.py:137} INFO - [2025-10-05T17:24:35.104+0000] {dag.py:3441} INFO - Setting next_dagrun for example_branch_dop_operator_v3 to 2025-10-05T17:23:00+00:00, run_after=2025-10-05T17:24:00+00:00
[2025-10-05T17:24:35.130+0000] {processor.py:175} INFO - Processing /home/airflow/.local/lib/python3.7/site-packages/airflow/example_dags/example_branch_python_dop_operator_3.py took 0.118 seconds
[2025-10-05T17:25:06.037+0000] {processor.py:153} INFO - Started process (PID=1205) to work on /home/airflow/.local/lib/python3.7/site-packages/airflow/example_dags/example_branch_python_dop_operator_3.py
[2025-10-05T17:25:06.038+0000] {processor.py:743} INFO - Processing file /home/airflow/.local/lib/python3.7/site-packages/airflow/example_dags/example_branch_python_dop_operator_3.py for tasks to queue
[2025-10-05T17:25:06.039+0000] {logging_mixin.py:137} INFO - [2025-10-05T17:25:06.039+0000] {dagbag.py:538} INFO - Filling up the DagBag from /home/airflow/.local/lib/python3.7/site-packages/airflow/example_dags/example_branch_python_dop_operator_3.py
[2025-10-05T17:25:06.072+0000] {processor.py:753} INFO - DAG(s) dict_keys(['example_branch_dop_operator_v3']) retrieved from /home/airflow/.local/lib/python3.7/site-packages/airflow/example_dags/example_branch_python_dop_operator_3.py
[2025-10-05T17:25:06.110+0000] {logging_mixin.py:137} INFO - [2025-10-05T17:25:06.110+0000] {dag.py:2690} INFO - Sync 1 DAGs
[2025-10-05T17:25:06.144+0000] {logging_mixin.py:137} INFO - [2025-10-05T17:25:06.144+0000] {dag.py:3441} INFO - Setting next_dagrun for example_branch_dop_operator_v3 to 2025-10-05T17:24:00+00:00, run_after=2025-10-05T17:25:00+00:00
[2025-10-05T17:25:06.169+0000] {processor.py:175} INFO - Processing /home/airflow/.local/lib/python3.7/site-packages/airflow/example_dags/example_branch_python_dop_operator_3.py took 0.138 seconds
[2025-10-05T17:25:36.893+0000] {processor.py:153} INFO - Started process (PID=1294) to work on /home/airflow/.local/lib/python3.7/site-packages/airflow/example_dags/example_branch_python_dop_operator_3.py
[2025-10-05T17:25:36.895+0000] {processor.py:743} INFO - Processing file /home/airflow/.local/lib/python3.7/site-packages/airflow/example_dags/example_branch_python_dop_operator_3.py for tasks to queue
[2025-10-05T17:25:36.896+0000] {logging_mixin.py:137} INFO - [2025-10-05T17:25:36.896+0000] {dagbag.py:538} INFO - Filling up the DagBag from /home/airflow/.local/lib/python3.7/site-packages/airflow/example_dags/example_branch_python_dop_operator_3.py
[2025-10-05T17:25:36.921+0000] {processor.py:753} INFO - DAG(s) dict_keys(['example_branch_dop_operator_v3']) retrieved from /home/airflow/.local/lib/python3.7/site-packages/airflow/example_dags/example_branch_python_dop_operator_3.py
[2025-10-05T17:25:36.952+0000] {logging_mixin.py:137} INFO - [2025-10-05T17:25:36.951+0000] {dag.py:2690} INFO - Sync 1 DAGs
[2025-10-05T17:25:36.982+0000] {logging_mixin.py:137} INFO - [2025-10-05T17:25:36.982+0000] {dag.py:3441} INFO - Setting next_dagrun for example_branch_dop_operator_v3 to 2025-10-05T17:24:00+00:00, run_after=2025-10-05T17:25:00+00:00
[2025-10-05T17:25:37.005+0000] {processor.py:175} INFO - Processing /home/airflow/.local/lib/python3.7/site-packages/airflow/example_dags/example_branch_python_dop_operator_3.py took 0.116 seconds
[2025-10-05T17:26:07.836+0000] {processor.py:153} INFO - Started process (PID=1390) to work on /home/airflow/.local/lib/python3.7/site-packages/airflow/example_dags/example_branch_python_dop_operator_3.py
[2025-10-05T17:26:07.838+0000] {processor.py:743} INFO - Processing file /home/airflow/.local/lib/python3.7/site-packages/airflow/example_dags/example_branch_python_dop_operator_3.py for tasks to queue
[2025-10-05T17:26:07.839+0000] {logging_mixin.py:137} INFO - [2025-10-05T17:26:07.839+0000] {dagbag.py:538} INFO - Filling up the DagBag from /home/airflow/.local/lib/python3.7/site-packages/airflow/example_dags/example_branch_python_dop_operator_3.py
[2025-10-05T17:26:07.876+0000] {processor.py:753} INFO - DAG(s) dict_keys(['example_branch_dop_operator_v3']) retrieved from /home/airflow/.local/lib/python3.7/site-packages/airflow/example_dags/example_branch_python_dop_operator_3.py
[2025-10-05T17:26:07.911+0000] {logging_mixin.py:137} INFO - [2025-10-05T17:26:07.911+0000] {dag.py:2690} INFO - Sync 1 DAGs
[2025-10-05T17:26:07.947+0000] {logging_mixin.py:137} INFO - [2025-10-05T17:26:07.947+0000] {dag.py:3441} INFO - Setting next_dagrun for example_branch_dop_operator_v3 to 2025-10-05T17:25:00+00:00, run_after=2025-10-05T17:26:00+00:00
[2025-10-05T17:26:07.977+0000] {processor.py:175} INFO - Processing /home/airflow/.local/lib/python3.7/site-packages/airflow/example_dags/example_branch_python_dop_operator_3.py took 0.148 seconds
[2025-10-05T17:26:38.763+0000] {processor.py:153} INFO - Started process (PID=1496) to work on /home/airflow/.local/lib/python3.7/site-packages/airflow/example_dags/example_branch_python_dop_operator_3.py
[2025-10-05T17:26:38.766+0000] {processor.py:743} INFO - Processing file /home/airflow/.local/lib/python3.7/site-packages/airflow/example_dags/example_branch_python_dop_operator_3.py for tasks to queue
[2025-10-05T17:26:38.767+0000] {logging_mixin.py:137} INFO - [2025-10-05T17:26:38.767+0000] {dagbag.py:538} INFO - Filling up the DagBag from /home/airflow/.local/lib/python3.7/site-packages/airflow/example_dags/example_branch_python_dop_operator_3.py
[2025-10-05T17:26:38.794+0000] {processor.py:753} INFO - DAG(s) dict_keys(['example_branch_dop_operator_v3']) retrieved from /home/airflow/.local/lib/python3.7/site-packages/airflow/example_dags/example_branch_python_dop_operator_3.py
[2025-10-05T17:26:38.829+0000] {logging_mixin.py:137} INFO - [2025-10-05T17:26:38.829+0000] {dag.py:2690} INFO - Sync 1 DAGs
[2025-10-05T17:26:38.865+0000] {logging_mixin.py:137} INFO - [2025-10-05T17:26:38.864+0000] {dag.py:3441} INFO - Setting next_dagrun for example_branch_dop_operator_v3 to 2025-10-05T17:25:00+00:00, run_after=2025-10-05T17:26:00+00:00
[2025-10-05T17:26:38.895+0000] {processor.py:175} INFO - Processing /home/airflow/.local/lib/python3.7/site-packages/airflow/example_dags/example_branch_python_dop_operator_3.py took 0.136 seconds
[2025-10-05T17:27:09.749+0000] {processor.py:153} INFO - Started process (PID=1585) to work on /home/airflow/.local/lib/python3.7/site-packages/airflow/example_dags/example_branch_python_dop_operator_3.py
[2025-10-05T17:27:09.751+0000] {processor.py:743} INFO - Processing file /home/airflow/.local/lib/python3.7/site-packages/airflow/example_dags/example_branch_python_dop_operator_3.py for tasks to queue
[2025-10-05T17:27:09.752+0000] {logging_mixin.py:137} INFO - [2025-10-05T17:27:09.752+0000] {dagbag.py:538} INFO - Filling up the DagBag from /home/airflow/.local/lib/python3.7/site-packages/airflow/example_dags/example_branch_python_dop_operator_3.py
[2025-10-05T17:27:09.780+0000] {processor.py:753} INFO - DAG(s) dict_keys(['example_branch_dop_operator_v3']) retrieved from /home/airflow/.local/lib/python3.7/site-packages/airflow/example_dags/example_branch_python_dop_operator_3.py
[2025-10-05T17:27:09.816+0000] {logging_mixin.py:137} INFO - [2025-10-05T17:27:09.816+0000] {dag.py:2690} INFO - Sync 1 DAGs
[2025-10-05T17:27:09.853+0000] {logging_mixin.py:137} INFO - [2025-10-05T17:27:09.853+0000] {dag.py:3441} INFO - Setting next_dagrun for example_branch_dop_operator_v3 to 2025-10-05T17:26:00+00:00, run_after=2025-10-05T17:27:00+00:00
[2025-10-05T17:27:09.881+0000] {processor.py:175} INFO - Processing /home/airflow/.local/lib/python3.7/site-packages/airflow/example_dags/example_branch_python_dop_operator_3.py took 0.137 seconds
[2025-10-05T17:27:40.864+0000] {processor.py:153} INFO - Started process (PID=1698) to work on /home/airflow/.local/lib/python3.7/site-packages/airflow/example_dags/example_branch_python_dop_operator_3.py
[2025-10-05T17:27:40.866+0000] {processor.py:743} INFO - Processing file /home/airflow/.local/lib/python3.7/site-packages/airflow/example_dags/example_branch_python_dop_operator_3.py for tasks to queue
[2025-10-05T17:27:40.867+0000] {logging_mixin.py:137} INFO - [2025-10-05T17:27:40.867+0000] {dagbag.py:538} INFO - Filling up the DagBag from /home/airflow/.local/lib/python3.7/site-packages/airflow/example_dags/example_branch_python_dop_operator_3.py
[2025-10-05T17:27:40.899+0000] {processor.py:753} INFO - DAG(s) dict_keys(['example_branch_dop_operator_v3']) retrieved from /home/airflow/.local/lib/python3.7/site-packages/airflow/example_dags/example_branch_python_dop_operator_3.py
[2025-10-05T17:27:40.937+0000] {logging_mixin.py:137} INFO - [2025-10-05T17:27:40.937+0000] {dag.py:2690} INFO - Sync 1 DAGs
[2025-10-05T17:27:40.979+0000] {logging_mixin.py:137} INFO - [2025-10-05T17:27:40.978+0000] {dag.py:3441} INFO - Setting next_dagrun for example_branch_dop_operator_v3 to 2025-10-05T17:26:00+00:00, run_after=2025-10-05T17:27:00+00:00
[2025-10-05T17:27:41.010+0000] {processor.py:175} INFO - Processing /home/airflow/.local/lib/python3.7/site-packages/airflow/example_dags/example_branch_python_dop_operator_3.py took 0.151 seconds
[2025-10-05T17:28:11.695+0000] {processor.py:153} INFO - Started process (PID=1788) to work on /home/airflow/.local/lib/python3.7/site-packages/airflow/example_dags/example_branch_python_dop_operator_3.py
[2025-10-05T17:28:11.697+0000] {processor.py:743} INFO - Processing file /home/airflow/.local/lib/python3.7/site-packages/airflow/example_dags/example_branch_python_dop_operator_3.py for tasks to queue
[2025-10-05T17:28:11.699+0000] {logging_mixin.py:137} INFO - [2025-10-05T17:28:11.699+0000] {dagbag.py:538} INFO - Filling up the DagBag from /home/airflow/.local/lib/python3.7/site-packages/airflow/example_dags/example_branch_python_dop_operator_3.py
[2025-10-05T17:28:11.730+0000] {processor.py:753} INFO - DAG(s) dict_keys(['example_branch_dop_operator_v3']) retrieved from /home/airflow/.local/lib/python3.7/site-packages/airflow/example_dags/example_branch_python_dop_operator_3.py
[2025-10-05T17:28:11.765+0000] {logging_mixin.py:137} INFO - [2025-10-05T17:28:11.765+0000] {dag.py:2690} INFO - Sync 1 DAGs
[2025-10-05T17:28:11.802+0000] {logging_mixin.py:137} INFO - [2025-10-05T17:28:11.802+0000] {dag.py:3441} INFO - Setting next_dagrun for example_branch_dop_operator_v3 to 2025-10-05T17:27:00+00:00, run_after=2025-10-05T17:28:00+00:00
[2025-10-05T17:28:11.833+0000] {processor.py:175} INFO - Processing /home/airflow/.local/lib/python3.7/site-packages/airflow/example_dags/example_branch_python_dop_operator_3.py took 0.144 seconds
[2025-10-05T17:28:42.747+0000] {processor.py:153} INFO - Started process (PID=1877) to work on /home/airflow/.local/lib/python3.7/site-packages/airflow/example_dags/example_branch_python_dop_operator_3.py
[2025-10-05T17:28:42.748+0000] {processor.py:743} INFO - Processing file /home/airflow/.local/lib/python3.7/site-packages/airflow/example_dags/example_branch_python_dop_operator_3.py for tasks to queue
[2025-10-05T17:28:42.749+0000] {logging_mixin.py:137} INFO - [2025-10-05T17:28:42.749+0000] {dagbag.py:538} INFO - Filling up the DagBag from /home/airflow/.local/lib/python3.7/site-packages/airflow/example_dags/example_branch_python_dop_operator_3.py
[2025-10-05T17:28:42.780+0000] {processor.py:753} INFO - DAG(s) dict_keys(['example_branch_dop_operator_v3']) retrieved from /home/airflow/.local/lib/python3.7/site-packages/airflow/example_dags/example_branch_python_dop_operator_3.py
[2025-10-05T17:28:42.811+0000] {logging_mixin.py:137} INFO - [2025-10-05T17:28:42.810+0000] {dag.py:2690} INFO - Sync 1 DAGs
[2025-10-05T17:28:42.844+0000] {logging_mixin.py:137} INFO - [2025-10-05T17:28:42.843+0000] {dag.py:3441} INFO - Setting next_dagrun for example_branch_dop_operator_v3 to 2025-10-05T17:27:00+00:00, run_after=2025-10-05T17:28:00+00:00
[2025-10-05T17:28:42.872+0000] {processor.py:175} INFO - Processing /home/airflow/.local/lib/python3.7/site-packages/airflow/example_dags/example_branch_python_dop_operator_3.py took 0.130 seconds
[2025-10-05T17:29:13.920+0000] {processor.py:153} INFO - Started process (PID=1990) to work on /home/airflow/.local/lib/python3.7/site-packages/airflow/example_dags/example_branch_python_dop_operator_3.py
[2025-10-05T17:29:13.922+0000] {processor.py:743} INFO - Processing file /home/airflow/.local/lib/python3.7/site-packages/airflow/example_dags/example_branch_python_dop_operator_3.py for tasks to queue
[2025-10-05T17:29:13.923+0000] {logging_mixin.py:137} INFO - [2025-10-05T17:29:13.923+0000] {dagbag.py:538} INFO - Filling up the DagBag from /home/airflow/.local/lib/python3.7/site-packages/airflow/example_dags/example_branch_python_dop_operator_3.py
[2025-10-05T17:29:13.948+0000] {processor.py:753} INFO - DAG(s) dict_keys(['example_branch_dop_operator_v3']) retrieved from /home/airflow/.local/lib/python3.7/site-packages/airflow/example_dags/example_branch_python_dop_operator_3.py
[2025-10-05T17:29:13.979+0000] {logging_mixin.py:137} INFO - [2025-10-05T17:29:13.978+0000] {dag.py:2690} INFO - Sync 1 DAGs
[2025-10-05T17:29:14.008+0000] {logging_mixin.py:137} INFO - [2025-10-05T17:29:14.008+0000] {dag.py:3441} INFO - Setting next_dagrun for example_branch_dop_operator_v3 to 2025-10-05T17:28:00+00:00, run_after=2025-10-05T17:29:00+00:00
[2025-10-05T17:29:14.032+0000] {processor.py:175} INFO - Processing /home/airflow/.local/lib/python3.7/site-packages/airflow/example_dags/example_branch_python_dop_operator_3.py took 0.115 seconds
[2025-10-05T17:29:44.552+0000] {processor.py:153} INFO - Started process (PID=2079) to work on /home/airflow/.local/lib/python3.7/site-packages/airflow/example_dags/example_branch_python_dop_operator_3.py
[2025-10-05T17:29:44.554+0000] {processor.py:743} INFO - Processing file /home/airflow/.local/lib/python3.7/site-packages/airflow/example_dags/example_branch_python_dop_operator_3.py for tasks to queue
[2025-10-05T17:29:44.556+0000] {logging_mixin.py:137} INFO - [2025-10-05T17:29:44.555+0000] {dagbag.py:538} INFO - Filling up the DagBag from /home/airflow/.local/lib/python3.7/site-packages/airflow/example_dags/example_branch_python_dop_operator_3.py
[2025-10-05T17:29:44.582+0000] {processor.py:753} INFO - DAG(s) dict_keys(['example_branch_dop_operator_v3']) retrieved from /home/airflow/.local/lib/python3.7/site-packages/airflow/example_dags/example_branch_python_dop_operator_3.py
[2025-10-05T17:29:44.614+0000] {logging_mixin.py:137} INFO - [2025-10-05T17:29:44.613+0000] {dag.py:2690} INFO - Sync 1 DAGs
[2025-10-05T17:29:44.646+0000] {logging_mixin.py:137} INFO - [2025-10-05T17:29:44.646+0000] {dag.py:3441} INFO - Setting next_dagrun for example_branch_dop_operator_v3 to 2025-10-05T17:28:00+00:00, run_after=2025-10-05T17:29:00+00:00
[2025-10-05T17:29:44.670+0000] {processor.py:175} INFO - Processing /home/airflow/.local/lib/python3.7/site-packages/airflow/example_dags/example_branch_python_dop_operator_3.py took 0.122 seconds
[2025-10-05T17:30:15.046+0000] {processor.py:153} INFO - Started process (PID=2193) to work on /home/airflow/.local/lib/python3.7/site-packages/airflow/example_dags/example_branch_python_dop_operator_3.py
[2025-10-05T17:30:15.048+0000] {processor.py:743} INFO - Processing file /home/airflow/.local/lib/python3.7/site-packages/airflow/example_dags/example_branch_python_dop_operator_3.py for tasks to queue
[2025-10-05T17:30:15.049+0000] {logging_mixin.py:137} INFO - [2025-10-05T17:30:15.048+0000] {dagbag.py:538} INFO - Filling up the DagBag from /home/airflow/.local/lib/python3.7/site-packages/airflow/example_dags/example_branch_python_dop_operator_3.py
[2025-10-05T17:30:15.074+0000] {processor.py:753} INFO - DAG(s) dict_keys(['example_branch_dop_operator_v3']) retrieved from /home/airflow/.local/lib/python3.7/site-packages/airflow/example_dags/example_branch_python_dop_operator_3.py
[2025-10-05T17:30:15.106+0000] {logging_mixin.py:137} INFO - [2025-10-05T17:30:15.106+0000] {dag.py:2690} INFO - Sync 1 DAGs
[2025-10-05T17:30:15.138+0000] {logging_mixin.py:137} INFO - [2025-10-05T17:30:15.138+0000] {dag.py:3441} INFO - Setting next_dagrun for example_branch_dop_operator_v3 to 2025-10-05T17:29:00+00:00, run_after=2025-10-05T17:30:00+00:00
[2025-10-05T17:30:15.161+0000] {processor.py:175} INFO - Processing /home/airflow/.local/lib/python3.7/site-packages/airflow/example_dags/example_branch_python_dop_operator_3.py took 0.119 seconds
[2025-10-05T17:30:46.152+0000] {processor.py:153} INFO - Started process (PID=2283) to work on /home/airflow/.local/lib/python3.7/site-packages/airflow/example_dags/example_branch_python_dop_operator_3.py
[2025-10-05T17:30:46.154+0000] {processor.py:743} INFO - Processing file /home/airflow/.local/lib/python3.7/site-packages/airflow/example_dags/example_branch_python_dop_operator_3.py for tasks to queue
[2025-10-05T17:30:46.155+0000] {logging_mixin.py:137} INFO - [2025-10-05T17:30:46.154+0000] {dagbag.py:538} INFO - Filling up the DagBag from /home/airflow/.local/lib/python3.7/site-packages/airflow/example_dags/example_branch_python_dop_operator_3.py
[2025-10-05T17:30:46.179+0000] {processor.py:753} INFO - DAG(s) dict_keys(['example_branch_dop_operator_v3']) retrieved from /home/airflow/.local/lib/python3.7/site-packages/airflow/example_dags/example_branch_python_dop_operator_3.py
[2025-10-05T17:30:46.207+0000] {logging_mixin.py:137} INFO - [2025-10-05T17:30:46.207+0000] {dag.py:2690} INFO - Sync 1 DAGs
[2025-10-05T17:30:46.237+0000] {logging_mixin.py:137} INFO - [2025-10-05T17:30:46.237+0000] {dag.py:3441} INFO - Setting next_dagrun for example_branch_dop_operator_v3 to 2025-10-05T17:29:00+00:00, run_after=2025-10-05T17:30:00+00:00
[2025-10-05T17:30:46.259+0000] {processor.py:175} INFO - Processing /home/airflow/.local/lib/python3.7/site-packages/airflow/example_dags/example_branch_python_dop_operator_3.py took 0.111 seconds
[2025-10-05T17:31:17.261+0000] {processor.py:153} INFO - Started process (PID=2397) to work on /home/airflow/.local/lib/python3.7/site-packages/airflow/example_dags/example_branch_python_dop_operator_3.py
[2025-10-05T17:31:17.263+0000] {processor.py:743} INFO - Processing file /home/airflow/.local/lib/python3.7/site-packages/airflow/example_dags/example_branch_python_dop_operator_3.py for tasks to queue
[2025-10-05T17:31:17.264+0000] {logging_mixin.py:137} INFO - [2025-10-05T17:31:17.264+0000] {dagbag.py:538} INFO - Filling up the DagBag from /home/airflow/.local/lib/python3.7/site-packages/airflow/example_dags/example_branch_python_dop_operator_3.py
[2025-10-05T17:31:17.293+0000] {processor.py:753} INFO - DAG(s) dict_keys(['example_branch_dop_operator_v3']) retrieved from /home/airflow/.local/lib/python3.7/site-packages/airflow/example_dags/example_branch_python_dop_operator_3.py
[2025-10-05T17:31:17.335+0000] {logging_mixin.py:137} INFO - [2025-10-05T17:31:17.335+0000] {dag.py:2690} INFO - Sync 1 DAGs
[2025-10-05T17:31:17.369+0000] {logging_mixin.py:137} INFO - [2025-10-05T17:31:17.369+0000] {dag.py:3441} INFO - Setting next_dagrun for example_branch_dop_operator_v3 to 2025-10-05T17:30:00+00:00, run_after=2025-10-05T17:31:00+00:00
[2025-10-05T17:31:17.395+0000] {processor.py:175} INFO - Processing /home/airflow/.local/lib/python3.7/site-packages/airflow/example_dags/example_branch_python_dop_operator_3.py took 0.139 seconds
[2025-10-05T17:31:47.850+0000] {processor.py:153} INFO - Started process (PID=2486) to work on /home/airflow/.local/lib/python3.7/site-packages/airflow/example_dags/example_branch_python_dop_operator_3.py
[2025-10-05T17:31:47.852+0000] {processor.py:743} INFO - Processing file /home/airflow/.local/lib/python3.7/site-packages/airflow/example_dags/example_branch_python_dop_operator_3.py for tasks to queue
[2025-10-05T17:31:47.853+0000] {logging_mixin.py:137} INFO - [2025-10-05T17:31:47.853+0000] {dagbag.py:538} INFO - Filling up the DagBag from /home/airflow/.local/lib/python3.7/site-packages/airflow/example_dags/example_branch_python_dop_operator_3.py
[2025-10-05T17:31:47.886+0000] {processor.py:753} INFO - DAG(s) dict_keys(['example_branch_dop_operator_v3']) retrieved from /home/airflow/.local/lib/python3.7/site-packages/airflow/example_dags/example_branch_python_dop_operator_3.py
[2025-10-05T17:31:47.923+0000] {logging_mixin.py:137} INFO - [2025-10-05T17:31:47.923+0000] {dag.py:2690} INFO - Sync 1 DAGs
[2025-10-05T17:31:47.958+0000] {logging_mixin.py:137} INFO - [2025-10-05T17:31:47.958+0000] {dag.py:3441} INFO - Setting next_dagrun for example_branch_dop_operator_v3 to 2025-10-05T17:30:00+00:00, run_after=2025-10-05T17:31:00+00:00
[2025-10-05T17:31:47.991+0000] {processor.py:175} INFO - Processing /home/airflow/.local/lib/python3.7/site-packages/airflow/example_dags/example_branch_python_dop_operator_3.py took 0.146 seconds
[2025-10-05T17:32:18.683+0000] {processor.py:153} INFO - Started process (PID=2599) to work on /home/airflow/.local/lib/python3.7/site-packages/airflow/example_dags/example_branch_python_dop_operator_3.py
[2025-10-05T17:32:18.685+0000] {processor.py:743} INFO - Processing file /home/airflow/.local/lib/python3.7/site-packages/airflow/example_dags/example_branch_python_dop_operator_3.py for tasks to queue
[2025-10-05T17:32:18.687+0000] {logging_mixin.py:137} INFO - [2025-10-05T17:32:18.686+0000] {dagbag.py:538} INFO - Filling up the DagBag from /home/airflow/.local/lib/python3.7/site-packages/airflow/example_dags/example_branch_python_dop_operator_3.py
[2025-10-05T17:32:18.722+0000] {processor.py:753} INFO - DAG(s) dict_keys(['example_branch_dop_operator_v3']) retrieved from /home/airflow/.local/lib/python3.7/site-packages/airflow/example_dags/example_branch_python_dop_operator_3.py
[2025-10-05T17:32:18.763+0000] {logging_mixin.py:137} INFO - [2025-10-05T17:32:18.763+0000] {dag.py:2690} INFO - Sync 1 DAGs
[2025-10-05T17:32:18.801+0000] {logging_mixin.py:137} INFO - [2025-10-05T17:32:18.801+0000] {dag.py:3441} INFO - Setting next_dagrun for example_branch_dop_operator_v3 to 2025-10-05T17:31:00+00:00, run_after=2025-10-05T17:32:00+00:00
[2025-10-05T17:32:18.832+0000] {processor.py:175} INFO - Processing /home/airflow/.local/lib/python3.7/site-packages/airflow/example_dags/example_branch_python_dop_operator_3.py took 0.154 seconds
[2025-10-05T17:32:49.040+0000] {processor.py:153} INFO - Started process (PID=2688) to work on /home/airflow/.local/lib/python3.7/site-packages/airflow/example_dags/example_branch_python_dop_operator_3.py
[2025-10-05T17:32:49.042+0000] {processor.py:743} INFO - Processing file /home/airflow/.local/lib/python3.7/site-packages/airflow/example_dags/example_branch_python_dop_operator_3.py for tasks to queue
[2025-10-05T17:32:49.043+0000] {logging_mixin.py:137} INFO - [2025-10-05T17:32:49.043+0000] {dagbag.py:538} INFO - Filling up the DagBag from /home/airflow/.local/lib/python3.7/site-packages/airflow/example_dags/example_branch_python_dop_operator_3.py
[2025-10-05T17:32:49.068+0000] {processor.py:753} INFO - DAG(s) dict_keys(['example_branch_dop_operator_v3']) retrieved from /home/airflow/.local/lib/python3.7/site-packages/airflow/example_dags/example_branch_python_dop_operator_3.py
[2025-10-05T17:32:49.101+0000] {logging_mixin.py:137} INFO - [2025-10-05T17:32:49.101+0000] {dag.py:2690} INFO - Sync 1 DAGs
[2025-10-05T17:32:49.136+0000] {logging_mixin.py:137} INFO - [2025-10-05T17:32:49.136+0000] {dag.py:3441} INFO - Setting next_dagrun for example_branch_dop_operator_v3 to 2025-10-05T17:31:00+00:00, run_after=2025-10-05T17:32:00+00:00
[2025-10-05T17:32:49.163+0000] {processor.py:175} INFO - Processing /home/airflow/.local/lib/python3.7/site-packages/airflow/example_dags/example_branch_python_dop_operator_3.py took 0.127 seconds
[2025-10-05T17:33:19.929+0000] {processor.py:153} INFO - Started process (PID=2775) to work on /home/airflow/.local/lib/python3.7/site-packages/airflow/example_dags/example_branch_python_dop_operator_3.py
[2025-10-05T17:33:19.930+0000] {processor.py:743} INFO - Processing file /home/airflow/.local/lib/python3.7/site-packages/airflow/example_dags/example_branch_python_dop_operator_3.py for tasks to queue
[2025-10-05T17:33:19.932+0000] {logging_mixin.py:137} INFO - [2025-10-05T17:33:19.932+0000] {dagbag.py:538} INFO - Filling up the DagBag from /home/airflow/.local/lib/python3.7/site-packages/airflow/example_dags/example_branch_python_dop_operator_3.py
[2025-10-05T17:33:19.964+0000] {processor.py:753} INFO - DAG(s) dict_keys(['example_branch_dop_operator_v3']) retrieved from /home/airflow/.local/lib/python3.7/site-packages/airflow/example_dags/example_branch_python_dop_operator_3.py
[2025-10-05T17:33:19.999+0000] {logging_mixin.py:137} INFO - [2025-10-05T17:33:19.999+0000] {dag.py:2690} INFO - Sync 1 DAGs
[2025-10-05T17:33:20.036+0000] {logging_mixin.py:137} INFO - [2025-10-05T17:33:20.036+0000] {dag.py:3441} INFO - Setting next_dagrun for example_branch_dop_operator_v3 to 2025-10-05T17:32:00+00:00, run_after=2025-10-05T17:33:00+00:00
[2025-10-05T17:33:20.065+0000] {processor.py:175} INFO - Processing /home/airflow/.local/lib/python3.7/site-packages/airflow/example_dags/example_branch_python_dop_operator_3.py took 0.141 seconds
[2025-10-05T17:33:50.488+0000] {processor.py:153} INFO - Started process (PID=2887) to work on /home/airflow/.local/lib/python3.7/site-packages/airflow/example_dags/example_branch_python_dop_operator_3.py
[2025-10-05T17:33:50.490+0000] {processor.py:743} INFO - Processing file /home/airflow/.local/lib/python3.7/site-packages/airflow/example_dags/example_branch_python_dop_operator_3.py for tasks to queue
[2025-10-05T17:33:50.491+0000] {logging_mixin.py:137} INFO - [2025-10-05T17:33:50.491+0000] {dagbag.py:538} INFO - Filling up the DagBag from /home/airflow/.local/lib/python3.7/site-packages/airflow/example_dags/example_branch_python_dop_operator_3.py
[2025-10-05T17:33:50.518+0000] {processor.py:753} INFO - DAG(s) dict_keys(['example_branch_dop_operator_v3']) retrieved from /home/airflow/.local/lib/python3.7/site-packages/airflow/example_dags/example_branch_python_dop_operator_3.py
[2025-10-05T17:33:50.550+0000] {logging_mixin.py:137} INFO - [2025-10-05T17:33:50.550+0000] {dag.py:2690} INFO - Sync 1 DAGs
[2025-10-05T17:33:50.579+0000] {logging_mixin.py:137} INFO - [2025-10-05T17:33:50.579+0000] {dag.py:3441} INFO - Setting next_dagrun for example_branch_dop_operator_v3 to 2025-10-05T17:32:00+00:00, run_after=2025-10-05T17:33:00+00:00
[2025-10-05T17:33:50.603+0000] {processor.py:175} INFO - Processing /home/airflow/.local/lib/python3.7/site-packages/airflow/example_dags/example_branch_python_dop_operator_3.py took 0.119 seconds
[2025-10-05T17:34:20.662+0000] {processor.py:153} INFO - Started process (PID=2976) to work on /home/airflow/.local/lib/python3.7/site-packages/airflow/example_dags/example_branch_python_dop_operator_3.py
[2025-10-05T17:34:20.664+0000] {processor.py:743} INFO - Processing file /home/airflow/.local/lib/python3.7/site-packages/airflow/example_dags/example_branch_python_dop_operator_3.py for tasks to queue
[2025-10-05T17:34:20.665+0000] {logging_mixin.py:137} INFO - [2025-10-05T17:34:20.664+0000] {dagbag.py:538} INFO - Filling up the DagBag from /home/airflow/.local/lib/python3.7/site-packages/airflow/example_dags/example_branch_python_dop_operator_3.py
[2025-10-05T17:34:20.690+0000] {processor.py:753} INFO - DAG(s) dict_keys(['example_branch_dop_operator_v3']) retrieved from /home/airflow/.local/lib/python3.7/site-packages/airflow/example_dags/example_branch_python_dop_operator_3.py
[2025-10-05T17:34:20.725+0000] {logging_mixin.py:137} INFO - [2025-10-05T17:34:20.725+0000] {dag.py:2690} INFO - Sync 1 DAGs
[2025-10-05T17:34:20.757+0000] {logging_mixin.py:137} INFO - [2025-10-05T17:34:20.757+0000] {dag.py:3441} INFO - Setting next_dagrun for example_branch_dop_operator_v3 to 2025-10-05T17:33:00+00:00, run_after=2025-10-05T17:34:00+00:00
[2025-10-05T17:34:20.781+0000] {processor.py:175} INFO - Processing /home/airflow/.local/lib/python3.7/site-packages/airflow/example_dags/example_branch_python_dop_operator_3.py took 0.122 seconds
[2025-10-05T17:34:51.453+0000] {processor.py:153} INFO - Started process (PID=3065) to work on /home/airflow/.local/lib/python3.7/site-packages/airflow/example_dags/example_branch_python_dop_operator_3.py
[2025-10-05T17:34:51.454+0000] {processor.py:743} INFO - Processing file /home/airflow/.local/lib/python3.7/site-packages/airflow/example_dags/example_branch_python_dop_operator_3.py for tasks to queue
[2025-10-05T17:34:51.455+0000] {logging_mixin.py:137} INFO - [2025-10-05T17:34:51.455+0000] {dagbag.py:538} INFO - Filling up the DagBag from /home/airflow/.local/lib/python3.7/site-packages/airflow/example_dags/example_branch_python_dop_operator_3.py
[2025-10-05T17:34:51.479+0000] {processor.py:753} INFO - DAG(s) dict_keys(['example_branch_dop_operator_v3']) retrieved from /home/airflow/.local/lib/python3.7/site-packages/airflow/example_dags/example_branch_python_dop_operator_3.py
[2025-10-05T17:34:51.512+0000] {logging_mixin.py:137} INFO - [2025-10-05T17:34:51.512+0000] {dag.py:2690} INFO - Sync 1 DAGs
[2025-10-05T17:34:51.544+0000] {logging_mixin.py:137} INFO - [2025-10-05T17:34:51.544+0000] {dag.py:3441} INFO - Setting next_dagrun for example_branch_dop_operator_v3 to 2025-10-05T17:33:00+00:00, run_after=2025-10-05T17:34:00+00:00
[2025-10-05T17:34:51.568+0000] {processor.py:175} INFO - Processing /home/airflow/.local/lib/python3.7/site-packages/airflow/example_dags/example_branch_python_dop_operator_3.py took 0.121 seconds
[2025-10-05T17:35:21.988+0000] {processor.py:153} INFO - Started process (PID=3178) to work on /home/airflow/.local/lib/python3.7/site-packages/airflow/example_dags/example_branch_python_dop_operator_3.py
[2025-10-05T17:35:21.989+0000] {processor.py:743} INFO - Processing file /home/airflow/.local/lib/python3.7/site-packages/airflow/example_dags/example_branch_python_dop_operator_3.py for tasks to queue
[2025-10-05T17:35:21.991+0000] {logging_mixin.py:137} INFO - [2025-10-05T17:35:21.990+0000] {dagbag.py:538} INFO - Filling up the DagBag from /home/airflow/.local/lib/python3.7/site-packages/airflow/example_dags/example_branch_python_dop_operator_3.py
[2025-10-05T17:35:22.019+0000] {processor.py:753} INFO - DAG(s) dict_keys(['example_branch_dop_operator_v3']) retrieved from /home/airflow/.local/lib/python3.7/site-packages/airflow/example_dags/example_branch_python_dop_operator_3.py
[2025-10-05T17:35:22.051+0000] {logging_mixin.py:137} INFO - [2025-10-05T17:35:22.051+0000] {dag.py:2690} INFO - Sync 1 DAGs
[2025-10-05T17:35:22.085+0000] {logging_mixin.py:137} INFO - [2025-10-05T17:35:22.085+0000] {dag.py:3441} INFO - Setting next_dagrun for example_branch_dop_operator_v3 to 2025-10-05T17:34:00+00:00, run_after=2025-10-05T17:35:00+00:00
[2025-10-05T17:35:22.111+0000] {processor.py:175} INFO - Processing /home/airflow/.local/lib/python3.7/site-packages/airflow/example_dags/example_branch_python_dop_operator_3.py took 0.127 seconds
[2025-10-05T17:35:52.532+0000] {processor.py:153} INFO - Started process (PID=3267) to work on /home/airflow/.local/lib/python3.7/site-packages/airflow/example_dags/example_branch_python_dop_operator_3.py
[2025-10-05T17:35:52.534+0000] {processor.py:743} INFO - Processing file /home/airflow/.local/lib/python3.7/site-packages/airflow/example_dags/example_branch_python_dop_operator_3.py for tasks to queue
[2025-10-05T17:35:52.535+0000] {logging_mixin.py:137} INFO - [2025-10-05T17:35:52.535+0000] {dagbag.py:538} INFO - Filling up the DagBag from /home/airflow/.local/lib/python3.7/site-packages/airflow/example_dags/example_branch_python_dop_operator_3.py
[2025-10-05T17:35:52.566+0000] {processor.py:753} INFO - DAG(s) dict_keys(['example_branch_dop_operator_v3']) retrieved from /home/airflow/.local/lib/python3.7/site-packages/airflow/example_dags/example_branch_python_dop_operator_3.py
[2025-10-05T17:35:52.603+0000] {logging_mixin.py:137} INFO - [2025-10-05T17:35:52.602+0000] {dag.py:2690} INFO - Sync 1 DAGs
[2025-10-05T17:35:52.639+0000] {logging_mixin.py:137} INFO - [2025-10-05T17:35:52.639+0000] {dag.py:3441} INFO - Setting next_dagrun for example_branch_dop_operator_v3 to 2025-10-05T17:34:00+00:00, run_after=2025-10-05T17:35:00+00:00
[2025-10-05T17:35:52.677+0000] {processor.py:175} INFO - Processing /home/airflow/.local/lib/python3.7/site-packages/airflow/example_dags/example_branch_python_dop_operator_3.py took 0.149 seconds
[2025-10-05T17:36:23.191+0000] {processor.py:153} INFO - Started process (PID=3380) to work on /home/airflow/.local/lib/python3.7/site-packages/airflow/example_dags/example_branch_python_dop_operator_3.py
[2025-10-05T17:36:23.192+0000] {processor.py:743} INFO - Processing file /home/airflow/.local/lib/python3.7/site-packages/airflow/example_dags/example_branch_python_dop_operator_3.py for tasks to queue
[2025-10-05T17:36:23.194+0000] {logging_mixin.py:137} INFO - [2025-10-05T17:36:23.193+0000] {dagbag.py:538} INFO - Filling up the DagBag from /home/airflow/.local/lib/python3.7/site-packages/airflow/example_dags/example_branch_python_dop_operator_3.py
[2025-10-05T17:36:23.237+0000] {processor.py:753} INFO - DAG(s) dict_keys(['example_branch_dop_operator_v3']) retrieved from /home/airflow/.local/lib/python3.7/site-packages/airflow/example_dags/example_branch_python_dop_operator_3.py
[2025-10-05T17:36:23.290+0000] {logging_mixin.py:137} INFO - [2025-10-05T17:36:23.289+0000] {dag.py:2690} INFO - Sync 1 DAGs
[2025-10-05T17:36:23.336+0000] {logging_mixin.py:137} INFO - [2025-10-05T17:36:23.336+0000] {dag.py:3441} INFO - Setting next_dagrun for example_branch_dop_operator_v3 to 2025-10-05T17:35:00+00:00, run_after=2025-10-05T17:36:00+00:00
[2025-10-05T17:36:23.367+0000] {processor.py:175} INFO - Processing /home/airflow/.local/lib/python3.7/site-packages/airflow/example_dags/example_branch_python_dop_operator_3.py took 0.181 seconds
[2025-10-05T17:36:55.129+0000] {processor.py:153} INFO - Started process (PID=3470) to work on /home/airflow/.local/lib/python3.7/site-packages/airflow/example_dags/example_branch_python_dop_operator_3.py
[2025-10-05T17:36:55.131+0000] {processor.py:743} INFO - Processing file /home/airflow/.local/lib/python3.7/site-packages/airflow/example_dags/example_branch_python_dop_operator_3.py for tasks to queue
[2025-10-05T17:36:55.132+0000] {logging_mixin.py:137} INFO - [2025-10-05T17:36:55.132+0000] {dagbag.py:538} INFO - Filling up the DagBag from /home/airflow/.local/lib/python3.7/site-packages/airflow/example_dags/example_branch_python_dop_operator_3.py
[2025-10-05T17:36:55.170+0000] {processor.py:753} INFO - DAG(s) dict_keys(['example_branch_dop_operator_v3']) retrieved from /home/airflow/.local/lib/python3.7/site-packages/airflow/example_dags/example_branch_python_dop_operator_3.py
[2025-10-05T17:36:55.210+0000] {logging_mixin.py:137} INFO - [2025-10-05T17:36:55.210+0000] {dag.py:2690} INFO - Sync 1 DAGs
[2025-10-05T17:36:55.251+0000] {logging_mixin.py:137} INFO - [2025-10-05T17:36:55.251+0000] {dag.py:3441} INFO - Setting next_dagrun for example_branch_dop_operator_v3 to 2025-10-05T17:35:00+00:00, run_after=2025-10-05T17:36:00+00:00
[2025-10-05T17:36:55.283+0000] {processor.py:175} INFO - Processing /home/airflow/.local/lib/python3.7/site-packages/airflow/example_dags/example_branch_python_dop_operator_3.py took 0.159 seconds
