[2025-10-05T17:19:25.922+0000] {processor.py:153} INFO - Started process (PID=85) to work on /home/airflow/.local/lib/python3.7/site-packages/airflow/example_dags/example_short_circuit_decorator.py
[2025-10-05T17:19:25.924+0000] {processor.py:743} INFO - Processing file /home/airflow/.local/lib/python3.7/site-packages/airflow/example_dags/example_short_circuit_decorator.py for tasks to queue
[2025-10-05T17:19:25.926+0000] {logging_mixin.py:137} INFO - [2025-10-05T17:19:25.925+0000] {dagbag.py:538} INFO - Filling up the DagBag from /home/airflow/.local/lib/python3.7/site-packages/airflow/example_dags/example_short_circuit_decorator.py
[2025-10-05T17:19:25.966+0000] {processor.py:753} INFO - DAG(s) dict_keys(['example_short_circuit_decorator']) retrieved from /home/airflow/.local/lib/python3.7/site-packages/airflow/example_dags/example_short_circuit_decorator.py
[2025-10-05T17:19:25.986+0000] {logging_mixin.py:137} INFO - [2025-10-05T17:19:25.985+0000] {dag.py:2690} INFO - Sync 1 DAGs
[2025-10-05T17:19:26.027+0000] {logging_mixin.py:137} INFO - [2025-10-05T17:19:26.027+0000] {dag.py:3441} INFO - Setting next_dagrun for example_short_circuit_decorator to 2025-10-04T17:19:26.026615+00:00, run_after=2025-10-05T17:19:26.026615+00:00
[2025-10-05T17:19:26.058+0000] {processor.py:175} INFO - Processing /home/airflow/.local/lib/python3.7/site-packages/airflow/example_dags/example_short_circuit_decorator.py took 0.143 seconds
[2025-10-05T17:19:56.694+0000] {processor.py:153} INFO - Started process (PID=174) to work on /home/airflow/.local/lib/python3.7/site-packages/airflow/example_dags/example_short_circuit_decorator.py
[2025-10-05T17:19:56.696+0000] {processor.py:743} INFO - Processing file /home/airflow/.local/lib/python3.7/site-packages/airflow/example_dags/example_short_circuit_decorator.py for tasks to queue
[2025-10-05T17:19:56.697+0000] {logging_mixin.py:137} INFO - [2025-10-05T17:19:56.697+0000] {dagbag.py:538} INFO - Filling up the DagBag from /home/airflow/.local/lib/python3.7/site-packages/airflow/example_dags/example_short_circuit_decorator.py
[2025-10-05T17:19:56.732+0000] {processor.py:753} INFO - DAG(s) dict_keys(['example_short_circuit_decorator']) retrieved from /home/airflow/.local/lib/python3.7/site-packages/airflow/example_dags/example_short_circuit_decorator.py
[2025-10-05T17:19:56.766+0000] {logging_mixin.py:137} INFO - [2025-10-05T17:19:56.766+0000] {dag.py:2690} INFO - Sync 1 DAGs
[2025-10-05T17:19:56.801+0000] {logging_mixin.py:137} INFO - [2025-10-05T17:19:56.801+0000] {dag.py:3441} INFO - Setting next_dagrun for example_short_circuit_decorator to 2025-10-04T17:19:56.800768+00:00, run_after=2025-10-05T17:19:56.800768+00:00
[2025-10-05T17:19:56.831+0000] {processor.py:175} INFO - Processing /home/airflow/.local/lib/python3.7/site-packages/airflow/example_dags/example_short_circuit_decorator.py took 0.142 seconds
[2025-10-05T17:20:27.636+0000] {processor.py:153} INFO - Started process (PID=287) to work on /home/airflow/.local/lib/python3.7/site-packages/airflow/example_dags/example_short_circuit_decorator.py
[2025-10-05T17:20:27.637+0000] {processor.py:743} INFO - Processing file /home/airflow/.local/lib/python3.7/site-packages/airflow/example_dags/example_short_circuit_decorator.py for tasks to queue
[2025-10-05T17:20:27.638+0000] {logging_mixin.py:137} INFO - [2025-10-05T17:20:27.638+0000] {dagbag.py:538} INFO - Filling up the DagBag from /home/airflow/.local/lib/python3.7/site-packages/airflow/example_dags/example_short_circuit_decorator.py
[2025-10-05T17:20:27.667+0000] {processor.py:753} INFO - DAG(s) dict_keys(['example_short_circuit_decorator']) retrieved from /home/airflow/.local/lib/python3.7/site-packages/airflow/example_dags/example_short_circuit_decorator.py
[2025-10-05T17:20:27.703+0000] {logging_mixin.py:137} INFO - [2025-10-05T17:20:27.703+0000] {dag.py:2690} INFO - Sync 1 DAGs
[2025-10-05T17:20:27.735+0000] {logging_mixin.py:137} INFO - [2025-10-05T17:20:27.735+0000] {dag.py:3441} INFO - Setting next_dagrun for example_short_circuit_decorator to 2025-10-04T17:20:27.735216+00:00, run_after=2025-10-05T17:20:27.735216+00:00
[2025-10-05T17:20:27.763+0000] {processor.py:175} INFO - Processing /home/airflow/.local/lib/python3.7/site-packages/airflow/example_dags/example_short_circuit_decorator.py took 0.132 seconds
[2025-10-05T17:20:58.517+0000] {processor.py:153} INFO - Started process (PID=376) to work on /home/airflow/.local/lib/python3.7/site-packages/airflow/example_dags/example_short_circuit_decorator.py
[2025-10-05T17:20:58.519+0000] {processor.py:743} INFO - Processing file /home/airflow/.local/lib/python3.7/site-packages/airflow/example_dags/example_short_circuit_decorator.py for tasks to queue
[2025-10-05T17:20:58.520+0000] {logging_mixin.py:137} INFO - [2025-10-05T17:20:58.520+0000] {dagbag.py:538} INFO - Filling up the DagBag from /home/airflow/.local/lib/python3.7/site-packages/airflow/example_dags/example_short_circuit_decorator.py
[2025-10-05T17:20:58.553+0000] {processor.py:753} INFO - DAG(s) dict_keys(['example_short_circuit_decorator']) retrieved from /home/airflow/.local/lib/python3.7/site-packages/airflow/example_dags/example_short_circuit_decorator.py
[2025-10-05T17:20:58.589+0000] {logging_mixin.py:137} INFO - [2025-10-05T17:20:58.589+0000] {dag.py:2690} INFO - Sync 1 DAGs
[2025-10-05T17:20:58.618+0000] {logging_mixin.py:137} INFO - [2025-10-05T17:20:58.617+0000] {dag.py:3441} INFO - Setting next_dagrun for example_short_circuit_decorator to 2025-10-04T17:20:58.617603+00:00, run_after=2025-10-05T17:20:58.617603+00:00
[2025-10-05T17:20:58.644+0000] {processor.py:175} INFO - Processing /home/airflow/.local/lib/python3.7/site-packages/airflow/example_dags/example_short_circuit_decorator.py took 0.131 seconds
[2025-10-05T17:21:29.805+0000] {processor.py:153} INFO - Started process (PID=474) to work on /home/airflow/.local/lib/python3.7/site-packages/airflow/example_dags/example_short_circuit_decorator.py
[2025-10-05T17:21:29.807+0000] {processor.py:743} INFO - Processing file /home/airflow/.local/lib/python3.7/site-packages/airflow/example_dags/example_short_circuit_decorator.py for tasks to queue
[2025-10-05T17:21:29.808+0000] {logging_mixin.py:137} INFO - [2025-10-05T17:21:29.808+0000] {dagbag.py:538} INFO - Filling up the DagBag from /home/airflow/.local/lib/python3.7/site-packages/airflow/example_dags/example_short_circuit_decorator.py
[2025-10-05T17:21:29.847+0000] {processor.py:753} INFO - DAG(s) dict_keys(['example_short_circuit_decorator']) retrieved from /home/airflow/.local/lib/python3.7/site-packages/airflow/example_dags/example_short_circuit_decorator.py
[2025-10-05T17:21:29.887+0000] {logging_mixin.py:137} INFO - [2025-10-05T17:21:29.887+0000] {dag.py:2690} INFO - Sync 1 DAGs
[2025-10-05T17:21:29.986+0000] {logging_mixin.py:137} INFO - [2025-10-05T17:21:29.986+0000] {dag.py:3441} INFO - Setting next_dagrun for example_short_circuit_decorator to 2025-10-04T17:21:29.985539+00:00, run_after=2025-10-05T17:21:29.985539+00:00
[2025-10-05T17:21:30.021+0000] {processor.py:175} INFO - Processing /home/airflow/.local/lib/python3.7/site-packages/airflow/example_dags/example_short_circuit_decorator.py took 0.222 seconds
[2025-10-05T17:22:00.287+0000] {processor.py:153} INFO - Started process (PID=578) to work on /home/airflow/.local/lib/python3.7/site-packages/airflow/example_dags/example_short_circuit_decorator.py
[2025-10-05T17:22:00.289+0000] {processor.py:743} INFO - Processing file /home/airflow/.local/lib/python3.7/site-packages/airflow/example_dags/example_short_circuit_decorator.py for tasks to queue
[2025-10-05T17:22:00.290+0000] {logging_mixin.py:137} INFO - [2025-10-05T17:22:00.290+0000] {dagbag.py:538} INFO - Filling up the DagBag from /home/airflow/.local/lib/python3.7/site-packages/airflow/example_dags/example_short_circuit_decorator.py
[2025-10-05T17:22:00.321+0000] {processor.py:753} INFO - DAG(s) dict_keys(['example_short_circuit_decorator']) retrieved from /home/airflow/.local/lib/python3.7/site-packages/airflow/example_dags/example_short_circuit_decorator.py
[2025-10-05T17:22:00.361+0000] {logging_mixin.py:137} INFO - [2025-10-05T17:22:00.361+0000] {dag.py:2690} INFO - Sync 1 DAGs
[2025-10-05T17:22:00.394+0000] {logging_mixin.py:137} INFO - [2025-10-05T17:22:00.394+0000] {dag.py:3441} INFO - Setting next_dagrun for example_short_circuit_decorator to 2025-10-04T17:22:00.393873+00:00, run_after=2025-10-05T17:22:00.393873+00:00
[2025-10-05T17:22:00.423+0000] {processor.py:175} INFO - Processing /home/airflow/.local/lib/python3.7/site-packages/airflow/example_dags/example_short_circuit_decorator.py took 0.141 seconds
[2025-10-05T17:22:30.538+0000] {processor.py:153} INFO - Started process (PID=666) to work on /home/airflow/.local/lib/python3.7/site-packages/airflow/example_dags/example_short_circuit_decorator.py
[2025-10-05T17:22:30.539+0000] {processor.py:743} INFO - Processing file /home/airflow/.local/lib/python3.7/site-packages/airflow/example_dags/example_short_circuit_decorator.py for tasks to queue
[2025-10-05T17:22:30.540+0000] {logging_mixin.py:137} INFO - [2025-10-05T17:22:30.540+0000] {dagbag.py:538} INFO - Filling up the DagBag from /home/airflow/.local/lib/python3.7/site-packages/airflow/example_dags/example_short_circuit_decorator.py
[2025-10-05T17:22:30.569+0000] {processor.py:753} INFO - DAG(s) dict_keys(['example_short_circuit_decorator']) retrieved from /home/airflow/.local/lib/python3.7/site-packages/airflow/example_dags/example_short_circuit_decorator.py
[2025-10-05T17:22:30.600+0000] {logging_mixin.py:137} INFO - [2025-10-05T17:22:30.600+0000] {dag.py:2690} INFO - Sync 1 DAGs
[2025-10-05T17:22:30.626+0000] {logging_mixin.py:137} INFO - [2025-10-05T17:22:30.626+0000] {dag.py:3441} INFO - Setting next_dagrun for example_short_circuit_decorator to 2025-10-04T17:22:30.626028+00:00, run_after=2025-10-05T17:22:30.626028+00:00
[2025-10-05T17:22:30.651+0000] {processor.py:175} INFO - Processing /home/airflow/.local/lib/python3.7/site-packages/airflow/example_dags/example_short_circuit_decorator.py took 0.118 seconds
[2025-10-05T17:23:00.820+0000] {processor.py:153} INFO - Started process (PID=778) to work on /home/airflow/.local/lib/python3.7/site-packages/airflow/example_dags/example_short_circuit_decorator.py
[2025-10-05T17:23:00.821+0000] {processor.py:743} INFO - Processing file /home/airflow/.local/lib/python3.7/site-packages/airflow/example_dags/example_short_circuit_decorator.py for tasks to queue
[2025-10-05T17:23:00.823+0000] {logging_mixin.py:137} INFO - [2025-10-05T17:23:00.822+0000] {dagbag.py:538} INFO - Filling up the DagBag from /home/airflow/.local/lib/python3.7/site-packages/airflow/example_dags/example_short_circuit_decorator.py
[2025-10-05T17:23:00.850+0000] {processor.py:753} INFO - DAG(s) dict_keys(['example_short_circuit_decorator']) retrieved from /home/airflow/.local/lib/python3.7/site-packages/airflow/example_dags/example_short_circuit_decorator.py
[2025-10-05T17:23:00.880+0000] {logging_mixin.py:137} INFO - [2025-10-05T17:23:00.880+0000] {dag.py:2690} INFO - Sync 1 DAGs
[2025-10-05T17:23:00.907+0000] {logging_mixin.py:137} INFO - [2025-10-05T17:23:00.907+0000] {dag.py:3441} INFO - Setting next_dagrun for example_short_circuit_decorator to 2025-10-04T17:23:00.906925+00:00, run_after=2025-10-05T17:23:00.906925+00:00
[2025-10-05T17:23:00.931+0000] {processor.py:175} INFO - Processing /home/airflow/.local/lib/python3.7/site-packages/airflow/example_dags/example_short_circuit_decorator.py took 0.115 seconds
[2025-10-05T17:23:31.009+0000] {processor.py:153} INFO - Started process (PID=868) to work on /home/airflow/.local/lib/python3.7/site-packages/airflow/example_dags/example_short_circuit_decorator.py
[2025-10-05T17:23:31.010+0000] {processor.py:743} INFO - Processing file /home/airflow/.local/lib/python3.7/site-packages/airflow/example_dags/example_short_circuit_decorator.py for tasks to queue
[2025-10-05T17:23:31.011+0000] {logging_mixin.py:137} INFO - [2025-10-05T17:23:31.011+0000] {dagbag.py:538} INFO - Filling up the DagBag from /home/airflow/.local/lib/python3.7/site-packages/airflow/example_dags/example_short_circuit_decorator.py
[2025-10-05T17:23:31.040+0000] {processor.py:753} INFO - DAG(s) dict_keys(['example_short_circuit_decorator']) retrieved from /home/airflow/.local/lib/python3.7/site-packages/airflow/example_dags/example_short_circuit_decorator.py
[2025-10-05T17:23:31.071+0000] {logging_mixin.py:137} INFO - [2025-10-05T17:23:31.071+0000] {dag.py:2690} INFO - Sync 1 DAGs
[2025-10-05T17:23:31.100+0000] {logging_mixin.py:137} INFO - [2025-10-05T17:23:31.100+0000] {dag.py:3441} INFO - Setting next_dagrun for example_short_circuit_decorator to 2025-10-04T17:23:31.100036+00:00, run_after=2025-10-05T17:23:31.100036+00:00
[2025-10-05T17:23:31.128+0000] {processor.py:175} INFO - Processing /home/airflow/.local/lib/python3.7/site-packages/airflow/example_dags/example_short_circuit_decorator.py took 0.123 seconds
[2025-10-05T17:24:01.891+0000] {processor.py:153} INFO - Started process (PID=966) to work on /home/airflow/.local/lib/python3.7/site-packages/airflow/example_dags/example_short_circuit_decorator.py
[2025-10-05T17:24:01.893+0000] {processor.py:743} INFO - Processing file /home/airflow/.local/lib/python3.7/site-packages/airflow/example_dags/example_short_circuit_decorator.py for tasks to queue
[2025-10-05T17:24:01.895+0000] {logging_mixin.py:137} INFO - [2025-10-05T17:24:01.895+0000] {dagbag.py:538} INFO - Filling up the DagBag from /home/airflow/.local/lib/python3.7/site-packages/airflow/example_dags/example_short_circuit_decorator.py
[2025-10-05T17:24:01.946+0000] {processor.py:753} INFO - DAG(s) dict_keys(['example_short_circuit_decorator']) retrieved from /home/airflow/.local/lib/python3.7/site-packages/airflow/example_dags/example_short_circuit_decorator.py
[2025-10-05T17:24:01.981+0000] {logging_mixin.py:137} INFO - [2025-10-05T17:24:01.981+0000] {dag.py:2690} INFO - Sync 1 DAGs
[2025-10-05T17:24:02.012+0000] {logging_mixin.py:137} INFO - [2025-10-05T17:24:02.012+0000] {dag.py:3441} INFO - Setting next_dagrun for example_short_circuit_decorator to 2025-10-04T17:24:02.011794+00:00, run_after=2025-10-05T17:24:02.011794+00:00
[2025-10-05T17:24:02.049+0000] {processor.py:175} INFO - Processing /home/airflow/.local/lib/python3.7/site-packages/airflow/example_dags/example_short_circuit_decorator.py took 0.165 seconds
[2025-10-05T17:24:32.724+0000] {processor.py:153} INFO - Started process (PID=1070) to work on /home/airflow/.local/lib/python3.7/site-packages/airflow/example_dags/example_short_circuit_decorator.py
[2025-10-05T17:24:32.725+0000] {processor.py:743} INFO - Processing file /home/airflow/.local/lib/python3.7/site-packages/airflow/example_dags/example_short_circuit_decorator.py for tasks to queue
[2025-10-05T17:24:32.727+0000] {logging_mixin.py:137} INFO - [2025-10-05T17:24:32.726+0000] {dagbag.py:538} INFO - Filling up the DagBag from /home/airflow/.local/lib/python3.7/site-packages/airflow/example_dags/example_short_circuit_decorator.py
[2025-10-05T17:24:32.762+0000] {processor.py:753} INFO - DAG(s) dict_keys(['example_short_circuit_decorator']) retrieved from /home/airflow/.local/lib/python3.7/site-packages/airflow/example_dags/example_short_circuit_decorator.py
[2025-10-05T17:24:32.800+0000] {logging_mixin.py:137} INFO - [2025-10-05T17:24:32.800+0000] {dag.py:2690} INFO - Sync 1 DAGs
[2025-10-05T17:24:32.833+0000] {logging_mixin.py:137} INFO - [2025-10-05T17:24:32.833+0000] {dag.py:3441} INFO - Setting next_dagrun for example_short_circuit_decorator to 2025-10-04T17:24:32.832737+00:00, run_after=2025-10-05T17:24:32.832737+00:00
[2025-10-05T17:24:32.860+0000] {processor.py:175} INFO - Processing /home/airflow/.local/lib/python3.7/site-packages/airflow/example_dags/example_short_circuit_decorator.py took 0.142 seconds
[2025-10-05T17:25:03.725+0000] {processor.py:153} INFO - Started process (PID=1159) to work on /home/airflow/.local/lib/python3.7/site-packages/airflow/example_dags/example_short_circuit_decorator.py
[2025-10-05T17:25:03.726+0000] {processor.py:743} INFO - Processing file /home/airflow/.local/lib/python3.7/site-packages/airflow/example_dags/example_short_circuit_decorator.py for tasks to queue
[2025-10-05T17:25:03.727+0000] {logging_mixin.py:137} INFO - [2025-10-05T17:25:03.727+0000] {dagbag.py:538} INFO - Filling up the DagBag from /home/airflow/.local/lib/python3.7/site-packages/airflow/example_dags/example_short_circuit_decorator.py
[2025-10-05T17:25:03.762+0000] {processor.py:753} INFO - DAG(s) dict_keys(['example_short_circuit_decorator']) retrieved from /home/airflow/.local/lib/python3.7/site-packages/airflow/example_dags/example_short_circuit_decorator.py
[2025-10-05T17:25:03.797+0000] {logging_mixin.py:137} INFO - [2025-10-05T17:25:03.796+0000] {dag.py:2690} INFO - Sync 1 DAGs
[2025-10-05T17:25:03.829+0000] {logging_mixin.py:137} INFO - [2025-10-05T17:25:03.829+0000] {dag.py:3441} INFO - Setting next_dagrun for example_short_circuit_decorator to 2025-10-04T17:25:03.828772+00:00, run_after=2025-10-05T17:25:03.828772+00:00
[2025-10-05T17:25:03.856+0000] {processor.py:175} INFO - Processing /home/airflow/.local/lib/python3.7/site-packages/airflow/example_dags/example_short_circuit_decorator.py took 0.136 seconds
[2025-10-05T17:25:33.977+0000] {processor.py:153} INFO - Started process (PID=1272) to work on /home/airflow/.local/lib/python3.7/site-packages/airflow/example_dags/example_short_circuit_decorator.py
[2025-10-05T17:25:33.978+0000] {processor.py:743} INFO - Processing file /home/airflow/.local/lib/python3.7/site-packages/airflow/example_dags/example_short_circuit_decorator.py for tasks to queue
[2025-10-05T17:25:33.979+0000] {logging_mixin.py:137} INFO - [2025-10-05T17:25:33.979+0000] {dagbag.py:538} INFO - Filling up the DagBag from /home/airflow/.local/lib/python3.7/site-packages/airflow/example_dags/example_short_circuit_decorator.py
[2025-10-05T17:25:34.009+0000] {processor.py:753} INFO - DAG(s) dict_keys(['example_short_circuit_decorator']) retrieved from /home/airflow/.local/lib/python3.7/site-packages/airflow/example_dags/example_short_circuit_decorator.py
[2025-10-05T17:25:34.041+0000] {logging_mixin.py:137} INFO - [2025-10-05T17:25:34.041+0000] {dag.py:2690} INFO - Sync 1 DAGs
[2025-10-05T17:25:34.071+0000] {logging_mixin.py:137} INFO - [2025-10-05T17:25:34.071+0000] {dag.py:3441} INFO - Setting next_dagrun for example_short_circuit_decorator to 2025-10-04T17:25:34.071044+00:00, run_after=2025-10-05T17:25:34.071044+00:00
[2025-10-05T17:25:34.097+0000] {processor.py:175} INFO - Processing /home/airflow/.local/lib/python3.7/site-packages/airflow/example_dags/example_short_circuit_decorator.py took 0.125 seconds
[2025-10-05T17:26:04.599+0000] {processor.py:153} INFO - Started process (PID=1361) to work on /home/airflow/.local/lib/python3.7/site-packages/airflow/example_dags/example_short_circuit_decorator.py
[2025-10-05T17:26:04.601+0000] {processor.py:743} INFO - Processing file /home/airflow/.local/lib/python3.7/site-packages/airflow/example_dags/example_short_circuit_decorator.py for tasks to queue
[2025-10-05T17:26:04.603+0000] {logging_mixin.py:137} INFO - [2025-10-05T17:26:04.603+0000] {dagbag.py:538} INFO - Filling up the DagBag from /home/airflow/.local/lib/python3.7/site-packages/airflow/example_dags/example_short_circuit_decorator.py
[2025-10-05T17:26:04.631+0000] {processor.py:753} INFO - DAG(s) dict_keys(['example_short_circuit_decorator']) retrieved from /home/airflow/.local/lib/python3.7/site-packages/airflow/example_dags/example_short_circuit_decorator.py
[2025-10-05T17:26:04.661+0000] {logging_mixin.py:137} INFO - [2025-10-05T17:26:04.660+0000] {dag.py:2690} INFO - Sync 1 DAGs
[2025-10-05T17:26:04.689+0000] {logging_mixin.py:137} INFO - [2025-10-05T17:26:04.689+0000] {dag.py:3441} INFO - Setting next_dagrun for example_short_circuit_decorator to 2025-10-04T17:26:04.688710+00:00, run_after=2025-10-05T17:26:04.688710+00:00
[2025-10-05T17:26:04.714+0000] {processor.py:175} INFO - Processing /home/airflow/.local/lib/python3.7/site-packages/airflow/example_dags/example_short_circuit_decorator.py took 0.118 seconds
[2025-10-05T17:26:35.266+0000] {processor.py:153} INFO - Started process (PID=1474) to work on /home/airflow/.local/lib/python3.7/site-packages/airflow/example_dags/example_short_circuit_decorator.py
[2025-10-05T17:26:35.268+0000] {processor.py:743} INFO - Processing file /home/airflow/.local/lib/python3.7/site-packages/airflow/example_dags/example_short_circuit_decorator.py for tasks to queue
[2025-10-05T17:26:35.270+0000] {logging_mixin.py:137} INFO - [2025-10-05T17:26:35.270+0000] {dagbag.py:538} INFO - Filling up the DagBag from /home/airflow/.local/lib/python3.7/site-packages/airflow/example_dags/example_short_circuit_decorator.py
[2025-10-05T17:26:35.310+0000] {processor.py:753} INFO - DAG(s) dict_keys(['example_short_circuit_decorator']) retrieved from /home/airflow/.local/lib/python3.7/site-packages/airflow/example_dags/example_short_circuit_decorator.py
[2025-10-05T17:26:35.358+0000] {logging_mixin.py:137} INFO - [2025-10-05T17:26:35.357+0000] {dag.py:2690} INFO - Sync 1 DAGs
[2025-10-05T17:26:35.400+0000] {logging_mixin.py:137} INFO - [2025-10-05T17:26:35.400+0000] {dag.py:3441} INFO - Setting next_dagrun for example_short_circuit_decorator to 2025-10-04T17:26:35.399822+00:00, run_after=2025-10-05T17:26:35.399822+00:00
[2025-10-05T17:26:35.440+0000] {processor.py:175} INFO - Processing /home/airflow/.local/lib/python3.7/site-packages/airflow/example_dags/example_short_circuit_decorator.py took 0.180 seconds
[2025-10-05T17:27:05.545+0000] {processor.py:153} INFO - Started process (PID=1563) to work on /home/airflow/.local/lib/python3.7/site-packages/airflow/example_dags/example_short_circuit_decorator.py
[2025-10-05T17:27:05.546+0000] {processor.py:743} INFO - Processing file /home/airflow/.local/lib/python3.7/site-packages/airflow/example_dags/example_short_circuit_decorator.py for tasks to queue
[2025-10-05T17:27:05.548+0000] {logging_mixin.py:137} INFO - [2025-10-05T17:27:05.547+0000] {dagbag.py:538} INFO - Filling up the DagBag from /home/airflow/.local/lib/python3.7/site-packages/airflow/example_dags/example_short_circuit_decorator.py
[2025-10-05T17:27:05.578+0000] {processor.py:753} INFO - DAG(s) dict_keys(['example_short_circuit_decorator']) retrieved from /home/airflow/.local/lib/python3.7/site-packages/airflow/example_dags/example_short_circuit_decorator.py
[2025-10-05T17:27:05.609+0000] {logging_mixin.py:137} INFO - [2025-10-05T17:27:05.609+0000] {dag.py:2690} INFO - Sync 1 DAGs
[2025-10-05T17:27:05.638+0000] {logging_mixin.py:137} INFO - [2025-10-05T17:27:05.638+0000] {dag.py:3441} INFO - Setting next_dagrun for example_short_circuit_decorator to 2025-10-04T17:27:05.638212+00:00, run_after=2025-10-05T17:27:05.638212+00:00
[2025-10-05T17:27:05.661+0000] {processor.py:175} INFO - Processing /home/airflow/.local/lib/python3.7/site-packages/airflow/example_dags/example_short_circuit_decorator.py took 0.121 seconds
[2025-10-05T17:27:36.526+0000] {processor.py:153} INFO - Started process (PID=1652) to work on /home/airflow/.local/lib/python3.7/site-packages/airflow/example_dags/example_short_circuit_decorator.py
[2025-10-05T17:27:36.527+0000] {processor.py:743} INFO - Processing file /home/airflow/.local/lib/python3.7/site-packages/airflow/example_dags/example_short_circuit_decorator.py for tasks to queue
[2025-10-05T17:27:36.529+0000] {logging_mixin.py:137} INFO - [2025-10-05T17:27:36.529+0000] {dagbag.py:538} INFO - Filling up the DagBag from /home/airflow/.local/lib/python3.7/site-packages/airflow/example_dags/example_short_circuit_decorator.py
[2025-10-05T17:27:36.558+0000] {processor.py:753} INFO - DAG(s) dict_keys(['example_short_circuit_decorator']) retrieved from /home/airflow/.local/lib/python3.7/site-packages/airflow/example_dags/example_short_circuit_decorator.py
[2025-10-05T17:27:36.596+0000] {logging_mixin.py:137} INFO - [2025-10-05T17:27:36.596+0000] {dag.py:2690} INFO - Sync 1 DAGs
[2025-10-05T17:27:36.628+0000] {logging_mixin.py:137} INFO - [2025-10-05T17:27:36.628+0000] {dag.py:3441} INFO - Setting next_dagrun for example_short_circuit_decorator to 2025-10-04T17:27:36.628543+00:00, run_after=2025-10-05T17:27:36.628543+00:00
[2025-10-05T17:27:36.655+0000] {processor.py:175} INFO - Processing /home/airflow/.local/lib/python3.7/site-packages/airflow/example_dags/example_short_circuit_decorator.py took 0.134 seconds
[2025-10-05T17:28:08.050+0000] {processor.py:153} INFO - Started process (PID=1766) to work on /home/airflow/.local/lib/python3.7/site-packages/airflow/example_dags/example_short_circuit_decorator.py
[2025-10-05T17:28:08.051+0000] {processor.py:743} INFO - Processing file /home/airflow/.local/lib/python3.7/site-packages/airflow/example_dags/example_short_circuit_decorator.py for tasks to queue
[2025-10-05T17:28:08.053+0000] {logging_mixin.py:137} INFO - [2025-10-05T17:28:08.053+0000] {dagbag.py:538} INFO - Filling up the DagBag from /home/airflow/.local/lib/python3.7/site-packages/airflow/example_dags/example_short_circuit_decorator.py
[2025-10-05T17:28:08.087+0000] {processor.py:753} INFO - DAG(s) dict_keys(['example_short_circuit_decorator']) retrieved from /home/airflow/.local/lib/python3.7/site-packages/airflow/example_dags/example_short_circuit_decorator.py
[2025-10-05T17:28:08.126+0000] {logging_mixin.py:137} INFO - [2025-10-05T17:28:08.126+0000] {dag.py:2690} INFO - Sync 1 DAGs
[2025-10-05T17:28:08.156+0000] {logging_mixin.py:137} INFO - [2025-10-05T17:28:08.156+0000] {dag.py:3441} INFO - Setting next_dagrun for example_short_circuit_decorator to 2025-10-04T17:28:08.155955+00:00, run_after=2025-10-05T17:28:08.155955+00:00
[2025-10-05T17:28:08.191+0000] {processor.py:175} INFO - Processing /home/airflow/.local/lib/python3.7/site-packages/airflow/example_dags/example_short_circuit_decorator.py took 0.149 seconds
[2025-10-05T17:28:38.601+0000] {processor.py:153} INFO - Started process (PID=1855) to work on /home/airflow/.local/lib/python3.7/site-packages/airflow/example_dags/example_short_circuit_decorator.py
[2025-10-05T17:28:38.602+0000] {processor.py:743} INFO - Processing file /home/airflow/.local/lib/python3.7/site-packages/airflow/example_dags/example_short_circuit_decorator.py for tasks to queue
[2025-10-05T17:28:38.604+0000] {logging_mixin.py:137} INFO - [2025-10-05T17:28:38.603+0000] {dagbag.py:538} INFO - Filling up the DagBag from /home/airflow/.local/lib/python3.7/site-packages/airflow/example_dags/example_short_circuit_decorator.py
[2025-10-05T17:28:38.635+0000] {processor.py:753} INFO - DAG(s) dict_keys(['example_short_circuit_decorator']) retrieved from /home/airflow/.local/lib/python3.7/site-packages/airflow/example_dags/example_short_circuit_decorator.py
[2025-10-05T17:28:38.673+0000] {logging_mixin.py:137} INFO - [2025-10-05T17:28:38.673+0000] {dag.py:2690} INFO - Sync 1 DAGs
[2025-10-05T17:28:38.707+0000] {logging_mixin.py:137} INFO - [2025-10-05T17:28:38.707+0000] {dag.py:3441} INFO - Setting next_dagrun for example_short_circuit_decorator to 2025-10-04T17:28:38.707053+00:00, run_after=2025-10-05T17:28:38.707053+00:00
[2025-10-05T17:28:38.741+0000] {processor.py:175} INFO - Processing /home/airflow/.local/lib/python3.7/site-packages/airflow/example_dags/example_short_circuit_decorator.py took 0.144 seconds
[2025-10-05T17:29:09.632+0000] {processor.py:153} INFO - Started process (PID=1953) to work on /home/airflow/.local/lib/python3.7/site-packages/airflow/example_dags/example_short_circuit_decorator.py
[2025-10-05T17:29:09.634+0000] {processor.py:743} INFO - Processing file /home/airflow/.local/lib/python3.7/site-packages/airflow/example_dags/example_short_circuit_decorator.py for tasks to queue
[2025-10-05T17:29:09.635+0000] {logging_mixin.py:137} INFO - [2025-10-05T17:29:09.635+0000] {dagbag.py:538} INFO - Filling up the DagBag from /home/airflow/.local/lib/python3.7/site-packages/airflow/example_dags/example_short_circuit_decorator.py
[2025-10-05T17:29:09.707+0000] {processor.py:753} INFO - DAG(s) dict_keys(['example_short_circuit_decorator']) retrieved from /home/airflow/.local/lib/python3.7/site-packages/airflow/example_dags/example_short_circuit_decorator.py
[2025-10-05T17:29:09.772+0000] {logging_mixin.py:137} INFO - [2025-10-05T17:29:09.772+0000] {dag.py:2690} INFO - Sync 1 DAGs
[2025-10-05T17:29:09.809+0000] {logging_mixin.py:137} INFO - [2025-10-05T17:29:09.809+0000] {dag.py:3441} INFO - Setting next_dagrun for example_short_circuit_decorator to 2025-10-04T17:29:09.809123+00:00, run_after=2025-10-05T17:29:09.809123+00:00
[2025-10-05T17:29:09.838+0000] {processor.py:175} INFO - Processing /home/airflow/.local/lib/python3.7/site-packages/airflow/example_dags/example_short_circuit_decorator.py took 0.212 seconds
[2025-10-05T17:29:40.702+0000] {processor.py:153} INFO - Started process (PID=2057) to work on /home/airflow/.local/lib/python3.7/site-packages/airflow/example_dags/example_short_circuit_decorator.py
[2025-10-05T17:29:40.704+0000] {processor.py:743} INFO - Processing file /home/airflow/.local/lib/python3.7/site-packages/airflow/example_dags/example_short_circuit_decorator.py for tasks to queue
[2025-10-05T17:29:40.705+0000] {logging_mixin.py:137} INFO - [2025-10-05T17:29:40.705+0000] {dagbag.py:538} INFO - Filling up the DagBag from /home/airflow/.local/lib/python3.7/site-packages/airflow/example_dags/example_short_circuit_decorator.py
[2025-10-05T17:29:40.738+0000] {processor.py:753} INFO - DAG(s) dict_keys(['example_short_circuit_decorator']) retrieved from /home/airflow/.local/lib/python3.7/site-packages/airflow/example_dags/example_short_circuit_decorator.py
[2025-10-05T17:29:40.786+0000] {logging_mixin.py:137} INFO - [2025-10-05T17:29:40.786+0000] {dag.py:2690} INFO - Sync 1 DAGs
[2025-10-05T17:29:40.823+0000] {logging_mixin.py:137} INFO - [2025-10-05T17:29:40.823+0000] {dag.py:3441} INFO - Setting next_dagrun for example_short_circuit_decorator to 2025-10-04T17:29:40.823111+00:00, run_after=2025-10-05T17:29:40.823111+00:00
[2025-10-05T17:29:40.856+0000] {processor.py:175} INFO - Processing /home/airflow/.local/lib/python3.7/site-packages/airflow/example_dags/example_short_circuit_decorator.py took 0.159 seconds
[2025-10-05T17:30:11.113+0000] {processor.py:153} INFO - Started process (PID=2147) to work on /home/airflow/.local/lib/python3.7/site-packages/airflow/example_dags/example_short_circuit_decorator.py
[2025-10-05T17:30:11.114+0000] {processor.py:743} INFO - Processing file /home/airflow/.local/lib/python3.7/site-packages/airflow/example_dags/example_short_circuit_decorator.py for tasks to queue
[2025-10-05T17:30:11.115+0000] {logging_mixin.py:137} INFO - [2025-10-05T17:30:11.115+0000] {dagbag.py:538} INFO - Filling up the DagBag from /home/airflow/.local/lib/python3.7/site-packages/airflow/example_dags/example_short_circuit_decorator.py
[2025-10-05T17:30:11.142+0000] {processor.py:753} INFO - DAG(s) dict_keys(['example_short_circuit_decorator']) retrieved from /home/airflow/.local/lib/python3.7/site-packages/airflow/example_dags/example_short_circuit_decorator.py
[2025-10-05T17:30:11.174+0000] {logging_mixin.py:137} INFO - [2025-10-05T17:30:11.174+0000] {dag.py:2690} INFO - Sync 1 DAGs
[2025-10-05T17:30:11.202+0000] {logging_mixin.py:137} INFO - [2025-10-05T17:30:11.202+0000] {dag.py:3441} INFO - Setting next_dagrun for example_short_circuit_decorator to 2025-10-04T17:30:11.201733+00:00, run_after=2025-10-05T17:30:11.201733+00:00
[2025-10-05T17:30:11.233+0000] {processor.py:175} INFO - Processing /home/airflow/.local/lib/python3.7/site-packages/airflow/example_dags/example_short_circuit_decorator.py took 0.125 seconds
[2025-10-05T17:30:41.683+0000] {processor.py:153} INFO - Started process (PID=2261) to work on /home/airflow/.local/lib/python3.7/site-packages/airflow/example_dags/example_short_circuit_decorator.py
[2025-10-05T17:30:41.685+0000] {processor.py:743} INFO - Processing file /home/airflow/.local/lib/python3.7/site-packages/airflow/example_dags/example_short_circuit_decorator.py for tasks to queue
[2025-10-05T17:30:41.686+0000] {logging_mixin.py:137} INFO - [2025-10-05T17:30:41.686+0000] {dagbag.py:538} INFO - Filling up the DagBag from /home/airflow/.local/lib/python3.7/site-packages/airflow/example_dags/example_short_circuit_decorator.py
[2025-10-05T17:30:41.717+0000] {processor.py:753} INFO - DAG(s) dict_keys(['example_short_circuit_decorator']) retrieved from /home/airflow/.local/lib/python3.7/site-packages/airflow/example_dags/example_short_circuit_decorator.py
[2025-10-05T17:30:41.747+0000] {logging_mixin.py:137} INFO - [2025-10-05T17:30:41.747+0000] {dag.py:2690} INFO - Sync 1 DAGs
[2025-10-05T17:30:41.780+0000] {logging_mixin.py:137} INFO - [2025-10-05T17:30:41.779+0000] {dag.py:3441} INFO - Setting next_dagrun for example_short_circuit_decorator to 2025-10-04T17:30:41.779644+00:00, run_after=2025-10-05T17:30:41.779644+00:00
[2025-10-05T17:30:41.804+0000] {processor.py:175} INFO - Processing /home/airflow/.local/lib/python3.7/site-packages/airflow/example_dags/example_short_circuit_decorator.py took 0.125 seconds
[2025-10-05T17:31:12.720+0000] {processor.py:153} INFO - Started process (PID=2350) to work on /home/airflow/.local/lib/python3.7/site-packages/airflow/example_dags/example_short_circuit_decorator.py
[2025-10-05T17:31:12.722+0000] {processor.py:743} INFO - Processing file /home/airflow/.local/lib/python3.7/site-packages/airflow/example_dags/example_short_circuit_decorator.py for tasks to queue
[2025-10-05T17:31:12.723+0000] {logging_mixin.py:137} INFO - [2025-10-05T17:31:12.723+0000] {dagbag.py:538} INFO - Filling up the DagBag from /home/airflow/.local/lib/python3.7/site-packages/airflow/example_dags/example_short_circuit_decorator.py
[2025-10-05T17:31:12.749+0000] {processor.py:753} INFO - DAG(s) dict_keys(['example_short_circuit_decorator']) retrieved from /home/airflow/.local/lib/python3.7/site-packages/airflow/example_dags/example_short_circuit_decorator.py
[2025-10-05T17:31:12.780+0000] {logging_mixin.py:137} INFO - [2025-10-05T17:31:12.780+0000] {dag.py:2690} INFO - Sync 1 DAGs
[2025-10-05T17:31:12.808+0000] {logging_mixin.py:137} INFO - [2025-10-05T17:31:12.808+0000] {dag.py:3441} INFO - Setting next_dagrun for example_short_circuit_decorator to 2025-10-04T17:31:12.808296+00:00, run_after=2025-10-05T17:31:12.808296+00:00
[2025-10-05T17:31:12.834+0000] {processor.py:175} INFO - Processing /home/airflow/.local/lib/python3.7/site-packages/airflow/example_dags/example_short_circuit_decorator.py took 0.118 seconds
[2025-10-05T17:31:43.885+0000] {processor.py:153} INFO - Started process (PID=2464) to work on /home/airflow/.local/lib/python3.7/site-packages/airflow/example_dags/example_short_circuit_decorator.py
[2025-10-05T17:31:43.886+0000] {processor.py:743} INFO - Processing file /home/airflow/.local/lib/python3.7/site-packages/airflow/example_dags/example_short_circuit_decorator.py for tasks to queue
[2025-10-05T17:31:43.888+0000] {logging_mixin.py:137} INFO - [2025-10-05T17:31:43.887+0000] {dagbag.py:538} INFO - Filling up the DagBag from /home/airflow/.local/lib/python3.7/site-packages/airflow/example_dags/example_short_circuit_decorator.py
[2025-10-05T17:31:43.916+0000] {processor.py:753} INFO - DAG(s) dict_keys(['example_short_circuit_decorator']) retrieved from /home/airflow/.local/lib/python3.7/site-packages/airflow/example_dags/example_short_circuit_decorator.py
[2025-10-05T17:31:43.952+0000] {logging_mixin.py:137} INFO - [2025-10-05T17:31:43.952+0000] {dag.py:2690} INFO - Sync 1 DAGs
[2025-10-05T17:31:43.980+0000] {logging_mixin.py:137} INFO - [2025-10-05T17:31:43.980+0000] {dag.py:3441} INFO - Setting next_dagrun for example_short_circuit_decorator to 2025-10-04T17:31:43.980178+00:00, run_after=2025-10-05T17:31:43.980178+00:00
[2025-10-05T17:31:44.005+0000] {processor.py:175} INFO - Processing /home/airflow/.local/lib/python3.7/site-packages/airflow/example_dags/example_short_circuit_decorator.py took 0.124 seconds
[2025-10-05T17:32:14.461+0000] {processor.py:153} INFO - Started process (PID=2553) to work on /home/airflow/.local/lib/python3.7/site-packages/airflow/example_dags/example_short_circuit_decorator.py
[2025-10-05T17:32:14.462+0000] {processor.py:743} INFO - Processing file /home/airflow/.local/lib/python3.7/site-packages/airflow/example_dags/example_short_circuit_decorator.py for tasks to queue
[2025-10-05T17:32:14.463+0000] {logging_mixin.py:137} INFO - [2025-10-05T17:32:14.463+0000] {dagbag.py:538} INFO - Filling up the DagBag from /home/airflow/.local/lib/python3.7/site-packages/airflow/example_dags/example_short_circuit_decorator.py
[2025-10-05T17:32:14.488+0000] {processor.py:753} INFO - DAG(s) dict_keys(['example_short_circuit_decorator']) retrieved from /home/airflow/.local/lib/python3.7/site-packages/airflow/example_dags/example_short_circuit_decorator.py
[2025-10-05T17:32:14.519+0000] {logging_mixin.py:137} INFO - [2025-10-05T17:32:14.519+0000] {dag.py:2690} INFO - Sync 1 DAGs
[2025-10-05T17:32:14.548+0000] {logging_mixin.py:137} INFO - [2025-10-05T17:32:14.547+0000] {dag.py:3441} INFO - Setting next_dagrun for example_short_circuit_decorator to 2025-10-04T17:32:14.547711+00:00, run_after=2025-10-05T17:32:14.547711+00:00
[2025-10-05T17:32:14.571+0000] {processor.py:175} INFO - Processing /home/airflow/.local/lib/python3.7/site-packages/airflow/example_dags/example_short_circuit_decorator.py took 0.115 seconds
[2025-10-05T17:32:45.416+0000] {processor.py:153} INFO - Started process (PID=2666) to work on /home/airflow/.local/lib/python3.7/site-packages/airflow/example_dags/example_short_circuit_decorator.py
[2025-10-05T17:32:45.418+0000] {processor.py:743} INFO - Processing file /home/airflow/.local/lib/python3.7/site-packages/airflow/example_dags/example_short_circuit_decorator.py for tasks to queue
[2025-10-05T17:32:45.419+0000] {logging_mixin.py:137} INFO - [2025-10-05T17:32:45.419+0000] {dagbag.py:538} INFO - Filling up the DagBag from /home/airflow/.local/lib/python3.7/site-packages/airflow/example_dags/example_short_circuit_decorator.py
[2025-10-05T17:32:45.446+0000] {processor.py:753} INFO - DAG(s) dict_keys(['example_short_circuit_decorator']) retrieved from /home/airflow/.local/lib/python3.7/site-packages/airflow/example_dags/example_short_circuit_decorator.py
[2025-10-05T17:32:45.476+0000] {logging_mixin.py:137} INFO - [2025-10-05T17:32:45.476+0000] {dag.py:2690} INFO - Sync 1 DAGs
[2025-10-05T17:32:45.502+0000] {logging_mixin.py:137} INFO - [2025-10-05T17:32:45.502+0000] {dag.py:3441} INFO - Setting next_dagrun for example_short_circuit_decorator to 2025-10-04T17:32:45.502228+00:00, run_after=2025-10-05T17:32:45.502228+00:00
[2025-10-05T17:32:45.528+0000] {processor.py:175} INFO - Processing /home/airflow/.local/lib/python3.7/site-packages/airflow/example_dags/example_short_circuit_decorator.py took 0.117 seconds
[2025-10-05T17:33:15.972+0000] {processor.py:153} INFO - Started process (PID=2755) to work on /home/airflow/.local/lib/python3.7/site-packages/airflow/example_dags/example_short_circuit_decorator.py
[2025-10-05T17:33:15.973+0000] {processor.py:743} INFO - Processing file /home/airflow/.local/lib/python3.7/site-packages/airflow/example_dags/example_short_circuit_decorator.py for tasks to queue
[2025-10-05T17:33:15.975+0000] {logging_mixin.py:137} INFO - [2025-10-05T17:33:15.974+0000] {dagbag.py:538} INFO - Filling up the DagBag from /home/airflow/.local/lib/python3.7/site-packages/airflow/example_dags/example_short_circuit_decorator.py
[2025-10-05T17:33:16.005+0000] {processor.py:753} INFO - DAG(s) dict_keys(['example_short_circuit_decorator']) retrieved from /home/airflow/.local/lib/python3.7/site-packages/airflow/example_dags/example_short_circuit_decorator.py
[2025-10-05T17:33:16.042+0000] {logging_mixin.py:137} INFO - [2025-10-05T17:33:16.042+0000] {dag.py:2690} INFO - Sync 1 DAGs
[2025-10-05T17:33:16.073+0000] {logging_mixin.py:137} INFO - [2025-10-05T17:33:16.073+0000] {dag.py:3441} INFO - Setting next_dagrun for example_short_circuit_decorator to 2025-10-04T17:33:16.072815+00:00, run_after=2025-10-05T17:33:16.072815+00:00
[2025-10-05T17:33:16.101+0000] {processor.py:175} INFO - Processing /home/airflow/.local/lib/python3.7/site-packages/airflow/example_dags/example_short_circuit_decorator.py took 0.133 seconds
[2025-10-05T17:33:46.227+0000] {processor.py:153} INFO - Started process (PID=2843) to work on /home/airflow/.local/lib/python3.7/site-packages/airflow/example_dags/example_short_circuit_decorator.py
[2025-10-05T17:33:46.229+0000] {processor.py:743} INFO - Processing file /home/airflow/.local/lib/python3.7/site-packages/airflow/example_dags/example_short_circuit_decorator.py for tasks to queue
[2025-10-05T17:33:46.230+0000] {logging_mixin.py:137} INFO - [2025-10-05T17:33:46.230+0000] {dagbag.py:538} INFO - Filling up the DagBag from /home/airflow/.local/lib/python3.7/site-packages/airflow/example_dags/example_short_circuit_decorator.py
[2025-10-05T17:33:46.257+0000] {processor.py:753} INFO - DAG(s) dict_keys(['example_short_circuit_decorator']) retrieved from /home/airflow/.local/lib/python3.7/site-packages/airflow/example_dags/example_short_circuit_decorator.py
[2025-10-05T17:33:46.293+0000] {logging_mixin.py:137} INFO - [2025-10-05T17:33:46.293+0000] {dag.py:2690} INFO - Sync 1 DAGs
[2025-10-05T17:33:46.323+0000] {logging_mixin.py:137} INFO - [2025-10-05T17:33:46.323+0000] {dag.py:3441} INFO - Setting next_dagrun for example_short_circuit_decorator to 2025-10-04T17:33:46.323353+00:00, run_after=2025-10-05T17:33:46.323353+00:00
[2025-10-05T17:33:46.353+0000] {processor.py:175} INFO - Processing /home/airflow/.local/lib/python3.7/site-packages/airflow/example_dags/example_short_circuit_decorator.py took 0.130 seconds
[2025-10-05T17:34:16.956+0000] {processor.py:153} INFO - Started process (PID=2956) to work on /home/airflow/.local/lib/python3.7/site-packages/airflow/example_dags/example_short_circuit_decorator.py
[2025-10-05T17:34:16.957+0000] {processor.py:743} INFO - Processing file /home/airflow/.local/lib/python3.7/site-packages/airflow/example_dags/example_short_circuit_decorator.py for tasks to queue
[2025-10-05T17:34:16.958+0000] {logging_mixin.py:137} INFO - [2025-10-05T17:34:16.958+0000] {dagbag.py:538} INFO - Filling up the DagBag from /home/airflow/.local/lib/python3.7/site-packages/airflow/example_dags/example_short_circuit_decorator.py
[2025-10-05T17:34:16.984+0000] {processor.py:753} INFO - DAG(s) dict_keys(['example_short_circuit_decorator']) retrieved from /home/airflow/.local/lib/python3.7/site-packages/airflow/example_dags/example_short_circuit_decorator.py
[2025-10-05T17:34:17.015+0000] {logging_mixin.py:137} INFO - [2025-10-05T17:34:17.015+0000] {dag.py:2690} INFO - Sync 1 DAGs
[2025-10-05T17:34:17.042+0000] {logging_mixin.py:137} INFO - [2025-10-05T17:34:17.042+0000] {dag.py:3441} INFO - Setting next_dagrun for example_short_circuit_decorator to 2025-10-04T17:34:17.042379+00:00, run_after=2025-10-05T17:34:17.042379+00:00
[2025-10-05T17:34:17.072+0000] {processor.py:175} INFO - Processing /home/airflow/.local/lib/python3.7/site-packages/airflow/example_dags/example_short_circuit_decorator.py took 0.120 seconds
[2025-10-05T17:34:47.386+0000] {processor.py:153} INFO - Started process (PID=3045) to work on /home/airflow/.local/lib/python3.7/site-packages/airflow/example_dags/example_short_circuit_decorator.py
[2025-10-05T17:34:47.388+0000] {processor.py:743} INFO - Processing file /home/airflow/.local/lib/python3.7/site-packages/airflow/example_dags/example_short_circuit_decorator.py for tasks to queue
[2025-10-05T17:34:47.389+0000] {logging_mixin.py:137} INFO - [2025-10-05T17:34:47.389+0000] {dagbag.py:538} INFO - Filling up the DagBag from /home/airflow/.local/lib/python3.7/site-packages/airflow/example_dags/example_short_circuit_decorator.py
[2025-10-05T17:34:47.429+0000] {processor.py:753} INFO - DAG(s) dict_keys(['example_short_circuit_decorator']) retrieved from /home/airflow/.local/lib/python3.7/site-packages/airflow/example_dags/example_short_circuit_decorator.py
[2025-10-05T17:34:47.467+0000] {logging_mixin.py:137} INFO - [2025-10-05T17:34:47.467+0000] {dag.py:2690} INFO - Sync 1 DAGs
[2025-10-05T17:34:47.499+0000] {logging_mixin.py:137} INFO - [2025-10-05T17:34:47.499+0000] {dag.py:3441} INFO - Setting next_dagrun for example_short_circuit_decorator to 2025-10-04T17:34:47.499025+00:00, run_after=2025-10-05T17:34:47.499025+00:00
[2025-10-05T17:34:47.530+0000] {processor.py:175} INFO - Processing /home/airflow/.local/lib/python3.7/site-packages/airflow/example_dags/example_short_circuit_decorator.py took 0.151 seconds
[2025-10-05T17:35:17.849+0000] {processor.py:153} INFO - Started process (PID=3143) to work on /home/airflow/.local/lib/python3.7/site-packages/airflow/example_dags/example_short_circuit_decorator.py
[2025-10-05T17:35:17.850+0000] {processor.py:743} INFO - Processing file /home/airflow/.local/lib/python3.7/site-packages/airflow/example_dags/example_short_circuit_decorator.py for tasks to queue
[2025-10-05T17:35:17.852+0000] {logging_mixin.py:137} INFO - [2025-10-05T17:35:17.851+0000] {dagbag.py:538} INFO - Filling up the DagBag from /home/airflow/.local/lib/python3.7/site-packages/airflow/example_dags/example_short_circuit_decorator.py
[2025-10-05T17:35:17.881+0000] {processor.py:753} INFO - DAG(s) dict_keys(['example_short_circuit_decorator']) retrieved from /home/airflow/.local/lib/python3.7/site-packages/airflow/example_dags/example_short_circuit_decorator.py
[2025-10-05T17:35:17.959+0000] {logging_mixin.py:137} INFO - [2025-10-05T17:35:17.959+0000] {dag.py:2690} INFO - Sync 1 DAGs
[2025-10-05T17:35:18.041+0000] {logging_mixin.py:137} INFO - [2025-10-05T17:35:18.041+0000] {dag.py:3441} INFO - Setting next_dagrun for example_short_circuit_decorator to 2025-10-04T17:35:18.040858+00:00, run_after=2025-10-05T17:35:18.040858+00:00
[2025-10-05T17:35:18.076+0000] {processor.py:175} INFO - Processing /home/airflow/.local/lib/python3.7/site-packages/airflow/example_dags/example_short_circuit_decorator.py took 0.232 seconds
[2025-10-05T17:35:48.475+0000] {processor.py:153} INFO - Started process (PID=3247) to work on /home/airflow/.local/lib/python3.7/site-packages/airflow/example_dags/example_short_circuit_decorator.py
[2025-10-05T17:35:48.478+0000] {processor.py:743} INFO - Processing file /home/airflow/.local/lib/python3.7/site-packages/airflow/example_dags/example_short_circuit_decorator.py for tasks to queue
[2025-10-05T17:35:48.479+0000] {logging_mixin.py:137} INFO - [2025-10-05T17:35:48.479+0000] {dagbag.py:538} INFO - Filling up the DagBag from /home/airflow/.local/lib/python3.7/site-packages/airflow/example_dags/example_short_circuit_decorator.py
[2025-10-05T17:35:48.535+0000] {processor.py:753} INFO - DAG(s) dict_keys(['example_short_circuit_decorator']) retrieved from /home/airflow/.local/lib/python3.7/site-packages/airflow/example_dags/example_short_circuit_decorator.py
[2025-10-05T17:35:48.603+0000] {logging_mixin.py:137} INFO - [2025-10-05T17:35:48.603+0000] {dag.py:2690} INFO - Sync 1 DAGs
[2025-10-05T17:35:48.650+0000] {logging_mixin.py:137} INFO - [2025-10-05T17:35:48.650+0000] {dag.py:3441} INFO - Setting next_dagrun for example_short_circuit_decorator to 2025-10-04T17:35:48.650434+00:00, run_after=2025-10-05T17:35:48.650434+00:00
[2025-10-05T17:35:48.685+0000] {processor.py:175} INFO - Processing /home/airflow/.local/lib/python3.7/site-packages/airflow/example_dags/example_short_circuit_decorator.py took 0.216 seconds
[2025-10-05T17:36:19.372+0000] {processor.py:153} INFO - Started process (PID=3336) to work on /home/airflow/.local/lib/python3.7/site-packages/airflow/example_dags/example_short_circuit_decorator.py
[2025-10-05T17:36:19.373+0000] {processor.py:743} INFO - Processing file /home/airflow/.local/lib/python3.7/site-packages/airflow/example_dags/example_short_circuit_decorator.py for tasks to queue
[2025-10-05T17:36:19.375+0000] {logging_mixin.py:137} INFO - [2025-10-05T17:36:19.375+0000] {dagbag.py:538} INFO - Filling up the DagBag from /home/airflow/.local/lib/python3.7/site-packages/airflow/example_dags/example_short_circuit_decorator.py
[2025-10-05T17:36:19.402+0000] {processor.py:753} INFO - DAG(s) dict_keys(['example_short_circuit_decorator']) retrieved from /home/airflow/.local/lib/python3.7/site-packages/airflow/example_dags/example_short_circuit_decorator.py
[2025-10-05T17:36:19.434+0000] {logging_mixin.py:137} INFO - [2025-10-05T17:36:19.434+0000] {dag.py:2690} INFO - Sync 1 DAGs
[2025-10-05T17:36:19.461+0000] {logging_mixin.py:137} INFO - [2025-10-05T17:36:19.461+0000] {dag.py:3441} INFO - Setting next_dagrun for example_short_circuit_decorator to 2025-10-04T17:36:19.461324+00:00, run_after=2025-10-05T17:36:19.461324+00:00
[2025-10-05T17:36:19.489+0000] {processor.py:175} INFO - Processing /home/airflow/.local/lib/python3.7/site-packages/airflow/example_dags/example_short_circuit_decorator.py took 0.122 seconds
[2025-10-05T17:36:50.416+0000] {processor.py:153} INFO - Started process (PID=3450) to work on /home/airflow/.local/lib/python3.7/site-packages/airflow/example_dags/example_short_circuit_decorator.py
[2025-10-05T17:36:50.418+0000] {processor.py:743} INFO - Processing file /home/airflow/.local/lib/python3.7/site-packages/airflow/example_dags/example_short_circuit_decorator.py for tasks to queue
[2025-10-05T17:36:50.419+0000] {logging_mixin.py:137} INFO - [2025-10-05T17:36:50.419+0000] {dagbag.py:538} INFO - Filling up the DagBag from /home/airflow/.local/lib/python3.7/site-packages/airflow/example_dags/example_short_circuit_decorator.py
[2025-10-05T17:36:50.451+0000] {processor.py:753} INFO - DAG(s) dict_keys(['example_short_circuit_decorator']) retrieved from /home/airflow/.local/lib/python3.7/site-packages/airflow/example_dags/example_short_circuit_decorator.py
[2025-10-05T17:36:50.488+0000] {logging_mixin.py:137} INFO - [2025-10-05T17:36:50.488+0000] {dag.py:2690} INFO - Sync 1 DAGs
[2025-10-05T17:36:50.520+0000] {logging_mixin.py:137} INFO - [2025-10-05T17:36:50.518+0000] {dag.py:3441} INFO - Setting next_dagrun for example_short_circuit_decorator to 2025-10-04T17:36:50.518421+00:00, run_after=2025-10-05T17:36:50.518421+00:00
[2025-10-05T17:36:50.547+0000] {processor.py:175} INFO - Processing /home/airflow/.local/lib/python3.7/site-packages/airflow/example_dags/example_short_circuit_decorator.py took 0.137 seconds
