[2025-10-05T17:19:28.056+0000] {processor.py:153} INFO - Started process (PID=103) to work on /home/airflow/.local/lib/python3.7/site-packages/airflow/example_dags/example_branch_operator.py
[2025-10-05T17:19:28.058+0000] {processor.py:743} INFO - Processing file /home/airflow/.local/lib/python3.7/site-packages/airflow/example_dags/example_branch_operator.py for tasks to queue
[2025-10-05T17:19:28.059+0000] {logging_mixin.py:137} INFO - [2025-10-05T17:19:28.059+0000] {dagbag.py:538} INFO - Filling up the DagBag from /home/airflow/.local/lib/python3.7/site-packages/airflow/example_dags/example_branch_operator.py
[2025-10-05T17:19:28.085+0000] {processor.py:753} INFO - DAG(s) dict_keys(['example_branch_operator']) retrieved from /home/airflow/.local/lib/python3.7/site-packages/airflow/example_dags/example_branch_operator.py
[2025-10-05T17:19:28.118+0000] {logging_mixin.py:137} INFO - [2025-10-05T17:19:28.117+0000] {dag.py:2690} INFO - Sync 1 DAGs
[2025-10-05T17:19:28.147+0000] {logging_mixin.py:137} INFO - [2025-10-05T17:19:28.146+0000] {dag.py:3441} INFO - Setting next_dagrun for example_branch_operator to 2025-10-04T00:00:00+00:00, run_after=2025-10-05T00:00:00+00:00
[2025-10-05T17:19:28.175+0000] {processor.py:175} INFO - Processing /home/airflow/.local/lib/python3.7/site-packages/airflow/example_dags/example_branch_operator.py took 0.122 seconds
[2025-10-05T17:19:58.478+0000] {processor.py:153} INFO - Started process (PID=198) to work on /home/airflow/.local/lib/python3.7/site-packages/airflow/example_dags/example_branch_operator.py
[2025-10-05T17:19:58.480+0000] {processor.py:743} INFO - Processing file /home/airflow/.local/lib/python3.7/site-packages/airflow/example_dags/example_branch_operator.py for tasks to queue
[2025-10-05T17:19:58.481+0000] {logging_mixin.py:137} INFO - [2025-10-05T17:19:58.481+0000] {dagbag.py:538} INFO - Filling up the DagBag from /home/airflow/.local/lib/python3.7/site-packages/airflow/example_dags/example_branch_operator.py
[2025-10-05T17:19:58.510+0000] {processor.py:753} INFO - DAG(s) dict_keys(['example_branch_operator']) retrieved from /home/airflow/.local/lib/python3.7/site-packages/airflow/example_dags/example_branch_operator.py
[2025-10-05T17:19:58.546+0000] {logging_mixin.py:137} INFO - [2025-10-05T17:19:58.546+0000] {dag.py:2690} INFO - Sync 1 DAGs
[2025-10-05T17:19:58.583+0000] {logging_mixin.py:137} INFO - [2025-10-05T17:19:58.583+0000] {dag.py:3441} INFO - Setting next_dagrun for example_branch_operator to 2025-10-04T00:00:00+00:00, run_after=2025-10-05T00:00:00+00:00
[2025-10-05T17:19:58.616+0000] {processor.py:175} INFO - Processing /home/airflow/.local/lib/python3.7/site-packages/airflow/example_dags/example_branch_operator.py took 0.144 seconds
[2025-10-05T17:20:29.124+0000] {processor.py:153} INFO - Started process (PID=305) to work on /home/airflow/.local/lib/python3.7/site-packages/airflow/example_dags/example_branch_operator.py
[2025-10-05T17:20:29.126+0000] {processor.py:743} INFO - Processing file /home/airflow/.local/lib/python3.7/site-packages/airflow/example_dags/example_branch_operator.py for tasks to queue
[2025-10-05T17:20:29.128+0000] {logging_mixin.py:137} INFO - [2025-10-05T17:20:29.127+0000] {dagbag.py:538} INFO - Filling up the DagBag from /home/airflow/.local/lib/python3.7/site-packages/airflow/example_dags/example_branch_operator.py
[2025-10-05T17:20:29.149+0000] {processor.py:753} INFO - DAG(s) dict_keys(['example_branch_operator']) retrieved from /home/airflow/.local/lib/python3.7/site-packages/airflow/example_dags/example_branch_operator.py
[2025-10-05T17:20:29.184+0000] {logging_mixin.py:137} INFO - [2025-10-05T17:20:29.184+0000] {dag.py:2690} INFO - Sync 1 DAGs
[2025-10-05T17:20:29.215+0000] {logging_mixin.py:137} INFO - [2025-10-05T17:20:29.215+0000] {dag.py:3441} INFO - Setting next_dagrun for example_branch_operator to 2025-10-04T00:00:00+00:00, run_after=2025-10-05T00:00:00+00:00
[2025-10-05T17:20:29.242+0000] {processor.py:175} INFO - Processing /home/airflow/.local/lib/python3.7/site-packages/airflow/example_dags/example_branch_operator.py took 0.122 seconds
[2025-10-05T17:21:00.126+0000] {processor.py:153} INFO - Started process (PID=394) to work on /home/airflow/.local/lib/python3.7/site-packages/airflow/example_dags/example_branch_operator.py
[2025-10-05T17:21:00.128+0000] {processor.py:743} INFO - Processing file /home/airflow/.local/lib/python3.7/site-packages/airflow/example_dags/example_branch_operator.py for tasks to queue
[2025-10-05T17:21:00.129+0000] {logging_mixin.py:137} INFO - [2025-10-05T17:21:00.129+0000] {dagbag.py:538} INFO - Filling up the DagBag from /home/airflow/.local/lib/python3.7/site-packages/airflow/example_dags/example_branch_operator.py
[2025-10-05T17:21:00.148+0000] {processor.py:753} INFO - DAG(s) dict_keys(['example_branch_operator']) retrieved from /home/airflow/.local/lib/python3.7/site-packages/airflow/example_dags/example_branch_operator.py
[2025-10-05T17:21:00.182+0000] {logging_mixin.py:137} INFO - [2025-10-05T17:21:00.182+0000] {dag.py:2690} INFO - Sync 1 DAGs
[2025-10-05T17:21:00.212+0000] {logging_mixin.py:137} INFO - [2025-10-05T17:21:00.212+0000] {dag.py:3441} INFO - Setting next_dagrun for example_branch_operator to 2025-10-04T00:00:00+00:00, run_after=2025-10-05T00:00:00+00:00
[2025-10-05T17:21:00.239+0000] {processor.py:175} INFO - Processing /home/airflow/.local/lib/python3.7/site-packages/airflow/example_dags/example_branch_operator.py took 0.117 seconds
[2025-10-05T17:21:31.598+0000] {processor.py:153} INFO - Started process (PID=507) to work on /home/airflow/.local/lib/python3.7/site-packages/airflow/example_dags/example_branch_operator.py
[2025-10-05T17:21:31.599+0000] {processor.py:743} INFO - Processing file /home/airflow/.local/lib/python3.7/site-packages/airflow/example_dags/example_branch_operator.py for tasks to queue
[2025-10-05T17:21:31.601+0000] {logging_mixin.py:137} INFO - [2025-10-05T17:21:31.600+0000] {dagbag.py:538} INFO - Filling up the DagBag from /home/airflow/.local/lib/python3.7/site-packages/airflow/example_dags/example_branch_operator.py
[2025-10-05T17:21:31.623+0000] {processor.py:753} INFO - DAG(s) dict_keys(['example_branch_operator']) retrieved from /home/airflow/.local/lib/python3.7/site-packages/airflow/example_dags/example_branch_operator.py
[2025-10-05T17:21:31.658+0000] {logging_mixin.py:137} INFO - [2025-10-05T17:21:31.658+0000] {dag.py:2690} INFO - Sync 1 DAGs
[2025-10-05T17:21:31.689+0000] {logging_mixin.py:137} INFO - [2025-10-05T17:21:31.688+0000] {dag.py:3441} INFO - Setting next_dagrun for example_branch_operator to 2025-10-04T00:00:00+00:00, run_after=2025-10-05T00:00:00+00:00
[2025-10-05T17:21:31.714+0000] {processor.py:175} INFO - Processing /home/airflow/.local/lib/python3.7/site-packages/airflow/example_dags/example_branch_operator.py took 0.121 seconds
[2025-10-05T17:22:01.863+0000] {processor.py:153} INFO - Started process (PID=596) to work on /home/airflow/.local/lib/python3.7/site-packages/airflow/example_dags/example_branch_operator.py
[2025-10-05T17:22:01.865+0000] {processor.py:743} INFO - Processing file /home/airflow/.local/lib/python3.7/site-packages/airflow/example_dags/example_branch_operator.py for tasks to queue
[2025-10-05T17:22:01.866+0000] {logging_mixin.py:137} INFO - [2025-10-05T17:22:01.865+0000] {dagbag.py:538} INFO - Filling up the DagBag from /home/airflow/.local/lib/python3.7/site-packages/airflow/example_dags/example_branch_operator.py
[2025-10-05T17:22:01.888+0000] {processor.py:753} INFO - DAG(s) dict_keys(['example_branch_operator']) retrieved from /home/airflow/.local/lib/python3.7/site-packages/airflow/example_dags/example_branch_operator.py
[2025-10-05T17:22:01.921+0000] {logging_mixin.py:137} INFO - [2025-10-05T17:22:01.921+0000] {dag.py:2690} INFO - Sync 1 DAGs
[2025-10-05T17:22:01.953+0000] {logging_mixin.py:137} INFO - [2025-10-05T17:22:01.953+0000] {dag.py:3441} INFO - Setting next_dagrun for example_branch_operator to 2025-10-04T00:00:00+00:00, run_after=2025-10-05T00:00:00+00:00
[2025-10-05T17:22:01.979+0000] {processor.py:175} INFO - Processing /home/airflow/.local/lib/python3.7/site-packages/airflow/example_dags/example_branch_operator.py took 0.121 seconds
[2025-10-05T17:22:32.317+0000] {processor.py:153} INFO - Started process (PID=692) to work on /home/airflow/.local/lib/python3.7/site-packages/airflow/example_dags/example_branch_operator.py
[2025-10-05T17:22:32.319+0000] {processor.py:743} INFO - Processing file /home/airflow/.local/lib/python3.7/site-packages/airflow/example_dags/example_branch_operator.py for tasks to queue
[2025-10-05T17:22:32.320+0000] {logging_mixin.py:137} INFO - [2025-10-05T17:22:32.320+0000] {dagbag.py:538} INFO - Filling up the DagBag from /home/airflow/.local/lib/python3.7/site-packages/airflow/example_dags/example_branch_operator.py
[2025-10-05T17:22:32.344+0000] {processor.py:753} INFO - DAG(s) dict_keys(['example_branch_operator']) retrieved from /home/airflow/.local/lib/python3.7/site-packages/airflow/example_dags/example_branch_operator.py
[2025-10-05T17:22:32.381+0000] {logging_mixin.py:137} INFO - [2025-10-05T17:22:32.380+0000] {dag.py:2690} INFO - Sync 1 DAGs
[2025-10-05T17:22:32.418+0000] {logging_mixin.py:137} INFO - [2025-10-05T17:22:32.417+0000] {dag.py:3441} INFO - Setting next_dagrun for example_branch_operator to 2025-10-04T00:00:00+00:00, run_after=2025-10-05T00:00:00+00:00
[2025-10-05T17:22:32.446+0000] {processor.py:175} INFO - Processing /home/airflow/.local/lib/python3.7/site-packages/airflow/example_dags/example_branch_operator.py took 0.132 seconds
[2025-10-05T17:23:02.883+0000] {processor.py:153} INFO - Started process (PID=798) to work on /home/airflow/.local/lib/python3.7/site-packages/airflow/example_dags/example_branch_operator.py
[2025-10-05T17:23:02.884+0000] {processor.py:743} INFO - Processing file /home/airflow/.local/lib/python3.7/site-packages/airflow/example_dags/example_branch_operator.py for tasks to queue
[2025-10-05T17:23:02.885+0000] {logging_mixin.py:137} INFO - [2025-10-05T17:23:02.885+0000] {dagbag.py:538} INFO - Filling up the DagBag from /home/airflow/.local/lib/python3.7/site-packages/airflow/example_dags/example_branch_operator.py
[2025-10-05T17:23:02.905+0000] {processor.py:753} INFO - DAG(s) dict_keys(['example_branch_operator']) retrieved from /home/airflow/.local/lib/python3.7/site-packages/airflow/example_dags/example_branch_operator.py
[2025-10-05T17:23:02.939+0000] {logging_mixin.py:137} INFO - [2025-10-05T17:23:02.939+0000] {dag.py:2690} INFO - Sync 1 DAGs
[2025-10-05T17:23:02.965+0000] {logging_mixin.py:137} INFO - [2025-10-05T17:23:02.965+0000] {dag.py:3441} INFO - Setting next_dagrun for example_branch_operator to 2025-10-04T00:00:00+00:00, run_after=2025-10-05T00:00:00+00:00
[2025-10-05T17:23:02.993+0000] {processor.py:175} INFO - Processing /home/airflow/.local/lib/python3.7/site-packages/airflow/example_dags/example_branch_operator.py took 0.114 seconds
[2025-10-05T17:23:33.708+0000] {processor.py:153} INFO - Started process (PID=888) to work on /home/airflow/.local/lib/python3.7/site-packages/airflow/example_dags/example_branch_operator.py
[2025-10-05T17:23:33.709+0000] {processor.py:743} INFO - Processing file /home/airflow/.local/lib/python3.7/site-packages/airflow/example_dags/example_branch_operator.py for tasks to queue
[2025-10-05T17:23:33.710+0000] {logging_mixin.py:137} INFO - [2025-10-05T17:23:33.710+0000] {dagbag.py:538} INFO - Filling up the DagBag from /home/airflow/.local/lib/python3.7/site-packages/airflow/example_dags/example_branch_operator.py
[2025-10-05T17:23:33.732+0000] {processor.py:753} INFO - DAG(s) dict_keys(['example_branch_operator']) retrieved from /home/airflow/.local/lib/python3.7/site-packages/airflow/example_dags/example_branch_operator.py
[2025-10-05T17:23:33.767+0000] {logging_mixin.py:137} INFO - [2025-10-05T17:23:33.767+0000] {dag.py:2690} INFO - Sync 1 DAGs
[2025-10-05T17:23:33.800+0000] {logging_mixin.py:137} INFO - [2025-10-05T17:23:33.800+0000] {dag.py:3441} INFO - Setting next_dagrun for example_branch_operator to 2025-10-04T00:00:00+00:00, run_after=2025-10-05T00:00:00+00:00
[2025-10-05T17:23:33.827+0000] {processor.py:175} INFO - Processing /home/airflow/.local/lib/python3.7/site-packages/airflow/example_dags/example_branch_operator.py took 0.124 seconds
[2025-10-05T17:24:04.383+0000] {processor.py:153} INFO - Started process (PID=1001) to work on /home/airflow/.local/lib/python3.7/site-packages/airflow/example_dags/example_branch_operator.py
[2025-10-05T17:24:04.385+0000] {processor.py:743} INFO - Processing file /home/airflow/.local/lib/python3.7/site-packages/airflow/example_dags/example_branch_operator.py for tasks to queue
[2025-10-05T17:24:04.386+0000] {logging_mixin.py:137} INFO - [2025-10-05T17:24:04.386+0000] {dagbag.py:538} INFO - Filling up the DagBag from /home/airflow/.local/lib/python3.7/site-packages/airflow/example_dags/example_branch_operator.py
[2025-10-05T17:24:04.405+0000] {processor.py:753} INFO - DAG(s) dict_keys(['example_branch_operator']) retrieved from /home/airflow/.local/lib/python3.7/site-packages/airflow/example_dags/example_branch_operator.py
[2025-10-05T17:24:04.436+0000] {logging_mixin.py:137} INFO - [2025-10-05T17:24:04.436+0000] {dag.py:2690} INFO - Sync 1 DAGs
[2025-10-05T17:24:04.466+0000] {logging_mixin.py:137} INFO - [2025-10-05T17:24:04.466+0000] {dag.py:3441} INFO - Setting next_dagrun for example_branch_operator to 2025-10-04T00:00:00+00:00, run_after=2025-10-05T00:00:00+00:00
[2025-10-05T17:24:04.490+0000] {processor.py:175} INFO - Processing /home/airflow/.local/lib/python3.7/site-packages/airflow/example_dags/example_branch_operator.py took 0.111 seconds
[2025-10-05T17:24:34.866+0000] {processor.py:153} INFO - Started process (PID=1090) to work on /home/airflow/.local/lib/python3.7/site-packages/airflow/example_dags/example_branch_operator.py
[2025-10-05T17:24:34.868+0000] {processor.py:743} INFO - Processing file /home/airflow/.local/lib/python3.7/site-packages/airflow/example_dags/example_branch_operator.py for tasks to queue
[2025-10-05T17:24:34.870+0000] {logging_mixin.py:137} INFO - [2025-10-05T17:24:34.870+0000] {dagbag.py:538} INFO - Filling up the DagBag from /home/airflow/.local/lib/python3.7/site-packages/airflow/example_dags/example_branch_operator.py
[2025-10-05T17:24:34.890+0000] {processor.py:753} INFO - DAG(s) dict_keys(['example_branch_operator']) retrieved from /home/airflow/.local/lib/python3.7/site-packages/airflow/example_dags/example_branch_operator.py
[2025-10-05T17:24:34.921+0000] {logging_mixin.py:137} INFO - [2025-10-05T17:24:34.921+0000] {dag.py:2690} INFO - Sync 1 DAGs
[2025-10-05T17:24:34.951+0000] {logging_mixin.py:137} INFO - [2025-10-05T17:24:34.951+0000] {dag.py:3441} INFO - Setting next_dagrun for example_branch_operator to 2025-10-04T00:00:00+00:00, run_after=2025-10-05T00:00:00+00:00
[2025-10-05T17:24:34.974+0000] {processor.py:175} INFO - Processing /home/airflow/.local/lib/python3.7/site-packages/airflow/example_dags/example_branch_operator.py took 0.113 seconds
[2025-10-05T17:25:05.861+0000] {processor.py:153} INFO - Started process (PID=1203) to work on /home/airflow/.local/lib/python3.7/site-packages/airflow/example_dags/example_branch_operator.py
[2025-10-05T17:25:05.863+0000] {processor.py:743} INFO - Processing file /home/airflow/.local/lib/python3.7/site-packages/airflow/example_dags/example_branch_operator.py for tasks to queue
[2025-10-05T17:25:05.864+0000] {logging_mixin.py:137} INFO - [2025-10-05T17:25:05.864+0000] {dagbag.py:538} INFO - Filling up the DagBag from /home/airflow/.local/lib/python3.7/site-packages/airflow/example_dags/example_branch_operator.py
[2025-10-05T17:25:05.886+0000] {processor.py:753} INFO - DAG(s) dict_keys(['example_branch_operator']) retrieved from /home/airflow/.local/lib/python3.7/site-packages/airflow/example_dags/example_branch_operator.py
[2025-10-05T17:25:05.922+0000] {logging_mixin.py:137} INFO - [2025-10-05T17:25:05.922+0000] {dag.py:2690} INFO - Sync 1 DAGs
[2025-10-05T17:25:05.956+0000] {logging_mixin.py:137} INFO - [2025-10-05T17:25:05.956+0000] {dag.py:3441} INFO - Setting next_dagrun for example_branch_operator to 2025-10-04T00:00:00+00:00, run_after=2025-10-05T00:00:00+00:00
[2025-10-05T17:25:05.985+0000] {processor.py:175} INFO - Processing /home/airflow/.local/lib/python3.7/site-packages/airflow/example_dags/example_branch_operator.py took 0.128 seconds
[2025-10-05T17:25:36.750+0000] {processor.py:153} INFO - Started process (PID=1292) to work on /home/airflow/.local/lib/python3.7/site-packages/airflow/example_dags/example_branch_operator.py
[2025-10-05T17:25:36.751+0000] {processor.py:743} INFO - Processing file /home/airflow/.local/lib/python3.7/site-packages/airflow/example_dags/example_branch_operator.py for tasks to queue
[2025-10-05T17:25:36.752+0000] {logging_mixin.py:137} INFO - [2025-10-05T17:25:36.752+0000] {dagbag.py:538} INFO - Filling up the DagBag from /home/airflow/.local/lib/python3.7/site-packages/airflow/example_dags/example_branch_operator.py
[2025-10-05T17:25:36.771+0000] {processor.py:753} INFO - DAG(s) dict_keys(['example_branch_operator']) retrieved from /home/airflow/.local/lib/python3.7/site-packages/airflow/example_dags/example_branch_operator.py
[2025-10-05T17:25:36.802+0000] {logging_mixin.py:137} INFO - [2025-10-05T17:25:36.802+0000] {dag.py:2690} INFO - Sync 1 DAGs
[2025-10-05T17:25:36.830+0000] {logging_mixin.py:137} INFO - [2025-10-05T17:25:36.829+0000] {dag.py:3441} INFO - Setting next_dagrun for example_branch_operator to 2025-10-04T00:00:00+00:00, run_after=2025-10-05T00:00:00+00:00
[2025-10-05T17:25:36.853+0000] {processor.py:175} INFO - Processing /home/airflow/.local/lib/python3.7/site-packages/airflow/example_dags/example_branch_operator.py took 0.107 seconds
[2025-10-05T17:26:07.613+0000] {processor.py:153} INFO - Started process (PID=1381) to work on /home/airflow/.local/lib/python3.7/site-packages/airflow/example_dags/example_branch_operator.py
[2025-10-05T17:26:07.616+0000] {processor.py:743} INFO - Processing file /home/airflow/.local/lib/python3.7/site-packages/airflow/example_dags/example_branch_operator.py for tasks to queue
[2025-10-05T17:26:07.617+0000] {logging_mixin.py:137} INFO - [2025-10-05T17:26:07.617+0000] {dagbag.py:538} INFO - Filling up the DagBag from /home/airflow/.local/lib/python3.7/site-packages/airflow/example_dags/example_branch_operator.py
[2025-10-05T17:26:07.639+0000] {processor.py:753} INFO - DAG(s) dict_keys(['example_branch_operator']) retrieved from /home/airflow/.local/lib/python3.7/site-packages/airflow/example_dags/example_branch_operator.py
[2025-10-05T17:26:07.683+0000] {logging_mixin.py:137} INFO - [2025-10-05T17:26:07.683+0000] {dag.py:2690} INFO - Sync 1 DAGs
[2025-10-05T17:26:07.735+0000] {logging_mixin.py:137} INFO - [2025-10-05T17:26:07.734+0000] {dag.py:3441} INFO - Setting next_dagrun for example_branch_operator to 2025-10-04T00:00:00+00:00, run_after=2025-10-05T00:00:00+00:00
[2025-10-05T17:26:07.774+0000] {processor.py:175} INFO - Processing /home/airflow/.local/lib/python3.7/site-packages/airflow/example_dags/example_branch_operator.py took 0.166 seconds
[2025-10-05T17:26:38.605+0000] {processor.py:153} INFO - Started process (PID=1494) to work on /home/airflow/.local/lib/python3.7/site-packages/airflow/example_dags/example_branch_operator.py
[2025-10-05T17:26:38.606+0000] {processor.py:743} INFO - Processing file /home/airflow/.local/lib/python3.7/site-packages/airflow/example_dags/example_branch_operator.py for tasks to queue
[2025-10-05T17:26:38.607+0000] {logging_mixin.py:137} INFO - [2025-10-05T17:26:38.607+0000] {dagbag.py:538} INFO - Filling up the DagBag from /home/airflow/.local/lib/python3.7/site-packages/airflow/example_dags/example_branch_operator.py
[2025-10-05T17:26:38.629+0000] {processor.py:753} INFO - DAG(s) dict_keys(['example_branch_operator']) retrieved from /home/airflow/.local/lib/python3.7/site-packages/airflow/example_dags/example_branch_operator.py
[2025-10-05T17:26:38.663+0000] {logging_mixin.py:137} INFO - [2025-10-05T17:26:38.662+0000] {dag.py:2690} INFO - Sync 1 DAGs
[2025-10-05T17:26:38.693+0000] {logging_mixin.py:137} INFO - [2025-10-05T17:26:38.693+0000] {dag.py:3441} INFO - Setting next_dagrun for example_branch_operator to 2025-10-04T00:00:00+00:00, run_after=2025-10-05T00:00:00+00:00
[2025-10-05T17:26:38.720+0000] {processor.py:175} INFO - Processing /home/airflow/.local/lib/python3.7/site-packages/airflow/example_dags/example_branch_operator.py took 0.120 seconds
[2025-10-05T17:27:09.554+0000] {processor.py:153} INFO - Started process (PID=1583) to work on /home/airflow/.local/lib/python3.7/site-packages/airflow/example_dags/example_branch_operator.py
[2025-10-05T17:27:09.555+0000] {processor.py:743} INFO - Processing file /home/airflow/.local/lib/python3.7/site-packages/airflow/example_dags/example_branch_operator.py for tasks to queue
[2025-10-05T17:27:09.556+0000] {logging_mixin.py:137} INFO - [2025-10-05T17:27:09.556+0000] {dagbag.py:538} INFO - Filling up the DagBag from /home/airflow/.local/lib/python3.7/site-packages/airflow/example_dags/example_branch_operator.py
[2025-10-05T17:27:09.581+0000] {processor.py:753} INFO - DAG(s) dict_keys(['example_branch_operator']) retrieved from /home/airflow/.local/lib/python3.7/site-packages/airflow/example_dags/example_branch_operator.py
[2025-10-05T17:27:09.623+0000] {logging_mixin.py:137} INFO - [2025-10-05T17:27:09.623+0000] {dag.py:2690} INFO - Sync 1 DAGs
[2025-10-05T17:27:09.668+0000] {logging_mixin.py:137} INFO - [2025-10-05T17:27:09.668+0000] {dag.py:3441} INFO - Setting next_dagrun for example_branch_operator to 2025-10-04T00:00:00+00:00, run_after=2025-10-05T00:00:00+00:00
[2025-10-05T17:27:09.703+0000] {processor.py:175} INFO - Processing /home/airflow/.local/lib/python3.7/site-packages/airflow/example_dags/example_branch_operator.py took 0.155 seconds
[2025-10-05T17:27:40.687+0000] {processor.py:153} INFO - Started process (PID=1696) to work on /home/airflow/.local/lib/python3.7/site-packages/airflow/example_dags/example_branch_operator.py
[2025-10-05T17:27:40.689+0000] {processor.py:743} INFO - Processing file /home/airflow/.local/lib/python3.7/site-packages/airflow/example_dags/example_branch_operator.py for tasks to queue
[2025-10-05T17:27:40.691+0000] {logging_mixin.py:137} INFO - [2025-10-05T17:27:40.690+0000] {dagbag.py:538} INFO - Filling up the DagBag from /home/airflow/.local/lib/python3.7/site-packages/airflow/example_dags/example_branch_operator.py
[2025-10-05T17:27:40.717+0000] {processor.py:753} INFO - DAG(s) dict_keys(['example_branch_operator']) retrieved from /home/airflow/.local/lib/python3.7/site-packages/airflow/example_dags/example_branch_operator.py
[2025-10-05T17:27:40.752+0000] {logging_mixin.py:137} INFO - [2025-10-05T17:27:40.752+0000] {dag.py:2690} INFO - Sync 1 DAGs
[2025-10-05T17:27:40.786+0000] {logging_mixin.py:137} INFO - [2025-10-05T17:27:40.785+0000] {dag.py:3441} INFO - Setting next_dagrun for example_branch_operator to 2025-10-04T00:00:00+00:00, run_after=2025-10-05T00:00:00+00:00
[2025-10-05T17:27:40.817+0000] {processor.py:175} INFO - Processing /home/airflow/.local/lib/python3.7/site-packages/airflow/example_dags/example_branch_operator.py took 0.134 seconds
[2025-10-05T17:28:11.511+0000] {processor.py:153} INFO - Started process (PID=1786) to work on /home/airflow/.local/lib/python3.7/site-packages/airflow/example_dags/example_branch_operator.py
[2025-10-05T17:28:11.512+0000] {processor.py:743} INFO - Processing file /home/airflow/.local/lib/python3.7/site-packages/airflow/example_dags/example_branch_operator.py for tasks to queue
[2025-10-05T17:28:11.514+0000] {logging_mixin.py:137} INFO - [2025-10-05T17:28:11.514+0000] {dagbag.py:538} INFO - Filling up the DagBag from /home/airflow/.local/lib/python3.7/site-packages/airflow/example_dags/example_branch_operator.py
[2025-10-05T17:28:11.540+0000] {processor.py:753} INFO - DAG(s) dict_keys(['example_branch_operator']) retrieved from /home/airflow/.local/lib/python3.7/site-packages/airflow/example_dags/example_branch_operator.py
[2025-10-05T17:28:11.575+0000] {logging_mixin.py:137} INFO - [2025-10-05T17:28:11.575+0000] {dag.py:2690} INFO - Sync 1 DAGs
[2025-10-05T17:28:11.610+0000] {logging_mixin.py:137} INFO - [2025-10-05T17:28:11.610+0000] {dag.py:3441} INFO - Setting next_dagrun for example_branch_operator to 2025-10-04T00:00:00+00:00, run_after=2025-10-05T00:00:00+00:00
[2025-10-05T17:28:11.641+0000] {processor.py:175} INFO - Processing /home/airflow/.local/lib/python3.7/site-packages/airflow/example_dags/example_branch_operator.py took 0.135 seconds
[2025-10-05T17:28:42.583+0000] {processor.py:153} INFO - Started process (PID=1875) to work on /home/airflow/.local/lib/python3.7/site-packages/airflow/example_dags/example_branch_operator.py
[2025-10-05T17:28:42.585+0000] {processor.py:743} INFO - Processing file /home/airflow/.local/lib/python3.7/site-packages/airflow/example_dags/example_branch_operator.py for tasks to queue
[2025-10-05T17:28:42.586+0000] {logging_mixin.py:137} INFO - [2025-10-05T17:28:42.586+0000] {dagbag.py:538} INFO - Filling up the DagBag from /home/airflow/.local/lib/python3.7/site-packages/airflow/example_dags/example_branch_operator.py
[2025-10-05T17:28:42.606+0000] {processor.py:753} INFO - DAG(s) dict_keys(['example_branch_operator']) retrieved from /home/airflow/.local/lib/python3.7/site-packages/airflow/example_dags/example_branch_operator.py
[2025-10-05T17:28:42.642+0000] {logging_mixin.py:137} INFO - [2025-10-05T17:28:42.642+0000] {dag.py:2690} INFO - Sync 1 DAGs
[2025-10-05T17:28:42.674+0000] {logging_mixin.py:137} INFO - [2025-10-05T17:28:42.674+0000] {dag.py:3441} INFO - Setting next_dagrun for example_branch_operator to 2025-10-04T00:00:00+00:00, run_after=2025-10-05T00:00:00+00:00
[2025-10-05T17:28:42.701+0000] {processor.py:175} INFO - Processing /home/airflow/.local/lib/python3.7/site-packages/airflow/example_dags/example_branch_operator.py took 0.122 seconds
[2025-10-05T17:29:13.770+0000] {processor.py:153} INFO - Started process (PID=1988) to work on /home/airflow/.local/lib/python3.7/site-packages/airflow/example_dags/example_branch_operator.py
[2025-10-05T17:29:13.771+0000] {processor.py:743} INFO - Processing file /home/airflow/.local/lib/python3.7/site-packages/airflow/example_dags/example_branch_operator.py for tasks to queue
[2025-10-05T17:29:13.773+0000] {logging_mixin.py:137} INFO - [2025-10-05T17:29:13.772+0000] {dagbag.py:538} INFO - Filling up the DagBag from /home/airflow/.local/lib/python3.7/site-packages/airflow/example_dags/example_branch_operator.py
[2025-10-05T17:29:13.793+0000] {processor.py:753} INFO - DAG(s) dict_keys(['example_branch_operator']) retrieved from /home/airflow/.local/lib/python3.7/site-packages/airflow/example_dags/example_branch_operator.py
[2025-10-05T17:29:13.826+0000] {logging_mixin.py:137} INFO - [2025-10-05T17:29:13.826+0000] {dag.py:2690} INFO - Sync 1 DAGs
[2025-10-05T17:29:13.855+0000] {logging_mixin.py:137} INFO - [2025-10-05T17:29:13.855+0000] {dag.py:3441} INFO - Setting next_dagrun for example_branch_operator to 2025-10-04T00:00:00+00:00, run_after=2025-10-05T00:00:00+00:00
[2025-10-05T17:29:13.879+0000] {processor.py:175} INFO - Processing /home/airflow/.local/lib/python3.7/site-packages/airflow/example_dags/example_branch_operator.py took 0.114 seconds
[2025-10-05T17:29:44.404+0000] {processor.py:153} INFO - Started process (PID=2077) to work on /home/airflow/.local/lib/python3.7/site-packages/airflow/example_dags/example_branch_operator.py
[2025-10-05T17:29:44.405+0000] {processor.py:743} INFO - Processing file /home/airflow/.local/lib/python3.7/site-packages/airflow/example_dags/example_branch_operator.py for tasks to queue
[2025-10-05T17:29:44.406+0000] {logging_mixin.py:137} INFO - [2025-10-05T17:29:44.406+0000] {dagbag.py:538} INFO - Filling up the DagBag from /home/airflow/.local/lib/python3.7/site-packages/airflow/example_dags/example_branch_operator.py
[2025-10-05T17:29:44.424+0000] {processor.py:753} INFO - DAG(s) dict_keys(['example_branch_operator']) retrieved from /home/airflow/.local/lib/python3.7/site-packages/airflow/example_dags/example_branch_operator.py
[2025-10-05T17:29:44.455+0000] {logging_mixin.py:137} INFO - [2025-10-05T17:29:44.454+0000] {dag.py:2690} INFO - Sync 1 DAGs
[2025-10-05T17:29:44.486+0000] {logging_mixin.py:137} INFO - [2025-10-05T17:29:44.486+0000] {dag.py:3441} INFO - Setting next_dagrun for example_branch_operator to 2025-10-04T00:00:00+00:00, run_after=2025-10-05T00:00:00+00:00
[2025-10-05T17:29:44.510+0000] {processor.py:175} INFO - Processing /home/airflow/.local/lib/python3.7/site-packages/airflow/example_dags/example_branch_operator.py took 0.111 seconds
[2025-10-05T17:30:14.899+0000] {processor.py:153} INFO - Started process (PID=2191) to work on /home/airflow/.local/lib/python3.7/site-packages/airflow/example_dags/example_branch_operator.py
[2025-10-05T17:30:14.900+0000] {processor.py:743} INFO - Processing file /home/airflow/.local/lib/python3.7/site-packages/airflow/example_dags/example_branch_operator.py for tasks to queue
[2025-10-05T17:30:14.901+0000] {logging_mixin.py:137} INFO - [2025-10-05T17:30:14.901+0000] {dagbag.py:538} INFO - Filling up the DagBag from /home/airflow/.local/lib/python3.7/site-packages/airflow/example_dags/example_branch_operator.py
[2025-10-05T17:30:14.920+0000] {processor.py:753} INFO - DAG(s) dict_keys(['example_branch_operator']) retrieved from /home/airflow/.local/lib/python3.7/site-packages/airflow/example_dags/example_branch_operator.py
[2025-10-05T17:30:14.955+0000] {logging_mixin.py:137} INFO - [2025-10-05T17:30:14.955+0000] {dag.py:2690} INFO - Sync 1 DAGs
[2025-10-05T17:30:14.983+0000] {logging_mixin.py:137} INFO - [2025-10-05T17:30:14.983+0000] {dag.py:3441} INFO - Setting next_dagrun for example_branch_operator to 2025-10-04T00:00:00+00:00, run_after=2025-10-05T00:00:00+00:00
[2025-10-05T17:30:15.007+0000] {processor.py:175} INFO - Processing /home/airflow/.local/lib/python3.7/site-packages/airflow/example_dags/example_branch_operator.py took 0.112 seconds
[2025-10-05T17:30:45.835+0000] {processor.py:153} INFO - Started process (PID=2281) to work on /home/airflow/.local/lib/python3.7/site-packages/airflow/example_dags/example_branch_operator.py
[2025-10-05T17:30:45.837+0000] {processor.py:743} INFO - Processing file /home/airflow/.local/lib/python3.7/site-packages/airflow/example_dags/example_branch_operator.py for tasks to queue
[2025-10-05T17:30:45.838+0000] {logging_mixin.py:137} INFO - [2025-10-05T17:30:45.838+0000] {dagbag.py:538} INFO - Filling up the DagBag from /home/airflow/.local/lib/python3.7/site-packages/airflow/example_dags/example_branch_operator.py
[2025-10-05T17:30:45.860+0000] {processor.py:753} INFO - DAG(s) dict_keys(['example_branch_operator']) retrieved from /home/airflow/.local/lib/python3.7/site-packages/airflow/example_dags/example_branch_operator.py
[2025-10-05T17:30:45.893+0000] {logging_mixin.py:137} INFO - [2025-10-05T17:30:45.893+0000] {dag.py:2690} INFO - Sync 1 DAGs
[2025-10-05T17:30:45.922+0000] {logging_mixin.py:137} INFO - [2025-10-05T17:30:45.921+0000] {dag.py:3441} INFO - Setting next_dagrun for example_branch_operator to 2025-10-04T00:00:00+00:00, run_after=2025-10-05T00:00:00+00:00
[2025-10-05T17:30:45.945+0000] {processor.py:175} INFO - Processing /home/airflow/.local/lib/python3.7/site-packages/airflow/example_dags/example_branch_operator.py took 0.116 seconds
[2025-10-05T17:31:16.891+0000] {processor.py:153} INFO - Started process (PID=2395) to work on /home/airflow/.local/lib/python3.7/site-packages/airflow/example_dags/example_branch_operator.py
[2025-10-05T17:31:16.893+0000] {processor.py:743} INFO - Processing file /home/airflow/.local/lib/python3.7/site-packages/airflow/example_dags/example_branch_operator.py for tasks to queue
[2025-10-05T17:31:16.895+0000] {logging_mixin.py:137} INFO - [2025-10-05T17:31:16.894+0000] {dagbag.py:538} INFO - Filling up the DagBag from /home/airflow/.local/lib/python3.7/site-packages/airflow/example_dags/example_branch_operator.py
[2025-10-05T17:31:16.914+0000] {processor.py:753} INFO - DAG(s) dict_keys(['example_branch_operator']) retrieved from /home/airflow/.local/lib/python3.7/site-packages/airflow/example_dags/example_branch_operator.py
[2025-10-05T17:31:16.949+0000] {logging_mixin.py:137} INFO - [2025-10-05T17:31:16.949+0000] {dag.py:2690} INFO - Sync 1 DAGs
[2025-10-05T17:31:16.976+0000] {logging_mixin.py:137} INFO - [2025-10-05T17:31:16.976+0000] {dag.py:3441} INFO - Setting next_dagrun for example_branch_operator to 2025-10-04T00:00:00+00:00, run_after=2025-10-05T00:00:00+00:00
[2025-10-05T17:31:17.003+0000] {processor.py:175} INFO - Processing /home/airflow/.local/lib/python3.7/site-packages/airflow/example_dags/example_branch_operator.py took 0.116 seconds
[2025-10-05T17:31:47.648+0000] {processor.py:153} INFO - Started process (PID=2484) to work on /home/airflow/.local/lib/python3.7/site-packages/airflow/example_dags/example_branch_operator.py
[2025-10-05T17:31:47.650+0000] {processor.py:743} INFO - Processing file /home/airflow/.local/lib/python3.7/site-packages/airflow/example_dags/example_branch_operator.py for tasks to queue
[2025-10-05T17:31:47.651+0000] {logging_mixin.py:137} INFO - [2025-10-05T17:31:47.651+0000] {dagbag.py:538} INFO - Filling up the DagBag from /home/airflow/.local/lib/python3.7/site-packages/airflow/example_dags/example_branch_operator.py
[2025-10-05T17:31:47.671+0000] {processor.py:753} INFO - DAG(s) dict_keys(['example_branch_operator']) retrieved from /home/airflow/.local/lib/python3.7/site-packages/airflow/example_dags/example_branch_operator.py
[2025-10-05T17:31:47.702+0000] {logging_mixin.py:137} INFO - [2025-10-05T17:31:47.702+0000] {dag.py:2690} INFO - Sync 1 DAGs
[2025-10-05T17:31:47.731+0000] {logging_mixin.py:137} INFO - [2025-10-05T17:31:47.731+0000] {dag.py:3441} INFO - Setting next_dagrun for example_branch_operator to 2025-10-04T00:00:00+00:00, run_after=2025-10-05T00:00:00+00:00
[2025-10-05T17:31:47.766+0000] {processor.py:175} INFO - Processing /home/airflow/.local/lib/python3.7/site-packages/airflow/example_dags/example_branch_operator.py took 0.122 seconds
[2025-10-05T17:32:18.187+0000] {processor.py:153} INFO - Started process (PID=2597) to work on /home/airflow/.local/lib/python3.7/site-packages/airflow/example_dags/example_branch_operator.py
[2025-10-05T17:32:18.190+0000] {processor.py:743} INFO - Processing file /home/airflow/.local/lib/python3.7/site-packages/airflow/example_dags/example_branch_operator.py for tasks to queue
[2025-10-05T17:32:18.192+0000] {logging_mixin.py:137} INFO - [2025-10-05T17:32:18.191+0000] {dagbag.py:538} INFO - Filling up the DagBag from /home/airflow/.local/lib/python3.7/site-packages/airflow/example_dags/example_branch_operator.py
[2025-10-05T17:32:18.241+0000] {processor.py:753} INFO - DAG(s) dict_keys(['example_branch_operator']) retrieved from /home/airflow/.local/lib/python3.7/site-packages/airflow/example_dags/example_branch_operator.py
[2025-10-05T17:32:18.285+0000] {logging_mixin.py:137} INFO - [2025-10-05T17:32:18.285+0000] {dag.py:2690} INFO - Sync 1 DAGs
[2025-10-05T17:32:18.322+0000] {logging_mixin.py:137} INFO - [2025-10-05T17:32:18.322+0000] {dag.py:3441} INFO - Setting next_dagrun for example_branch_operator to 2025-10-04T00:00:00+00:00, run_after=2025-10-05T00:00:00+00:00
[2025-10-05T17:32:18.352+0000] {processor.py:175} INFO - Processing /home/airflow/.local/lib/python3.7/site-packages/airflow/example_dags/example_branch_operator.py took 0.173 seconds
[2025-10-05T17:32:48.673+0000] {processor.py:153} INFO - Started process (PID=2684) to work on /home/airflow/.local/lib/python3.7/site-packages/airflow/example_dags/example_branch_operator.py
[2025-10-05T17:32:48.675+0000] {processor.py:743} INFO - Processing file /home/airflow/.local/lib/python3.7/site-packages/airflow/example_dags/example_branch_operator.py for tasks to queue
[2025-10-05T17:32:48.676+0000] {logging_mixin.py:137} INFO - [2025-10-05T17:32:48.676+0000] {dagbag.py:538} INFO - Filling up the DagBag from /home/airflow/.local/lib/python3.7/site-packages/airflow/example_dags/example_branch_operator.py
[2025-10-05T17:32:48.693+0000] {processor.py:753} INFO - DAG(s) dict_keys(['example_branch_operator']) retrieved from /home/airflow/.local/lib/python3.7/site-packages/airflow/example_dags/example_branch_operator.py
[2025-10-05T17:32:48.726+0000] {logging_mixin.py:137} INFO - [2025-10-05T17:32:48.726+0000] {dag.py:2690} INFO - Sync 1 DAGs
[2025-10-05T17:32:48.757+0000] {logging_mixin.py:137} INFO - [2025-10-05T17:32:48.757+0000] {dag.py:3441} INFO - Setting next_dagrun for example_branch_operator to 2025-10-04T00:00:00+00:00, run_after=2025-10-05T00:00:00+00:00
[2025-10-05T17:32:48.791+0000] {processor.py:175} INFO - Processing /home/airflow/.local/lib/python3.7/site-packages/airflow/example_dags/example_branch_operator.py took 0.122 seconds
[2025-10-05T17:33:19.728+0000] {processor.py:153} INFO - Started process (PID=2773) to work on /home/airflow/.local/lib/python3.7/site-packages/airflow/example_dags/example_branch_operator.py
[2025-10-05T17:33:19.730+0000] {processor.py:743} INFO - Processing file /home/airflow/.local/lib/python3.7/site-packages/airflow/example_dags/example_branch_operator.py for tasks to queue
[2025-10-05T17:33:19.733+0000] {logging_mixin.py:137} INFO - [2025-10-05T17:33:19.732+0000] {dagbag.py:538} INFO - Filling up the DagBag from /home/airflow/.local/lib/python3.7/site-packages/airflow/example_dags/example_branch_operator.py
[2025-10-05T17:33:19.768+0000] {processor.py:753} INFO - DAG(s) dict_keys(['example_branch_operator']) retrieved from /home/airflow/.local/lib/python3.7/site-packages/airflow/example_dags/example_branch_operator.py
[2025-10-05T17:33:19.807+0000] {logging_mixin.py:137} INFO - [2025-10-05T17:33:19.807+0000] {dag.py:2690} INFO - Sync 1 DAGs
[2025-10-05T17:33:19.845+0000] {logging_mixin.py:137} INFO - [2025-10-05T17:33:19.845+0000] {dag.py:3441} INFO - Setting next_dagrun for example_branch_operator to 2025-10-04T00:00:00+00:00, run_after=2025-10-05T00:00:00+00:00
[2025-10-05T17:33:19.880+0000] {processor.py:175} INFO - Processing /home/airflow/.local/lib/python3.7/site-packages/airflow/example_dags/example_branch_operator.py took 0.158 seconds
[2025-10-05T17:33:50.335+0000] {processor.py:153} INFO - Started process (PID=2885) to work on /home/airflow/.local/lib/python3.7/site-packages/airflow/example_dags/example_branch_operator.py
[2025-10-05T17:33:50.337+0000] {processor.py:743} INFO - Processing file /home/airflow/.local/lib/python3.7/site-packages/airflow/example_dags/example_branch_operator.py for tasks to queue
[2025-10-05T17:33:50.338+0000] {logging_mixin.py:137} INFO - [2025-10-05T17:33:50.338+0000] {dagbag.py:538} INFO - Filling up the DagBag from /home/airflow/.local/lib/python3.7/site-packages/airflow/example_dags/example_branch_operator.py
[2025-10-05T17:33:50.356+0000] {processor.py:753} INFO - DAG(s) dict_keys(['example_branch_operator']) retrieved from /home/airflow/.local/lib/python3.7/site-packages/airflow/example_dags/example_branch_operator.py
[2025-10-05T17:33:50.387+0000] {logging_mixin.py:137} INFO - [2025-10-05T17:33:50.387+0000] {dag.py:2690} INFO - Sync 1 DAGs
[2025-10-05T17:33:50.417+0000] {logging_mixin.py:137} INFO - [2025-10-05T17:33:50.417+0000] {dag.py:3441} INFO - Setting next_dagrun for example_branch_operator to 2025-10-04T00:00:00+00:00, run_after=2025-10-05T00:00:00+00:00
[2025-10-05T17:33:50.441+0000] {processor.py:175} INFO - Processing /home/airflow/.local/lib/python3.7/site-packages/airflow/example_dags/example_branch_operator.py took 0.109 seconds
[2025-10-05T17:34:20.508+0000] {processor.py:153} INFO - Started process (PID=2974) to work on /home/airflow/.local/lib/python3.7/site-packages/airflow/example_dags/example_branch_operator.py
[2025-10-05T17:34:20.510+0000] {processor.py:743} INFO - Processing file /home/airflow/.local/lib/python3.7/site-packages/airflow/example_dags/example_branch_operator.py for tasks to queue
[2025-10-05T17:34:20.512+0000] {logging_mixin.py:137} INFO - [2025-10-05T17:34:20.512+0000] {dagbag.py:538} INFO - Filling up the DagBag from /home/airflow/.local/lib/python3.7/site-packages/airflow/example_dags/example_branch_operator.py
[2025-10-05T17:34:20.530+0000] {processor.py:753} INFO - DAG(s) dict_keys(['example_branch_operator']) retrieved from /home/airflow/.local/lib/python3.7/site-packages/airflow/example_dags/example_branch_operator.py
[2025-10-05T17:34:20.563+0000] {logging_mixin.py:137} INFO - [2025-10-05T17:34:20.563+0000] {dag.py:2690} INFO - Sync 1 DAGs
[2025-10-05T17:34:20.591+0000] {logging_mixin.py:137} INFO - [2025-10-05T17:34:20.591+0000] {dag.py:3441} INFO - Setting next_dagrun for example_branch_operator to 2025-10-04T00:00:00+00:00, run_after=2025-10-05T00:00:00+00:00
[2025-10-05T17:34:20.616+0000] {processor.py:175} INFO - Processing /home/airflow/.local/lib/python3.7/site-packages/airflow/example_dags/example_branch_operator.py took 0.112 seconds
[2025-10-05T17:34:51.297+0000] {processor.py:153} INFO - Started process (PID=3063) to work on /home/airflow/.local/lib/python3.7/site-packages/airflow/example_dags/example_branch_operator.py
[2025-10-05T17:34:51.298+0000] {processor.py:743} INFO - Processing file /home/airflow/.local/lib/python3.7/site-packages/airflow/example_dags/example_branch_operator.py for tasks to queue
[2025-10-05T17:34:51.300+0000] {logging_mixin.py:137} INFO - [2025-10-05T17:34:51.299+0000] {dagbag.py:538} INFO - Filling up the DagBag from /home/airflow/.local/lib/python3.7/site-packages/airflow/example_dags/example_branch_operator.py
[2025-10-05T17:34:51.320+0000] {processor.py:753} INFO - DAG(s) dict_keys(['example_branch_operator']) retrieved from /home/airflow/.local/lib/python3.7/site-packages/airflow/example_dags/example_branch_operator.py
[2025-10-05T17:34:51.350+0000] {logging_mixin.py:137} INFO - [2025-10-05T17:34:51.350+0000] {dag.py:2690} INFO - Sync 1 DAGs
[2025-10-05T17:34:51.378+0000] {logging_mixin.py:137} INFO - [2025-10-05T17:34:51.378+0000] {dag.py:3441} INFO - Setting next_dagrun for example_branch_operator to 2025-10-04T00:00:00+00:00, run_after=2025-10-05T00:00:00+00:00
[2025-10-05T17:34:51.403+0000] {processor.py:175} INFO - Processing /home/airflow/.local/lib/python3.7/site-packages/airflow/example_dags/example_branch_operator.py took 0.110 seconds
[2025-10-05T17:35:21.805+0000] {processor.py:153} INFO - Started process (PID=3176) to work on /home/airflow/.local/lib/python3.7/site-packages/airflow/example_dags/example_branch_operator.py
[2025-10-05T17:35:21.807+0000] {processor.py:743} INFO - Processing file /home/airflow/.local/lib/python3.7/site-packages/airflow/example_dags/example_branch_operator.py for tasks to queue
[2025-10-05T17:35:21.808+0000] {logging_mixin.py:137} INFO - [2025-10-05T17:35:21.808+0000] {dagbag.py:538} INFO - Filling up the DagBag from /home/airflow/.local/lib/python3.7/site-packages/airflow/example_dags/example_branch_operator.py
[2025-10-05T17:35:21.830+0000] {processor.py:753} INFO - DAG(s) dict_keys(['example_branch_operator']) retrieved from /home/airflow/.local/lib/python3.7/site-packages/airflow/example_dags/example_branch_operator.py
[2025-10-05T17:35:21.869+0000] {logging_mixin.py:137} INFO - [2025-10-05T17:35:21.868+0000] {dag.py:2690} INFO - Sync 1 DAGs
[2025-10-05T17:35:21.903+0000] {logging_mixin.py:137} INFO - [2025-10-05T17:35:21.903+0000] {dag.py:3441} INFO - Setting next_dagrun for example_branch_operator to 2025-10-04T00:00:00+00:00, run_after=2025-10-05T00:00:00+00:00
[2025-10-05T17:35:21.933+0000] {processor.py:175} INFO - Processing /home/airflow/.local/lib/python3.7/site-packages/airflow/example_dags/example_branch_operator.py took 0.135 seconds
[2025-10-05T17:35:52.354+0000] {processor.py:153} INFO - Started process (PID=3265) to work on /home/airflow/.local/lib/python3.7/site-packages/airflow/example_dags/example_branch_operator.py
[2025-10-05T17:35:52.356+0000] {processor.py:743} INFO - Processing file /home/airflow/.local/lib/python3.7/site-packages/airflow/example_dags/example_branch_operator.py for tasks to queue
[2025-10-05T17:35:52.357+0000] {logging_mixin.py:137} INFO - [2025-10-05T17:35:52.357+0000] {dagbag.py:538} INFO - Filling up the DagBag from /home/airflow/.local/lib/python3.7/site-packages/airflow/example_dags/example_branch_operator.py
[2025-10-05T17:35:52.379+0000] {processor.py:753} INFO - DAG(s) dict_keys(['example_branch_operator']) retrieved from /home/airflow/.local/lib/python3.7/site-packages/airflow/example_dags/example_branch_operator.py
[2025-10-05T17:35:52.418+0000] {logging_mixin.py:137} INFO - [2025-10-05T17:35:52.418+0000] {dag.py:2690} INFO - Sync 1 DAGs
[2025-10-05T17:35:52.448+0000] {logging_mixin.py:137} INFO - [2025-10-05T17:35:52.447+0000] {dag.py:3441} INFO - Setting next_dagrun for example_branch_operator to 2025-10-04T00:00:00+00:00, run_after=2025-10-05T00:00:00+00:00
[2025-10-05T17:35:52.478+0000] {processor.py:175} INFO - Processing /home/airflow/.local/lib/python3.7/site-packages/airflow/example_dags/example_branch_operator.py took 0.128 seconds
[2025-10-05T17:36:22.979+0000] {processor.py:153} INFO - Started process (PID=3378) to work on /home/airflow/.local/lib/python3.7/site-packages/airflow/example_dags/example_branch_operator.py
[2025-10-05T17:36:22.980+0000] {processor.py:743} INFO - Processing file /home/airflow/.local/lib/python3.7/site-packages/airflow/example_dags/example_branch_operator.py for tasks to queue
[2025-10-05T17:36:22.981+0000] {logging_mixin.py:137} INFO - [2025-10-05T17:36:22.981+0000] {dagbag.py:538} INFO - Filling up the DagBag from /home/airflow/.local/lib/python3.7/site-packages/airflow/example_dags/example_branch_operator.py
[2025-10-05T17:36:23.004+0000] {processor.py:753} INFO - DAG(s) dict_keys(['example_branch_operator']) retrieved from /home/airflow/.local/lib/python3.7/site-packages/airflow/example_dags/example_branch_operator.py
[2025-10-05T17:36:23.041+0000] {logging_mixin.py:137} INFO - [2025-10-05T17:36:23.041+0000] {dag.py:2690} INFO - Sync 1 DAGs
[2025-10-05T17:36:23.094+0000] {logging_mixin.py:137} INFO - [2025-10-05T17:36:23.094+0000] {dag.py:3441} INFO - Setting next_dagrun for example_branch_operator to 2025-10-04T00:00:00+00:00, run_after=2025-10-05T00:00:00+00:00
[2025-10-05T17:36:23.136+0000] {processor.py:175} INFO - Processing /home/airflow/.local/lib/python3.7/site-packages/airflow/example_dags/example_branch_operator.py took 0.162 seconds
[2025-10-05T17:36:54.707+0000] {processor.py:153} INFO - Started process (PID=3468) to work on /home/airflow/.local/lib/python3.7/site-packages/airflow/example_dags/example_branch_operator.py
[2025-10-05T17:36:54.709+0000] {processor.py:743} INFO - Processing file /home/airflow/.local/lib/python3.7/site-packages/airflow/example_dags/example_branch_operator.py for tasks to queue
[2025-10-05T17:36:54.710+0000] {logging_mixin.py:137} INFO - [2025-10-05T17:36:54.710+0000] {dagbag.py:538} INFO - Filling up the DagBag from /home/airflow/.local/lib/python3.7/site-packages/airflow/example_dags/example_branch_operator.py
[2025-10-05T17:36:54.734+0000] {processor.py:753} INFO - DAG(s) dict_keys(['example_branch_operator']) retrieved from /home/airflow/.local/lib/python3.7/site-packages/airflow/example_dags/example_branch_operator.py
[2025-10-05T17:36:54.777+0000] {logging_mixin.py:137} INFO - [2025-10-05T17:36:54.776+0000] {dag.py:2690} INFO - Sync 1 DAGs
[2025-10-05T17:36:54.813+0000] {logging_mixin.py:137} INFO - [2025-10-05T17:36:54.813+0000] {dag.py:3441} INFO - Setting next_dagrun for example_branch_operator to 2025-10-04T00:00:00+00:00, run_after=2025-10-05T00:00:00+00:00
[2025-10-05T17:36:54.850+0000] {processor.py:175} INFO - Processing /home/airflow/.local/lib/python3.7/site-packages/airflow/example_dags/example_branch_operator.py took 0.148 seconds
