[2025-10-05T17:19:26.009+0000] {processor.py:153} INFO - Started process (PID=86) to work on /home/airflow/.local/lib/python3.7/site-packages/airflow/example_dags/example_branch_operator_decorator.py
[2025-10-05T17:19:26.011+0000] {processor.py:743} INFO - Processing file /home/airflow/.local/lib/python3.7/site-packages/airflow/example_dags/example_branch_operator_decorator.py for tasks to queue
[2025-10-05T17:19:26.013+0000] {logging_mixin.py:137} INFO - [2025-10-05T17:19:26.013+0000] {dagbag.py:538} INFO - Filling up the DagBag from /home/airflow/.local/lib/python3.7/site-packages/airflow/example_dags/example_branch_operator_decorator.py
[2025-10-05T17:19:26.056+0000] {processor.py:753} INFO - DAG(s) dict_keys(['example_branch_python_operator_decorator']) retrieved from /home/airflow/.local/lib/python3.7/site-packages/airflow/example_dags/example_branch_operator_decorator.py
[2025-10-05T17:19:26.077+0000] {logging_mixin.py:137} INFO - [2025-10-05T17:19:26.077+0000] {dag.py:2690} INFO - Sync 1 DAGs
[2025-10-05T17:19:26.117+0000] {logging_mixin.py:137} INFO - [2025-10-05T17:19:26.117+0000] {dag.py:3441} INFO - Setting next_dagrun for example_branch_python_operator_decorator to 2025-10-04T00:00:00+00:00, run_after=2025-10-05T00:00:00+00:00
[2025-10-05T17:19:26.162+0000] {processor.py:175} INFO - Processing /home/airflow/.local/lib/python3.7/site-packages/airflow/example_dags/example_branch_operator_decorator.py took 0.159 seconds
[2025-10-05T17:19:56.768+0000] {processor.py:153} INFO - Started process (PID=175) to work on /home/airflow/.local/lib/python3.7/site-packages/airflow/example_dags/example_branch_operator_decorator.py
[2025-10-05T17:19:56.770+0000] {processor.py:743} INFO - Processing file /home/airflow/.local/lib/python3.7/site-packages/airflow/example_dags/example_branch_operator_decorator.py for tasks to queue
[2025-10-05T17:19:56.771+0000] {logging_mixin.py:137} INFO - [2025-10-05T17:19:56.771+0000] {dagbag.py:538} INFO - Filling up the DagBag from /home/airflow/.local/lib/python3.7/site-packages/airflow/example_dags/example_branch_operator_decorator.py
[2025-10-05T17:19:56.804+0000] {processor.py:753} INFO - DAG(s) dict_keys(['example_branch_python_operator_decorator']) retrieved from /home/airflow/.local/lib/python3.7/site-packages/airflow/example_dags/example_branch_operator_decorator.py
[2025-10-05T17:19:56.840+0000] {logging_mixin.py:137} INFO - [2025-10-05T17:19:56.840+0000] {dag.py:2690} INFO - Sync 1 DAGs
[2025-10-05T17:19:56.873+0000] {logging_mixin.py:137} INFO - [2025-10-05T17:19:56.873+0000] {dag.py:3441} INFO - Setting next_dagrun for example_branch_python_operator_decorator to 2025-10-04T00:00:00+00:00, run_after=2025-10-05T00:00:00+00:00
[2025-10-05T17:19:56.901+0000] {processor.py:175} INFO - Processing /home/airflow/.local/lib/python3.7/site-packages/airflow/example_dags/example_branch_operator_decorator.py took 0.137 seconds
[2025-10-05T17:20:27.759+0000] {processor.py:153} INFO - Started process (PID=288) to work on /home/airflow/.local/lib/python3.7/site-packages/airflow/example_dags/example_branch_operator_decorator.py
[2025-10-05T17:20:27.761+0000] {processor.py:743} INFO - Processing file /home/airflow/.local/lib/python3.7/site-packages/airflow/example_dags/example_branch_operator_decorator.py for tasks to queue
[2025-10-05T17:20:27.762+0000] {logging_mixin.py:137} INFO - [2025-10-05T17:20:27.762+0000] {dagbag.py:538} INFO - Filling up the DagBag from /home/airflow/.local/lib/python3.7/site-packages/airflow/example_dags/example_branch_operator_decorator.py
[2025-10-05T17:20:27.791+0000] {processor.py:753} INFO - DAG(s) dict_keys(['example_branch_python_operator_decorator']) retrieved from /home/airflow/.local/lib/python3.7/site-packages/airflow/example_dags/example_branch_operator_decorator.py
[2025-10-05T17:20:27.823+0000] {logging_mixin.py:137} INFO - [2025-10-05T17:20:27.823+0000] {dag.py:2690} INFO - Sync 1 DAGs
[2025-10-05T17:20:27.852+0000] {logging_mixin.py:137} INFO - [2025-10-05T17:20:27.852+0000] {dag.py:3441} INFO - Setting next_dagrun for example_branch_python_operator_decorator to 2025-10-04T00:00:00+00:00, run_after=2025-10-05T00:00:00+00:00
[2025-10-05T17:20:27.879+0000] {processor.py:175} INFO - Processing /home/airflow/.local/lib/python3.7/site-packages/airflow/example_dags/example_branch_operator_decorator.py took 0.124 seconds
[2025-10-05T17:20:58.576+0000] {processor.py:153} INFO - Started process (PID=377) to work on /home/airflow/.local/lib/python3.7/site-packages/airflow/example_dags/example_branch_operator_decorator.py
[2025-10-05T17:20:58.578+0000] {processor.py:743} INFO - Processing file /home/airflow/.local/lib/python3.7/site-packages/airflow/example_dags/example_branch_operator_decorator.py for tasks to queue
[2025-10-05T17:20:58.579+0000] {logging_mixin.py:137} INFO - [2025-10-05T17:20:58.579+0000] {dagbag.py:538} INFO - Filling up the DagBag from /home/airflow/.local/lib/python3.7/site-packages/airflow/example_dags/example_branch_operator_decorator.py
[2025-10-05T17:20:58.612+0000] {processor.py:753} INFO - DAG(s) dict_keys(['example_branch_python_operator_decorator']) retrieved from /home/airflow/.local/lib/python3.7/site-packages/airflow/example_dags/example_branch_operator_decorator.py
[2025-10-05T17:20:58.651+0000] {logging_mixin.py:137} INFO - [2025-10-05T17:20:58.650+0000] {dag.py:2690} INFO - Sync 1 DAGs
[2025-10-05T17:20:58.685+0000] {logging_mixin.py:137} INFO - [2025-10-05T17:20:58.685+0000] {dag.py:3441} INFO - Setting next_dagrun for example_branch_python_operator_decorator to 2025-10-04T00:00:00+00:00, run_after=2025-10-05T00:00:00+00:00
[2025-10-05T17:20:58.714+0000] {processor.py:175} INFO - Processing /home/airflow/.local/lib/python3.7/site-packages/airflow/example_dags/example_branch_operator_decorator.py took 0.142 seconds
[2025-10-05T17:21:29.997+0000] {processor.py:153} INFO - Started process (PID=490) to work on /home/airflow/.local/lib/python3.7/site-packages/airflow/example_dags/example_branch_operator_decorator.py
[2025-10-05T17:21:29.998+0000] {processor.py:743} INFO - Processing file /home/airflow/.local/lib/python3.7/site-packages/airflow/example_dags/example_branch_operator_decorator.py for tasks to queue
[2025-10-05T17:21:29.999+0000] {logging_mixin.py:137} INFO - [2025-10-05T17:21:29.999+0000] {dagbag.py:538} INFO - Filling up the DagBag from /home/airflow/.local/lib/python3.7/site-packages/airflow/example_dags/example_branch_operator_decorator.py
[2025-10-05T17:21:30.042+0000] {processor.py:753} INFO - DAG(s) dict_keys(['example_branch_python_operator_decorator']) retrieved from /home/airflow/.local/lib/python3.7/site-packages/airflow/example_dags/example_branch_operator_decorator.py
[2025-10-05T17:21:30.078+0000] {logging_mixin.py:137} INFO - [2025-10-05T17:21:30.078+0000] {dag.py:2690} INFO - Sync 1 DAGs
[2025-10-05T17:21:30.113+0000] {logging_mixin.py:137} INFO - [2025-10-05T17:21:30.113+0000] {dag.py:3441} INFO - Setting next_dagrun for example_branch_python_operator_decorator to 2025-10-04T00:00:00+00:00, run_after=2025-10-05T00:00:00+00:00
[2025-10-05T17:21:30.143+0000] {processor.py:175} INFO - Processing /home/airflow/.local/lib/python3.7/site-packages/airflow/example_dags/example_branch_operator_decorator.py took 0.152 seconds
[2025-10-05T17:22:00.417+0000] {processor.py:153} INFO - Started process (PID=579) to work on /home/airflow/.local/lib/python3.7/site-packages/airflow/example_dags/example_branch_operator_decorator.py
[2025-10-05T17:22:00.419+0000] {processor.py:743} INFO - Processing file /home/airflow/.local/lib/python3.7/site-packages/airflow/example_dags/example_branch_operator_decorator.py for tasks to queue
[2025-10-05T17:22:00.421+0000] {logging_mixin.py:137} INFO - [2025-10-05T17:22:00.420+0000] {dagbag.py:538} INFO - Filling up the DagBag from /home/airflow/.local/lib/python3.7/site-packages/airflow/example_dags/example_branch_operator_decorator.py
[2025-10-05T17:22:00.458+0000] {processor.py:753} INFO - DAG(s) dict_keys(['example_branch_python_operator_decorator']) retrieved from /home/airflow/.local/lib/python3.7/site-packages/airflow/example_dags/example_branch_operator_decorator.py
[2025-10-05T17:22:00.498+0000] {logging_mixin.py:137} INFO - [2025-10-05T17:22:00.497+0000] {dag.py:2690} INFO - Sync 1 DAGs
[2025-10-05T17:22:00.530+0000] {logging_mixin.py:137} INFO - [2025-10-05T17:22:00.530+0000] {dag.py:3441} INFO - Setting next_dagrun for example_branch_python_operator_decorator to 2025-10-04T00:00:00+00:00, run_after=2025-10-05T00:00:00+00:00
[2025-10-05T17:22:00.559+0000] {processor.py:175} INFO - Processing /home/airflow/.local/lib/python3.7/site-packages/airflow/example_dags/example_branch_operator_decorator.py took 0.147 seconds
[2025-10-05T17:22:30.704+0000] {processor.py:153} INFO - Started process (PID=668) to work on /home/airflow/.local/lib/python3.7/site-packages/airflow/example_dags/example_branch_operator_decorator.py
[2025-10-05T17:22:30.706+0000] {processor.py:743} INFO - Processing file /home/airflow/.local/lib/python3.7/site-packages/airflow/example_dags/example_branch_operator_decorator.py for tasks to queue
[2025-10-05T17:22:30.707+0000] {logging_mixin.py:137} INFO - [2025-10-05T17:22:30.707+0000] {dagbag.py:538} INFO - Filling up the DagBag from /home/airflow/.local/lib/python3.7/site-packages/airflow/example_dags/example_branch_operator_decorator.py
[2025-10-05T17:22:30.736+0000] {processor.py:753} INFO - DAG(s) dict_keys(['example_branch_python_operator_decorator']) retrieved from /home/airflow/.local/lib/python3.7/site-packages/airflow/example_dags/example_branch_operator_decorator.py
[2025-10-05T17:22:30.769+0000] {logging_mixin.py:137} INFO - [2025-10-05T17:22:30.769+0000] {dag.py:2690} INFO - Sync 1 DAGs
[2025-10-05T17:22:30.799+0000] {logging_mixin.py:137} INFO - [2025-10-05T17:22:30.799+0000] {dag.py:3441} INFO - Setting next_dagrun for example_branch_python_operator_decorator to 2025-10-04T00:00:00+00:00, run_after=2025-10-05T00:00:00+00:00
[2025-10-05T17:22:30.827+0000] {processor.py:175} INFO - Processing /home/airflow/.local/lib/python3.7/site-packages/airflow/example_dags/example_branch_operator_decorator.py took 0.128 seconds
[2025-10-05T17:23:00.981+0000] {processor.py:153} INFO - Started process (PID=779) to work on /home/airflow/.local/lib/python3.7/site-packages/airflow/example_dags/example_branch_operator_decorator.py
[2025-10-05T17:23:00.982+0000] {processor.py:743} INFO - Processing file /home/airflow/.local/lib/python3.7/site-packages/airflow/example_dags/example_branch_operator_decorator.py for tasks to queue
[2025-10-05T17:23:00.983+0000] {logging_mixin.py:137} INFO - [2025-10-05T17:23:00.983+0000] {dagbag.py:538} INFO - Filling up the DagBag from /home/airflow/.local/lib/python3.7/site-packages/airflow/example_dags/example_branch_operator_decorator.py
[2025-10-05T17:23:01.012+0000] {processor.py:753} INFO - DAG(s) dict_keys(['example_branch_python_operator_decorator']) retrieved from /home/airflow/.local/lib/python3.7/site-packages/airflow/example_dags/example_branch_operator_decorator.py
[2025-10-05T17:23:01.044+0000] {logging_mixin.py:137} INFO - [2025-10-05T17:23:01.044+0000] {dag.py:2690} INFO - Sync 1 DAGs
[2025-10-05T17:23:01.072+0000] {logging_mixin.py:137} INFO - [2025-10-05T17:23:01.072+0000] {dag.py:3441} INFO - Setting next_dagrun for example_branch_python_operator_decorator to 2025-10-04T00:00:00+00:00, run_after=2025-10-05T00:00:00+00:00
[2025-10-05T17:23:01.097+0000] {processor.py:175} INFO - Processing /home/airflow/.local/lib/python3.7/site-packages/airflow/example_dags/example_branch_operator_decorator.py took 0.120 seconds
[2025-10-05T17:23:31.182+0000] {processor.py:153} INFO - Started process (PID=869) to work on /home/airflow/.local/lib/python3.7/site-packages/airflow/example_dags/example_branch_operator_decorator.py
[2025-10-05T17:23:31.184+0000] {processor.py:743} INFO - Processing file /home/airflow/.local/lib/python3.7/site-packages/airflow/example_dags/example_branch_operator_decorator.py for tasks to queue
[2025-10-05T17:23:31.185+0000] {logging_mixin.py:137} INFO - [2025-10-05T17:23:31.185+0000] {dagbag.py:538} INFO - Filling up the DagBag from /home/airflow/.local/lib/python3.7/site-packages/airflow/example_dags/example_branch_operator_decorator.py
[2025-10-05T17:23:31.213+0000] {processor.py:753} INFO - DAG(s) dict_keys(['example_branch_python_operator_decorator']) retrieved from /home/airflow/.local/lib/python3.7/site-packages/airflow/example_dags/example_branch_operator_decorator.py
[2025-10-05T17:23:31.249+0000] {logging_mixin.py:137} INFO - [2025-10-05T17:23:31.248+0000] {dag.py:2690} INFO - Sync 1 DAGs
[2025-10-05T17:23:31.278+0000] {logging_mixin.py:137} INFO - [2025-10-05T17:23:31.278+0000] {dag.py:3441} INFO - Setting next_dagrun for example_branch_python_operator_decorator to 2025-10-04T00:00:00+00:00, run_after=2025-10-05T00:00:00+00:00
[2025-10-05T17:23:31.305+0000] {processor.py:175} INFO - Processing /home/airflow/.local/lib/python3.7/site-packages/airflow/example_dags/example_branch_operator_decorator.py took 0.127 seconds
[2025-10-05T17:24:02.102+0000] {processor.py:153} INFO - Started process (PID=967) to work on /home/airflow/.local/lib/python3.7/site-packages/airflow/example_dags/example_branch_operator_decorator.py
[2025-10-05T17:24:02.104+0000] {processor.py:743} INFO - Processing file /home/airflow/.local/lib/python3.7/site-packages/airflow/example_dags/example_branch_operator_decorator.py for tasks to queue
[2025-10-05T17:24:02.105+0000] {logging_mixin.py:137} INFO - [2025-10-05T17:24:02.105+0000] {dagbag.py:538} INFO - Filling up the DagBag from /home/airflow/.local/lib/python3.7/site-packages/airflow/example_dags/example_branch_operator_decorator.py
[2025-10-05T17:24:02.139+0000] {processor.py:753} INFO - DAG(s) dict_keys(['example_branch_python_operator_decorator']) retrieved from /home/airflow/.local/lib/python3.7/site-packages/airflow/example_dags/example_branch_operator_decorator.py
[2025-10-05T17:24:02.185+0000] {logging_mixin.py:137} INFO - [2025-10-05T17:24:02.184+0000] {dag.py:2690} INFO - Sync 1 DAGs
[2025-10-05T17:24:02.234+0000] {logging_mixin.py:137} INFO - [2025-10-05T17:24:02.234+0000] {dag.py:3441} INFO - Setting next_dagrun for example_branch_python_operator_decorator to 2025-10-04T00:00:00+00:00, run_after=2025-10-05T00:00:00+00:00
[2025-10-05T17:24:02.283+0000] {processor.py:175} INFO - Processing /home/airflow/.local/lib/python3.7/site-packages/airflow/example_dags/example_branch_operator_decorator.py took 0.185 seconds
[2025-10-05T17:24:32.755+0000] {processor.py:153} INFO - Started process (PID=1071) to work on /home/airflow/.local/lib/python3.7/site-packages/airflow/example_dags/example_branch_operator_decorator.py
[2025-10-05T17:24:32.756+0000] {processor.py:743} INFO - Processing file /home/airflow/.local/lib/python3.7/site-packages/airflow/example_dags/example_branch_operator_decorator.py for tasks to queue
[2025-10-05T17:24:32.758+0000] {logging_mixin.py:137} INFO - [2025-10-05T17:24:32.757+0000] {dagbag.py:538} INFO - Filling up the DagBag from /home/airflow/.local/lib/python3.7/site-packages/airflow/example_dags/example_branch_operator_decorator.py
[2025-10-05T17:24:32.796+0000] {processor.py:753} INFO - DAG(s) dict_keys(['example_branch_python_operator_decorator']) retrieved from /home/airflow/.local/lib/python3.7/site-packages/airflow/example_dags/example_branch_operator_decorator.py
[2025-10-05T17:24:32.840+0000] {logging_mixin.py:137} INFO - [2025-10-05T17:24:32.839+0000] {dag.py:2690} INFO - Sync 1 DAGs
[2025-10-05T17:24:32.872+0000] {logging_mixin.py:137} INFO - [2025-10-05T17:24:32.872+0000] {dag.py:3441} INFO - Setting next_dagrun for example_branch_python_operator_decorator to 2025-10-04T00:00:00+00:00, run_after=2025-10-05T00:00:00+00:00
[2025-10-05T17:24:32.900+0000] {processor.py:175} INFO - Processing /home/airflow/.local/lib/python3.7/site-packages/airflow/example_dags/example_branch_operator_decorator.py took 0.152 seconds
[2025-10-05T17:25:03.726+0000] {processor.py:153} INFO - Started process (PID=1160) to work on /home/airflow/.local/lib/python3.7/site-packages/airflow/example_dags/example_branch_operator_decorator.py
[2025-10-05T17:25:03.728+0000] {processor.py:743} INFO - Processing file /home/airflow/.local/lib/python3.7/site-packages/airflow/example_dags/example_branch_operator_decorator.py for tasks to queue
[2025-10-05T17:25:03.729+0000] {logging_mixin.py:137} INFO - [2025-10-05T17:25:03.729+0000] {dagbag.py:538} INFO - Filling up the DagBag from /home/airflow/.local/lib/python3.7/site-packages/airflow/example_dags/example_branch_operator_decorator.py
[2025-10-05T17:25:03.763+0000] {processor.py:753} INFO - DAG(s) dict_keys(['example_branch_python_operator_decorator']) retrieved from /home/airflow/.local/lib/python3.7/site-packages/airflow/example_dags/example_branch_operator_decorator.py
[2025-10-05T17:25:03.799+0000] {logging_mixin.py:137} INFO - [2025-10-05T17:25:03.799+0000] {dag.py:2690} INFO - Sync 1 DAGs
[2025-10-05T17:25:03.830+0000] {logging_mixin.py:137} INFO - [2025-10-05T17:25:03.830+0000] {dag.py:3441} INFO - Setting next_dagrun for example_branch_python_operator_decorator to 2025-10-04T00:00:00+00:00, run_after=2025-10-05T00:00:00+00:00
[2025-10-05T17:25:03.857+0000] {processor.py:175} INFO - Processing /home/airflow/.local/lib/python3.7/site-packages/airflow/example_dags/example_branch_operator_decorator.py took 0.135 seconds
[2025-10-05T17:25:33.994+0000] {processor.py:153} INFO - Started process (PID=1273) to work on /home/airflow/.local/lib/python3.7/site-packages/airflow/example_dags/example_branch_operator_decorator.py
[2025-10-05T17:25:33.996+0000] {processor.py:743} INFO - Processing file /home/airflow/.local/lib/python3.7/site-packages/airflow/example_dags/example_branch_operator_decorator.py for tasks to queue
[2025-10-05T17:25:33.997+0000] {logging_mixin.py:137} INFO - [2025-10-05T17:25:33.997+0000] {dagbag.py:538} INFO - Filling up the DagBag from /home/airflow/.local/lib/python3.7/site-packages/airflow/example_dags/example_branch_operator_decorator.py
[2025-10-05T17:25:34.031+0000] {processor.py:753} INFO - DAG(s) dict_keys(['example_branch_python_operator_decorator']) retrieved from /home/airflow/.local/lib/python3.7/site-packages/airflow/example_dags/example_branch_operator_decorator.py
[2025-10-05T17:25:34.064+0000] {logging_mixin.py:137} INFO - [2025-10-05T17:25:34.063+0000] {dag.py:2690} INFO - Sync 1 DAGs
[2025-10-05T17:25:34.093+0000] {logging_mixin.py:137} INFO - [2025-10-05T17:25:34.092+0000] {dag.py:3441} INFO - Setting next_dagrun for example_branch_python_operator_decorator to 2025-10-04T00:00:00+00:00, run_after=2025-10-05T00:00:00+00:00
[2025-10-05T17:25:34.119+0000] {processor.py:175} INFO - Processing /home/airflow/.local/lib/python3.7/site-packages/airflow/example_dags/example_branch_operator_decorator.py took 0.130 seconds
[2025-10-05T17:26:04.616+0000] {processor.py:153} INFO - Started process (PID=1362) to work on /home/airflow/.local/lib/python3.7/site-packages/airflow/example_dags/example_branch_operator_decorator.py
[2025-10-05T17:26:04.618+0000] {processor.py:743} INFO - Processing file /home/airflow/.local/lib/python3.7/site-packages/airflow/example_dags/example_branch_operator_decorator.py for tasks to queue
[2025-10-05T17:26:04.619+0000] {logging_mixin.py:137} INFO - [2025-10-05T17:26:04.619+0000] {dagbag.py:538} INFO - Filling up the DagBag from /home/airflow/.local/lib/python3.7/site-packages/airflow/example_dags/example_branch_operator_decorator.py
[2025-10-05T17:26:04.646+0000] {processor.py:753} INFO - DAG(s) dict_keys(['example_branch_python_operator_decorator']) retrieved from /home/airflow/.local/lib/python3.7/site-packages/airflow/example_dags/example_branch_operator_decorator.py
[2025-10-05T17:26:04.680+0000] {logging_mixin.py:137} INFO - [2025-10-05T17:26:04.679+0000] {dag.py:2690} INFO - Sync 1 DAGs
[2025-10-05T17:26:04.712+0000] {logging_mixin.py:137} INFO - [2025-10-05T17:26:04.711+0000] {dag.py:3441} INFO - Setting next_dagrun for example_branch_python_operator_decorator to 2025-10-04T00:00:00+00:00, run_after=2025-10-05T00:00:00+00:00
[2025-10-05T17:26:04.737+0000] {processor.py:175} INFO - Processing /home/airflow/.local/lib/python3.7/site-packages/airflow/example_dags/example_branch_operator_decorator.py took 0.126 seconds
[2025-10-05T17:26:35.496+0000] {processor.py:153} INFO - Started process (PID=1475) to work on /home/airflow/.local/lib/python3.7/site-packages/airflow/example_dags/example_branch_operator_decorator.py
[2025-10-05T17:26:35.498+0000] {processor.py:743} INFO - Processing file /home/airflow/.local/lib/python3.7/site-packages/airflow/example_dags/example_branch_operator_decorator.py for tasks to queue
[2025-10-05T17:26:35.499+0000] {logging_mixin.py:137} INFO - [2025-10-05T17:26:35.499+0000] {dagbag.py:538} INFO - Filling up the DagBag from /home/airflow/.local/lib/python3.7/site-packages/airflow/example_dags/example_branch_operator_decorator.py
[2025-10-05T17:26:35.543+0000] {processor.py:753} INFO - DAG(s) dict_keys(['example_branch_python_operator_decorator']) retrieved from /home/airflow/.local/lib/python3.7/site-packages/airflow/example_dags/example_branch_operator_decorator.py
[2025-10-05T17:26:35.592+0000] {logging_mixin.py:137} INFO - [2025-10-05T17:26:35.591+0000] {dag.py:2690} INFO - Sync 1 DAGs
[2025-10-05T17:26:35.642+0000] {logging_mixin.py:137} INFO - [2025-10-05T17:26:35.641+0000] {dag.py:3441} INFO - Setting next_dagrun for example_branch_python_operator_decorator to 2025-10-04T00:00:00+00:00, run_after=2025-10-05T00:00:00+00:00
[2025-10-05T17:26:35.683+0000] {processor.py:175} INFO - Processing /home/airflow/.local/lib/python3.7/site-packages/airflow/example_dags/example_branch_operator_decorator.py took 0.192 seconds
[2025-10-05T17:27:06.674+0000] {processor.py:153} INFO - Started process (PID=1564) to work on /home/airflow/.local/lib/python3.7/site-packages/airflow/example_dags/example_branch_operator_decorator.py
[2025-10-05T17:27:06.675+0000] {processor.py:743} INFO - Processing file /home/airflow/.local/lib/python3.7/site-packages/airflow/example_dags/example_branch_operator_decorator.py for tasks to queue
[2025-10-05T17:27:06.677+0000] {logging_mixin.py:137} INFO - [2025-10-05T17:27:06.677+0000] {dagbag.py:538} INFO - Filling up the DagBag from /home/airflow/.local/lib/python3.7/site-packages/airflow/example_dags/example_branch_operator_decorator.py
[2025-10-05T17:27:06.709+0000] {processor.py:753} INFO - DAG(s) dict_keys(['example_branch_python_operator_decorator']) retrieved from /home/airflow/.local/lib/python3.7/site-packages/airflow/example_dags/example_branch_operator_decorator.py
[2025-10-05T17:27:06.745+0000] {logging_mixin.py:137} INFO - [2025-10-05T17:27:06.745+0000] {dag.py:2690} INFO - Sync 1 DAGs
[2025-10-05T17:27:06.777+0000] {logging_mixin.py:137} INFO - [2025-10-05T17:27:06.777+0000] {dag.py:3441} INFO - Setting next_dagrun for example_branch_python_operator_decorator to 2025-10-04T00:00:00+00:00, run_after=2025-10-05T00:00:00+00:00
[2025-10-05T17:27:06.807+0000] {processor.py:175} INFO - Processing /home/airflow/.local/lib/python3.7/site-packages/airflow/example_dags/example_branch_operator_decorator.py took 0.138 seconds
[2025-10-05T17:27:37.675+0000] {processor.py:153} INFO - Started process (PID=1653) to work on /home/airflow/.local/lib/python3.7/site-packages/airflow/example_dags/example_branch_operator_decorator.py
[2025-10-05T17:27:37.677+0000] {processor.py:743} INFO - Processing file /home/airflow/.local/lib/python3.7/site-packages/airflow/example_dags/example_branch_operator_decorator.py for tasks to queue
[2025-10-05T17:27:37.678+0000] {logging_mixin.py:137} INFO - [2025-10-05T17:27:37.678+0000] {dagbag.py:538} INFO - Filling up the DagBag from /home/airflow/.local/lib/python3.7/site-packages/airflow/example_dags/example_branch_operator_decorator.py
[2025-10-05T17:27:37.717+0000] {processor.py:753} INFO - DAG(s) dict_keys(['example_branch_python_operator_decorator']) retrieved from /home/airflow/.local/lib/python3.7/site-packages/airflow/example_dags/example_branch_operator_decorator.py
[2025-10-05T17:27:37.761+0000] {logging_mixin.py:137} INFO - [2025-10-05T17:27:37.761+0000] {dag.py:2690} INFO - Sync 1 DAGs
[2025-10-05T17:27:37.809+0000] {logging_mixin.py:137} INFO - [2025-10-05T17:27:37.809+0000] {dag.py:3441} INFO - Setting next_dagrun for example_branch_python_operator_decorator to 2025-10-04T00:00:00+00:00, run_after=2025-10-05T00:00:00+00:00
[2025-10-05T17:27:37.842+0000] {processor.py:175} INFO - Processing /home/airflow/.local/lib/python3.7/site-packages/airflow/example_dags/example_branch_operator_decorator.py took 0.174 seconds
[2025-10-05T17:28:08.195+0000] {processor.py:153} INFO - Started process (PID=1767) to work on /home/airflow/.local/lib/python3.7/site-packages/airflow/example_dags/example_branch_operator_decorator.py
[2025-10-05T17:28:08.196+0000] {processor.py:743} INFO - Processing file /home/airflow/.local/lib/python3.7/site-packages/airflow/example_dags/example_branch_operator_decorator.py for tasks to queue
[2025-10-05T17:28:08.197+0000] {logging_mixin.py:137} INFO - [2025-10-05T17:28:08.197+0000] {dagbag.py:538} INFO - Filling up the DagBag from /home/airflow/.local/lib/python3.7/site-packages/airflow/example_dags/example_branch_operator_decorator.py
[2025-10-05T17:28:08.260+0000] {processor.py:753} INFO - DAG(s) dict_keys(['example_branch_python_operator_decorator']) retrieved from /home/airflow/.local/lib/python3.7/site-packages/airflow/example_dags/example_branch_operator_decorator.py
[2025-10-05T17:28:08.322+0000] {logging_mixin.py:137} INFO - [2025-10-05T17:28:08.321+0000] {dag.py:2690} INFO - Sync 1 DAGs
[2025-10-05T17:28:08.381+0000] {logging_mixin.py:137} INFO - [2025-10-05T17:28:08.380+0000] {dag.py:3441} INFO - Setting next_dagrun for example_branch_python_operator_decorator to 2025-10-04T00:00:00+00:00, run_after=2025-10-05T00:00:00+00:00
[2025-10-05T17:28:08.415+0000] {processor.py:175} INFO - Processing /home/airflow/.local/lib/python3.7/site-packages/airflow/example_dags/example_branch_operator_decorator.py took 0.226 seconds
[2025-10-05T17:28:38.768+0000] {processor.py:153} INFO - Started process (PID=1856) to work on /home/airflow/.local/lib/python3.7/site-packages/airflow/example_dags/example_branch_operator_decorator.py
[2025-10-05T17:28:38.769+0000] {processor.py:743} INFO - Processing file /home/airflow/.local/lib/python3.7/site-packages/airflow/example_dags/example_branch_operator_decorator.py for tasks to queue
[2025-10-05T17:28:38.770+0000] {logging_mixin.py:137} INFO - [2025-10-05T17:28:38.770+0000] {dagbag.py:538} INFO - Filling up the DagBag from /home/airflow/.local/lib/python3.7/site-packages/airflow/example_dags/example_branch_operator_decorator.py
[2025-10-05T17:28:38.800+0000] {processor.py:753} INFO - DAG(s) dict_keys(['example_branch_python_operator_decorator']) retrieved from /home/airflow/.local/lib/python3.7/site-packages/airflow/example_dags/example_branch_operator_decorator.py
[2025-10-05T17:28:38.833+0000] {logging_mixin.py:137} INFO - [2025-10-05T17:28:38.833+0000] {dag.py:2690} INFO - Sync 1 DAGs
[2025-10-05T17:28:38.866+0000] {logging_mixin.py:137} INFO - [2025-10-05T17:28:38.866+0000] {dag.py:3441} INFO - Setting next_dagrun for example_branch_python_operator_decorator to 2025-10-04T00:00:00+00:00, run_after=2025-10-05T00:00:00+00:00
[2025-10-05T17:28:38.896+0000] {processor.py:175} INFO - Processing /home/airflow/.local/lib/python3.7/site-packages/airflow/example_dags/example_branch_operator_decorator.py took 0.132 seconds
[2025-10-05T17:29:09.807+0000] {processor.py:153} INFO - Started process (PID=1954) to work on /home/airflow/.local/lib/python3.7/site-packages/airflow/example_dags/example_branch_operator_decorator.py
[2025-10-05T17:29:09.809+0000] {processor.py:743} INFO - Processing file /home/airflow/.local/lib/python3.7/site-packages/airflow/example_dags/example_branch_operator_decorator.py for tasks to queue
[2025-10-05T17:29:09.810+0000] {logging_mixin.py:137} INFO - [2025-10-05T17:29:09.810+0000] {dagbag.py:538} INFO - Filling up the DagBag from /home/airflow/.local/lib/python3.7/site-packages/airflow/example_dags/example_branch_operator_decorator.py
[2025-10-05T17:29:09.841+0000] {processor.py:753} INFO - DAG(s) dict_keys(['example_branch_python_operator_decorator']) retrieved from /home/airflow/.local/lib/python3.7/site-packages/airflow/example_dags/example_branch_operator_decorator.py
[2025-10-05T17:29:09.901+0000] {logging_mixin.py:137} INFO - [2025-10-05T17:29:09.901+0000] {dag.py:2690} INFO - Sync 1 DAGs
[2025-10-05T17:29:09.955+0000] {logging_mixin.py:137} INFO - [2025-10-05T17:29:09.955+0000] {dag.py:3441} INFO - Setting next_dagrun for example_branch_python_operator_decorator to 2025-10-04T00:00:00+00:00, run_after=2025-10-05T00:00:00+00:00
[2025-10-05T17:29:09.991+0000] {processor.py:175} INFO - Processing /home/airflow/.local/lib/python3.7/site-packages/airflow/example_dags/example_branch_operator_decorator.py took 0.188 seconds
[2025-10-05T17:29:40.874+0000] {processor.py:153} INFO - Started process (PID=2058) to work on /home/airflow/.local/lib/python3.7/site-packages/airflow/example_dags/example_branch_operator_decorator.py
[2025-10-05T17:29:40.875+0000] {processor.py:743} INFO - Processing file /home/airflow/.local/lib/python3.7/site-packages/airflow/example_dags/example_branch_operator_decorator.py for tasks to queue
[2025-10-05T17:29:40.877+0000] {logging_mixin.py:137} INFO - [2025-10-05T17:29:40.877+0000] {dagbag.py:538} INFO - Filling up the DagBag from /home/airflow/.local/lib/python3.7/site-packages/airflow/example_dags/example_branch_operator_decorator.py
[2025-10-05T17:29:40.906+0000] {processor.py:753} INFO - DAG(s) dict_keys(['example_branch_python_operator_decorator']) retrieved from /home/airflow/.local/lib/python3.7/site-packages/airflow/example_dags/example_branch_operator_decorator.py
[2025-10-05T17:29:40.938+0000] {logging_mixin.py:137} INFO - [2025-10-05T17:29:40.938+0000] {dag.py:2690} INFO - Sync 1 DAGs
[2025-10-05T17:29:40.970+0000] {logging_mixin.py:137} INFO - [2025-10-05T17:29:40.970+0000] {dag.py:3441} INFO - Setting next_dagrun for example_branch_python_operator_decorator to 2025-10-04T00:00:00+00:00, run_after=2025-10-05T00:00:00+00:00
[2025-10-05T17:29:40.995+0000] {processor.py:175} INFO - Processing /home/airflow/.local/lib/python3.7/site-packages/airflow/example_dags/example_branch_operator_decorator.py took 0.125 seconds
[2025-10-05T17:30:11.237+0000] {processor.py:153} INFO - Started process (PID=2148) to work on /home/airflow/.local/lib/python3.7/site-packages/airflow/example_dags/example_branch_operator_decorator.py
[2025-10-05T17:30:11.238+0000] {processor.py:743} INFO - Processing file /home/airflow/.local/lib/python3.7/site-packages/airflow/example_dags/example_branch_operator_decorator.py for tasks to queue
[2025-10-05T17:30:11.240+0000] {logging_mixin.py:137} INFO - [2025-10-05T17:30:11.239+0000] {dagbag.py:538} INFO - Filling up the DagBag from /home/airflow/.local/lib/python3.7/site-packages/airflow/example_dags/example_branch_operator_decorator.py
[2025-10-05T17:30:11.271+0000] {processor.py:753} INFO - DAG(s) dict_keys(['example_branch_python_operator_decorator']) retrieved from /home/airflow/.local/lib/python3.7/site-packages/airflow/example_dags/example_branch_operator_decorator.py
[2025-10-05T17:30:11.308+0000] {logging_mixin.py:137} INFO - [2025-10-05T17:30:11.308+0000] {dag.py:2690} INFO - Sync 1 DAGs
[2025-10-05T17:30:11.346+0000] {logging_mixin.py:137} INFO - [2025-10-05T17:30:11.346+0000] {dag.py:3441} INFO - Setting next_dagrun for example_branch_python_operator_decorator to 2025-10-04T00:00:00+00:00, run_after=2025-10-05T00:00:00+00:00
[2025-10-05T17:30:11.374+0000] {processor.py:175} INFO - Processing /home/airflow/.local/lib/python3.7/site-packages/airflow/example_dags/example_branch_operator_decorator.py took 0.143 seconds
[2025-10-05T17:30:41.791+0000] {processor.py:153} INFO - Started process (PID=2262) to work on /home/airflow/.local/lib/python3.7/site-packages/airflow/example_dags/example_branch_operator_decorator.py
[2025-10-05T17:30:41.792+0000] {processor.py:743} INFO - Processing file /home/airflow/.local/lib/python3.7/site-packages/airflow/example_dags/example_branch_operator_decorator.py for tasks to queue
[2025-10-05T17:30:41.793+0000] {logging_mixin.py:137} INFO - [2025-10-05T17:30:41.793+0000] {dagbag.py:538} INFO - Filling up the DagBag from /home/airflow/.local/lib/python3.7/site-packages/airflow/example_dags/example_branch_operator_decorator.py
[2025-10-05T17:30:41.831+0000] {processor.py:753} INFO - DAG(s) dict_keys(['example_branch_python_operator_decorator']) retrieved from /home/airflow/.local/lib/python3.7/site-packages/airflow/example_dags/example_branch_operator_decorator.py
[2025-10-05T17:30:41.866+0000] {logging_mixin.py:137} INFO - [2025-10-05T17:30:41.866+0000] {dag.py:2690} INFO - Sync 1 DAGs
[2025-10-05T17:30:41.893+0000] {logging_mixin.py:137} INFO - [2025-10-05T17:30:41.892+0000] {dag.py:3441} INFO - Setting next_dagrun for example_branch_python_operator_decorator to 2025-10-04T00:00:00+00:00, run_after=2025-10-05T00:00:00+00:00
[2025-10-05T17:30:41.916+0000] {processor.py:175} INFO - Processing /home/airflow/.local/lib/python3.7/site-packages/airflow/example_dags/example_branch_operator_decorator.py took 0.130 seconds
[2025-10-05T17:31:12.826+0000] {processor.py:153} INFO - Started process (PID=2351) to work on /home/airflow/.local/lib/python3.7/site-packages/airflow/example_dags/example_branch_operator_decorator.py
[2025-10-05T17:31:12.828+0000] {processor.py:743} INFO - Processing file /home/airflow/.local/lib/python3.7/site-packages/airflow/example_dags/example_branch_operator_decorator.py for tasks to queue
[2025-10-05T17:31:12.829+0000] {logging_mixin.py:137} INFO - [2025-10-05T17:31:12.829+0000] {dagbag.py:538} INFO - Filling up the DagBag from /home/airflow/.local/lib/python3.7/site-packages/airflow/example_dags/example_branch_operator_decorator.py
[2025-10-05T17:31:12.857+0000] {processor.py:753} INFO - DAG(s) dict_keys(['example_branch_python_operator_decorator']) retrieved from /home/airflow/.local/lib/python3.7/site-packages/airflow/example_dags/example_branch_operator_decorator.py
[2025-10-05T17:31:12.887+0000] {logging_mixin.py:137} INFO - [2025-10-05T17:31:12.887+0000] {dag.py:2690} INFO - Sync 1 DAGs
[2025-10-05T17:31:12.918+0000] {logging_mixin.py:137} INFO - [2025-10-05T17:31:12.918+0000] {dag.py:3441} INFO - Setting next_dagrun for example_branch_python_operator_decorator to 2025-10-04T00:00:00+00:00, run_after=2025-10-05T00:00:00+00:00
[2025-10-05T17:31:12.942+0000] {processor.py:175} INFO - Processing /home/airflow/.local/lib/python3.7/site-packages/airflow/example_dags/example_branch_operator_decorator.py took 0.120 seconds
[2025-10-05T17:31:44.001+0000] {processor.py:153} INFO - Started process (PID=2465) to work on /home/airflow/.local/lib/python3.7/site-packages/airflow/example_dags/example_branch_operator_decorator.py
[2025-10-05T17:31:44.003+0000] {processor.py:743} INFO - Processing file /home/airflow/.local/lib/python3.7/site-packages/airflow/example_dags/example_branch_operator_decorator.py for tasks to queue
[2025-10-05T17:31:44.004+0000] {logging_mixin.py:137} INFO - [2025-10-05T17:31:44.004+0000] {dagbag.py:538} INFO - Filling up the DagBag from /home/airflow/.local/lib/python3.7/site-packages/airflow/example_dags/example_branch_operator_decorator.py
[2025-10-05T17:31:44.031+0000] {processor.py:753} INFO - DAG(s) dict_keys(['example_branch_python_operator_decorator']) retrieved from /home/airflow/.local/lib/python3.7/site-packages/airflow/example_dags/example_branch_operator_decorator.py
[2025-10-05T17:31:44.063+0000] {logging_mixin.py:137} INFO - [2025-10-05T17:31:44.063+0000] {dag.py:2690} INFO - Sync 1 DAGs
[2025-10-05T17:31:44.092+0000] {logging_mixin.py:137} INFO - [2025-10-05T17:31:44.092+0000] {dag.py:3441} INFO - Setting next_dagrun for example_branch_python_operator_decorator to 2025-10-04T00:00:00+00:00, run_after=2025-10-05T00:00:00+00:00
[2025-10-05T17:31:44.116+0000] {processor.py:175} INFO - Processing /home/airflow/.local/lib/python3.7/site-packages/airflow/example_dags/example_branch_operator_decorator.py took 0.119 seconds
[2025-10-05T17:32:14.570+0000] {processor.py:153} INFO - Started process (PID=2554) to work on /home/airflow/.local/lib/python3.7/site-packages/airflow/example_dags/example_branch_operator_decorator.py
[2025-10-05T17:32:14.571+0000] {processor.py:743} INFO - Processing file /home/airflow/.local/lib/python3.7/site-packages/airflow/example_dags/example_branch_operator_decorator.py for tasks to queue
[2025-10-05T17:32:14.573+0000] {logging_mixin.py:137} INFO - [2025-10-05T17:32:14.572+0000] {dagbag.py:538} INFO - Filling up the DagBag from /home/airflow/.local/lib/python3.7/site-packages/airflow/example_dags/example_branch_operator_decorator.py
[2025-10-05T17:32:14.601+0000] {processor.py:753} INFO - DAG(s) dict_keys(['example_branch_python_operator_decorator']) retrieved from /home/airflow/.local/lib/python3.7/site-packages/airflow/example_dags/example_branch_operator_decorator.py
[2025-10-05T17:32:14.629+0000] {logging_mixin.py:137} INFO - [2025-10-05T17:32:14.629+0000] {dag.py:2690} INFO - Sync 1 DAGs
[2025-10-05T17:32:14.655+0000] {logging_mixin.py:137} INFO - [2025-10-05T17:32:14.655+0000] {dag.py:3441} INFO - Setting next_dagrun for example_branch_python_operator_decorator to 2025-10-04T00:00:00+00:00, run_after=2025-10-05T00:00:00+00:00
[2025-10-05T17:32:14.678+0000] {processor.py:175} INFO - Processing /home/airflow/.local/lib/python3.7/site-packages/airflow/example_dags/example_branch_operator_decorator.py took 0.112 seconds
[2025-10-05T17:32:45.540+0000] {processor.py:153} INFO - Started process (PID=2667) to work on /home/airflow/.local/lib/python3.7/site-packages/airflow/example_dags/example_branch_operator_decorator.py
[2025-10-05T17:32:45.541+0000] {processor.py:743} INFO - Processing file /home/airflow/.local/lib/python3.7/site-packages/airflow/example_dags/example_branch_operator_decorator.py for tasks to queue
[2025-10-05T17:32:45.543+0000] {logging_mixin.py:137} INFO - [2025-10-05T17:32:45.542+0000] {dagbag.py:538} INFO - Filling up the DagBag from /home/airflow/.local/lib/python3.7/site-packages/airflow/example_dags/example_branch_operator_decorator.py
[2025-10-05T17:32:45.569+0000] {processor.py:753} INFO - DAG(s) dict_keys(['example_branch_python_operator_decorator']) retrieved from /home/airflow/.local/lib/python3.7/site-packages/airflow/example_dags/example_branch_operator_decorator.py
[2025-10-05T17:32:45.598+0000] {logging_mixin.py:137} INFO - [2025-10-05T17:32:45.597+0000] {dag.py:2690} INFO - Sync 1 DAGs
[2025-10-05T17:32:45.625+0000] {logging_mixin.py:137} INFO - [2025-10-05T17:32:45.625+0000] {dag.py:3441} INFO - Setting next_dagrun for example_branch_python_operator_decorator to 2025-10-04T00:00:00+00:00, run_after=2025-10-05T00:00:00+00:00
[2025-10-05T17:32:45.649+0000] {processor.py:175} INFO - Processing /home/airflow/.local/lib/python3.7/site-packages/airflow/example_dags/example_branch_operator_decorator.py took 0.114 seconds
[2025-10-05T17:33:16.102+0000] {processor.py:153} INFO - Started process (PID=2756) to work on /home/airflow/.local/lib/python3.7/site-packages/airflow/example_dags/example_branch_operator_decorator.py
[2025-10-05T17:33:16.104+0000] {processor.py:743} INFO - Processing file /home/airflow/.local/lib/python3.7/site-packages/airflow/example_dags/example_branch_operator_decorator.py for tasks to queue
[2025-10-05T17:33:16.105+0000] {logging_mixin.py:137} INFO - [2025-10-05T17:33:16.105+0000] {dagbag.py:538} INFO - Filling up the DagBag from /home/airflow/.local/lib/python3.7/site-packages/airflow/example_dags/example_branch_operator_decorator.py
[2025-10-05T17:33:16.134+0000] {processor.py:753} INFO - DAG(s) dict_keys(['example_branch_python_operator_decorator']) retrieved from /home/airflow/.local/lib/python3.7/site-packages/airflow/example_dags/example_branch_operator_decorator.py
[2025-10-05T17:33:16.166+0000] {logging_mixin.py:137} INFO - [2025-10-05T17:33:16.165+0000] {dag.py:2690} INFO - Sync 1 DAGs
[2025-10-05T17:33:16.195+0000] {logging_mixin.py:137} INFO - [2025-10-05T17:33:16.195+0000] {dag.py:3441} INFO - Setting next_dagrun for example_branch_python_operator_decorator to 2025-10-04T00:00:00+00:00, run_after=2025-10-05T00:00:00+00:00
[2025-10-05T17:33:16.218+0000] {processor.py:175} INFO - Processing /home/airflow/.local/lib/python3.7/site-packages/airflow/example_dags/example_branch_operator_decorator.py took 0.120 seconds
[2025-10-05T17:33:46.373+0000] {processor.py:153} INFO - Started process (PID=2844) to work on /home/airflow/.local/lib/python3.7/site-packages/airflow/example_dags/example_branch_operator_decorator.py
[2025-10-05T17:33:46.375+0000] {processor.py:743} INFO - Processing file /home/airflow/.local/lib/python3.7/site-packages/airflow/example_dags/example_branch_operator_decorator.py for tasks to queue
[2025-10-05T17:33:46.376+0000] {logging_mixin.py:137} INFO - [2025-10-05T17:33:46.376+0000] {dagbag.py:538} INFO - Filling up the DagBag from /home/airflow/.local/lib/python3.7/site-packages/airflow/example_dags/example_branch_operator_decorator.py
[2025-10-05T17:33:46.413+0000] {processor.py:753} INFO - DAG(s) dict_keys(['example_branch_python_operator_decorator']) retrieved from /home/airflow/.local/lib/python3.7/site-packages/airflow/example_dags/example_branch_operator_decorator.py
[2025-10-05T17:33:46.453+0000] {logging_mixin.py:137} INFO - [2025-10-05T17:33:46.453+0000] {dag.py:2690} INFO - Sync 1 DAGs
[2025-10-05T17:33:46.484+0000] {logging_mixin.py:137} INFO - [2025-10-05T17:33:46.484+0000] {dag.py:3441} INFO - Setting next_dagrun for example_branch_python_operator_decorator to 2025-10-04T00:00:00+00:00, run_after=2025-10-05T00:00:00+00:00
[2025-10-05T17:33:46.513+0000] {processor.py:175} INFO - Processing /home/airflow/.local/lib/python3.7/site-packages/airflow/example_dags/example_branch_operator_decorator.py took 0.145 seconds
[2025-10-05T17:34:17.065+0000] {processor.py:153} INFO - Started process (PID=2957) to work on /home/airflow/.local/lib/python3.7/site-packages/airflow/example_dags/example_branch_operator_decorator.py
[2025-10-05T17:34:17.067+0000] {processor.py:743} INFO - Processing file /home/airflow/.local/lib/python3.7/site-packages/airflow/example_dags/example_branch_operator_decorator.py for tasks to queue
[2025-10-05T17:34:17.068+0000] {logging_mixin.py:137} INFO - [2025-10-05T17:34:17.067+0000] {dagbag.py:538} INFO - Filling up the DagBag from /home/airflow/.local/lib/python3.7/site-packages/airflow/example_dags/example_branch_operator_decorator.py
[2025-10-05T17:34:17.100+0000] {processor.py:753} INFO - DAG(s) dict_keys(['example_branch_python_operator_decorator']) retrieved from /home/airflow/.local/lib/python3.7/site-packages/airflow/example_dags/example_branch_operator_decorator.py
[2025-10-05T17:34:17.130+0000] {logging_mixin.py:137} INFO - [2025-10-05T17:34:17.130+0000] {dag.py:2690} INFO - Sync 1 DAGs
[2025-10-05T17:34:17.159+0000] {logging_mixin.py:137} INFO - [2025-10-05T17:34:17.158+0000] {dag.py:3441} INFO - Setting next_dagrun for example_branch_python_operator_decorator to 2025-10-04T00:00:00+00:00, run_after=2025-10-05T00:00:00+00:00
[2025-10-05T17:34:17.183+0000] {processor.py:175} INFO - Processing /home/airflow/.local/lib/python3.7/site-packages/airflow/example_dags/example_branch_operator_decorator.py took 0.122 seconds
[2025-10-05T17:34:47.514+0000] {processor.py:153} INFO - Started process (PID=3046) to work on /home/airflow/.local/lib/python3.7/site-packages/airflow/example_dags/example_branch_operator_decorator.py
[2025-10-05T17:34:47.516+0000] {processor.py:743} INFO - Processing file /home/airflow/.local/lib/python3.7/site-packages/airflow/example_dags/example_branch_operator_decorator.py for tasks to queue
[2025-10-05T17:34:47.517+0000] {logging_mixin.py:137} INFO - [2025-10-05T17:34:47.517+0000] {dagbag.py:538} INFO - Filling up the DagBag from /home/airflow/.local/lib/python3.7/site-packages/airflow/example_dags/example_branch_operator_decorator.py
[2025-10-05T17:34:47.549+0000] {processor.py:753} INFO - DAG(s) dict_keys(['example_branch_python_operator_decorator']) retrieved from /home/airflow/.local/lib/python3.7/site-packages/airflow/example_dags/example_branch_operator_decorator.py
[2025-10-05T17:34:47.584+0000] {logging_mixin.py:137} INFO - [2025-10-05T17:34:47.583+0000] {dag.py:2690} INFO - Sync 1 DAGs
[2025-10-05T17:34:47.612+0000] {logging_mixin.py:137} INFO - [2025-10-05T17:34:47.612+0000] {dag.py:3441} INFO - Setting next_dagrun for example_branch_python_operator_decorator to 2025-10-04T00:00:00+00:00, run_after=2025-10-05T00:00:00+00:00
[2025-10-05T17:34:47.643+0000] {processor.py:175} INFO - Processing /home/airflow/.local/lib/python3.7/site-packages/airflow/example_dags/example_branch_operator_decorator.py took 0.134 seconds
[2025-10-05T17:35:18.077+0000] {processor.py:153} INFO - Started process (PID=3144) to work on /home/airflow/.local/lib/python3.7/site-packages/airflow/example_dags/example_branch_operator_decorator.py
[2025-10-05T17:35:18.078+0000] {processor.py:743} INFO - Processing file /home/airflow/.local/lib/python3.7/site-packages/airflow/example_dags/example_branch_operator_decorator.py for tasks to queue
[2025-10-05T17:35:18.080+0000] {logging_mixin.py:137} INFO - [2025-10-05T17:35:18.080+0000] {dagbag.py:538} INFO - Filling up the DagBag from /home/airflow/.local/lib/python3.7/site-packages/airflow/example_dags/example_branch_operator_decorator.py
[2025-10-05T17:35:18.121+0000] {processor.py:753} INFO - DAG(s) dict_keys(['example_branch_python_operator_decorator']) retrieved from /home/airflow/.local/lib/python3.7/site-packages/airflow/example_dags/example_branch_operator_decorator.py
[2025-10-05T17:35:18.158+0000] {logging_mixin.py:137} INFO - [2025-10-05T17:35:18.158+0000] {dag.py:2690} INFO - Sync 1 DAGs
[2025-10-05T17:35:18.220+0000] {logging_mixin.py:137} INFO - [2025-10-05T17:35:18.219+0000] {dag.py:3441} INFO - Setting next_dagrun for example_branch_python_operator_decorator to 2025-10-04T00:00:00+00:00, run_after=2025-10-05T00:00:00+00:00
[2025-10-05T17:35:18.268+0000] {processor.py:175} INFO - Processing /home/airflow/.local/lib/python3.7/site-packages/airflow/example_dags/example_branch_operator_decorator.py took 0.198 seconds
[2025-10-05T17:35:48.658+0000] {processor.py:153} INFO - Started process (PID=3248) to work on /home/airflow/.local/lib/python3.7/site-packages/airflow/example_dags/example_branch_operator_decorator.py
[2025-10-05T17:35:48.660+0000] {processor.py:743} INFO - Processing file /home/airflow/.local/lib/python3.7/site-packages/airflow/example_dags/example_branch_operator_decorator.py for tasks to queue
[2025-10-05T17:35:48.661+0000] {logging_mixin.py:137} INFO - [2025-10-05T17:35:48.661+0000] {dagbag.py:538} INFO - Filling up the DagBag from /home/airflow/.local/lib/python3.7/site-packages/airflow/example_dags/example_branch_operator_decorator.py
[2025-10-05T17:35:48.697+0000] {processor.py:753} INFO - DAG(s) dict_keys(['example_branch_python_operator_decorator']) retrieved from /home/airflow/.local/lib/python3.7/site-packages/airflow/example_dags/example_branch_operator_decorator.py
[2025-10-05T17:35:48.734+0000] {logging_mixin.py:137} INFO - [2025-10-05T17:35:48.734+0000] {dag.py:2690} INFO - Sync 1 DAGs
[2025-10-05T17:35:48.763+0000] {logging_mixin.py:137} INFO - [2025-10-05T17:35:48.763+0000] {dag.py:3441} INFO - Setting next_dagrun for example_branch_python_operator_decorator to 2025-10-04T00:00:00+00:00, run_after=2025-10-05T00:00:00+00:00
[2025-10-05T17:35:48.791+0000] {processor.py:175} INFO - Processing /home/airflow/.local/lib/python3.7/site-packages/airflow/example_dags/example_branch_operator_decorator.py took 0.138 seconds
[2025-10-05T17:36:19.372+0000] {processor.py:153} INFO - Started process (PID=3337) to work on /home/airflow/.local/lib/python3.7/site-packages/airflow/example_dags/example_branch_operator_decorator.py
[2025-10-05T17:36:19.373+0000] {processor.py:743} INFO - Processing file /home/airflow/.local/lib/python3.7/site-packages/airflow/example_dags/example_branch_operator_decorator.py for tasks to queue
[2025-10-05T17:36:19.374+0000] {logging_mixin.py:137} INFO - [2025-10-05T17:36:19.374+0000] {dagbag.py:538} INFO - Filling up the DagBag from /home/airflow/.local/lib/python3.7/site-packages/airflow/example_dags/example_branch_operator_decorator.py
[2025-10-05T17:36:19.402+0000] {processor.py:753} INFO - DAG(s) dict_keys(['example_branch_python_operator_decorator']) retrieved from /home/airflow/.local/lib/python3.7/site-packages/airflow/example_dags/example_branch_operator_decorator.py
[2025-10-05T17:36:19.435+0000] {logging_mixin.py:137} INFO - [2025-10-05T17:36:19.434+0000] {dag.py:2690} INFO - Sync 1 DAGs
[2025-10-05T17:36:19.462+0000] {logging_mixin.py:137} INFO - [2025-10-05T17:36:19.462+0000] {dag.py:3441} INFO - Setting next_dagrun for example_branch_python_operator_decorator to 2025-10-04T00:00:00+00:00, run_after=2025-10-05T00:00:00+00:00
[2025-10-05T17:36:19.489+0000] {processor.py:175} INFO - Processing /home/airflow/.local/lib/python3.7/site-packages/airflow/example_dags/example_branch_operator_decorator.py took 0.121 seconds
[2025-10-05T17:36:50.511+0000] {processor.py:153} INFO - Started process (PID=3451) to work on /home/airflow/.local/lib/python3.7/site-packages/airflow/example_dags/example_branch_operator_decorator.py
[2025-10-05T17:36:50.513+0000] {processor.py:743} INFO - Processing file /home/airflow/.local/lib/python3.7/site-packages/airflow/example_dags/example_branch_operator_decorator.py for tasks to queue
[2025-10-05T17:36:50.514+0000] {logging_mixin.py:137} INFO - [2025-10-05T17:36:50.514+0000] {dagbag.py:538} INFO - Filling up the DagBag from /home/airflow/.local/lib/python3.7/site-packages/airflow/example_dags/example_branch_operator_decorator.py
[2025-10-05T17:36:50.543+0000] {processor.py:753} INFO - DAG(s) dict_keys(['example_branch_python_operator_decorator']) retrieved from /home/airflow/.local/lib/python3.7/site-packages/airflow/example_dags/example_branch_operator_decorator.py
[2025-10-05T17:36:50.583+0000] {logging_mixin.py:137} INFO - [2025-10-05T17:36:50.582+0000] {dag.py:2690} INFO - Sync 1 DAGs
[2025-10-05T17:36:50.612+0000] {logging_mixin.py:137} INFO - [2025-10-05T17:36:50.612+0000] {dag.py:3441} INFO - Setting next_dagrun for example_branch_python_operator_decorator to 2025-10-04T00:00:00+00:00, run_after=2025-10-05T00:00:00+00:00
[2025-10-05T17:36:50.640+0000] {processor.py:175} INFO - Processing /home/airflow/.local/lib/python3.7/site-packages/airflow/example_dags/example_branch_operator_decorator.py took 0.133 seconds
