[2025-10-05T17:19:26.320+0000] {processor.py:153} INFO - Started process (PID=89) to work on /home/airflow/.local/lib/python3.7/site-packages/airflow/example_dags/example_local_kubernetes_executor.py
[2025-10-05T17:19:26.321+0000] {processor.py:743} INFO - Processing file /home/airflow/.local/lib/python3.7/site-packages/airflow/example_dags/example_local_kubernetes_executor.py for tasks to queue
[2025-10-05T17:19:26.323+0000] {logging_mixin.py:137} INFO - [2025-10-05T17:19:26.323+0000] {dagbag.py:538} INFO - Filling up the DagBag from /home/airflow/.local/lib/python3.7/site-packages/airflow/example_dags/example_local_kubernetes_executor.py
[2025-10-05T17:19:26.370+0000] {processor.py:753} INFO - DAG(s) dict_keys(['example_local_kubernetes_executor']) retrieved from /home/airflow/.local/lib/python3.7/site-packages/airflow/example_dags/example_local_kubernetes_executor.py
[2025-10-05T17:19:26.391+0000] {logging_mixin.py:137} INFO - [2025-10-05T17:19:26.390+0000] {dag.py:2690} INFO - Sync 1 DAGs
[2025-10-05T17:19:26.438+0000] {logging_mixin.py:137} INFO - [2025-10-05T17:19:26.437+0000] {dag.py:3441} INFO - Setting next_dagrun for example_local_kubernetes_executor to None, run_after=None
[2025-10-05T17:19:26.476+0000] {processor.py:175} INFO - Processing /home/airflow/.local/lib/python3.7/site-packages/airflow/example_dags/example_local_kubernetes_executor.py took 0.161 seconds
[2025-10-05T17:19:57.046+0000] {processor.py:153} INFO - Started process (PID=178) to work on /home/airflow/.local/lib/python3.7/site-packages/airflow/example_dags/example_local_kubernetes_executor.py
[2025-10-05T17:19:57.049+0000] {processor.py:743} INFO - Processing file /home/airflow/.local/lib/python3.7/site-packages/airflow/example_dags/example_local_kubernetes_executor.py for tasks to queue
[2025-10-05T17:19:57.051+0000] {logging_mixin.py:137} INFO - [2025-10-05T17:19:57.051+0000] {dagbag.py:538} INFO - Filling up the DagBag from /home/airflow/.local/lib/python3.7/site-packages/airflow/example_dags/example_local_kubernetes_executor.py
[2025-10-05T17:19:57.084+0000] {processor.py:753} INFO - DAG(s) dict_keys(['example_local_kubernetes_executor']) retrieved from /home/airflow/.local/lib/python3.7/site-packages/airflow/example_dags/example_local_kubernetes_executor.py
[2025-10-05T17:19:57.124+0000] {logging_mixin.py:137} INFO - [2025-10-05T17:19:57.124+0000] {dag.py:2690} INFO - Sync 1 DAGs
[2025-10-05T17:19:57.158+0000] {logging_mixin.py:137} INFO - [2025-10-05T17:19:57.158+0000] {dag.py:3441} INFO - Setting next_dagrun for example_local_kubernetes_executor to None, run_after=None
[2025-10-05T17:19:57.205+0000] {processor.py:175} INFO - Processing /home/airflow/.local/lib/python3.7/site-packages/airflow/example_dags/example_local_kubernetes_executor.py took 0.164 seconds
[2025-10-05T17:20:27.957+0000] {processor.py:153} INFO - Started process (PID=291) to work on /home/airflow/.local/lib/python3.7/site-packages/airflow/example_dags/example_local_kubernetes_executor.py
[2025-10-05T17:20:27.959+0000] {processor.py:743} INFO - Processing file /home/airflow/.local/lib/python3.7/site-packages/airflow/example_dags/example_local_kubernetes_executor.py for tasks to queue
[2025-10-05T17:20:27.960+0000] {logging_mixin.py:137} INFO - [2025-10-05T17:20:27.960+0000] {dagbag.py:538} INFO - Filling up the DagBag from /home/airflow/.local/lib/python3.7/site-packages/airflow/example_dags/example_local_kubernetes_executor.py
[2025-10-05T17:20:27.986+0000] {processor.py:753} INFO - DAG(s) dict_keys(['example_local_kubernetes_executor']) retrieved from /home/airflow/.local/lib/python3.7/site-packages/airflow/example_dags/example_local_kubernetes_executor.py
[2025-10-05T17:20:28.020+0000] {logging_mixin.py:137} INFO - [2025-10-05T17:20:28.019+0000] {dag.py:2690} INFO - Sync 1 DAGs
[2025-10-05T17:20:28.054+0000] {logging_mixin.py:137} INFO - [2025-10-05T17:20:28.053+0000] {dag.py:3441} INFO - Setting next_dagrun for example_local_kubernetes_executor to None, run_after=None
[2025-10-05T17:20:28.079+0000] {processor.py:175} INFO - Processing /home/airflow/.local/lib/python3.7/site-packages/airflow/example_dags/example_local_kubernetes_executor.py took 0.126 seconds
[2025-10-05T17:20:58.860+0000] {processor.py:153} INFO - Started process (PID=380) to work on /home/airflow/.local/lib/python3.7/site-packages/airflow/example_dags/example_local_kubernetes_executor.py
[2025-10-05T17:20:58.862+0000] {processor.py:743} INFO - Processing file /home/airflow/.local/lib/python3.7/site-packages/airflow/example_dags/example_local_kubernetes_executor.py for tasks to queue
[2025-10-05T17:20:58.865+0000] {logging_mixin.py:137} INFO - [2025-10-05T17:20:58.865+0000] {dagbag.py:538} INFO - Filling up the DagBag from /home/airflow/.local/lib/python3.7/site-packages/airflow/example_dags/example_local_kubernetes_executor.py
[2025-10-05T17:20:58.896+0000] {processor.py:753} INFO - DAG(s) dict_keys(['example_local_kubernetes_executor']) retrieved from /home/airflow/.local/lib/python3.7/site-packages/airflow/example_dags/example_local_kubernetes_executor.py
[2025-10-05T17:20:58.936+0000] {logging_mixin.py:137} INFO - [2025-10-05T17:20:58.935+0000] {dag.py:2690} INFO - Sync 1 DAGs
[2025-10-05T17:20:58.965+0000] {logging_mixin.py:137} INFO - [2025-10-05T17:20:58.964+0000] {dag.py:3441} INFO - Setting next_dagrun for example_local_kubernetes_executor to None, run_after=None
[2025-10-05T17:20:58.995+0000] {processor.py:175} INFO - Processing /home/airflow/.local/lib/python3.7/site-packages/airflow/example_dags/example_local_kubernetes_executor.py took 0.140 seconds
[2025-10-05T17:21:30.253+0000] {processor.py:153} INFO - Started process (PID=493) to work on /home/airflow/.local/lib/python3.7/site-packages/airflow/example_dags/example_local_kubernetes_executor.py
[2025-10-05T17:21:30.255+0000] {processor.py:743} INFO - Processing file /home/airflow/.local/lib/python3.7/site-packages/airflow/example_dags/example_local_kubernetes_executor.py for tasks to queue
[2025-10-05T17:21:30.256+0000] {logging_mixin.py:137} INFO - [2025-10-05T17:21:30.256+0000] {dagbag.py:538} INFO - Filling up the DagBag from /home/airflow/.local/lib/python3.7/site-packages/airflow/example_dags/example_local_kubernetes_executor.py
[2025-10-05T17:21:30.288+0000] {processor.py:753} INFO - DAG(s) dict_keys(['example_local_kubernetes_executor']) retrieved from /home/airflow/.local/lib/python3.7/site-packages/airflow/example_dags/example_local_kubernetes_executor.py
[2025-10-05T17:21:30.324+0000] {logging_mixin.py:137} INFO - [2025-10-05T17:21:30.324+0000] {dag.py:2690} INFO - Sync 1 DAGs
[2025-10-05T17:21:30.357+0000] {logging_mixin.py:137} INFO - [2025-10-05T17:21:30.357+0000] {dag.py:3441} INFO - Setting next_dagrun for example_local_kubernetes_executor to None, run_after=None
[2025-10-05T17:21:30.387+0000] {processor.py:175} INFO - Processing /home/airflow/.local/lib/python3.7/site-packages/airflow/example_dags/example_local_kubernetes_executor.py took 0.138 seconds
[2025-10-05T17:22:00.646+0000] {processor.py:153} INFO - Started process (PID=582) to work on /home/airflow/.local/lib/python3.7/site-packages/airflow/example_dags/example_local_kubernetes_executor.py
[2025-10-05T17:22:00.648+0000] {processor.py:743} INFO - Processing file /home/airflow/.local/lib/python3.7/site-packages/airflow/example_dags/example_local_kubernetes_executor.py for tasks to queue
[2025-10-05T17:22:00.649+0000] {logging_mixin.py:137} INFO - [2025-10-05T17:22:00.649+0000] {dagbag.py:538} INFO - Filling up the DagBag from /home/airflow/.local/lib/python3.7/site-packages/airflow/example_dags/example_local_kubernetes_executor.py
[2025-10-05T17:22:00.677+0000] {processor.py:753} INFO - DAG(s) dict_keys(['example_local_kubernetes_executor']) retrieved from /home/airflow/.local/lib/python3.7/site-packages/airflow/example_dags/example_local_kubernetes_executor.py
[2025-10-05T17:22:00.714+0000] {logging_mixin.py:137} INFO - [2025-10-05T17:22:00.714+0000] {dag.py:2690} INFO - Sync 1 DAGs
[2025-10-05T17:22:00.748+0000] {logging_mixin.py:137} INFO - [2025-10-05T17:22:00.748+0000] {dag.py:3441} INFO - Setting next_dagrun for example_local_kubernetes_executor to None, run_after=None
[2025-10-05T17:22:00.776+0000] {processor.py:175} INFO - Processing /home/airflow/.local/lib/python3.7/site-packages/airflow/example_dags/example_local_kubernetes_executor.py took 0.135 seconds
[2025-10-05T17:22:31.123+0000] {processor.py:153} INFO - Started process (PID=671) to work on /home/airflow/.local/lib/python3.7/site-packages/airflow/example_dags/example_local_kubernetes_executor.py
[2025-10-05T17:22:31.124+0000] {processor.py:743} INFO - Processing file /home/airflow/.local/lib/python3.7/site-packages/airflow/example_dags/example_local_kubernetes_executor.py for tasks to queue
[2025-10-05T17:22:31.125+0000] {logging_mixin.py:137} INFO - [2025-10-05T17:22:31.125+0000] {dagbag.py:538} INFO - Filling up the DagBag from /home/airflow/.local/lib/python3.7/site-packages/airflow/example_dags/example_local_kubernetes_executor.py
[2025-10-05T17:22:31.152+0000] {processor.py:753} INFO - DAG(s) dict_keys(['example_local_kubernetes_executor']) retrieved from /home/airflow/.local/lib/python3.7/site-packages/airflow/example_dags/example_local_kubernetes_executor.py
[2025-10-05T17:22:31.189+0000] {logging_mixin.py:137} INFO - [2025-10-05T17:22:31.189+0000] {dag.py:2690} INFO - Sync 1 DAGs
[2025-10-05T17:22:31.217+0000] {logging_mixin.py:137} INFO - [2025-10-05T17:22:31.217+0000] {dag.py:3441} INFO - Setting next_dagrun for example_local_kubernetes_executor to None, run_after=None
[2025-10-05T17:22:31.242+0000] {processor.py:175} INFO - Processing /home/airflow/.local/lib/python3.7/site-packages/airflow/example_dags/example_local_kubernetes_executor.py took 0.124 seconds
[2025-10-05T17:23:01.482+0000] {processor.py:153} INFO - Started process (PID=784) to work on /home/airflow/.local/lib/python3.7/site-packages/airflow/example_dags/example_local_kubernetes_executor.py
[2025-10-05T17:23:01.484+0000] {processor.py:743} INFO - Processing file /home/airflow/.local/lib/python3.7/site-packages/airflow/example_dags/example_local_kubernetes_executor.py for tasks to queue
[2025-10-05T17:23:01.486+0000] {logging_mixin.py:137} INFO - [2025-10-05T17:23:01.485+0000] {dagbag.py:538} INFO - Filling up the DagBag from /home/airflow/.local/lib/python3.7/site-packages/airflow/example_dags/example_local_kubernetes_executor.py
[2025-10-05T17:23:01.518+0000] {processor.py:753} INFO - DAG(s) dict_keys(['example_local_kubernetes_executor']) retrieved from /home/airflow/.local/lib/python3.7/site-packages/airflow/example_dags/example_local_kubernetes_executor.py
[2025-10-05T17:23:01.556+0000] {logging_mixin.py:137} INFO - [2025-10-05T17:23:01.556+0000] {dag.py:2690} INFO - Sync 1 DAGs
[2025-10-05T17:23:01.587+0000] {logging_mixin.py:137} INFO - [2025-10-05T17:23:01.587+0000] {dag.py:3441} INFO - Setting next_dagrun for example_local_kubernetes_executor to None, run_after=None
[2025-10-05T17:23:01.615+0000] {processor.py:175} INFO - Processing /home/airflow/.local/lib/python3.7/site-packages/airflow/example_dags/example_local_kubernetes_executor.py took 0.137 seconds
[2025-10-05T17:23:31.674+0000] {processor.py:153} INFO - Started process (PID=872) to work on /home/airflow/.local/lib/python3.7/site-packages/airflow/example_dags/example_local_kubernetes_executor.py
[2025-10-05T17:23:31.675+0000] {processor.py:743} INFO - Processing file /home/airflow/.local/lib/python3.7/site-packages/airflow/example_dags/example_local_kubernetes_executor.py for tasks to queue
[2025-10-05T17:23:31.676+0000] {logging_mixin.py:137} INFO - [2025-10-05T17:23:31.676+0000] {dagbag.py:538} INFO - Filling up the DagBag from /home/airflow/.local/lib/python3.7/site-packages/airflow/example_dags/example_local_kubernetes_executor.py
[2025-10-05T17:23:31.702+0000] {processor.py:753} INFO - DAG(s) dict_keys(['example_local_kubernetes_executor']) retrieved from /home/airflow/.local/lib/python3.7/site-packages/airflow/example_dags/example_local_kubernetes_executor.py
[2025-10-05T17:23:31.737+0000] {logging_mixin.py:137} INFO - [2025-10-05T17:23:31.737+0000] {dag.py:2690} INFO - Sync 1 DAGs
[2025-10-05T17:23:31.764+0000] {logging_mixin.py:137} INFO - [2025-10-05T17:23:31.763+0000] {dag.py:3441} INFO - Setting next_dagrun for example_local_kubernetes_executor to None, run_after=None
[2025-10-05T17:23:31.791+0000] {processor.py:175} INFO - Processing /home/airflow/.local/lib/python3.7/site-packages/airflow/example_dags/example_local_kubernetes_executor.py took 0.122 seconds
[2025-10-05T17:24:02.331+0000] {processor.py:153} INFO - Started process (PID=985) to work on /home/airflow/.local/lib/python3.7/site-packages/airflow/example_dags/example_local_kubernetes_executor.py
[2025-10-05T17:24:02.333+0000] {processor.py:743} INFO - Processing file /home/airflow/.local/lib/python3.7/site-packages/airflow/example_dags/example_local_kubernetes_executor.py for tasks to queue
[2025-10-05T17:24:02.335+0000] {logging_mixin.py:137} INFO - [2025-10-05T17:24:02.334+0000] {dagbag.py:538} INFO - Filling up the DagBag from /home/airflow/.local/lib/python3.7/site-packages/airflow/example_dags/example_local_kubernetes_executor.py
[2025-10-05T17:24:02.364+0000] {processor.py:753} INFO - DAG(s) dict_keys(['example_local_kubernetes_executor']) retrieved from /home/airflow/.local/lib/python3.7/site-packages/airflow/example_dags/example_local_kubernetes_executor.py
[2025-10-05T17:24:02.409+0000] {logging_mixin.py:137} INFO - [2025-10-05T17:24:02.409+0000] {dag.py:2690} INFO - Sync 1 DAGs
[2025-10-05T17:24:02.446+0000] {logging_mixin.py:137} INFO - [2025-10-05T17:24:02.445+0000] {dag.py:3441} INFO - Setting next_dagrun for example_local_kubernetes_executor to None, run_after=None
[2025-10-05T17:24:02.474+0000] {processor.py:175} INFO - Processing /home/airflow/.local/lib/python3.7/site-packages/airflow/example_dags/example_local_kubernetes_executor.py took 0.147 seconds
[2025-10-05T17:24:33.052+0000] {processor.py:153} INFO - Started process (PID=1074) to work on /home/airflow/.local/lib/python3.7/site-packages/airflow/example_dags/example_local_kubernetes_executor.py
[2025-10-05T17:24:33.054+0000] {processor.py:743} INFO - Processing file /home/airflow/.local/lib/python3.7/site-packages/airflow/example_dags/example_local_kubernetes_executor.py for tasks to queue
[2025-10-05T17:24:33.055+0000] {logging_mixin.py:137} INFO - [2025-10-05T17:24:33.055+0000] {dagbag.py:538} INFO - Filling up the DagBag from /home/airflow/.local/lib/python3.7/site-packages/airflow/example_dags/example_local_kubernetes_executor.py
[2025-10-05T17:24:33.089+0000] {processor.py:753} INFO - DAG(s) dict_keys(['example_local_kubernetes_executor']) retrieved from /home/airflow/.local/lib/python3.7/site-packages/airflow/example_dags/example_local_kubernetes_executor.py
[2025-10-05T17:24:33.128+0000] {logging_mixin.py:137} INFO - [2025-10-05T17:24:33.128+0000] {dag.py:2690} INFO - Sync 1 DAGs
[2025-10-05T17:24:33.158+0000] {logging_mixin.py:137} INFO - [2025-10-05T17:24:33.158+0000] {dag.py:3441} INFO - Setting next_dagrun for example_local_kubernetes_executor to None, run_after=None
[2025-10-05T17:24:33.184+0000] {processor.py:175} INFO - Processing /home/airflow/.local/lib/python3.7/site-packages/airflow/example_dags/example_local_kubernetes_executor.py took 0.136 seconds
[2025-10-05T17:25:04.067+0000] {processor.py:153} INFO - Started process (PID=1163) to work on /home/airflow/.local/lib/python3.7/site-packages/airflow/example_dags/example_local_kubernetes_executor.py
[2025-10-05T17:25:04.068+0000] {processor.py:743} INFO - Processing file /home/airflow/.local/lib/python3.7/site-packages/airflow/example_dags/example_local_kubernetes_executor.py for tasks to queue
[2025-10-05T17:25:04.069+0000] {logging_mixin.py:137} INFO - [2025-10-05T17:25:04.069+0000] {dagbag.py:538} INFO - Filling up the DagBag from /home/airflow/.local/lib/python3.7/site-packages/airflow/example_dags/example_local_kubernetes_executor.py
[2025-10-05T17:25:04.095+0000] {processor.py:753} INFO - DAG(s) dict_keys(['example_local_kubernetes_executor']) retrieved from /home/airflow/.local/lib/python3.7/site-packages/airflow/example_dags/example_local_kubernetes_executor.py
[2025-10-05T17:25:04.127+0000] {logging_mixin.py:137} INFO - [2025-10-05T17:25:04.126+0000] {dag.py:2690} INFO - Sync 1 DAGs
[2025-10-05T17:25:04.154+0000] {logging_mixin.py:137} INFO - [2025-10-05T17:25:04.154+0000] {dag.py:3441} INFO - Setting next_dagrun for example_local_kubernetes_executor to None, run_after=None
[2025-10-05T17:25:04.177+0000] {processor.py:175} INFO - Processing /home/airflow/.local/lib/python3.7/site-packages/airflow/example_dags/example_local_kubernetes_executor.py took 0.114 seconds
[2025-10-05T17:25:34.283+0000] {processor.py:153} INFO - Started process (PID=1276) to work on /home/airflow/.local/lib/python3.7/site-packages/airflow/example_dags/example_local_kubernetes_executor.py
[2025-10-05T17:25:34.284+0000] {processor.py:743} INFO - Processing file /home/airflow/.local/lib/python3.7/site-packages/airflow/example_dags/example_local_kubernetes_executor.py for tasks to queue
[2025-10-05T17:25:34.286+0000] {logging_mixin.py:137} INFO - [2025-10-05T17:25:34.285+0000] {dagbag.py:538} INFO - Filling up the DagBag from /home/airflow/.local/lib/python3.7/site-packages/airflow/example_dags/example_local_kubernetes_executor.py
[2025-10-05T17:25:34.313+0000] {processor.py:753} INFO - DAG(s) dict_keys(['example_local_kubernetes_executor']) retrieved from /home/airflow/.local/lib/python3.7/site-packages/airflow/example_dags/example_local_kubernetes_executor.py
[2025-10-05T17:25:34.348+0000] {logging_mixin.py:137} INFO - [2025-10-05T17:25:34.348+0000] {dag.py:2690} INFO - Sync 1 DAGs
[2025-10-05T17:25:34.377+0000] {logging_mixin.py:137} INFO - [2025-10-05T17:25:34.377+0000] {dag.py:3441} INFO - Setting next_dagrun for example_local_kubernetes_executor to None, run_after=None
[2025-10-05T17:25:34.403+0000] {processor.py:175} INFO - Processing /home/airflow/.local/lib/python3.7/site-packages/airflow/example_dags/example_local_kubernetes_executor.py took 0.125 seconds
[2025-10-05T17:26:04.932+0000] {processor.py:153} INFO - Started process (PID=1365) to work on /home/airflow/.local/lib/python3.7/site-packages/airflow/example_dags/example_local_kubernetes_executor.py
[2025-10-05T17:26:04.934+0000] {processor.py:743} INFO - Processing file /home/airflow/.local/lib/python3.7/site-packages/airflow/example_dags/example_local_kubernetes_executor.py for tasks to queue
[2025-10-05T17:26:04.935+0000] {logging_mixin.py:137} INFO - [2025-10-05T17:26:04.935+0000] {dagbag.py:538} INFO - Filling up the DagBag from /home/airflow/.local/lib/python3.7/site-packages/airflow/example_dags/example_local_kubernetes_executor.py
[2025-10-05T17:26:04.961+0000] {processor.py:753} INFO - DAG(s) dict_keys(['example_local_kubernetes_executor']) retrieved from /home/airflow/.local/lib/python3.7/site-packages/airflow/example_dags/example_local_kubernetes_executor.py
[2025-10-05T17:26:04.995+0000] {logging_mixin.py:137} INFO - [2025-10-05T17:26:04.995+0000] {dag.py:2690} INFO - Sync 1 DAGs
[2025-10-05T17:26:05.024+0000] {logging_mixin.py:137} INFO - [2025-10-05T17:26:05.024+0000] {dag.py:3441} INFO - Setting next_dagrun for example_local_kubernetes_executor to None, run_after=None
[2025-10-05T17:26:05.047+0000] {processor.py:175} INFO - Processing /home/airflow/.local/lib/python3.7/site-packages/airflow/example_dags/example_local_kubernetes_executor.py took 0.120 seconds
[2025-10-05T17:26:35.922+0000] {processor.py:153} INFO - Started process (PID=1478) to work on /home/airflow/.local/lib/python3.7/site-packages/airflow/example_dags/example_local_kubernetes_executor.py
[2025-10-05T17:26:35.924+0000] {processor.py:743} INFO - Processing file /home/airflow/.local/lib/python3.7/site-packages/airflow/example_dags/example_local_kubernetes_executor.py for tasks to queue
[2025-10-05T17:26:35.925+0000] {logging_mixin.py:137} INFO - [2025-10-05T17:26:35.925+0000] {dagbag.py:538} INFO - Filling up the DagBag from /home/airflow/.local/lib/python3.7/site-packages/airflow/example_dags/example_local_kubernetes_executor.py
[2025-10-05T17:26:35.954+0000] {processor.py:753} INFO - DAG(s) dict_keys(['example_local_kubernetes_executor']) retrieved from /home/airflow/.local/lib/python3.7/site-packages/airflow/example_dags/example_local_kubernetes_executor.py
[2025-10-05T17:26:35.994+0000] {logging_mixin.py:137} INFO - [2025-10-05T17:26:35.993+0000] {dag.py:2690} INFO - Sync 1 DAGs
[2025-10-05T17:26:36.024+0000] {logging_mixin.py:137} INFO - [2025-10-05T17:26:36.024+0000] {dag.py:3441} INFO - Setting next_dagrun for example_local_kubernetes_executor to None, run_after=None
[2025-10-05T17:26:36.053+0000] {processor.py:175} INFO - Processing /home/airflow/.local/lib/python3.7/site-packages/airflow/example_dags/example_local_kubernetes_executor.py took 0.135 seconds
[2025-10-05T17:27:07.032+0000] {processor.py:153} INFO - Started process (PID=1567) to work on /home/airflow/.local/lib/python3.7/site-packages/airflow/example_dags/example_local_kubernetes_executor.py
[2025-10-05T17:27:07.034+0000] {processor.py:743} INFO - Processing file /home/airflow/.local/lib/python3.7/site-packages/airflow/example_dags/example_local_kubernetes_executor.py for tasks to queue
[2025-10-05T17:27:07.036+0000] {logging_mixin.py:137} INFO - [2025-10-05T17:27:07.035+0000] {dagbag.py:538} INFO - Filling up the DagBag from /home/airflow/.local/lib/python3.7/site-packages/airflow/example_dags/example_local_kubernetes_executor.py
[2025-10-05T17:27:07.067+0000] {processor.py:753} INFO - DAG(s) dict_keys(['example_local_kubernetes_executor']) retrieved from /home/airflow/.local/lib/python3.7/site-packages/airflow/example_dags/example_local_kubernetes_executor.py
[2025-10-05T17:27:07.109+0000] {logging_mixin.py:137} INFO - [2025-10-05T17:27:07.108+0000] {dag.py:2690} INFO - Sync 1 DAGs
[2025-10-05T17:27:07.141+0000] {logging_mixin.py:137} INFO - [2025-10-05T17:27:07.140+0000] {dag.py:3441} INFO - Setting next_dagrun for example_local_kubernetes_executor to None, run_after=None
[2025-10-05T17:27:07.169+0000] {processor.py:175} INFO - Processing /home/airflow/.local/lib/python3.7/site-packages/airflow/example_dags/example_local_kubernetes_executor.py took 0.143 seconds
[2025-10-05T17:27:37.893+0000] {processor.py:153} INFO - Started process (PID=1656) to work on /home/airflow/.local/lib/python3.7/site-packages/airflow/example_dags/example_local_kubernetes_executor.py
[2025-10-05T17:27:37.895+0000] {processor.py:743} INFO - Processing file /home/airflow/.local/lib/python3.7/site-packages/airflow/example_dags/example_local_kubernetes_executor.py for tasks to queue
[2025-10-05T17:27:37.897+0000] {logging_mixin.py:137} INFO - [2025-10-05T17:27:37.896+0000] {dagbag.py:538} INFO - Filling up the DagBag from /home/airflow/.local/lib/python3.7/site-packages/airflow/example_dags/example_local_kubernetes_executor.py
[2025-10-05T17:27:37.926+0000] {processor.py:753} INFO - DAG(s) dict_keys(['example_local_kubernetes_executor']) retrieved from /home/airflow/.local/lib/python3.7/site-packages/airflow/example_dags/example_local_kubernetes_executor.py
[2025-10-05T17:27:37.964+0000] {logging_mixin.py:137} INFO - [2025-10-05T17:27:37.964+0000] {dag.py:2690} INFO - Sync 1 DAGs
[2025-10-05T17:27:38.000+0000] {logging_mixin.py:137} INFO - [2025-10-05T17:27:37.999+0000] {dag.py:3441} INFO - Setting next_dagrun for example_local_kubernetes_executor to None, run_after=None
[2025-10-05T17:27:38.034+0000] {processor.py:175} INFO - Processing /home/airflow/.local/lib/python3.7/site-packages/airflow/example_dags/example_local_kubernetes_executor.py took 0.146 seconds
[2025-10-05T17:28:08.511+0000] {processor.py:153} INFO - Started process (PID=1770) to work on /home/airflow/.local/lib/python3.7/site-packages/airflow/example_dags/example_local_kubernetes_executor.py
[2025-10-05T17:28:08.513+0000] {processor.py:743} INFO - Processing file /home/airflow/.local/lib/python3.7/site-packages/airflow/example_dags/example_local_kubernetes_executor.py for tasks to queue
[2025-10-05T17:28:08.515+0000] {logging_mixin.py:137} INFO - [2025-10-05T17:28:08.515+0000] {dagbag.py:538} INFO - Filling up the DagBag from /home/airflow/.local/lib/python3.7/site-packages/airflow/example_dags/example_local_kubernetes_executor.py
[2025-10-05T17:28:08.554+0000] {processor.py:753} INFO - DAG(s) dict_keys(['example_local_kubernetes_executor']) retrieved from /home/airflow/.local/lib/python3.7/site-packages/airflow/example_dags/example_local_kubernetes_executor.py
[2025-10-05T17:28:08.601+0000] {logging_mixin.py:137} INFO - [2025-10-05T17:28:08.601+0000] {dag.py:2690} INFO - Sync 1 DAGs
[2025-10-05T17:28:08.643+0000] {logging_mixin.py:137} INFO - [2025-10-05T17:28:08.642+0000] {dag.py:3441} INFO - Setting next_dagrun for example_local_kubernetes_executor to None, run_after=None
[2025-10-05T17:28:08.679+0000] {processor.py:175} INFO - Processing /home/airflow/.local/lib/python3.7/site-packages/airflow/example_dags/example_local_kubernetes_executor.py took 0.173 seconds
[2025-10-05T17:28:39.160+0000] {processor.py:153} INFO - Started process (PID=1859) to work on /home/airflow/.local/lib/python3.7/site-packages/airflow/example_dags/example_local_kubernetes_executor.py
[2025-10-05T17:28:39.161+0000] {processor.py:743} INFO - Processing file /home/airflow/.local/lib/python3.7/site-packages/airflow/example_dags/example_local_kubernetes_executor.py for tasks to queue
[2025-10-05T17:28:39.163+0000] {logging_mixin.py:137} INFO - [2025-10-05T17:28:39.163+0000] {dagbag.py:538} INFO - Filling up the DagBag from /home/airflow/.local/lib/python3.7/site-packages/airflow/example_dags/example_local_kubernetes_executor.py
[2025-10-05T17:28:39.193+0000] {processor.py:753} INFO - DAG(s) dict_keys(['example_local_kubernetes_executor']) retrieved from /home/airflow/.local/lib/python3.7/site-packages/airflow/example_dags/example_local_kubernetes_executor.py
[2025-10-05T17:28:39.230+0000] {logging_mixin.py:137} INFO - [2025-10-05T17:28:39.230+0000] {dag.py:2690} INFO - Sync 1 DAGs
[2025-10-05T17:28:39.261+0000] {logging_mixin.py:137} INFO - [2025-10-05T17:28:39.261+0000] {dag.py:3441} INFO - Setting next_dagrun for example_local_kubernetes_executor to None, run_after=None
[2025-10-05T17:28:39.287+0000] {processor.py:175} INFO - Processing /home/airflow/.local/lib/python3.7/site-packages/airflow/example_dags/example_local_kubernetes_executor.py took 0.132 seconds
[2025-10-05T17:29:10.141+0000] {processor.py:153} INFO - Started process (PID=1972) to work on /home/airflow/.local/lib/python3.7/site-packages/airflow/example_dags/example_local_kubernetes_executor.py
[2025-10-05T17:29:10.142+0000] {processor.py:743} INFO - Processing file /home/airflow/.local/lib/python3.7/site-packages/airflow/example_dags/example_local_kubernetes_executor.py for tasks to queue
[2025-10-05T17:29:10.144+0000] {logging_mixin.py:137} INFO - [2025-10-05T17:29:10.144+0000] {dagbag.py:538} INFO - Filling up the DagBag from /home/airflow/.local/lib/python3.7/site-packages/airflow/example_dags/example_local_kubernetes_executor.py
[2025-10-05T17:29:10.186+0000] {processor.py:753} INFO - DAG(s) dict_keys(['example_local_kubernetes_executor']) retrieved from /home/airflow/.local/lib/python3.7/site-packages/airflow/example_dags/example_local_kubernetes_executor.py
[2025-10-05T17:29:10.230+0000] {logging_mixin.py:137} INFO - [2025-10-05T17:29:10.230+0000] {dag.py:2690} INFO - Sync 1 DAGs
[2025-10-05T17:29:10.277+0000] {logging_mixin.py:137} INFO - [2025-10-05T17:29:10.277+0000] {dag.py:3441} INFO - Setting next_dagrun for example_local_kubernetes_executor to None, run_after=None
[2025-10-05T17:29:10.309+0000] {processor.py:175} INFO - Processing /home/airflow/.local/lib/python3.7/site-packages/airflow/example_dags/example_local_kubernetes_executor.py took 0.173 seconds
[2025-10-05T17:29:41.064+0000] {processor.py:153} INFO - Started process (PID=2061) to work on /home/airflow/.local/lib/python3.7/site-packages/airflow/example_dags/example_local_kubernetes_executor.py
[2025-10-05T17:29:41.066+0000] {processor.py:743} INFO - Processing file /home/airflow/.local/lib/python3.7/site-packages/airflow/example_dags/example_local_kubernetes_executor.py for tasks to queue
[2025-10-05T17:29:41.067+0000] {logging_mixin.py:137} INFO - [2025-10-05T17:29:41.067+0000] {dagbag.py:538} INFO - Filling up the DagBag from /home/airflow/.local/lib/python3.7/site-packages/airflow/example_dags/example_local_kubernetes_executor.py
[2025-10-05T17:29:41.097+0000] {processor.py:753} INFO - DAG(s) dict_keys(['example_local_kubernetes_executor']) retrieved from /home/airflow/.local/lib/python3.7/site-packages/airflow/example_dags/example_local_kubernetes_executor.py
[2025-10-05T17:29:41.137+0000] {logging_mixin.py:137} INFO - [2025-10-05T17:29:41.136+0000] {dag.py:2690} INFO - Sync 1 DAGs
[2025-10-05T17:29:41.168+0000] {logging_mixin.py:137} INFO - [2025-10-05T17:29:41.168+0000] {dag.py:3441} INFO - Setting next_dagrun for example_local_kubernetes_executor to None, run_after=None
[2025-10-05T17:29:41.194+0000] {processor.py:175} INFO - Processing /home/airflow/.local/lib/python3.7/site-packages/airflow/example_dags/example_local_kubernetes_executor.py took 0.134 seconds
[2025-10-05T17:30:11.454+0000] {processor.py:153} INFO - Started process (PID=2158) to work on /home/airflow/.local/lib/python3.7/site-packages/airflow/example_dags/example_local_kubernetes_executor.py
[2025-10-05T17:30:11.455+0000] {processor.py:743} INFO - Processing file /home/airflow/.local/lib/python3.7/site-packages/airflow/example_dags/example_local_kubernetes_executor.py for tasks to queue
[2025-10-05T17:30:11.457+0000] {logging_mixin.py:137} INFO - [2025-10-05T17:30:11.456+0000] {dagbag.py:538} INFO - Filling up the DagBag from /home/airflow/.local/lib/python3.7/site-packages/airflow/example_dags/example_local_kubernetes_executor.py
[2025-10-05T17:30:11.485+0000] {processor.py:753} INFO - DAG(s) dict_keys(['example_local_kubernetes_executor']) retrieved from /home/airflow/.local/lib/python3.7/site-packages/airflow/example_dags/example_local_kubernetes_executor.py
[2025-10-05T17:30:11.527+0000] {logging_mixin.py:137} INFO - [2025-10-05T17:30:11.527+0000] {dag.py:2690} INFO - Sync 1 DAGs
[2025-10-05T17:30:11.559+0000] {logging_mixin.py:137} INFO - [2025-10-05T17:30:11.559+0000] {dag.py:3441} INFO - Setting next_dagrun for example_local_kubernetes_executor to None, run_after=None
[2025-10-05T17:30:11.587+0000] {processor.py:175} INFO - Processing /home/airflow/.local/lib/python3.7/site-packages/airflow/example_dags/example_local_kubernetes_executor.py took 0.138 seconds
[2025-10-05T17:30:41.999+0000] {processor.py:153} INFO - Started process (PID=2265) to work on /home/airflow/.local/lib/python3.7/site-packages/airflow/example_dags/example_local_kubernetes_executor.py
[2025-10-05T17:30:42.000+0000] {processor.py:743} INFO - Processing file /home/airflow/.local/lib/python3.7/site-packages/airflow/example_dags/example_local_kubernetes_executor.py for tasks to queue
[2025-10-05T17:30:42.001+0000] {logging_mixin.py:137} INFO - [2025-10-05T17:30:42.001+0000] {dagbag.py:538} INFO - Filling up the DagBag from /home/airflow/.local/lib/python3.7/site-packages/airflow/example_dags/example_local_kubernetes_executor.py
[2025-10-05T17:30:42.027+0000] {processor.py:753} INFO - DAG(s) dict_keys(['example_local_kubernetes_executor']) retrieved from /home/airflow/.local/lib/python3.7/site-packages/airflow/example_dags/example_local_kubernetes_executor.py
[2025-10-05T17:30:42.060+0000] {logging_mixin.py:137} INFO - [2025-10-05T17:30:42.060+0000] {dag.py:2690} INFO - Sync 1 DAGs
[2025-10-05T17:30:42.088+0000] {logging_mixin.py:137} INFO - [2025-10-05T17:30:42.088+0000] {dag.py:3441} INFO - Setting next_dagrun for example_local_kubernetes_executor to None, run_after=None
[2025-10-05T17:30:42.113+0000] {processor.py:175} INFO - Processing /home/airflow/.local/lib/python3.7/site-packages/airflow/example_dags/example_local_kubernetes_executor.py took 0.119 seconds
[2025-10-05T17:31:13.020+0000] {processor.py:153} INFO - Started process (PID=2354) to work on /home/airflow/.local/lib/python3.7/site-packages/airflow/example_dags/example_local_kubernetes_executor.py
[2025-10-05T17:31:13.022+0000] {processor.py:743} INFO - Processing file /home/airflow/.local/lib/python3.7/site-packages/airflow/example_dags/example_local_kubernetes_executor.py for tasks to queue
[2025-10-05T17:31:13.023+0000] {logging_mixin.py:137} INFO - [2025-10-05T17:31:13.022+0000] {dagbag.py:538} INFO - Filling up the DagBag from /home/airflow/.local/lib/python3.7/site-packages/airflow/example_dags/example_local_kubernetes_executor.py
[2025-10-05T17:31:13.047+0000] {processor.py:753} INFO - DAG(s) dict_keys(['example_local_kubernetes_executor']) retrieved from /home/airflow/.local/lib/python3.7/site-packages/airflow/example_dags/example_local_kubernetes_executor.py
[2025-10-05T17:31:13.081+0000] {logging_mixin.py:137} INFO - [2025-10-05T17:31:13.081+0000] {dag.py:2690} INFO - Sync 1 DAGs
[2025-10-05T17:31:13.111+0000] {logging_mixin.py:137} INFO - [2025-10-05T17:31:13.111+0000] {dag.py:3441} INFO - Setting next_dagrun for example_local_kubernetes_executor to None, run_after=None
[2025-10-05T17:31:13.134+0000] {processor.py:175} INFO - Processing /home/airflow/.local/lib/python3.7/site-packages/airflow/example_dags/example_local_kubernetes_executor.py took 0.118 seconds
[2025-10-05T17:31:44.195+0000] {processor.py:153} INFO - Started process (PID=2468) to work on /home/airflow/.local/lib/python3.7/site-packages/airflow/example_dags/example_local_kubernetes_executor.py
[2025-10-05T17:31:44.196+0000] {processor.py:743} INFO - Processing file /home/airflow/.local/lib/python3.7/site-packages/airflow/example_dags/example_local_kubernetes_executor.py for tasks to queue
[2025-10-05T17:31:44.198+0000] {logging_mixin.py:137} INFO - [2025-10-05T17:31:44.197+0000] {dagbag.py:538} INFO - Filling up the DagBag from /home/airflow/.local/lib/python3.7/site-packages/airflow/example_dags/example_local_kubernetes_executor.py
[2025-10-05T17:31:44.223+0000] {processor.py:753} INFO - DAG(s) dict_keys(['example_local_kubernetes_executor']) retrieved from /home/airflow/.local/lib/python3.7/site-packages/airflow/example_dags/example_local_kubernetes_executor.py
[2025-10-05T17:31:44.259+0000] {logging_mixin.py:137} INFO - [2025-10-05T17:31:44.259+0000] {dag.py:2690} INFO - Sync 1 DAGs
[2025-10-05T17:31:44.286+0000] {logging_mixin.py:137} INFO - [2025-10-05T17:31:44.286+0000] {dag.py:3441} INFO - Setting next_dagrun for example_local_kubernetes_executor to None, run_after=None
[2025-10-05T17:31:44.310+0000] {processor.py:175} INFO - Processing /home/airflow/.local/lib/python3.7/site-packages/airflow/example_dags/example_local_kubernetes_executor.py took 0.119 seconds
[2025-10-05T17:32:14.756+0000] {processor.py:153} INFO - Started process (PID=2557) to work on /home/airflow/.local/lib/python3.7/site-packages/airflow/example_dags/example_local_kubernetes_executor.py
[2025-10-05T17:32:14.758+0000] {processor.py:743} INFO - Processing file /home/airflow/.local/lib/python3.7/site-packages/airflow/example_dags/example_local_kubernetes_executor.py for tasks to queue
[2025-10-05T17:32:14.759+0000] {logging_mixin.py:137} INFO - [2025-10-05T17:32:14.758+0000] {dagbag.py:538} INFO - Filling up the DagBag from /home/airflow/.local/lib/python3.7/site-packages/airflow/example_dags/example_local_kubernetes_executor.py
[2025-10-05T17:32:14.783+0000] {processor.py:753} INFO - DAG(s) dict_keys(['example_local_kubernetes_executor']) retrieved from /home/airflow/.local/lib/python3.7/site-packages/airflow/example_dags/example_local_kubernetes_executor.py
[2025-10-05T17:32:14.817+0000] {logging_mixin.py:137} INFO - [2025-10-05T17:32:14.817+0000] {dag.py:2690} INFO - Sync 1 DAGs
[2025-10-05T17:32:14.845+0000] {logging_mixin.py:137} INFO - [2025-10-05T17:32:14.845+0000] {dag.py:3441} INFO - Setting next_dagrun for example_local_kubernetes_executor to None, run_after=None
[2025-10-05T17:32:14.872+0000] {processor.py:175} INFO - Processing /home/airflow/.local/lib/python3.7/site-packages/airflow/example_dags/example_local_kubernetes_executor.py took 0.121 seconds
[2025-10-05T17:32:45.714+0000] {processor.py:153} INFO - Started process (PID=2670) to work on /home/airflow/.local/lib/python3.7/site-packages/airflow/example_dags/example_local_kubernetes_executor.py
[2025-10-05T17:32:45.715+0000] {processor.py:743} INFO - Processing file /home/airflow/.local/lib/python3.7/site-packages/airflow/example_dags/example_local_kubernetes_executor.py for tasks to queue
[2025-10-05T17:32:45.716+0000] {logging_mixin.py:137} INFO - [2025-10-05T17:32:45.716+0000] {dagbag.py:538} INFO - Filling up the DagBag from /home/airflow/.local/lib/python3.7/site-packages/airflow/example_dags/example_local_kubernetes_executor.py
[2025-10-05T17:32:45.742+0000] {processor.py:753} INFO - DAG(s) dict_keys(['example_local_kubernetes_executor']) retrieved from /home/airflow/.local/lib/python3.7/site-packages/airflow/example_dags/example_local_kubernetes_executor.py
[2025-10-05T17:32:45.775+0000] {logging_mixin.py:137} INFO - [2025-10-05T17:32:45.775+0000] {dag.py:2690} INFO - Sync 1 DAGs
[2025-10-05T17:32:45.801+0000] {logging_mixin.py:137} INFO - [2025-10-05T17:32:45.801+0000] {dag.py:3441} INFO - Setting next_dagrun for example_local_kubernetes_executor to None, run_after=None
[2025-10-05T17:32:45.827+0000] {processor.py:175} INFO - Processing /home/airflow/.local/lib/python3.7/site-packages/airflow/example_dags/example_local_kubernetes_executor.py took 0.117 seconds
[2025-10-05T17:33:16.297+0000] {processor.py:153} INFO - Started process (PID=2759) to work on /home/airflow/.local/lib/python3.7/site-packages/airflow/example_dags/example_local_kubernetes_executor.py
[2025-10-05T17:33:16.299+0000] {processor.py:743} INFO - Processing file /home/airflow/.local/lib/python3.7/site-packages/airflow/example_dags/example_local_kubernetes_executor.py for tasks to queue
[2025-10-05T17:33:16.300+0000] {logging_mixin.py:137} INFO - [2025-10-05T17:33:16.300+0000] {dagbag.py:538} INFO - Filling up the DagBag from /home/airflow/.local/lib/python3.7/site-packages/airflow/example_dags/example_local_kubernetes_executor.py
[2025-10-05T17:33:16.327+0000] {processor.py:753} INFO - DAG(s) dict_keys(['example_local_kubernetes_executor']) retrieved from /home/airflow/.local/lib/python3.7/site-packages/airflow/example_dags/example_local_kubernetes_executor.py
[2025-10-05T17:33:16.362+0000] {logging_mixin.py:137} INFO - [2025-10-05T17:33:16.362+0000] {dag.py:2690} INFO - Sync 1 DAGs
[2025-10-05T17:33:16.394+0000] {logging_mixin.py:137} INFO - [2025-10-05T17:33:16.394+0000] {dag.py:3441} INFO - Setting next_dagrun for example_local_kubernetes_executor to None, run_after=None
[2025-10-05T17:33:16.422+0000] {processor.py:175} INFO - Processing /home/airflow/.local/lib/python3.7/site-packages/airflow/example_dags/example_local_kubernetes_executor.py took 0.129 seconds
[2025-10-05T17:33:46.727+0000] {processor.py:153} INFO - Started process (PID=2847) to work on /home/airflow/.local/lib/python3.7/site-packages/airflow/example_dags/example_local_kubernetes_executor.py
[2025-10-05T17:33:46.729+0000] {processor.py:743} INFO - Processing file /home/airflow/.local/lib/python3.7/site-packages/airflow/example_dags/example_local_kubernetes_executor.py for tasks to queue
[2025-10-05T17:33:46.730+0000] {logging_mixin.py:137} INFO - [2025-10-05T17:33:46.730+0000] {dagbag.py:538} INFO - Filling up the DagBag from /home/airflow/.local/lib/python3.7/site-packages/airflow/example_dags/example_local_kubernetes_executor.py
[2025-10-05T17:33:46.763+0000] {processor.py:753} INFO - DAG(s) dict_keys(['example_local_kubernetes_executor']) retrieved from /home/airflow/.local/lib/python3.7/site-packages/airflow/example_dags/example_local_kubernetes_executor.py
[2025-10-05T17:33:46.814+0000] {logging_mixin.py:137} INFO - [2025-10-05T17:33:46.814+0000] {dag.py:2690} INFO - Sync 1 DAGs
[2025-10-05T17:33:46.850+0000] {logging_mixin.py:137} INFO - [2025-10-05T17:33:46.850+0000] {dag.py:3441} INFO - Setting next_dagrun for example_local_kubernetes_executor to None, run_after=None
[2025-10-05T17:33:46.875+0000] {processor.py:175} INFO - Processing /home/airflow/.local/lib/python3.7/site-packages/airflow/example_dags/example_local_kubernetes_executor.py took 0.153 seconds
[2025-10-05T17:34:17.264+0000] {processor.py:153} INFO - Started process (PID=2960) to work on /home/airflow/.local/lib/python3.7/site-packages/airflow/example_dags/example_local_kubernetes_executor.py
[2025-10-05T17:34:17.265+0000] {processor.py:743} INFO - Processing file /home/airflow/.local/lib/python3.7/site-packages/airflow/example_dags/example_local_kubernetes_executor.py for tasks to queue
[2025-10-05T17:34:17.267+0000] {logging_mixin.py:137} INFO - [2025-10-05T17:34:17.267+0000] {dagbag.py:538} INFO - Filling up the DagBag from /home/airflow/.local/lib/python3.7/site-packages/airflow/example_dags/example_local_kubernetes_executor.py
[2025-10-05T17:34:17.293+0000] {processor.py:753} INFO - DAG(s) dict_keys(['example_local_kubernetes_executor']) retrieved from /home/airflow/.local/lib/python3.7/site-packages/airflow/example_dags/example_local_kubernetes_executor.py
[2025-10-05T17:34:17.328+0000] {logging_mixin.py:137} INFO - [2025-10-05T17:34:17.328+0000] {dag.py:2690} INFO - Sync 1 DAGs
[2025-10-05T17:34:17.355+0000] {logging_mixin.py:137} INFO - [2025-10-05T17:34:17.355+0000] {dag.py:3441} INFO - Setting next_dagrun for example_local_kubernetes_executor to None, run_after=None
[2025-10-05T17:34:17.379+0000] {processor.py:175} INFO - Processing /home/airflow/.local/lib/python3.7/site-packages/airflow/example_dags/example_local_kubernetes_executor.py took 0.120 seconds
[2025-10-05T17:34:47.737+0000] {processor.py:153} INFO - Started process (PID=3049) to work on /home/airflow/.local/lib/python3.7/site-packages/airflow/example_dags/example_local_kubernetes_executor.py
[2025-10-05T17:34:47.738+0000] {processor.py:743} INFO - Processing file /home/airflow/.local/lib/python3.7/site-packages/airflow/example_dags/example_local_kubernetes_executor.py for tasks to queue
[2025-10-05T17:34:47.740+0000] {logging_mixin.py:137} INFO - [2025-10-05T17:34:47.740+0000] {dagbag.py:538} INFO - Filling up the DagBag from /home/airflow/.local/lib/python3.7/site-packages/airflow/example_dags/example_local_kubernetes_executor.py
[2025-10-05T17:34:47.773+0000] {processor.py:753} INFO - DAG(s) dict_keys(['example_local_kubernetes_executor']) retrieved from /home/airflow/.local/lib/python3.7/site-packages/airflow/example_dags/example_local_kubernetes_executor.py
[2025-10-05T17:34:47.815+0000] {logging_mixin.py:137} INFO - [2025-10-05T17:34:47.815+0000] {dag.py:2690} INFO - Sync 1 DAGs
[2025-10-05T17:34:47.845+0000] {logging_mixin.py:137} INFO - [2025-10-05T17:34:47.845+0000] {dag.py:3441} INFO - Setting next_dagrun for example_local_kubernetes_executor to None, run_after=None
[2025-10-05T17:34:47.876+0000] {processor.py:175} INFO - Processing /home/airflow/.local/lib/python3.7/site-packages/airflow/example_dags/example_local_kubernetes_executor.py took 0.144 seconds
[2025-10-05T17:35:18.368+0000] {processor.py:153} INFO - Started process (PID=3147) to work on /home/airflow/.local/lib/python3.7/site-packages/airflow/example_dags/example_local_kubernetes_executor.py
[2025-10-05T17:35:18.370+0000] {processor.py:743} INFO - Processing file /home/airflow/.local/lib/python3.7/site-packages/airflow/example_dags/example_local_kubernetes_executor.py for tasks to queue
[2025-10-05T17:35:18.371+0000] {logging_mixin.py:137} INFO - [2025-10-05T17:35:18.371+0000] {dagbag.py:538} INFO - Filling up the DagBag from /home/airflow/.local/lib/python3.7/site-packages/airflow/example_dags/example_local_kubernetes_executor.py
[2025-10-05T17:35:18.403+0000] {processor.py:753} INFO - DAG(s) dict_keys(['example_local_kubernetes_executor']) retrieved from /home/airflow/.local/lib/python3.7/site-packages/airflow/example_dags/example_local_kubernetes_executor.py
[2025-10-05T17:35:18.440+0000] {logging_mixin.py:137} INFO - [2025-10-05T17:35:18.440+0000] {dag.py:2690} INFO - Sync 1 DAGs
[2025-10-05T17:35:18.472+0000] {logging_mixin.py:137} INFO - [2025-10-05T17:35:18.472+0000] {dag.py:3441} INFO - Setting next_dagrun for example_local_kubernetes_executor to None, run_after=None
[2025-10-05T17:35:18.499+0000] {processor.py:175} INFO - Processing /home/airflow/.local/lib/python3.7/site-packages/airflow/example_dags/example_local_kubernetes_executor.py took 0.135 seconds
[2025-10-05T17:35:48.970+0000] {processor.py:153} INFO - Started process (PID=3251) to work on /home/airflow/.local/lib/python3.7/site-packages/airflow/example_dags/example_local_kubernetes_executor.py
[2025-10-05T17:35:48.972+0000] {processor.py:743} INFO - Processing file /home/airflow/.local/lib/python3.7/site-packages/airflow/example_dags/example_local_kubernetes_executor.py for tasks to queue
[2025-10-05T17:35:48.974+0000] {logging_mixin.py:137} INFO - [2025-10-05T17:35:48.973+0000] {dagbag.py:538} INFO - Filling up the DagBag from /home/airflow/.local/lib/python3.7/site-packages/airflow/example_dags/example_local_kubernetes_executor.py
[2025-10-05T17:35:49.009+0000] {processor.py:753} INFO - DAG(s) dict_keys(['example_local_kubernetes_executor']) retrieved from /home/airflow/.local/lib/python3.7/site-packages/airflow/example_dags/example_local_kubernetes_executor.py
[2025-10-05T17:35:49.044+0000] {logging_mixin.py:137} INFO - [2025-10-05T17:35:49.043+0000] {dag.py:2690} INFO - Sync 1 DAGs
[2025-10-05T17:35:49.075+0000] {logging_mixin.py:137} INFO - [2025-10-05T17:35:49.074+0000] {dag.py:3441} INFO - Setting next_dagrun for example_local_kubernetes_executor to None, run_after=None
[2025-10-05T17:35:49.104+0000] {processor.py:175} INFO - Processing /home/airflow/.local/lib/python3.7/site-packages/airflow/example_dags/example_local_kubernetes_executor.py took 0.139 seconds
[2025-10-05T17:36:19.687+0000] {processor.py:153} INFO - Started process (PID=3340) to work on /home/airflow/.local/lib/python3.7/site-packages/airflow/example_dags/example_local_kubernetes_executor.py
[2025-10-05T17:36:19.688+0000] {processor.py:743} INFO - Processing file /home/airflow/.local/lib/python3.7/site-packages/airflow/example_dags/example_local_kubernetes_executor.py for tasks to queue
[2025-10-05T17:36:19.690+0000] {logging_mixin.py:137} INFO - [2025-10-05T17:36:19.690+0000] {dagbag.py:538} INFO - Filling up the DagBag from /home/airflow/.local/lib/python3.7/site-packages/airflow/example_dags/example_local_kubernetes_executor.py
[2025-10-05T17:36:19.715+0000] {processor.py:753} INFO - DAG(s) dict_keys(['example_local_kubernetes_executor']) retrieved from /home/airflow/.local/lib/python3.7/site-packages/airflow/example_dags/example_local_kubernetes_executor.py
[2025-10-05T17:36:19.749+0000] {logging_mixin.py:137} INFO - [2025-10-05T17:36:19.749+0000] {dag.py:2690} INFO - Sync 1 DAGs
[2025-10-05T17:36:19.777+0000] {logging_mixin.py:137} INFO - [2025-10-05T17:36:19.777+0000] {dag.py:3441} INFO - Setting next_dagrun for example_local_kubernetes_executor to None, run_after=None
[2025-10-05T17:36:19.801+0000] {processor.py:175} INFO - Processing /home/airflow/.local/lib/python3.7/site-packages/airflow/example_dags/example_local_kubernetes_executor.py took 0.118 seconds
[2025-10-05T17:36:50.762+0000] {processor.py:153} INFO - Started process (PID=3454) to work on /home/airflow/.local/lib/python3.7/site-packages/airflow/example_dags/example_local_kubernetes_executor.py
[2025-10-05T17:36:50.764+0000] {processor.py:743} INFO - Processing file /home/airflow/.local/lib/python3.7/site-packages/airflow/example_dags/example_local_kubernetes_executor.py for tasks to queue
[2025-10-05T17:36:50.766+0000] {logging_mixin.py:137} INFO - [2025-10-05T17:36:50.765+0000] {dagbag.py:538} INFO - Filling up the DagBag from /home/airflow/.local/lib/python3.7/site-packages/airflow/example_dags/example_local_kubernetes_executor.py
[2025-10-05T17:36:50.804+0000] {processor.py:753} INFO - DAG(s) dict_keys(['example_local_kubernetes_executor']) retrieved from /home/airflow/.local/lib/python3.7/site-packages/airflow/example_dags/example_local_kubernetes_executor.py
[2025-10-05T17:36:50.847+0000] {logging_mixin.py:137} INFO - [2025-10-05T17:36:50.846+0000] {dag.py:2690} INFO - Sync 1 DAGs
[2025-10-05T17:36:50.880+0000] {logging_mixin.py:137} INFO - [2025-10-05T17:36:50.880+0000] {dag.py:3441} INFO - Setting next_dagrun for example_local_kubernetes_executor to None, run_after=None
[2025-10-05T17:36:50.909+0000] {processor.py:175} INFO - Processing /home/airflow/.local/lib/python3.7/site-packages/airflow/example_dags/example_local_kubernetes_executor.py took 0.151 seconds
