[2025-10-05T17:19:24.996+0000] {processor.py:153} INFO - Started process (PID=77) to work on /home/airflow/.local/lib/python3.7/site-packages/airflow/example_dags/example_latest_only_with_trigger.py
[2025-10-05T17:19:24.999+0000] {processor.py:743} INFO - Processing file /home/airflow/.local/lib/python3.7/site-packages/airflow/example_dags/example_latest_only_with_trigger.py for tasks to queue
[2025-10-05T17:19:25.001+0000] {logging_mixin.py:137} INFO - [2025-10-05T17:19:25.001+0000] {dagbag.py:538} INFO - Filling up the DagBag from /home/airflow/.local/lib/python3.7/site-packages/airflow/example_dags/example_latest_only_with_trigger.py
[2025-10-05T17:19:25.029+0000] {processor.py:753} INFO - DAG(s) dict_keys(['latest_only_with_trigger']) retrieved from /home/airflow/.local/lib/python3.7/site-packages/airflow/example_dags/example_latest_only_with_trigger.py
[2025-10-05T17:19:25.055+0000] {logging_mixin.py:137} INFO - [2025-10-05T17:19:25.055+0000] {dag.py:2690} INFO - Sync 1 DAGs
[2025-10-05T17:19:25.096+0000] {logging_mixin.py:137} INFO - [2025-10-05T17:19:25.096+0000] {dag.py:3441} INFO - Setting next_dagrun for latest_only_with_trigger to 2025-10-05T13:19:25.095463+00:00, run_after=2025-10-05T17:19:25.095463+00:00
[2025-10-05T17:19:25.131+0000] {processor.py:175} INFO - Processing /home/airflow/.local/lib/python3.7/site-packages/airflow/example_dags/example_latest_only_with_trigger.py took 0.143 seconds
[2025-10-05T17:19:55.274+0000] {processor.py:153} INFO - Started process (PID=164) to work on /home/airflow/.local/lib/python3.7/site-packages/airflow/example_dags/example_latest_only_with_trigger.py
[2025-10-05T17:19:55.276+0000] {processor.py:743} INFO - Processing file /home/airflow/.local/lib/python3.7/site-packages/airflow/example_dags/example_latest_only_with_trigger.py for tasks to queue
[2025-10-05T17:19:55.277+0000] {logging_mixin.py:137} INFO - [2025-10-05T17:19:55.277+0000] {dagbag.py:538} INFO - Filling up the DagBag from /home/airflow/.local/lib/python3.7/site-packages/airflow/example_dags/example_latest_only_with_trigger.py
[2025-10-05T17:19:55.296+0000] {processor.py:753} INFO - DAG(s) dict_keys(['latest_only_with_trigger']) retrieved from /home/airflow/.local/lib/python3.7/site-packages/airflow/example_dags/example_latest_only_with_trigger.py
[2025-10-05T17:19:55.329+0000] {logging_mixin.py:137} INFO - [2025-10-05T17:19:55.329+0000] {dag.py:2690} INFO - Sync 1 DAGs
[2025-10-05T17:19:55.362+0000] {logging_mixin.py:137} INFO - [2025-10-05T17:19:55.362+0000] {dag.py:3441} INFO - Setting next_dagrun for latest_only_with_trigger to 2025-10-05T13:19:55.362031+00:00, run_after=2025-10-05T17:19:55.362031+00:00
[2025-10-05T17:19:55.389+0000] {processor.py:175} INFO - Processing /home/airflow/.local/lib/python3.7/site-packages/airflow/example_dags/example_latest_only_with_trigger.py took 0.119 seconds
[2025-10-05T17:20:25.886+0000] {processor.py:153} INFO - Started process (PID=262) to work on /home/airflow/.local/lib/python3.7/site-packages/airflow/example_dags/example_latest_only_with_trigger.py
[2025-10-05T17:20:25.888+0000] {processor.py:743} INFO - Processing file /home/airflow/.local/lib/python3.7/site-packages/airflow/example_dags/example_latest_only_with_trigger.py for tasks to queue
[2025-10-05T17:20:25.891+0000] {logging_mixin.py:137} INFO - [2025-10-05T17:20:25.891+0000] {dagbag.py:538} INFO - Filling up the DagBag from /home/airflow/.local/lib/python3.7/site-packages/airflow/example_dags/example_latest_only_with_trigger.py
[2025-10-05T17:20:25.937+0000] {processor.py:753} INFO - DAG(s) dict_keys(['latest_only_with_trigger']) retrieved from /home/airflow/.local/lib/python3.7/site-packages/airflow/example_dags/example_latest_only_with_trigger.py
[2025-10-05T17:20:25.993+0000] {logging_mixin.py:137} INFO - [2025-10-05T17:20:25.992+0000] {dag.py:2690} INFO - Sync 1 DAGs
[2025-10-05T17:20:26.032+0000] {logging_mixin.py:137} INFO - [2025-10-05T17:20:26.031+0000] {dag.py:3441} INFO - Setting next_dagrun for latest_only_with_trigger to 2025-10-05T13:20:26.031697+00:00, run_after=2025-10-05T17:20:26.031697+00:00
[2025-10-05T17:20:26.065+0000] {processor.py:175} INFO - Processing /home/airflow/.local/lib/python3.7/site-packages/airflow/example_dags/example_latest_only_with_trigger.py took 0.185 seconds
[2025-10-05T17:20:56.405+0000] {processor.py:153} INFO - Started process (PID=366) to work on /home/airflow/.local/lib/python3.7/site-packages/airflow/example_dags/example_latest_only_with_trigger.py
[2025-10-05T17:20:56.407+0000] {processor.py:743} INFO - Processing file /home/airflow/.local/lib/python3.7/site-packages/airflow/example_dags/example_latest_only_with_trigger.py for tasks to queue
[2025-10-05T17:20:56.408+0000] {logging_mixin.py:137} INFO - [2025-10-05T17:20:56.408+0000] {dagbag.py:538} INFO - Filling up the DagBag from /home/airflow/.local/lib/python3.7/site-packages/airflow/example_dags/example_latest_only_with_trigger.py
[2025-10-05T17:20:56.427+0000] {processor.py:753} INFO - DAG(s) dict_keys(['latest_only_with_trigger']) retrieved from /home/airflow/.local/lib/python3.7/site-packages/airflow/example_dags/example_latest_only_with_trigger.py
[2025-10-05T17:20:56.463+0000] {logging_mixin.py:137} INFO - [2025-10-05T17:20:56.463+0000] {dag.py:2690} INFO - Sync 1 DAGs
[2025-10-05T17:20:56.497+0000] {logging_mixin.py:137} INFO - [2025-10-05T17:20:56.497+0000] {dag.py:3441} INFO - Setting next_dagrun for latest_only_with_trigger to 2025-10-05T13:20:56.496877+00:00, run_after=2025-10-05T17:20:56.496877+00:00
[2025-10-05T17:20:56.528+0000] {processor.py:175} INFO - Processing /home/airflow/.local/lib/python3.7/site-packages/airflow/example_dags/example_latest_only_with_trigger.py took 0.129 seconds
[2025-10-05T17:21:27.578+0000] {processor.py:153} INFO - Started process (PID=455) to work on /home/airflow/.local/lib/python3.7/site-packages/airflow/example_dags/example_latest_only_with_trigger.py
[2025-10-05T17:21:27.580+0000] {processor.py:743} INFO - Processing file /home/airflow/.local/lib/python3.7/site-packages/airflow/example_dags/example_latest_only_with_trigger.py for tasks to queue
[2025-10-05T17:21:27.581+0000] {logging_mixin.py:137} INFO - [2025-10-05T17:21:27.581+0000] {dagbag.py:538} INFO - Filling up the DagBag from /home/airflow/.local/lib/python3.7/site-packages/airflow/example_dags/example_latest_only_with_trigger.py
[2025-10-05T17:21:27.603+0000] {processor.py:753} INFO - DAG(s) dict_keys(['latest_only_with_trigger']) retrieved from /home/airflow/.local/lib/python3.7/site-packages/airflow/example_dags/example_latest_only_with_trigger.py
[2025-10-05T17:21:27.644+0000] {logging_mixin.py:137} INFO - [2025-10-05T17:21:27.644+0000] {dag.py:2690} INFO - Sync 1 DAGs
[2025-10-05T17:21:27.673+0000] {logging_mixin.py:137} INFO - [2025-10-05T17:21:27.673+0000] {dag.py:3441} INFO - Setting next_dagrun for latest_only_with_trigger to 2025-10-05T13:21:27.673152+00:00, run_after=2025-10-05T17:21:27.673152+00:00
[2025-10-05T17:21:27.701+0000] {processor.py:175} INFO - Processing /home/airflow/.local/lib/python3.7/site-packages/airflow/example_dags/example_latest_only_with_trigger.py took 0.128 seconds
[2025-10-05T17:21:57.847+0000] {processor.py:153} INFO - Started process (PID=568) to work on /home/airflow/.local/lib/python3.7/site-packages/airflow/example_dags/example_latest_only_with_trigger.py
[2025-10-05T17:21:57.848+0000] {processor.py:743} INFO - Processing file /home/airflow/.local/lib/python3.7/site-packages/airflow/example_dags/example_latest_only_with_trigger.py for tasks to queue
[2025-10-05T17:21:57.849+0000] {logging_mixin.py:137} INFO - [2025-10-05T17:21:57.849+0000] {dagbag.py:538} INFO - Filling up the DagBag from /home/airflow/.local/lib/python3.7/site-packages/airflow/example_dags/example_latest_only_with_trigger.py
[2025-10-05T17:21:57.870+0000] {processor.py:753} INFO - DAG(s) dict_keys(['latest_only_with_trigger']) retrieved from /home/airflow/.local/lib/python3.7/site-packages/airflow/example_dags/example_latest_only_with_trigger.py
[2025-10-05T17:21:57.903+0000] {logging_mixin.py:137} INFO - [2025-10-05T17:21:57.902+0000] {dag.py:2690} INFO - Sync 1 DAGs
[2025-10-05T17:21:57.930+0000] {logging_mixin.py:137} INFO - [2025-10-05T17:21:57.930+0000] {dag.py:3441} INFO - Setting next_dagrun for latest_only_with_trigger to 2025-10-05T13:21:57.930020+00:00, run_after=2025-10-05T17:21:57.930020+00:00
[2025-10-05T17:21:57.958+0000] {processor.py:175} INFO - Processing /home/airflow/.local/lib/python3.7/site-packages/airflow/example_dags/example_latest_only_with_trigger.py took 0.116 seconds
[2025-10-05T17:22:28.078+0000] {processor.py:153} INFO - Started process (PID=657) to work on /home/airflow/.local/lib/python3.7/site-packages/airflow/example_dags/example_latest_only_with_trigger.py
[2025-10-05T17:22:28.080+0000] {processor.py:743} INFO - Processing file /home/airflow/.local/lib/python3.7/site-packages/airflow/example_dags/example_latest_only_with_trigger.py for tasks to queue
[2025-10-05T17:22:28.083+0000] {logging_mixin.py:137} INFO - [2025-10-05T17:22:28.083+0000] {dagbag.py:538} INFO - Filling up the DagBag from /home/airflow/.local/lib/python3.7/site-packages/airflow/example_dags/example_latest_only_with_trigger.py
[2025-10-05T17:22:28.101+0000] {processor.py:753} INFO - DAG(s) dict_keys(['latest_only_with_trigger']) retrieved from /home/airflow/.local/lib/python3.7/site-packages/airflow/example_dags/example_latest_only_with_trigger.py
[2025-10-05T17:22:28.133+0000] {logging_mixin.py:137} INFO - [2025-10-05T17:22:28.133+0000] {dag.py:2690} INFO - Sync 1 DAGs
[2025-10-05T17:22:28.163+0000] {logging_mixin.py:137} INFO - [2025-10-05T17:22:28.163+0000] {dag.py:3441} INFO - Setting next_dagrun for latest_only_with_trigger to 2025-10-05T13:22:28.163484+00:00, run_after=2025-10-05T17:22:28.163484+00:00
[2025-10-05T17:22:28.190+0000] {processor.py:175} INFO - Processing /home/airflow/.local/lib/python3.7/site-packages/airflow/example_dags/example_latest_only_with_trigger.py took 0.116 seconds
[2025-10-05T17:22:58.572+0000] {processor.py:153} INFO - Started process (PID=755) to work on /home/airflow/.local/lib/python3.7/site-packages/airflow/example_dags/example_latest_only_with_trigger.py
[2025-10-05T17:22:58.576+0000] {processor.py:743} INFO - Processing file /home/airflow/.local/lib/python3.7/site-packages/airflow/example_dags/example_latest_only_with_trigger.py for tasks to queue
[2025-10-05T17:22:58.578+0000] {logging_mixin.py:137} INFO - [2025-10-05T17:22:58.577+0000] {dagbag.py:538} INFO - Filling up the DagBag from /home/airflow/.local/lib/python3.7/site-packages/airflow/example_dags/example_latest_only_with_trigger.py
[2025-10-05T17:22:58.609+0000] {processor.py:753} INFO - DAG(s) dict_keys(['latest_only_with_trigger']) retrieved from /home/airflow/.local/lib/python3.7/site-packages/airflow/example_dags/example_latest_only_with_trigger.py
[2025-10-05T17:22:58.650+0000] {logging_mixin.py:137} INFO - [2025-10-05T17:22:58.650+0000] {dag.py:2690} INFO - Sync 1 DAGs
[2025-10-05T17:22:58.680+0000] {logging_mixin.py:137} INFO - [2025-10-05T17:22:58.680+0000] {dag.py:3441} INFO - Setting next_dagrun for latest_only_with_trigger to 2025-10-05T13:22:58.680253+00:00, run_after=2025-10-05T17:22:58.680253+00:00
[2025-10-05T17:22:58.710+0000] {processor.py:175} INFO - Processing /home/airflow/.local/lib/python3.7/site-packages/airflow/example_dags/example_latest_only_with_trigger.py took 0.145 seconds
[2025-10-05T17:23:29.021+0000] {processor.py:153} INFO - Started process (PID=860) to work on /home/airflow/.local/lib/python3.7/site-packages/airflow/example_dags/example_latest_only_with_trigger.py
[2025-10-05T17:23:29.022+0000] {processor.py:743} INFO - Processing file /home/airflow/.local/lib/python3.7/site-packages/airflow/example_dags/example_latest_only_with_trigger.py for tasks to queue
[2025-10-05T17:23:29.023+0000] {logging_mixin.py:137} INFO - [2025-10-05T17:23:29.023+0000] {dagbag.py:538} INFO - Filling up the DagBag from /home/airflow/.local/lib/python3.7/site-packages/airflow/example_dags/example_latest_only_with_trigger.py
[2025-10-05T17:23:29.042+0000] {processor.py:753} INFO - DAG(s) dict_keys(['latest_only_with_trigger']) retrieved from /home/airflow/.local/lib/python3.7/site-packages/airflow/example_dags/example_latest_only_with_trigger.py
[2025-10-05T17:23:29.074+0000] {logging_mixin.py:137} INFO - [2025-10-05T17:23:29.073+0000] {dag.py:2690} INFO - Sync 1 DAGs
[2025-10-05T17:23:29.102+0000] {logging_mixin.py:137} INFO - [2025-10-05T17:23:29.102+0000] {dag.py:3441} INFO - Setting next_dagrun for latest_only_with_trigger to 2025-10-05T13:23:29.102327+00:00, run_after=2025-10-05T17:23:29.102327+00:00
[2025-10-05T17:23:29.130+0000] {processor.py:175} INFO - Processing /home/airflow/.local/lib/python3.7/site-packages/airflow/example_dags/example_latest_only_with_trigger.py took 0.113 seconds
[2025-10-05T17:24:00.012+0000] {processor.py:153} INFO - Started process (PID=949) to work on /home/airflow/.local/lib/python3.7/site-packages/airflow/example_dags/example_latest_only_with_trigger.py
[2025-10-05T17:24:00.014+0000] {processor.py:743} INFO - Processing file /home/airflow/.local/lib/python3.7/site-packages/airflow/example_dags/example_latest_only_with_trigger.py for tasks to queue
[2025-10-05T17:24:00.015+0000] {logging_mixin.py:137} INFO - [2025-10-05T17:24:00.015+0000] {dagbag.py:538} INFO - Filling up the DagBag from /home/airflow/.local/lib/python3.7/site-packages/airflow/example_dags/example_latest_only_with_trigger.py
[2025-10-05T17:24:00.033+0000] {processor.py:753} INFO - DAG(s) dict_keys(['latest_only_with_trigger']) retrieved from /home/airflow/.local/lib/python3.7/site-packages/airflow/example_dags/example_latest_only_with_trigger.py
[2025-10-05T17:24:00.065+0000] {logging_mixin.py:137} INFO - [2025-10-05T17:24:00.065+0000] {dag.py:2690} INFO - Sync 1 DAGs
[2025-10-05T17:24:00.101+0000] {logging_mixin.py:137} INFO - [2025-10-05T17:24:00.101+0000] {dag.py:3441} INFO - Setting next_dagrun for latest_only_with_trigger to 2025-10-05T13:24:00.100917+00:00, run_after=2025-10-05T17:24:00.100917+00:00
[2025-10-05T17:24:00.130+0000] {processor.py:175} INFO - Processing /home/airflow/.local/lib/python3.7/site-packages/airflow/example_dags/example_latest_only_with_trigger.py took 0.122 seconds
[2025-10-05T17:24:30.834+0000] {processor.py:153} INFO - Started process (PID=1062) to work on /home/airflow/.local/lib/python3.7/site-packages/airflow/example_dags/example_latest_only_with_trigger.py
[2025-10-05T17:24:30.836+0000] {processor.py:743} INFO - Processing file /home/airflow/.local/lib/python3.7/site-packages/airflow/example_dags/example_latest_only_with_trigger.py for tasks to queue
[2025-10-05T17:24:30.837+0000] {logging_mixin.py:137} INFO - [2025-10-05T17:24:30.837+0000] {dagbag.py:538} INFO - Filling up the DagBag from /home/airflow/.local/lib/python3.7/site-packages/airflow/example_dags/example_latest_only_with_trigger.py
[2025-10-05T17:24:30.855+0000] {processor.py:753} INFO - DAG(s) dict_keys(['latest_only_with_trigger']) retrieved from /home/airflow/.local/lib/python3.7/site-packages/airflow/example_dags/example_latest_only_with_trigger.py
[2025-10-05T17:24:30.887+0000] {logging_mixin.py:137} INFO - [2025-10-05T17:24:30.887+0000] {dag.py:2690} INFO - Sync 1 DAGs
[2025-10-05T17:24:30.918+0000] {logging_mixin.py:137} INFO - [2025-10-05T17:24:30.918+0000] {dag.py:3441} INFO - Setting next_dagrun for latest_only_with_trigger to 2025-10-05T13:24:30.917882+00:00, run_after=2025-10-05T17:24:30.917882+00:00
[2025-10-05T17:24:30.947+0000] {processor.py:175} INFO - Processing /home/airflow/.local/lib/python3.7/site-packages/airflow/example_dags/example_latest_only_with_trigger.py took 0.118 seconds
[2025-10-05T17:25:01.065+0000] {processor.py:153} INFO - Started process (PID=1151) to work on /home/airflow/.local/lib/python3.7/site-packages/airflow/example_dags/example_latest_only_with_trigger.py
[2025-10-05T17:25:01.067+0000] {processor.py:743} INFO - Processing file /home/airflow/.local/lib/python3.7/site-packages/airflow/example_dags/example_latest_only_with_trigger.py for tasks to queue
[2025-10-05T17:25:01.068+0000] {logging_mixin.py:137} INFO - [2025-10-05T17:25:01.068+0000] {dagbag.py:538} INFO - Filling up the DagBag from /home/airflow/.local/lib/python3.7/site-packages/airflow/example_dags/example_latest_only_with_trigger.py
[2025-10-05T17:25:01.083+0000] {processor.py:753} INFO - DAG(s) dict_keys(['latest_only_with_trigger']) retrieved from /home/airflow/.local/lib/python3.7/site-packages/airflow/example_dags/example_latest_only_with_trigger.py
[2025-10-05T17:25:01.112+0000] {logging_mixin.py:137} INFO - [2025-10-05T17:25:01.112+0000] {dag.py:2690} INFO - Sync 1 DAGs
[2025-10-05T17:25:01.138+0000] {logging_mixin.py:137} INFO - [2025-10-05T17:25:01.138+0000] {dag.py:3441} INFO - Setting next_dagrun for latest_only_with_trigger to 2025-10-05T13:25:01.138146+00:00, run_after=2025-10-05T17:25:01.138146+00:00
[2025-10-05T17:25:01.161+0000] {processor.py:175} INFO - Processing /home/airflow/.local/lib/python3.7/site-packages/airflow/example_dags/example_latest_only_with_trigger.py took 0.100 seconds
[2025-10-05T17:25:32.121+0000] {processor.py:153} INFO - Started process (PID=1264) to work on /home/airflow/.local/lib/python3.7/site-packages/airflow/example_dags/example_latest_only_with_trigger.py
[2025-10-05T17:25:32.123+0000] {processor.py:743} INFO - Processing file /home/airflow/.local/lib/python3.7/site-packages/airflow/example_dags/example_latest_only_with_trigger.py for tasks to queue
[2025-10-05T17:25:32.125+0000] {logging_mixin.py:137} INFO - [2025-10-05T17:25:32.125+0000] {dagbag.py:538} INFO - Filling up the DagBag from /home/airflow/.local/lib/python3.7/site-packages/airflow/example_dags/example_latest_only_with_trigger.py
[2025-10-05T17:25:32.143+0000] {processor.py:753} INFO - DAG(s) dict_keys(['latest_only_with_trigger']) retrieved from /home/airflow/.local/lib/python3.7/site-packages/airflow/example_dags/example_latest_only_with_trigger.py
[2025-10-05T17:25:32.177+0000] {logging_mixin.py:137} INFO - [2025-10-05T17:25:32.177+0000] {dag.py:2690} INFO - Sync 1 DAGs
[2025-10-05T17:25:32.209+0000] {logging_mixin.py:137} INFO - [2025-10-05T17:25:32.209+0000] {dag.py:3441} INFO - Setting next_dagrun for latest_only_with_trigger to 2025-10-05T13:25:32.209368+00:00, run_after=2025-10-05T17:25:32.209368+00:00
[2025-10-05T17:25:32.237+0000] {processor.py:175} INFO - Processing /home/airflow/.local/lib/python3.7/site-packages/airflow/example_dags/example_latest_only_with_trigger.py took 0.120 seconds
[2025-10-05T17:26:02.845+0000] {processor.py:153} INFO - Started process (PID=1353) to work on /home/airflow/.local/lib/python3.7/site-packages/airflow/example_dags/example_latest_only_with_trigger.py
[2025-10-05T17:26:02.846+0000] {processor.py:743} INFO - Processing file /home/airflow/.local/lib/python3.7/site-packages/airflow/example_dags/example_latest_only_with_trigger.py for tasks to queue
[2025-10-05T17:26:02.847+0000] {logging_mixin.py:137} INFO - [2025-10-05T17:26:02.847+0000] {dagbag.py:538} INFO - Filling up the DagBag from /home/airflow/.local/lib/python3.7/site-packages/airflow/example_dags/example_latest_only_with_trigger.py
[2025-10-05T17:26:02.864+0000] {processor.py:753} INFO - DAG(s) dict_keys(['latest_only_with_trigger']) retrieved from /home/airflow/.local/lib/python3.7/site-packages/airflow/example_dags/example_latest_only_with_trigger.py
[2025-10-05T17:26:02.895+0000] {logging_mixin.py:137} INFO - [2025-10-05T17:26:02.895+0000] {dag.py:2690} INFO - Sync 1 DAGs
[2025-10-05T17:26:02.921+0000] {logging_mixin.py:137} INFO - [2025-10-05T17:26:02.921+0000] {dag.py:3441} INFO - Setting next_dagrun for latest_only_with_trigger to 2025-10-05T13:26:02.921422+00:00, run_after=2025-10-05T17:26:02.921422+00:00
[2025-10-05T17:26:02.947+0000] {processor.py:175} INFO - Processing /home/airflow/.local/lib/python3.7/site-packages/airflow/example_dags/example_latest_only_with_trigger.py took 0.106 seconds
[2025-10-05T17:26:34.100+0000] {processor.py:153} INFO - Started process (PID=1451) to work on /home/airflow/.local/lib/python3.7/site-packages/airflow/example_dags/example_latest_only_with_trigger.py
[2025-10-05T17:26:34.102+0000] {processor.py:743} INFO - Processing file /home/airflow/.local/lib/python3.7/site-packages/airflow/example_dags/example_latest_only_with_trigger.py for tasks to queue
[2025-10-05T17:26:34.104+0000] {logging_mixin.py:137} INFO - [2025-10-05T17:26:34.103+0000] {dagbag.py:538} INFO - Filling up the DagBag from /home/airflow/.local/lib/python3.7/site-packages/airflow/example_dags/example_latest_only_with_trigger.py
[2025-10-05T17:26:34.133+0000] {processor.py:753} INFO - DAG(s) dict_keys(['latest_only_with_trigger']) retrieved from /home/airflow/.local/lib/python3.7/site-packages/airflow/example_dags/example_latest_only_with_trigger.py
[2025-10-05T17:26:34.206+0000] {logging_mixin.py:137} INFO - [2025-10-05T17:26:34.206+0000] {dag.py:2690} INFO - Sync 1 DAGs
[2025-10-05T17:26:34.257+0000] {logging_mixin.py:137} INFO - [2025-10-05T17:26:34.257+0000] {dag.py:3441} INFO - Setting next_dagrun for latest_only_with_trigger to 2025-10-05T13:26:34.256804+00:00, run_after=2025-10-05T17:26:34.256804+00:00
[2025-10-05T17:26:34.308+0000] {processor.py:175} INFO - Processing /home/airflow/.local/lib/python3.7/site-packages/airflow/example_dags/example_latest_only_with_trigger.py took 0.214 seconds
[2025-10-05T17:27:04.890+0000] {processor.py:153} INFO - Started process (PID=1555) to work on /home/airflow/.local/lib/python3.7/site-packages/airflow/example_dags/example_latest_only_with_trigger.py
[2025-10-05T17:27:04.893+0000] {processor.py:743} INFO - Processing file /home/airflow/.local/lib/python3.7/site-packages/airflow/example_dags/example_latest_only_with_trigger.py for tasks to queue
[2025-10-05T17:27:04.894+0000] {logging_mixin.py:137} INFO - [2025-10-05T17:27:04.894+0000] {dagbag.py:538} INFO - Filling up the DagBag from /home/airflow/.local/lib/python3.7/site-packages/airflow/example_dags/example_latest_only_with_trigger.py
[2025-10-05T17:27:04.924+0000] {processor.py:753} INFO - DAG(s) dict_keys(['latest_only_with_trigger']) retrieved from /home/airflow/.local/lib/python3.7/site-packages/airflow/example_dags/example_latest_only_with_trigger.py
[2025-10-05T17:27:04.958+0000] {logging_mixin.py:137} INFO - [2025-10-05T17:27:04.957+0000] {dag.py:2690} INFO - Sync 1 DAGs
[2025-10-05T17:27:04.989+0000] {logging_mixin.py:137} INFO - [2025-10-05T17:27:04.988+0000] {dag.py:3441} INFO - Setting next_dagrun for latest_only_with_trigger to 2025-10-05T13:27:04.988646+00:00, run_after=2025-10-05T17:27:04.988646+00:00
[2025-10-05T17:27:05.014+0000] {processor.py:175} INFO - Processing /home/airflow/.local/lib/python3.7/site-packages/airflow/example_dags/example_latest_only_with_trigger.py took 0.132 seconds
[2025-10-05T17:27:35.873+0000] {processor.py:153} INFO - Started process (PID=1644) to work on /home/airflow/.local/lib/python3.7/site-packages/airflow/example_dags/example_latest_only_with_trigger.py
[2025-10-05T17:27:35.875+0000] {processor.py:743} INFO - Processing file /home/airflow/.local/lib/python3.7/site-packages/airflow/example_dags/example_latest_only_with_trigger.py for tasks to queue
[2025-10-05T17:27:35.876+0000] {logging_mixin.py:137} INFO - [2025-10-05T17:27:35.876+0000] {dagbag.py:538} INFO - Filling up the DagBag from /home/airflow/.local/lib/python3.7/site-packages/airflow/example_dags/example_latest_only_with_trigger.py
[2025-10-05T17:27:35.895+0000] {processor.py:753} INFO - DAG(s) dict_keys(['latest_only_with_trigger']) retrieved from /home/airflow/.local/lib/python3.7/site-packages/airflow/example_dags/example_latest_only_with_trigger.py
[2025-10-05T17:27:35.929+0000] {logging_mixin.py:137} INFO - [2025-10-05T17:27:35.929+0000] {dag.py:2690} INFO - Sync 1 DAGs
[2025-10-05T17:27:35.958+0000] {logging_mixin.py:137} INFO - [2025-10-05T17:27:35.958+0000] {dag.py:3441} INFO - Setting next_dagrun for latest_only_with_trigger to 2025-10-05T13:27:35.958280+00:00, run_after=2025-10-05T17:27:35.958280+00:00
[2025-10-05T17:27:35.987+0000] {processor.py:175} INFO - Processing /home/airflow/.local/lib/python3.7/site-packages/airflow/example_dags/example_latest_only_with_trigger.py took 0.118 seconds
[2025-10-05T17:28:07.083+0000] {processor.py:153} INFO - Started process (PID=1758) to work on /home/airflow/.local/lib/python3.7/site-packages/airflow/example_dags/example_latest_only_with_trigger.py
[2025-10-05T17:28:07.084+0000] {processor.py:743} INFO - Processing file /home/airflow/.local/lib/python3.7/site-packages/airflow/example_dags/example_latest_only_with_trigger.py for tasks to queue
[2025-10-05T17:28:07.086+0000] {logging_mixin.py:137} INFO - [2025-10-05T17:28:07.085+0000] {dagbag.py:538} INFO - Filling up the DagBag from /home/airflow/.local/lib/python3.7/site-packages/airflow/example_dags/example_latest_only_with_trigger.py
[2025-10-05T17:28:07.107+0000] {processor.py:753} INFO - DAG(s) dict_keys(['latest_only_with_trigger']) retrieved from /home/airflow/.local/lib/python3.7/site-packages/airflow/example_dags/example_latest_only_with_trigger.py
[2025-10-05T17:28:07.142+0000] {logging_mixin.py:137} INFO - [2025-10-05T17:28:07.141+0000] {dag.py:2690} INFO - Sync 1 DAGs
[2025-10-05T17:28:07.176+0000] {logging_mixin.py:137} INFO - [2025-10-05T17:28:07.176+0000] {dag.py:3441} INFO - Setting next_dagrun for latest_only_with_trigger to 2025-10-05T13:28:07.175897+00:00, run_after=2025-10-05T17:28:07.175897+00:00
[2025-10-05T17:28:07.204+0000] {processor.py:175} INFO - Processing /home/airflow/.local/lib/python3.7/site-packages/airflow/example_dags/example_latest_only_with_trigger.py took 0.127 seconds
[2025-10-05T17:28:37.904+0000] {processor.py:153} INFO - Started process (PID=1847) to work on /home/airflow/.local/lib/python3.7/site-packages/airflow/example_dags/example_latest_only_with_trigger.py
[2025-10-05T17:28:37.906+0000] {processor.py:743} INFO - Processing file /home/airflow/.local/lib/python3.7/site-packages/airflow/example_dags/example_latest_only_with_trigger.py for tasks to queue
[2025-10-05T17:28:37.908+0000] {logging_mixin.py:137} INFO - [2025-10-05T17:28:37.908+0000] {dagbag.py:538} INFO - Filling up the DagBag from /home/airflow/.local/lib/python3.7/site-packages/airflow/example_dags/example_latest_only_with_trigger.py
[2025-10-05T17:28:37.936+0000] {processor.py:753} INFO - DAG(s) dict_keys(['latest_only_with_trigger']) retrieved from /home/airflow/.local/lib/python3.7/site-packages/airflow/example_dags/example_latest_only_with_trigger.py
[2025-10-05T17:28:37.972+0000] {logging_mixin.py:137} INFO - [2025-10-05T17:28:37.971+0000] {dag.py:2690} INFO - Sync 1 DAGs
[2025-10-05T17:28:38.002+0000] {logging_mixin.py:137} INFO - [2025-10-05T17:28:38.002+0000] {dag.py:3441} INFO - Setting next_dagrun for latest_only_with_trigger to 2025-10-05T13:28:38.001927+00:00, run_after=2025-10-05T17:28:38.001927+00:00
[2025-10-05T17:28:38.029+0000] {processor.py:175} INFO - Processing /home/airflow/.local/lib/python3.7/site-packages/airflow/example_dags/example_latest_only_with_trigger.py took 0.131 seconds
[2025-10-05T17:29:08.882+0000] {processor.py:153} INFO - Started process (PID=1943) to work on /home/airflow/.local/lib/python3.7/site-packages/airflow/example_dags/example_latest_only_with_trigger.py
[2025-10-05T17:29:08.883+0000] {processor.py:743} INFO - Processing file /home/airflow/.local/lib/python3.7/site-packages/airflow/example_dags/example_latest_only_with_trigger.py for tasks to queue
[2025-10-05T17:29:08.884+0000] {logging_mixin.py:137} INFO - [2025-10-05T17:29:08.884+0000] {dagbag.py:538} INFO - Filling up the DagBag from /home/airflow/.local/lib/python3.7/site-packages/airflow/example_dags/example_latest_only_with_trigger.py
[2025-10-05T17:29:08.906+0000] {processor.py:753} INFO - DAG(s) dict_keys(['latest_only_with_trigger']) retrieved from /home/airflow/.local/lib/python3.7/site-packages/airflow/example_dags/example_latest_only_with_trigger.py
[2025-10-05T17:29:08.945+0000] {logging_mixin.py:137} INFO - [2025-10-05T17:29:08.944+0000] {dag.py:2690} INFO - Sync 1 DAGs
[2025-10-05T17:29:08.977+0000] {logging_mixin.py:137} INFO - [2025-10-05T17:29:08.977+0000] {dag.py:3441} INFO - Setting next_dagrun for latest_only_with_trigger to 2025-10-05T13:29:08.977015+00:00, run_after=2025-10-05T17:29:08.977015+00:00
[2025-10-05T17:29:09.006+0000] {processor.py:175} INFO - Processing /home/airflow/.local/lib/python3.7/site-packages/airflow/example_dags/example_latest_only_with_trigger.py took 0.129 seconds
[2025-10-05T17:29:40.035+0000] {processor.py:153} INFO - Started process (PID=2049) to work on /home/airflow/.local/lib/python3.7/site-packages/airflow/example_dags/example_latest_only_with_trigger.py
[2025-10-05T17:29:40.037+0000] {processor.py:743} INFO - Processing file /home/airflow/.local/lib/python3.7/site-packages/airflow/example_dags/example_latest_only_with_trigger.py for tasks to queue
[2025-10-05T17:29:40.038+0000] {logging_mixin.py:137} INFO - [2025-10-05T17:29:40.038+0000] {dagbag.py:538} INFO - Filling up the DagBag from /home/airflow/.local/lib/python3.7/site-packages/airflow/example_dags/example_latest_only_with_trigger.py
[2025-10-05T17:29:40.055+0000] {processor.py:753} INFO - DAG(s) dict_keys(['latest_only_with_trigger']) retrieved from /home/airflow/.local/lib/python3.7/site-packages/airflow/example_dags/example_latest_only_with_trigger.py
[2025-10-05T17:29:40.088+0000] {logging_mixin.py:137} INFO - [2025-10-05T17:29:40.088+0000] {dag.py:2690} INFO - Sync 1 DAGs
[2025-10-05T17:29:40.116+0000] {logging_mixin.py:137} INFO - [2025-10-05T17:29:40.116+0000] {dag.py:3441} INFO - Setting next_dagrun for latest_only_with_trigger to 2025-10-05T13:29:40.116574+00:00, run_after=2025-10-05T17:29:40.116574+00:00
[2025-10-05T17:29:40.144+0000] {processor.py:175} INFO - Processing /home/airflow/.local/lib/python3.7/site-packages/airflow/example_dags/example_latest_only_with_trigger.py took 0.114 seconds
[2025-10-05T17:30:10.523+0000] {processor.py:153} INFO - Started process (PID=2139) to work on /home/airflow/.local/lib/python3.7/site-packages/airflow/example_dags/example_latest_only_with_trigger.py
[2025-10-05T17:30:10.525+0000] {processor.py:743} INFO - Processing file /home/airflow/.local/lib/python3.7/site-packages/airflow/example_dags/example_latest_only_with_trigger.py for tasks to queue
[2025-10-05T17:30:10.526+0000] {logging_mixin.py:137} INFO - [2025-10-05T17:30:10.526+0000] {dagbag.py:538} INFO - Filling up the DagBag from /home/airflow/.local/lib/python3.7/site-packages/airflow/example_dags/example_latest_only_with_trigger.py
[2025-10-05T17:30:10.543+0000] {processor.py:753} INFO - DAG(s) dict_keys(['latest_only_with_trigger']) retrieved from /home/airflow/.local/lib/python3.7/site-packages/airflow/example_dags/example_latest_only_with_trigger.py
[2025-10-05T17:30:10.574+0000] {logging_mixin.py:137} INFO - [2025-10-05T17:30:10.574+0000] {dag.py:2690} INFO - Sync 1 DAGs
[2025-10-05T17:30:10.601+0000] {logging_mixin.py:137} INFO - [2025-10-05T17:30:10.601+0000] {dag.py:3441} INFO - Setting next_dagrun for latest_only_with_trigger to 2025-10-05T13:30:10.601276+00:00, run_after=2025-10-05T17:30:10.601276+00:00
[2025-10-05T17:30:10.628+0000] {processor.py:175} INFO - Processing /home/airflow/.local/lib/python3.7/site-packages/airflow/example_dags/example_latest_only_with_trigger.py took 0.108 seconds
[2025-10-05T17:30:41.054+0000] {processor.py:153} INFO - Started process (PID=2253) to work on /home/airflow/.local/lib/python3.7/site-packages/airflow/example_dags/example_latest_only_with_trigger.py
[2025-10-05T17:30:41.056+0000] {processor.py:743} INFO - Processing file /home/airflow/.local/lib/python3.7/site-packages/airflow/example_dags/example_latest_only_with_trigger.py for tasks to queue
[2025-10-05T17:30:41.057+0000] {logging_mixin.py:137} INFO - [2025-10-05T17:30:41.057+0000] {dagbag.py:538} INFO - Filling up the DagBag from /home/airflow/.local/lib/python3.7/site-packages/airflow/example_dags/example_latest_only_with_trigger.py
[2025-10-05T17:30:41.074+0000] {processor.py:753} INFO - DAG(s) dict_keys(['latest_only_with_trigger']) retrieved from /home/airflow/.local/lib/python3.7/site-packages/airflow/example_dags/example_latest_only_with_trigger.py
[2025-10-05T17:30:41.107+0000] {logging_mixin.py:137} INFO - [2025-10-05T17:30:41.107+0000] {dag.py:2690} INFO - Sync 1 DAGs
[2025-10-05T17:30:41.134+0000] {logging_mixin.py:137} INFO - [2025-10-05T17:30:41.134+0000] {dag.py:3441} INFO - Setting next_dagrun for latest_only_with_trigger to 2025-10-05T13:30:41.133941+00:00, run_after=2025-10-05T17:30:41.133941+00:00
[2025-10-05T17:30:41.160+0000] {processor.py:175} INFO - Processing /home/airflow/.local/lib/python3.7/site-packages/airflow/example_dags/example_latest_only_with_trigger.py took 0.109 seconds
[2025-10-05T17:31:12.128+0000] {processor.py:153} INFO - Started process (PID=2342) to work on /home/airflow/.local/lib/python3.7/site-packages/airflow/example_dags/example_latest_only_with_trigger.py
[2025-10-05T17:31:12.129+0000] {processor.py:743} INFO - Processing file /home/airflow/.local/lib/python3.7/site-packages/airflow/example_dags/example_latest_only_with_trigger.py for tasks to queue
[2025-10-05T17:31:12.130+0000] {logging_mixin.py:137} INFO - [2025-10-05T17:31:12.130+0000] {dagbag.py:538} INFO - Filling up the DagBag from /home/airflow/.local/lib/python3.7/site-packages/airflow/example_dags/example_latest_only_with_trigger.py
[2025-10-05T17:31:12.146+0000] {processor.py:753} INFO - DAG(s) dict_keys(['latest_only_with_trigger']) retrieved from /home/airflow/.local/lib/python3.7/site-packages/airflow/example_dags/example_latest_only_with_trigger.py
[2025-10-05T17:31:12.179+0000] {logging_mixin.py:137} INFO - [2025-10-05T17:31:12.178+0000] {dag.py:2690} INFO - Sync 1 DAGs
[2025-10-05T17:31:12.207+0000] {logging_mixin.py:137} INFO - [2025-10-05T17:31:12.207+0000] {dag.py:3441} INFO - Setting next_dagrun for latest_only_with_trigger to 2025-10-05T13:31:12.207089+00:00, run_after=2025-10-05T17:31:12.207089+00:00
[2025-10-05T17:31:12.232+0000] {processor.py:175} INFO - Processing /home/airflow/.local/lib/python3.7/site-packages/airflow/example_dags/example_latest_only_with_trigger.py took 0.109 seconds
[2025-10-05T17:31:43.281+0000] {processor.py:153} INFO - Started process (PID=2456) to work on /home/airflow/.local/lib/python3.7/site-packages/airflow/example_dags/example_latest_only_with_trigger.py
[2025-10-05T17:31:43.283+0000] {processor.py:743} INFO - Processing file /home/airflow/.local/lib/python3.7/site-packages/airflow/example_dags/example_latest_only_with_trigger.py for tasks to queue
[2025-10-05T17:31:43.284+0000] {logging_mixin.py:137} INFO - [2025-10-05T17:31:43.283+0000] {dagbag.py:538} INFO - Filling up the DagBag from /home/airflow/.local/lib/python3.7/site-packages/airflow/example_dags/example_latest_only_with_trigger.py
[2025-10-05T17:31:43.302+0000] {processor.py:753} INFO - DAG(s) dict_keys(['latest_only_with_trigger']) retrieved from /home/airflow/.local/lib/python3.7/site-packages/airflow/example_dags/example_latest_only_with_trigger.py
[2025-10-05T17:31:43.333+0000] {logging_mixin.py:137} INFO - [2025-10-05T17:31:43.333+0000] {dag.py:2690} INFO - Sync 1 DAGs
[2025-10-05T17:31:43.360+0000] {logging_mixin.py:137} INFO - [2025-10-05T17:31:43.360+0000] {dag.py:3441} INFO - Setting next_dagrun for latest_only_with_trigger to 2025-10-05T13:31:43.360437+00:00, run_after=2025-10-05T17:31:43.360437+00:00
[2025-10-05T17:31:43.383+0000] {processor.py:175} INFO - Processing /home/airflow/.local/lib/python3.7/site-packages/airflow/example_dags/example_latest_only_with_trigger.py took 0.106 seconds
[2025-10-05T17:32:13.881+0000] {processor.py:153} INFO - Started process (PID=2545) to work on /home/airflow/.local/lib/python3.7/site-packages/airflow/example_dags/example_latest_only_with_trigger.py
[2025-10-05T17:32:13.882+0000] {processor.py:743} INFO - Processing file /home/airflow/.local/lib/python3.7/site-packages/airflow/example_dags/example_latest_only_with_trigger.py for tasks to queue
[2025-10-05T17:32:13.883+0000] {logging_mixin.py:137} INFO - [2025-10-05T17:32:13.883+0000] {dagbag.py:538} INFO - Filling up the DagBag from /home/airflow/.local/lib/python3.7/site-packages/airflow/example_dags/example_latest_only_with_trigger.py
[2025-10-05T17:32:13.899+0000] {processor.py:753} INFO - DAG(s) dict_keys(['latest_only_with_trigger']) retrieved from /home/airflow/.local/lib/python3.7/site-packages/airflow/example_dags/example_latest_only_with_trigger.py
[2025-10-05T17:32:13.929+0000] {logging_mixin.py:137} INFO - [2025-10-05T17:32:13.929+0000] {dag.py:2690} INFO - Sync 1 DAGs
[2025-10-05T17:32:13.956+0000] {logging_mixin.py:137} INFO - [2025-10-05T17:32:13.955+0000] {dag.py:3441} INFO - Setting next_dagrun for latest_only_with_trigger to 2025-10-05T13:32:13.955640+00:00, run_after=2025-10-05T17:32:13.955640+00:00
[2025-10-05T17:32:13.978+0000] {processor.py:175} INFO - Processing /home/airflow/.local/lib/python3.7/site-packages/airflow/example_dags/example_latest_only_with_trigger.py took 0.102 seconds
[2025-10-05T17:32:44.769+0000] {processor.py:153} INFO - Started process (PID=2658) to work on /home/airflow/.local/lib/python3.7/site-packages/airflow/example_dags/example_latest_only_with_trigger.py
[2025-10-05T17:32:44.771+0000] {processor.py:743} INFO - Processing file /home/airflow/.local/lib/python3.7/site-packages/airflow/example_dags/example_latest_only_with_trigger.py for tasks to queue
[2025-10-05T17:32:44.772+0000] {logging_mixin.py:137} INFO - [2025-10-05T17:32:44.772+0000] {dagbag.py:538} INFO - Filling up the DagBag from /home/airflow/.local/lib/python3.7/site-packages/airflow/example_dags/example_latest_only_with_trigger.py
[2025-10-05T17:32:44.790+0000] {processor.py:753} INFO - DAG(s) dict_keys(['latest_only_with_trigger']) retrieved from /home/airflow/.local/lib/python3.7/site-packages/airflow/example_dags/example_latest_only_with_trigger.py
[2025-10-05T17:32:44.822+0000] {logging_mixin.py:137} INFO - [2025-10-05T17:32:44.822+0000] {dag.py:2690} INFO - Sync 1 DAGs
[2025-10-05T17:32:44.852+0000] {logging_mixin.py:137} INFO - [2025-10-05T17:32:44.852+0000] {dag.py:3441} INFO - Setting next_dagrun for latest_only_with_trigger to 2025-10-05T13:32:44.852506+00:00, run_after=2025-10-05T17:32:44.852506+00:00
[2025-10-05T17:32:44.880+0000] {processor.py:175} INFO - Processing /home/airflow/.local/lib/python3.7/site-packages/airflow/example_dags/example_latest_only_with_trigger.py took 0.115 seconds
[2025-10-05T17:33:15.265+0000] {processor.py:153} INFO - Started process (PID=2747) to work on /home/airflow/.local/lib/python3.7/site-packages/airflow/example_dags/example_latest_only_with_trigger.py
[2025-10-05T17:33:15.267+0000] {processor.py:743} INFO - Processing file /home/airflow/.local/lib/python3.7/site-packages/airflow/example_dags/example_latest_only_with_trigger.py for tasks to queue
[2025-10-05T17:33:15.268+0000] {logging_mixin.py:137} INFO - [2025-10-05T17:33:15.268+0000] {dagbag.py:538} INFO - Filling up the DagBag from /home/airflow/.local/lib/python3.7/site-packages/airflow/example_dags/example_latest_only_with_trigger.py
[2025-10-05T17:33:15.287+0000] {processor.py:753} INFO - DAG(s) dict_keys(['latest_only_with_trigger']) retrieved from /home/airflow/.local/lib/python3.7/site-packages/airflow/example_dags/example_latest_only_with_trigger.py
[2025-10-05T17:33:15.319+0000] {logging_mixin.py:137} INFO - [2025-10-05T17:33:15.319+0000] {dag.py:2690} INFO - Sync 1 DAGs
[2025-10-05T17:33:15.348+0000] {logging_mixin.py:137} INFO - [2025-10-05T17:33:15.348+0000] {dag.py:3441} INFO - Setting next_dagrun for latest_only_with_trigger to 2025-10-05T13:33:15.347781+00:00, run_after=2025-10-05T17:33:15.347781+00:00
[2025-10-05T17:33:15.376+0000] {processor.py:175} INFO - Processing /home/airflow/.local/lib/python3.7/site-packages/airflow/example_dags/example_latest_only_with_trigger.py took 0.115 seconds
[2025-10-05T17:33:45.571+0000] {processor.py:153} INFO - Started process (PID=2835) to work on /home/airflow/.local/lib/python3.7/site-packages/airflow/example_dags/example_latest_only_with_trigger.py
[2025-10-05T17:33:45.572+0000] {processor.py:743} INFO - Processing file /home/airflow/.local/lib/python3.7/site-packages/airflow/example_dags/example_latest_only_with_trigger.py for tasks to queue
[2025-10-05T17:33:45.574+0000] {logging_mixin.py:137} INFO - [2025-10-05T17:33:45.573+0000] {dagbag.py:538} INFO - Filling up the DagBag from /home/airflow/.local/lib/python3.7/site-packages/airflow/example_dags/example_latest_only_with_trigger.py
[2025-10-05T17:33:45.590+0000] {processor.py:753} INFO - DAG(s) dict_keys(['latest_only_with_trigger']) retrieved from /home/airflow/.local/lib/python3.7/site-packages/airflow/example_dags/example_latest_only_with_trigger.py
[2025-10-05T17:33:45.624+0000] {logging_mixin.py:137} INFO - [2025-10-05T17:33:45.624+0000] {dag.py:2690} INFO - Sync 1 DAGs
[2025-10-05T17:33:45.654+0000] {logging_mixin.py:137} INFO - [2025-10-05T17:33:45.654+0000] {dag.py:3441} INFO - Setting next_dagrun for latest_only_with_trigger to 2025-10-05T13:33:45.653848+00:00, run_after=2025-10-05T17:33:45.653848+00:00
[2025-10-05T17:33:45.680+0000] {processor.py:175} INFO - Processing /home/airflow/.local/lib/python3.7/site-packages/airflow/example_dags/example_latest_only_with_trigger.py took 0.114 seconds
[2025-10-05T17:34:16.346+0000] {processor.py:153} INFO - Started process (PID=2948) to work on /home/airflow/.local/lib/python3.7/site-packages/airflow/example_dags/example_latest_only_with_trigger.py
[2025-10-05T17:34:16.347+0000] {processor.py:743} INFO - Processing file /home/airflow/.local/lib/python3.7/site-packages/airflow/example_dags/example_latest_only_with_trigger.py for tasks to queue
[2025-10-05T17:34:16.349+0000] {logging_mixin.py:137} INFO - [2025-10-05T17:34:16.348+0000] {dagbag.py:538} INFO - Filling up the DagBag from /home/airflow/.local/lib/python3.7/site-packages/airflow/example_dags/example_latest_only_with_trigger.py
[2025-10-05T17:34:16.366+0000] {processor.py:753} INFO - DAG(s) dict_keys(['latest_only_with_trigger']) retrieved from /home/airflow/.local/lib/python3.7/site-packages/airflow/example_dags/example_latest_only_with_trigger.py
[2025-10-05T17:34:16.397+0000] {logging_mixin.py:137} INFO - [2025-10-05T17:34:16.397+0000] {dag.py:2690} INFO - Sync 1 DAGs
[2025-10-05T17:34:16.426+0000] {logging_mixin.py:137} INFO - [2025-10-05T17:34:16.426+0000] {dag.py:3441} INFO - Setting next_dagrun for latest_only_with_trigger to 2025-10-05T13:34:16.425744+00:00, run_after=2025-10-05T17:34:16.425744+00:00
[2025-10-05T17:34:16.450+0000] {processor.py:175} INFO - Processing /home/airflow/.local/lib/python3.7/site-packages/airflow/example_dags/example_latest_only_with_trigger.py took 0.109 seconds
[2025-10-05T17:34:46.639+0000] {processor.py:153} INFO - Started process (PID=3037) to work on /home/airflow/.local/lib/python3.7/site-packages/airflow/example_dags/example_latest_only_with_trigger.py
[2025-10-05T17:34:46.642+0000] {processor.py:743} INFO - Processing file /home/airflow/.local/lib/python3.7/site-packages/airflow/example_dags/example_latest_only_with_trigger.py for tasks to queue
[2025-10-05T17:34:46.644+0000] {logging_mixin.py:137} INFO - [2025-10-05T17:34:46.644+0000] {dagbag.py:538} INFO - Filling up the DagBag from /home/airflow/.local/lib/python3.7/site-packages/airflow/example_dags/example_latest_only_with_trigger.py
[2025-10-05T17:34:46.667+0000] {processor.py:753} INFO - DAG(s) dict_keys(['latest_only_with_trigger']) retrieved from /home/airflow/.local/lib/python3.7/site-packages/airflow/example_dags/example_latest_only_with_trigger.py
[2025-10-05T17:34:46.702+0000] {logging_mixin.py:137} INFO - [2025-10-05T17:34:46.702+0000] {dag.py:2690} INFO - Sync 1 DAGs
[2025-10-05T17:34:46.731+0000] {logging_mixin.py:137} INFO - [2025-10-05T17:34:46.731+0000] {dag.py:3441} INFO - Setting next_dagrun for latest_only_with_trigger to 2025-10-05T13:34:46.731054+00:00, run_after=2025-10-05T17:34:46.731054+00:00
[2025-10-05T17:34:46.760+0000] {processor.py:175} INFO - Processing /home/airflow/.local/lib/python3.7/site-packages/airflow/example_dags/example_latest_only_with_trigger.py took 0.125 seconds
[2025-10-05T17:35:17.165+0000] {processor.py:153} INFO - Started process (PID=3126) to work on /home/airflow/.local/lib/python3.7/site-packages/airflow/example_dags/example_latest_only_with_trigger.py
[2025-10-05T17:35:17.166+0000] {processor.py:743} INFO - Processing file /home/airflow/.local/lib/python3.7/site-packages/airflow/example_dags/example_latest_only_with_trigger.py for tasks to queue
[2025-10-05T17:35:17.168+0000] {logging_mixin.py:137} INFO - [2025-10-05T17:35:17.167+0000] {dagbag.py:538} INFO - Filling up the DagBag from /home/airflow/.local/lib/python3.7/site-packages/airflow/example_dags/example_latest_only_with_trigger.py
[2025-10-05T17:35:17.185+0000] {processor.py:753} INFO - DAG(s) dict_keys(['latest_only_with_trigger']) retrieved from /home/airflow/.local/lib/python3.7/site-packages/airflow/example_dags/example_latest_only_with_trigger.py
[2025-10-05T17:35:17.216+0000] {logging_mixin.py:137} INFO - [2025-10-05T17:35:17.216+0000] {dag.py:2690} INFO - Sync 1 DAGs
[2025-10-05T17:35:17.246+0000] {logging_mixin.py:137} INFO - [2025-10-05T17:35:17.246+0000] {dag.py:3441} INFO - Setting next_dagrun for latest_only_with_trigger to 2025-10-05T13:35:17.245763+00:00, run_after=2025-10-05T17:35:17.245763+00:00
[2025-10-05T17:35:17.271+0000] {processor.py:175} INFO - Processing /home/airflow/.local/lib/python3.7/site-packages/airflow/example_dags/example_latest_only_with_trigger.py took 0.111 seconds
[2025-10-05T17:35:47.647+0000] {processor.py:153} INFO - Started process (PID=3239) to work on /home/airflow/.local/lib/python3.7/site-packages/airflow/example_dags/example_latest_only_with_trigger.py
[2025-10-05T17:35:47.649+0000] {processor.py:743} INFO - Processing file /home/airflow/.local/lib/python3.7/site-packages/airflow/example_dags/example_latest_only_with_trigger.py for tasks to queue
[2025-10-05T17:35:47.651+0000] {logging_mixin.py:137} INFO - [2025-10-05T17:35:47.650+0000] {dagbag.py:538} INFO - Filling up the DagBag from /home/airflow/.local/lib/python3.7/site-packages/airflow/example_dags/example_latest_only_with_trigger.py
[2025-10-05T17:35:47.669+0000] {processor.py:753} INFO - DAG(s) dict_keys(['latest_only_with_trigger']) retrieved from /home/airflow/.local/lib/python3.7/site-packages/airflow/example_dags/example_latest_only_with_trigger.py
[2025-10-05T17:35:47.699+0000] {logging_mixin.py:137} INFO - [2025-10-05T17:35:47.699+0000] {dag.py:2690} INFO - Sync 1 DAGs
[2025-10-05T17:35:47.730+0000] {logging_mixin.py:137} INFO - [2025-10-05T17:35:47.730+0000] {dag.py:3441} INFO - Setting next_dagrun for latest_only_with_trigger to 2025-10-05T13:35:47.730009+00:00, run_after=2025-10-05T17:35:47.730009+00:00
[2025-10-05T17:35:47.758+0000] {processor.py:175} INFO - Processing /home/airflow/.local/lib/python3.7/site-packages/airflow/example_dags/example_latest_only_with_trigger.py took 0.116 seconds
[2025-10-05T17:36:18.559+0000] {processor.py:153} INFO - Started process (PID=3328) to work on /home/airflow/.local/lib/python3.7/site-packages/airflow/example_dags/example_latest_only_with_trigger.py
[2025-10-05T17:36:18.561+0000] {processor.py:743} INFO - Processing file /home/airflow/.local/lib/python3.7/site-packages/airflow/example_dags/example_latest_only_with_trigger.py for tasks to queue
[2025-10-05T17:36:18.562+0000] {logging_mixin.py:137} INFO - [2025-10-05T17:36:18.562+0000] {dagbag.py:538} INFO - Filling up the DagBag from /home/airflow/.local/lib/python3.7/site-packages/airflow/example_dags/example_latest_only_with_trigger.py
[2025-10-05T17:36:18.579+0000] {processor.py:753} INFO - DAG(s) dict_keys(['latest_only_with_trigger']) retrieved from /home/airflow/.local/lib/python3.7/site-packages/airflow/example_dags/example_latest_only_with_trigger.py
[2025-10-05T17:36:18.612+0000] {logging_mixin.py:137} INFO - [2025-10-05T17:36:18.612+0000] {dag.py:2690} INFO - Sync 1 DAGs
[2025-10-05T17:36:18.642+0000] {logging_mixin.py:137} INFO - [2025-10-05T17:36:18.642+0000] {dag.py:3441} INFO - Setting next_dagrun for latest_only_with_trigger to 2025-10-05T13:36:18.641932+00:00, run_after=2025-10-05T17:36:18.641932+00:00
[2025-10-05T17:36:18.670+0000] {processor.py:175} INFO - Processing /home/airflow/.local/lib/python3.7/site-packages/airflow/example_dags/example_latest_only_with_trigger.py took 0.115 seconds
[2025-10-05T17:36:49.643+0000] {processor.py:153} INFO - Started process (PID=3442) to work on /home/airflow/.local/lib/python3.7/site-packages/airflow/example_dags/example_latest_only_with_trigger.py
[2025-10-05T17:36:49.645+0000] {processor.py:743} INFO - Processing file /home/airflow/.local/lib/python3.7/site-packages/airflow/example_dags/example_latest_only_with_trigger.py for tasks to queue
[2025-10-05T17:36:49.647+0000] {logging_mixin.py:137} INFO - [2025-10-05T17:36:49.646+0000] {dagbag.py:538} INFO - Filling up the DagBag from /home/airflow/.local/lib/python3.7/site-packages/airflow/example_dags/example_latest_only_with_trigger.py
[2025-10-05T17:36:49.675+0000] {processor.py:753} INFO - DAG(s) dict_keys(['latest_only_with_trigger']) retrieved from /home/airflow/.local/lib/python3.7/site-packages/airflow/example_dags/example_latest_only_with_trigger.py
[2025-10-05T17:36:49.725+0000] {logging_mixin.py:137} INFO - [2025-10-05T17:36:49.725+0000] {dag.py:2690} INFO - Sync 1 DAGs
[2025-10-05T17:36:49.773+0000] {logging_mixin.py:137} INFO - [2025-10-05T17:36:49.772+0000] {dag.py:3441} INFO - Setting next_dagrun for latest_only_with_trigger to 2025-10-05T13:36:49.772200+00:00, run_after=2025-10-05T17:36:49.772200+00:00
[2025-10-05T17:36:49.810+0000] {processor.py:175} INFO - Processing /home/airflow/.local/lib/python3.7/site-packages/airflow/example_dags/example_latest_only_with_trigger.py took 0.172 seconds
