[2025-10-05T17:19:23.721+0000] {processor.py:153} INFO - Started process (PID=70) to work on /home/airflow/.local/lib/python3.7/site-packages/airflow/example_dags/example_dag_decorator.py
[2025-10-05T17:19:23.722+0000] {processor.py:743} INFO - Processing file /home/airflow/.local/lib/python3.7/site-packages/airflow/example_dags/example_dag_decorator.py for tasks to queue
[2025-10-05T17:19:23.723+0000] {logging_mixin.py:137} INFO - [2025-10-05T17:19:23.723+0000] {dagbag.py:538} INFO - Filling up the DagBag from /home/airflow/.local/lib/python3.7/site-packages/airflow/example_dags/example_dag_decorator.py
[2025-10-05T17:19:23.772+0000] {logging_mixin.py:137} INFO - [2025-10-05T17:19:23.772+0000] {taskmixin.py:205} WARNING - Dependency <Task(_PythonDecoratedOperator): prepare_email>, send_email already registered for DAG: example_dag_decorator
[2025-10-05T17:19:23.773+0000] {logging_mixin.py:137} INFO - [2025-10-05T17:19:23.772+0000] {taskmixin.py:205} WARNING - Dependency <Task(EmailOperator): send_email>, prepare_email already registered for DAG: example_dag_decorator
[2025-10-05T17:19:23.812+0000] {processor.py:753} INFO - DAG(s) dict_keys(['example_dag_decorator']) retrieved from /home/airflow/.local/lib/python3.7/site-packages/airflow/example_dags/example_dag_decorator.py
[2025-10-05T17:19:23.849+0000] {logging_mixin.py:137} INFO - [2025-10-05T17:19:23.849+0000] {dag.py:2690} INFO - Sync 1 DAGs
[2025-10-05T17:19:23.883+0000] {logging_mixin.py:137} INFO - [2025-10-05T17:19:23.882+0000] {dag.py:3441} INFO - Setting next_dagrun for example_dag_decorator to None, run_after=None
[2025-10-05T17:19:23.915+0000] {processor.py:175} INFO - Processing /home/airflow/.local/lib/python3.7/site-packages/airflow/example_dags/example_dag_decorator.py took 0.198 seconds
[2025-10-05T17:19:54.776+0000] {processor.py:153} INFO - Started process (PID=158) to work on /home/airflow/.local/lib/python3.7/site-packages/airflow/example_dags/example_dag_decorator.py
[2025-10-05T17:19:54.778+0000] {processor.py:743} INFO - Processing file /home/airflow/.local/lib/python3.7/site-packages/airflow/example_dags/example_dag_decorator.py for tasks to queue
[2025-10-05T17:19:54.779+0000] {logging_mixin.py:137} INFO - [2025-10-05T17:19:54.779+0000] {dagbag.py:538} INFO - Filling up the DagBag from /home/airflow/.local/lib/python3.7/site-packages/airflow/example_dags/example_dag_decorator.py
[2025-10-05T17:19:54.802+0000] {logging_mixin.py:137} INFO - [2025-10-05T17:19:54.802+0000] {taskmixin.py:205} WARNING - Dependency <Task(_PythonDecoratedOperator): prepare_email>, send_email already registered for DAG: example_dag_decorator
[2025-10-05T17:19:54.803+0000] {logging_mixin.py:137} INFO - [2025-10-05T17:19:54.803+0000] {taskmixin.py:205} WARNING - Dependency <Task(EmailOperator): send_email>, prepare_email already registered for DAG: example_dag_decorator
[2025-10-05T17:19:54.819+0000] {processor.py:753} INFO - DAG(s) dict_keys(['example_dag_decorator']) retrieved from /home/airflow/.local/lib/python3.7/site-packages/airflow/example_dags/example_dag_decorator.py
[2025-10-05T17:19:54.902+0000] {logging_mixin.py:137} INFO - [2025-10-05T17:19:54.901+0000] {dag.py:2690} INFO - Sync 1 DAGs
[2025-10-05T17:19:54.928+0000] {logging_mixin.py:137} INFO - [2025-10-05T17:19:54.928+0000] {dag.py:3441} INFO - Setting next_dagrun for example_dag_decorator to None, run_after=None
[2025-10-05T17:19:54.958+0000] {processor.py:175} INFO - Processing /home/airflow/.local/lib/python3.7/site-packages/airflow/example_dags/example_dag_decorator.py took 0.187 seconds
[2025-10-05T17:20:25.271+0000] {processor.py:153} INFO - Started process (PID=256) to work on /home/airflow/.local/lib/python3.7/site-packages/airflow/example_dags/example_dag_decorator.py
[2025-10-05T17:20:25.273+0000] {processor.py:743} INFO - Processing file /home/airflow/.local/lib/python3.7/site-packages/airflow/example_dags/example_dag_decorator.py for tasks to queue
[2025-10-05T17:20:25.274+0000] {logging_mixin.py:137} INFO - [2025-10-05T17:20:25.274+0000] {dagbag.py:538} INFO - Filling up the DagBag from /home/airflow/.local/lib/python3.7/site-packages/airflow/example_dags/example_dag_decorator.py
[2025-10-05T17:20:25.305+0000] {logging_mixin.py:137} INFO - [2025-10-05T17:20:25.305+0000] {taskmixin.py:205} WARNING - Dependency <Task(_PythonDecoratedOperator): prepare_email>, send_email already registered for DAG: example_dag_decorator
[2025-10-05T17:20:25.305+0000] {logging_mixin.py:137} INFO - [2025-10-05T17:20:25.305+0000] {taskmixin.py:205} WARNING - Dependency <Task(EmailOperator): send_email>, prepare_email already registered for DAG: example_dag_decorator
[2025-10-05T17:20:25.325+0000] {processor.py:753} INFO - DAG(s) dict_keys(['example_dag_decorator']) retrieved from /home/airflow/.local/lib/python3.7/site-packages/airflow/example_dags/example_dag_decorator.py
[2025-10-05T17:20:25.435+0000] {logging_mixin.py:137} INFO - [2025-10-05T17:20:25.435+0000] {dag.py:2690} INFO - Sync 1 DAGs
[2025-10-05T17:20:25.470+0000] {logging_mixin.py:137} INFO - [2025-10-05T17:20:25.470+0000] {dag.py:3441} INFO - Setting next_dagrun for example_dag_decorator to None, run_after=None
[2025-10-05T17:20:25.502+0000] {processor.py:175} INFO - Processing /home/airflow/.local/lib/python3.7/site-packages/airflow/example_dags/example_dag_decorator.py took 0.242 seconds
[2025-10-05T17:20:55.829+0000] {processor.py:153} INFO - Started process (PID=360) to work on /home/airflow/.local/lib/python3.7/site-packages/airflow/example_dags/example_dag_decorator.py
[2025-10-05T17:20:55.831+0000] {processor.py:743} INFO - Processing file /home/airflow/.local/lib/python3.7/site-packages/airflow/example_dags/example_dag_decorator.py for tasks to queue
[2025-10-05T17:20:55.832+0000] {logging_mixin.py:137} INFO - [2025-10-05T17:20:55.832+0000] {dagbag.py:538} INFO - Filling up the DagBag from /home/airflow/.local/lib/python3.7/site-packages/airflow/example_dags/example_dag_decorator.py
[2025-10-05T17:20:55.857+0000] {logging_mixin.py:137} INFO - [2025-10-05T17:20:55.857+0000] {taskmixin.py:205} WARNING - Dependency <Task(_PythonDecoratedOperator): prepare_email>, send_email already registered for DAG: example_dag_decorator
[2025-10-05T17:20:55.857+0000] {logging_mixin.py:137} INFO - [2025-10-05T17:20:55.857+0000] {taskmixin.py:205} WARNING - Dependency <Task(EmailOperator): send_email>, prepare_email already registered for DAG: example_dag_decorator
[2025-10-05T17:20:55.875+0000] {processor.py:753} INFO - DAG(s) dict_keys(['example_dag_decorator']) retrieved from /home/airflow/.local/lib/python3.7/site-packages/airflow/example_dags/example_dag_decorator.py
[2025-10-05T17:20:55.964+0000] {logging_mixin.py:137} INFO - [2025-10-05T17:20:55.963+0000] {dag.py:2690} INFO - Sync 1 DAGs
[2025-10-05T17:20:56.004+0000] {logging_mixin.py:137} INFO - [2025-10-05T17:20:56.004+0000] {dag.py:3441} INFO - Setting next_dagrun for example_dag_decorator to None, run_after=None
[2025-10-05T17:20:56.045+0000] {processor.py:175} INFO - Processing /home/airflow/.local/lib/python3.7/site-packages/airflow/example_dags/example_dag_decorator.py took 0.222 seconds
[2025-10-05T17:21:26.973+0000] {processor.py:153} INFO - Started process (PID=449) to work on /home/airflow/.local/lib/python3.7/site-packages/airflow/example_dags/example_dag_decorator.py
[2025-10-05T17:21:26.975+0000] {processor.py:743} INFO - Processing file /home/airflow/.local/lib/python3.7/site-packages/airflow/example_dags/example_dag_decorator.py for tasks to queue
[2025-10-05T17:21:26.977+0000] {logging_mixin.py:137} INFO - [2025-10-05T17:21:26.976+0000] {dagbag.py:538} INFO - Filling up the DagBag from /home/airflow/.local/lib/python3.7/site-packages/airflow/example_dags/example_dag_decorator.py
[2025-10-05T17:21:27.000+0000] {logging_mixin.py:137} INFO - [2025-10-05T17:21:26.999+0000] {taskmixin.py:205} WARNING - Dependency <Task(_PythonDecoratedOperator): prepare_email>, send_email already registered for DAG: example_dag_decorator
[2025-10-05T17:21:27.000+0000] {logging_mixin.py:137} INFO - [2025-10-05T17:21:27.000+0000] {taskmixin.py:205} WARNING - Dependency <Task(EmailOperator): send_email>, prepare_email already registered for DAG: example_dag_decorator
[2025-10-05T17:21:27.019+0000] {processor.py:753} INFO - DAG(s) dict_keys(['example_dag_decorator']) retrieved from /home/airflow/.local/lib/python3.7/site-packages/airflow/example_dags/example_dag_decorator.py
[2025-10-05T17:21:27.101+0000] {logging_mixin.py:137} INFO - [2025-10-05T17:21:27.101+0000] {dag.py:2690} INFO - Sync 1 DAGs
[2025-10-05T17:21:27.131+0000] {logging_mixin.py:137} INFO - [2025-10-05T17:21:27.130+0000] {dag.py:3441} INFO - Setting next_dagrun for example_dag_decorator to None, run_after=None
[2025-10-05T17:21:27.157+0000] {processor.py:175} INFO - Processing /home/airflow/.local/lib/python3.7/site-packages/airflow/example_dags/example_dag_decorator.py took 0.188 seconds
[2025-10-05T17:21:57.262+0000] {processor.py:153} INFO - Started process (PID=562) to work on /home/airflow/.local/lib/python3.7/site-packages/airflow/example_dags/example_dag_decorator.py
[2025-10-05T17:21:57.263+0000] {processor.py:743} INFO - Processing file /home/airflow/.local/lib/python3.7/site-packages/airflow/example_dags/example_dag_decorator.py for tasks to queue
[2025-10-05T17:21:57.264+0000] {logging_mixin.py:137} INFO - [2025-10-05T17:21:57.264+0000] {dagbag.py:538} INFO - Filling up the DagBag from /home/airflow/.local/lib/python3.7/site-packages/airflow/example_dags/example_dag_decorator.py
[2025-10-05T17:21:57.316+0000] {logging_mixin.py:137} INFO - [2025-10-05T17:21:57.315+0000] {taskmixin.py:205} WARNING - Dependency <Task(_PythonDecoratedOperator): prepare_email>, send_email already registered for DAG: example_dag_decorator
[2025-10-05T17:21:57.317+0000] {logging_mixin.py:137} INFO - [2025-10-05T17:21:57.317+0000] {taskmixin.py:205} WARNING - Dependency <Task(EmailOperator): send_email>, prepare_email already registered for DAG: example_dag_decorator
[2025-10-05T17:21:57.359+0000] {processor.py:753} INFO - DAG(s) dict_keys(['example_dag_decorator']) retrieved from /home/airflow/.local/lib/python3.7/site-packages/airflow/example_dags/example_dag_decorator.py
[2025-10-05T17:21:57.453+0000] {logging_mixin.py:137} INFO - [2025-10-05T17:21:57.453+0000] {dag.py:2690} INFO - Sync 1 DAGs
[2025-10-05T17:21:57.482+0000] {logging_mixin.py:137} INFO - [2025-10-05T17:21:57.482+0000] {dag.py:3441} INFO - Setting next_dagrun for example_dag_decorator to None, run_after=None
[2025-10-05T17:21:57.516+0000] {processor.py:175} INFO - Processing /home/airflow/.local/lib/python3.7/site-packages/airflow/example_dags/example_dag_decorator.py took 0.259 seconds
[2025-10-05T17:22:27.564+0000] {processor.py:153} INFO - Started process (PID=652) to work on /home/airflow/.local/lib/python3.7/site-packages/airflow/example_dags/example_dag_decorator.py
[2025-10-05T17:22:27.566+0000] {processor.py:743} INFO - Processing file /home/airflow/.local/lib/python3.7/site-packages/airflow/example_dags/example_dag_decorator.py for tasks to queue
[2025-10-05T17:22:27.567+0000] {logging_mixin.py:137} INFO - [2025-10-05T17:22:27.567+0000] {dagbag.py:538} INFO - Filling up the DagBag from /home/airflow/.local/lib/python3.7/site-packages/airflow/example_dags/example_dag_decorator.py
[2025-10-05T17:22:27.591+0000] {logging_mixin.py:137} INFO - [2025-10-05T17:22:27.591+0000] {taskmixin.py:205} WARNING - Dependency <Task(_PythonDecoratedOperator): prepare_email>, send_email already registered for DAG: example_dag_decorator
[2025-10-05T17:22:27.592+0000] {logging_mixin.py:137} INFO - [2025-10-05T17:22:27.592+0000] {taskmixin.py:205} WARNING - Dependency <Task(EmailOperator): send_email>, prepare_email already registered for DAG: example_dag_decorator
[2025-10-05T17:22:27.613+0000] {processor.py:753} INFO - DAG(s) dict_keys(['example_dag_decorator']) retrieved from /home/airflow/.local/lib/python3.7/site-packages/airflow/example_dags/example_dag_decorator.py
[2025-10-05T17:22:27.696+0000] {logging_mixin.py:137} INFO - [2025-10-05T17:22:27.696+0000] {dag.py:2690} INFO - Sync 1 DAGs
[2025-10-05T17:22:27.723+0000] {logging_mixin.py:137} INFO - [2025-10-05T17:22:27.723+0000] {dag.py:3441} INFO - Setting next_dagrun for example_dag_decorator to None, run_after=None
[2025-10-05T17:22:27.753+0000] {processor.py:175} INFO - Processing /home/airflow/.local/lib/python3.7/site-packages/airflow/example_dags/example_dag_decorator.py took 0.194 seconds
[2025-10-05T17:22:58.034+0000] {processor.py:153} INFO - Started process (PID=749) to work on /home/airflow/.local/lib/python3.7/site-packages/airflow/example_dags/example_dag_decorator.py
[2025-10-05T17:22:58.036+0000] {processor.py:743} INFO - Processing file /home/airflow/.local/lib/python3.7/site-packages/airflow/example_dags/example_dag_decorator.py for tasks to queue
[2025-10-05T17:22:58.037+0000] {logging_mixin.py:137} INFO - [2025-10-05T17:22:58.037+0000] {dagbag.py:538} INFO - Filling up the DagBag from /home/airflow/.local/lib/python3.7/site-packages/airflow/example_dags/example_dag_decorator.py
[2025-10-05T17:22:58.060+0000] {logging_mixin.py:137} INFO - [2025-10-05T17:22:58.059+0000] {taskmixin.py:205} WARNING - Dependency <Task(_PythonDecoratedOperator): prepare_email>, send_email already registered for DAG: example_dag_decorator
[2025-10-05T17:22:58.060+0000] {logging_mixin.py:137} INFO - [2025-10-05T17:22:58.060+0000] {taskmixin.py:205} WARNING - Dependency <Task(EmailOperator): send_email>, prepare_email already registered for DAG: example_dag_decorator
[2025-10-05T17:22:58.078+0000] {processor.py:753} INFO - DAG(s) dict_keys(['example_dag_decorator']) retrieved from /home/airflow/.local/lib/python3.7/site-packages/airflow/example_dags/example_dag_decorator.py
[2025-10-05T17:22:58.167+0000] {logging_mixin.py:137} INFO - [2025-10-05T17:22:58.167+0000] {dag.py:2690} INFO - Sync 1 DAGs
[2025-10-05T17:22:58.199+0000] {logging_mixin.py:137} INFO - [2025-10-05T17:22:58.199+0000] {dag.py:3441} INFO - Setting next_dagrun for example_dag_decorator to None, run_after=None
[2025-10-05T17:22:58.232+0000] {processor.py:175} INFO - Processing /home/airflow/.local/lib/python3.7/site-packages/airflow/example_dags/example_dag_decorator.py took 0.203 seconds
[2025-10-05T17:23:28.549+0000] {processor.py:153} INFO - Started process (PID=854) to work on /home/airflow/.local/lib/python3.7/site-packages/airflow/example_dags/example_dag_decorator.py
[2025-10-05T17:23:28.551+0000] {processor.py:743} INFO - Processing file /home/airflow/.local/lib/python3.7/site-packages/airflow/example_dags/example_dag_decorator.py for tasks to queue
[2025-10-05T17:23:28.552+0000] {logging_mixin.py:137} INFO - [2025-10-05T17:23:28.552+0000] {dagbag.py:538} INFO - Filling up the DagBag from /home/airflow/.local/lib/python3.7/site-packages/airflow/example_dags/example_dag_decorator.py
[2025-10-05T17:23:28.572+0000] {logging_mixin.py:137} INFO - [2025-10-05T17:23:28.572+0000] {taskmixin.py:205} WARNING - Dependency <Task(_PythonDecoratedOperator): prepare_email>, send_email already registered for DAG: example_dag_decorator
[2025-10-05T17:23:28.573+0000] {logging_mixin.py:137} INFO - [2025-10-05T17:23:28.573+0000] {taskmixin.py:205} WARNING - Dependency <Task(EmailOperator): send_email>, prepare_email already registered for DAG: example_dag_decorator
[2025-10-05T17:23:28.589+0000] {processor.py:753} INFO - DAG(s) dict_keys(['example_dag_decorator']) retrieved from /home/airflow/.local/lib/python3.7/site-packages/airflow/example_dags/example_dag_decorator.py
[2025-10-05T17:23:28.665+0000] {logging_mixin.py:137} INFO - [2025-10-05T17:23:28.664+0000] {dag.py:2690} INFO - Sync 1 DAGs
[2025-10-05T17:23:28.691+0000] {logging_mixin.py:137} INFO - [2025-10-05T17:23:28.691+0000] {dag.py:3441} INFO - Setting next_dagrun for example_dag_decorator to None, run_after=None
[2025-10-05T17:23:28.720+0000] {processor.py:175} INFO - Processing /home/airflow/.local/lib/python3.7/site-packages/airflow/example_dags/example_dag_decorator.py took 0.176 seconds
[2025-10-05T17:23:59.554+0000] {processor.py:153} INFO - Started process (PID=943) to work on /home/airflow/.local/lib/python3.7/site-packages/airflow/example_dags/example_dag_decorator.py
[2025-10-05T17:23:59.555+0000] {processor.py:743} INFO - Processing file /home/airflow/.local/lib/python3.7/site-packages/airflow/example_dags/example_dag_decorator.py for tasks to queue
[2025-10-05T17:23:59.557+0000] {logging_mixin.py:137} INFO - [2025-10-05T17:23:59.557+0000] {dagbag.py:538} INFO - Filling up the DagBag from /home/airflow/.local/lib/python3.7/site-packages/airflow/example_dags/example_dag_decorator.py
[2025-10-05T17:23:59.575+0000] {logging_mixin.py:137} INFO - [2025-10-05T17:23:59.575+0000] {taskmixin.py:205} WARNING - Dependency <Task(_PythonDecoratedOperator): prepare_email>, send_email already registered for DAG: example_dag_decorator
[2025-10-05T17:23:59.576+0000] {logging_mixin.py:137} INFO - [2025-10-05T17:23:59.576+0000] {taskmixin.py:205} WARNING - Dependency <Task(EmailOperator): send_email>, prepare_email already registered for DAG: example_dag_decorator
[2025-10-05T17:23:59.590+0000] {processor.py:753} INFO - DAG(s) dict_keys(['example_dag_decorator']) retrieved from /home/airflow/.local/lib/python3.7/site-packages/airflow/example_dags/example_dag_decorator.py
[2025-10-05T17:23:59.664+0000] {logging_mixin.py:137} INFO - [2025-10-05T17:23:59.664+0000] {dag.py:2690} INFO - Sync 1 DAGs
[2025-10-05T17:23:59.687+0000] {logging_mixin.py:137} INFO - [2025-10-05T17:23:59.687+0000] {dag.py:3441} INFO - Setting next_dagrun for example_dag_decorator to None, run_after=None
[2025-10-05T17:23:59.716+0000] {processor.py:175} INFO - Processing /home/airflow/.local/lib/python3.7/site-packages/airflow/example_dags/example_dag_decorator.py took 0.166 seconds
[2025-10-05T17:24:30.355+0000] {processor.py:153} INFO - Started process (PID=1056) to work on /home/airflow/.local/lib/python3.7/site-packages/airflow/example_dags/example_dag_decorator.py
[2025-10-05T17:24:30.356+0000] {processor.py:743} INFO - Processing file /home/airflow/.local/lib/python3.7/site-packages/airflow/example_dags/example_dag_decorator.py for tasks to queue
[2025-10-05T17:24:30.357+0000] {logging_mixin.py:137} INFO - [2025-10-05T17:24:30.357+0000] {dagbag.py:538} INFO - Filling up the DagBag from /home/airflow/.local/lib/python3.7/site-packages/airflow/example_dags/example_dag_decorator.py
[2025-10-05T17:24:30.377+0000] {logging_mixin.py:137} INFO - [2025-10-05T17:24:30.377+0000] {taskmixin.py:205} WARNING - Dependency <Task(_PythonDecoratedOperator): prepare_email>, send_email already registered for DAG: example_dag_decorator
[2025-10-05T17:24:30.378+0000] {logging_mixin.py:137} INFO - [2025-10-05T17:24:30.377+0000] {taskmixin.py:205} WARNING - Dependency <Task(EmailOperator): send_email>, prepare_email already registered for DAG: example_dag_decorator
[2025-10-05T17:24:30.392+0000] {processor.py:753} INFO - DAG(s) dict_keys(['example_dag_decorator']) retrieved from /home/airflow/.local/lib/python3.7/site-packages/airflow/example_dags/example_dag_decorator.py
[2025-10-05T17:24:30.470+0000] {logging_mixin.py:137} INFO - [2025-10-05T17:24:30.469+0000] {dag.py:2690} INFO - Sync 1 DAGs
[2025-10-05T17:24:30.501+0000] {logging_mixin.py:137} INFO - [2025-10-05T17:24:30.501+0000] {dag.py:3441} INFO - Setting next_dagrun for example_dag_decorator to None, run_after=None
[2025-10-05T17:24:30.527+0000] {processor.py:175} INFO - Processing /home/airflow/.local/lib/python3.7/site-packages/airflow/example_dags/example_dag_decorator.py took 0.177 seconds
[2025-10-05T17:25:00.697+0000] {processor.py:153} INFO - Started process (PID=1146) to work on /home/airflow/.local/lib/python3.7/site-packages/airflow/example_dags/example_dag_decorator.py
[2025-10-05T17:25:00.699+0000] {processor.py:743} INFO - Processing file /home/airflow/.local/lib/python3.7/site-packages/airflow/example_dags/example_dag_decorator.py for tasks to queue
[2025-10-05T17:25:00.700+0000] {logging_mixin.py:137} INFO - [2025-10-05T17:25:00.700+0000] {dagbag.py:538} INFO - Filling up the DagBag from /home/airflow/.local/lib/python3.7/site-packages/airflow/example_dags/example_dag_decorator.py
[2025-10-05T17:25:00.719+0000] {logging_mixin.py:137} INFO - [2025-10-05T17:25:00.719+0000] {taskmixin.py:205} WARNING - Dependency <Task(_PythonDecoratedOperator): prepare_email>, send_email already registered for DAG: example_dag_decorator
[2025-10-05T17:25:00.720+0000] {logging_mixin.py:137} INFO - [2025-10-05T17:25:00.720+0000] {taskmixin.py:205} WARNING - Dependency <Task(EmailOperator): send_email>, prepare_email already registered for DAG: example_dag_decorator
[2025-10-05T17:25:00.734+0000] {processor.py:753} INFO - DAG(s) dict_keys(['example_dag_decorator']) retrieved from /home/airflow/.local/lib/python3.7/site-packages/airflow/example_dags/example_dag_decorator.py
[2025-10-05T17:25:00.813+0000] {logging_mixin.py:137} INFO - [2025-10-05T17:25:00.813+0000] {dag.py:2690} INFO - Sync 1 DAGs
[2025-10-05T17:25:00.838+0000] {logging_mixin.py:137} INFO - [2025-10-05T17:25:00.838+0000] {dag.py:3441} INFO - Setting next_dagrun for example_dag_decorator to None, run_after=None
[2025-10-05T17:25:00.865+0000] {processor.py:175} INFO - Processing /home/airflow/.local/lib/python3.7/site-packages/airflow/example_dags/example_dag_decorator.py took 0.171 seconds
[2025-10-05T17:25:31.579+0000] {processor.py:153} INFO - Started process (PID=1258) to work on /home/airflow/.local/lib/python3.7/site-packages/airflow/example_dags/example_dag_decorator.py
[2025-10-05T17:25:31.581+0000] {processor.py:743} INFO - Processing file /home/airflow/.local/lib/python3.7/site-packages/airflow/example_dags/example_dag_decorator.py for tasks to queue
[2025-10-05T17:25:31.583+0000] {logging_mixin.py:137} INFO - [2025-10-05T17:25:31.582+0000] {dagbag.py:538} INFO - Filling up the DagBag from /home/airflow/.local/lib/python3.7/site-packages/airflow/example_dags/example_dag_decorator.py
[2025-10-05T17:25:31.608+0000] {logging_mixin.py:137} INFO - [2025-10-05T17:25:31.608+0000] {taskmixin.py:205} WARNING - Dependency <Task(_PythonDecoratedOperator): prepare_email>, send_email already registered for DAG: example_dag_decorator
[2025-10-05T17:25:31.609+0000] {logging_mixin.py:137} INFO - [2025-10-05T17:25:31.609+0000] {taskmixin.py:205} WARNING - Dependency <Task(EmailOperator): send_email>, prepare_email already registered for DAG: example_dag_decorator
[2025-10-05T17:25:31.628+0000] {processor.py:753} INFO - DAG(s) dict_keys(['example_dag_decorator']) retrieved from /home/airflow/.local/lib/python3.7/site-packages/airflow/example_dags/example_dag_decorator.py
[2025-10-05T17:25:31.716+0000] {logging_mixin.py:137} INFO - [2025-10-05T17:25:31.716+0000] {dag.py:2690} INFO - Sync 1 DAGs
[2025-10-05T17:25:31.747+0000] {logging_mixin.py:137} INFO - [2025-10-05T17:25:31.747+0000] {dag.py:3441} INFO - Setting next_dagrun for example_dag_decorator to None, run_after=None
[2025-10-05T17:25:31.779+0000] {processor.py:175} INFO - Processing /home/airflow/.local/lib/python3.7/site-packages/airflow/example_dags/example_dag_decorator.py took 0.207 seconds
[2025-10-05T17:26:02.397+0000] {processor.py:153} INFO - Started process (PID=1347) to work on /home/airflow/.local/lib/python3.7/site-packages/airflow/example_dags/example_dag_decorator.py
[2025-10-05T17:26:02.398+0000] {processor.py:743} INFO - Processing file /home/airflow/.local/lib/python3.7/site-packages/airflow/example_dags/example_dag_decorator.py for tasks to queue
[2025-10-05T17:26:02.399+0000] {logging_mixin.py:137} INFO - [2025-10-05T17:26:02.399+0000] {dagbag.py:538} INFO - Filling up the DagBag from /home/airflow/.local/lib/python3.7/site-packages/airflow/example_dags/example_dag_decorator.py
[2025-10-05T17:26:02.419+0000] {logging_mixin.py:137} INFO - [2025-10-05T17:26:02.419+0000] {taskmixin.py:205} WARNING - Dependency <Task(_PythonDecoratedOperator): prepare_email>, send_email already registered for DAG: example_dag_decorator
[2025-10-05T17:26:02.420+0000] {logging_mixin.py:137} INFO - [2025-10-05T17:26:02.419+0000] {taskmixin.py:205} WARNING - Dependency <Task(EmailOperator): send_email>, prepare_email already registered for DAG: example_dag_decorator
[2025-10-05T17:26:02.433+0000] {processor.py:753} INFO - DAG(s) dict_keys(['example_dag_decorator']) retrieved from /home/airflow/.local/lib/python3.7/site-packages/airflow/example_dags/example_dag_decorator.py
[2025-10-05T17:26:02.501+0000] {logging_mixin.py:137} INFO - [2025-10-05T17:26:02.501+0000] {dag.py:2690} INFO - Sync 1 DAGs
[2025-10-05T17:26:02.526+0000] {logging_mixin.py:137} INFO - [2025-10-05T17:26:02.526+0000] {dag.py:3441} INFO - Setting next_dagrun for example_dag_decorator to None, run_after=None
[2025-10-05T17:26:02.551+0000] {processor.py:175} INFO - Processing /home/airflow/.local/lib/python3.7/site-packages/airflow/example_dags/example_dag_decorator.py took 0.158 seconds
[2025-10-05T17:26:33.400+0000] {processor.py:153} INFO - Started process (PID=1445) to work on /home/airflow/.local/lib/python3.7/site-packages/airflow/example_dags/example_dag_decorator.py
[2025-10-05T17:26:33.402+0000] {processor.py:743} INFO - Processing file /home/airflow/.local/lib/python3.7/site-packages/airflow/example_dags/example_dag_decorator.py for tasks to queue
[2025-10-05T17:26:33.404+0000] {logging_mixin.py:137} INFO - [2025-10-05T17:26:33.404+0000] {dagbag.py:538} INFO - Filling up the DagBag from /home/airflow/.local/lib/python3.7/site-packages/airflow/example_dags/example_dag_decorator.py
[2025-10-05T17:26:33.435+0000] {logging_mixin.py:137} INFO - [2025-10-05T17:26:33.435+0000] {taskmixin.py:205} WARNING - Dependency <Task(_PythonDecoratedOperator): prepare_email>, send_email already registered for DAG: example_dag_decorator
[2025-10-05T17:26:33.436+0000] {logging_mixin.py:137} INFO - [2025-10-05T17:26:33.435+0000] {taskmixin.py:205} WARNING - Dependency <Task(EmailOperator): send_email>, prepare_email already registered for DAG: example_dag_decorator
[2025-10-05T17:26:33.461+0000] {processor.py:753} INFO - DAG(s) dict_keys(['example_dag_decorator']) retrieved from /home/airflow/.local/lib/python3.7/site-packages/airflow/example_dags/example_dag_decorator.py
[2025-10-05T17:26:33.607+0000] {logging_mixin.py:137} INFO - [2025-10-05T17:26:33.606+0000] {dag.py:2690} INFO - Sync 1 DAGs
[2025-10-05T17:26:33.642+0000] {logging_mixin.py:137} INFO - [2025-10-05T17:26:33.642+0000] {dag.py:3441} INFO - Setting next_dagrun for example_dag_decorator to None, run_after=None
[2025-10-05T17:26:33.682+0000] {processor.py:175} INFO - Processing /home/airflow/.local/lib/python3.7/site-packages/airflow/example_dags/example_dag_decorator.py took 0.289 seconds
[2025-10-05T17:27:04.322+0000] {processor.py:153} INFO - Started process (PID=1549) to work on /home/airflow/.local/lib/python3.7/site-packages/airflow/example_dags/example_dag_decorator.py
[2025-10-05T17:27:04.324+0000] {processor.py:743} INFO - Processing file /home/airflow/.local/lib/python3.7/site-packages/airflow/example_dags/example_dag_decorator.py for tasks to queue
[2025-10-05T17:27:04.325+0000] {logging_mixin.py:137} INFO - [2025-10-05T17:27:04.325+0000] {dagbag.py:538} INFO - Filling up the DagBag from /home/airflow/.local/lib/python3.7/site-packages/airflow/example_dags/example_dag_decorator.py
[2025-10-05T17:27:04.347+0000] {logging_mixin.py:137} INFO - [2025-10-05T17:27:04.347+0000] {taskmixin.py:205} WARNING - Dependency <Task(_PythonDecoratedOperator): prepare_email>, send_email already registered for DAG: example_dag_decorator
[2025-10-05T17:27:04.348+0000] {logging_mixin.py:137} INFO - [2025-10-05T17:27:04.348+0000] {taskmixin.py:205} WARNING - Dependency <Task(EmailOperator): send_email>, prepare_email already registered for DAG: example_dag_decorator
[2025-10-05T17:27:04.365+0000] {processor.py:753} INFO - DAG(s) dict_keys(['example_dag_decorator']) retrieved from /home/airflow/.local/lib/python3.7/site-packages/airflow/example_dags/example_dag_decorator.py
[2025-10-05T17:27:04.449+0000] {logging_mixin.py:137} INFO - [2025-10-05T17:27:04.448+0000] {dag.py:2690} INFO - Sync 1 DAGs
[2025-10-05T17:27:04.479+0000] {logging_mixin.py:137} INFO - [2025-10-05T17:27:04.479+0000] {dag.py:3441} INFO - Setting next_dagrun for example_dag_decorator to None, run_after=None
[2025-10-05T17:27:04.513+0000] {processor.py:175} INFO - Processing /home/airflow/.local/lib/python3.7/site-packages/airflow/example_dags/example_dag_decorator.py took 0.195 seconds
[2025-10-05T17:27:35.352+0000] {processor.py:153} INFO - Started process (PID=1638) to work on /home/airflow/.local/lib/python3.7/site-packages/airflow/example_dags/example_dag_decorator.py
[2025-10-05T17:27:35.353+0000] {processor.py:743} INFO - Processing file /home/airflow/.local/lib/python3.7/site-packages/airflow/example_dags/example_dag_decorator.py for tasks to queue
[2025-10-05T17:27:35.355+0000] {logging_mixin.py:137} INFO - [2025-10-05T17:27:35.354+0000] {dagbag.py:538} INFO - Filling up the DagBag from /home/airflow/.local/lib/python3.7/site-packages/airflow/example_dags/example_dag_decorator.py
[2025-10-05T17:27:35.379+0000] {logging_mixin.py:137} INFO - [2025-10-05T17:27:35.379+0000] {taskmixin.py:205} WARNING - Dependency <Task(_PythonDecoratedOperator): prepare_email>, send_email already registered for DAG: example_dag_decorator
[2025-10-05T17:27:35.380+0000] {logging_mixin.py:137} INFO - [2025-10-05T17:27:35.380+0000] {taskmixin.py:205} WARNING - Dependency <Task(EmailOperator): send_email>, prepare_email already registered for DAG: example_dag_decorator
[2025-10-05T17:27:35.397+0000] {processor.py:753} INFO - DAG(s) dict_keys(['example_dag_decorator']) retrieved from /home/airflow/.local/lib/python3.7/site-packages/airflow/example_dags/example_dag_decorator.py
[2025-10-05T17:27:35.490+0000] {logging_mixin.py:137} INFO - [2025-10-05T17:27:35.489+0000] {dag.py:2690} INFO - Sync 1 DAGs
[2025-10-05T17:27:35.516+0000] {logging_mixin.py:137} INFO - [2025-10-05T17:27:35.516+0000] {dag.py:3441} INFO - Setting next_dagrun for example_dag_decorator to None, run_after=None
[2025-10-05T17:27:35.545+0000] {processor.py:175} INFO - Processing /home/airflow/.local/lib/python3.7/site-packages/airflow/example_dags/example_dag_decorator.py took 0.199 seconds
[2025-10-05T17:28:06.458+0000] {processor.py:153} INFO - Started process (PID=1752) to work on /home/airflow/.local/lib/python3.7/site-packages/airflow/example_dags/example_dag_decorator.py
[2025-10-05T17:28:06.460+0000] {processor.py:743} INFO - Processing file /home/airflow/.local/lib/python3.7/site-packages/airflow/example_dags/example_dag_decorator.py for tasks to queue
[2025-10-05T17:28:06.462+0000] {logging_mixin.py:137} INFO - [2025-10-05T17:28:06.462+0000] {dagbag.py:538} INFO - Filling up the DagBag from /home/airflow/.local/lib/python3.7/site-packages/airflow/example_dags/example_dag_decorator.py
[2025-10-05T17:28:06.498+0000] {logging_mixin.py:137} INFO - [2025-10-05T17:28:06.498+0000] {taskmixin.py:205} WARNING - Dependency <Task(_PythonDecoratedOperator): prepare_email>, send_email already registered for DAG: example_dag_decorator
[2025-10-05T17:28:06.499+0000] {logging_mixin.py:137} INFO - [2025-10-05T17:28:06.499+0000] {taskmixin.py:205} WARNING - Dependency <Task(EmailOperator): send_email>, prepare_email already registered for DAG: example_dag_decorator
[2025-10-05T17:28:06.523+0000] {processor.py:753} INFO - DAG(s) dict_keys(['example_dag_decorator']) retrieved from /home/airflow/.local/lib/python3.7/site-packages/airflow/example_dags/example_dag_decorator.py
[2025-10-05T17:28:06.638+0000] {logging_mixin.py:137} INFO - [2025-10-05T17:28:06.638+0000] {dag.py:2690} INFO - Sync 1 DAGs
[2025-10-05T17:28:06.671+0000] {logging_mixin.py:137} INFO - [2025-10-05T17:28:06.671+0000] {dag.py:3441} INFO - Setting next_dagrun for example_dag_decorator to None, run_after=None
[2025-10-05T17:28:06.709+0000] {processor.py:175} INFO - Processing /home/airflow/.local/lib/python3.7/site-packages/airflow/example_dags/example_dag_decorator.py took 0.259 seconds
[2025-10-05T17:28:37.275+0000] {processor.py:153} INFO - Started process (PID=1841) to work on /home/airflow/.local/lib/python3.7/site-packages/airflow/example_dags/example_dag_decorator.py
[2025-10-05T17:28:37.277+0000] {processor.py:743} INFO - Processing file /home/airflow/.local/lib/python3.7/site-packages/airflow/example_dags/example_dag_decorator.py for tasks to queue
[2025-10-05T17:28:37.278+0000] {logging_mixin.py:137} INFO - [2025-10-05T17:28:37.277+0000] {dagbag.py:538} INFO - Filling up the DagBag from /home/airflow/.local/lib/python3.7/site-packages/airflow/example_dags/example_dag_decorator.py
[2025-10-05T17:28:37.308+0000] {logging_mixin.py:137} INFO - [2025-10-05T17:28:37.308+0000] {taskmixin.py:205} WARNING - Dependency <Task(_PythonDecoratedOperator): prepare_email>, send_email already registered for DAG: example_dag_decorator
[2025-10-05T17:28:37.309+0000] {logging_mixin.py:137} INFO - [2025-10-05T17:28:37.309+0000] {taskmixin.py:205} WARNING - Dependency <Task(EmailOperator): send_email>, prepare_email already registered for DAG: example_dag_decorator
[2025-10-05T17:28:37.327+0000] {processor.py:753} INFO - DAG(s) dict_keys(['example_dag_decorator']) retrieved from /home/airflow/.local/lib/python3.7/site-packages/airflow/example_dags/example_dag_decorator.py
[2025-10-05T17:28:37.420+0000] {logging_mixin.py:137} INFO - [2025-10-05T17:28:37.420+0000] {dag.py:2690} INFO - Sync 1 DAGs
[2025-10-05T17:28:37.448+0000] {logging_mixin.py:137} INFO - [2025-10-05T17:28:37.447+0000] {dag.py:3441} INFO - Setting next_dagrun for example_dag_decorator to None, run_after=None
[2025-10-05T17:28:37.481+0000] {processor.py:175} INFO - Processing /home/airflow/.local/lib/python3.7/site-packages/airflow/example_dags/example_dag_decorator.py took 0.210 seconds
[2025-10-05T17:29:08.363+0000] {processor.py:153} INFO - Started process (PID=1930) to work on /home/airflow/.local/lib/python3.7/site-packages/airflow/example_dags/example_dag_decorator.py
[2025-10-05T17:29:08.365+0000] {processor.py:743} INFO - Processing file /home/airflow/.local/lib/python3.7/site-packages/airflow/example_dags/example_dag_decorator.py for tasks to queue
[2025-10-05T17:29:08.366+0000] {logging_mixin.py:137} INFO - [2025-10-05T17:29:08.366+0000] {dagbag.py:538} INFO - Filling up the DagBag from /home/airflow/.local/lib/python3.7/site-packages/airflow/example_dags/example_dag_decorator.py
[2025-10-05T17:29:08.392+0000] {logging_mixin.py:137} INFO - [2025-10-05T17:29:08.392+0000] {taskmixin.py:205} WARNING - Dependency <Task(_PythonDecoratedOperator): prepare_email>, send_email already registered for DAG: example_dag_decorator
[2025-10-05T17:29:08.393+0000] {logging_mixin.py:137} INFO - [2025-10-05T17:29:08.393+0000] {taskmixin.py:205} WARNING - Dependency <Task(EmailOperator): send_email>, prepare_email already registered for DAG: example_dag_decorator
[2025-10-05T17:29:08.408+0000] {processor.py:753} INFO - DAG(s) dict_keys(['example_dag_decorator']) retrieved from /home/airflow/.local/lib/python3.7/site-packages/airflow/example_dags/example_dag_decorator.py
[2025-10-05T17:29:08.483+0000] {logging_mixin.py:137} INFO - [2025-10-05T17:29:08.483+0000] {dag.py:2690} INFO - Sync 1 DAGs
[2025-10-05T17:29:08.511+0000] {logging_mixin.py:137} INFO - [2025-10-05T17:29:08.511+0000] {dag.py:3441} INFO - Setting next_dagrun for example_dag_decorator to None, run_after=None
[2025-10-05T17:29:08.542+0000] {processor.py:175} INFO - Processing /home/airflow/.local/lib/python3.7/site-packages/airflow/example_dags/example_dag_decorator.py took 0.183 seconds
[2025-10-05T17:29:39.522+0000] {processor.py:153} INFO - Started process (PID=2043) to work on /home/airflow/.local/lib/python3.7/site-packages/airflow/example_dags/example_dag_decorator.py
[2025-10-05T17:29:39.524+0000] {processor.py:743} INFO - Processing file /home/airflow/.local/lib/python3.7/site-packages/airflow/example_dags/example_dag_decorator.py for tasks to queue
[2025-10-05T17:29:39.525+0000] {logging_mixin.py:137} INFO - [2025-10-05T17:29:39.525+0000] {dagbag.py:538} INFO - Filling up the DagBag from /home/airflow/.local/lib/python3.7/site-packages/airflow/example_dags/example_dag_decorator.py
[2025-10-05T17:29:39.549+0000] {logging_mixin.py:137} INFO - [2025-10-05T17:29:39.549+0000] {taskmixin.py:205} WARNING - Dependency <Task(_PythonDecoratedOperator): prepare_email>, send_email already registered for DAG: example_dag_decorator
[2025-10-05T17:29:39.550+0000] {logging_mixin.py:137} INFO - [2025-10-05T17:29:39.550+0000] {taskmixin.py:205} WARNING - Dependency <Task(EmailOperator): send_email>, prepare_email already registered for DAG: example_dag_decorator
[2025-10-05T17:29:39.568+0000] {processor.py:753} INFO - DAG(s) dict_keys(['example_dag_decorator']) retrieved from /home/airflow/.local/lib/python3.7/site-packages/airflow/example_dags/example_dag_decorator.py
[2025-10-05T17:29:39.655+0000] {logging_mixin.py:137} INFO - [2025-10-05T17:29:39.655+0000] {dag.py:2690} INFO - Sync 1 DAGs
[2025-10-05T17:29:39.683+0000] {logging_mixin.py:137} INFO - [2025-10-05T17:29:39.682+0000] {dag.py:3441} INFO - Setting next_dagrun for example_dag_decorator to None, run_after=None
[2025-10-05T17:29:39.713+0000] {processor.py:175} INFO - Processing /home/airflow/.local/lib/python3.7/site-packages/airflow/example_dags/example_dag_decorator.py took 0.196 seconds
[2025-10-05T17:30:10.064+0000] {processor.py:153} INFO - Started process (PID=2133) to work on /home/airflow/.local/lib/python3.7/site-packages/airflow/example_dags/example_dag_decorator.py
[2025-10-05T17:30:10.065+0000] {processor.py:743} INFO - Processing file /home/airflow/.local/lib/python3.7/site-packages/airflow/example_dags/example_dag_decorator.py for tasks to queue
[2025-10-05T17:30:10.067+0000] {logging_mixin.py:137} INFO - [2025-10-05T17:30:10.066+0000] {dagbag.py:538} INFO - Filling up the DagBag from /home/airflow/.local/lib/python3.7/site-packages/airflow/example_dags/example_dag_decorator.py
[2025-10-05T17:30:10.086+0000] {logging_mixin.py:137} INFO - [2025-10-05T17:30:10.086+0000] {taskmixin.py:205} WARNING - Dependency <Task(_PythonDecoratedOperator): prepare_email>, send_email already registered for DAG: example_dag_decorator
[2025-10-05T17:30:10.087+0000] {logging_mixin.py:137} INFO - [2025-10-05T17:30:10.087+0000] {taskmixin.py:205} WARNING - Dependency <Task(EmailOperator): send_email>, prepare_email already registered for DAG: example_dag_decorator
[2025-10-05T17:30:10.101+0000] {processor.py:753} INFO - DAG(s) dict_keys(['example_dag_decorator']) retrieved from /home/airflow/.local/lib/python3.7/site-packages/airflow/example_dags/example_dag_decorator.py
[2025-10-05T17:30:10.173+0000] {logging_mixin.py:137} INFO - [2025-10-05T17:30:10.173+0000] {dag.py:2690} INFO - Sync 1 DAGs
[2025-10-05T17:30:10.199+0000] {logging_mixin.py:137} INFO - [2025-10-05T17:30:10.199+0000] {dag.py:3441} INFO - Setting next_dagrun for example_dag_decorator to None, run_after=None
[2025-10-05T17:30:10.225+0000] {processor.py:175} INFO - Processing /home/airflow/.local/lib/python3.7/site-packages/airflow/example_dags/example_dag_decorator.py took 0.166 seconds
[2025-10-05T17:30:40.544+0000] {processor.py:153} INFO - Started process (PID=2247) to work on /home/airflow/.local/lib/python3.7/site-packages/airflow/example_dags/example_dag_decorator.py
[2025-10-05T17:30:40.545+0000] {processor.py:743} INFO - Processing file /home/airflow/.local/lib/python3.7/site-packages/airflow/example_dags/example_dag_decorator.py for tasks to queue
[2025-10-05T17:30:40.546+0000] {logging_mixin.py:137} INFO - [2025-10-05T17:30:40.546+0000] {dagbag.py:538} INFO - Filling up the DagBag from /home/airflow/.local/lib/python3.7/site-packages/airflow/example_dags/example_dag_decorator.py
[2025-10-05T17:30:40.567+0000] {logging_mixin.py:137} INFO - [2025-10-05T17:30:40.567+0000] {taskmixin.py:205} WARNING - Dependency <Task(_PythonDecoratedOperator): prepare_email>, send_email already registered for DAG: example_dag_decorator
[2025-10-05T17:30:40.568+0000] {logging_mixin.py:137} INFO - [2025-10-05T17:30:40.567+0000] {taskmixin.py:205} WARNING - Dependency <Task(EmailOperator): send_email>, prepare_email already registered for DAG: example_dag_decorator
[2025-10-05T17:30:40.583+0000] {processor.py:753} INFO - DAG(s) dict_keys(['example_dag_decorator']) retrieved from /home/airflow/.local/lib/python3.7/site-packages/airflow/example_dags/example_dag_decorator.py
[2025-10-05T17:30:40.656+0000] {logging_mixin.py:137} INFO - [2025-10-05T17:30:40.656+0000] {dag.py:2690} INFO - Sync 1 DAGs
[2025-10-05T17:30:40.684+0000] {logging_mixin.py:137} INFO - [2025-10-05T17:30:40.684+0000] {dag.py:3441} INFO - Setting next_dagrun for example_dag_decorator to None, run_after=None
[2025-10-05T17:30:40.712+0000] {processor.py:175} INFO - Processing /home/airflow/.local/lib/python3.7/site-packages/airflow/example_dags/example_dag_decorator.py took 0.172 seconds
[2025-10-05T17:31:11.654+0000] {processor.py:153} INFO - Started process (PID=2336) to work on /home/airflow/.local/lib/python3.7/site-packages/airflow/example_dags/example_dag_decorator.py
[2025-10-05T17:31:11.656+0000] {processor.py:743} INFO - Processing file /home/airflow/.local/lib/python3.7/site-packages/airflow/example_dags/example_dag_decorator.py for tasks to queue
[2025-10-05T17:31:11.657+0000] {logging_mixin.py:137} INFO - [2025-10-05T17:31:11.657+0000] {dagbag.py:538} INFO - Filling up the DagBag from /home/airflow/.local/lib/python3.7/site-packages/airflow/example_dags/example_dag_decorator.py
[2025-10-05T17:31:11.682+0000] {logging_mixin.py:137} INFO - [2025-10-05T17:31:11.682+0000] {taskmixin.py:205} WARNING - Dependency <Task(_PythonDecoratedOperator): prepare_email>, send_email already registered for DAG: example_dag_decorator
[2025-10-05T17:31:11.683+0000] {logging_mixin.py:137} INFO - [2025-10-05T17:31:11.683+0000] {taskmixin.py:205} WARNING - Dependency <Task(EmailOperator): send_email>, prepare_email already registered for DAG: example_dag_decorator
[2025-10-05T17:31:11.702+0000] {processor.py:753} INFO - DAG(s) dict_keys(['example_dag_decorator']) retrieved from /home/airflow/.local/lib/python3.7/site-packages/airflow/example_dags/example_dag_decorator.py
[2025-10-05T17:31:11.786+0000] {logging_mixin.py:137} INFO - [2025-10-05T17:31:11.786+0000] {dag.py:2690} INFO - Sync 1 DAGs
[2025-10-05T17:31:11.811+0000] {logging_mixin.py:137} INFO - [2025-10-05T17:31:11.811+0000] {dag.py:3441} INFO - Setting next_dagrun for example_dag_decorator to None, run_after=None
[2025-10-05T17:31:11.836+0000] {processor.py:175} INFO - Processing /home/airflow/.local/lib/python3.7/site-packages/airflow/example_dags/example_dag_decorator.py took 0.188 seconds
[2025-10-05T17:31:42.784+0000] {processor.py:153} INFO - Started process (PID=2450) to work on /home/airflow/.local/lib/python3.7/site-packages/airflow/example_dags/example_dag_decorator.py
[2025-10-05T17:31:42.785+0000] {processor.py:743} INFO - Processing file /home/airflow/.local/lib/python3.7/site-packages/airflow/example_dags/example_dag_decorator.py for tasks to queue
[2025-10-05T17:31:42.786+0000] {logging_mixin.py:137} INFO - [2025-10-05T17:31:42.786+0000] {dagbag.py:538} INFO - Filling up the DagBag from /home/airflow/.local/lib/python3.7/site-packages/airflow/example_dags/example_dag_decorator.py
[2025-10-05T17:31:42.806+0000] {logging_mixin.py:137} INFO - [2025-10-05T17:31:42.805+0000] {taskmixin.py:205} WARNING - Dependency <Task(_PythonDecoratedOperator): prepare_email>, send_email already registered for DAG: example_dag_decorator
[2025-10-05T17:31:42.807+0000] {logging_mixin.py:137} INFO - [2025-10-05T17:31:42.806+0000] {taskmixin.py:205} WARNING - Dependency <Task(EmailOperator): send_email>, prepare_email already registered for DAG: example_dag_decorator
[2025-10-05T17:31:42.821+0000] {processor.py:753} INFO - DAG(s) dict_keys(['example_dag_decorator']) retrieved from /home/airflow/.local/lib/python3.7/site-packages/airflow/example_dags/example_dag_decorator.py
[2025-10-05T17:31:42.892+0000] {logging_mixin.py:137} INFO - [2025-10-05T17:31:42.892+0000] {dag.py:2690} INFO - Sync 1 DAGs
[2025-10-05T17:31:42.917+0000] {logging_mixin.py:137} INFO - [2025-10-05T17:31:42.917+0000] {dag.py:3441} INFO - Setting next_dagrun for example_dag_decorator to None, run_after=None
[2025-10-05T17:31:42.951+0000] {processor.py:175} INFO - Processing /home/airflow/.local/lib/python3.7/site-packages/airflow/example_dags/example_dag_decorator.py took 0.172 seconds
[2025-10-05T17:32:13.421+0000] {processor.py:153} INFO - Started process (PID=2539) to work on /home/airflow/.local/lib/python3.7/site-packages/airflow/example_dags/example_dag_decorator.py
[2025-10-05T17:32:13.423+0000] {processor.py:743} INFO - Processing file /home/airflow/.local/lib/python3.7/site-packages/airflow/example_dags/example_dag_decorator.py for tasks to queue
[2025-10-05T17:32:13.424+0000] {logging_mixin.py:137} INFO - [2025-10-05T17:32:13.424+0000] {dagbag.py:538} INFO - Filling up the DagBag from /home/airflow/.local/lib/python3.7/site-packages/airflow/example_dags/example_dag_decorator.py
[2025-10-05T17:32:13.443+0000] {logging_mixin.py:137} INFO - [2025-10-05T17:32:13.443+0000] {taskmixin.py:205} WARNING - Dependency <Task(_PythonDecoratedOperator): prepare_email>, send_email already registered for DAG: example_dag_decorator
[2025-10-05T17:32:13.444+0000] {logging_mixin.py:137} INFO - [2025-10-05T17:32:13.444+0000] {taskmixin.py:205} WARNING - Dependency <Task(EmailOperator): send_email>, prepare_email already registered for DAG: example_dag_decorator
[2025-10-05T17:32:13.458+0000] {processor.py:753} INFO - DAG(s) dict_keys(['example_dag_decorator']) retrieved from /home/airflow/.local/lib/python3.7/site-packages/airflow/example_dags/example_dag_decorator.py
[2025-10-05T17:32:13.531+0000] {logging_mixin.py:137} INFO - [2025-10-05T17:32:13.531+0000] {dag.py:2690} INFO - Sync 1 DAGs
[2025-10-05T17:32:13.557+0000] {logging_mixin.py:137} INFO - [2025-10-05T17:32:13.557+0000] {dag.py:3441} INFO - Setting next_dagrun for example_dag_decorator to None, run_after=None
[2025-10-05T17:32:13.582+0000] {processor.py:175} INFO - Processing /home/airflow/.local/lib/python3.7/site-packages/airflow/example_dags/example_dag_decorator.py took 0.165 seconds
[2025-10-05T17:32:44.274+0000] {processor.py:153} INFO - Started process (PID=2652) to work on /home/airflow/.local/lib/python3.7/site-packages/airflow/example_dags/example_dag_decorator.py
[2025-10-05T17:32:44.275+0000] {processor.py:743} INFO - Processing file /home/airflow/.local/lib/python3.7/site-packages/airflow/example_dags/example_dag_decorator.py for tasks to queue
[2025-10-05T17:32:44.276+0000] {logging_mixin.py:137} INFO - [2025-10-05T17:32:44.276+0000] {dagbag.py:538} INFO - Filling up the DagBag from /home/airflow/.local/lib/python3.7/site-packages/airflow/example_dags/example_dag_decorator.py
[2025-10-05T17:32:44.302+0000] {logging_mixin.py:137} INFO - [2025-10-05T17:32:44.302+0000] {taskmixin.py:205} WARNING - Dependency <Task(_PythonDecoratedOperator): prepare_email>, send_email already registered for DAG: example_dag_decorator
[2025-10-05T17:32:44.303+0000] {logging_mixin.py:137} INFO - [2025-10-05T17:32:44.303+0000] {taskmixin.py:205} WARNING - Dependency <Task(EmailOperator): send_email>, prepare_email already registered for DAG: example_dag_decorator
[2025-10-05T17:32:44.318+0000] {processor.py:753} INFO - DAG(s) dict_keys(['example_dag_decorator']) retrieved from /home/airflow/.local/lib/python3.7/site-packages/airflow/example_dags/example_dag_decorator.py
[2025-10-05T17:32:44.395+0000] {logging_mixin.py:137} INFO - [2025-10-05T17:32:44.395+0000] {dag.py:2690} INFO - Sync 1 DAGs
[2025-10-05T17:32:44.426+0000] {logging_mixin.py:137} INFO - [2025-10-05T17:32:44.426+0000] {dag.py:3441} INFO - Setting next_dagrun for example_dag_decorator to None, run_after=None
[2025-10-05T17:32:44.454+0000] {processor.py:175} INFO - Processing /home/airflow/.local/lib/python3.7/site-packages/airflow/example_dags/example_dag_decorator.py took 0.185 seconds
[2025-10-05T17:33:14.780+0000] {processor.py:153} INFO - Started process (PID=2741) to work on /home/airflow/.local/lib/python3.7/site-packages/airflow/example_dags/example_dag_decorator.py
[2025-10-05T17:33:14.782+0000] {processor.py:743} INFO - Processing file /home/airflow/.local/lib/python3.7/site-packages/airflow/example_dags/example_dag_decorator.py for tasks to queue
[2025-10-05T17:33:14.783+0000] {logging_mixin.py:137} INFO - [2025-10-05T17:33:14.783+0000] {dagbag.py:538} INFO - Filling up the DagBag from /home/airflow/.local/lib/python3.7/site-packages/airflow/example_dags/example_dag_decorator.py
[2025-10-05T17:33:14.804+0000] {logging_mixin.py:137} INFO - [2025-10-05T17:33:14.804+0000] {taskmixin.py:205} WARNING - Dependency <Task(_PythonDecoratedOperator): prepare_email>, send_email already registered for DAG: example_dag_decorator
[2025-10-05T17:33:14.805+0000] {logging_mixin.py:137} INFO - [2025-10-05T17:33:14.804+0000] {taskmixin.py:205} WARNING - Dependency <Task(EmailOperator): send_email>, prepare_email already registered for DAG: example_dag_decorator
[2025-10-05T17:33:14.819+0000] {processor.py:753} INFO - DAG(s) dict_keys(['example_dag_decorator']) retrieved from /home/airflow/.local/lib/python3.7/site-packages/airflow/example_dags/example_dag_decorator.py
[2025-10-05T17:33:14.887+0000] {logging_mixin.py:137} INFO - [2025-10-05T17:33:14.887+0000] {dag.py:2690} INFO - Sync 1 DAGs
[2025-10-05T17:33:14.911+0000] {logging_mixin.py:137} INFO - [2025-10-05T17:33:14.911+0000] {dag.py:3441} INFO - Setting next_dagrun for example_dag_decorator to None, run_after=None
[2025-10-05T17:33:14.937+0000] {processor.py:175} INFO - Processing /home/airflow/.local/lib/python3.7/site-packages/airflow/example_dags/example_dag_decorator.py took 0.161 seconds
[2025-10-05T17:33:45.160+0000] {processor.py:153} INFO - Started process (PID=2830) to work on /home/airflow/.local/lib/python3.7/site-packages/airflow/example_dags/example_dag_decorator.py
[2025-10-05T17:33:45.161+0000] {processor.py:743} INFO - Processing file /home/airflow/.local/lib/python3.7/site-packages/airflow/example_dags/example_dag_decorator.py for tasks to queue
[2025-10-05T17:33:45.163+0000] {logging_mixin.py:137} INFO - [2025-10-05T17:33:45.163+0000] {dagbag.py:538} INFO - Filling up the DagBag from /home/airflow/.local/lib/python3.7/site-packages/airflow/example_dags/example_dag_decorator.py
[2025-10-05T17:33:45.185+0000] {logging_mixin.py:137} INFO - [2025-10-05T17:33:45.185+0000] {taskmixin.py:205} WARNING - Dependency <Task(_PythonDecoratedOperator): prepare_email>, send_email already registered for DAG: example_dag_decorator
[2025-10-05T17:33:45.186+0000] {logging_mixin.py:137} INFO - [2025-10-05T17:33:45.186+0000] {taskmixin.py:205} WARNING - Dependency <Task(EmailOperator): send_email>, prepare_email already registered for DAG: example_dag_decorator
[2025-10-05T17:33:45.202+0000] {processor.py:753} INFO - DAG(s) dict_keys(['example_dag_decorator']) retrieved from /home/airflow/.local/lib/python3.7/site-packages/airflow/example_dags/example_dag_decorator.py
[2025-10-05T17:33:45.292+0000] {logging_mixin.py:137} INFO - [2025-10-05T17:33:45.292+0000] {dag.py:2690} INFO - Sync 1 DAGs
[2025-10-05T17:33:45.319+0000] {logging_mixin.py:137} INFO - [2025-10-05T17:33:45.319+0000] {dag.py:3441} INFO - Setting next_dagrun for example_dag_decorator to None, run_after=None
[2025-10-05T17:33:45.347+0000] {processor.py:175} INFO - Processing /home/airflow/.local/lib/python3.7/site-packages/airflow/example_dags/example_dag_decorator.py took 0.192 seconds
[2025-10-05T17:34:15.879+0000] {processor.py:153} INFO - Started process (PID=2942) to work on /home/airflow/.local/lib/python3.7/site-packages/airflow/example_dags/example_dag_decorator.py
[2025-10-05T17:34:15.880+0000] {processor.py:743} INFO - Processing file /home/airflow/.local/lib/python3.7/site-packages/airflow/example_dags/example_dag_decorator.py for tasks to queue
[2025-10-05T17:34:15.881+0000] {logging_mixin.py:137} INFO - [2025-10-05T17:34:15.881+0000] {dagbag.py:538} INFO - Filling up the DagBag from /home/airflow/.local/lib/python3.7/site-packages/airflow/example_dags/example_dag_decorator.py
[2025-10-05T17:34:15.902+0000] {logging_mixin.py:137} INFO - [2025-10-05T17:34:15.902+0000] {taskmixin.py:205} WARNING - Dependency <Task(_PythonDecoratedOperator): prepare_email>, send_email already registered for DAG: example_dag_decorator
[2025-10-05T17:34:15.903+0000] {logging_mixin.py:137} INFO - [2025-10-05T17:34:15.903+0000] {taskmixin.py:205} WARNING - Dependency <Task(EmailOperator): send_email>, prepare_email already registered for DAG: example_dag_decorator
[2025-10-05T17:34:15.918+0000] {processor.py:753} INFO - DAG(s) dict_keys(['example_dag_decorator']) retrieved from /home/airflow/.local/lib/python3.7/site-packages/airflow/example_dags/example_dag_decorator.py
[2025-10-05T17:34:15.999+0000] {logging_mixin.py:137} INFO - [2025-10-05T17:34:15.999+0000] {dag.py:2690} INFO - Sync 1 DAGs
[2025-10-05T17:34:16.026+0000] {logging_mixin.py:137} INFO - [2025-10-05T17:34:16.025+0000] {dag.py:3441} INFO - Setting next_dagrun for example_dag_decorator to None, run_after=None
[2025-10-05T17:34:16.055+0000] {processor.py:175} INFO - Processing /home/airflow/.local/lib/python3.7/site-packages/airflow/example_dags/example_dag_decorator.py took 0.180 seconds
[2025-10-05T17:34:46.155+0000] {processor.py:153} INFO - Started process (PID=3031) to work on /home/airflow/.local/lib/python3.7/site-packages/airflow/example_dags/example_dag_decorator.py
[2025-10-05T17:34:46.157+0000] {processor.py:743} INFO - Processing file /home/airflow/.local/lib/python3.7/site-packages/airflow/example_dags/example_dag_decorator.py for tasks to queue
[2025-10-05T17:34:46.158+0000] {logging_mixin.py:137} INFO - [2025-10-05T17:34:46.158+0000] {dagbag.py:538} INFO - Filling up the DagBag from /home/airflow/.local/lib/python3.7/site-packages/airflow/example_dags/example_dag_decorator.py
[2025-10-05T17:34:46.177+0000] {logging_mixin.py:137} INFO - [2025-10-05T17:34:46.177+0000] {taskmixin.py:205} WARNING - Dependency <Task(_PythonDecoratedOperator): prepare_email>, send_email already registered for DAG: example_dag_decorator
[2025-10-05T17:34:46.178+0000] {logging_mixin.py:137} INFO - [2025-10-05T17:34:46.178+0000] {taskmixin.py:205} WARNING - Dependency <Task(EmailOperator): send_email>, prepare_email already registered for DAG: example_dag_decorator
[2025-10-05T17:34:46.193+0000] {processor.py:753} INFO - DAG(s) dict_keys(['example_dag_decorator']) retrieved from /home/airflow/.local/lib/python3.7/site-packages/airflow/example_dags/example_dag_decorator.py
[2025-10-05T17:34:46.269+0000] {logging_mixin.py:137} INFO - [2025-10-05T17:34:46.269+0000] {dag.py:2690} INFO - Sync 1 DAGs
[2025-10-05T17:34:46.294+0000] {logging_mixin.py:137} INFO - [2025-10-05T17:34:46.294+0000] {dag.py:3441} INFO - Setting next_dagrun for example_dag_decorator to None, run_after=None
[2025-10-05T17:34:46.319+0000] {processor.py:175} INFO - Processing /home/airflow/.local/lib/python3.7/site-packages/airflow/example_dags/example_dag_decorator.py took 0.167 seconds
[2025-10-05T17:35:16.662+0000] {processor.py:153} INFO - Started process (PID=3120) to work on /home/airflow/.local/lib/python3.7/site-packages/airflow/example_dags/example_dag_decorator.py
[2025-10-05T17:35:16.664+0000] {processor.py:743} INFO - Processing file /home/airflow/.local/lib/python3.7/site-packages/airflow/example_dags/example_dag_decorator.py for tasks to queue
[2025-10-05T17:35:16.665+0000] {logging_mixin.py:137} INFO - [2025-10-05T17:35:16.665+0000] {dagbag.py:538} INFO - Filling up the DagBag from /home/airflow/.local/lib/python3.7/site-packages/airflow/example_dags/example_dag_decorator.py
[2025-10-05T17:35:16.685+0000] {logging_mixin.py:137} INFO - [2025-10-05T17:35:16.685+0000] {taskmixin.py:205} WARNING - Dependency <Task(_PythonDecoratedOperator): prepare_email>, send_email already registered for DAG: example_dag_decorator
[2025-10-05T17:35:16.686+0000] {logging_mixin.py:137} INFO - [2025-10-05T17:35:16.686+0000] {taskmixin.py:205} WARNING - Dependency <Task(EmailOperator): send_email>, prepare_email already registered for DAG: example_dag_decorator
[2025-10-05T17:35:16.700+0000] {processor.py:753} INFO - DAG(s) dict_keys(['example_dag_decorator']) retrieved from /home/airflow/.local/lib/python3.7/site-packages/airflow/example_dags/example_dag_decorator.py
[2025-10-05T17:35:16.784+0000] {logging_mixin.py:137} INFO - [2025-10-05T17:35:16.783+0000] {dag.py:2690} INFO - Sync 1 DAGs
[2025-10-05T17:35:16.810+0000] {logging_mixin.py:137} INFO - [2025-10-05T17:35:16.810+0000] {dag.py:3441} INFO - Setting next_dagrun for example_dag_decorator to None, run_after=None
[2025-10-05T17:35:16.837+0000] {processor.py:175} INFO - Processing /home/airflow/.local/lib/python3.7/site-packages/airflow/example_dags/example_dag_decorator.py took 0.179 seconds
[2025-10-05T17:35:47.177+0000] {processor.py:153} INFO - Started process (PID=3233) to work on /home/airflow/.local/lib/python3.7/site-packages/airflow/example_dags/example_dag_decorator.py
[2025-10-05T17:35:47.179+0000] {processor.py:743} INFO - Processing file /home/airflow/.local/lib/python3.7/site-packages/airflow/example_dags/example_dag_decorator.py for tasks to queue
[2025-10-05T17:35:47.180+0000] {logging_mixin.py:137} INFO - [2025-10-05T17:35:47.180+0000] {dagbag.py:538} INFO - Filling up the DagBag from /home/airflow/.local/lib/python3.7/site-packages/airflow/example_dags/example_dag_decorator.py
[2025-10-05T17:35:47.197+0000] {logging_mixin.py:137} INFO - [2025-10-05T17:35:47.197+0000] {taskmixin.py:205} WARNING - Dependency <Task(_PythonDecoratedOperator): prepare_email>, send_email already registered for DAG: example_dag_decorator
[2025-10-05T17:35:47.198+0000] {logging_mixin.py:137} INFO - [2025-10-05T17:35:47.198+0000] {taskmixin.py:205} WARNING - Dependency <Task(EmailOperator): send_email>, prepare_email already registered for DAG: example_dag_decorator
[2025-10-05T17:35:47.211+0000] {processor.py:753} INFO - DAG(s) dict_keys(['example_dag_decorator']) retrieved from /home/airflow/.local/lib/python3.7/site-packages/airflow/example_dags/example_dag_decorator.py
[2025-10-05T17:35:47.284+0000] {logging_mixin.py:137} INFO - [2025-10-05T17:35:47.284+0000] {dag.py:2690} INFO - Sync 1 DAGs
[2025-10-05T17:35:47.309+0000] {logging_mixin.py:137} INFO - [2025-10-05T17:35:47.309+0000] {dag.py:3441} INFO - Setting next_dagrun for example_dag_decorator to None, run_after=None
[2025-10-05T17:35:47.335+0000] {processor.py:175} INFO - Processing /home/airflow/.local/lib/python3.7/site-packages/airflow/example_dags/example_dag_decorator.py took 0.162 seconds
[2025-10-05T17:36:18.031+0000] {processor.py:153} INFO - Started process (PID=3322) to work on /home/airflow/.local/lib/python3.7/site-packages/airflow/example_dags/example_dag_decorator.py
[2025-10-05T17:36:18.033+0000] {processor.py:743} INFO - Processing file /home/airflow/.local/lib/python3.7/site-packages/airflow/example_dags/example_dag_decorator.py for tasks to queue
[2025-10-05T17:36:18.035+0000] {logging_mixin.py:137} INFO - [2025-10-05T17:36:18.035+0000] {dagbag.py:538} INFO - Filling up the DagBag from /home/airflow/.local/lib/python3.7/site-packages/airflow/example_dags/example_dag_decorator.py
[2025-10-05T17:36:18.066+0000] {logging_mixin.py:137} INFO - [2025-10-05T17:36:18.065+0000] {taskmixin.py:205} WARNING - Dependency <Task(_PythonDecoratedOperator): prepare_email>, send_email already registered for DAG: example_dag_decorator
[2025-10-05T17:36:18.067+0000] {logging_mixin.py:137} INFO - [2025-10-05T17:36:18.066+0000] {taskmixin.py:205} WARNING - Dependency <Task(EmailOperator): send_email>, prepare_email already registered for DAG: example_dag_decorator
[2025-10-05T17:36:18.081+0000] {processor.py:753} INFO - DAG(s) dict_keys(['example_dag_decorator']) retrieved from /home/airflow/.local/lib/python3.7/site-packages/airflow/example_dags/example_dag_decorator.py
[2025-10-05T17:36:18.170+0000] {logging_mixin.py:137} INFO - [2025-10-05T17:36:18.170+0000] {dag.py:2690} INFO - Sync 1 DAGs
[2025-10-05T17:36:18.206+0000] {logging_mixin.py:137} INFO - [2025-10-05T17:36:18.205+0000] {dag.py:3441} INFO - Setting next_dagrun for example_dag_decorator to None, run_after=None
[2025-10-05T17:36:18.245+0000] {processor.py:175} INFO - Processing /home/airflow/.local/lib/python3.7/site-packages/airflow/example_dags/example_dag_decorator.py took 0.224 seconds
[2025-10-05T17:36:48.715+0000] {processor.py:153} INFO - Started process (PID=3436) to work on /home/airflow/.local/lib/python3.7/site-packages/airflow/example_dags/example_dag_decorator.py
[2025-10-05T17:36:48.717+0000] {processor.py:743} INFO - Processing file /home/airflow/.local/lib/python3.7/site-packages/airflow/example_dags/example_dag_decorator.py for tasks to queue
[2025-10-05T17:36:48.719+0000] {logging_mixin.py:137} INFO - [2025-10-05T17:36:48.718+0000] {dagbag.py:538} INFO - Filling up the DagBag from /home/airflow/.local/lib/python3.7/site-packages/airflow/example_dags/example_dag_decorator.py
[2025-10-05T17:36:48.747+0000] {logging_mixin.py:137} INFO - [2025-10-05T17:36:48.747+0000] {taskmixin.py:205} WARNING - Dependency <Task(_PythonDecoratedOperator): prepare_email>, send_email already registered for DAG: example_dag_decorator
[2025-10-05T17:36:48.748+0000] {logging_mixin.py:137} INFO - [2025-10-05T17:36:48.748+0000] {taskmixin.py:205} WARNING - Dependency <Task(EmailOperator): send_email>, prepare_email already registered for DAG: example_dag_decorator
[2025-10-05T17:36:48.767+0000] {processor.py:753} INFO - DAG(s) dict_keys(['example_dag_decorator']) retrieved from /home/airflow/.local/lib/python3.7/site-packages/airflow/example_dags/example_dag_decorator.py
[2025-10-05T17:36:48.915+0000] {logging_mixin.py:137} INFO - [2025-10-05T17:36:48.915+0000] {dag.py:2690} INFO - Sync 1 DAGs
[2025-10-05T17:36:48.957+0000] {logging_mixin.py:137} INFO - [2025-10-05T17:36:48.956+0000] {dag.py:3441} INFO - Setting next_dagrun for example_dag_decorator to None, run_after=None
[2025-10-05T17:36:48.986+0000] {processor.py:175} INFO - Processing /home/airflow/.local/lib/python3.7/site-packages/airflow/example_dags/example_dag_decorator.py took 0.276 seconds
