[2025-10-05T17:19:27.604+0000] {processor.py:153} INFO - Started process (PID=99) to work on /home/airflow/.local/lib/python3.7/site-packages/airflow/example_dags/example_external_task_marker_dag.py
[2025-10-05T17:19:27.606+0000] {processor.py:743} INFO - Processing file /home/airflow/.local/lib/python3.7/site-packages/airflow/example_dags/example_external_task_marker_dag.py for tasks to queue
[2025-10-05T17:19:27.608+0000] {logging_mixin.py:137} INFO - [2025-10-05T17:19:27.607+0000] {dagbag.py:538} INFO - Filling up the DagBag from /home/airflow/.local/lib/python3.7/site-packages/airflow/example_dags/example_external_task_marker_dag.py
[2025-10-05T17:19:27.631+0000] {processor.py:753} INFO - DAG(s) dict_keys(['example_external_task_marker_parent', 'example_external_task_marker_child']) retrieved from /home/airflow/.local/lib/python3.7/site-packages/airflow/example_dags/example_external_task_marker_dag.py
[2025-10-05T17:19:27.679+0000] {logging_mixin.py:137} INFO - [2025-10-05T17:19:27.679+0000] {dag.py:2690} INFO - Sync 2 DAGs
[2025-10-05T17:19:27.714+0000] {logging_mixin.py:137} INFO - [2025-10-05T17:19:27.714+0000] {dag.py:3441} INFO - Setting next_dagrun for example_external_task_marker_child to None, run_after=None
[2025-10-05T17:19:27.720+0000] {logging_mixin.py:137} INFO - [2025-10-05T17:19:27.720+0000] {dag.py:3441} INFO - Setting next_dagrun for example_external_task_marker_parent to None, run_after=None
[2025-10-05T17:19:27.749+0000] {processor.py:175} INFO - Processing /home/airflow/.local/lib/python3.7/site-packages/airflow/example_dags/example_external_task_marker_dag.py took 0.150 seconds
[2025-10-05T17:19:58.116+0000] {processor.py:153} INFO - Started process (PID=188) to work on /home/airflow/.local/lib/python3.7/site-packages/airflow/example_dags/example_external_task_marker_dag.py
[2025-10-05T17:19:58.118+0000] {processor.py:743} INFO - Processing file /home/airflow/.local/lib/python3.7/site-packages/airflow/example_dags/example_external_task_marker_dag.py for tasks to queue
[2025-10-05T17:19:58.119+0000] {logging_mixin.py:137} INFO - [2025-10-05T17:19:58.119+0000] {dagbag.py:538} INFO - Filling up the DagBag from /home/airflow/.local/lib/python3.7/site-packages/airflow/example_dags/example_external_task_marker_dag.py
[2025-10-05T17:19:58.140+0000] {processor.py:753} INFO - DAG(s) dict_keys(['example_external_task_marker_parent', 'example_external_task_marker_child']) retrieved from /home/airflow/.local/lib/python3.7/site-packages/airflow/example_dags/example_external_task_marker_dag.py
[2025-10-05T17:19:58.180+0000] {logging_mixin.py:137} INFO - [2025-10-05T17:19:58.180+0000] {dag.py:2690} INFO - Sync 2 DAGs
[2025-10-05T17:19:58.212+0000] {logging_mixin.py:137} INFO - [2025-10-05T17:19:58.212+0000] {dag.py:3441} INFO - Setting next_dagrun for example_external_task_marker_child to None, run_after=None
[2025-10-05T17:19:58.217+0000] {logging_mixin.py:137} INFO - [2025-10-05T17:19:58.216+0000] {dag.py:3441} INFO - Setting next_dagrun for example_external_task_marker_parent to None, run_after=None
[2025-10-05T17:19:58.245+0000] {processor.py:175} INFO - Processing /home/airflow/.local/lib/python3.7/site-packages/airflow/example_dags/example_external_task_marker_dag.py took 0.135 seconds
[2025-10-05T17:20:28.808+0000] {processor.py:153} INFO - Started process (PID=301) to work on /home/airflow/.local/lib/python3.7/site-packages/airflow/example_dags/example_external_task_marker_dag.py
[2025-10-05T17:20:28.810+0000] {processor.py:743} INFO - Processing file /home/airflow/.local/lib/python3.7/site-packages/airflow/example_dags/example_external_task_marker_dag.py for tasks to queue
[2025-10-05T17:20:28.811+0000] {logging_mixin.py:137} INFO - [2025-10-05T17:20:28.811+0000] {dagbag.py:538} INFO - Filling up the DagBag from /home/airflow/.local/lib/python3.7/site-packages/airflow/example_dags/example_external_task_marker_dag.py
[2025-10-05T17:20:28.828+0000] {processor.py:753} INFO - DAG(s) dict_keys(['example_external_task_marker_parent', 'example_external_task_marker_child']) retrieved from /home/airflow/.local/lib/python3.7/site-packages/airflow/example_dags/example_external_task_marker_dag.py
[2025-10-05T17:20:28.864+0000] {logging_mixin.py:137} INFO - [2025-10-05T17:20:28.864+0000] {dag.py:2690} INFO - Sync 2 DAGs
[2025-10-05T17:20:28.894+0000] {logging_mixin.py:137} INFO - [2025-10-05T17:20:28.893+0000] {dag.py:3441} INFO - Setting next_dagrun for example_external_task_marker_child to None, run_after=None
[2025-10-05T17:20:28.899+0000] {logging_mixin.py:137} INFO - [2025-10-05T17:20:28.898+0000] {dag.py:3441} INFO - Setting next_dagrun for example_external_task_marker_parent to None, run_after=None
[2025-10-05T17:20:28.920+0000] {processor.py:175} INFO - Processing /home/airflow/.local/lib/python3.7/site-packages/airflow/example_dags/example_external_task_marker_dag.py took 0.116 seconds
[2025-10-05T17:20:59.755+0000] {processor.py:153} INFO - Started process (PID=390) to work on /home/airflow/.local/lib/python3.7/site-packages/airflow/example_dags/example_external_task_marker_dag.py
[2025-10-05T17:20:59.757+0000] {processor.py:743} INFO - Processing file /home/airflow/.local/lib/python3.7/site-packages/airflow/example_dags/example_external_task_marker_dag.py for tasks to queue
[2025-10-05T17:20:59.758+0000] {logging_mixin.py:137} INFO - [2025-10-05T17:20:59.758+0000] {dagbag.py:538} INFO - Filling up the DagBag from /home/airflow/.local/lib/python3.7/site-packages/airflow/example_dags/example_external_task_marker_dag.py
[2025-10-05T17:20:59.781+0000] {processor.py:753} INFO - DAG(s) dict_keys(['example_external_task_marker_parent', 'example_external_task_marker_child']) retrieved from /home/airflow/.local/lib/python3.7/site-packages/airflow/example_dags/example_external_task_marker_dag.py
[2025-10-05T17:20:59.823+0000] {logging_mixin.py:137} INFO - [2025-10-05T17:20:59.823+0000] {dag.py:2690} INFO - Sync 2 DAGs
[2025-10-05T17:20:59.864+0000] {logging_mixin.py:137} INFO - [2025-10-05T17:20:59.864+0000] {dag.py:3441} INFO - Setting next_dagrun for example_external_task_marker_child to None, run_after=None
[2025-10-05T17:20:59.870+0000] {logging_mixin.py:137} INFO - [2025-10-05T17:20:59.870+0000] {dag.py:3441} INFO - Setting next_dagrun for example_external_task_marker_parent to None, run_after=None
[2025-10-05T17:20:59.899+0000] {processor.py:175} INFO - Processing /home/airflow/.local/lib/python3.7/site-packages/airflow/example_dags/example_external_task_marker_dag.py took 0.149 seconds
[2025-10-05T17:21:31.229+0000] {processor.py:153} INFO - Started process (PID=503) to work on /home/airflow/.local/lib/python3.7/site-packages/airflow/example_dags/example_external_task_marker_dag.py
[2025-10-05T17:21:31.231+0000] {processor.py:743} INFO - Processing file /home/airflow/.local/lib/python3.7/site-packages/airflow/example_dags/example_external_task_marker_dag.py for tasks to queue
[2025-10-05T17:21:31.232+0000] {logging_mixin.py:137} INFO - [2025-10-05T17:21:31.232+0000] {dagbag.py:538} INFO - Filling up the DagBag from /home/airflow/.local/lib/python3.7/site-packages/airflow/example_dags/example_external_task_marker_dag.py
[2025-10-05T17:21:31.253+0000] {processor.py:753} INFO - DAG(s) dict_keys(['example_external_task_marker_child', 'example_external_task_marker_parent']) retrieved from /home/airflow/.local/lib/python3.7/site-packages/airflow/example_dags/example_external_task_marker_dag.py
[2025-10-05T17:21:31.297+0000] {logging_mixin.py:137} INFO - [2025-10-05T17:21:31.297+0000] {dag.py:2690} INFO - Sync 2 DAGs
[2025-10-05T17:21:31.336+0000] {logging_mixin.py:137} INFO - [2025-10-05T17:21:31.336+0000] {dag.py:3441} INFO - Setting next_dagrun for example_external_task_marker_child to None, run_after=None
[2025-10-05T17:21:31.341+0000] {logging_mixin.py:137} INFO - [2025-10-05T17:21:31.341+0000] {dag.py:3441} INFO - Setting next_dagrun for example_external_task_marker_parent to None, run_after=None
[2025-10-05T17:21:31.367+0000] {processor.py:175} INFO - Processing /home/airflow/.local/lib/python3.7/site-packages/airflow/example_dags/example_external_task_marker_dag.py took 0.143 seconds
[2025-10-05T17:22:01.533+0000] {processor.py:153} INFO - Started process (PID=592) to work on /home/airflow/.local/lib/python3.7/site-packages/airflow/example_dags/example_external_task_marker_dag.py
[2025-10-05T17:22:01.535+0000] {processor.py:743} INFO - Processing file /home/airflow/.local/lib/python3.7/site-packages/airflow/example_dags/example_external_task_marker_dag.py for tasks to queue
[2025-10-05T17:22:01.536+0000] {logging_mixin.py:137} INFO - [2025-10-05T17:22:01.535+0000] {dagbag.py:538} INFO - Filling up the DagBag from /home/airflow/.local/lib/python3.7/site-packages/airflow/example_dags/example_external_task_marker_dag.py
[2025-10-05T17:22:01.552+0000] {processor.py:753} INFO - DAG(s) dict_keys(['example_external_task_marker_child', 'example_external_task_marker_parent']) retrieved from /home/airflow/.local/lib/python3.7/site-packages/airflow/example_dags/example_external_task_marker_dag.py
[2025-10-05T17:22:01.589+0000] {logging_mixin.py:137} INFO - [2025-10-05T17:22:01.589+0000] {dag.py:2690} INFO - Sync 2 DAGs
[2025-10-05T17:22:01.619+0000] {logging_mixin.py:137} INFO - [2025-10-05T17:22:01.619+0000] {dag.py:3441} INFO - Setting next_dagrun for example_external_task_marker_child to None, run_after=None
[2025-10-05T17:22:01.625+0000] {logging_mixin.py:137} INFO - [2025-10-05T17:22:01.625+0000] {dag.py:3441} INFO - Setting next_dagrun for example_external_task_marker_parent to None, run_after=None
[2025-10-05T17:22:01.652+0000] {processor.py:175} INFO - Processing /home/airflow/.local/lib/python3.7/site-packages/airflow/example_dags/example_external_task_marker_dag.py took 0.123 seconds
[2025-10-05T17:22:31.974+0000] {processor.py:153} INFO - Started process (PID=681) to work on /home/airflow/.local/lib/python3.7/site-packages/airflow/example_dags/example_external_task_marker_dag.py
[2025-10-05T17:22:31.976+0000] {processor.py:743} INFO - Processing file /home/airflow/.local/lib/python3.7/site-packages/airflow/example_dags/example_external_task_marker_dag.py for tasks to queue
[2025-10-05T17:22:31.977+0000] {logging_mixin.py:137} INFO - [2025-10-05T17:22:31.977+0000] {dagbag.py:538} INFO - Filling up the DagBag from /home/airflow/.local/lib/python3.7/site-packages/airflow/example_dags/example_external_task_marker_dag.py
[2025-10-05T17:22:31.994+0000] {processor.py:753} INFO - DAG(s) dict_keys(['example_external_task_marker_parent', 'example_external_task_marker_child']) retrieved from /home/airflow/.local/lib/python3.7/site-packages/airflow/example_dags/example_external_task_marker_dag.py
[2025-10-05T17:22:32.030+0000] {logging_mixin.py:137} INFO - [2025-10-05T17:22:32.030+0000] {dag.py:2690} INFO - Sync 2 DAGs
[2025-10-05T17:22:32.061+0000] {logging_mixin.py:137} INFO - [2025-10-05T17:22:32.061+0000] {dag.py:3441} INFO - Setting next_dagrun for example_external_task_marker_child to None, run_after=None
[2025-10-05T17:22:32.066+0000] {logging_mixin.py:137} INFO - [2025-10-05T17:22:32.065+0000] {dag.py:3441} INFO - Setting next_dagrun for example_external_task_marker_parent to None, run_after=None
[2025-10-05T17:22:32.090+0000] {processor.py:175} INFO - Processing /home/airflow/.local/lib/python3.7/site-packages/airflow/example_dags/example_external_task_marker_dag.py took 0.120 seconds
[2025-10-05T17:23:02.542+0000] {processor.py:153} INFO - Started process (PID=794) to work on /home/airflow/.local/lib/python3.7/site-packages/airflow/example_dags/example_external_task_marker_dag.py
[2025-10-05T17:23:02.544+0000] {processor.py:743} INFO - Processing file /home/airflow/.local/lib/python3.7/site-packages/airflow/example_dags/example_external_task_marker_dag.py for tasks to queue
[2025-10-05T17:23:02.545+0000] {logging_mixin.py:137} INFO - [2025-10-05T17:23:02.545+0000] {dagbag.py:538} INFO - Filling up the DagBag from /home/airflow/.local/lib/python3.7/site-packages/airflow/example_dags/example_external_task_marker_dag.py
[2025-10-05T17:23:02.561+0000] {processor.py:753} INFO - DAG(s) dict_keys(['example_external_task_marker_parent', 'example_external_task_marker_child']) retrieved from /home/airflow/.local/lib/python3.7/site-packages/airflow/example_dags/example_external_task_marker_dag.py
[2025-10-05T17:23:02.599+0000] {logging_mixin.py:137} INFO - [2025-10-05T17:23:02.598+0000] {dag.py:2690} INFO - Sync 2 DAGs
[2025-10-05T17:23:02.628+0000] {logging_mixin.py:137} INFO - [2025-10-05T17:23:02.628+0000] {dag.py:3441} INFO - Setting next_dagrun for example_external_task_marker_child to None, run_after=None
[2025-10-05T17:23:02.633+0000] {logging_mixin.py:137} INFO - [2025-10-05T17:23:02.633+0000] {dag.py:3441} INFO - Setting next_dagrun for example_external_task_marker_parent to None, run_after=None
[2025-10-05T17:23:02.657+0000] {processor.py:175} INFO - Processing /home/airflow/.local/lib/python3.7/site-packages/airflow/example_dags/example_external_task_marker_dag.py took 0.120 seconds
[2025-10-05T17:23:33.256+0000] {processor.py:153} INFO - Started process (PID=884) to work on /home/airflow/.local/lib/python3.7/site-packages/airflow/example_dags/example_external_task_marker_dag.py
[2025-10-05T17:23:33.258+0000] {processor.py:743} INFO - Processing file /home/airflow/.local/lib/python3.7/site-packages/airflow/example_dags/example_external_task_marker_dag.py for tasks to queue
[2025-10-05T17:23:33.259+0000] {logging_mixin.py:137} INFO - [2025-10-05T17:23:33.258+0000] {dagbag.py:538} INFO - Filling up the DagBag from /home/airflow/.local/lib/python3.7/site-packages/airflow/example_dags/example_external_task_marker_dag.py
[2025-10-05T17:23:33.274+0000] {processor.py:753} INFO - DAG(s) dict_keys(['example_external_task_marker_child', 'example_external_task_marker_parent']) retrieved from /home/airflow/.local/lib/python3.7/site-packages/airflow/example_dags/example_external_task_marker_dag.py
[2025-10-05T17:23:33.309+0000] {logging_mixin.py:137} INFO - [2025-10-05T17:23:33.309+0000] {dag.py:2690} INFO - Sync 2 DAGs
[2025-10-05T17:23:33.336+0000] {logging_mixin.py:137} INFO - [2025-10-05T17:23:33.336+0000] {dag.py:3441} INFO - Setting next_dagrun for example_external_task_marker_child to None, run_after=None
[2025-10-05T17:23:33.341+0000] {logging_mixin.py:137} INFO - [2025-10-05T17:23:33.340+0000] {dag.py:3441} INFO - Setting next_dagrun for example_external_task_marker_parent to None, run_after=None
[2025-10-05T17:23:33.362+0000] {processor.py:175} INFO - Processing /home/airflow/.local/lib/python3.7/site-packages/airflow/example_dags/example_external_task_marker_dag.py took 0.109 seconds
[2025-10-05T17:24:04.063+0000] {processor.py:153} INFO - Started process (PID=997) to work on /home/airflow/.local/lib/python3.7/site-packages/airflow/example_dags/example_external_task_marker_dag.py
[2025-10-05T17:24:04.065+0000] {processor.py:743} INFO - Processing file /home/airflow/.local/lib/python3.7/site-packages/airflow/example_dags/example_external_task_marker_dag.py for tasks to queue
[2025-10-05T17:24:04.066+0000] {logging_mixin.py:137} INFO - [2025-10-05T17:24:04.066+0000] {dagbag.py:538} INFO - Filling up the DagBag from /home/airflow/.local/lib/python3.7/site-packages/airflow/example_dags/example_external_task_marker_dag.py
[2025-10-05T17:24:04.084+0000] {processor.py:753} INFO - DAG(s) dict_keys(['example_external_task_marker_parent', 'example_external_task_marker_child']) retrieved from /home/airflow/.local/lib/python3.7/site-packages/airflow/example_dags/example_external_task_marker_dag.py
[2025-10-05T17:24:04.120+0000] {logging_mixin.py:137} INFO - [2025-10-05T17:24:04.119+0000] {dag.py:2690} INFO - Sync 2 DAGs
[2025-10-05T17:24:04.147+0000] {logging_mixin.py:137} INFO - [2025-10-05T17:24:04.147+0000] {dag.py:3441} INFO - Setting next_dagrun for example_external_task_marker_child to None, run_after=None
[2025-10-05T17:24:04.151+0000] {logging_mixin.py:137} INFO - [2025-10-05T17:24:04.151+0000] {dag.py:3441} INFO - Setting next_dagrun for example_external_task_marker_parent to None, run_after=None
[2025-10-05T17:24:04.172+0000] {processor.py:175} INFO - Processing /home/airflow/.local/lib/python3.7/site-packages/airflow/example_dags/example_external_task_marker_dag.py took 0.113 seconds
[2025-10-05T17:24:34.548+0000] {processor.py:153} INFO - Started process (PID=1086) to work on /home/airflow/.local/lib/python3.7/site-packages/airflow/example_dags/example_external_task_marker_dag.py
[2025-10-05T17:24:34.549+0000] {processor.py:743} INFO - Processing file /home/airflow/.local/lib/python3.7/site-packages/airflow/example_dags/example_external_task_marker_dag.py for tasks to queue
[2025-10-05T17:24:34.550+0000] {logging_mixin.py:137} INFO - [2025-10-05T17:24:34.550+0000] {dagbag.py:538} INFO - Filling up the DagBag from /home/airflow/.local/lib/python3.7/site-packages/airflow/example_dags/example_external_task_marker_dag.py
[2025-10-05T17:24:34.565+0000] {processor.py:753} INFO - DAG(s) dict_keys(['example_external_task_marker_child', 'example_external_task_marker_parent']) retrieved from /home/airflow/.local/lib/python3.7/site-packages/airflow/example_dags/example_external_task_marker_dag.py
[2025-10-05T17:24:34.597+0000] {logging_mixin.py:137} INFO - [2025-10-05T17:24:34.597+0000] {dag.py:2690} INFO - Sync 2 DAGs
[2025-10-05T17:24:34.624+0000] {logging_mixin.py:137} INFO - [2025-10-05T17:24:34.624+0000] {dag.py:3441} INFO - Setting next_dagrun for example_external_task_marker_child to None, run_after=None
[2025-10-05T17:24:34.628+0000] {logging_mixin.py:137} INFO - [2025-10-05T17:24:34.628+0000] {dag.py:3441} INFO - Setting next_dagrun for example_external_task_marker_parent to None, run_after=None
[2025-10-05T17:24:34.650+0000] {processor.py:175} INFO - Processing /home/airflow/.local/lib/python3.7/site-packages/airflow/example_dags/example_external_task_marker_dag.py took 0.106 seconds
[2025-10-05T17:25:05.498+0000] {processor.py:153} INFO - Started process (PID=1184) to work on /home/airflow/.local/lib/python3.7/site-packages/airflow/example_dags/example_external_task_marker_dag.py
[2025-10-05T17:25:05.499+0000] {processor.py:743} INFO - Processing file /home/airflow/.local/lib/python3.7/site-packages/airflow/example_dags/example_external_task_marker_dag.py for tasks to queue
[2025-10-05T17:25:05.500+0000] {logging_mixin.py:137} INFO - [2025-10-05T17:25:05.500+0000] {dagbag.py:538} INFO - Filling up the DagBag from /home/airflow/.local/lib/python3.7/site-packages/airflow/example_dags/example_external_task_marker_dag.py
[2025-10-05T17:25:05.521+0000] {processor.py:753} INFO - DAG(s) dict_keys(['example_external_task_marker_parent', 'example_external_task_marker_child']) retrieved from /home/airflow/.local/lib/python3.7/site-packages/airflow/example_dags/example_external_task_marker_dag.py
[2025-10-05T17:25:05.575+0000] {logging_mixin.py:137} INFO - [2025-10-05T17:25:05.575+0000] {dag.py:2690} INFO - Sync 2 DAGs
[2025-10-05T17:25:05.614+0000] {logging_mixin.py:137} INFO - [2025-10-05T17:25:05.613+0000] {dag.py:3441} INFO - Setting next_dagrun for example_external_task_marker_child to None, run_after=None
[2025-10-05T17:25:05.618+0000] {logging_mixin.py:137} INFO - [2025-10-05T17:25:05.618+0000] {dag.py:3441} INFO - Setting next_dagrun for example_external_task_marker_parent to None, run_after=None
[2025-10-05T17:25:05.642+0000] {processor.py:175} INFO - Processing /home/airflow/.local/lib/python3.7/site-packages/airflow/example_dags/example_external_task_marker_dag.py took 0.150 seconds
[2025-10-05T17:25:36.450+0000] {processor.py:153} INFO - Started process (PID=1288) to work on /home/airflow/.local/lib/python3.7/site-packages/airflow/example_dags/example_external_task_marker_dag.py
[2025-10-05T17:25:36.451+0000] {processor.py:743} INFO - Processing file /home/airflow/.local/lib/python3.7/site-packages/airflow/example_dags/example_external_task_marker_dag.py for tasks to queue
[2025-10-05T17:25:36.452+0000] {logging_mixin.py:137} INFO - [2025-10-05T17:25:36.452+0000] {dagbag.py:538} INFO - Filling up the DagBag from /home/airflow/.local/lib/python3.7/site-packages/airflow/example_dags/example_external_task_marker_dag.py
[2025-10-05T17:25:36.468+0000] {processor.py:753} INFO - DAG(s) dict_keys(['example_external_task_marker_child', 'example_external_task_marker_parent']) retrieved from /home/airflow/.local/lib/python3.7/site-packages/airflow/example_dags/example_external_task_marker_dag.py
[2025-10-05T17:25:36.501+0000] {logging_mixin.py:137} INFO - [2025-10-05T17:25:36.501+0000] {dag.py:2690} INFO - Sync 2 DAGs
[2025-10-05T17:25:36.529+0000] {logging_mixin.py:137} INFO - [2025-10-05T17:25:36.529+0000] {dag.py:3441} INFO - Setting next_dagrun for example_external_task_marker_child to None, run_after=None
[2025-10-05T17:25:36.533+0000] {logging_mixin.py:137} INFO - [2025-10-05T17:25:36.533+0000] {dag.py:3441} INFO - Setting next_dagrun for example_external_task_marker_parent to None, run_after=None
[2025-10-05T17:25:36.557+0000] {processor.py:175} INFO - Processing /home/airflow/.local/lib/python3.7/site-packages/airflow/example_dags/example_external_task_marker_dag.py took 0.112 seconds
[2025-10-05T17:26:07.192+0000] {processor.py:153} INFO - Started process (PID=1377) to work on /home/airflow/.local/lib/python3.7/site-packages/airflow/example_dags/example_external_task_marker_dag.py
[2025-10-05T17:26:07.193+0000] {processor.py:743} INFO - Processing file /home/airflow/.local/lib/python3.7/site-packages/airflow/example_dags/example_external_task_marker_dag.py for tasks to queue
[2025-10-05T17:26:07.195+0000] {logging_mixin.py:137} INFO - [2025-10-05T17:26:07.194+0000] {dagbag.py:538} INFO - Filling up the DagBag from /home/airflow/.local/lib/python3.7/site-packages/airflow/example_dags/example_external_task_marker_dag.py
[2025-10-05T17:26:07.212+0000] {processor.py:753} INFO - DAG(s) dict_keys(['example_external_task_marker_child', 'example_external_task_marker_parent']) retrieved from /home/airflow/.local/lib/python3.7/site-packages/airflow/example_dags/example_external_task_marker_dag.py
[2025-10-05T17:26:07.253+0000] {logging_mixin.py:137} INFO - [2025-10-05T17:26:07.253+0000] {dag.py:2690} INFO - Sync 2 DAGs
[2025-10-05T17:26:07.283+0000] {logging_mixin.py:137} INFO - [2025-10-05T17:26:07.283+0000] {dag.py:3441} INFO - Setting next_dagrun for example_external_task_marker_child to None, run_after=None
[2025-10-05T17:26:07.288+0000] {logging_mixin.py:137} INFO - [2025-10-05T17:26:07.288+0000] {dag.py:3441} INFO - Setting next_dagrun for example_external_task_marker_parent to None, run_after=None
[2025-10-05T17:26:07.317+0000] {processor.py:175} INFO - Processing /home/airflow/.local/lib/python3.7/site-packages/airflow/example_dags/example_external_task_marker_dag.py took 0.130 seconds
[2025-10-05T17:26:38.284+0000] {processor.py:153} INFO - Started process (PID=1490) to work on /home/airflow/.local/lib/python3.7/site-packages/airflow/example_dags/example_external_task_marker_dag.py
[2025-10-05T17:26:38.285+0000] {processor.py:743} INFO - Processing file /home/airflow/.local/lib/python3.7/site-packages/airflow/example_dags/example_external_task_marker_dag.py for tasks to queue
[2025-10-05T17:26:38.287+0000] {logging_mixin.py:137} INFO - [2025-10-05T17:26:38.286+0000] {dagbag.py:538} INFO - Filling up the DagBag from /home/airflow/.local/lib/python3.7/site-packages/airflow/example_dags/example_external_task_marker_dag.py
[2025-10-05T17:26:38.303+0000] {processor.py:753} INFO - DAG(s) dict_keys(['example_external_task_marker_child', 'example_external_task_marker_parent']) retrieved from /home/airflow/.local/lib/python3.7/site-packages/airflow/example_dags/example_external_task_marker_dag.py
[2025-10-05T17:26:38.342+0000] {logging_mixin.py:137} INFO - [2025-10-05T17:26:38.341+0000] {dag.py:2690} INFO - Sync 2 DAGs
[2025-10-05T17:26:38.368+0000] {logging_mixin.py:137} INFO - [2025-10-05T17:26:38.368+0000] {dag.py:3441} INFO - Setting next_dagrun for example_external_task_marker_child to None, run_after=None
[2025-10-05T17:26:38.372+0000] {logging_mixin.py:137} INFO - [2025-10-05T17:26:38.372+0000] {dag.py:3441} INFO - Setting next_dagrun for example_external_task_marker_parent to None, run_after=None
[2025-10-05T17:26:38.396+0000] {processor.py:175} INFO - Processing /home/airflow/.local/lib/python3.7/site-packages/airflow/example_dags/example_external_task_marker_dag.py took 0.117 seconds
[2025-10-05T17:27:09.154+0000] {processor.py:153} INFO - Started process (PID=1579) to work on /home/airflow/.local/lib/python3.7/site-packages/airflow/example_dags/example_external_task_marker_dag.py
[2025-10-05T17:27:09.156+0000] {processor.py:743} INFO - Processing file /home/airflow/.local/lib/python3.7/site-packages/airflow/example_dags/example_external_task_marker_dag.py for tasks to queue
[2025-10-05T17:27:09.157+0000] {logging_mixin.py:137} INFO - [2025-10-05T17:27:09.157+0000] {dagbag.py:538} INFO - Filling up the DagBag from /home/airflow/.local/lib/python3.7/site-packages/airflow/example_dags/example_external_task_marker_dag.py
[2025-10-05T17:27:09.177+0000] {processor.py:753} INFO - DAG(s) dict_keys(['example_external_task_marker_parent', 'example_external_task_marker_child']) retrieved from /home/airflow/.local/lib/python3.7/site-packages/airflow/example_dags/example_external_task_marker_dag.py
[2025-10-05T17:27:09.219+0000] {logging_mixin.py:137} INFO - [2025-10-05T17:27:09.219+0000] {dag.py:2690} INFO - Sync 2 DAGs
[2025-10-05T17:27:09.252+0000] {logging_mixin.py:137} INFO - [2025-10-05T17:27:09.252+0000] {dag.py:3441} INFO - Setting next_dagrun for example_external_task_marker_child to None, run_after=None
[2025-10-05T17:27:09.257+0000] {logging_mixin.py:137} INFO - [2025-10-05T17:27:09.257+0000] {dag.py:3441} INFO - Setting next_dagrun for example_external_task_marker_parent to None, run_after=None
[2025-10-05T17:27:09.286+0000] {processor.py:175} INFO - Processing /home/airflow/.local/lib/python3.7/site-packages/airflow/example_dags/example_external_task_marker_dag.py took 0.137 seconds
[2025-10-05T17:27:40.324+0000] {processor.py:153} INFO - Started process (PID=1692) to work on /home/airflow/.local/lib/python3.7/site-packages/airflow/example_dags/example_external_task_marker_dag.py
[2025-10-05T17:27:40.325+0000] {processor.py:743} INFO - Processing file /home/airflow/.local/lib/python3.7/site-packages/airflow/example_dags/example_external_task_marker_dag.py for tasks to queue
[2025-10-05T17:27:40.327+0000] {logging_mixin.py:137} INFO - [2025-10-05T17:27:40.327+0000] {dagbag.py:538} INFO - Filling up the DagBag from /home/airflow/.local/lib/python3.7/site-packages/airflow/example_dags/example_external_task_marker_dag.py
[2025-10-05T17:27:40.346+0000] {processor.py:753} INFO - DAG(s) dict_keys(['example_external_task_marker_parent', 'example_external_task_marker_child']) retrieved from /home/airflow/.local/lib/python3.7/site-packages/airflow/example_dags/example_external_task_marker_dag.py
[2025-10-05T17:27:40.392+0000] {logging_mixin.py:137} INFO - [2025-10-05T17:27:40.392+0000] {dag.py:2690} INFO - Sync 2 DAGs
[2025-10-05T17:27:40.429+0000] {logging_mixin.py:137} INFO - [2025-10-05T17:27:40.429+0000] {dag.py:3441} INFO - Setting next_dagrun for example_external_task_marker_child to None, run_after=None
[2025-10-05T17:27:40.434+0000] {logging_mixin.py:137} INFO - [2025-10-05T17:27:40.433+0000] {dag.py:3441} INFO - Setting next_dagrun for example_external_task_marker_parent to None, run_after=None
[2025-10-05T17:27:40.459+0000] {processor.py:175} INFO - Processing /home/airflow/.local/lib/python3.7/site-packages/airflow/example_dags/example_external_task_marker_dag.py took 0.140 seconds
[2025-10-05T17:28:11.138+0000] {processor.py:153} INFO - Started process (PID=1782) to work on /home/airflow/.local/lib/python3.7/site-packages/airflow/example_dags/example_external_task_marker_dag.py
[2025-10-05T17:28:11.141+0000] {processor.py:743} INFO - Processing file /home/airflow/.local/lib/python3.7/site-packages/airflow/example_dags/example_external_task_marker_dag.py for tasks to queue
[2025-10-05T17:28:11.142+0000] {logging_mixin.py:137} INFO - [2025-10-05T17:28:11.142+0000] {dagbag.py:538} INFO - Filling up the DagBag from /home/airflow/.local/lib/python3.7/site-packages/airflow/example_dags/example_external_task_marker_dag.py
[2025-10-05T17:28:11.163+0000] {processor.py:753} INFO - DAG(s) dict_keys(['example_external_task_marker_child', 'example_external_task_marker_parent']) retrieved from /home/airflow/.local/lib/python3.7/site-packages/airflow/example_dags/example_external_task_marker_dag.py
[2025-10-05T17:28:11.202+0000] {logging_mixin.py:137} INFO - [2025-10-05T17:28:11.201+0000] {dag.py:2690} INFO - Sync 2 DAGs
[2025-10-05T17:28:11.238+0000] {logging_mixin.py:137} INFO - [2025-10-05T17:28:11.238+0000] {dag.py:3441} INFO - Setting next_dagrun for example_external_task_marker_child to None, run_after=None
[2025-10-05T17:28:11.243+0000] {logging_mixin.py:137} INFO - [2025-10-05T17:28:11.243+0000] {dag.py:3441} INFO - Setting next_dagrun for example_external_task_marker_parent to None, run_after=None
[2025-10-05T17:28:11.272+0000] {processor.py:175} INFO - Processing /home/airflow/.local/lib/python3.7/site-packages/airflow/example_dags/example_external_task_marker_dag.py took 0.139 seconds
[2025-10-05T17:28:42.256+0000] {processor.py:153} INFO - Started process (PID=1871) to work on /home/airflow/.local/lib/python3.7/site-packages/airflow/example_dags/example_external_task_marker_dag.py
[2025-10-05T17:28:42.258+0000] {processor.py:743} INFO - Processing file /home/airflow/.local/lib/python3.7/site-packages/airflow/example_dags/example_external_task_marker_dag.py for tasks to queue
[2025-10-05T17:28:42.260+0000] {logging_mixin.py:137} INFO - [2025-10-05T17:28:42.259+0000] {dagbag.py:538} INFO - Filling up the DagBag from /home/airflow/.local/lib/python3.7/site-packages/airflow/example_dags/example_external_task_marker_dag.py
[2025-10-05T17:28:42.276+0000] {processor.py:753} INFO - DAG(s) dict_keys(['example_external_task_marker_child', 'example_external_task_marker_parent']) retrieved from /home/airflow/.local/lib/python3.7/site-packages/airflow/example_dags/example_external_task_marker_dag.py
[2025-10-05T17:28:42.313+0000] {logging_mixin.py:137} INFO - [2025-10-05T17:28:42.313+0000] {dag.py:2690} INFO - Sync 2 DAGs
[2025-10-05T17:28:42.342+0000] {logging_mixin.py:137} INFO - [2025-10-05T17:28:42.341+0000] {dag.py:3441} INFO - Setting next_dagrun for example_external_task_marker_child to None, run_after=None
[2025-10-05T17:28:42.346+0000] {logging_mixin.py:137} INFO - [2025-10-05T17:28:42.346+0000] {dag.py:3441} INFO - Setting next_dagrun for example_external_task_marker_parent to None, run_after=None
[2025-10-05T17:28:42.369+0000] {processor.py:175} INFO - Processing /home/airflow/.local/lib/python3.7/site-packages/airflow/example_dags/example_external_task_marker_dag.py took 0.117 seconds
[2025-10-05T17:29:13.385+0000] {processor.py:153} INFO - Started process (PID=1984) to work on /home/airflow/.local/lib/python3.7/site-packages/airflow/example_dags/example_external_task_marker_dag.py
[2025-10-05T17:29:13.386+0000] {processor.py:743} INFO - Processing file /home/airflow/.local/lib/python3.7/site-packages/airflow/example_dags/example_external_task_marker_dag.py for tasks to queue
[2025-10-05T17:29:13.387+0000] {logging_mixin.py:137} INFO - [2025-10-05T17:29:13.387+0000] {dagbag.py:538} INFO - Filling up the DagBag from /home/airflow/.local/lib/python3.7/site-packages/airflow/example_dags/example_external_task_marker_dag.py
[2025-10-05T17:29:13.402+0000] {processor.py:753} INFO - DAG(s) dict_keys(['example_external_task_marker_parent', 'example_external_task_marker_child']) retrieved from /home/airflow/.local/lib/python3.7/site-packages/airflow/example_dags/example_external_task_marker_dag.py
[2025-10-05T17:29:13.435+0000] {logging_mixin.py:137} INFO - [2025-10-05T17:29:13.435+0000] {dag.py:2690} INFO - Sync 2 DAGs
[2025-10-05T17:29:13.462+0000] {logging_mixin.py:137} INFO - [2025-10-05T17:29:13.462+0000] {dag.py:3441} INFO - Setting next_dagrun for example_external_task_marker_child to None, run_after=None
[2025-10-05T17:29:13.466+0000] {logging_mixin.py:137} INFO - [2025-10-05T17:29:13.466+0000] {dag.py:3441} INFO - Setting next_dagrun for example_external_task_marker_parent to None, run_after=None
[2025-10-05T17:29:13.489+0000] {processor.py:175} INFO - Processing /home/airflow/.local/lib/python3.7/site-packages/airflow/example_dags/example_external_task_marker_dag.py took 0.108 seconds
[2025-10-05T17:29:44.037+0000] {processor.py:153} INFO - Started process (PID=2073) to work on /home/airflow/.local/lib/python3.7/site-packages/airflow/example_dags/example_external_task_marker_dag.py
[2025-10-05T17:29:44.039+0000] {processor.py:743} INFO - Processing file /home/airflow/.local/lib/python3.7/site-packages/airflow/example_dags/example_external_task_marker_dag.py for tasks to queue
[2025-10-05T17:29:44.040+0000] {logging_mixin.py:137} INFO - [2025-10-05T17:29:44.040+0000] {dagbag.py:538} INFO - Filling up the DagBag from /home/airflow/.local/lib/python3.7/site-packages/airflow/example_dags/example_external_task_marker_dag.py
[2025-10-05T17:29:44.056+0000] {processor.py:753} INFO - DAG(s) dict_keys(['example_external_task_marker_parent', 'example_external_task_marker_child']) retrieved from /home/airflow/.local/lib/python3.7/site-packages/airflow/example_dags/example_external_task_marker_dag.py
[2025-10-05T17:29:44.098+0000] {logging_mixin.py:137} INFO - [2025-10-05T17:29:44.098+0000] {dag.py:2690} INFO - Sync 2 DAGs
[2025-10-05T17:29:44.131+0000] {logging_mixin.py:137} INFO - [2025-10-05T17:29:44.131+0000] {dag.py:3441} INFO - Setting next_dagrun for example_external_task_marker_child to None, run_after=None
[2025-10-05T17:29:44.135+0000] {logging_mixin.py:137} INFO - [2025-10-05T17:29:44.135+0000] {dag.py:3441} INFO - Setting next_dagrun for example_external_task_marker_parent to None, run_after=None
[2025-10-05T17:29:44.159+0000] {processor.py:175} INFO - Processing /home/airflow/.local/lib/python3.7/site-packages/airflow/example_dags/example_external_task_marker_dag.py took 0.126 seconds
[2025-10-05T17:30:14.343+0000] {processor.py:153} INFO - Started process (PID=2185) to work on /home/airflow/.local/lib/python3.7/site-packages/airflow/example_dags/example_external_task_marker_dag.py
[2025-10-05T17:30:14.344+0000] {processor.py:743} INFO - Processing file /home/airflow/.local/lib/python3.7/site-packages/airflow/example_dags/example_external_task_marker_dag.py for tasks to queue
[2025-10-05T17:30:14.345+0000] {logging_mixin.py:137} INFO - [2025-10-05T17:30:14.345+0000] {dagbag.py:538} INFO - Filling up the DagBag from /home/airflow/.local/lib/python3.7/site-packages/airflow/example_dags/example_external_task_marker_dag.py
[2025-10-05T17:30:14.360+0000] {processor.py:753} INFO - DAG(s) dict_keys(['example_external_task_marker_child', 'example_external_task_marker_parent']) retrieved from /home/airflow/.local/lib/python3.7/site-packages/airflow/example_dags/example_external_task_marker_dag.py
[2025-10-05T17:30:14.399+0000] {logging_mixin.py:137} INFO - [2025-10-05T17:30:14.398+0000] {dag.py:2690} INFO - Sync 2 DAGs
[2025-10-05T17:30:14.428+0000] {logging_mixin.py:137} INFO - [2025-10-05T17:30:14.428+0000] {dag.py:3441} INFO - Setting next_dagrun for example_external_task_marker_child to None, run_after=None
[2025-10-05T17:30:14.432+0000] {logging_mixin.py:137} INFO - [2025-10-05T17:30:14.432+0000] {dag.py:3441} INFO - Setting next_dagrun for example_external_task_marker_parent to None, run_after=None
[2025-10-05T17:30:14.453+0000] {processor.py:175} INFO - Processing /home/airflow/.local/lib/python3.7/site-packages/airflow/example_dags/example_external_task_marker_dag.py took 0.113 seconds
[2025-10-05T17:30:44.976+0000] {processor.py:153} INFO - Started process (PID=2275) to work on /home/airflow/.local/lib/python3.7/site-packages/airflow/example_dags/example_external_task_marker_dag.py
[2025-10-05T17:30:44.978+0000] {processor.py:743} INFO - Processing file /home/airflow/.local/lib/python3.7/site-packages/airflow/example_dags/example_external_task_marker_dag.py for tasks to queue
[2025-10-05T17:30:44.979+0000] {logging_mixin.py:137} INFO - [2025-10-05T17:30:44.979+0000] {dagbag.py:538} INFO - Filling up the DagBag from /home/airflow/.local/lib/python3.7/site-packages/airflow/example_dags/example_external_task_marker_dag.py
[2025-10-05T17:30:44.994+0000] {processor.py:753} INFO - DAG(s) dict_keys(['example_external_task_marker_parent', 'example_external_task_marker_child']) retrieved from /home/airflow/.local/lib/python3.7/site-packages/airflow/example_dags/example_external_task_marker_dag.py
[2025-10-05T17:30:45.029+0000] {logging_mixin.py:137} INFO - [2025-10-05T17:30:45.028+0000] {dag.py:2690} INFO - Sync 2 DAGs
[2025-10-05T17:30:45.056+0000] {logging_mixin.py:137} INFO - [2025-10-05T17:30:45.055+0000] {dag.py:3441} INFO - Setting next_dagrun for example_external_task_marker_child to None, run_after=None
[2025-10-05T17:30:45.060+0000] {logging_mixin.py:137} INFO - [2025-10-05T17:30:45.060+0000] {dag.py:3441} INFO - Setting next_dagrun for example_external_task_marker_parent to None, run_after=None
[2025-10-05T17:30:45.081+0000] {processor.py:175} INFO - Processing /home/airflow/.local/lib/python3.7/site-packages/airflow/example_dags/example_external_task_marker_dag.py took 0.109 seconds
[2025-10-05T17:31:15.934+0000] {processor.py:153} INFO - Started process (PID=2389) to work on /home/airflow/.local/lib/python3.7/site-packages/airflow/example_dags/example_external_task_marker_dag.py
[2025-10-05T17:31:15.936+0000] {processor.py:743} INFO - Processing file /home/airflow/.local/lib/python3.7/site-packages/airflow/example_dags/example_external_task_marker_dag.py for tasks to queue
[2025-10-05T17:31:15.938+0000] {logging_mixin.py:137} INFO - [2025-10-05T17:31:15.938+0000] {dagbag.py:538} INFO - Filling up the DagBag from /home/airflow/.local/lib/python3.7/site-packages/airflow/example_dags/example_external_task_marker_dag.py
[2025-10-05T17:31:15.953+0000] {processor.py:753} INFO - DAG(s) dict_keys(['example_external_task_marker_parent', 'example_external_task_marker_child']) retrieved from /home/airflow/.local/lib/python3.7/site-packages/airflow/example_dags/example_external_task_marker_dag.py
[2025-10-05T17:31:15.993+0000] {logging_mixin.py:137} INFO - [2025-10-05T17:31:15.993+0000] {dag.py:2690} INFO - Sync 2 DAGs
[2025-10-05T17:31:16.027+0000] {logging_mixin.py:137} INFO - [2025-10-05T17:31:16.027+0000] {dag.py:3441} INFO - Setting next_dagrun for example_external_task_marker_child to None, run_after=None
[2025-10-05T17:31:16.032+0000] {logging_mixin.py:137} INFO - [2025-10-05T17:31:16.031+0000] {dag.py:3441} INFO - Setting next_dagrun for example_external_task_marker_parent to None, run_after=None
[2025-10-05T17:31:16.056+0000] {processor.py:175} INFO - Processing /home/airflow/.local/lib/python3.7/site-packages/airflow/example_dags/example_external_task_marker_dag.py took 0.127 seconds
[2025-10-05T17:31:46.127+0000] {processor.py:153} INFO - Started process (PID=2478) to work on /home/airflow/.local/lib/python3.7/site-packages/airflow/example_dags/example_external_task_marker_dag.py
[2025-10-05T17:31:46.128+0000] {processor.py:743} INFO - Processing file /home/airflow/.local/lib/python3.7/site-packages/airflow/example_dags/example_external_task_marker_dag.py for tasks to queue
[2025-10-05T17:31:46.130+0000] {logging_mixin.py:137} INFO - [2025-10-05T17:31:46.130+0000] {dagbag.py:538} INFO - Filling up the DagBag from /home/airflow/.local/lib/python3.7/site-packages/airflow/example_dags/example_external_task_marker_dag.py
[2025-10-05T17:31:46.147+0000] {processor.py:753} INFO - DAG(s) dict_keys(['example_external_task_marker_parent', 'example_external_task_marker_child']) retrieved from /home/airflow/.local/lib/python3.7/site-packages/airflow/example_dags/example_external_task_marker_dag.py
[2025-10-05T17:31:46.183+0000] {logging_mixin.py:137} INFO - [2025-10-05T17:31:46.183+0000] {dag.py:2690} INFO - Sync 2 DAGs
[2025-10-05T17:31:46.212+0000] {logging_mixin.py:137} INFO - [2025-10-05T17:31:46.212+0000] {dag.py:3441} INFO - Setting next_dagrun for example_external_task_marker_child to None, run_after=None
[2025-10-05T17:31:46.216+0000] {logging_mixin.py:137} INFO - [2025-10-05T17:31:46.216+0000] {dag.py:3441} INFO - Setting next_dagrun for example_external_task_marker_parent to None, run_after=None
[2025-10-05T17:31:46.236+0000] {processor.py:175} INFO - Processing /home/airflow/.local/lib/python3.7/site-packages/airflow/example_dags/example_external_task_marker_dag.py took 0.114 seconds
[2025-10-05T17:32:16.578+0000] {processor.py:153} INFO - Started process (PID=2567) to work on /home/airflow/.local/lib/python3.7/site-packages/airflow/example_dags/example_external_task_marker_dag.py
[2025-10-05T17:32:16.579+0000] {processor.py:743} INFO - Processing file /home/airflow/.local/lib/python3.7/site-packages/airflow/example_dags/example_external_task_marker_dag.py for tasks to queue
[2025-10-05T17:32:16.580+0000] {logging_mixin.py:137} INFO - [2025-10-05T17:32:16.580+0000] {dagbag.py:538} INFO - Filling up the DagBag from /home/airflow/.local/lib/python3.7/site-packages/airflow/example_dags/example_external_task_marker_dag.py
[2025-10-05T17:32:16.595+0000] {processor.py:753} INFO - DAG(s) dict_keys(['example_external_task_marker_child', 'example_external_task_marker_parent']) retrieved from /home/airflow/.local/lib/python3.7/site-packages/airflow/example_dags/example_external_task_marker_dag.py
[2025-10-05T17:32:16.629+0000] {logging_mixin.py:137} INFO - [2025-10-05T17:32:16.629+0000] {dag.py:2690} INFO - Sync 2 DAGs
[2025-10-05T17:32:16.664+0000] {logging_mixin.py:137} INFO - [2025-10-05T17:32:16.664+0000] {dag.py:3441} INFO - Setting next_dagrun for example_external_task_marker_child to None, run_after=None
[2025-10-05T17:32:16.669+0000] {logging_mixin.py:137} INFO - [2025-10-05T17:32:16.669+0000] {dag.py:3441} INFO - Setting next_dagrun for example_external_task_marker_parent to None, run_after=None
[2025-10-05T17:32:16.693+0000] {processor.py:175} INFO - Processing /home/airflow/.local/lib/python3.7/site-packages/airflow/example_dags/example_external_task_marker_dag.py took 0.119 seconds
[2025-10-05T17:32:47.506+0000] {processor.py:153} INFO - Started process (PID=2680) to work on /home/airflow/.local/lib/python3.7/site-packages/airflow/example_dags/example_external_task_marker_dag.py
[2025-10-05T17:32:47.507+0000] {processor.py:743} INFO - Processing file /home/airflow/.local/lib/python3.7/site-packages/airflow/example_dags/example_external_task_marker_dag.py for tasks to queue
[2025-10-05T17:32:47.508+0000] {logging_mixin.py:137} INFO - [2025-10-05T17:32:47.508+0000] {dagbag.py:538} INFO - Filling up the DagBag from /home/airflow/.local/lib/python3.7/site-packages/airflow/example_dags/example_external_task_marker_dag.py
[2025-10-05T17:32:47.524+0000] {processor.py:753} INFO - DAG(s) dict_keys(['example_external_task_marker_parent', 'example_external_task_marker_child']) retrieved from /home/airflow/.local/lib/python3.7/site-packages/airflow/example_dags/example_external_task_marker_dag.py
[2025-10-05T17:32:47.561+0000] {logging_mixin.py:137} INFO - [2025-10-05T17:32:47.561+0000] {dag.py:2690} INFO - Sync 2 DAGs
[2025-10-05T17:32:47.590+0000] {logging_mixin.py:137} INFO - [2025-10-05T17:32:47.590+0000] {dag.py:3441} INFO - Setting next_dagrun for example_external_task_marker_child to None, run_after=None
[2025-10-05T17:32:47.595+0000] {logging_mixin.py:137} INFO - [2025-10-05T17:32:47.594+0000] {dag.py:3441} INFO - Setting next_dagrun for example_external_task_marker_parent to None, run_after=None
[2025-10-05T17:32:47.616+0000] {processor.py:175} INFO - Processing /home/airflow/.local/lib/python3.7/site-packages/airflow/example_dags/example_external_task_marker_dag.py took 0.115 seconds
[2025-10-05T17:33:18.363+0000] {processor.py:153} INFO - Started process (PID=2769) to work on /home/airflow/.local/lib/python3.7/site-packages/airflow/example_dags/example_external_task_marker_dag.py
[2025-10-05T17:33:18.365+0000] {processor.py:743} INFO - Processing file /home/airflow/.local/lib/python3.7/site-packages/airflow/example_dags/example_external_task_marker_dag.py for tasks to queue
[2025-10-05T17:33:18.367+0000] {logging_mixin.py:137} INFO - [2025-10-05T17:33:18.367+0000] {dagbag.py:538} INFO - Filling up the DagBag from /home/airflow/.local/lib/python3.7/site-packages/airflow/example_dags/example_external_task_marker_dag.py
[2025-10-05T17:33:18.388+0000] {processor.py:753} INFO - DAG(s) dict_keys(['example_external_task_marker_parent', 'example_external_task_marker_child']) retrieved from /home/airflow/.local/lib/python3.7/site-packages/airflow/example_dags/example_external_task_marker_dag.py
[2025-10-05T17:33:18.437+0000] {logging_mixin.py:137} INFO - [2025-10-05T17:33:18.436+0000] {dag.py:2690} INFO - Sync 2 DAGs
[2025-10-05T17:33:18.481+0000] {logging_mixin.py:137} INFO - [2025-10-05T17:33:18.480+0000] {dag.py:3441} INFO - Setting next_dagrun for example_external_task_marker_child to None, run_after=None
[2025-10-05T17:33:18.486+0000] {logging_mixin.py:137} INFO - [2025-10-05T17:33:18.486+0000] {dag.py:3441} INFO - Setting next_dagrun for example_external_task_marker_parent to None, run_after=None
[2025-10-05T17:33:18.523+0000] {processor.py:175} INFO - Processing /home/airflow/.local/lib/python3.7/site-packages/airflow/example_dags/example_external_task_marker_dag.py took 0.167 seconds
[2025-10-05T17:33:48.989+0000] {processor.py:153} INFO - Started process (PID=2881) to work on /home/airflow/.local/lib/python3.7/site-packages/airflow/example_dags/example_external_task_marker_dag.py
[2025-10-05T17:33:48.990+0000] {processor.py:743} INFO - Processing file /home/airflow/.local/lib/python3.7/site-packages/airflow/example_dags/example_external_task_marker_dag.py for tasks to queue
[2025-10-05T17:33:48.991+0000] {logging_mixin.py:137} INFO - [2025-10-05T17:33:48.991+0000] {dagbag.py:538} INFO - Filling up the DagBag from /home/airflow/.local/lib/python3.7/site-packages/airflow/example_dags/example_external_task_marker_dag.py
[2025-10-05T17:33:49.011+0000] {processor.py:753} INFO - DAG(s) dict_keys(['example_external_task_marker_parent', 'example_external_task_marker_child']) retrieved from /home/airflow/.local/lib/python3.7/site-packages/airflow/example_dags/example_external_task_marker_dag.py
[2025-10-05T17:33:49.053+0000] {logging_mixin.py:137} INFO - [2025-10-05T17:33:49.053+0000] {dag.py:2690} INFO - Sync 2 DAGs
[2025-10-05T17:33:49.092+0000] {logging_mixin.py:137} INFO - [2025-10-05T17:33:49.092+0000] {dag.py:3441} INFO - Setting next_dagrun for example_external_task_marker_child to None, run_after=None
[2025-10-05T17:33:49.098+0000] {logging_mixin.py:137} INFO - [2025-10-05T17:33:49.097+0000] {dag.py:3441} INFO - Setting next_dagrun for example_external_task_marker_parent to None, run_after=None
[2025-10-05T17:33:49.128+0000] {processor.py:175} INFO - Processing /home/airflow/.local/lib/python3.7/site-packages/airflow/example_dags/example_external_task_marker_dag.py took 0.144 seconds
[2025-10-05T17:34:19.186+0000] {processor.py:153} INFO - Started process (PID=2970) to work on /home/airflow/.local/lib/python3.7/site-packages/airflow/example_dags/example_external_task_marker_dag.py
[2025-10-05T17:34:19.188+0000] {processor.py:743} INFO - Processing file /home/airflow/.local/lib/python3.7/site-packages/airflow/example_dags/example_external_task_marker_dag.py for tasks to queue
[2025-10-05T17:34:19.189+0000] {logging_mixin.py:137} INFO - [2025-10-05T17:34:19.188+0000] {dagbag.py:538} INFO - Filling up the DagBag from /home/airflow/.local/lib/python3.7/site-packages/airflow/example_dags/example_external_task_marker_dag.py
[2025-10-05T17:34:19.205+0000] {processor.py:753} INFO - DAG(s) dict_keys(['example_external_task_marker_child', 'example_external_task_marker_parent']) retrieved from /home/airflow/.local/lib/python3.7/site-packages/airflow/example_dags/example_external_task_marker_dag.py
[2025-10-05T17:34:19.240+0000] {logging_mixin.py:137} INFO - [2025-10-05T17:34:19.240+0000] {dag.py:2690} INFO - Sync 2 DAGs
[2025-10-05T17:34:19.268+0000] {logging_mixin.py:137} INFO - [2025-10-05T17:34:19.268+0000] {dag.py:3441} INFO - Setting next_dagrun for example_external_task_marker_child to None, run_after=None
[2025-10-05T17:34:19.273+0000] {logging_mixin.py:137} INFO - [2025-10-05T17:34:19.272+0000] {dag.py:3441} INFO - Setting next_dagrun for example_external_task_marker_parent to None, run_after=None
[2025-10-05T17:34:19.297+0000] {processor.py:175} INFO - Processing /home/airflow/.local/lib/python3.7/site-packages/airflow/example_dags/example_external_task_marker_dag.py took 0.116 seconds
[2025-10-05T17:34:49.979+0000] {processor.py:153} INFO - Started process (PID=3059) to work on /home/airflow/.local/lib/python3.7/site-packages/airflow/example_dags/example_external_task_marker_dag.py
[2025-10-05T17:34:49.981+0000] {processor.py:743} INFO - Processing file /home/airflow/.local/lib/python3.7/site-packages/airflow/example_dags/example_external_task_marker_dag.py for tasks to queue
[2025-10-05T17:34:49.982+0000] {logging_mixin.py:137} INFO - [2025-10-05T17:34:49.982+0000] {dagbag.py:538} INFO - Filling up the DagBag from /home/airflow/.local/lib/python3.7/site-packages/airflow/example_dags/example_external_task_marker_dag.py
[2025-10-05T17:34:50.001+0000] {processor.py:753} INFO - DAG(s) dict_keys(['example_external_task_marker_parent', 'example_external_task_marker_child']) retrieved from /home/airflow/.local/lib/python3.7/site-packages/airflow/example_dags/example_external_task_marker_dag.py
[2025-10-05T17:34:50.037+0000] {logging_mixin.py:137} INFO - [2025-10-05T17:34:50.037+0000] {dag.py:2690} INFO - Sync 2 DAGs
[2025-10-05T17:34:50.066+0000] {logging_mixin.py:137} INFO - [2025-10-05T17:34:50.066+0000] {dag.py:3441} INFO - Setting next_dagrun for example_external_task_marker_child to None, run_after=None
[2025-10-05T17:34:50.070+0000] {logging_mixin.py:137} INFO - [2025-10-05T17:34:50.070+0000] {dag.py:3441} INFO - Setting next_dagrun for example_external_task_marker_parent to None, run_after=None
[2025-10-05T17:34:50.091+0000] {processor.py:175} INFO - Processing /home/airflow/.local/lib/python3.7/site-packages/airflow/example_dags/example_external_task_marker_dag.py took 0.117 seconds
[2025-10-05T17:35:20.462+0000] {processor.py:153} INFO - Started process (PID=3172) to work on /home/airflow/.local/lib/python3.7/site-packages/airflow/example_dags/example_external_task_marker_dag.py
[2025-10-05T17:35:20.464+0000] {processor.py:743} INFO - Processing file /home/airflow/.local/lib/python3.7/site-packages/airflow/example_dags/example_external_task_marker_dag.py for tasks to queue
[2025-10-05T17:35:20.465+0000] {logging_mixin.py:137} INFO - [2025-10-05T17:35:20.465+0000] {dagbag.py:538} INFO - Filling up the DagBag from /home/airflow/.local/lib/python3.7/site-packages/airflow/example_dags/example_external_task_marker_dag.py
[2025-10-05T17:35:20.487+0000] {processor.py:753} INFO - DAG(s) dict_keys(['example_external_task_marker_child', 'example_external_task_marker_parent']) retrieved from /home/airflow/.local/lib/python3.7/site-packages/airflow/example_dags/example_external_task_marker_dag.py
[2025-10-05T17:35:20.525+0000] {logging_mixin.py:137} INFO - [2025-10-05T17:35:20.525+0000] {dag.py:2690} INFO - Sync 2 DAGs
[2025-10-05T17:35:20.556+0000] {logging_mixin.py:137} INFO - [2025-10-05T17:35:20.556+0000] {dag.py:3441} INFO - Setting next_dagrun for example_external_task_marker_child to None, run_after=None
[2025-10-05T17:35:20.561+0000] {logging_mixin.py:137} INFO - [2025-10-05T17:35:20.561+0000] {dag.py:3441} INFO - Setting next_dagrun for example_external_task_marker_parent to None, run_after=None
[2025-10-05T17:35:20.585+0000] {processor.py:175} INFO - Processing /home/airflow/.local/lib/python3.7/site-packages/airflow/example_dags/example_external_task_marker_dag.py took 0.129 seconds
[2025-10-05T17:35:50.977+0000] {processor.py:153} INFO - Started process (PID=3261) to work on /home/airflow/.local/lib/python3.7/site-packages/airflow/example_dags/example_external_task_marker_dag.py
[2025-10-05T17:35:50.979+0000] {processor.py:743} INFO - Processing file /home/airflow/.local/lib/python3.7/site-packages/airflow/example_dags/example_external_task_marker_dag.py for tasks to queue
[2025-10-05T17:35:50.981+0000] {logging_mixin.py:137} INFO - [2025-10-05T17:35:50.980+0000] {dagbag.py:538} INFO - Filling up the DagBag from /home/airflow/.local/lib/python3.7/site-packages/airflow/example_dags/example_external_task_marker_dag.py
[2025-10-05T17:35:50.996+0000] {processor.py:753} INFO - DAG(s) dict_keys(['example_external_task_marker_parent', 'example_external_task_marker_child']) retrieved from /home/airflow/.local/lib/python3.7/site-packages/airflow/example_dags/example_external_task_marker_dag.py
[2025-10-05T17:35:51.033+0000] {logging_mixin.py:137} INFO - [2025-10-05T17:35:51.033+0000] {dag.py:2690} INFO - Sync 2 DAGs
[2025-10-05T17:35:51.063+0000] {logging_mixin.py:137} INFO - [2025-10-05T17:35:51.063+0000] {dag.py:3441} INFO - Setting next_dagrun for example_external_task_marker_child to None, run_after=None
[2025-10-05T17:35:51.068+0000] {logging_mixin.py:137} INFO - [2025-10-05T17:35:51.068+0000] {dag.py:3441} INFO - Setting next_dagrun for example_external_task_marker_parent to None, run_after=None
[2025-10-05T17:35:51.091+0000] {processor.py:175} INFO - Processing /home/airflow/.local/lib/python3.7/site-packages/airflow/example_dags/example_external_task_marker_dag.py took 0.117 seconds
[2025-10-05T17:36:21.673+0000] {processor.py:153} INFO - Started process (PID=3357) to work on /home/airflow/.local/lib/python3.7/site-packages/airflow/example_dags/example_external_task_marker_dag.py
[2025-10-05T17:36:21.674+0000] {processor.py:743} INFO - Processing file /home/airflow/.local/lib/python3.7/site-packages/airflow/example_dags/example_external_task_marker_dag.py for tasks to queue
[2025-10-05T17:36:21.675+0000] {logging_mixin.py:137} INFO - [2025-10-05T17:36:21.675+0000] {dagbag.py:538} INFO - Filling up the DagBag from /home/airflow/.local/lib/python3.7/site-packages/airflow/example_dags/example_external_task_marker_dag.py
[2025-10-05T17:36:21.691+0000] {processor.py:753} INFO - DAG(s) dict_keys(['example_external_task_marker_child', 'example_external_task_marker_parent']) retrieved from /home/airflow/.local/lib/python3.7/site-packages/airflow/example_dags/example_external_task_marker_dag.py
[2025-10-05T17:36:21.730+0000] {logging_mixin.py:137} INFO - [2025-10-05T17:36:21.730+0000] {dag.py:2690} INFO - Sync 2 DAGs
[2025-10-05T17:36:21.760+0000] {logging_mixin.py:137} INFO - [2025-10-05T17:36:21.759+0000] {dag.py:3441} INFO - Setting next_dagrun for example_external_task_marker_child to None, run_after=None
[2025-10-05T17:36:21.764+0000] {logging_mixin.py:137} INFO - [2025-10-05T17:36:21.764+0000] {dag.py:3441} INFO - Setting next_dagrun for example_external_task_marker_parent to None, run_after=None
[2025-10-05T17:36:21.788+0000] {processor.py:175} INFO - Processing /home/airflow/.local/lib/python3.7/site-packages/airflow/example_dags/example_external_task_marker_dag.py took 0.119 seconds
[2025-10-05T17:36:52.669+0000] {processor.py:153} INFO - Started process (PID=3464) to work on /home/airflow/.local/lib/python3.7/site-packages/airflow/example_dags/example_external_task_marker_dag.py
[2025-10-05T17:36:52.671+0000] {processor.py:743} INFO - Processing file /home/airflow/.local/lib/python3.7/site-packages/airflow/example_dags/example_external_task_marker_dag.py for tasks to queue
[2025-10-05T17:36:52.672+0000] {logging_mixin.py:137} INFO - [2025-10-05T17:36:52.672+0000] {dagbag.py:538} INFO - Filling up the DagBag from /home/airflow/.local/lib/python3.7/site-packages/airflow/example_dags/example_external_task_marker_dag.py
[2025-10-05T17:36:52.689+0000] {processor.py:753} INFO - DAG(s) dict_keys(['example_external_task_marker_child', 'example_external_task_marker_parent']) retrieved from /home/airflow/.local/lib/python3.7/site-packages/airflow/example_dags/example_external_task_marker_dag.py
[2025-10-05T17:36:52.730+0000] {logging_mixin.py:137} INFO - [2025-10-05T17:36:52.730+0000] {dag.py:2690} INFO - Sync 2 DAGs
[2025-10-05T17:36:52.761+0000] {logging_mixin.py:137} INFO - [2025-10-05T17:36:52.761+0000] {dag.py:3441} INFO - Setting next_dagrun for example_external_task_marker_child to None, run_after=None
[2025-10-05T17:36:52.767+0000] {logging_mixin.py:137} INFO - [2025-10-05T17:36:52.767+0000] {dag.py:3441} INFO - Setting next_dagrun for example_external_task_marker_parent to None, run_after=None
[2025-10-05T17:36:52.797+0000] {processor.py:175} INFO - Processing /home/airflow/.local/lib/python3.7/site-packages/airflow/example_dags/example_external_task_marker_dag.py took 0.133 seconds
