[2025-10-05T17:19:25.201+0000] {processor.py:153} INFO - Started process (PID=78) to work on /home/airflow/.local/lib/python3.7/site-packages/airflow/example_dags/example_datasets.py
[2025-10-05T17:19:25.204+0000] {processor.py:743} INFO - Processing file /home/airflow/.local/lib/python3.7/site-packages/airflow/example_dags/example_datasets.py for tasks to queue
[2025-10-05T17:19:25.206+0000] {logging_mixin.py:137} INFO - [2025-10-05T17:19:25.205+0000] {dagbag.py:538} INFO - Filling up the DagBag from /home/airflow/.local/lib/python3.7/site-packages/airflow/example_dags/example_datasets.py
[2025-10-05T17:19:25.237+0000] {processor.py:753} INFO - DAG(s) dict_keys(['dataset_consumes_1', 'dataset_consumes_1_never_scheduled', 'dataset_produces_2', 'dataset_consumes_unknown_never_scheduled', 'dataset_produces_1', 'dataset_consumes_1_and_2']) retrieved from /home/airflow/.local/lib/python3.7/site-packages/airflow/example_dags/example_datasets.py
[2025-10-05T17:19:25.278+0000] {logging_mixin.py:137} INFO - [2025-10-05T17:19:25.278+0000] {dag.py:2690} INFO - Sync 6 DAGs
[2025-10-05T17:19:25.324+0000] {logging_mixin.py:137} INFO - [2025-10-05T17:19:25.324+0000] {dag.py:3441} INFO - Setting next_dagrun for dataset_consumes_1 to None, run_after=None
[2025-10-05T17:19:25.330+0000] {logging_mixin.py:137} INFO - [2025-10-05T17:19:25.330+0000] {dag.py:3441} INFO - Setting next_dagrun for dataset_consumes_1_and_2 to None, run_after=None
[2025-10-05T17:19:25.332+0000] {logging_mixin.py:137} INFO - [2025-10-05T17:19:25.332+0000] {dag.py:3441} INFO - Setting next_dagrun for dataset_consumes_1_never_scheduled to None, run_after=None
[2025-10-05T17:19:25.335+0000] {logging_mixin.py:137} INFO - [2025-10-05T17:19:25.334+0000] {dag.py:3441} INFO - Setting next_dagrun for dataset_consumes_unknown_never_scheduled to None, run_after=None
[2025-10-05T17:19:25.339+0000] {logging_mixin.py:137} INFO - [2025-10-05T17:19:25.339+0000] {dag.py:3441} INFO - Setting next_dagrun for dataset_produces_1 to 2025-10-04T00:00:00+00:00, run_after=2025-10-05T00:00:00+00:00
[2025-10-05T17:19:25.341+0000] {logging_mixin.py:137} INFO - [2025-10-05T17:19:25.341+0000] {dag.py:3441} INFO - Setting next_dagrun for dataset_produces_2 to None, run_after=None
[2025-10-05T17:19:25.400+0000] {processor.py:175} INFO - Processing /home/airflow/.local/lib/python3.7/site-packages/airflow/example_dags/example_datasets.py took 0.206 seconds
[2025-10-05T17:19:56.060+0000] {processor.py:153} INFO - Started process (PID=167) to work on /home/airflow/.local/lib/python3.7/site-packages/airflow/example_dags/example_datasets.py
[2025-10-05T17:19:56.062+0000] {processor.py:743} INFO - Processing file /home/airflow/.local/lib/python3.7/site-packages/airflow/example_dags/example_datasets.py for tasks to queue
[2025-10-05T17:19:56.063+0000] {logging_mixin.py:137} INFO - [2025-10-05T17:19:56.063+0000] {dagbag.py:538} INFO - Filling up the DagBag from /home/airflow/.local/lib/python3.7/site-packages/airflow/example_dags/example_datasets.py
[2025-10-05T17:19:56.087+0000] {processor.py:753} INFO - DAG(s) dict_keys(['dataset_consumes_1', 'dataset_consumes_1_never_scheduled', 'dataset_produces_2', 'dataset_consumes_unknown_never_scheduled', 'dataset_consumes_1_and_2', 'dataset_produces_1']) retrieved from /home/airflow/.local/lib/python3.7/site-packages/airflow/example_dags/example_datasets.py
[2025-10-05T17:19:56.198+0000] {logging_mixin.py:137} INFO - [2025-10-05T17:19:56.198+0000] {dag.py:2690} INFO - Sync 6 DAGs
[2025-10-05T17:19:56.228+0000] {logging_mixin.py:137} INFO - [2025-10-05T17:19:56.228+0000] {dag.py:3441} INFO - Setting next_dagrun for dataset_consumes_1 to None, run_after=None
[2025-10-05T17:19:56.233+0000] {logging_mixin.py:137} INFO - [2025-10-05T17:19:56.233+0000] {dag.py:3441} INFO - Setting next_dagrun for dataset_consumes_1_and_2 to None, run_after=None
[2025-10-05T17:19:56.235+0000] {logging_mixin.py:137} INFO - [2025-10-05T17:19:56.235+0000] {dag.py:3441} INFO - Setting next_dagrun for dataset_consumes_1_never_scheduled to None, run_after=None
[2025-10-05T17:19:56.238+0000] {logging_mixin.py:137} INFO - [2025-10-05T17:19:56.237+0000] {dag.py:3441} INFO - Setting next_dagrun for dataset_consumes_unknown_never_scheduled to None, run_after=None
[2025-10-05T17:19:56.242+0000] {logging_mixin.py:137} INFO - [2025-10-05T17:19:56.242+0000] {dag.py:3441} INFO - Setting next_dagrun for dataset_produces_1 to 2025-10-04T00:00:00+00:00, run_after=2025-10-05T00:00:00+00:00
[2025-10-05T17:19:56.244+0000] {logging_mixin.py:137} INFO - [2025-10-05T17:19:56.244+0000] {dag.py:3441} INFO - Setting next_dagrun for dataset_produces_2 to None, run_after=None
[2025-10-05T17:19:56.302+0000] {processor.py:175} INFO - Processing /home/airflow/.local/lib/python3.7/site-packages/airflow/example_dags/example_datasets.py took 0.246 seconds
[2025-10-05T17:20:26.920+0000] {processor.py:153} INFO - Started process (PID=280) to work on /home/airflow/.local/lib/python3.7/site-packages/airflow/example_dags/example_datasets.py
[2025-10-05T17:20:26.921+0000] {processor.py:743} INFO - Processing file /home/airflow/.local/lib/python3.7/site-packages/airflow/example_dags/example_datasets.py for tasks to queue
[2025-10-05T17:20:26.923+0000] {logging_mixin.py:137} INFO - [2025-10-05T17:20:26.922+0000] {dagbag.py:538} INFO - Filling up the DagBag from /home/airflow/.local/lib/python3.7/site-packages/airflow/example_dags/example_datasets.py
[2025-10-05T17:20:26.945+0000] {processor.py:753} INFO - DAG(s) dict_keys(['dataset_consumes_unknown_never_scheduled', 'dataset_produces_2', 'dataset_consumes_1', 'dataset_consumes_1_and_2', 'dataset_produces_1', 'dataset_consumes_1_never_scheduled']) retrieved from /home/airflow/.local/lib/python3.7/site-packages/airflow/example_dags/example_datasets.py
[2025-10-05T17:20:27.008+0000] {logging_mixin.py:137} INFO - [2025-10-05T17:20:27.008+0000] {dag.py:2690} INFO - Sync 6 DAGs
[2025-10-05T17:20:27.050+0000] {logging_mixin.py:137} INFO - [2025-10-05T17:20:27.050+0000] {dag.py:3441} INFO - Setting next_dagrun for dataset_consumes_1 to None, run_after=None
[2025-10-05T17:20:27.055+0000] {logging_mixin.py:137} INFO - [2025-10-05T17:20:27.055+0000] {dag.py:3441} INFO - Setting next_dagrun for dataset_consumes_1_and_2 to None, run_after=None
[2025-10-05T17:20:27.059+0000] {logging_mixin.py:137} INFO - [2025-10-05T17:20:27.059+0000] {dag.py:3441} INFO - Setting next_dagrun for dataset_consumes_1_never_scheduled to None, run_after=None
[2025-10-05T17:20:27.061+0000] {logging_mixin.py:137} INFO - [2025-10-05T17:20:27.061+0000] {dag.py:3441} INFO - Setting next_dagrun for dataset_consumes_unknown_never_scheduled to None, run_after=None
[2025-10-05T17:20:27.066+0000] {logging_mixin.py:137} INFO - [2025-10-05T17:20:27.065+0000] {dag.py:3441} INFO - Setting next_dagrun for dataset_produces_1 to 2025-10-04T00:00:00+00:00, run_after=2025-10-05T00:00:00+00:00
[2025-10-05T17:20:27.068+0000] {logging_mixin.py:137} INFO - [2025-10-05T17:20:27.068+0000] {dag.py:3441} INFO - Setting next_dagrun for dataset_produces_2 to None, run_after=None
[2025-10-05T17:20:27.124+0000] {processor.py:175} INFO - Processing /home/airflow/.local/lib/python3.7/site-packages/airflow/example_dags/example_datasets.py took 0.209 seconds
[2025-10-05T17:20:57.488+0000] {processor.py:153} INFO - Started process (PID=368) to work on /home/airflow/.local/lib/python3.7/site-packages/airflow/example_dags/example_datasets.py
[2025-10-05T17:20:57.489+0000] {processor.py:743} INFO - Processing file /home/airflow/.local/lib/python3.7/site-packages/airflow/example_dags/example_datasets.py for tasks to queue
[2025-10-05T17:20:57.491+0000] {logging_mixin.py:137} INFO - [2025-10-05T17:20:57.491+0000] {dagbag.py:538} INFO - Filling up the DagBag from /home/airflow/.local/lib/python3.7/site-packages/airflow/example_dags/example_datasets.py
[2025-10-05T17:20:57.517+0000] {processor.py:753} INFO - DAG(s) dict_keys(['dataset_consumes_unknown_never_scheduled', 'dataset_consumes_1_and_2', 'dataset_consumes_1_never_scheduled', 'dataset_consumes_1', 'dataset_produces_1', 'dataset_produces_2']) retrieved from /home/airflow/.local/lib/python3.7/site-packages/airflow/example_dags/example_datasets.py
[2025-10-05T17:20:57.582+0000] {logging_mixin.py:137} INFO - [2025-10-05T17:20:57.582+0000] {dag.py:2690} INFO - Sync 6 DAGs
[2025-10-05T17:20:57.616+0000] {logging_mixin.py:137} INFO - [2025-10-05T17:20:57.615+0000] {dag.py:3441} INFO - Setting next_dagrun for dataset_consumes_1 to None, run_after=None
[2025-10-05T17:20:57.620+0000] {logging_mixin.py:137} INFO - [2025-10-05T17:20:57.620+0000] {dag.py:3441} INFO - Setting next_dagrun for dataset_consumes_1_and_2 to None, run_after=None
[2025-10-05T17:20:57.622+0000] {logging_mixin.py:137} INFO - [2025-10-05T17:20:57.622+0000] {dag.py:3441} INFO - Setting next_dagrun for dataset_consumes_1_never_scheduled to None, run_after=None
[2025-10-05T17:20:57.625+0000] {logging_mixin.py:137} INFO - [2025-10-05T17:20:57.625+0000] {dag.py:3441} INFO - Setting next_dagrun for dataset_consumes_unknown_never_scheduled to None, run_after=None
[2025-10-05T17:20:57.629+0000] {logging_mixin.py:137} INFO - [2025-10-05T17:20:57.628+0000] {dag.py:3441} INFO - Setting next_dagrun for dataset_produces_1 to 2025-10-04T00:00:00+00:00, run_after=2025-10-05T00:00:00+00:00
[2025-10-05T17:20:57.631+0000] {logging_mixin.py:137} INFO - [2025-10-05T17:20:57.631+0000] {dag.py:3441} INFO - Setting next_dagrun for dataset_produces_2 to None, run_after=None
[2025-10-05T17:20:57.689+0000] {processor.py:175} INFO - Processing /home/airflow/.local/lib/python3.7/site-packages/airflow/example_dags/example_datasets.py took 0.207 seconds
[2025-10-05T17:21:27.758+0000] {processor.py:153} INFO - Started process (PID=456) to work on /home/airflow/.local/lib/python3.7/site-packages/airflow/example_dags/example_datasets.py
[2025-10-05T17:21:27.759+0000] {processor.py:743} INFO - Processing file /home/airflow/.local/lib/python3.7/site-packages/airflow/example_dags/example_datasets.py for tasks to queue
[2025-10-05T17:21:27.761+0000] {logging_mixin.py:137} INFO - [2025-10-05T17:21:27.760+0000] {dagbag.py:538} INFO - Filling up the DagBag from /home/airflow/.local/lib/python3.7/site-packages/airflow/example_dags/example_datasets.py
[2025-10-05T17:21:27.781+0000] {processor.py:753} INFO - DAG(s) dict_keys(['dataset_produces_2', 'dataset_produces_1', 'dataset_consumes_unknown_never_scheduled', 'dataset_consumes_1_and_2', 'dataset_consumes_1_never_scheduled', 'dataset_consumes_1']) retrieved from /home/airflow/.local/lib/python3.7/site-packages/airflow/example_dags/example_datasets.py
[2025-10-05T17:21:27.837+0000] {logging_mixin.py:137} INFO - [2025-10-05T17:21:27.837+0000] {dag.py:2690} INFO - Sync 6 DAGs
[2025-10-05T17:21:27.870+0000] {logging_mixin.py:137} INFO - [2025-10-05T17:21:27.870+0000] {dag.py:3441} INFO - Setting next_dagrun for dataset_consumes_1 to None, run_after=None
[2025-10-05T17:21:27.875+0000] {logging_mixin.py:137} INFO - [2025-10-05T17:21:27.874+0000] {dag.py:3441} INFO - Setting next_dagrun for dataset_consumes_1_and_2 to None, run_after=None
[2025-10-05T17:21:27.877+0000] {logging_mixin.py:137} INFO - [2025-10-05T17:21:27.877+0000] {dag.py:3441} INFO - Setting next_dagrun for dataset_consumes_1_never_scheduled to None, run_after=None
[2025-10-05T17:21:27.880+0000] {logging_mixin.py:137} INFO - [2025-10-05T17:21:27.879+0000] {dag.py:3441} INFO - Setting next_dagrun for dataset_consumes_unknown_never_scheduled to None, run_after=None
[2025-10-05T17:21:27.884+0000] {logging_mixin.py:137} INFO - [2025-10-05T17:21:27.884+0000] {dag.py:3441} INFO - Setting next_dagrun for dataset_produces_1 to 2025-10-04T00:00:00+00:00, run_after=2025-10-05T00:00:00+00:00
[2025-10-05T17:21:27.886+0000] {logging_mixin.py:137} INFO - [2025-10-05T17:21:27.886+0000] {dag.py:3441} INFO - Setting next_dagrun for dataset_produces_2 to None, run_after=None
[2025-10-05T17:21:27.942+0000] {processor.py:175} INFO - Processing /home/airflow/.local/lib/python3.7/site-packages/airflow/example_dags/example_datasets.py took 0.189 seconds
[2025-10-05T17:21:58.010+0000] {processor.py:153} INFO - Started process (PID=569) to work on /home/airflow/.local/lib/python3.7/site-packages/airflow/example_dags/example_datasets.py
[2025-10-05T17:21:58.012+0000] {processor.py:743} INFO - Processing file /home/airflow/.local/lib/python3.7/site-packages/airflow/example_dags/example_datasets.py for tasks to queue
[2025-10-05T17:21:58.013+0000] {logging_mixin.py:137} INFO - [2025-10-05T17:21:58.013+0000] {dagbag.py:538} INFO - Filling up the DagBag from /home/airflow/.local/lib/python3.7/site-packages/airflow/example_dags/example_datasets.py
[2025-10-05T17:21:58.031+0000] {processor.py:753} INFO - DAG(s) dict_keys(['dataset_produces_1', 'dataset_consumes_1_never_scheduled', 'dataset_consumes_1', 'dataset_consumes_unknown_never_scheduled', 'dataset_produces_2', 'dataset_consumes_1_and_2']) retrieved from /home/airflow/.local/lib/python3.7/site-packages/airflow/example_dags/example_datasets.py
[2025-10-05T17:21:58.081+0000] {logging_mixin.py:137} INFO - [2025-10-05T17:21:58.081+0000] {dag.py:2690} INFO - Sync 6 DAGs
[2025-10-05T17:21:58.111+0000] {logging_mixin.py:137} INFO - [2025-10-05T17:21:58.111+0000] {dag.py:3441} INFO - Setting next_dagrun for dataset_consumes_1 to None, run_after=None
[2025-10-05T17:21:58.117+0000] {logging_mixin.py:137} INFO - [2025-10-05T17:21:58.116+0000] {dag.py:3441} INFO - Setting next_dagrun for dataset_consumes_1_and_2 to None, run_after=None
[2025-10-05T17:21:58.118+0000] {logging_mixin.py:137} INFO - [2025-10-05T17:21:58.118+0000] {dag.py:3441} INFO - Setting next_dagrun for dataset_consumes_1_never_scheduled to None, run_after=None
[2025-10-05T17:21:58.120+0000] {logging_mixin.py:137} INFO - [2025-10-05T17:21:58.120+0000] {dag.py:3441} INFO - Setting next_dagrun for dataset_consumes_unknown_never_scheduled to None, run_after=None
[2025-10-05T17:21:58.123+0000] {logging_mixin.py:137} INFO - [2025-10-05T17:21:58.123+0000] {dag.py:3441} INFO - Setting next_dagrun for dataset_produces_1 to 2025-10-04T00:00:00+00:00, run_after=2025-10-05T00:00:00+00:00
[2025-10-05T17:21:58.125+0000] {logging_mixin.py:137} INFO - [2025-10-05T17:21:58.125+0000] {dag.py:3441} INFO - Setting next_dagrun for dataset_produces_2 to None, run_after=None
[2025-10-05T17:21:58.164+0000] {processor.py:175} INFO - Processing /home/airflow/.local/lib/python3.7/site-packages/airflow/example_dags/example_datasets.py took 0.158 seconds
[2025-10-05T17:22:28.240+0000] {processor.py:153} INFO - Started process (PID=658) to work on /home/airflow/.local/lib/python3.7/site-packages/airflow/example_dags/example_datasets.py
[2025-10-05T17:22:28.241+0000] {processor.py:743} INFO - Processing file /home/airflow/.local/lib/python3.7/site-packages/airflow/example_dags/example_datasets.py for tasks to queue
[2025-10-05T17:22:28.242+0000] {logging_mixin.py:137} INFO - [2025-10-05T17:22:28.242+0000] {dagbag.py:538} INFO - Filling up the DagBag from /home/airflow/.local/lib/python3.7/site-packages/airflow/example_dags/example_datasets.py
[2025-10-05T17:22:28.260+0000] {processor.py:753} INFO - DAG(s) dict_keys(['dataset_consumes_1_never_scheduled', 'dataset_consumes_1', 'dataset_produces_2', 'dataset_consumes_unknown_never_scheduled', 'dataset_consumes_1_and_2', 'dataset_produces_1']) retrieved from /home/airflow/.local/lib/python3.7/site-packages/airflow/example_dags/example_datasets.py
[2025-10-05T17:22:28.314+0000] {logging_mixin.py:137} INFO - [2025-10-05T17:22:28.314+0000] {dag.py:2690} INFO - Sync 6 DAGs
[2025-10-05T17:22:28.345+0000] {logging_mixin.py:137} INFO - [2025-10-05T17:22:28.345+0000] {dag.py:3441} INFO - Setting next_dagrun for dataset_consumes_1 to None, run_after=None
[2025-10-05T17:22:28.349+0000] {logging_mixin.py:137} INFO - [2025-10-05T17:22:28.349+0000] {dag.py:3441} INFO - Setting next_dagrun for dataset_consumes_1_and_2 to None, run_after=None
[2025-10-05T17:22:28.351+0000] {logging_mixin.py:137} INFO - [2025-10-05T17:22:28.351+0000] {dag.py:3441} INFO - Setting next_dagrun for dataset_consumes_1_never_scheduled to None, run_after=None
[2025-10-05T17:22:28.353+0000] {logging_mixin.py:137} INFO - [2025-10-05T17:22:28.353+0000] {dag.py:3441} INFO - Setting next_dagrun for dataset_consumes_unknown_never_scheduled to None, run_after=None
[2025-10-05T17:22:28.356+0000] {logging_mixin.py:137} INFO - [2025-10-05T17:22:28.356+0000] {dag.py:3441} INFO - Setting next_dagrun for dataset_produces_1 to 2025-10-04T00:00:00+00:00, run_after=2025-10-05T00:00:00+00:00
[2025-10-05T17:22:28.358+0000] {logging_mixin.py:137} INFO - [2025-10-05T17:22:28.358+0000] {dag.py:3441} INFO - Setting next_dagrun for dataset_produces_2 to None, run_after=None
[2025-10-05T17:22:28.412+0000] {processor.py:175} INFO - Processing /home/airflow/.local/lib/python3.7/site-packages/airflow/example_dags/example_datasets.py took 0.176 seconds
[2025-10-05T17:22:58.663+0000] {processor.py:153} INFO - Started process (PID=756) to work on /home/airflow/.local/lib/python3.7/site-packages/airflow/example_dags/example_datasets.py
[2025-10-05T17:22:58.664+0000] {processor.py:743} INFO - Processing file /home/airflow/.local/lib/python3.7/site-packages/airflow/example_dags/example_datasets.py for tasks to queue
[2025-10-05T17:22:58.666+0000] {logging_mixin.py:137} INFO - [2025-10-05T17:22:58.665+0000] {dagbag.py:538} INFO - Filling up the DagBag from /home/airflow/.local/lib/python3.7/site-packages/airflow/example_dags/example_datasets.py
[2025-10-05T17:22:58.687+0000] {processor.py:753} INFO - DAG(s) dict_keys(['dataset_consumes_unknown_never_scheduled', 'dataset_produces_1', 'dataset_consumes_1_never_scheduled', 'dataset_consumes_1_and_2', 'dataset_consumes_1', 'dataset_produces_2']) retrieved from /home/airflow/.local/lib/python3.7/site-packages/airflow/example_dags/example_datasets.py
[2025-10-05T17:22:58.761+0000] {logging_mixin.py:137} INFO - [2025-10-05T17:22:58.760+0000] {dag.py:2690} INFO - Sync 6 DAGs
[2025-10-05T17:22:58.812+0000] {logging_mixin.py:137} INFO - [2025-10-05T17:22:58.811+0000] {dag.py:3441} INFO - Setting next_dagrun for dataset_consumes_1 to None, run_after=None
[2025-10-05T17:22:58.818+0000] {logging_mixin.py:137} INFO - [2025-10-05T17:22:58.817+0000] {dag.py:3441} INFO - Setting next_dagrun for dataset_consumes_1_and_2 to None, run_after=None
[2025-10-05T17:22:58.820+0000] {logging_mixin.py:137} INFO - [2025-10-05T17:22:58.820+0000] {dag.py:3441} INFO - Setting next_dagrun for dataset_consumes_1_never_scheduled to None, run_after=None
[2025-10-05T17:22:58.826+0000] {logging_mixin.py:137} INFO - [2025-10-05T17:22:58.825+0000] {dag.py:3441} INFO - Setting next_dagrun for dataset_consumes_unknown_never_scheduled to None, run_after=None
[2025-10-05T17:22:58.831+0000] {logging_mixin.py:137} INFO - [2025-10-05T17:22:58.831+0000] {dag.py:3441} INFO - Setting next_dagrun for dataset_produces_1 to 2025-10-04T00:00:00+00:00, run_after=2025-10-05T00:00:00+00:00
[2025-10-05T17:22:58.840+0000] {logging_mixin.py:137} INFO - [2025-10-05T17:22:58.840+0000] {dag.py:3441} INFO - Setting next_dagrun for dataset_produces_2 to None, run_after=None
[2025-10-05T17:22:58.900+0000] {processor.py:175} INFO - Processing /home/airflow/.local/lib/python3.7/site-packages/airflow/example_dags/example_datasets.py took 0.243 seconds
[2025-10-05T17:23:29.068+0000] {processor.py:153} INFO - Started process (PID=861) to work on /home/airflow/.local/lib/python3.7/site-packages/airflow/example_dags/example_datasets.py
[2025-10-05T17:23:29.070+0000] {processor.py:743} INFO - Processing file /home/airflow/.local/lib/python3.7/site-packages/airflow/example_dags/example_datasets.py for tasks to queue
[2025-10-05T17:23:29.071+0000] {logging_mixin.py:137} INFO - [2025-10-05T17:23:29.071+0000] {dagbag.py:538} INFO - Filling up the DagBag from /home/airflow/.local/lib/python3.7/site-packages/airflow/example_dags/example_datasets.py
[2025-10-05T17:23:29.091+0000] {processor.py:753} INFO - DAG(s) dict_keys(['dataset_produces_2', 'dataset_consumes_1_never_scheduled', 'dataset_consumes_1', 'dataset_produces_1', 'dataset_consumes_1_and_2', 'dataset_consumes_unknown_never_scheduled']) retrieved from /home/airflow/.local/lib/python3.7/site-packages/airflow/example_dags/example_datasets.py
[2025-10-05T17:23:29.146+0000] {logging_mixin.py:137} INFO - [2025-10-05T17:23:29.146+0000] {dag.py:2690} INFO - Sync 6 DAGs
[2025-10-05T17:23:29.179+0000] {logging_mixin.py:137} INFO - [2025-10-05T17:23:29.179+0000] {dag.py:3441} INFO - Setting next_dagrun for dataset_consumes_1 to None, run_after=None
[2025-10-05T17:23:29.183+0000] {logging_mixin.py:137} INFO - [2025-10-05T17:23:29.183+0000] {dag.py:3441} INFO - Setting next_dagrun for dataset_consumes_1_and_2 to None, run_after=None
[2025-10-05T17:23:29.185+0000] {logging_mixin.py:137} INFO - [2025-10-05T17:23:29.185+0000] {dag.py:3441} INFO - Setting next_dagrun for dataset_consumes_1_never_scheduled to None, run_after=None
[2025-10-05T17:23:29.187+0000] {logging_mixin.py:137} INFO - [2025-10-05T17:23:29.187+0000] {dag.py:3441} INFO - Setting next_dagrun for dataset_consumes_unknown_never_scheduled to None, run_after=None
[2025-10-05T17:23:29.191+0000] {logging_mixin.py:137} INFO - [2025-10-05T17:23:29.190+0000] {dag.py:3441} INFO - Setting next_dagrun for dataset_produces_1 to 2025-10-04T00:00:00+00:00, run_after=2025-10-05T00:00:00+00:00
[2025-10-05T17:23:29.193+0000] {logging_mixin.py:137} INFO - [2025-10-05T17:23:29.193+0000] {dag.py:3441} INFO - Setting next_dagrun for dataset_produces_2 to None, run_after=None
[2025-10-05T17:23:29.241+0000] {processor.py:175} INFO - Processing /home/airflow/.local/lib/python3.7/site-packages/airflow/example_dags/example_datasets.py took 0.177 seconds
[2025-10-05T17:24:00.071+0000] {processor.py:153} INFO - Started process (PID=950) to work on /home/airflow/.local/lib/python3.7/site-packages/airflow/example_dags/example_datasets.py
[2025-10-05T17:24:00.073+0000] {processor.py:743} INFO - Processing file /home/airflow/.local/lib/python3.7/site-packages/airflow/example_dags/example_datasets.py for tasks to queue
[2025-10-05T17:24:00.075+0000] {logging_mixin.py:137} INFO - [2025-10-05T17:24:00.074+0000] {dagbag.py:538} INFO - Filling up the DagBag from /home/airflow/.local/lib/python3.7/site-packages/airflow/example_dags/example_datasets.py
[2025-10-05T17:24:00.097+0000] {processor.py:753} INFO - DAG(s) dict_keys(['dataset_consumes_1_and_2', 'dataset_consumes_1', 'dataset_consumes_unknown_never_scheduled', 'dataset_produces_2', 'dataset_produces_1', 'dataset_consumes_1_never_scheduled']) retrieved from /home/airflow/.local/lib/python3.7/site-packages/airflow/example_dags/example_datasets.py
[2025-10-05T17:24:00.152+0000] {logging_mixin.py:137} INFO - [2025-10-05T17:24:00.152+0000] {dag.py:2690} INFO - Sync 6 DAGs
[2025-10-05T17:24:00.185+0000] {logging_mixin.py:137} INFO - [2025-10-05T17:24:00.185+0000] {dag.py:3441} INFO - Setting next_dagrun for dataset_consumes_1 to None, run_after=None
[2025-10-05T17:24:00.190+0000] {logging_mixin.py:137} INFO - [2025-10-05T17:24:00.190+0000] {dag.py:3441} INFO - Setting next_dagrun for dataset_consumes_1_and_2 to None, run_after=None
[2025-10-05T17:24:00.193+0000] {logging_mixin.py:137} INFO - [2025-10-05T17:24:00.193+0000] {dag.py:3441} INFO - Setting next_dagrun for dataset_consumes_1_never_scheduled to None, run_after=None
[2025-10-05T17:24:00.195+0000] {logging_mixin.py:137} INFO - [2025-10-05T17:24:00.195+0000] {dag.py:3441} INFO - Setting next_dagrun for dataset_consumes_unknown_never_scheduled to None, run_after=None
[2025-10-05T17:24:00.199+0000] {logging_mixin.py:137} INFO - [2025-10-05T17:24:00.199+0000] {dag.py:3441} INFO - Setting next_dagrun for dataset_produces_1 to 2025-10-04T00:00:00+00:00, run_after=2025-10-05T00:00:00+00:00
[2025-10-05T17:24:00.201+0000] {logging_mixin.py:137} INFO - [2025-10-05T17:24:00.201+0000] {dag.py:3441} INFO - Setting next_dagrun for dataset_produces_2 to None, run_after=None
[2025-10-05T17:24:00.249+0000] {processor.py:175} INFO - Processing /home/airflow/.local/lib/python3.7/site-packages/airflow/example_dags/example_datasets.py took 0.182 seconds
[2025-10-05T17:24:30.904+0000] {processor.py:153} INFO - Started process (PID=1063) to work on /home/airflow/.local/lib/python3.7/site-packages/airflow/example_dags/example_datasets.py
[2025-10-05T17:24:30.905+0000] {processor.py:743} INFO - Processing file /home/airflow/.local/lib/python3.7/site-packages/airflow/example_dags/example_datasets.py for tasks to queue
[2025-10-05T17:24:30.907+0000] {logging_mixin.py:137} INFO - [2025-10-05T17:24:30.907+0000] {dagbag.py:538} INFO - Filling up the DagBag from /home/airflow/.local/lib/python3.7/site-packages/airflow/example_dags/example_datasets.py
[2025-10-05T17:24:30.930+0000] {processor.py:753} INFO - DAG(s) dict_keys(['dataset_consumes_1', 'dataset_produces_2', 'dataset_produces_1', 'dataset_consumes_unknown_never_scheduled', 'dataset_consumes_1_never_scheduled', 'dataset_consumes_1_and_2']) retrieved from /home/airflow/.local/lib/python3.7/site-packages/airflow/example_dags/example_datasets.py
[2025-10-05T17:24:30.990+0000] {logging_mixin.py:137} INFO - [2025-10-05T17:24:30.990+0000] {dag.py:2690} INFO - Sync 6 DAGs
[2025-10-05T17:24:31.020+0000] {logging_mixin.py:137} INFO - [2025-10-05T17:24:31.019+0000] {dag.py:3441} INFO - Setting next_dagrun for dataset_consumes_1 to None, run_after=None
[2025-10-05T17:24:31.024+0000] {logging_mixin.py:137} INFO - [2025-10-05T17:24:31.024+0000] {dag.py:3441} INFO - Setting next_dagrun for dataset_consumes_1_and_2 to None, run_after=None
[2025-10-05T17:24:31.026+0000] {logging_mixin.py:137} INFO - [2025-10-05T17:24:31.026+0000] {dag.py:3441} INFO - Setting next_dagrun for dataset_consumes_1_never_scheduled to None, run_after=None
[2025-10-05T17:24:31.028+0000] {logging_mixin.py:137} INFO - [2025-10-05T17:24:31.028+0000] {dag.py:3441} INFO - Setting next_dagrun for dataset_consumes_unknown_never_scheduled to None, run_after=None
[2025-10-05T17:24:31.031+0000] {logging_mixin.py:137} INFO - [2025-10-05T17:24:31.031+0000] {dag.py:3441} INFO - Setting next_dagrun for dataset_produces_1 to 2025-10-04T00:00:00+00:00, run_after=2025-10-05T00:00:00+00:00
[2025-10-05T17:24:31.033+0000] {logging_mixin.py:137} INFO - [2025-10-05T17:24:31.033+0000] {dag.py:3441} INFO - Setting next_dagrun for dataset_produces_2 to None, run_after=None
[2025-10-05T17:24:31.079+0000] {processor.py:175} INFO - Processing /home/airflow/.local/lib/python3.7/site-packages/airflow/example_dags/example_datasets.py took 0.179 seconds
[2025-10-05T17:25:01.148+0000] {processor.py:153} INFO - Started process (PID=1152) to work on /home/airflow/.local/lib/python3.7/site-packages/airflow/example_dags/example_datasets.py
[2025-10-05T17:25:01.149+0000] {processor.py:743} INFO - Processing file /home/airflow/.local/lib/python3.7/site-packages/airflow/example_dags/example_datasets.py for tasks to queue
[2025-10-05T17:25:01.150+0000] {logging_mixin.py:137} INFO - [2025-10-05T17:25:01.150+0000] {dagbag.py:538} INFO - Filling up the DagBag from /home/airflow/.local/lib/python3.7/site-packages/airflow/example_dags/example_datasets.py
[2025-10-05T17:25:01.168+0000] {processor.py:753} INFO - DAG(s) dict_keys(['dataset_consumes_1_never_scheduled', 'dataset_consumes_unknown_never_scheduled', 'dataset_produces_2', 'dataset_produces_1', 'dataset_consumes_1', 'dataset_consumes_1_and_2']) retrieved from /home/airflow/.local/lib/python3.7/site-packages/airflow/example_dags/example_datasets.py
[2025-10-05T17:25:01.217+0000] {logging_mixin.py:137} INFO - [2025-10-05T17:25:01.217+0000] {dag.py:2690} INFO - Sync 6 DAGs
[2025-10-05T17:25:01.247+0000] {logging_mixin.py:137} INFO - [2025-10-05T17:25:01.247+0000] {dag.py:3441} INFO - Setting next_dagrun for dataset_consumes_1 to None, run_after=None
[2025-10-05T17:25:01.251+0000] {logging_mixin.py:137} INFO - [2025-10-05T17:25:01.251+0000] {dag.py:3441} INFO - Setting next_dagrun for dataset_consumes_1_and_2 to None, run_after=None
[2025-10-05T17:25:01.254+0000] {logging_mixin.py:137} INFO - [2025-10-05T17:25:01.254+0000] {dag.py:3441} INFO - Setting next_dagrun for dataset_consumes_1_never_scheduled to None, run_after=None
[2025-10-05T17:25:01.256+0000] {logging_mixin.py:137} INFO - [2025-10-05T17:25:01.256+0000] {dag.py:3441} INFO - Setting next_dagrun for dataset_consumes_unknown_never_scheduled to None, run_after=None
[2025-10-05T17:25:01.259+0000] {logging_mixin.py:137} INFO - [2025-10-05T17:25:01.259+0000] {dag.py:3441} INFO - Setting next_dagrun for dataset_produces_1 to 2025-10-04T00:00:00+00:00, run_after=2025-10-05T00:00:00+00:00
[2025-10-05T17:25:01.262+0000] {logging_mixin.py:137} INFO - [2025-10-05T17:25:01.262+0000] {dag.py:3441} INFO - Setting next_dagrun for dataset_produces_2 to None, run_after=None
[2025-10-05T17:25:01.302+0000] {processor.py:175} INFO - Processing /home/airflow/.local/lib/python3.7/site-packages/airflow/example_dags/example_datasets.py took 0.159 seconds
[2025-10-05T17:25:32.200+0000] {processor.py:153} INFO - Started process (PID=1265) to work on /home/airflow/.local/lib/python3.7/site-packages/airflow/example_dags/example_datasets.py
[2025-10-05T17:25:32.203+0000] {processor.py:743} INFO - Processing file /home/airflow/.local/lib/python3.7/site-packages/airflow/example_dags/example_datasets.py for tasks to queue
[2025-10-05T17:25:32.204+0000] {logging_mixin.py:137} INFO - [2025-10-05T17:25:32.204+0000] {dagbag.py:538} INFO - Filling up the DagBag from /home/airflow/.local/lib/python3.7/site-packages/airflow/example_dags/example_datasets.py
[2025-10-05T17:25:32.224+0000] {processor.py:753} INFO - DAG(s) dict_keys(['dataset_produces_1', 'dataset_consumes_1_never_scheduled', 'dataset_consumes_1_and_2', 'dataset_produces_2', 'dataset_consumes_unknown_never_scheduled', 'dataset_consumes_1']) retrieved from /home/airflow/.local/lib/python3.7/site-packages/airflow/example_dags/example_datasets.py
[2025-10-05T17:25:32.280+0000] {logging_mixin.py:137} INFO - [2025-10-05T17:25:32.279+0000] {dag.py:2690} INFO - Sync 6 DAGs
[2025-10-05T17:25:32.308+0000] {logging_mixin.py:137} INFO - [2025-10-05T17:25:32.308+0000] {dag.py:3441} INFO - Setting next_dagrun for dataset_consumes_1 to None, run_after=None
[2025-10-05T17:25:32.312+0000] {logging_mixin.py:137} INFO - [2025-10-05T17:25:32.312+0000] {dag.py:3441} INFO - Setting next_dagrun for dataset_consumes_1_and_2 to None, run_after=None
[2025-10-05T17:25:32.314+0000] {logging_mixin.py:137} INFO - [2025-10-05T17:25:32.314+0000] {dag.py:3441} INFO - Setting next_dagrun for dataset_consumes_1_never_scheduled to None, run_after=None
[2025-10-05T17:25:32.316+0000] {logging_mixin.py:137} INFO - [2025-10-05T17:25:32.316+0000] {dag.py:3441} INFO - Setting next_dagrun for dataset_consumes_unknown_never_scheduled to None, run_after=None
[2025-10-05T17:25:32.320+0000] {logging_mixin.py:137} INFO - [2025-10-05T17:25:32.320+0000] {dag.py:3441} INFO - Setting next_dagrun for dataset_produces_1 to 2025-10-04T00:00:00+00:00, run_after=2025-10-05T00:00:00+00:00
[2025-10-05T17:25:32.323+0000] {logging_mixin.py:137} INFO - [2025-10-05T17:25:32.323+0000] {dag.py:3441} INFO - Setting next_dagrun for dataset_produces_2 to None, run_after=None
[2025-10-05T17:25:32.371+0000] {processor.py:175} INFO - Processing /home/airflow/.local/lib/python3.7/site-packages/airflow/example_dags/example_datasets.py took 0.175 seconds
[2025-10-05T17:26:02.894+0000] {processor.py:153} INFO - Started process (PID=1354) to work on /home/airflow/.local/lib/python3.7/site-packages/airflow/example_dags/example_datasets.py
[2025-10-05T17:26:02.895+0000] {processor.py:743} INFO - Processing file /home/airflow/.local/lib/python3.7/site-packages/airflow/example_dags/example_datasets.py for tasks to queue
[2025-10-05T17:26:02.896+0000] {logging_mixin.py:137} INFO - [2025-10-05T17:26:02.896+0000] {dagbag.py:538} INFO - Filling up the DagBag from /home/airflow/.local/lib/python3.7/site-packages/airflow/example_dags/example_datasets.py
[2025-10-05T17:26:02.914+0000] {processor.py:753} INFO - DAG(s) dict_keys(['dataset_consumes_1_never_scheduled', 'dataset_produces_2', 'dataset_consumes_unknown_never_scheduled', 'dataset_consumes_1_and_2', 'dataset_consumes_1', 'dataset_produces_1']) retrieved from /home/airflow/.local/lib/python3.7/site-packages/airflow/example_dags/example_datasets.py
[2025-10-05T17:26:02.968+0000] {logging_mixin.py:137} INFO - [2025-10-05T17:26:02.968+0000] {dag.py:2690} INFO - Sync 6 DAGs
[2025-10-05T17:26:03.001+0000] {logging_mixin.py:137} INFO - [2025-10-05T17:26:03.001+0000] {dag.py:3441} INFO - Setting next_dagrun for dataset_consumes_1 to None, run_after=None
[2025-10-05T17:26:03.005+0000] {logging_mixin.py:137} INFO - [2025-10-05T17:26:03.005+0000] {dag.py:3441} INFO - Setting next_dagrun for dataset_consumes_1_and_2 to None, run_after=None
[2025-10-05T17:26:03.007+0000] {logging_mixin.py:137} INFO - [2025-10-05T17:26:03.007+0000] {dag.py:3441} INFO - Setting next_dagrun for dataset_consumes_1_never_scheduled to None, run_after=None
[2025-10-05T17:26:03.010+0000] {logging_mixin.py:137} INFO - [2025-10-05T17:26:03.010+0000] {dag.py:3441} INFO - Setting next_dagrun for dataset_consumes_unknown_never_scheduled to None, run_after=None
[2025-10-05T17:26:03.014+0000] {logging_mixin.py:137} INFO - [2025-10-05T17:26:03.014+0000] {dag.py:3441} INFO - Setting next_dagrun for dataset_produces_1 to 2025-10-04T00:00:00+00:00, run_after=2025-10-05T00:00:00+00:00
[2025-10-05T17:26:03.016+0000] {logging_mixin.py:137} INFO - [2025-10-05T17:26:03.016+0000] {dag.py:3441} INFO - Setting next_dagrun for dataset_produces_2 to None, run_after=None
[2025-10-05T17:26:03.060+0000] {processor.py:175} INFO - Processing /home/airflow/.local/lib/python3.7/site-packages/airflow/example_dags/example_datasets.py took 0.170 seconds
[2025-10-05T17:26:34.258+0000] {processor.py:153} INFO - Started process (PID=1467) to work on /home/airflow/.local/lib/python3.7/site-packages/airflow/example_dags/example_datasets.py
[2025-10-05T17:26:34.260+0000] {processor.py:743} INFO - Processing file /home/airflow/.local/lib/python3.7/site-packages/airflow/example_dags/example_datasets.py for tasks to queue
[2025-10-05T17:26:34.261+0000] {logging_mixin.py:137} INFO - [2025-10-05T17:26:34.261+0000] {dagbag.py:538} INFO - Filling up the DagBag from /home/airflow/.local/lib/python3.7/site-packages/airflow/example_dags/example_datasets.py
[2025-10-05T17:26:34.302+0000] {processor.py:753} INFO - DAG(s) dict_keys(['dataset_consumes_unknown_never_scheduled', 'dataset_produces_2', 'dataset_consumes_1_and_2', 'dataset_produces_1', 'dataset_consumes_1', 'dataset_consumes_1_never_scheduled']) retrieved from /home/airflow/.local/lib/python3.7/site-packages/airflow/example_dags/example_datasets.py
[2025-10-05T17:26:34.414+0000] {logging_mixin.py:137} INFO - [2025-10-05T17:26:34.414+0000] {dag.py:2690} INFO - Sync 6 DAGs
[2025-10-05T17:26:34.484+0000] {logging_mixin.py:137} INFO - [2025-10-05T17:26:34.483+0000] {dag.py:3441} INFO - Setting next_dagrun for dataset_consumes_1 to None, run_after=None
[2025-10-05T17:26:34.493+0000] {logging_mixin.py:137} INFO - [2025-10-05T17:26:34.493+0000] {dag.py:3441} INFO - Setting next_dagrun for dataset_consumes_1_and_2 to None, run_after=None
[2025-10-05T17:26:34.497+0000] {logging_mixin.py:137} INFO - [2025-10-05T17:26:34.497+0000] {dag.py:3441} INFO - Setting next_dagrun for dataset_consumes_1_never_scheduled to None, run_after=None
[2025-10-05T17:26:34.501+0000] {logging_mixin.py:137} INFO - [2025-10-05T17:26:34.501+0000] {dag.py:3441} INFO - Setting next_dagrun for dataset_consumes_unknown_never_scheduled to None, run_after=None
[2025-10-05T17:26:34.510+0000] {logging_mixin.py:137} INFO - [2025-10-05T17:26:34.509+0000] {dag.py:3441} INFO - Setting next_dagrun for dataset_produces_1 to 2025-10-04T00:00:00+00:00, run_after=2025-10-05T00:00:00+00:00
[2025-10-05T17:26:34.514+0000] {logging_mixin.py:137} INFO - [2025-10-05T17:26:34.514+0000] {dag.py:3441} INFO - Setting next_dagrun for dataset_produces_2 to None, run_after=None
[2025-10-05T17:26:34.634+0000] {processor.py:175} INFO - Processing /home/airflow/.local/lib/python3.7/site-packages/airflow/example_dags/example_datasets.py took 0.382 seconds
[2025-10-05T17:27:04.946+0000] {processor.py:153} INFO - Started process (PID=1556) to work on /home/airflow/.local/lib/python3.7/site-packages/airflow/example_dags/example_datasets.py
[2025-10-05T17:27:04.947+0000] {processor.py:743} INFO - Processing file /home/airflow/.local/lib/python3.7/site-packages/airflow/example_dags/example_datasets.py for tasks to queue
[2025-10-05T17:27:04.948+0000] {logging_mixin.py:137} INFO - [2025-10-05T17:27:04.948+0000] {dagbag.py:538} INFO - Filling up the DagBag from /home/airflow/.local/lib/python3.7/site-packages/airflow/example_dags/example_datasets.py
[2025-10-05T17:27:04.969+0000] {processor.py:753} INFO - DAG(s) dict_keys(['dataset_consumes_1', 'dataset_consumes_unknown_never_scheduled', 'dataset_produces_1', 'dataset_consumes_1_never_scheduled', 'dataset_consumes_1_and_2', 'dataset_produces_2']) retrieved from /home/airflow/.local/lib/python3.7/site-packages/airflow/example_dags/example_datasets.py
[2025-10-05T17:27:05.021+0000] {logging_mixin.py:137} INFO - [2025-10-05T17:27:05.021+0000] {dag.py:2690} INFO - Sync 6 DAGs
[2025-10-05T17:27:05.053+0000] {logging_mixin.py:137} INFO - [2025-10-05T17:27:05.053+0000] {dag.py:3441} INFO - Setting next_dagrun for dataset_consumes_1 to None, run_after=None
[2025-10-05T17:27:05.058+0000] {logging_mixin.py:137} INFO - [2025-10-05T17:27:05.058+0000] {dag.py:3441} INFO - Setting next_dagrun for dataset_consumes_1_and_2 to None, run_after=None
[2025-10-05T17:27:05.060+0000] {logging_mixin.py:137} INFO - [2025-10-05T17:27:05.060+0000] {dag.py:3441} INFO - Setting next_dagrun for dataset_consumes_1_never_scheduled to None, run_after=None
[2025-10-05T17:27:05.062+0000] {logging_mixin.py:137} INFO - [2025-10-05T17:27:05.062+0000] {dag.py:3441} INFO - Setting next_dagrun for dataset_consumes_unknown_never_scheduled to None, run_after=None
[2025-10-05T17:27:05.066+0000] {logging_mixin.py:137} INFO - [2025-10-05T17:27:05.066+0000] {dag.py:3441} INFO - Setting next_dagrun for dataset_produces_1 to 2025-10-04T00:00:00+00:00, run_after=2025-10-05T00:00:00+00:00
[2025-10-05T17:27:05.068+0000] {logging_mixin.py:137} INFO - [2025-10-05T17:27:05.068+0000] {dag.py:3441} INFO - Setting next_dagrun for dataset_produces_2 to None, run_after=None
[2025-10-05T17:27:05.116+0000] {processor.py:175} INFO - Processing /home/airflow/.local/lib/python3.7/site-packages/airflow/example_dags/example_datasets.py took 0.175 seconds
[2025-10-05T17:27:35.929+0000] {processor.py:153} INFO - Started process (PID=1645) to work on /home/airflow/.local/lib/python3.7/site-packages/airflow/example_dags/example_datasets.py
[2025-10-05T17:27:35.931+0000] {processor.py:743} INFO - Processing file /home/airflow/.local/lib/python3.7/site-packages/airflow/example_dags/example_datasets.py for tasks to queue
[2025-10-05T17:27:35.932+0000] {logging_mixin.py:137} INFO - [2025-10-05T17:27:35.932+0000] {dagbag.py:538} INFO - Filling up the DagBag from /home/airflow/.local/lib/python3.7/site-packages/airflow/example_dags/example_datasets.py
[2025-10-05T17:27:35.952+0000] {processor.py:753} INFO - DAG(s) dict_keys(['dataset_produces_1', 'dataset_consumes_unknown_never_scheduled', 'dataset_consumes_1', 'dataset_produces_2', 'dataset_consumes_1_never_scheduled', 'dataset_consumes_1_and_2']) retrieved from /home/airflow/.local/lib/python3.7/site-packages/airflow/example_dags/example_datasets.py
[2025-10-05T17:27:36.008+0000] {logging_mixin.py:137} INFO - [2025-10-05T17:27:36.008+0000] {dag.py:2690} INFO - Sync 6 DAGs
[2025-10-05T17:27:36.039+0000] {logging_mixin.py:137} INFO - [2025-10-05T17:27:36.038+0000] {dag.py:3441} INFO - Setting next_dagrun for dataset_consumes_1 to None, run_after=None
[2025-10-05T17:27:36.043+0000] {logging_mixin.py:137} INFO - [2025-10-05T17:27:36.043+0000] {dag.py:3441} INFO - Setting next_dagrun for dataset_consumes_1_and_2 to None, run_after=None
[2025-10-05T17:27:36.045+0000] {logging_mixin.py:137} INFO - [2025-10-05T17:27:36.045+0000] {dag.py:3441} INFO - Setting next_dagrun for dataset_consumes_1_never_scheduled to None, run_after=None
[2025-10-05T17:27:36.047+0000] {logging_mixin.py:137} INFO - [2025-10-05T17:27:36.047+0000] {dag.py:3441} INFO - Setting next_dagrun for dataset_consumes_unknown_never_scheduled to None, run_after=None
[2025-10-05T17:27:36.050+0000] {logging_mixin.py:137} INFO - [2025-10-05T17:27:36.050+0000] {dag.py:3441} INFO - Setting next_dagrun for dataset_produces_1 to 2025-10-04T00:00:00+00:00, run_after=2025-10-05T00:00:00+00:00
[2025-10-05T17:27:36.053+0000] {logging_mixin.py:137} INFO - [2025-10-05T17:27:36.053+0000] {dag.py:3441} INFO - Setting next_dagrun for dataset_produces_2 to None, run_after=None
[2025-10-05T17:27:36.102+0000] {processor.py:175} INFO - Processing /home/airflow/.local/lib/python3.7/site-packages/airflow/example_dags/example_datasets.py took 0.177 seconds
[2025-10-05T17:28:07.123+0000] {processor.py:153} INFO - Started process (PID=1759) to work on /home/airflow/.local/lib/python3.7/site-packages/airflow/example_dags/example_datasets.py
[2025-10-05T17:28:07.125+0000] {processor.py:743} INFO - Processing file /home/airflow/.local/lib/python3.7/site-packages/airflow/example_dags/example_datasets.py for tasks to queue
[2025-10-05T17:28:07.126+0000] {logging_mixin.py:137} INFO - [2025-10-05T17:28:07.126+0000] {dagbag.py:538} INFO - Filling up the DagBag from /home/airflow/.local/lib/python3.7/site-packages/airflow/example_dags/example_datasets.py
[2025-10-05T17:28:07.148+0000] {processor.py:753} INFO - DAG(s) dict_keys(['dataset_produces_2', 'dataset_consumes_1', 'dataset_consumes_unknown_never_scheduled', 'dataset_produces_1', 'dataset_consumes_1_and_2', 'dataset_consumes_1_never_scheduled']) retrieved from /home/airflow/.local/lib/python3.7/site-packages/airflow/example_dags/example_datasets.py
[2025-10-05T17:28:07.213+0000] {logging_mixin.py:137} INFO - [2025-10-05T17:28:07.213+0000] {dag.py:2690} INFO - Sync 6 DAGs
[2025-10-05T17:28:07.248+0000] {logging_mixin.py:137} INFO - [2025-10-05T17:28:07.248+0000] {dag.py:3441} INFO - Setting next_dagrun for dataset_consumes_1 to None, run_after=None
[2025-10-05T17:28:07.253+0000] {logging_mixin.py:137} INFO - [2025-10-05T17:28:07.253+0000] {dag.py:3441} INFO - Setting next_dagrun for dataset_consumes_1_and_2 to None, run_after=None
[2025-10-05T17:28:07.256+0000] {logging_mixin.py:137} INFO - [2025-10-05T17:28:07.256+0000] {dag.py:3441} INFO - Setting next_dagrun for dataset_consumes_1_never_scheduled to None, run_after=None
[2025-10-05T17:28:07.258+0000] {logging_mixin.py:137} INFO - [2025-10-05T17:28:07.258+0000] {dag.py:3441} INFO - Setting next_dagrun for dataset_consumes_unknown_never_scheduled to None, run_after=None
[2025-10-05T17:28:07.261+0000] {logging_mixin.py:137} INFO - [2025-10-05T17:28:07.261+0000] {dag.py:3441} INFO - Setting next_dagrun for dataset_produces_1 to 2025-10-04T00:00:00+00:00, run_after=2025-10-05T00:00:00+00:00
[2025-10-05T17:28:07.264+0000] {logging_mixin.py:137} INFO - [2025-10-05T17:28:07.264+0000] {dag.py:3441} INFO - Setting next_dagrun for dataset_produces_2 to None, run_after=None
[2025-10-05T17:28:07.313+0000] {processor.py:175} INFO - Processing /home/airflow/.local/lib/python3.7/site-packages/airflow/example_dags/example_datasets.py took 0.194 seconds
[2025-10-05T17:28:37.999+0000] {processor.py:153} INFO - Started process (PID=1848) to work on /home/airflow/.local/lib/python3.7/site-packages/airflow/example_dags/example_datasets.py
[2025-10-05T17:28:38.000+0000] {processor.py:743} INFO - Processing file /home/airflow/.local/lib/python3.7/site-packages/airflow/example_dags/example_datasets.py for tasks to queue
[2025-10-05T17:28:38.002+0000] {logging_mixin.py:137} INFO - [2025-10-05T17:28:38.001+0000] {dagbag.py:538} INFO - Filling up the DagBag from /home/airflow/.local/lib/python3.7/site-packages/airflow/example_dags/example_datasets.py
[2025-10-05T17:28:38.022+0000] {processor.py:753} INFO - DAG(s) dict_keys(['dataset_consumes_1_and_2', 'dataset_consumes_1_never_scheduled', 'dataset_produces_1', 'dataset_produces_2', 'dataset_consumes_unknown_never_scheduled', 'dataset_consumes_1']) retrieved from /home/airflow/.local/lib/python3.7/site-packages/airflow/example_dags/example_datasets.py
[2025-10-05T17:28:38.077+0000] {logging_mixin.py:137} INFO - [2025-10-05T17:28:38.077+0000] {dag.py:2690} INFO - Sync 6 DAGs
[2025-10-05T17:28:38.108+0000] {logging_mixin.py:137} INFO - [2025-10-05T17:28:38.108+0000] {dag.py:3441} INFO - Setting next_dagrun for dataset_consumes_1 to None, run_after=None
[2025-10-05T17:28:38.113+0000] {logging_mixin.py:137} INFO - [2025-10-05T17:28:38.113+0000] {dag.py:3441} INFO - Setting next_dagrun for dataset_consumes_1_and_2 to None, run_after=None
[2025-10-05T17:28:38.115+0000] {logging_mixin.py:137} INFO - [2025-10-05T17:28:38.115+0000] {dag.py:3441} INFO - Setting next_dagrun for dataset_consumes_1_never_scheduled to None, run_after=None
[2025-10-05T17:28:38.118+0000] {logging_mixin.py:137} INFO - [2025-10-05T17:28:38.117+0000] {dag.py:3441} INFO - Setting next_dagrun for dataset_consumes_unknown_never_scheduled to None, run_after=None
[2025-10-05T17:28:38.122+0000] {logging_mixin.py:137} INFO - [2025-10-05T17:28:38.122+0000] {dag.py:3441} INFO - Setting next_dagrun for dataset_produces_1 to 2025-10-04T00:00:00+00:00, run_after=2025-10-05T00:00:00+00:00
[2025-10-05T17:28:38.124+0000] {logging_mixin.py:137} INFO - [2025-10-05T17:28:38.124+0000] {dag.py:3441} INFO - Setting next_dagrun for dataset_produces_2 to None, run_after=None
[2025-10-05T17:28:38.178+0000] {processor.py:175} INFO - Processing /home/airflow/.local/lib/python3.7/site-packages/airflow/example_dags/example_datasets.py took 0.184 seconds
[2025-10-05T17:29:08.931+0000] {processor.py:153} INFO - Started process (PID=1946) to work on /home/airflow/.local/lib/python3.7/site-packages/airflow/example_dags/example_datasets.py
[2025-10-05T17:29:08.933+0000] {processor.py:743} INFO - Processing file /home/airflow/.local/lib/python3.7/site-packages/airflow/example_dags/example_datasets.py for tasks to queue
[2025-10-05T17:29:08.935+0000] {logging_mixin.py:137} INFO - [2025-10-05T17:29:08.934+0000] {dagbag.py:538} INFO - Filling up the DagBag from /home/airflow/.local/lib/python3.7/site-packages/airflow/example_dags/example_datasets.py
[2025-10-05T17:29:08.955+0000] {processor.py:753} INFO - DAG(s) dict_keys(['dataset_consumes_1', 'dataset_produces_2', 'dataset_produces_1', 'dataset_consumes_1_never_scheduled', 'dataset_consumes_unknown_never_scheduled', 'dataset_consumes_1_and_2']) retrieved from /home/airflow/.local/lib/python3.7/site-packages/airflow/example_dags/example_datasets.py
[2025-10-05T17:29:09.016+0000] {logging_mixin.py:137} INFO - [2025-10-05T17:29:09.016+0000] {dag.py:2690} INFO - Sync 6 DAGs
[2025-10-05T17:29:09.054+0000] {logging_mixin.py:137} INFO - [2025-10-05T17:29:09.054+0000] {dag.py:3441} INFO - Setting next_dagrun for dataset_consumes_1 to None, run_after=None
[2025-10-05T17:29:09.059+0000] {logging_mixin.py:137} INFO - [2025-10-05T17:29:09.058+0000] {dag.py:3441} INFO - Setting next_dagrun for dataset_consumes_1_and_2 to None, run_after=None
[2025-10-05T17:29:09.061+0000] {logging_mixin.py:137} INFO - [2025-10-05T17:29:09.061+0000] {dag.py:3441} INFO - Setting next_dagrun for dataset_consumes_1_never_scheduled to None, run_after=None
[2025-10-05T17:29:09.063+0000] {logging_mixin.py:137} INFO - [2025-10-05T17:29:09.063+0000] {dag.py:3441} INFO - Setting next_dagrun for dataset_consumes_unknown_never_scheduled to None, run_after=None
[2025-10-05T17:29:09.067+0000] {logging_mixin.py:137} INFO - [2025-10-05T17:29:09.067+0000] {dag.py:3441} INFO - Setting next_dagrun for dataset_produces_1 to 2025-10-04T00:00:00+00:00, run_after=2025-10-05T00:00:00+00:00
[2025-10-05T17:29:09.069+0000] {logging_mixin.py:137} INFO - [2025-10-05T17:29:09.069+0000] {dag.py:3441} INFO - Setting next_dagrun for dataset_produces_2 to None, run_after=None
[2025-10-05T17:29:09.123+0000] {processor.py:175} INFO - Processing /home/airflow/.local/lib/python3.7/site-packages/airflow/example_dags/example_datasets.py took 0.197 seconds
[2025-10-05T17:29:40.089+0000] {processor.py:153} INFO - Started process (PID=2050) to work on /home/airflow/.local/lib/python3.7/site-packages/airflow/example_dags/example_datasets.py
[2025-10-05T17:29:40.091+0000] {processor.py:743} INFO - Processing file /home/airflow/.local/lib/python3.7/site-packages/airflow/example_dags/example_datasets.py for tasks to queue
[2025-10-05T17:29:40.092+0000] {logging_mixin.py:137} INFO - [2025-10-05T17:29:40.091+0000] {dagbag.py:538} INFO - Filling up the DagBag from /home/airflow/.local/lib/python3.7/site-packages/airflow/example_dags/example_datasets.py
[2025-10-05T17:29:40.110+0000] {processor.py:753} INFO - DAG(s) dict_keys(['dataset_consumes_unknown_never_scheduled', 'dataset_consumes_1', 'dataset_consumes_1_never_scheduled', 'dataset_consumes_1_and_2', 'dataset_produces_2', 'dataset_produces_1']) retrieved from /home/airflow/.local/lib/python3.7/site-packages/airflow/example_dags/example_datasets.py
[2025-10-05T17:29:40.166+0000] {logging_mixin.py:137} INFO - [2025-10-05T17:29:40.166+0000] {dag.py:2690} INFO - Sync 6 DAGs
[2025-10-05T17:29:40.196+0000] {logging_mixin.py:137} INFO - [2025-10-05T17:29:40.196+0000] {dag.py:3441} INFO - Setting next_dagrun for dataset_consumes_1 to None, run_after=None
[2025-10-05T17:29:40.200+0000] {logging_mixin.py:137} INFO - [2025-10-05T17:29:40.200+0000] {dag.py:3441} INFO - Setting next_dagrun for dataset_consumes_1_and_2 to None, run_after=None
[2025-10-05T17:29:40.203+0000] {logging_mixin.py:137} INFO - [2025-10-05T17:29:40.203+0000] {dag.py:3441} INFO - Setting next_dagrun for dataset_consumes_1_never_scheduled to None, run_after=None
[2025-10-05T17:29:40.205+0000] {logging_mixin.py:137} INFO - [2025-10-05T17:29:40.205+0000] {dag.py:3441} INFO - Setting next_dagrun for dataset_consumes_unknown_never_scheduled to None, run_after=None
[2025-10-05T17:29:40.208+0000] {logging_mixin.py:137} INFO - [2025-10-05T17:29:40.208+0000] {dag.py:3441} INFO - Setting next_dagrun for dataset_produces_1 to 2025-10-04T00:00:00+00:00, run_after=2025-10-05T00:00:00+00:00
[2025-10-05T17:29:40.210+0000] {logging_mixin.py:137} INFO - [2025-10-05T17:29:40.210+0000] {dag.py:3441} INFO - Setting next_dagrun for dataset_produces_2 to None, run_after=None
[2025-10-05T17:29:40.257+0000] {processor.py:175} INFO - Processing /home/airflow/.local/lib/python3.7/site-packages/airflow/example_dags/example_datasets.py took 0.171 seconds
[2025-10-05T17:30:10.564+0000] {processor.py:153} INFO - Started process (PID=2140) to work on /home/airflow/.local/lib/python3.7/site-packages/airflow/example_dags/example_datasets.py
[2025-10-05T17:30:10.566+0000] {processor.py:743} INFO - Processing file /home/airflow/.local/lib/python3.7/site-packages/airflow/example_dags/example_datasets.py for tasks to queue
[2025-10-05T17:30:10.567+0000] {logging_mixin.py:137} INFO - [2025-10-05T17:30:10.567+0000] {dagbag.py:538} INFO - Filling up the DagBag from /home/airflow/.local/lib/python3.7/site-packages/airflow/example_dags/example_datasets.py
[2025-10-05T17:30:10.584+0000] {processor.py:753} INFO - DAG(s) dict_keys(['dataset_produces_2', 'dataset_consumes_1_and_2', 'dataset_consumes_unknown_never_scheduled', 'dataset_produces_1', 'dataset_consumes_1', 'dataset_consumes_1_never_scheduled']) retrieved from /home/airflow/.local/lib/python3.7/site-packages/airflow/example_dags/example_datasets.py
[2025-10-05T17:30:10.634+0000] {logging_mixin.py:137} INFO - [2025-10-05T17:30:10.634+0000] {dag.py:2690} INFO - Sync 6 DAGs
[2025-10-05T17:30:10.664+0000] {logging_mixin.py:137} INFO - [2025-10-05T17:30:10.663+0000] {dag.py:3441} INFO - Setting next_dagrun for dataset_consumes_1 to None, run_after=None
[2025-10-05T17:30:10.668+0000] {logging_mixin.py:137} INFO - [2025-10-05T17:30:10.668+0000] {dag.py:3441} INFO - Setting next_dagrun for dataset_consumes_1_and_2 to None, run_after=None
[2025-10-05T17:30:10.670+0000] {logging_mixin.py:137} INFO - [2025-10-05T17:30:10.670+0000] {dag.py:3441} INFO - Setting next_dagrun for dataset_consumes_1_never_scheduled to None, run_after=None
[2025-10-05T17:30:10.672+0000] {logging_mixin.py:137} INFO - [2025-10-05T17:30:10.672+0000] {dag.py:3441} INFO - Setting next_dagrun for dataset_consumes_unknown_never_scheduled to None, run_after=None
[2025-10-05T17:30:10.676+0000] {logging_mixin.py:137} INFO - [2025-10-05T17:30:10.675+0000] {dag.py:3441} INFO - Setting next_dagrun for dataset_produces_1 to 2025-10-04T00:00:00+00:00, run_after=2025-10-05T00:00:00+00:00
[2025-10-05T17:30:10.678+0000] {logging_mixin.py:137} INFO - [2025-10-05T17:30:10.678+0000] {dag.py:3441} INFO - Setting next_dagrun for dataset_produces_2 to None, run_after=None
[2025-10-05T17:30:10.720+0000] {processor.py:175} INFO - Processing /home/airflow/.local/lib/python3.7/site-packages/airflow/example_dags/example_datasets.py took 0.160 seconds
[2025-10-05T17:30:41.104+0000] {processor.py:153} INFO - Started process (PID=2254) to work on /home/airflow/.local/lib/python3.7/site-packages/airflow/example_dags/example_datasets.py
[2025-10-05T17:30:41.105+0000] {processor.py:743} INFO - Processing file /home/airflow/.local/lib/python3.7/site-packages/airflow/example_dags/example_datasets.py for tasks to queue
[2025-10-05T17:30:41.107+0000] {logging_mixin.py:137} INFO - [2025-10-05T17:30:41.107+0000] {dagbag.py:538} INFO - Filling up the DagBag from /home/airflow/.local/lib/python3.7/site-packages/airflow/example_dags/example_datasets.py
[2025-10-05T17:30:41.128+0000] {processor.py:753} INFO - DAG(s) dict_keys(['dataset_consumes_unknown_never_scheduled', 'dataset_consumes_1_never_scheduled', 'dataset_consumes_1', 'dataset_produces_1', 'dataset_produces_2', 'dataset_consumes_1_and_2']) retrieved from /home/airflow/.local/lib/python3.7/site-packages/airflow/example_dags/example_datasets.py
[2025-10-05T17:30:41.184+0000] {logging_mixin.py:137} INFO - [2025-10-05T17:30:41.184+0000] {dag.py:2690} INFO - Sync 6 DAGs
[2025-10-05T17:30:41.215+0000] {logging_mixin.py:137} INFO - [2025-10-05T17:30:41.215+0000] {dag.py:3441} INFO - Setting next_dagrun for dataset_consumes_1 to None, run_after=None
[2025-10-05T17:30:41.219+0000] {logging_mixin.py:137} INFO - [2025-10-05T17:30:41.219+0000] {dag.py:3441} INFO - Setting next_dagrun for dataset_consumes_1_and_2 to None, run_after=None
[2025-10-05T17:30:41.221+0000] {logging_mixin.py:137} INFO - [2025-10-05T17:30:41.221+0000] {dag.py:3441} INFO - Setting next_dagrun for dataset_consumes_1_never_scheduled to None, run_after=None
[2025-10-05T17:30:41.223+0000] {logging_mixin.py:137} INFO - [2025-10-05T17:30:41.223+0000] {dag.py:3441} INFO - Setting next_dagrun for dataset_consumes_unknown_never_scheduled to None, run_after=None
[2025-10-05T17:30:41.226+0000] {logging_mixin.py:137} INFO - [2025-10-05T17:30:41.226+0000] {dag.py:3441} INFO - Setting next_dagrun for dataset_produces_1 to 2025-10-04T00:00:00+00:00, run_after=2025-10-05T00:00:00+00:00
[2025-10-05T17:30:41.228+0000] {logging_mixin.py:137} INFO - [2025-10-05T17:30:41.228+0000] {dag.py:3441} INFO - Setting next_dagrun for dataset_produces_2 to None, run_after=None
[2025-10-05T17:30:41.273+0000] {processor.py:175} INFO - Processing /home/airflow/.local/lib/python3.7/site-packages/airflow/example_dags/example_datasets.py took 0.174 seconds
[2025-10-05T17:31:12.175+0000] {processor.py:153} INFO - Started process (PID=2343) to work on /home/airflow/.local/lib/python3.7/site-packages/airflow/example_dags/example_datasets.py
[2025-10-05T17:31:12.177+0000] {processor.py:743} INFO - Processing file /home/airflow/.local/lib/python3.7/site-packages/airflow/example_dags/example_datasets.py for tasks to queue
[2025-10-05T17:31:12.178+0000] {logging_mixin.py:137} INFO - [2025-10-05T17:31:12.178+0000] {dagbag.py:538} INFO - Filling up the DagBag from /home/airflow/.local/lib/python3.7/site-packages/airflow/example_dags/example_datasets.py
[2025-10-05T17:31:12.195+0000] {processor.py:753} INFO - DAG(s) dict_keys(['dataset_consumes_1', 'dataset_consumes_1_never_scheduled', 'dataset_produces_2', 'dataset_consumes_1_and_2', 'dataset_consumes_unknown_never_scheduled', 'dataset_produces_1']) retrieved from /home/airflow/.local/lib/python3.7/site-packages/airflow/example_dags/example_datasets.py
[2025-10-05T17:31:12.247+0000] {logging_mixin.py:137} INFO - [2025-10-05T17:31:12.246+0000] {dag.py:2690} INFO - Sync 6 DAGs
[2025-10-05T17:31:12.277+0000] {logging_mixin.py:137} INFO - [2025-10-05T17:31:12.276+0000] {dag.py:3441} INFO - Setting next_dagrun for dataset_consumes_1 to None, run_after=None
[2025-10-05T17:31:12.281+0000] {logging_mixin.py:137} INFO - [2025-10-05T17:31:12.280+0000] {dag.py:3441} INFO - Setting next_dagrun for dataset_consumes_1_and_2 to None, run_after=None
[2025-10-05T17:31:12.282+0000] {logging_mixin.py:137} INFO - [2025-10-05T17:31:12.282+0000] {dag.py:3441} INFO - Setting next_dagrun for dataset_consumes_1_never_scheduled to None, run_after=None
[2025-10-05T17:31:12.284+0000] {logging_mixin.py:137} INFO - [2025-10-05T17:31:12.284+0000] {dag.py:3441} INFO - Setting next_dagrun for dataset_consumes_unknown_never_scheduled to None, run_after=None
[2025-10-05T17:31:12.288+0000] {logging_mixin.py:137} INFO - [2025-10-05T17:31:12.288+0000] {dag.py:3441} INFO - Setting next_dagrun for dataset_produces_1 to 2025-10-04T00:00:00+00:00, run_after=2025-10-05T00:00:00+00:00
[2025-10-05T17:31:12.290+0000] {logging_mixin.py:137} INFO - [2025-10-05T17:31:12.290+0000] {dag.py:3441} INFO - Setting next_dagrun for dataset_produces_2 to None, run_after=None
[2025-10-05T17:31:12.329+0000] {processor.py:175} INFO - Processing /home/airflow/.local/lib/python3.7/site-packages/airflow/example_dags/example_datasets.py took 0.158 seconds
[2025-10-05T17:31:43.328+0000] {processor.py:153} INFO - Started process (PID=2457) to work on /home/airflow/.local/lib/python3.7/site-packages/airflow/example_dags/example_datasets.py
[2025-10-05T17:31:43.329+0000] {processor.py:743} INFO - Processing file /home/airflow/.local/lib/python3.7/site-packages/airflow/example_dags/example_datasets.py for tasks to queue
[2025-10-05T17:31:43.331+0000] {logging_mixin.py:137} INFO - [2025-10-05T17:31:43.331+0000] {dagbag.py:538} INFO - Filling up the DagBag from /home/airflow/.local/lib/python3.7/site-packages/airflow/example_dags/example_datasets.py
[2025-10-05T17:31:43.349+0000] {processor.py:753} INFO - DAG(s) dict_keys(['dataset_consumes_1', 'dataset_consumes_1_and_2', 'dataset_produces_1', 'dataset_consumes_unknown_never_scheduled', 'dataset_produces_2', 'dataset_consumes_1_never_scheduled']) retrieved from /home/airflow/.local/lib/python3.7/site-packages/airflow/example_dags/example_datasets.py
[2025-10-05T17:31:43.399+0000] {logging_mixin.py:137} INFO - [2025-10-05T17:31:43.398+0000] {dag.py:2690} INFO - Sync 6 DAGs
[2025-10-05T17:31:43.428+0000] {logging_mixin.py:137} INFO - [2025-10-05T17:31:43.428+0000] {dag.py:3441} INFO - Setting next_dagrun for dataset_consumes_1 to None, run_after=None
[2025-10-05T17:31:43.434+0000] {logging_mixin.py:137} INFO - [2025-10-05T17:31:43.433+0000] {dag.py:3441} INFO - Setting next_dagrun for dataset_consumes_1_and_2 to None, run_after=None
[2025-10-05T17:31:43.436+0000] {logging_mixin.py:137} INFO - [2025-10-05T17:31:43.436+0000] {dag.py:3441} INFO - Setting next_dagrun for dataset_consumes_1_never_scheduled to None, run_after=None
[2025-10-05T17:31:43.438+0000] {logging_mixin.py:137} INFO - [2025-10-05T17:31:43.438+0000] {dag.py:3441} INFO - Setting next_dagrun for dataset_consumes_unknown_never_scheduled to None, run_after=None
[2025-10-05T17:31:43.441+0000] {logging_mixin.py:137} INFO - [2025-10-05T17:31:43.441+0000] {dag.py:3441} INFO - Setting next_dagrun for dataset_produces_1 to 2025-10-04T00:00:00+00:00, run_after=2025-10-05T00:00:00+00:00
[2025-10-05T17:31:43.444+0000] {logging_mixin.py:137} INFO - [2025-10-05T17:31:43.443+0000] {dag.py:3441} INFO - Setting next_dagrun for dataset_produces_2 to None, run_after=None
[2025-10-05T17:31:43.484+0000] {processor.py:175} INFO - Processing /home/airflow/.local/lib/python3.7/site-packages/airflow/example_dags/example_datasets.py took 0.160 seconds
[2025-10-05T17:32:13.922+0000] {processor.py:153} INFO - Started process (PID=2546) to work on /home/airflow/.local/lib/python3.7/site-packages/airflow/example_dags/example_datasets.py
[2025-10-05T17:32:13.924+0000] {processor.py:743} INFO - Processing file /home/airflow/.local/lib/python3.7/site-packages/airflow/example_dags/example_datasets.py for tasks to queue
[2025-10-05T17:32:13.925+0000] {logging_mixin.py:137} INFO - [2025-10-05T17:32:13.925+0000] {dagbag.py:538} INFO - Filling up the DagBag from /home/airflow/.local/lib/python3.7/site-packages/airflow/example_dags/example_datasets.py
[2025-10-05T17:32:13.943+0000] {processor.py:753} INFO - DAG(s) dict_keys(['dataset_consumes_1_never_scheduled', 'dataset_consumes_1_and_2', 'dataset_produces_2', 'dataset_produces_1', 'dataset_consumes_unknown_never_scheduled', 'dataset_consumes_1']) retrieved from /home/airflow/.local/lib/python3.7/site-packages/airflow/example_dags/example_datasets.py
[2025-10-05T17:32:13.993+0000] {logging_mixin.py:137} INFO - [2025-10-05T17:32:13.993+0000] {dag.py:2690} INFO - Sync 6 DAGs
[2025-10-05T17:32:14.023+0000] {logging_mixin.py:137} INFO - [2025-10-05T17:32:14.022+0000] {dag.py:3441} INFO - Setting next_dagrun for dataset_consumes_1 to None, run_after=None
[2025-10-05T17:32:14.027+0000] {logging_mixin.py:137} INFO - [2025-10-05T17:32:14.027+0000] {dag.py:3441} INFO - Setting next_dagrun for dataset_consumes_1_and_2 to None, run_after=None
[2025-10-05T17:32:14.029+0000] {logging_mixin.py:137} INFO - [2025-10-05T17:32:14.028+0000] {dag.py:3441} INFO - Setting next_dagrun for dataset_consumes_1_never_scheduled to None, run_after=None
[2025-10-05T17:32:14.030+0000] {logging_mixin.py:137} INFO - [2025-10-05T17:32:14.030+0000] {dag.py:3441} INFO - Setting next_dagrun for dataset_consumes_unknown_never_scheduled to None, run_after=None
[2025-10-05T17:32:14.033+0000] {logging_mixin.py:137} INFO - [2025-10-05T17:32:14.033+0000] {dag.py:3441} INFO - Setting next_dagrun for dataset_produces_1 to 2025-10-04T00:00:00+00:00, run_after=2025-10-05T00:00:00+00:00
[2025-10-05T17:32:14.036+0000] {logging_mixin.py:137} INFO - [2025-10-05T17:32:14.036+0000] {dag.py:3441} INFO - Setting next_dagrun for dataset_produces_2 to None, run_after=None
[2025-10-05T17:32:14.077+0000] {processor.py:175} INFO - Processing /home/airflow/.local/lib/python3.7/site-packages/airflow/example_dags/example_datasets.py took 0.160 seconds
[2025-10-05T17:32:44.823+0000] {processor.py:153} INFO - Started process (PID=2659) to work on /home/airflow/.local/lib/python3.7/site-packages/airflow/example_dags/example_datasets.py
[2025-10-05T17:32:44.824+0000] {processor.py:743} INFO - Processing file /home/airflow/.local/lib/python3.7/site-packages/airflow/example_dags/example_datasets.py for tasks to queue
[2025-10-05T17:32:44.825+0000] {logging_mixin.py:137} INFO - [2025-10-05T17:32:44.825+0000] {dagbag.py:538} INFO - Filling up the DagBag from /home/airflow/.local/lib/python3.7/site-packages/airflow/example_dags/example_datasets.py
[2025-10-05T17:32:44.845+0000] {processor.py:753} INFO - DAG(s) dict_keys(['dataset_produces_1', 'dataset_produces_2', 'dataset_consumes_1_never_scheduled', 'dataset_consumes_1_and_2', 'dataset_consumes_unknown_never_scheduled', 'dataset_consumes_1']) retrieved from /home/airflow/.local/lib/python3.7/site-packages/airflow/example_dags/example_datasets.py
[2025-10-05T17:32:44.904+0000] {logging_mixin.py:137} INFO - [2025-10-05T17:32:44.904+0000] {dag.py:2690} INFO - Sync 6 DAGs
[2025-10-05T17:32:44.937+0000] {logging_mixin.py:137} INFO - [2025-10-05T17:32:44.937+0000] {dag.py:3441} INFO - Setting next_dagrun for dataset_consumes_1 to None, run_after=None
[2025-10-05T17:32:44.942+0000] {logging_mixin.py:137} INFO - [2025-10-05T17:32:44.942+0000] {dag.py:3441} INFO - Setting next_dagrun for dataset_consumes_1_and_2 to None, run_after=None
[2025-10-05T17:32:44.945+0000] {logging_mixin.py:137} INFO - [2025-10-05T17:32:44.945+0000] {dag.py:3441} INFO - Setting next_dagrun for dataset_consumes_1_never_scheduled to None, run_after=None
[2025-10-05T17:32:44.947+0000] {logging_mixin.py:137} INFO - [2025-10-05T17:32:44.947+0000] {dag.py:3441} INFO - Setting next_dagrun for dataset_consumes_unknown_never_scheduled to None, run_after=None
[2025-10-05T17:32:44.951+0000] {logging_mixin.py:137} INFO - [2025-10-05T17:32:44.951+0000] {dag.py:3441} INFO - Setting next_dagrun for dataset_produces_1 to 2025-10-04T00:00:00+00:00, run_after=2025-10-05T00:00:00+00:00
[2025-10-05T17:32:44.953+0000] {logging_mixin.py:137} INFO - [2025-10-05T17:32:44.953+0000] {dag.py:3441} INFO - Setting next_dagrun for dataset_produces_2 to None, run_after=None
[2025-10-05T17:32:45.011+0000] {processor.py:175} INFO - Processing /home/airflow/.local/lib/python3.7/site-packages/airflow/example_dags/example_datasets.py took 0.192 seconds
[2025-10-05T17:33:15.302+0000] {processor.py:153} INFO - Started process (PID=2748) to work on /home/airflow/.local/lib/python3.7/site-packages/airflow/example_dags/example_datasets.py
[2025-10-05T17:33:15.304+0000] {processor.py:743} INFO - Processing file /home/airflow/.local/lib/python3.7/site-packages/airflow/example_dags/example_datasets.py for tasks to queue
[2025-10-05T17:33:15.305+0000] {logging_mixin.py:137} INFO - [2025-10-05T17:33:15.305+0000] {dagbag.py:538} INFO - Filling up the DagBag from /home/airflow/.local/lib/python3.7/site-packages/airflow/example_dags/example_datasets.py
[2025-10-05T17:33:15.326+0000] {processor.py:753} INFO - DAG(s) dict_keys(['dataset_consumes_1', 'dataset_produces_1', 'dataset_consumes_unknown_never_scheduled', 'dataset_consumes_1_and_2', 'dataset_consumes_1_never_scheduled', 'dataset_produces_2']) retrieved from /home/airflow/.local/lib/python3.7/site-packages/airflow/example_dags/example_datasets.py
[2025-10-05T17:33:15.378+0000] {logging_mixin.py:137} INFO - [2025-10-05T17:33:15.378+0000] {dag.py:2690} INFO - Sync 6 DAGs
[2025-10-05T17:33:15.416+0000] {logging_mixin.py:137} INFO - [2025-10-05T17:33:15.416+0000] {dag.py:3441} INFO - Setting next_dagrun for dataset_consumes_1 to None, run_after=None
[2025-10-05T17:33:15.420+0000] {logging_mixin.py:137} INFO - [2025-10-05T17:33:15.420+0000] {dag.py:3441} INFO - Setting next_dagrun for dataset_consumes_1_and_2 to None, run_after=None
[2025-10-05T17:33:15.422+0000] {logging_mixin.py:137} INFO - [2025-10-05T17:33:15.422+0000] {dag.py:3441} INFO - Setting next_dagrun for dataset_consumes_1_never_scheduled to None, run_after=None
[2025-10-05T17:33:15.424+0000] {logging_mixin.py:137} INFO - [2025-10-05T17:33:15.424+0000] {dag.py:3441} INFO - Setting next_dagrun for dataset_consumes_unknown_never_scheduled to None, run_after=None
[2025-10-05T17:33:15.428+0000] {logging_mixin.py:137} INFO - [2025-10-05T17:33:15.428+0000] {dag.py:3441} INFO - Setting next_dagrun for dataset_produces_1 to 2025-10-04T00:00:00+00:00, run_after=2025-10-05T00:00:00+00:00
[2025-10-05T17:33:15.430+0000] {logging_mixin.py:137} INFO - [2025-10-05T17:33:15.430+0000] {dag.py:3441} INFO - Setting next_dagrun for dataset_produces_2 to None, run_after=None
[2025-10-05T17:33:15.474+0000] {processor.py:175} INFO - Processing /home/airflow/.local/lib/python3.7/site-packages/airflow/example_dags/example_datasets.py took 0.177 seconds
[2025-10-05T17:33:45.673+0000] {processor.py:153} INFO - Started process (PID=2836) to work on /home/airflow/.local/lib/python3.7/site-packages/airflow/example_dags/example_datasets.py
[2025-10-05T17:33:45.674+0000] {processor.py:743} INFO - Processing file /home/airflow/.local/lib/python3.7/site-packages/airflow/example_dags/example_datasets.py for tasks to queue
[2025-10-05T17:33:45.675+0000] {logging_mixin.py:137} INFO - [2025-10-05T17:33:45.675+0000] {dagbag.py:538} INFO - Filling up the DagBag from /home/airflow/.local/lib/python3.7/site-packages/airflow/example_dags/example_datasets.py
[2025-10-05T17:33:45.694+0000] {processor.py:753} INFO - DAG(s) dict_keys(['dataset_consumes_1_and_2', 'dataset_consumes_1', 'dataset_consumes_1_never_scheduled', 'dataset_produces_1', 'dataset_consumes_unknown_never_scheduled', 'dataset_produces_2']) retrieved from /home/airflow/.local/lib/python3.7/site-packages/airflow/example_dags/example_datasets.py
[2025-10-05T17:33:45.746+0000] {logging_mixin.py:137} INFO - [2025-10-05T17:33:45.746+0000] {dag.py:2690} INFO - Sync 6 DAGs
[2025-10-05T17:33:45.775+0000] {logging_mixin.py:137} INFO - [2025-10-05T17:33:45.775+0000] {dag.py:3441} INFO - Setting next_dagrun for dataset_consumes_1 to None, run_after=None
[2025-10-05T17:33:45.780+0000] {logging_mixin.py:137} INFO - [2025-10-05T17:33:45.780+0000] {dag.py:3441} INFO - Setting next_dagrun for dataset_consumes_1_and_2 to None, run_after=None
[2025-10-05T17:33:45.782+0000] {logging_mixin.py:137} INFO - [2025-10-05T17:33:45.782+0000] {dag.py:3441} INFO - Setting next_dagrun for dataset_consumes_1_never_scheduled to None, run_after=None
[2025-10-05T17:33:45.785+0000] {logging_mixin.py:137} INFO - [2025-10-05T17:33:45.785+0000] {dag.py:3441} INFO - Setting next_dagrun for dataset_consumes_unknown_never_scheduled to None, run_after=None
[2025-10-05T17:33:45.788+0000] {logging_mixin.py:137} INFO - [2025-10-05T17:33:45.788+0000] {dag.py:3441} INFO - Setting next_dagrun for dataset_produces_1 to 2025-10-04T00:00:00+00:00, run_after=2025-10-05T00:00:00+00:00
[2025-10-05T17:33:45.791+0000] {logging_mixin.py:137} INFO - [2025-10-05T17:33:45.790+0000] {dag.py:3441} INFO - Setting next_dagrun for dataset_produces_2 to None, run_after=None
[2025-10-05T17:33:45.835+0000] {processor.py:175} INFO - Processing /home/airflow/.local/lib/python3.7/site-packages/airflow/example_dags/example_datasets.py took 0.167 seconds
[2025-10-05T17:34:16.397+0000] {processor.py:153} INFO - Started process (PID=2949) to work on /home/airflow/.local/lib/python3.7/site-packages/airflow/example_dags/example_datasets.py
[2025-10-05T17:34:16.399+0000] {processor.py:743} INFO - Processing file /home/airflow/.local/lib/python3.7/site-packages/airflow/example_dags/example_datasets.py for tasks to queue
[2025-10-05T17:34:16.400+0000] {logging_mixin.py:137} INFO - [2025-10-05T17:34:16.400+0000] {dagbag.py:538} INFO - Filling up the DagBag from /home/airflow/.local/lib/python3.7/site-packages/airflow/example_dags/example_datasets.py
[2025-10-05T17:34:16.419+0000] {processor.py:753} INFO - DAG(s) dict_keys(['dataset_consumes_unknown_never_scheduled', 'dataset_produces_2', 'dataset_consumes_1_and_2', 'dataset_consumes_1_never_scheduled', 'dataset_produces_1', 'dataset_consumes_1']) retrieved from /home/airflow/.local/lib/python3.7/site-packages/airflow/example_dags/example_datasets.py
[2025-10-05T17:34:16.469+0000] {logging_mixin.py:137} INFO - [2025-10-05T17:34:16.469+0000] {dag.py:2690} INFO - Sync 6 DAGs
[2025-10-05T17:34:16.497+0000] {logging_mixin.py:137} INFO - [2025-10-05T17:34:16.497+0000] {dag.py:3441} INFO - Setting next_dagrun for dataset_consumes_1 to None, run_after=None
[2025-10-05T17:34:16.502+0000] {logging_mixin.py:137} INFO - [2025-10-05T17:34:16.501+0000] {dag.py:3441} INFO - Setting next_dagrun for dataset_consumes_1_and_2 to None, run_after=None
[2025-10-05T17:34:16.504+0000] {logging_mixin.py:137} INFO - [2025-10-05T17:34:16.504+0000] {dag.py:3441} INFO - Setting next_dagrun for dataset_consumes_1_never_scheduled to None, run_after=None
[2025-10-05T17:34:16.506+0000] {logging_mixin.py:137} INFO - [2025-10-05T17:34:16.506+0000] {dag.py:3441} INFO - Setting next_dagrun for dataset_consumes_unknown_never_scheduled to None, run_after=None
[2025-10-05T17:34:16.509+0000] {logging_mixin.py:137} INFO - [2025-10-05T17:34:16.509+0000] {dag.py:3441} INFO - Setting next_dagrun for dataset_produces_1 to 2025-10-04T00:00:00+00:00, run_after=2025-10-05T00:00:00+00:00
[2025-10-05T17:34:16.511+0000] {logging_mixin.py:137} INFO - [2025-10-05T17:34:16.511+0000] {dag.py:3441} INFO - Setting next_dagrun for dataset_produces_2 to None, run_after=None
[2025-10-05T17:34:16.552+0000] {processor.py:175} INFO - Processing /home/airflow/.local/lib/python3.7/site-packages/airflow/example_dags/example_datasets.py took 0.159 seconds
[2025-10-05T17:34:46.691+0000] {processor.py:153} INFO - Started process (PID=3038) to work on /home/airflow/.local/lib/python3.7/site-packages/airflow/example_dags/example_datasets.py
[2025-10-05T17:34:46.693+0000] {processor.py:743} INFO - Processing file /home/airflow/.local/lib/python3.7/site-packages/airflow/example_dags/example_datasets.py for tasks to queue
[2025-10-05T17:34:46.694+0000] {logging_mixin.py:137} INFO - [2025-10-05T17:34:46.694+0000] {dagbag.py:538} INFO - Filling up the DagBag from /home/airflow/.local/lib/python3.7/site-packages/airflow/example_dags/example_datasets.py
[2025-10-05T17:34:46.714+0000] {processor.py:753} INFO - DAG(s) dict_keys(['dataset_consumes_1_never_scheduled', 'dataset_consumes_1_and_2', 'dataset_produces_1', 'dataset_consumes_unknown_never_scheduled', 'dataset_consumes_1', 'dataset_produces_2']) retrieved from /home/airflow/.local/lib/python3.7/site-packages/airflow/example_dags/example_datasets.py
[2025-10-05T17:34:46.767+0000] {logging_mixin.py:137} INFO - [2025-10-05T17:34:46.767+0000] {dag.py:2690} INFO - Sync 6 DAGs
[2025-10-05T17:34:46.797+0000] {logging_mixin.py:137} INFO - [2025-10-05T17:34:46.797+0000] {dag.py:3441} INFO - Setting next_dagrun for dataset_consumes_1 to None, run_after=None
[2025-10-05T17:34:46.802+0000] {logging_mixin.py:137} INFO - [2025-10-05T17:34:46.801+0000] {dag.py:3441} INFO - Setting next_dagrun for dataset_consumes_1_and_2 to None, run_after=None
[2025-10-05T17:34:46.804+0000] {logging_mixin.py:137} INFO - [2025-10-05T17:34:46.803+0000] {dag.py:3441} INFO - Setting next_dagrun for dataset_consumes_1_never_scheduled to None, run_after=None
[2025-10-05T17:34:46.806+0000] {logging_mixin.py:137} INFO - [2025-10-05T17:34:46.806+0000] {dag.py:3441} INFO - Setting next_dagrun for dataset_consumes_unknown_never_scheduled to None, run_after=None
[2025-10-05T17:34:46.809+0000] {logging_mixin.py:137} INFO - [2025-10-05T17:34:46.809+0000] {dag.py:3441} INFO - Setting next_dagrun for dataset_produces_1 to 2025-10-04T00:00:00+00:00, run_after=2025-10-05T00:00:00+00:00
[2025-10-05T17:34:46.811+0000] {logging_mixin.py:137} INFO - [2025-10-05T17:34:46.811+0000] {dag.py:3441} INFO - Setting next_dagrun for dataset_produces_2 to None, run_after=None
[2025-10-05T17:34:46.857+0000] {processor.py:175} INFO - Processing /home/airflow/.local/lib/python3.7/site-packages/airflow/example_dags/example_datasets.py took 0.170 seconds
[2025-10-05T17:35:17.220+0000] {processor.py:153} INFO - Started process (PID=3127) to work on /home/airflow/.local/lib/python3.7/site-packages/airflow/example_dags/example_datasets.py
[2025-10-05T17:35:17.222+0000] {processor.py:743} INFO - Processing file /home/airflow/.local/lib/python3.7/site-packages/airflow/example_dags/example_datasets.py for tasks to queue
[2025-10-05T17:35:17.223+0000] {logging_mixin.py:137} INFO - [2025-10-05T17:35:17.223+0000] {dagbag.py:538} INFO - Filling up the DagBag from /home/airflow/.local/lib/python3.7/site-packages/airflow/example_dags/example_datasets.py
[2025-10-05T17:35:17.241+0000] {processor.py:753} INFO - DAG(s) dict_keys(['dataset_produces_1', 'dataset_consumes_1_never_scheduled', 'dataset_consumes_unknown_never_scheduled', 'dataset_consumes_1', 'dataset_consumes_1_and_2', 'dataset_produces_2']) retrieved from /home/airflow/.local/lib/python3.7/site-packages/airflow/example_dags/example_datasets.py
[2025-10-05T17:35:17.291+0000] {logging_mixin.py:137} INFO - [2025-10-05T17:35:17.291+0000] {dag.py:2690} INFO - Sync 6 DAGs
[2025-10-05T17:35:17.320+0000] {logging_mixin.py:137} INFO - [2025-10-05T17:35:17.320+0000] {dag.py:3441} INFO - Setting next_dagrun for dataset_consumes_1 to None, run_after=None
[2025-10-05T17:35:17.325+0000] {logging_mixin.py:137} INFO - [2025-10-05T17:35:17.325+0000] {dag.py:3441} INFO - Setting next_dagrun for dataset_consumes_1_and_2 to None, run_after=None
[2025-10-05T17:35:17.327+0000] {logging_mixin.py:137} INFO - [2025-10-05T17:35:17.327+0000] {dag.py:3441} INFO - Setting next_dagrun for dataset_consumes_1_never_scheduled to None, run_after=None
[2025-10-05T17:35:17.329+0000] {logging_mixin.py:137} INFO - [2025-10-05T17:35:17.329+0000] {dag.py:3441} INFO - Setting next_dagrun for dataset_consumes_unknown_never_scheduled to None, run_after=None
[2025-10-05T17:35:17.332+0000] {logging_mixin.py:137} INFO - [2025-10-05T17:35:17.332+0000] {dag.py:3441} INFO - Setting next_dagrun for dataset_produces_1 to 2025-10-04T00:00:00+00:00, run_after=2025-10-05T00:00:00+00:00
[2025-10-05T17:35:17.334+0000] {logging_mixin.py:137} INFO - [2025-10-05T17:35:17.334+0000] {dag.py:3441} INFO - Setting next_dagrun for dataset_produces_2 to None, run_after=None
[2025-10-05T17:35:17.382+0000] {processor.py:175} INFO - Processing /home/airflow/.local/lib/python3.7/site-packages/airflow/example_dags/example_datasets.py took 0.167 seconds
[2025-10-05T17:35:47.680+0000] {processor.py:153} INFO - Started process (PID=3240) to work on /home/airflow/.local/lib/python3.7/site-packages/airflow/example_dags/example_datasets.py
[2025-10-05T17:35:47.681+0000] {processor.py:743} INFO - Processing file /home/airflow/.local/lib/python3.7/site-packages/airflow/example_dags/example_datasets.py for tasks to queue
[2025-10-05T17:35:47.682+0000] {logging_mixin.py:137} INFO - [2025-10-05T17:35:47.682+0000] {dagbag.py:538} INFO - Filling up the DagBag from /home/airflow/.local/lib/python3.7/site-packages/airflow/example_dags/example_datasets.py
[2025-10-05T17:35:47.701+0000] {processor.py:753} INFO - DAG(s) dict_keys(['dataset_consumes_1_and_2', 'dataset_consumes_1', 'dataset_produces_2', 'dataset_consumes_unknown_never_scheduled', 'dataset_produces_1', 'dataset_consumes_1_never_scheduled']) retrieved from /home/airflow/.local/lib/python3.7/site-packages/airflow/example_dags/example_datasets.py
[2025-10-05T17:35:47.757+0000] {logging_mixin.py:137} INFO - [2025-10-05T17:35:47.756+0000] {dag.py:2690} INFO - Sync 6 DAGs
[2025-10-05T17:35:47.790+0000] {logging_mixin.py:137} INFO - [2025-10-05T17:35:47.790+0000] {dag.py:3441} INFO - Setting next_dagrun for dataset_consumes_1 to None, run_after=None
[2025-10-05T17:35:47.795+0000] {logging_mixin.py:137} INFO - [2025-10-05T17:35:47.794+0000] {dag.py:3441} INFO - Setting next_dagrun for dataset_consumes_1_and_2 to None, run_after=None
[2025-10-05T17:35:47.797+0000] {logging_mixin.py:137} INFO - [2025-10-05T17:35:47.797+0000] {dag.py:3441} INFO - Setting next_dagrun for dataset_consumes_1_never_scheduled to None, run_after=None
[2025-10-05T17:35:47.799+0000] {logging_mixin.py:137} INFO - [2025-10-05T17:35:47.799+0000] {dag.py:3441} INFO - Setting next_dagrun for dataset_consumes_unknown_never_scheduled to None, run_after=None
[2025-10-05T17:35:47.803+0000] {logging_mixin.py:137} INFO - [2025-10-05T17:35:47.803+0000] {dag.py:3441} INFO - Setting next_dagrun for dataset_produces_1 to 2025-10-04T00:00:00+00:00, run_after=2025-10-05T00:00:00+00:00
[2025-10-05T17:35:47.805+0000] {logging_mixin.py:137} INFO - [2025-10-05T17:35:47.805+0000] {dag.py:3441} INFO - Setting next_dagrun for dataset_produces_2 to None, run_after=None
[2025-10-05T17:35:47.854+0000] {processor.py:175} INFO - Processing /home/airflow/.local/lib/python3.7/site-packages/airflow/example_dags/example_datasets.py took 0.179 seconds
[2025-10-05T17:36:18.629+0000] {processor.py:153} INFO - Started process (PID=3329) to work on /home/airflow/.local/lib/python3.7/site-packages/airflow/example_dags/example_datasets.py
[2025-10-05T17:36:18.631+0000] {processor.py:743} INFO - Processing file /home/airflow/.local/lib/python3.7/site-packages/airflow/example_dags/example_datasets.py for tasks to queue
[2025-10-05T17:36:18.632+0000] {logging_mixin.py:137} INFO - [2025-10-05T17:36:18.632+0000] {dagbag.py:538} INFO - Filling up the DagBag from /home/airflow/.local/lib/python3.7/site-packages/airflow/example_dags/example_datasets.py
[2025-10-05T17:36:18.654+0000] {processor.py:753} INFO - DAG(s) dict_keys(['dataset_consumes_1_and_2', 'dataset_consumes_1_never_scheduled', 'dataset_produces_1', 'dataset_consumes_unknown_never_scheduled', 'dataset_consumes_1', 'dataset_produces_2']) retrieved from /home/airflow/.local/lib/python3.7/site-packages/airflow/example_dags/example_datasets.py
[2025-10-05T17:36:18.716+0000] {logging_mixin.py:137} INFO - [2025-10-05T17:36:18.716+0000] {dag.py:2690} INFO - Sync 6 DAGs
[2025-10-05T17:36:18.747+0000] {logging_mixin.py:137} INFO - [2025-10-05T17:36:18.747+0000] {dag.py:3441} INFO - Setting next_dagrun for dataset_consumes_1 to None, run_after=None
[2025-10-05T17:36:18.752+0000] {logging_mixin.py:137} INFO - [2025-10-05T17:36:18.751+0000] {dag.py:3441} INFO - Setting next_dagrun for dataset_consumes_1_and_2 to None, run_after=None
[2025-10-05T17:36:18.754+0000] {logging_mixin.py:137} INFO - [2025-10-05T17:36:18.754+0000] {dag.py:3441} INFO - Setting next_dagrun for dataset_consumes_1_never_scheduled to None, run_after=None
[2025-10-05T17:36:18.757+0000] {logging_mixin.py:137} INFO - [2025-10-05T17:36:18.756+0000] {dag.py:3441} INFO - Setting next_dagrun for dataset_consumes_unknown_never_scheduled to None, run_after=None
[2025-10-05T17:36:18.761+0000] {logging_mixin.py:137} INFO - [2025-10-05T17:36:18.761+0000] {dag.py:3441} INFO - Setting next_dagrun for dataset_produces_1 to 2025-10-04T00:00:00+00:00, run_after=2025-10-05T00:00:00+00:00
[2025-10-05T17:36:18.763+0000] {logging_mixin.py:137} INFO - [2025-10-05T17:36:18.763+0000] {dag.py:3441} INFO - Setting next_dagrun for dataset_produces_2 to None, run_after=None
[2025-10-05T17:36:18.811+0000] {processor.py:175} INFO - Processing /home/airflow/.local/lib/python3.7/site-packages/airflow/example_dags/example_datasets.py took 0.187 seconds
[2025-10-05T17:36:49.646+0000] {processor.py:153} INFO - Started process (PID=3443) to work on /home/airflow/.local/lib/python3.7/site-packages/airflow/example_dags/example_datasets.py
[2025-10-05T17:36:49.647+0000] {processor.py:743} INFO - Processing file /home/airflow/.local/lib/python3.7/site-packages/airflow/example_dags/example_datasets.py for tasks to queue
[2025-10-05T17:36:49.649+0000] {logging_mixin.py:137} INFO - [2025-10-05T17:36:49.649+0000] {dagbag.py:538} INFO - Filling up the DagBag from /home/airflow/.local/lib/python3.7/site-packages/airflow/example_dags/example_datasets.py
[2025-10-05T17:36:49.678+0000] {processor.py:753} INFO - DAG(s) dict_keys(['dataset_consumes_1_and_2', 'dataset_produces_2', 'dataset_produces_1', 'dataset_consumes_1', 'dataset_consumes_unknown_never_scheduled', 'dataset_consumes_1_never_scheduled']) retrieved from /home/airflow/.local/lib/python3.7/site-packages/airflow/example_dags/example_datasets.py
[2025-10-05T17:36:49.750+0000] {logging_mixin.py:137} INFO - [2025-10-05T17:36:49.750+0000] {dag.py:2690} INFO - Sync 6 DAGs
[2025-10-05T17:36:49.795+0000] {logging_mixin.py:137} INFO - [2025-10-05T17:36:49.795+0000] {dag.py:3441} INFO - Setting next_dagrun for dataset_consumes_1 to None, run_after=None
[2025-10-05T17:36:49.800+0000] {logging_mixin.py:137} INFO - [2025-10-05T17:36:49.800+0000] {dag.py:3441} INFO - Setting next_dagrun for dataset_consumes_1_and_2 to None, run_after=None
[2025-10-05T17:36:49.803+0000] {logging_mixin.py:137} INFO - [2025-10-05T17:36:49.803+0000] {dag.py:3441} INFO - Setting next_dagrun for dataset_consumes_1_never_scheduled to None, run_after=None
[2025-10-05T17:36:49.805+0000] {logging_mixin.py:137} INFO - [2025-10-05T17:36:49.805+0000] {dag.py:3441} INFO - Setting next_dagrun for dataset_consumes_unknown_never_scheduled to None, run_after=None
[2025-10-05T17:36:49.810+0000] {logging_mixin.py:137} INFO - [2025-10-05T17:36:49.810+0000] {dag.py:3441} INFO - Setting next_dagrun for dataset_produces_1 to 2025-10-04T00:00:00+00:00, run_after=2025-10-05T00:00:00+00:00
[2025-10-05T17:36:49.812+0000] {logging_mixin.py:137} INFO - [2025-10-05T17:36:49.812+0000] {dag.py:3441} INFO - Setting next_dagrun for dataset_produces_2 to None, run_after=None
[2025-10-05T17:36:49.873+0000] {processor.py:175} INFO - Processing /home/airflow/.local/lib/python3.7/site-packages/airflow/example_dags/example_datasets.py took 0.234 seconds
