[2025-10-05T17:19:25.381+0000] {processor.py:153} INFO - Started process (PID=79) to work on /home/airflow/.local/lib/python3.7/site-packages/airflow/example_dags/example_xcom.py
[2025-10-05T17:19:25.383+0000] {processor.py:743} INFO - Processing file /home/airflow/.local/lib/python3.7/site-packages/airflow/example_dags/example_xcom.py for tasks to queue
[2025-10-05T17:19:25.385+0000] {logging_mixin.py:137} INFO - [2025-10-05T17:19:25.384+0000] {dagbag.py:538} INFO - Filling up the DagBag from /home/airflow/.local/lib/python3.7/site-packages/airflow/example_dags/example_xcom.py
[2025-10-05T17:19:25.428+0000] {processor.py:753} INFO - DAG(s) dict_keys(['example_xcom']) retrieved from /home/airflow/.local/lib/python3.7/site-packages/airflow/example_dags/example_xcom.py
[2025-10-05T17:19:25.447+0000] {logging_mixin.py:137} INFO - [2025-10-05T17:19:25.447+0000] {dag.py:2690} INFO - Sync 1 DAGs
[2025-10-05T17:19:25.482+0000] {logging_mixin.py:137} INFO - [2025-10-05T17:19:25.481+0000] {dag.py:3441} INFO - Setting next_dagrun for example_xcom to 2021-01-01T00:00:00+00:00, run_after=2021-01-01T00:00:00+00:00
[2025-10-05T17:19:25.510+0000] {processor.py:175} INFO - Processing /home/airflow/.local/lib/python3.7/site-packages/airflow/example_dags/example_xcom.py took 0.133 seconds
[2025-10-05T17:19:56.060+0000] {processor.py:153} INFO - Started process (PID=168) to work on /home/airflow/.local/lib/python3.7/site-packages/airflow/example_dags/example_xcom.py
[2025-10-05T17:19:56.062+0000] {processor.py:743} INFO - Processing file /home/airflow/.local/lib/python3.7/site-packages/airflow/example_dags/example_xcom.py for tasks to queue
[2025-10-05T17:19:56.063+0000] {logging_mixin.py:137} INFO - [2025-10-05T17:19:56.063+0000] {dagbag.py:538} INFO - Filling up the DagBag from /home/airflow/.local/lib/python3.7/site-packages/airflow/example_dags/example_xcom.py
[2025-10-05T17:19:56.092+0000] {processor.py:753} INFO - DAG(s) dict_keys(['example_xcom']) retrieved from /home/airflow/.local/lib/python3.7/site-packages/airflow/example_dags/example_xcom.py
[2025-10-05T17:19:56.128+0000] {logging_mixin.py:137} INFO - [2025-10-05T17:19:56.128+0000] {dag.py:2690} INFO - Sync 1 DAGs
[2025-10-05T17:19:56.159+0000] {logging_mixin.py:137} INFO - [2025-10-05T17:19:56.159+0000] {dag.py:3441} INFO - Setting next_dagrun for example_xcom to 2021-01-01T00:00:00+00:00, run_after=2021-01-01T00:00:00+00:00
[2025-10-05T17:19:56.186+0000] {processor.py:175} INFO - Processing /home/airflow/.local/lib/python3.7/site-packages/airflow/example_dags/example_xcom.py took 0.130 seconds
[2025-10-05T17:20:26.920+0000] {processor.py:153} INFO - Started process (PID=281) to work on /home/airflow/.local/lib/python3.7/site-packages/airflow/example_dags/example_xcom.py
[2025-10-05T17:20:26.921+0000] {processor.py:743} INFO - Processing file /home/airflow/.local/lib/python3.7/site-packages/airflow/example_dags/example_xcom.py for tasks to queue
[2025-10-05T17:20:26.923+0000] {logging_mixin.py:137} INFO - [2025-10-05T17:20:26.923+0000] {dagbag.py:538} INFO - Filling up the DagBag from /home/airflow/.local/lib/python3.7/site-packages/airflow/example_dags/example_xcom.py
[2025-10-05T17:20:26.953+0000] {processor.py:753} INFO - DAG(s) dict_keys(['example_xcom']) retrieved from /home/airflow/.local/lib/python3.7/site-packages/airflow/example_dags/example_xcom.py
[2025-10-05T17:20:26.990+0000] {logging_mixin.py:137} INFO - [2025-10-05T17:20:26.989+0000] {dag.py:2690} INFO - Sync 1 DAGs
[2025-10-05T17:20:27.023+0000] {logging_mixin.py:137} INFO - [2025-10-05T17:20:27.022+0000] {dag.py:3441} INFO - Setting next_dagrun for example_xcom to 2021-01-01T00:00:00+00:00, run_after=2021-01-01T00:00:00+00:00
[2025-10-05T17:20:27.053+0000] {processor.py:175} INFO - Processing /home/airflow/.local/lib/python3.7/site-packages/airflow/example_dags/example_xcom.py took 0.137 seconds
[2025-10-05T17:20:57.743+0000] {processor.py:153} INFO - Started process (PID=370) to work on /home/airflow/.local/lib/python3.7/site-packages/airflow/example_dags/example_xcom.py
[2025-10-05T17:20:57.745+0000] {processor.py:743} INFO - Processing file /home/airflow/.local/lib/python3.7/site-packages/airflow/example_dags/example_xcom.py for tasks to queue
[2025-10-05T17:20:57.746+0000] {logging_mixin.py:137} INFO - [2025-10-05T17:20:57.746+0000] {dagbag.py:538} INFO - Filling up the DagBag from /home/airflow/.local/lib/python3.7/site-packages/airflow/example_dags/example_xcom.py
[2025-10-05T17:20:57.779+0000] {processor.py:753} INFO - DAG(s) dict_keys(['example_xcom']) retrieved from /home/airflow/.local/lib/python3.7/site-packages/airflow/example_dags/example_xcom.py
[2025-10-05T17:20:57.828+0000] {logging_mixin.py:137} INFO - [2025-10-05T17:20:57.828+0000] {dag.py:2690} INFO - Sync 1 DAGs
[2025-10-05T17:20:57.870+0000] {logging_mixin.py:137} INFO - [2025-10-05T17:20:57.870+0000] {dag.py:3441} INFO - Setting next_dagrun for example_xcom to 2021-01-01T00:00:00+00:00, run_after=2021-01-01T00:00:00+00:00
[2025-10-05T17:20:57.908+0000] {processor.py:175} INFO - Processing /home/airflow/.local/lib/python3.7/site-packages/airflow/example_dags/example_xcom.py took 0.170 seconds
[2025-10-05T17:21:27.993+0000] {processor.py:153} INFO - Started process (PID=457) to work on /home/airflow/.local/lib/python3.7/site-packages/airflow/example_dags/example_xcom.py
[2025-10-05T17:21:27.994+0000] {processor.py:743} INFO - Processing file /home/airflow/.local/lib/python3.7/site-packages/airflow/example_dags/example_xcom.py for tasks to queue
[2025-10-05T17:21:27.995+0000] {logging_mixin.py:137} INFO - [2025-10-05T17:21:27.995+0000] {dagbag.py:538} INFO - Filling up the DagBag from /home/airflow/.local/lib/python3.7/site-packages/airflow/example_dags/example_xcom.py
[2025-10-05T17:21:28.022+0000] {processor.py:753} INFO - DAG(s) dict_keys(['example_xcom']) retrieved from /home/airflow/.local/lib/python3.7/site-packages/airflow/example_dags/example_xcom.py
[2025-10-05T17:21:28.058+0000] {logging_mixin.py:137} INFO - [2025-10-05T17:21:28.057+0000] {dag.py:2690} INFO - Sync 1 DAGs
[2025-10-05T17:21:28.088+0000] {logging_mixin.py:137} INFO - [2025-10-05T17:21:28.087+0000] {dag.py:3441} INFO - Setting next_dagrun for example_xcom to 2021-01-01T00:00:00+00:00, run_after=2021-01-01T00:00:00+00:00
[2025-10-05T17:21:28.117+0000] {processor.py:175} INFO - Processing /home/airflow/.local/lib/python3.7/site-packages/airflow/example_dags/example_xcom.py took 0.129 seconds
[2025-10-05T17:21:58.215+0000] {processor.py:153} INFO - Started process (PID=570) to work on /home/airflow/.local/lib/python3.7/site-packages/airflow/example_dags/example_xcom.py
[2025-10-05T17:21:58.217+0000] {processor.py:743} INFO - Processing file /home/airflow/.local/lib/python3.7/site-packages/airflow/example_dags/example_xcom.py for tasks to queue
[2025-10-05T17:21:58.218+0000] {logging_mixin.py:137} INFO - [2025-10-05T17:21:58.218+0000] {dagbag.py:538} INFO - Filling up the DagBag from /home/airflow/.local/lib/python3.7/site-packages/airflow/example_dags/example_xcom.py
[2025-10-05T17:21:58.247+0000] {processor.py:753} INFO - DAG(s) dict_keys(['example_xcom']) retrieved from /home/airflow/.local/lib/python3.7/site-packages/airflow/example_dags/example_xcom.py
[2025-10-05T17:21:58.282+0000] {logging_mixin.py:137} INFO - [2025-10-05T17:21:58.282+0000] {dag.py:2690} INFO - Sync 1 DAGs
[2025-10-05T17:21:58.313+0000] {logging_mixin.py:137} INFO - [2025-10-05T17:21:58.312+0000] {dag.py:3441} INFO - Setting next_dagrun for example_xcom to 2021-01-01T00:00:00+00:00, run_after=2021-01-01T00:00:00+00:00
[2025-10-05T17:21:58.339+0000] {processor.py:175} INFO - Processing /home/airflow/.local/lib/python3.7/site-packages/airflow/example_dags/example_xcom.py took 0.129 seconds
[2025-10-05T17:22:28.464+0000] {processor.py:153} INFO - Started process (PID=659) to work on /home/airflow/.local/lib/python3.7/site-packages/airflow/example_dags/example_xcom.py
[2025-10-05T17:22:28.465+0000] {processor.py:743} INFO - Processing file /home/airflow/.local/lib/python3.7/site-packages/airflow/example_dags/example_xcom.py for tasks to queue
[2025-10-05T17:22:28.466+0000] {logging_mixin.py:137} INFO - [2025-10-05T17:22:28.466+0000] {dagbag.py:538} INFO - Filling up the DagBag from /home/airflow/.local/lib/python3.7/site-packages/airflow/example_dags/example_xcom.py
[2025-10-05T17:22:28.492+0000] {processor.py:753} INFO - DAG(s) dict_keys(['example_xcom']) retrieved from /home/airflow/.local/lib/python3.7/site-packages/airflow/example_dags/example_xcom.py
[2025-10-05T17:22:28.526+0000] {logging_mixin.py:137} INFO - [2025-10-05T17:22:28.526+0000] {dag.py:2690} INFO - Sync 1 DAGs
[2025-10-05T17:22:28.553+0000] {logging_mixin.py:137} INFO - [2025-10-05T17:22:28.553+0000] {dag.py:3441} INFO - Setting next_dagrun for example_xcom to 2021-01-01T00:00:00+00:00, run_after=2021-01-01T00:00:00+00:00
[2025-10-05T17:22:28.579+0000] {processor.py:175} INFO - Processing /home/airflow/.local/lib/python3.7/site-packages/airflow/example_dags/example_xcom.py took 0.120 seconds
[2025-10-05T17:22:58.762+0000] {processor.py:153} INFO - Started process (PID=757) to work on /home/airflow/.local/lib/python3.7/site-packages/airflow/example_dags/example_xcom.py
[2025-10-05T17:22:58.766+0000] {processor.py:743} INFO - Processing file /home/airflow/.local/lib/python3.7/site-packages/airflow/example_dags/example_xcom.py for tasks to queue
[2025-10-05T17:22:58.767+0000] {logging_mixin.py:137} INFO - [2025-10-05T17:22:58.767+0000] {dagbag.py:538} INFO - Filling up the DagBag from /home/airflow/.local/lib/python3.7/site-packages/airflow/example_dags/example_xcom.py
[2025-10-05T17:22:58.850+0000] {processor.py:753} INFO - DAG(s) dict_keys(['example_xcom']) retrieved from /home/airflow/.local/lib/python3.7/site-packages/airflow/example_dags/example_xcom.py
[2025-10-05T17:22:58.903+0000] {logging_mixin.py:137} INFO - [2025-10-05T17:22:58.902+0000] {dag.py:2690} INFO - Sync 1 DAGs
[2025-10-05T17:22:58.936+0000] {logging_mixin.py:137} INFO - [2025-10-05T17:22:58.936+0000] {dag.py:3441} INFO - Setting next_dagrun for example_xcom to 2021-01-01T00:00:00+00:00, run_after=2021-01-01T00:00:00+00:00
[2025-10-05T17:22:58.961+0000] {processor.py:175} INFO - Processing /home/airflow/.local/lib/python3.7/site-packages/airflow/example_dags/example_xcom.py took 0.208 seconds
[2025-10-05T17:23:29.175+0000] {processor.py:153} INFO - Started process (PID=862) to work on /home/airflow/.local/lib/python3.7/site-packages/airflow/example_dags/example_xcom.py
[2025-10-05T17:23:29.177+0000] {processor.py:743} INFO - Processing file /home/airflow/.local/lib/python3.7/site-packages/airflow/example_dags/example_xcom.py for tasks to queue
[2025-10-05T17:23:29.178+0000] {logging_mixin.py:137} INFO - [2025-10-05T17:23:29.178+0000] {dagbag.py:538} INFO - Filling up the DagBag from /home/airflow/.local/lib/python3.7/site-packages/airflow/example_dags/example_xcom.py
[2025-10-05T17:23:29.211+0000] {processor.py:753} INFO - DAG(s) dict_keys(['example_xcom']) retrieved from /home/airflow/.local/lib/python3.7/site-packages/airflow/example_dags/example_xcom.py
[2025-10-05T17:23:29.244+0000] {logging_mixin.py:137} INFO - [2025-10-05T17:23:29.244+0000] {dag.py:2690} INFO - Sync 1 DAGs
[2025-10-05T17:23:29.276+0000] {logging_mixin.py:137} INFO - [2025-10-05T17:23:29.275+0000] {dag.py:3441} INFO - Setting next_dagrun for example_xcom to 2021-01-01T00:00:00+00:00, run_after=2021-01-01T00:00:00+00:00
[2025-10-05T17:23:29.301+0000] {processor.py:175} INFO - Processing /home/airflow/.local/lib/python3.7/site-packages/airflow/example_dags/example_xcom.py took 0.132 seconds
[2025-10-05T17:24:00.175+0000] {processor.py:153} INFO - Started process (PID=951) to work on /home/airflow/.local/lib/python3.7/site-packages/airflow/example_dags/example_xcom.py
[2025-10-05T17:24:00.176+0000] {processor.py:743} INFO - Processing file /home/airflow/.local/lib/python3.7/site-packages/airflow/example_dags/example_xcom.py for tasks to queue
[2025-10-05T17:24:00.178+0000] {logging_mixin.py:137} INFO - [2025-10-05T17:24:00.178+0000] {dagbag.py:538} INFO - Filling up the DagBag from /home/airflow/.local/lib/python3.7/site-packages/airflow/example_dags/example_xcom.py
[2025-10-05T17:24:00.212+0000] {processor.py:753} INFO - DAG(s) dict_keys(['example_xcom']) retrieved from /home/airflow/.local/lib/python3.7/site-packages/airflow/example_dags/example_xcom.py
[2025-10-05T17:24:00.246+0000] {logging_mixin.py:137} INFO - [2025-10-05T17:24:00.246+0000] {dag.py:2690} INFO - Sync 1 DAGs
[2025-10-05T17:24:00.277+0000] {logging_mixin.py:137} INFO - [2025-10-05T17:24:00.276+0000] {dag.py:3441} INFO - Setting next_dagrun for example_xcom to 2021-01-01T00:00:00+00:00, run_after=2021-01-01T00:00:00+00:00
[2025-10-05T17:24:00.302+0000] {processor.py:175} INFO - Processing /home/airflow/.local/lib/python3.7/site-packages/airflow/example_dags/example_xcom.py took 0.134 seconds
[2025-10-05T17:24:30.989+0000] {processor.py:153} INFO - Started process (PID=1064) to work on /home/airflow/.local/lib/python3.7/site-packages/airflow/example_dags/example_xcom.py
[2025-10-05T17:24:30.991+0000] {processor.py:743} INFO - Processing file /home/airflow/.local/lib/python3.7/site-packages/airflow/example_dags/example_xcom.py for tasks to queue
[2025-10-05T17:24:30.992+0000] {logging_mixin.py:137} INFO - [2025-10-05T17:24:30.992+0000] {dagbag.py:538} INFO - Filling up the DagBag from /home/airflow/.local/lib/python3.7/site-packages/airflow/example_dags/example_xcom.py
[2025-10-05T17:24:31.019+0000] {processor.py:753} INFO - DAG(s) dict_keys(['example_xcom']) retrieved from /home/airflow/.local/lib/python3.7/site-packages/airflow/example_dags/example_xcom.py
[2025-10-05T17:24:31.056+0000] {logging_mixin.py:137} INFO - [2025-10-05T17:24:31.056+0000] {dag.py:2690} INFO - Sync 1 DAGs
[2025-10-05T17:24:31.088+0000] {logging_mixin.py:137} INFO - [2025-10-05T17:24:31.087+0000] {dag.py:3441} INFO - Setting next_dagrun for example_xcom to 2021-01-01T00:00:00+00:00, run_after=2021-01-01T00:00:00+00:00
[2025-10-05T17:24:31.112+0000] {processor.py:175} INFO - Processing /home/airflow/.local/lib/python3.7/site-packages/airflow/example_dags/example_xcom.py took 0.127 seconds
[2025-10-05T17:25:01.201+0000] {processor.py:153} INFO - Started process (PID=1153) to work on /home/airflow/.local/lib/python3.7/site-packages/airflow/example_dags/example_xcom.py
[2025-10-05T17:25:01.203+0000] {processor.py:743} INFO - Processing file /home/airflow/.local/lib/python3.7/site-packages/airflow/example_dags/example_xcom.py for tasks to queue
[2025-10-05T17:25:01.205+0000] {logging_mixin.py:137} INFO - [2025-10-05T17:25:01.204+0000] {dagbag.py:538} INFO - Filling up the DagBag from /home/airflow/.local/lib/python3.7/site-packages/airflow/example_dags/example_xcom.py
[2025-10-05T17:25:01.230+0000] {processor.py:753} INFO - DAG(s) dict_keys(['example_xcom']) retrieved from /home/airflow/.local/lib/python3.7/site-packages/airflow/example_dags/example_xcom.py
[2025-10-05T17:25:01.263+0000] {logging_mixin.py:137} INFO - [2025-10-05T17:25:01.263+0000] {dag.py:2690} INFO - Sync 1 DAGs
[2025-10-05T17:25:01.289+0000] {logging_mixin.py:137} INFO - [2025-10-05T17:25:01.289+0000] {dag.py:3441} INFO - Setting next_dagrun for example_xcom to 2021-01-01T00:00:00+00:00, run_after=2021-01-01T00:00:00+00:00
[2025-10-05T17:25:01.312+0000] {processor.py:175} INFO - Processing /home/airflow/.local/lib/python3.7/site-packages/airflow/example_dags/example_xcom.py took 0.114 seconds
[2025-10-05T17:25:32.276+0000] {processor.py:153} INFO - Started process (PID=1266) to work on /home/airflow/.local/lib/python3.7/site-packages/airflow/example_dags/example_xcom.py
[2025-10-05T17:25:32.277+0000] {processor.py:743} INFO - Processing file /home/airflow/.local/lib/python3.7/site-packages/airflow/example_dags/example_xcom.py for tasks to queue
[2025-10-05T17:25:32.279+0000] {logging_mixin.py:137} INFO - [2025-10-05T17:25:32.278+0000] {dagbag.py:538} INFO - Filling up the DagBag from /home/airflow/.local/lib/python3.7/site-packages/airflow/example_dags/example_xcom.py
[2025-10-05T17:25:32.307+0000] {processor.py:753} INFO - DAG(s) dict_keys(['example_xcom']) retrieved from /home/airflow/.local/lib/python3.7/site-packages/airflow/example_dags/example_xcom.py
[2025-10-05T17:25:32.345+0000] {logging_mixin.py:137} INFO - [2025-10-05T17:25:32.344+0000] {dag.py:2690} INFO - Sync 1 DAGs
[2025-10-05T17:25:32.372+0000] {logging_mixin.py:137} INFO - [2025-10-05T17:25:32.372+0000] {dag.py:3441} INFO - Setting next_dagrun for example_xcom to 2021-01-01T00:00:00+00:00, run_after=2021-01-01T00:00:00+00:00
[2025-10-05T17:25:32.399+0000] {processor.py:175} INFO - Processing /home/airflow/.local/lib/python3.7/site-packages/airflow/example_dags/example_xcom.py took 0.127 seconds
[2025-10-05T17:26:02.987+0000] {processor.py:153} INFO - Started process (PID=1355) to work on /home/airflow/.local/lib/python3.7/site-packages/airflow/example_dags/example_xcom.py
[2025-10-05T17:26:02.989+0000] {processor.py:743} INFO - Processing file /home/airflow/.local/lib/python3.7/site-packages/airflow/example_dags/example_xcom.py for tasks to queue
[2025-10-05T17:26:02.990+0000] {logging_mixin.py:137} INFO - [2025-10-05T17:26:02.990+0000] {dagbag.py:538} INFO - Filling up the DagBag from /home/airflow/.local/lib/python3.7/site-packages/airflow/example_dags/example_xcom.py
[2025-10-05T17:26:03.018+0000] {processor.py:753} INFO - DAG(s) dict_keys(['example_xcom']) retrieved from /home/airflow/.local/lib/python3.7/site-packages/airflow/example_dags/example_xcom.py
[2025-10-05T17:26:03.051+0000] {logging_mixin.py:137} INFO - [2025-10-05T17:26:03.051+0000] {dag.py:2690} INFO - Sync 1 DAGs
[2025-10-05T17:26:03.079+0000] {logging_mixin.py:137} INFO - [2025-10-05T17:26:03.079+0000] {dag.py:3441} INFO - Setting next_dagrun for example_xcom to 2021-01-01T00:00:00+00:00, run_after=2021-01-01T00:00:00+00:00
[2025-10-05T17:26:03.104+0000] {processor.py:175} INFO - Processing /home/airflow/.local/lib/python3.7/site-packages/airflow/example_dags/example_xcom.py took 0.121 seconds
[2025-10-05T17:26:34.384+0000] {processor.py:153} INFO - Started process (PID=1468) to work on /home/airflow/.local/lib/python3.7/site-packages/airflow/example_dags/example_xcom.py
[2025-10-05T17:26:34.386+0000] {processor.py:743} INFO - Processing file /home/airflow/.local/lib/python3.7/site-packages/airflow/example_dags/example_xcom.py for tasks to queue
[2025-10-05T17:26:34.389+0000] {logging_mixin.py:137} INFO - [2025-10-05T17:26:34.389+0000] {dagbag.py:538} INFO - Filling up the DagBag from /home/airflow/.local/lib/python3.7/site-packages/airflow/example_dags/example_xcom.py
[2025-10-05T17:26:34.457+0000] {processor.py:753} INFO - DAG(s) dict_keys(['example_xcom']) retrieved from /home/airflow/.local/lib/python3.7/site-packages/airflow/example_dags/example_xcom.py
[2025-10-05T17:26:34.539+0000] {logging_mixin.py:137} INFO - [2025-10-05T17:26:34.539+0000] {dag.py:2690} INFO - Sync 1 DAGs
[2025-10-05T17:26:34.630+0000] {logging_mixin.py:137} INFO - [2025-10-05T17:26:34.629+0000] {dag.py:3441} INFO - Setting next_dagrun for example_xcom to 2021-01-01T00:00:00+00:00, run_after=2021-01-01T00:00:00+00:00
[2025-10-05T17:26:34.691+0000] {processor.py:175} INFO - Processing /home/airflow/.local/lib/python3.7/site-packages/airflow/example_dags/example_xcom.py took 0.315 seconds
[2025-10-05T17:27:05.061+0000] {processor.py:153} INFO - Started process (PID=1557) to work on /home/airflow/.local/lib/python3.7/site-packages/airflow/example_dags/example_xcom.py
[2025-10-05T17:27:05.062+0000] {processor.py:743} INFO - Processing file /home/airflow/.local/lib/python3.7/site-packages/airflow/example_dags/example_xcom.py for tasks to queue
[2025-10-05T17:27:05.064+0000] {logging_mixin.py:137} INFO - [2025-10-05T17:27:05.063+0000] {dagbag.py:538} INFO - Filling up the DagBag from /home/airflow/.local/lib/python3.7/site-packages/airflow/example_dags/example_xcom.py
[2025-10-05T17:27:05.094+0000] {processor.py:753} INFO - DAG(s) dict_keys(['example_xcom']) retrieved from /home/airflow/.local/lib/python3.7/site-packages/airflow/example_dags/example_xcom.py
[2025-10-05T17:27:05.131+0000] {logging_mixin.py:137} INFO - [2025-10-05T17:27:05.131+0000] {dag.py:2690} INFO - Sync 1 DAGs
[2025-10-05T17:27:05.161+0000] {logging_mixin.py:137} INFO - [2025-10-05T17:27:05.161+0000] {dag.py:3441} INFO - Setting next_dagrun for example_xcom to 2021-01-01T00:00:00+00:00, run_after=2021-01-01T00:00:00+00:00
[2025-10-05T17:27:05.191+0000] {processor.py:175} INFO - Processing /home/airflow/.local/lib/python3.7/site-packages/airflow/example_dags/example_xcom.py took 0.135 seconds
[2025-10-05T17:27:36.032+0000] {processor.py:153} INFO - Started process (PID=1646) to work on /home/airflow/.local/lib/python3.7/site-packages/airflow/example_dags/example_xcom.py
[2025-10-05T17:27:36.034+0000] {processor.py:743} INFO - Processing file /home/airflow/.local/lib/python3.7/site-packages/airflow/example_dags/example_xcom.py for tasks to queue
[2025-10-05T17:27:36.035+0000] {logging_mixin.py:137} INFO - [2025-10-05T17:27:36.035+0000] {dagbag.py:538} INFO - Filling up the DagBag from /home/airflow/.local/lib/python3.7/site-packages/airflow/example_dags/example_xcom.py
[2025-10-05T17:27:36.063+0000] {processor.py:753} INFO - DAG(s) dict_keys(['example_xcom']) retrieved from /home/airflow/.local/lib/python3.7/site-packages/airflow/example_dags/example_xcom.py
[2025-10-05T17:27:36.100+0000] {logging_mixin.py:137} INFO - [2025-10-05T17:27:36.099+0000] {dag.py:2690} INFO - Sync 1 DAGs
[2025-10-05T17:27:36.131+0000] {logging_mixin.py:137} INFO - [2025-10-05T17:27:36.131+0000] {dag.py:3441} INFO - Setting next_dagrun for example_xcom to 2021-01-01T00:00:00+00:00, run_after=2021-01-01T00:00:00+00:00
[2025-10-05T17:27:36.160+0000] {processor.py:175} INFO - Processing /home/airflow/.local/lib/python3.7/site-packages/airflow/example_dags/example_xcom.py took 0.133 seconds
[2025-10-05T17:28:07.248+0000] {processor.py:153} INFO - Started process (PID=1760) to work on /home/airflow/.local/lib/python3.7/site-packages/airflow/example_dags/example_xcom.py
[2025-10-05T17:28:07.250+0000] {processor.py:743} INFO - Processing file /home/airflow/.local/lib/python3.7/site-packages/airflow/example_dags/example_xcom.py for tasks to queue
[2025-10-05T17:28:07.251+0000] {logging_mixin.py:137} INFO - [2025-10-05T17:28:07.251+0000] {dagbag.py:538} INFO - Filling up the DagBag from /home/airflow/.local/lib/python3.7/site-packages/airflow/example_dags/example_xcom.py
[2025-10-05T17:28:07.278+0000] {processor.py:753} INFO - DAG(s) dict_keys(['example_xcom']) retrieved from /home/airflow/.local/lib/python3.7/site-packages/airflow/example_dags/example_xcom.py
[2025-10-05T17:28:07.313+0000] {logging_mixin.py:137} INFO - [2025-10-05T17:28:07.312+0000] {dag.py:2690} INFO - Sync 1 DAGs
[2025-10-05T17:28:07.344+0000] {logging_mixin.py:137} INFO - [2025-10-05T17:28:07.344+0000] {dag.py:3441} INFO - Setting next_dagrun for example_xcom to 2021-01-01T00:00:00+00:00, run_after=2021-01-01T00:00:00+00:00
[2025-10-05T17:28:07.374+0000] {processor.py:175} INFO - Processing /home/airflow/.local/lib/python3.7/site-packages/airflow/example_dags/example_xcom.py took 0.130 seconds
[2025-10-05T17:28:38.072+0000] {processor.py:153} INFO - Started process (PID=1849) to work on /home/airflow/.local/lib/python3.7/site-packages/airflow/example_dags/example_xcom.py
[2025-10-05T17:28:38.074+0000] {processor.py:743} INFO - Processing file /home/airflow/.local/lib/python3.7/site-packages/airflow/example_dags/example_xcom.py for tasks to queue
[2025-10-05T17:28:38.075+0000] {logging_mixin.py:137} INFO - [2025-10-05T17:28:38.075+0000] {dagbag.py:538} INFO - Filling up the DagBag from /home/airflow/.local/lib/python3.7/site-packages/airflow/example_dags/example_xcom.py
[2025-10-05T17:28:38.108+0000] {processor.py:753} INFO - DAG(s) dict_keys(['example_xcom']) retrieved from /home/airflow/.local/lib/python3.7/site-packages/airflow/example_dags/example_xcom.py
[2025-10-05T17:28:38.149+0000] {logging_mixin.py:137} INFO - [2025-10-05T17:28:38.148+0000] {dag.py:2690} INFO - Sync 1 DAGs
[2025-10-05T17:28:38.180+0000] {logging_mixin.py:137} INFO - [2025-10-05T17:28:38.180+0000] {dag.py:3441} INFO - Setting next_dagrun for example_xcom to 2021-01-01T00:00:00+00:00, run_after=2021-01-01T00:00:00+00:00
[2025-10-05T17:28:38.207+0000] {processor.py:175} INFO - Processing /home/airflow/.local/lib/python3.7/site-packages/airflow/example_dags/example_xcom.py took 0.140 seconds
[2025-10-05T17:29:09.054+0000] {processor.py:153} INFO - Started process (PID=1947) to work on /home/airflow/.local/lib/python3.7/site-packages/airflow/example_dags/example_xcom.py
[2025-10-05T17:29:09.056+0000] {processor.py:743} INFO - Processing file /home/airflow/.local/lib/python3.7/site-packages/airflow/example_dags/example_xcom.py for tasks to queue
[2025-10-05T17:29:09.057+0000] {logging_mixin.py:137} INFO - [2025-10-05T17:29:09.057+0000] {dagbag.py:538} INFO - Filling up the DagBag from /home/airflow/.local/lib/python3.7/site-packages/airflow/example_dags/example_xcom.py
[2025-10-05T17:29:09.087+0000] {processor.py:753} INFO - DAG(s) dict_keys(['example_xcom']) retrieved from /home/airflow/.local/lib/python3.7/site-packages/airflow/example_dags/example_xcom.py
[2025-10-05T17:29:09.128+0000] {logging_mixin.py:137} INFO - [2025-10-05T17:29:09.128+0000] {dag.py:2690} INFO - Sync 1 DAGs
[2025-10-05T17:29:09.157+0000] {logging_mixin.py:137} INFO - [2025-10-05T17:29:09.157+0000] {dag.py:3441} INFO - Setting next_dagrun for example_xcom to 2021-01-01T00:00:00+00:00, run_after=2021-01-01T00:00:00+00:00
[2025-10-05T17:29:09.187+0000] {processor.py:175} INFO - Processing /home/airflow/.local/lib/python3.7/site-packages/airflow/example_dags/example_xcom.py took 0.138 seconds
[2025-10-05T17:29:40.185+0000] {processor.py:153} INFO - Started process (PID=2051) to work on /home/airflow/.local/lib/python3.7/site-packages/airflow/example_dags/example_xcom.py
[2025-10-05T17:29:40.186+0000] {processor.py:743} INFO - Processing file /home/airflow/.local/lib/python3.7/site-packages/airflow/example_dags/example_xcom.py for tasks to queue
[2025-10-05T17:29:40.188+0000] {logging_mixin.py:137} INFO - [2025-10-05T17:29:40.188+0000] {dagbag.py:538} INFO - Filling up the DagBag from /home/airflow/.local/lib/python3.7/site-packages/airflow/example_dags/example_xcom.py
[2025-10-05T17:29:40.214+0000] {processor.py:753} INFO - DAG(s) dict_keys(['example_xcom']) retrieved from /home/airflow/.local/lib/python3.7/site-packages/airflow/example_dags/example_xcom.py
[2025-10-05T17:29:40.249+0000] {logging_mixin.py:137} INFO - [2025-10-05T17:29:40.249+0000] {dag.py:2690} INFO - Sync 1 DAGs
[2025-10-05T17:29:40.279+0000] {logging_mixin.py:137} INFO - [2025-10-05T17:29:40.279+0000] {dag.py:3441} INFO - Setting next_dagrun for example_xcom to 2021-01-01T00:00:00+00:00, run_after=2021-01-01T00:00:00+00:00
[2025-10-05T17:29:40.306+0000] {processor.py:175} INFO - Processing /home/airflow/.local/lib/python3.7/site-packages/airflow/example_dags/example_xcom.py took 0.125 seconds
[2025-10-05T17:30:10.668+0000] {processor.py:153} INFO - Started process (PID=2141) to work on /home/airflow/.local/lib/python3.7/site-packages/airflow/example_dags/example_xcom.py
[2025-10-05T17:30:10.669+0000] {processor.py:743} INFO - Processing file /home/airflow/.local/lib/python3.7/site-packages/airflow/example_dags/example_xcom.py for tasks to queue
[2025-10-05T17:30:10.671+0000] {logging_mixin.py:137} INFO - [2025-10-05T17:30:10.670+0000] {dagbag.py:538} INFO - Filling up the DagBag from /home/airflow/.local/lib/python3.7/site-packages/airflow/example_dags/example_xcom.py
[2025-10-05T17:30:10.696+0000] {processor.py:753} INFO - DAG(s) dict_keys(['example_xcom']) retrieved from /home/airflow/.local/lib/python3.7/site-packages/airflow/example_dags/example_xcom.py
[2025-10-05T17:30:10.730+0000] {logging_mixin.py:137} INFO - [2025-10-05T17:30:10.730+0000] {dag.py:2690} INFO - Sync 1 DAGs
[2025-10-05T17:30:10.758+0000] {logging_mixin.py:137} INFO - [2025-10-05T17:30:10.758+0000] {dag.py:3441} INFO - Setting next_dagrun for example_xcom to 2021-01-01T00:00:00+00:00, run_after=2021-01-01T00:00:00+00:00
[2025-10-05T17:30:10.781+0000] {processor.py:175} INFO - Processing /home/airflow/.local/lib/python3.7/site-packages/airflow/example_dags/example_xcom.py took 0.117 seconds
[2025-10-05T17:30:41.204+0000] {processor.py:153} INFO - Started process (PID=2255) to work on /home/airflow/.local/lib/python3.7/site-packages/airflow/example_dags/example_xcom.py
[2025-10-05T17:30:41.210+0000] {processor.py:743} INFO - Processing file /home/airflow/.local/lib/python3.7/site-packages/airflow/example_dags/example_xcom.py for tasks to queue
[2025-10-05T17:30:41.211+0000] {logging_mixin.py:137} INFO - [2025-10-05T17:30:41.211+0000] {dagbag.py:538} INFO - Filling up the DagBag from /home/airflow/.local/lib/python3.7/site-packages/airflow/example_dags/example_xcom.py
[2025-10-05T17:30:41.241+0000] {processor.py:753} INFO - DAG(s) dict_keys(['example_xcom']) retrieved from /home/airflow/.local/lib/python3.7/site-packages/airflow/example_dags/example_xcom.py
[2025-10-05T17:30:41.280+0000] {logging_mixin.py:137} INFO - [2025-10-05T17:30:41.280+0000] {dag.py:2690} INFO - Sync 1 DAGs
[2025-10-05T17:30:41.308+0000] {logging_mixin.py:137} INFO - [2025-10-05T17:30:41.308+0000] {dag.py:3441} INFO - Setting next_dagrun for example_xcom to 2021-01-01T00:00:00+00:00, run_after=2021-01-01T00:00:00+00:00
[2025-10-05T17:30:41.333+0000] {processor.py:175} INFO - Processing /home/airflow/.local/lib/python3.7/site-packages/airflow/example_dags/example_xcom.py took 0.134 seconds
[2025-10-05T17:31:12.270+0000] {processor.py:153} INFO - Started process (PID=2344) to work on /home/airflow/.local/lib/python3.7/site-packages/airflow/example_dags/example_xcom.py
[2025-10-05T17:31:12.271+0000] {processor.py:743} INFO - Processing file /home/airflow/.local/lib/python3.7/site-packages/airflow/example_dags/example_xcom.py for tasks to queue
[2025-10-05T17:31:12.273+0000] {logging_mixin.py:137} INFO - [2025-10-05T17:31:12.272+0000] {dagbag.py:538} INFO - Filling up the DagBag from /home/airflow/.local/lib/python3.7/site-packages/airflow/example_dags/example_xcom.py
[2025-10-05T17:31:12.301+0000] {processor.py:753} INFO - DAG(s) dict_keys(['example_xcom']) retrieved from /home/airflow/.local/lib/python3.7/site-packages/airflow/example_dags/example_xcom.py
[2025-10-05T17:31:12.335+0000] {logging_mixin.py:137} INFO - [2025-10-05T17:31:12.335+0000] {dag.py:2690} INFO - Sync 1 DAGs
[2025-10-05T17:31:12.365+0000] {logging_mixin.py:137} INFO - [2025-10-05T17:31:12.365+0000] {dag.py:3441} INFO - Setting next_dagrun for example_xcom to 2021-01-01T00:00:00+00:00, run_after=2021-01-01T00:00:00+00:00
[2025-10-05T17:31:12.391+0000] {processor.py:175} INFO - Processing /home/airflow/.local/lib/python3.7/site-packages/airflow/example_dags/example_xcom.py took 0.126 seconds
[2025-10-05T17:31:43.423+0000] {processor.py:153} INFO - Started process (PID=2458) to work on /home/airflow/.local/lib/python3.7/site-packages/airflow/example_dags/example_xcom.py
[2025-10-05T17:31:43.424+0000] {processor.py:743} INFO - Processing file /home/airflow/.local/lib/python3.7/site-packages/airflow/example_dags/example_xcom.py for tasks to queue
[2025-10-05T17:31:43.425+0000] {logging_mixin.py:137} INFO - [2025-10-05T17:31:43.425+0000] {dagbag.py:538} INFO - Filling up the DagBag from /home/airflow/.local/lib/python3.7/site-packages/airflow/example_dags/example_xcom.py
[2025-10-05T17:31:43.451+0000] {processor.py:753} INFO - DAG(s) dict_keys(['example_xcom']) retrieved from /home/airflow/.local/lib/python3.7/site-packages/airflow/example_dags/example_xcom.py
[2025-10-05T17:31:43.482+0000] {logging_mixin.py:137} INFO - [2025-10-05T17:31:43.481+0000] {dag.py:2690} INFO - Sync 1 DAGs
[2025-10-05T17:31:43.512+0000] {logging_mixin.py:137} INFO - [2025-10-05T17:31:43.511+0000] {dag.py:3441} INFO - Setting next_dagrun for example_xcom to 2021-01-01T00:00:00+00:00, run_after=2021-01-01T00:00:00+00:00
[2025-10-05T17:31:43.535+0000] {processor.py:175} INFO - Processing /home/airflow/.local/lib/python3.7/site-packages/airflow/example_dags/example_xcom.py took 0.116 seconds
[2025-10-05T17:32:14.018+0000] {processor.py:153} INFO - Started process (PID=2547) to work on /home/airflow/.local/lib/python3.7/site-packages/airflow/example_dags/example_xcom.py
[2025-10-05T17:32:14.020+0000] {processor.py:743} INFO - Processing file /home/airflow/.local/lib/python3.7/site-packages/airflow/example_dags/example_xcom.py for tasks to queue
[2025-10-05T17:32:14.021+0000] {logging_mixin.py:137} INFO - [2025-10-05T17:32:14.021+0000] {dagbag.py:538} INFO - Filling up the DagBag from /home/airflow/.local/lib/python3.7/site-packages/airflow/example_dags/example_xcom.py
[2025-10-05T17:32:14.045+0000] {processor.py:753} INFO - DAG(s) dict_keys(['example_xcom']) retrieved from /home/airflow/.local/lib/python3.7/site-packages/airflow/example_dags/example_xcom.py
[2025-10-05T17:32:14.076+0000] {logging_mixin.py:137} INFO - [2025-10-05T17:32:14.076+0000] {dag.py:2690} INFO - Sync 1 DAGs
[2025-10-05T17:32:14.105+0000] {logging_mixin.py:137} INFO - [2025-10-05T17:32:14.105+0000] {dag.py:3441} INFO - Setting next_dagrun for example_xcom to 2021-01-01T00:00:00+00:00, run_after=2021-01-01T00:00:00+00:00
[2025-10-05T17:32:14.128+0000] {processor.py:175} INFO - Processing /home/airflow/.local/lib/python3.7/site-packages/airflow/example_dags/example_xcom.py took 0.113 seconds
[2025-10-05T17:32:44.928+0000] {processor.py:153} INFO - Started process (PID=2660) to work on /home/airflow/.local/lib/python3.7/site-packages/airflow/example_dags/example_xcom.py
[2025-10-05T17:32:44.930+0000] {processor.py:743} INFO - Processing file /home/airflow/.local/lib/python3.7/site-packages/airflow/example_dags/example_xcom.py for tasks to queue
[2025-10-05T17:32:44.931+0000] {logging_mixin.py:137} INFO - [2025-10-05T17:32:44.931+0000] {dagbag.py:538} INFO - Filling up the DagBag from /home/airflow/.local/lib/python3.7/site-packages/airflow/example_dags/example_xcom.py
[2025-10-05T17:32:44.961+0000] {processor.py:753} INFO - DAG(s) dict_keys(['example_xcom']) retrieved from /home/airflow/.local/lib/python3.7/site-packages/airflow/example_dags/example_xcom.py
[2025-10-05T17:32:45.000+0000] {logging_mixin.py:137} INFO - [2025-10-05T17:32:45.000+0000] {dag.py:2690} INFO - Sync 1 DAGs
[2025-10-05T17:32:45.032+0000] {logging_mixin.py:137} INFO - [2025-10-05T17:32:45.031+0000] {dag.py:3441} INFO - Setting next_dagrun for example_xcom to 2021-01-01T00:00:00+00:00, run_after=2021-01-01T00:00:00+00:00
[2025-10-05T17:32:45.061+0000] {processor.py:175} INFO - Processing /home/airflow/.local/lib/python3.7/site-packages/airflow/example_dags/example_xcom.py took 0.137 seconds
[2025-10-05T17:33:15.426+0000] {processor.py:153} INFO - Started process (PID=2749) to work on /home/airflow/.local/lib/python3.7/site-packages/airflow/example_dags/example_xcom.py
[2025-10-05T17:33:15.427+0000] {processor.py:743} INFO - Processing file /home/airflow/.local/lib/python3.7/site-packages/airflow/example_dags/example_xcom.py for tasks to queue
[2025-10-05T17:33:15.429+0000] {logging_mixin.py:137} INFO - [2025-10-05T17:33:15.429+0000] {dagbag.py:538} INFO - Filling up the DagBag from /home/airflow/.local/lib/python3.7/site-packages/airflow/example_dags/example_xcom.py
[2025-10-05T17:33:15.457+0000] {processor.py:753} INFO - DAG(s) dict_keys(['example_xcom']) retrieved from /home/airflow/.local/lib/python3.7/site-packages/airflow/example_dags/example_xcom.py
[2025-10-05T17:33:15.490+0000] {logging_mixin.py:137} INFO - [2025-10-05T17:33:15.490+0000] {dag.py:2690} INFO - Sync 1 DAGs
[2025-10-05T17:33:15.520+0000] {logging_mixin.py:137} INFO - [2025-10-05T17:33:15.520+0000] {dag.py:3441} INFO - Setting next_dagrun for example_xcom to 2021-01-01T00:00:00+00:00, run_after=2021-01-01T00:00:00+00:00
[2025-10-05T17:33:15.548+0000] {processor.py:175} INFO - Processing /home/airflow/.local/lib/python3.7/site-packages/airflow/example_dags/example_xcom.py took 0.126 seconds
[2025-10-05T17:33:45.732+0000] {processor.py:153} INFO - Started process (PID=2837) to work on /home/airflow/.local/lib/python3.7/site-packages/airflow/example_dags/example_xcom.py
[2025-10-05T17:33:45.734+0000] {processor.py:743} INFO - Processing file /home/airflow/.local/lib/python3.7/site-packages/airflow/example_dags/example_xcom.py for tasks to queue
[2025-10-05T17:33:45.735+0000] {logging_mixin.py:137} INFO - [2025-10-05T17:33:45.735+0000] {dagbag.py:538} INFO - Filling up the DagBag from /home/airflow/.local/lib/python3.7/site-packages/airflow/example_dags/example_xcom.py
[2025-10-05T17:33:45.762+0000] {processor.py:753} INFO - DAG(s) dict_keys(['example_xcom']) retrieved from /home/airflow/.local/lib/python3.7/site-packages/airflow/example_dags/example_xcom.py
[2025-10-05T17:33:45.802+0000] {logging_mixin.py:137} INFO - [2025-10-05T17:33:45.802+0000] {dag.py:2690} INFO - Sync 1 DAGs
[2025-10-05T17:33:45.835+0000] {logging_mixin.py:137} INFO - [2025-10-05T17:33:45.834+0000] {dag.py:3441} INFO - Setting next_dagrun for example_xcom to 2021-01-01T00:00:00+00:00, run_after=2021-01-01T00:00:00+00:00
[2025-10-05T17:33:45.860+0000] {processor.py:175} INFO - Processing /home/airflow/.local/lib/python3.7/site-packages/airflow/example_dags/example_xcom.py took 0.133 seconds
[2025-10-05T17:34:16.489+0000] {processor.py:153} INFO - Started process (PID=2950) to work on /home/airflow/.local/lib/python3.7/site-packages/airflow/example_dags/example_xcom.py
[2025-10-05T17:34:16.491+0000] {processor.py:743} INFO - Processing file /home/airflow/.local/lib/python3.7/site-packages/airflow/example_dags/example_xcom.py for tasks to queue
[2025-10-05T17:34:16.492+0000] {logging_mixin.py:137} INFO - [2025-10-05T17:34:16.492+0000] {dagbag.py:538} INFO - Filling up the DagBag from /home/airflow/.local/lib/python3.7/site-packages/airflow/example_dags/example_xcom.py
[2025-10-05T17:34:16.519+0000] {processor.py:753} INFO - DAG(s) dict_keys(['example_xcom']) retrieved from /home/airflow/.local/lib/python3.7/site-packages/airflow/example_dags/example_xcom.py
[2025-10-05T17:34:16.551+0000] {logging_mixin.py:137} INFO - [2025-10-05T17:34:16.550+0000] {dag.py:2690} INFO - Sync 1 DAGs
[2025-10-05T17:34:16.579+0000] {logging_mixin.py:137} INFO - [2025-10-05T17:34:16.579+0000] {dag.py:3441} INFO - Setting next_dagrun for example_xcom to 2021-01-01T00:00:00+00:00, run_after=2021-01-01T00:00:00+00:00
[2025-10-05T17:34:16.602+0000] {processor.py:175} INFO - Processing /home/airflow/.local/lib/python3.7/site-packages/airflow/example_dags/example_xcom.py took 0.116 seconds
[2025-10-05T17:34:46.805+0000] {processor.py:153} INFO - Started process (PID=3039) to work on /home/airflow/.local/lib/python3.7/site-packages/airflow/example_dags/example_xcom.py
[2025-10-05T17:34:46.807+0000] {processor.py:743} INFO - Processing file /home/airflow/.local/lib/python3.7/site-packages/airflow/example_dags/example_xcom.py for tasks to queue
[2025-10-05T17:34:46.808+0000] {logging_mixin.py:137} INFO - [2025-10-05T17:34:46.808+0000] {dagbag.py:538} INFO - Filling up the DagBag from /home/airflow/.local/lib/python3.7/site-packages/airflow/example_dags/example_xcom.py
[2025-10-05T17:34:46.837+0000] {processor.py:753} INFO - DAG(s) dict_keys(['example_xcom']) retrieved from /home/airflow/.local/lib/python3.7/site-packages/airflow/example_dags/example_xcom.py
[2025-10-05T17:34:46.873+0000] {logging_mixin.py:137} INFO - [2025-10-05T17:34:46.873+0000] {dag.py:2690} INFO - Sync 1 DAGs
[2025-10-05T17:34:46.902+0000] {logging_mixin.py:137} INFO - [2025-10-05T17:34:46.902+0000] {dag.py:3441} INFO - Setting next_dagrun for example_xcom to 2021-01-01T00:00:00+00:00, run_after=2021-01-01T00:00:00+00:00
[2025-10-05T17:34:46.930+0000] {processor.py:175} INFO - Processing /home/airflow/.local/lib/python3.7/site-packages/airflow/example_dags/example_xcom.py took 0.129 seconds
[2025-10-05T17:35:17.311+0000] {processor.py:153} INFO - Started process (PID=3134) to work on /home/airflow/.local/lib/python3.7/site-packages/airflow/example_dags/example_xcom.py
[2025-10-05T17:35:17.313+0000] {processor.py:743} INFO - Processing file /home/airflow/.local/lib/python3.7/site-packages/airflow/example_dags/example_xcom.py for tasks to queue
[2025-10-05T17:35:17.314+0000] {logging_mixin.py:137} INFO - [2025-10-05T17:35:17.314+0000] {dagbag.py:538} INFO - Filling up the DagBag from /home/airflow/.local/lib/python3.7/site-packages/airflow/example_dags/example_xcom.py
[2025-10-05T17:35:17.339+0000] {processor.py:753} INFO - DAG(s) dict_keys(['example_xcom']) retrieved from /home/airflow/.local/lib/python3.7/site-packages/airflow/example_dags/example_xcom.py
[2025-10-05T17:35:17.374+0000] {logging_mixin.py:137} INFO - [2025-10-05T17:35:17.374+0000] {dag.py:2690} INFO - Sync 1 DAGs
[2025-10-05T17:35:17.404+0000] {logging_mixin.py:137} INFO - [2025-10-05T17:35:17.404+0000] {dag.py:3441} INFO - Setting next_dagrun for example_xcom to 2021-01-01T00:00:00+00:00, run_after=2021-01-01T00:00:00+00:00
[2025-10-05T17:35:17.429+0000] {processor.py:175} INFO - Processing /home/airflow/.local/lib/python3.7/site-packages/airflow/example_dags/example_xcom.py took 0.122 seconds
[2025-10-05T17:35:47.802+0000] {processor.py:153} INFO - Started process (PID=3241) to work on /home/airflow/.local/lib/python3.7/site-packages/airflow/example_dags/example_xcom.py
[2025-10-05T17:35:47.804+0000] {processor.py:743} INFO - Processing file /home/airflow/.local/lib/python3.7/site-packages/airflow/example_dags/example_xcom.py for tasks to queue
[2025-10-05T17:35:47.805+0000] {logging_mixin.py:137} INFO - [2025-10-05T17:35:47.805+0000] {dagbag.py:538} INFO - Filling up the DagBag from /home/airflow/.local/lib/python3.7/site-packages/airflow/example_dags/example_xcom.py
[2025-10-05T17:35:47.837+0000] {processor.py:753} INFO - DAG(s) dict_keys(['example_xcom']) retrieved from /home/airflow/.local/lib/python3.7/site-packages/airflow/example_dags/example_xcom.py
[2025-10-05T17:35:47.875+0000] {logging_mixin.py:137} INFO - [2025-10-05T17:35:47.875+0000] {dag.py:2690} INFO - Sync 1 DAGs
[2025-10-05T17:35:47.905+0000] {logging_mixin.py:137} INFO - [2025-10-05T17:35:47.905+0000] {dag.py:3441} INFO - Setting next_dagrun for example_xcom to 2021-01-01T00:00:00+00:00, run_after=2021-01-01T00:00:00+00:00
[2025-10-05T17:35:47.957+0000] {processor.py:175} INFO - Processing /home/airflow/.local/lib/python3.7/site-packages/airflow/example_dags/example_xcom.py took 0.159 seconds
[2025-10-05T17:36:18.717+0000] {processor.py:153} INFO - Started process (PID=3330) to work on /home/airflow/.local/lib/python3.7/site-packages/airflow/example_dags/example_xcom.py
[2025-10-05T17:36:18.718+0000] {processor.py:743} INFO - Processing file /home/airflow/.local/lib/python3.7/site-packages/airflow/example_dags/example_xcom.py for tasks to queue
[2025-10-05T17:36:18.720+0000] {logging_mixin.py:137} INFO - [2025-10-05T17:36:18.720+0000] {dagbag.py:538} INFO - Filling up the DagBag from /home/airflow/.local/lib/python3.7/site-packages/airflow/example_dags/example_xcom.py
[2025-10-05T17:36:18.751+0000] {processor.py:753} INFO - DAG(s) dict_keys(['example_xcom']) retrieved from /home/airflow/.local/lib/python3.7/site-packages/airflow/example_dags/example_xcom.py
[2025-10-05T17:36:18.788+0000] {logging_mixin.py:137} INFO - [2025-10-05T17:36:18.787+0000] {dag.py:2690} INFO - Sync 1 DAGs
[2025-10-05T17:36:18.815+0000] {logging_mixin.py:137} INFO - [2025-10-05T17:36:18.814+0000] {dag.py:3441} INFO - Setting next_dagrun for example_xcom to 2021-01-01T00:00:00+00:00, run_after=2021-01-01T00:00:00+00:00
[2025-10-05T17:36:18.841+0000] {processor.py:175} INFO - Processing /home/airflow/.local/lib/python3.7/site-packages/airflow/example_dags/example_xcom.py took 0.129 seconds
[2025-10-05T17:36:49.861+0000] {processor.py:153} INFO - Started process (PID=3444) to work on /home/airflow/.local/lib/python3.7/site-packages/airflow/example_dags/example_xcom.py
[2025-10-05T17:36:49.863+0000] {processor.py:743} INFO - Processing file /home/airflow/.local/lib/python3.7/site-packages/airflow/example_dags/example_xcom.py for tasks to queue
[2025-10-05T17:36:49.864+0000] {logging_mixin.py:137} INFO - [2025-10-05T17:36:49.864+0000] {dagbag.py:538} INFO - Filling up the DagBag from /home/airflow/.local/lib/python3.7/site-packages/airflow/example_dags/example_xcom.py
[2025-10-05T17:36:49.903+0000] {processor.py:753} INFO - DAG(s) dict_keys(['example_xcom']) retrieved from /home/airflow/.local/lib/python3.7/site-packages/airflow/example_dags/example_xcom.py
[2025-10-05T17:36:49.946+0000] {logging_mixin.py:137} INFO - [2025-10-05T17:36:49.946+0000] {dag.py:2690} INFO - Sync 1 DAGs
[2025-10-05T17:36:49.989+0000] {logging_mixin.py:137} INFO - [2025-10-05T17:36:49.989+0000] {dag.py:3441} INFO - Setting next_dagrun for example_xcom to 2021-01-01T00:00:00+00:00, run_after=2021-01-01T00:00:00+00:00
[2025-10-05T17:36:50.026+0000] {processor.py:175} INFO - Processing /home/airflow/.local/lib/python3.7/site-packages/airflow/example_dags/example_xcom.py took 0.172 seconds
