[2025-10-05T17:19:27.073+0000] {processor.py:153} INFO - Started process (PID=96) to work on /home/airflow/.local/lib/python3.7/site-packages/airflow/example_dags/example_sla_dag.py
[2025-10-05T17:19:27.075+0000] {processor.py:743} INFO - Processing file /home/airflow/.local/lib/python3.7/site-packages/airflow/example_dags/example_sla_dag.py for tasks to queue
[2025-10-05T17:19:27.077+0000] {logging_mixin.py:137} INFO - [2025-10-05T17:19:27.076+0000] {dagbag.py:538} INFO - Filling up the DagBag from /home/airflow/.local/lib/python3.7/site-packages/airflow/example_dags/example_sla_dag.py
[2025-10-05T17:19:27.112+0000] {processor.py:753} INFO - DAG(s) dict_keys(['example_sla_dag']) retrieved from /home/airflow/.local/lib/python3.7/site-packages/airflow/example_dags/example_sla_dag.py
[2025-10-05T17:19:27.166+0000] {logging_mixin.py:137} INFO - [2025-10-05T17:19:27.165+0000] {dag.py:2690} INFO - Sync 1 DAGs
[2025-10-05T17:19:27.290+0000] {logging_mixin.py:137} INFO - [2025-10-05T17:19:27.290+0000] {dag.py:3441} INFO - Setting next_dagrun for example_sla_dag to 2025-10-05T17:16:00+00:00, run_after=2025-10-05T17:18:00+00:00
[2025-10-05T17:19:27.334+0000] {processor.py:175} INFO - Processing /home/airflow/.local/lib/python3.7/site-packages/airflow/example_dags/example_sla_dag.py took 0.265 seconds
[2025-10-05T17:19:57.826+0000] {processor.py:153} INFO - Started process (PID=185) to work on /home/airflow/.local/lib/python3.7/site-packages/airflow/example_dags/example_sla_dag.py
[2025-10-05T17:19:57.827+0000] {processor.py:743} INFO - Processing file /home/airflow/.local/lib/python3.7/site-packages/airflow/example_dags/example_sla_dag.py for tasks to queue
[2025-10-05T17:19:57.829+0000] {logging_mixin.py:137} INFO - [2025-10-05T17:19:57.828+0000] {dagbag.py:538} INFO - Filling up the DagBag from /home/airflow/.local/lib/python3.7/site-packages/airflow/example_dags/example_sla_dag.py
[2025-10-05T17:19:57.858+0000] {processor.py:753} INFO - DAG(s) dict_keys(['example_sla_dag']) retrieved from /home/airflow/.local/lib/python3.7/site-packages/airflow/example_dags/example_sla_dag.py
[2025-10-05T17:19:57.894+0000] {logging_mixin.py:137} INFO - [2025-10-05T17:19:57.894+0000] {dag.py:2690} INFO - Sync 1 DAGs
[2025-10-05T17:19:57.929+0000] {logging_mixin.py:137} INFO - [2025-10-05T17:19:57.929+0000] {dag.py:3441} INFO - Setting next_dagrun for example_sla_dag to 2025-10-05T17:16:00+00:00, run_after=2025-10-05T17:18:00+00:00
[2025-10-05T17:19:57.959+0000] {processor.py:175} INFO - Processing /home/airflow/.local/lib/python3.7/site-packages/airflow/example_dags/example_sla_dag.py took 0.138 seconds
[2025-10-05T17:20:28.582+0000] {processor.py:153} INFO - Started process (PID=298) to work on /home/airflow/.local/lib/python3.7/site-packages/airflow/example_dags/example_sla_dag.py
[2025-10-05T17:20:28.584+0000] {processor.py:743} INFO - Processing file /home/airflow/.local/lib/python3.7/site-packages/airflow/example_dags/example_sla_dag.py for tasks to queue
[2025-10-05T17:20:28.585+0000] {logging_mixin.py:137} INFO - [2025-10-05T17:20:28.585+0000] {dagbag.py:538} INFO - Filling up the DagBag from /home/airflow/.local/lib/python3.7/site-packages/airflow/example_dags/example_sla_dag.py
[2025-10-05T17:20:28.615+0000] {processor.py:753} INFO - DAG(s) dict_keys(['example_sla_dag']) retrieved from /home/airflow/.local/lib/python3.7/site-packages/airflow/example_dags/example_sla_dag.py
[2025-10-05T17:20:28.647+0000] {logging_mixin.py:137} INFO - [2025-10-05T17:20:28.647+0000] {dag.py:2690} INFO - Sync 1 DAGs
[2025-10-05T17:20:28.678+0000] {logging_mixin.py:137} INFO - [2025-10-05T17:20:28.678+0000] {dag.py:3441} INFO - Setting next_dagrun for example_sla_dag to 2025-10-05T17:18:00+00:00, run_after=2025-10-05T17:20:00+00:00
[2025-10-05T17:20:28.706+0000] {processor.py:175} INFO - Processing /home/airflow/.local/lib/python3.7/site-packages/airflow/example_dags/example_sla_dag.py took 0.128 seconds
[2025-10-05T17:20:59.459+0000] {processor.py:153} INFO - Started process (PID=387) to work on /home/airflow/.local/lib/python3.7/site-packages/airflow/example_dags/example_sla_dag.py
[2025-10-05T17:20:59.461+0000] {processor.py:743} INFO - Processing file /home/airflow/.local/lib/python3.7/site-packages/airflow/example_dags/example_sla_dag.py for tasks to queue
[2025-10-05T17:20:59.462+0000] {logging_mixin.py:137} INFO - [2025-10-05T17:20:59.462+0000] {dagbag.py:538} INFO - Filling up the DagBag from /home/airflow/.local/lib/python3.7/site-packages/airflow/example_dags/example_sla_dag.py
[2025-10-05T17:20:59.493+0000] {processor.py:753} INFO - DAG(s) dict_keys(['example_sla_dag']) retrieved from /home/airflow/.local/lib/python3.7/site-packages/airflow/example_dags/example_sla_dag.py
[2025-10-05T17:20:59.528+0000] {logging_mixin.py:137} INFO - [2025-10-05T17:20:59.528+0000] {dag.py:2690} INFO - Sync 1 DAGs
[2025-10-05T17:20:59.562+0000] {logging_mixin.py:137} INFO - [2025-10-05T17:20:59.562+0000] {dag.py:3441} INFO - Setting next_dagrun for example_sla_dag to 2025-10-05T17:18:00+00:00, run_after=2025-10-05T17:20:00+00:00
[2025-10-05T17:20:59.589+0000] {processor.py:175} INFO - Processing /home/airflow/.local/lib/python3.7/site-packages/airflow/example_dags/example_sla_dag.py took 0.134 seconds
[2025-10-05T17:21:30.927+0000] {processor.py:153} INFO - Started process (PID=500) to work on /home/airflow/.local/lib/python3.7/site-packages/airflow/example_dags/example_sla_dag.py
[2025-10-05T17:21:30.929+0000] {processor.py:743} INFO - Processing file /home/airflow/.local/lib/python3.7/site-packages/airflow/example_dags/example_sla_dag.py for tasks to queue
[2025-10-05T17:21:30.930+0000] {logging_mixin.py:137} INFO - [2025-10-05T17:21:30.930+0000] {dagbag.py:538} INFO - Filling up the DagBag from /home/airflow/.local/lib/python3.7/site-packages/airflow/example_dags/example_sla_dag.py
[2025-10-05T17:21:30.963+0000] {processor.py:753} INFO - DAG(s) dict_keys(['example_sla_dag']) retrieved from /home/airflow/.local/lib/python3.7/site-packages/airflow/example_dags/example_sla_dag.py
[2025-10-05T17:21:31.003+0000] {logging_mixin.py:137} INFO - [2025-10-05T17:21:31.002+0000] {dag.py:2690} INFO - Sync 1 DAGs
[2025-10-05T17:21:31.038+0000] {logging_mixin.py:137} INFO - [2025-10-05T17:21:31.038+0000] {dag.py:3441} INFO - Setting next_dagrun for example_sla_dag to 2025-10-05T17:18:00+00:00, run_after=2025-10-05T17:20:00+00:00
[2025-10-05T17:21:31.072+0000] {processor.py:175} INFO - Processing /home/airflow/.local/lib/python3.7/site-packages/airflow/example_dags/example_sla_dag.py took 0.149 seconds
[2025-10-05T17:22:01.282+0000] {processor.py:153} INFO - Started process (PID=589) to work on /home/airflow/.local/lib/python3.7/site-packages/airflow/example_dags/example_sla_dag.py
[2025-10-05T17:22:01.283+0000] {processor.py:743} INFO - Processing file /home/airflow/.local/lib/python3.7/site-packages/airflow/example_dags/example_sla_dag.py for tasks to queue
[2025-10-05T17:22:01.284+0000] {logging_mixin.py:137} INFO - [2025-10-05T17:22:01.284+0000] {dagbag.py:538} INFO - Filling up the DagBag from /home/airflow/.local/lib/python3.7/site-packages/airflow/example_dags/example_sla_dag.py
[2025-10-05T17:22:01.312+0000] {processor.py:753} INFO - DAG(s) dict_keys(['example_sla_dag']) retrieved from /home/airflow/.local/lib/python3.7/site-packages/airflow/example_dags/example_sla_dag.py
[2025-10-05T17:22:01.345+0000] {logging_mixin.py:137} INFO - [2025-10-05T17:22:01.345+0000] {dag.py:2690} INFO - Sync 1 DAGs
[2025-10-05T17:22:01.381+0000] {logging_mixin.py:137} INFO - [2025-10-05T17:22:01.381+0000] {dag.py:3441} INFO - Setting next_dagrun for example_sla_dag to 2025-10-05T17:20:00+00:00, run_after=2025-10-05T17:22:00+00:00
[2025-10-05T17:22:01.409+0000] {processor.py:175} INFO - Processing /home/airflow/.local/lib/python3.7/site-packages/airflow/example_dags/example_sla_dag.py took 0.131 seconds
[2025-10-05T17:22:31.686+0000] {processor.py:153} INFO - Started process (PID=678) to work on /home/airflow/.local/lib/python3.7/site-packages/airflow/example_dags/example_sla_dag.py
[2025-10-05T17:22:31.687+0000] {processor.py:743} INFO - Processing file /home/airflow/.local/lib/python3.7/site-packages/airflow/example_dags/example_sla_dag.py for tasks to queue
[2025-10-05T17:22:31.688+0000] {logging_mixin.py:137} INFO - [2025-10-05T17:22:31.688+0000] {dagbag.py:538} INFO - Filling up the DagBag from /home/airflow/.local/lib/python3.7/site-packages/airflow/example_dags/example_sla_dag.py
[2025-10-05T17:22:31.717+0000] {processor.py:753} INFO - DAG(s) dict_keys(['example_sla_dag']) retrieved from /home/airflow/.local/lib/python3.7/site-packages/airflow/example_dags/example_sla_dag.py
[2025-10-05T17:22:31.754+0000] {logging_mixin.py:137} INFO - [2025-10-05T17:22:31.754+0000] {dag.py:2690} INFO - Sync 1 DAGs
[2025-10-05T17:22:31.785+0000] {logging_mixin.py:137} INFO - [2025-10-05T17:22:31.785+0000] {dag.py:3441} INFO - Setting next_dagrun for example_sla_dag to 2025-10-05T17:20:00+00:00, run_after=2025-10-05T17:22:00+00:00
[2025-10-05T17:22:31.810+0000] {processor.py:175} INFO - Processing /home/airflow/.local/lib/python3.7/site-packages/airflow/example_dags/example_sla_dag.py took 0.129 seconds
[2025-10-05T17:23:02.244+0000] {processor.py:153} INFO - Started process (PID=791) to work on /home/airflow/.local/lib/python3.7/site-packages/airflow/example_dags/example_sla_dag.py
[2025-10-05T17:23:02.245+0000] {processor.py:743} INFO - Processing file /home/airflow/.local/lib/python3.7/site-packages/airflow/example_dags/example_sla_dag.py for tasks to queue
[2025-10-05T17:23:02.246+0000] {logging_mixin.py:137} INFO - [2025-10-05T17:23:02.246+0000] {dagbag.py:538} INFO - Filling up the DagBag from /home/airflow/.local/lib/python3.7/site-packages/airflow/example_dags/example_sla_dag.py
[2025-10-05T17:23:02.280+0000] {processor.py:753} INFO - DAG(s) dict_keys(['example_sla_dag']) retrieved from /home/airflow/.local/lib/python3.7/site-packages/airflow/example_dags/example_sla_dag.py
[2025-10-05T17:23:02.318+0000] {logging_mixin.py:137} INFO - [2025-10-05T17:23:02.317+0000] {dag.py:2690} INFO - Sync 1 DAGs
[2025-10-05T17:23:02.353+0000] {logging_mixin.py:137} INFO - [2025-10-05T17:23:02.353+0000] {dag.py:3441} INFO - Setting next_dagrun for example_sla_dag to 2025-10-05T17:20:00+00:00, run_after=2025-10-05T17:22:00+00:00
[2025-10-05T17:23:02.389+0000] {processor.py:175} INFO - Processing /home/airflow/.local/lib/python3.7/site-packages/airflow/example_dags/example_sla_dag.py took 0.150 seconds
[2025-10-05T17:23:32.936+0000] {processor.py:153} INFO - Started process (PID=881) to work on /home/airflow/.local/lib/python3.7/site-packages/airflow/example_dags/example_sla_dag.py
[2025-10-05T17:23:32.938+0000] {processor.py:743} INFO - Processing file /home/airflow/.local/lib/python3.7/site-packages/airflow/example_dags/example_sla_dag.py for tasks to queue
[2025-10-05T17:23:32.939+0000] {logging_mixin.py:137} INFO - [2025-10-05T17:23:32.939+0000] {dagbag.py:538} INFO - Filling up the DagBag from /home/airflow/.local/lib/python3.7/site-packages/airflow/example_dags/example_sla_dag.py
[2025-10-05T17:23:32.964+0000] {processor.py:753} INFO - DAG(s) dict_keys(['example_sla_dag']) retrieved from /home/airflow/.local/lib/python3.7/site-packages/airflow/example_dags/example_sla_dag.py
[2025-10-05T17:23:32.994+0000] {logging_mixin.py:137} INFO - [2025-10-05T17:23:32.994+0000] {dag.py:2690} INFO - Sync 1 DAGs
[2025-10-05T17:23:33.022+0000] {logging_mixin.py:137} INFO - [2025-10-05T17:23:33.022+0000] {dag.py:3441} INFO - Setting next_dagrun for example_sla_dag to 2025-10-05T17:20:00+00:00, run_after=2025-10-05T17:22:00+00:00
[2025-10-05T17:23:33.047+0000] {processor.py:175} INFO - Processing /home/airflow/.local/lib/python3.7/site-packages/airflow/example_dags/example_sla_dag.py took 0.115 seconds
[2025-10-05T17:24:03.738+0000] {processor.py:153} INFO - Started process (PID=994) to work on /home/airflow/.local/lib/python3.7/site-packages/airflow/example_dags/example_sla_dag.py
[2025-10-05T17:24:03.739+0000] {processor.py:743} INFO - Processing file /home/airflow/.local/lib/python3.7/site-packages/airflow/example_dags/example_sla_dag.py for tasks to queue
[2025-10-05T17:24:03.740+0000] {logging_mixin.py:137} INFO - [2025-10-05T17:24:03.740+0000] {dagbag.py:538} INFO - Filling up the DagBag from /home/airflow/.local/lib/python3.7/site-packages/airflow/example_dags/example_sla_dag.py
[2025-10-05T17:24:03.768+0000] {processor.py:753} INFO - DAG(s) dict_keys(['example_sla_dag']) retrieved from /home/airflow/.local/lib/python3.7/site-packages/airflow/example_dags/example_sla_dag.py
[2025-10-05T17:24:03.803+0000] {logging_mixin.py:137} INFO - [2025-10-05T17:24:03.803+0000] {dag.py:2690} INFO - Sync 1 DAGs
[2025-10-05T17:24:03.840+0000] {logging_mixin.py:137} INFO - [2025-10-05T17:24:03.840+0000] {dag.py:3441} INFO - Setting next_dagrun for example_sla_dag to 2025-10-05T17:22:00+00:00, run_after=2025-10-05T17:24:00+00:00
[2025-10-05T17:24:03.866+0000] {processor.py:175} INFO - Processing /home/airflow/.local/lib/python3.7/site-packages/airflow/example_dags/example_sla_dag.py took 0.134 seconds
[2025-10-05T17:24:34.365+0000] {processor.py:153} INFO - Started process (PID=1083) to work on /home/airflow/.local/lib/python3.7/site-packages/airflow/example_dags/example_sla_dag.py
[2025-10-05T17:24:34.367+0000] {processor.py:743} INFO - Processing file /home/airflow/.local/lib/python3.7/site-packages/airflow/example_dags/example_sla_dag.py for tasks to queue
[2025-10-05T17:24:34.368+0000] {logging_mixin.py:137} INFO - [2025-10-05T17:24:34.368+0000] {dagbag.py:538} INFO - Filling up the DagBag from /home/airflow/.local/lib/python3.7/site-packages/airflow/example_dags/example_sla_dag.py
[2025-10-05T17:24:34.395+0000] {processor.py:753} INFO - DAG(s) dict_keys(['example_sla_dag']) retrieved from /home/airflow/.local/lib/python3.7/site-packages/airflow/example_dags/example_sla_dag.py
[2025-10-05T17:24:34.424+0000] {logging_mixin.py:137} INFO - [2025-10-05T17:24:34.424+0000] {dag.py:2690} INFO - Sync 1 DAGs
[2025-10-05T17:24:34.456+0000] {logging_mixin.py:137} INFO - [2025-10-05T17:24:34.456+0000] {dag.py:3441} INFO - Setting next_dagrun for example_sla_dag to 2025-10-05T17:22:00+00:00, run_after=2025-10-05T17:24:00+00:00
[2025-10-05T17:24:34.481+0000] {processor.py:175} INFO - Processing /home/airflow/.local/lib/python3.7/site-packages/airflow/example_dags/example_sla_dag.py took 0.120 seconds
[2025-10-05T17:25:05.218+0000] {processor.py:153} INFO - Started process (PID=1181) to work on /home/airflow/.local/lib/python3.7/site-packages/airflow/example_dags/example_sla_dag.py
[2025-10-05T17:25:05.219+0000] {processor.py:743} INFO - Processing file /home/airflow/.local/lib/python3.7/site-packages/airflow/example_dags/example_sla_dag.py for tasks to queue
[2025-10-05T17:25:05.221+0000] {logging_mixin.py:137} INFO - [2025-10-05T17:25:05.220+0000] {dagbag.py:538} INFO - Filling up the DagBag from /home/airflow/.local/lib/python3.7/site-packages/airflow/example_dags/example_sla_dag.py
[2025-10-05T17:25:05.251+0000] {processor.py:753} INFO - DAG(s) dict_keys(['example_sla_dag']) retrieved from /home/airflow/.local/lib/python3.7/site-packages/airflow/example_dags/example_sla_dag.py
[2025-10-05T17:25:05.287+0000] {logging_mixin.py:137} INFO - [2025-10-05T17:25:05.287+0000] {dag.py:2690} INFO - Sync 1 DAGs
[2025-10-05T17:25:05.323+0000] {logging_mixin.py:137} INFO - [2025-10-05T17:25:05.322+0000] {dag.py:3441} INFO - Setting next_dagrun for example_sla_dag to 2025-10-05T17:22:00+00:00, run_after=2025-10-05T17:24:00+00:00
[2025-10-05T17:25:05.349+0000] {processor.py:175} INFO - Processing /home/airflow/.local/lib/python3.7/site-packages/airflow/example_dags/example_sla_dag.py took 0.136 seconds
[2025-10-05T17:25:36.189+0000] {processor.py:153} INFO - Started process (PID=1285) to work on /home/airflow/.local/lib/python3.7/site-packages/airflow/example_dags/example_sla_dag.py
[2025-10-05T17:25:36.191+0000] {processor.py:743} INFO - Processing file /home/airflow/.local/lib/python3.7/site-packages/airflow/example_dags/example_sla_dag.py for tasks to queue
[2025-10-05T17:25:36.192+0000] {logging_mixin.py:137} INFO - [2025-10-05T17:25:36.192+0000] {dagbag.py:538} INFO - Filling up the DagBag from /home/airflow/.local/lib/python3.7/site-packages/airflow/example_dags/example_sla_dag.py
[2025-10-05T17:25:36.216+0000] {processor.py:753} INFO - DAG(s) dict_keys(['example_sla_dag']) retrieved from /home/airflow/.local/lib/python3.7/site-packages/airflow/example_dags/example_sla_dag.py
[2025-10-05T17:25:36.248+0000] {logging_mixin.py:137} INFO - [2025-10-05T17:25:36.248+0000] {dag.py:2690} INFO - Sync 1 DAGs
[2025-10-05T17:25:36.280+0000] {logging_mixin.py:137} INFO - [2025-10-05T17:25:36.279+0000] {dag.py:3441} INFO - Setting next_dagrun for example_sla_dag to 2025-10-05T17:22:00+00:00, run_after=2025-10-05T17:24:00+00:00
[2025-10-05T17:25:36.302+0000] {processor.py:175} INFO - Processing /home/airflow/.local/lib/python3.7/site-packages/airflow/example_dags/example_sla_dag.py took 0.117 seconds
[2025-10-05T17:26:06.802+0000] {processor.py:153} INFO - Started process (PID=1374) to work on /home/airflow/.local/lib/python3.7/site-packages/airflow/example_dags/example_sla_dag.py
[2025-10-05T17:26:06.804+0000] {processor.py:743} INFO - Processing file /home/airflow/.local/lib/python3.7/site-packages/airflow/example_dags/example_sla_dag.py for tasks to queue
[2025-10-05T17:26:06.805+0000] {logging_mixin.py:137} INFO - [2025-10-05T17:26:06.805+0000] {dagbag.py:538} INFO - Filling up the DagBag from /home/airflow/.local/lib/python3.7/site-packages/airflow/example_dags/example_sla_dag.py
[2025-10-05T17:26:06.839+0000] {processor.py:753} INFO - DAG(s) dict_keys(['example_sla_dag']) retrieved from /home/airflow/.local/lib/python3.7/site-packages/airflow/example_dags/example_sla_dag.py
[2025-10-05T17:26:06.879+0000] {logging_mixin.py:137} INFO - [2025-10-05T17:26:06.879+0000] {dag.py:2690} INFO - Sync 1 DAGs
[2025-10-05T17:26:06.918+0000] {logging_mixin.py:137} INFO - [2025-10-05T17:26:06.918+0000] {dag.py:3441} INFO - Setting next_dagrun for example_sla_dag to 2025-10-05T17:24:00+00:00, run_after=2025-10-05T17:26:00+00:00
[2025-10-05T17:26:06.949+0000] {processor.py:175} INFO - Processing /home/airflow/.local/lib/python3.7/site-packages/airflow/example_dags/example_sla_dag.py took 0.152 seconds
[2025-10-05T17:26:38.019+0000] {processor.py:153} INFO - Started process (PID=1487) to work on /home/airflow/.local/lib/python3.7/site-packages/airflow/example_dags/example_sla_dag.py
[2025-10-05T17:26:38.021+0000] {processor.py:743} INFO - Processing file /home/airflow/.local/lib/python3.7/site-packages/airflow/example_dags/example_sla_dag.py for tasks to queue
[2025-10-05T17:26:38.023+0000] {logging_mixin.py:137} INFO - [2025-10-05T17:26:38.022+0000] {dagbag.py:538} INFO - Filling up the DagBag from /home/airflow/.local/lib/python3.7/site-packages/airflow/example_dags/example_sla_dag.py
[2025-10-05T17:26:38.057+0000] {processor.py:753} INFO - DAG(s) dict_keys(['example_sla_dag']) retrieved from /home/airflow/.local/lib/python3.7/site-packages/airflow/example_dags/example_sla_dag.py
[2025-10-05T17:26:38.094+0000] {logging_mixin.py:137} INFO - [2025-10-05T17:26:38.094+0000] {dag.py:2690} INFO - Sync 1 DAGs
[2025-10-05T17:26:38.126+0000] {logging_mixin.py:137} INFO - [2025-10-05T17:26:38.126+0000] {dag.py:3441} INFO - Setting next_dagrun for example_sla_dag to 2025-10-05T17:24:00+00:00, run_after=2025-10-05T17:26:00+00:00
[2025-10-05T17:26:38.153+0000] {processor.py:175} INFO - Processing /home/airflow/.local/lib/python3.7/site-packages/airflow/example_dags/example_sla_dag.py took 0.139 seconds
[2025-10-05T17:27:08.813+0000] {processor.py:153} INFO - Started process (PID=1576) to work on /home/airflow/.local/lib/python3.7/site-packages/airflow/example_dags/example_sla_dag.py
[2025-10-05T17:27:08.815+0000] {processor.py:743} INFO - Processing file /home/airflow/.local/lib/python3.7/site-packages/airflow/example_dags/example_sla_dag.py for tasks to queue
[2025-10-05T17:27:08.816+0000] {logging_mixin.py:137} INFO - [2025-10-05T17:27:08.816+0000] {dagbag.py:538} INFO - Filling up the DagBag from /home/airflow/.local/lib/python3.7/site-packages/airflow/example_dags/example_sla_dag.py
[2025-10-05T17:27:08.850+0000] {processor.py:753} INFO - DAG(s) dict_keys(['example_sla_dag']) retrieved from /home/airflow/.local/lib/python3.7/site-packages/airflow/example_dags/example_sla_dag.py
[2025-10-05T17:27:08.884+0000] {logging_mixin.py:137} INFO - [2025-10-05T17:27:08.884+0000] {dag.py:2690} INFO - Sync 1 DAGs
[2025-10-05T17:27:08.919+0000] {logging_mixin.py:137} INFO - [2025-10-05T17:27:08.919+0000] {dag.py:3441} INFO - Setting next_dagrun for example_sla_dag to 2025-10-05T17:24:00+00:00, run_after=2025-10-05T17:26:00+00:00
[2025-10-05T17:27:08.947+0000] {processor.py:175} INFO - Processing /home/airflow/.local/lib/python3.7/site-packages/airflow/example_dags/example_sla_dag.py took 0.138 seconds
[2025-10-05T17:27:40.050+0000] {processor.py:153} INFO - Started process (PID=1689) to work on /home/airflow/.local/lib/python3.7/site-packages/airflow/example_dags/example_sla_dag.py
[2025-10-05T17:27:40.052+0000] {processor.py:743} INFO - Processing file /home/airflow/.local/lib/python3.7/site-packages/airflow/example_dags/example_sla_dag.py for tasks to queue
[2025-10-05T17:27:40.053+0000] {logging_mixin.py:137} INFO - [2025-10-05T17:27:40.053+0000] {dagbag.py:538} INFO - Filling up the DagBag from /home/airflow/.local/lib/python3.7/site-packages/airflow/example_dags/example_sla_dag.py
[2025-10-05T17:27:40.082+0000] {processor.py:753} INFO - DAG(s) dict_keys(['example_sla_dag']) retrieved from /home/airflow/.local/lib/python3.7/site-packages/airflow/example_dags/example_sla_dag.py
[2025-10-05T17:27:40.117+0000] {logging_mixin.py:137} INFO - [2025-10-05T17:27:40.117+0000] {dag.py:2690} INFO - Sync 1 DAGs
[2025-10-05T17:27:40.153+0000] {logging_mixin.py:137} INFO - [2025-10-05T17:27:40.153+0000] {dag.py:3441} INFO - Setting next_dagrun for example_sla_dag to 2025-10-05T17:24:00+00:00, run_after=2025-10-05T17:26:00+00:00
[2025-10-05T17:27:40.180+0000] {processor.py:175} INFO - Processing /home/airflow/.local/lib/python3.7/site-packages/airflow/example_dags/example_sla_dag.py took 0.136 seconds
[2025-10-05T17:28:10.781+0000] {processor.py:153} INFO - Started process (PID=1779) to work on /home/airflow/.local/lib/python3.7/site-packages/airflow/example_dags/example_sla_dag.py
[2025-10-05T17:28:10.783+0000] {processor.py:743} INFO - Processing file /home/airflow/.local/lib/python3.7/site-packages/airflow/example_dags/example_sla_dag.py for tasks to queue
[2025-10-05T17:28:10.785+0000] {logging_mixin.py:137} INFO - [2025-10-05T17:28:10.785+0000] {dagbag.py:538} INFO - Filling up the DagBag from /home/airflow/.local/lib/python3.7/site-packages/airflow/example_dags/example_sla_dag.py
[2025-10-05T17:28:10.817+0000] {processor.py:753} INFO - DAG(s) dict_keys(['example_sla_dag']) retrieved from /home/airflow/.local/lib/python3.7/site-packages/airflow/example_dags/example_sla_dag.py
[2025-10-05T17:28:10.859+0000] {logging_mixin.py:137} INFO - [2025-10-05T17:28:10.859+0000] {dag.py:2690} INFO - Sync 1 DAGs
[2025-10-05T17:28:10.895+0000] {logging_mixin.py:137} INFO - [2025-10-05T17:28:10.895+0000] {dag.py:3441} INFO - Setting next_dagrun for example_sla_dag to 2025-10-05T17:26:00+00:00, run_after=2025-10-05T17:28:00+00:00
[2025-10-05T17:28:10.929+0000] {processor.py:175} INFO - Processing /home/airflow/.local/lib/python3.7/site-packages/airflow/example_dags/example_sla_dag.py took 0.153 seconds
[2025-10-05T17:28:41.864+0000] {processor.py:153} INFO - Started process (PID=1868) to work on /home/airflow/.local/lib/python3.7/site-packages/airflow/example_dags/example_sla_dag.py
[2025-10-05T17:28:41.865+0000] {processor.py:743} INFO - Processing file /home/airflow/.local/lib/python3.7/site-packages/airflow/example_dags/example_sla_dag.py for tasks to queue
[2025-10-05T17:28:41.866+0000] {logging_mixin.py:137} INFO - [2025-10-05T17:28:41.866+0000] {dagbag.py:538} INFO - Filling up the DagBag from /home/airflow/.local/lib/python3.7/site-packages/airflow/example_dags/example_sla_dag.py
[2025-10-05T17:28:41.893+0000] {processor.py:753} INFO - DAG(s) dict_keys(['example_sla_dag']) retrieved from /home/airflow/.local/lib/python3.7/site-packages/airflow/example_dags/example_sla_dag.py
[2025-10-05T17:28:41.927+0000] {logging_mixin.py:137} INFO - [2025-10-05T17:28:41.927+0000] {dag.py:2690} INFO - Sync 1 DAGs
[2025-10-05T17:28:41.959+0000] {logging_mixin.py:137} INFO - [2025-10-05T17:28:41.959+0000] {dag.py:3441} INFO - Setting next_dagrun for example_sla_dag to 2025-10-05T17:26:00+00:00, run_after=2025-10-05T17:28:00+00:00
[2025-10-05T17:28:41.985+0000] {processor.py:175} INFO - Processing /home/airflow/.local/lib/python3.7/site-packages/airflow/example_dags/example_sla_dag.py took 0.126 seconds
[2025-10-05T17:29:12.055+0000] {processor.py:153} INFO - Started process (PID=1979) to work on /home/airflow/.local/lib/python3.7/site-packages/airflow/example_dags/example_sla_dag.py
[2025-10-05T17:29:12.057+0000] {processor.py:743} INFO - Processing file /home/airflow/.local/lib/python3.7/site-packages/airflow/example_dags/example_sla_dag.py for tasks to queue
[2025-10-05T17:29:12.058+0000] {logging_mixin.py:137} INFO - [2025-10-05T17:29:12.058+0000] {dagbag.py:538} INFO - Filling up the DagBag from /home/airflow/.local/lib/python3.7/site-packages/airflow/example_dags/example_sla_dag.py
[2025-10-05T17:29:12.082+0000] {processor.py:753} INFO - DAG(s) dict_keys(['example_sla_dag']) retrieved from /home/airflow/.local/lib/python3.7/site-packages/airflow/example_dags/example_sla_dag.py
[2025-10-05T17:29:12.112+0000] {logging_mixin.py:137} INFO - [2025-10-05T17:29:12.111+0000] {dag.py:2690} INFO - Sync 1 DAGs
[2025-10-05T17:29:12.143+0000] {logging_mixin.py:137} INFO - [2025-10-05T17:29:12.143+0000] {dag.py:3441} INFO - Setting next_dagrun for example_sla_dag to 2025-10-05T17:26:00+00:00, run_after=2025-10-05T17:28:00+00:00
[2025-10-05T17:29:12.169+0000] {processor.py:175} INFO - Processing /home/airflow/.local/lib/python3.7/site-packages/airflow/example_dags/example_sla_dag.py took 0.119 seconds
[2025-10-05T17:29:42.577+0000] {processor.py:153} INFO - Started process (PID=2068) to work on /home/airflow/.local/lib/python3.7/site-packages/airflow/example_dags/example_sla_dag.py
[2025-10-05T17:29:42.579+0000] {processor.py:743} INFO - Processing file /home/airflow/.local/lib/python3.7/site-packages/airflow/example_dags/example_sla_dag.py for tasks to queue
[2025-10-05T17:29:42.580+0000] {logging_mixin.py:137} INFO - [2025-10-05T17:29:42.580+0000] {dagbag.py:538} INFO - Filling up the DagBag from /home/airflow/.local/lib/python3.7/site-packages/airflow/example_dags/example_sla_dag.py
[2025-10-05T17:29:42.604+0000] {processor.py:753} INFO - DAG(s) dict_keys(['example_sla_dag']) retrieved from /home/airflow/.local/lib/python3.7/site-packages/airflow/example_dags/example_sla_dag.py
[2025-10-05T17:29:42.636+0000] {logging_mixin.py:137} INFO - [2025-10-05T17:29:42.636+0000] {dag.py:2690} INFO - Sync 1 DAGs
[2025-10-05T17:29:42.667+0000] {logging_mixin.py:137} INFO - [2025-10-05T17:29:42.666+0000] {dag.py:3441} INFO - Setting next_dagrun for example_sla_dag to 2025-10-05T17:26:00+00:00, run_after=2025-10-05T17:28:00+00:00
[2025-10-05T17:29:42.693+0000] {processor.py:175} INFO - Processing /home/airflow/.local/lib/python3.7/site-packages/airflow/example_dags/example_sla_dag.py took 0.120 seconds
[2025-10-05T17:30:13.046+0000] {processor.py:153} INFO - Started process (PID=2182) to work on /home/airflow/.local/lib/python3.7/site-packages/airflow/example_dags/example_sla_dag.py
[2025-10-05T17:30:13.047+0000] {processor.py:743} INFO - Processing file /home/airflow/.local/lib/python3.7/site-packages/airflow/example_dags/example_sla_dag.py for tasks to queue
[2025-10-05T17:30:13.049+0000] {logging_mixin.py:137} INFO - [2025-10-05T17:30:13.048+0000] {dagbag.py:538} INFO - Filling up the DagBag from /home/airflow/.local/lib/python3.7/site-packages/airflow/example_dags/example_sla_dag.py
[2025-10-05T17:30:13.076+0000] {processor.py:753} INFO - DAG(s) dict_keys(['example_sla_dag']) retrieved from /home/airflow/.local/lib/python3.7/site-packages/airflow/example_dags/example_sla_dag.py
[2025-10-05T17:30:13.116+0000] {logging_mixin.py:137} INFO - [2025-10-05T17:30:13.116+0000] {dag.py:2690} INFO - Sync 1 DAGs
[2025-10-05T17:30:13.154+0000] {logging_mixin.py:137} INFO - [2025-10-05T17:30:13.154+0000] {dag.py:3441} INFO - Setting next_dagrun for example_sla_dag to 2025-10-05T17:28:00+00:00, run_after=2025-10-05T17:30:00+00:00
[2025-10-05T17:30:13.181+0000] {processor.py:175} INFO - Processing /home/airflow/.local/lib/python3.7/site-packages/airflow/example_dags/example_sla_dag.py took 0.140 seconds
[2025-10-05T17:30:43.646+0000] {processor.py:153} INFO - Started process (PID=2272) to work on /home/airflow/.local/lib/python3.7/site-packages/airflow/example_dags/example_sla_dag.py
[2025-10-05T17:30:43.648+0000] {processor.py:743} INFO - Processing file /home/airflow/.local/lib/python3.7/site-packages/airflow/example_dags/example_sla_dag.py for tasks to queue
[2025-10-05T17:30:43.649+0000] {logging_mixin.py:137} INFO - [2025-10-05T17:30:43.649+0000] {dagbag.py:538} INFO - Filling up the DagBag from /home/airflow/.local/lib/python3.7/site-packages/airflow/example_dags/example_sla_dag.py
[2025-10-05T17:30:43.676+0000] {processor.py:753} INFO - DAG(s) dict_keys(['example_sla_dag']) retrieved from /home/airflow/.local/lib/python3.7/site-packages/airflow/example_dags/example_sla_dag.py
[2025-10-05T17:30:43.716+0000] {logging_mixin.py:137} INFO - [2025-10-05T17:30:43.716+0000] {dag.py:2690} INFO - Sync 1 DAGs
[2025-10-05T17:30:43.746+0000] {logging_mixin.py:137} INFO - [2025-10-05T17:30:43.746+0000] {dag.py:3441} INFO - Setting next_dagrun for example_sla_dag to 2025-10-05T17:28:00+00:00, run_after=2025-10-05T17:30:00+00:00
[2025-10-05T17:30:43.768+0000] {processor.py:175} INFO - Processing /home/airflow/.local/lib/python3.7/site-packages/airflow/example_dags/example_sla_dag.py took 0.126 seconds
[2025-10-05T17:31:14.590+0000] {processor.py:153} INFO - Started process (PID=2371) to work on /home/airflow/.local/lib/python3.7/site-packages/airflow/example_dags/example_sla_dag.py
[2025-10-05T17:31:14.591+0000] {processor.py:743} INFO - Processing file /home/airflow/.local/lib/python3.7/site-packages/airflow/example_dags/example_sla_dag.py for tasks to queue
[2025-10-05T17:31:14.593+0000] {logging_mixin.py:137} INFO - [2025-10-05T17:31:14.592+0000] {dagbag.py:538} INFO - Filling up the DagBag from /home/airflow/.local/lib/python3.7/site-packages/airflow/example_dags/example_sla_dag.py
[2025-10-05T17:31:14.622+0000] {processor.py:753} INFO - DAG(s) dict_keys(['example_sla_dag']) retrieved from /home/airflow/.local/lib/python3.7/site-packages/airflow/example_dags/example_sla_dag.py
[2025-10-05T17:31:14.664+0000] {logging_mixin.py:137} INFO - [2025-10-05T17:31:14.664+0000] {dag.py:2690} INFO - Sync 1 DAGs
[2025-10-05T17:31:14.701+0000] {logging_mixin.py:137} INFO - [2025-10-05T17:31:14.700+0000] {dag.py:3441} INFO - Setting next_dagrun for example_sla_dag to 2025-10-05T17:28:00+00:00, run_after=2025-10-05T17:30:00+00:00
[2025-10-05T17:31:14.731+0000] {processor.py:175} INFO - Processing /home/airflow/.local/lib/python3.7/site-packages/airflow/example_dags/example_sla_dag.py took 0.146 seconds
[2025-10-05T17:31:44.800+0000] {processor.py:153} INFO - Started process (PID=2475) to work on /home/airflow/.local/lib/python3.7/site-packages/airflow/example_dags/example_sla_dag.py
[2025-10-05T17:31:44.802+0000] {processor.py:743} INFO - Processing file /home/airflow/.local/lib/python3.7/site-packages/airflow/example_dags/example_sla_dag.py for tasks to queue
[2025-10-05T17:31:44.803+0000] {logging_mixin.py:137} INFO - [2025-10-05T17:31:44.803+0000] {dagbag.py:538} INFO - Filling up the DagBag from /home/airflow/.local/lib/python3.7/site-packages/airflow/example_dags/example_sla_dag.py
[2025-10-05T17:31:44.829+0000] {processor.py:753} INFO - DAG(s) dict_keys(['example_sla_dag']) retrieved from /home/airflow/.local/lib/python3.7/site-packages/airflow/example_dags/example_sla_dag.py
[2025-10-05T17:31:44.861+0000] {logging_mixin.py:137} INFO - [2025-10-05T17:31:44.861+0000] {dag.py:2690} INFO - Sync 1 DAGs
[2025-10-05T17:31:44.893+0000] {logging_mixin.py:137} INFO - [2025-10-05T17:31:44.893+0000] {dag.py:3441} INFO - Setting next_dagrun for example_sla_dag to 2025-10-05T17:28:00+00:00, run_after=2025-10-05T17:30:00+00:00
[2025-10-05T17:31:44.918+0000] {processor.py:175} INFO - Processing /home/airflow/.local/lib/python3.7/site-packages/airflow/example_dags/example_sla_dag.py took 0.123 seconds
[2025-10-05T17:32:15.346+0000] {processor.py:153} INFO - Started process (PID=2564) to work on /home/airflow/.local/lib/python3.7/site-packages/airflow/example_dags/example_sla_dag.py
[2025-10-05T17:32:15.348+0000] {processor.py:743} INFO - Processing file /home/airflow/.local/lib/python3.7/site-packages/airflow/example_dags/example_sla_dag.py for tasks to queue
[2025-10-05T17:32:15.349+0000] {logging_mixin.py:137} INFO - [2025-10-05T17:32:15.349+0000] {dagbag.py:538} INFO - Filling up the DagBag from /home/airflow/.local/lib/python3.7/site-packages/airflow/example_dags/example_sla_dag.py
[2025-10-05T17:32:15.376+0000] {processor.py:753} INFO - DAG(s) dict_keys(['example_sla_dag']) retrieved from /home/airflow/.local/lib/python3.7/site-packages/airflow/example_dags/example_sla_dag.py
[2025-10-05T17:32:15.408+0000] {logging_mixin.py:137} INFO - [2025-10-05T17:32:15.408+0000] {dag.py:2690} INFO - Sync 1 DAGs
[2025-10-05T17:32:15.438+0000] {logging_mixin.py:137} INFO - [2025-10-05T17:32:15.438+0000] {dag.py:3441} INFO - Setting next_dagrun for example_sla_dag to 2025-10-05T17:30:00+00:00, run_after=2025-10-05T17:32:00+00:00
[2025-10-05T17:32:15.461+0000] {processor.py:175} INFO - Processing /home/airflow/.local/lib/python3.7/site-packages/airflow/example_dags/example_sla_dag.py took 0.120 seconds
[2025-10-05T17:32:46.293+0000] {processor.py:153} INFO - Started process (PID=2677) to work on /home/airflow/.local/lib/python3.7/site-packages/airflow/example_dags/example_sla_dag.py
[2025-10-05T17:32:46.294+0000] {processor.py:743} INFO - Processing file /home/airflow/.local/lib/python3.7/site-packages/airflow/example_dags/example_sla_dag.py for tasks to queue
[2025-10-05T17:32:46.296+0000] {logging_mixin.py:137} INFO - [2025-10-05T17:32:46.295+0000] {dagbag.py:538} INFO - Filling up the DagBag from /home/airflow/.local/lib/python3.7/site-packages/airflow/example_dags/example_sla_dag.py
[2025-10-05T17:32:46.323+0000] {processor.py:753} INFO - DAG(s) dict_keys(['example_sla_dag']) retrieved from /home/airflow/.local/lib/python3.7/site-packages/airflow/example_dags/example_sla_dag.py
[2025-10-05T17:32:46.352+0000] {logging_mixin.py:137} INFO - [2025-10-05T17:32:46.351+0000] {dag.py:2690} INFO - Sync 1 DAGs
[2025-10-05T17:32:46.380+0000] {logging_mixin.py:137} INFO - [2025-10-05T17:32:46.380+0000] {dag.py:3441} INFO - Setting next_dagrun for example_sla_dag to 2025-10-05T17:30:00+00:00, run_after=2025-10-05T17:32:00+00:00
[2025-10-05T17:32:46.403+0000] {processor.py:175} INFO - Processing /home/airflow/.local/lib/python3.7/site-packages/airflow/example_dags/example_sla_dag.py took 0.116 seconds
[2025-10-05T17:33:16.968+0000] {processor.py:153} INFO - Started process (PID=2766) to work on /home/airflow/.local/lib/python3.7/site-packages/airflow/example_dags/example_sla_dag.py
[2025-10-05T17:33:16.970+0000] {processor.py:743} INFO - Processing file /home/airflow/.local/lib/python3.7/site-packages/airflow/example_dags/example_sla_dag.py for tasks to queue
[2025-10-05T17:33:16.972+0000] {logging_mixin.py:137} INFO - [2025-10-05T17:33:16.972+0000] {dagbag.py:538} INFO - Filling up the DagBag from /home/airflow/.local/lib/python3.7/site-packages/airflow/example_dags/example_sla_dag.py
[2025-10-05T17:33:17.001+0000] {processor.py:753} INFO - DAG(s) dict_keys(['example_sla_dag']) retrieved from /home/airflow/.local/lib/python3.7/site-packages/airflow/example_dags/example_sla_dag.py
[2025-10-05T17:33:17.039+0000] {logging_mixin.py:137} INFO - [2025-10-05T17:33:17.039+0000] {dag.py:2690} INFO - Sync 1 DAGs
[2025-10-05T17:33:17.076+0000] {logging_mixin.py:137} INFO - [2025-10-05T17:33:17.076+0000] {dag.py:3441} INFO - Setting next_dagrun for example_sla_dag to 2025-10-05T17:30:00+00:00, run_after=2025-10-05T17:32:00+00:00
[2025-10-05T17:33:17.104+0000] {processor.py:175} INFO - Processing /home/airflow/.local/lib/python3.7/site-packages/airflow/example_dags/example_sla_dag.py took 0.141 seconds
[2025-10-05T17:33:47.729+0000] {processor.py:153} INFO - Started process (PID=2863) to work on /home/airflow/.local/lib/python3.7/site-packages/airflow/example_dags/example_sla_dag.py
[2025-10-05T17:33:47.731+0000] {processor.py:743} INFO - Processing file /home/airflow/.local/lib/python3.7/site-packages/airflow/example_dags/example_sla_dag.py for tasks to queue
[2025-10-05T17:33:47.732+0000] {logging_mixin.py:137} INFO - [2025-10-05T17:33:47.732+0000] {dagbag.py:538} INFO - Filling up the DagBag from /home/airflow/.local/lib/python3.7/site-packages/airflow/example_dags/example_sla_dag.py
[2025-10-05T17:33:47.767+0000] {processor.py:753} INFO - DAG(s) dict_keys(['example_sla_dag']) retrieved from /home/airflow/.local/lib/python3.7/site-packages/airflow/example_dags/example_sla_dag.py
[2025-10-05T17:33:47.804+0000] {logging_mixin.py:137} INFO - [2025-10-05T17:33:47.804+0000] {dag.py:2690} INFO - Sync 1 DAGs
[2025-10-05T17:33:47.836+0000] {logging_mixin.py:137} INFO - [2025-10-05T17:33:47.836+0000] {dag.py:3441} INFO - Setting next_dagrun for example_sla_dag to 2025-10-05T17:30:00+00:00, run_after=2025-10-05T17:32:00+00:00
[2025-10-05T17:33:47.881+0000] {processor.py:175} INFO - Processing /home/airflow/.local/lib/python3.7/site-packages/airflow/example_dags/example_sla_dag.py took 0.157 seconds
[2025-10-05T17:34:17.994+0000] {processor.py:153} INFO - Started process (PID=2967) to work on /home/airflow/.local/lib/python3.7/site-packages/airflow/example_dags/example_sla_dag.py
[2025-10-05T17:34:17.996+0000] {processor.py:743} INFO - Processing file /home/airflow/.local/lib/python3.7/site-packages/airflow/example_dags/example_sla_dag.py for tasks to queue
[2025-10-05T17:34:17.997+0000] {logging_mixin.py:137} INFO - [2025-10-05T17:34:17.997+0000] {dagbag.py:538} INFO - Filling up the DagBag from /home/airflow/.local/lib/python3.7/site-packages/airflow/example_dags/example_sla_dag.py
[2025-10-05T17:34:18.030+0000] {processor.py:753} INFO - DAG(s) dict_keys(['example_sla_dag']) retrieved from /home/airflow/.local/lib/python3.7/site-packages/airflow/example_dags/example_sla_dag.py
[2025-10-05T17:34:18.066+0000] {logging_mixin.py:137} INFO - [2025-10-05T17:34:18.066+0000] {dag.py:2690} INFO - Sync 1 DAGs
[2025-10-05T17:34:18.099+0000] {logging_mixin.py:137} INFO - [2025-10-05T17:34:18.099+0000] {dag.py:3441} INFO - Setting next_dagrun for example_sla_dag to 2025-10-05T17:32:00+00:00, run_after=2025-10-05T17:34:00+00:00
[2025-10-05T17:34:18.127+0000] {processor.py:175} INFO - Processing /home/airflow/.local/lib/python3.7/site-packages/airflow/example_dags/example_sla_dag.py took 0.137 seconds
[2025-10-05T17:34:48.649+0000] {processor.py:153} INFO - Started process (PID=3056) to work on /home/airflow/.local/lib/python3.7/site-packages/airflow/example_dags/example_sla_dag.py
[2025-10-05T17:34:48.651+0000] {processor.py:743} INFO - Processing file /home/airflow/.local/lib/python3.7/site-packages/airflow/example_dags/example_sla_dag.py for tasks to queue
[2025-10-05T17:34:48.652+0000] {logging_mixin.py:137} INFO - [2025-10-05T17:34:48.652+0000] {dagbag.py:538} INFO - Filling up the DagBag from /home/airflow/.local/lib/python3.7/site-packages/airflow/example_dags/example_sla_dag.py
[2025-10-05T17:34:48.690+0000] {processor.py:753} INFO - DAG(s) dict_keys(['example_sla_dag']) retrieved from /home/airflow/.local/lib/python3.7/site-packages/airflow/example_dags/example_sla_dag.py
[2025-10-05T17:34:48.741+0000] {logging_mixin.py:137} INFO - [2025-10-05T17:34:48.741+0000] {dag.py:2690} INFO - Sync 1 DAGs
[2025-10-05T17:34:48.788+0000] {logging_mixin.py:137} INFO - [2025-10-05T17:34:48.788+0000] {dag.py:3441} INFO - Setting next_dagrun for example_sla_dag to 2025-10-05T17:32:00+00:00, run_after=2025-10-05T17:34:00+00:00
[2025-10-05T17:34:48.830+0000] {processor.py:175} INFO - Processing /home/airflow/.local/lib/python3.7/site-packages/airflow/example_dags/example_sla_dag.py took 0.187 seconds
[2025-10-05T17:35:19.184+0000] {processor.py:153} INFO - Started process (PID=3169) to work on /home/airflow/.local/lib/python3.7/site-packages/airflow/example_dags/example_sla_dag.py
[2025-10-05T17:35:19.185+0000] {processor.py:743} INFO - Processing file /home/airflow/.local/lib/python3.7/site-packages/airflow/example_dags/example_sla_dag.py for tasks to queue
[2025-10-05T17:35:19.187+0000] {logging_mixin.py:137} INFO - [2025-10-05T17:35:19.186+0000] {dagbag.py:538} INFO - Filling up the DagBag from /home/airflow/.local/lib/python3.7/site-packages/airflow/example_dags/example_sla_dag.py
[2025-10-05T17:35:19.218+0000] {processor.py:753} INFO - DAG(s) dict_keys(['example_sla_dag']) retrieved from /home/airflow/.local/lib/python3.7/site-packages/airflow/example_dags/example_sla_dag.py
[2025-10-05T17:35:19.251+0000] {logging_mixin.py:137} INFO - [2025-10-05T17:35:19.251+0000] {dag.py:2690} INFO - Sync 1 DAGs
[2025-10-05T17:35:19.285+0000] {logging_mixin.py:137} INFO - [2025-10-05T17:35:19.285+0000] {dag.py:3441} INFO - Setting next_dagrun for example_sla_dag to 2025-10-05T17:32:00+00:00, run_after=2025-10-05T17:34:00+00:00
[2025-10-05T17:35:19.312+0000] {processor.py:175} INFO - Processing /home/airflow/.local/lib/python3.7/site-packages/airflow/example_dags/example_sla_dag.py took 0.133 seconds
[2025-10-05T17:35:49.687+0000] {processor.py:153} INFO - Started process (PID=3258) to work on /home/airflow/.local/lib/python3.7/site-packages/airflow/example_dags/example_sla_dag.py
[2025-10-05T17:35:49.689+0000] {processor.py:743} INFO - Processing file /home/airflow/.local/lib/python3.7/site-packages/airflow/example_dags/example_sla_dag.py for tasks to queue
[2025-10-05T17:35:49.690+0000] {logging_mixin.py:137} INFO - [2025-10-05T17:35:49.690+0000] {dagbag.py:538} INFO - Filling up the DagBag from /home/airflow/.local/lib/python3.7/site-packages/airflow/example_dags/example_sla_dag.py
[2025-10-05T17:35:49.721+0000] {processor.py:753} INFO - DAG(s) dict_keys(['example_sla_dag']) retrieved from /home/airflow/.local/lib/python3.7/site-packages/airflow/example_dags/example_sla_dag.py
[2025-10-05T17:35:49.768+0000] {logging_mixin.py:137} INFO - [2025-10-05T17:35:49.768+0000] {dag.py:2690} INFO - Sync 1 DAGs
[2025-10-05T17:35:49.803+0000] {logging_mixin.py:137} INFO - [2025-10-05T17:35:49.803+0000] {dag.py:3441} INFO - Setting next_dagrun for example_sla_dag to 2025-10-05T17:32:00+00:00, run_after=2025-10-05T17:34:00+00:00
[2025-10-05T17:35:49.831+0000] {processor.py:175} INFO - Processing /home/airflow/.local/lib/python3.7/site-packages/airflow/example_dags/example_sla_dag.py took 0.149 seconds
[2025-10-05T17:36:20.390+0000] {processor.py:153} INFO - Started process (PID=3347) to work on /home/airflow/.local/lib/python3.7/site-packages/airflow/example_dags/example_sla_dag.py
[2025-10-05T17:36:20.391+0000] {processor.py:743} INFO - Processing file /home/airflow/.local/lib/python3.7/site-packages/airflow/example_dags/example_sla_dag.py for tasks to queue
[2025-10-05T17:36:20.393+0000] {logging_mixin.py:137} INFO - [2025-10-05T17:36:20.393+0000] {dagbag.py:538} INFO - Filling up the DagBag from /home/airflow/.local/lib/python3.7/site-packages/airflow/example_dags/example_sla_dag.py
[2025-10-05T17:36:20.424+0000] {processor.py:753} INFO - DAG(s) dict_keys(['example_sla_dag']) retrieved from /home/airflow/.local/lib/python3.7/site-packages/airflow/example_dags/example_sla_dag.py
[2025-10-05T17:36:20.459+0000] {logging_mixin.py:137} INFO - [2025-10-05T17:36:20.459+0000] {dag.py:2690} INFO - Sync 1 DAGs
[2025-10-05T17:36:20.492+0000] {logging_mixin.py:137} INFO - [2025-10-05T17:36:20.492+0000] {dag.py:3441} INFO - Setting next_dagrun for example_sla_dag to 2025-10-05T17:34:00+00:00, run_after=2025-10-05T17:36:00+00:00
[2025-10-05T17:36:20.515+0000] {processor.py:175} INFO - Processing /home/airflow/.local/lib/python3.7/site-packages/airflow/example_dags/example_sla_dag.py took 0.130 seconds
[2025-10-05T17:36:51.352+0000] {processor.py:153} INFO - Started process (PID=3461) to work on /home/airflow/.local/lib/python3.7/site-packages/airflow/example_dags/example_sla_dag.py
[2025-10-05T17:36:51.353+0000] {processor.py:743} INFO - Processing file /home/airflow/.local/lib/python3.7/site-packages/airflow/example_dags/example_sla_dag.py for tasks to queue
[2025-10-05T17:36:51.355+0000] {logging_mixin.py:137} INFO - [2025-10-05T17:36:51.354+0000] {dagbag.py:538} INFO - Filling up the DagBag from /home/airflow/.local/lib/python3.7/site-packages/airflow/example_dags/example_sla_dag.py
[2025-10-05T17:36:51.381+0000] {processor.py:753} INFO - DAG(s) dict_keys(['example_sla_dag']) retrieved from /home/airflow/.local/lib/python3.7/site-packages/airflow/example_dags/example_sla_dag.py
[2025-10-05T17:36:51.413+0000] {logging_mixin.py:137} INFO - [2025-10-05T17:36:51.413+0000] {dag.py:2690} INFO - Sync 1 DAGs
[2025-10-05T17:36:51.444+0000] {logging_mixin.py:137} INFO - [2025-10-05T17:36:51.444+0000] {dag.py:3441} INFO - Setting next_dagrun for example_sla_dag to 2025-10-05T17:34:00+00:00, run_after=2025-10-05T17:36:00+00:00
[2025-10-05T17:36:51.472+0000] {processor.py:175} INFO - Processing /home/airflow/.local/lib/python3.7/site-packages/airflow/example_dags/example_sla_dag.py took 0.125 seconds
