[2025-10-05T17:19:28.077+0000] {processor.py:153} INFO - Started process (PID=104) to work on /home/airflow/.local/lib/python3.7/site-packages/airflow/example_dags/example_kubernetes_executor.py
[2025-10-05T17:19:28.079+0000] {processor.py:743} INFO - Processing file /home/airflow/.local/lib/python3.7/site-packages/airflow/example_dags/example_kubernetes_executor.py for tasks to queue
[2025-10-05T17:19:28.081+0000] {logging_mixin.py:137} INFO - [2025-10-05T17:19:28.080+0000] {dagbag.py:538} INFO - Filling up the DagBag from /home/airflow/.local/lib/python3.7/site-packages/airflow/example_dags/example_kubernetes_executor.py
[2025-10-05T17:19:28.118+0000] {processor.py:753} INFO - DAG(s) dict_keys(['example_kubernetes_executor']) retrieved from /home/airflow/.local/lib/python3.7/site-packages/airflow/example_dags/example_kubernetes_executor.py
[2025-10-05T17:19:28.164+0000] {logging_mixin.py:137} INFO - [2025-10-05T17:19:28.163+0000] {dag.py:2690} INFO - Sync 1 DAGs
[2025-10-05T17:19:28.196+0000] {logging_mixin.py:137} INFO - [2025-10-05T17:19:28.195+0000] {dag.py:3441} INFO - Setting next_dagrun for example_kubernetes_executor to None, run_after=None
[2025-10-05T17:19:28.226+0000] {processor.py:175} INFO - Processing /home/airflow/.local/lib/python3.7/site-packages/airflow/example_dags/example_kubernetes_executor.py took 0.156 seconds
[2025-10-05T17:19:58.517+0000] {processor.py:153} INFO - Started process (PID=200) to work on /home/airflow/.local/lib/python3.7/site-packages/airflow/example_dags/example_kubernetes_executor.py
[2025-10-05T17:19:58.519+0000] {processor.py:743} INFO - Processing file /home/airflow/.local/lib/python3.7/site-packages/airflow/example_dags/example_kubernetes_executor.py for tasks to queue
[2025-10-05T17:19:58.520+0000] {logging_mixin.py:137} INFO - [2025-10-05T17:19:58.520+0000] {dagbag.py:538} INFO - Filling up the DagBag from /home/airflow/.local/lib/python3.7/site-packages/airflow/example_dags/example_kubernetes_executor.py
[2025-10-05T17:19:58.556+0000] {processor.py:753} INFO - DAG(s) dict_keys(['example_kubernetes_executor']) retrieved from /home/airflow/.local/lib/python3.7/site-packages/airflow/example_dags/example_kubernetes_executor.py
[2025-10-05T17:19:58.600+0000] {logging_mixin.py:137} INFO - [2025-10-05T17:19:58.600+0000] {dag.py:2690} INFO - Sync 1 DAGs
[2025-10-05T17:19:58.637+0000] {logging_mixin.py:137} INFO - [2025-10-05T17:19:58.637+0000] {dag.py:3441} INFO - Setting next_dagrun for example_kubernetes_executor to None, run_after=None
[2025-10-05T17:19:58.671+0000] {processor.py:175} INFO - Processing /home/airflow/.local/lib/python3.7/site-packages/airflow/example_dags/example_kubernetes_executor.py took 0.158 seconds
[2025-10-05T17:20:29.202+0000] {processor.py:153} INFO - Started process (PID=306) to work on /home/airflow/.local/lib/python3.7/site-packages/airflow/example_dags/example_kubernetes_executor.py
[2025-10-05T17:20:29.203+0000] {processor.py:743} INFO - Processing file /home/airflow/.local/lib/python3.7/site-packages/airflow/example_dags/example_kubernetes_executor.py for tasks to queue
[2025-10-05T17:20:29.204+0000] {logging_mixin.py:137} INFO - [2025-10-05T17:20:29.204+0000] {dagbag.py:538} INFO - Filling up the DagBag from /home/airflow/.local/lib/python3.7/site-packages/airflow/example_dags/example_kubernetes_executor.py
[2025-10-05T17:20:29.237+0000] {processor.py:753} INFO - DAG(s) dict_keys(['example_kubernetes_executor']) retrieved from /home/airflow/.local/lib/python3.7/site-packages/airflow/example_dags/example_kubernetes_executor.py
[2025-10-05T17:20:29.275+0000] {logging_mixin.py:137} INFO - [2025-10-05T17:20:29.275+0000] {dag.py:2690} INFO - Sync 1 DAGs
[2025-10-05T17:20:29.305+0000] {logging_mixin.py:137} INFO - [2025-10-05T17:20:29.304+0000] {dag.py:3441} INFO - Setting next_dagrun for example_kubernetes_executor to None, run_after=None
[2025-10-05T17:20:29.330+0000] {processor.py:175} INFO - Processing /home/airflow/.local/lib/python3.7/site-packages/airflow/example_dags/example_kubernetes_executor.py took 0.133 seconds
[2025-10-05T17:21:00.284+0000] {processor.py:153} INFO - Started process (PID=395) to work on /home/airflow/.local/lib/python3.7/site-packages/airflow/example_dags/example_kubernetes_executor.py
[2025-10-05T17:21:00.285+0000] {processor.py:743} INFO - Processing file /home/airflow/.local/lib/python3.7/site-packages/airflow/example_dags/example_kubernetes_executor.py for tasks to queue
[2025-10-05T17:21:00.286+0000] {logging_mixin.py:137} INFO - [2025-10-05T17:21:00.286+0000] {dagbag.py:538} INFO - Filling up the DagBag from /home/airflow/.local/lib/python3.7/site-packages/airflow/example_dags/example_kubernetes_executor.py
[2025-10-05T17:21:00.318+0000] {processor.py:753} INFO - DAG(s) dict_keys(['example_kubernetes_executor']) retrieved from /home/airflow/.local/lib/python3.7/site-packages/airflow/example_dags/example_kubernetes_executor.py
[2025-10-05T17:21:00.354+0000] {logging_mixin.py:137} INFO - [2025-10-05T17:21:00.354+0000] {dag.py:2690} INFO - Sync 1 DAGs
[2025-10-05T17:21:00.381+0000] {logging_mixin.py:137} INFO - [2025-10-05T17:21:00.381+0000] {dag.py:3441} INFO - Setting next_dagrun for example_kubernetes_executor to None, run_after=None
[2025-10-05T17:21:00.406+0000] {processor.py:175} INFO - Processing /home/airflow/.local/lib/python3.7/site-packages/airflow/example_dags/example_kubernetes_executor.py took 0.127 seconds
[2025-10-05T17:21:31.641+0000] {processor.py:153} INFO - Started process (PID=508) to work on /home/airflow/.local/lib/python3.7/site-packages/airflow/example_dags/example_kubernetes_executor.py
[2025-10-05T17:21:31.642+0000] {processor.py:743} INFO - Processing file /home/airflow/.local/lib/python3.7/site-packages/airflow/example_dags/example_kubernetes_executor.py for tasks to queue
[2025-10-05T17:21:31.643+0000] {logging_mixin.py:137} INFO - [2025-10-05T17:21:31.643+0000] {dagbag.py:538} INFO - Filling up the DagBag from /home/airflow/.local/lib/python3.7/site-packages/airflow/example_dags/example_kubernetes_executor.py
[2025-10-05T17:21:31.675+0000] {processor.py:753} INFO - DAG(s) dict_keys(['example_kubernetes_executor']) retrieved from /home/airflow/.local/lib/python3.7/site-packages/airflow/example_dags/example_kubernetes_executor.py
[2025-10-05T17:21:31.712+0000] {logging_mixin.py:137} INFO - [2025-10-05T17:21:31.711+0000] {dag.py:2690} INFO - Sync 1 DAGs
[2025-10-05T17:21:31.740+0000] {logging_mixin.py:137} INFO - [2025-10-05T17:21:31.739+0000] {dag.py:3441} INFO - Setting next_dagrun for example_kubernetes_executor to None, run_after=None
[2025-10-05T17:21:31.766+0000] {processor.py:175} INFO - Processing /home/airflow/.local/lib/python3.7/site-packages/airflow/example_dags/example_kubernetes_executor.py took 0.130 seconds
[2025-10-05T17:22:01.921+0000] {processor.py:153} INFO - Started process (PID=597) to work on /home/airflow/.local/lib/python3.7/site-packages/airflow/example_dags/example_kubernetes_executor.py
[2025-10-05T17:22:01.922+0000] {processor.py:743} INFO - Processing file /home/airflow/.local/lib/python3.7/site-packages/airflow/example_dags/example_kubernetes_executor.py for tasks to queue
[2025-10-05T17:22:01.923+0000] {logging_mixin.py:137} INFO - [2025-10-05T17:22:01.923+0000] {dagbag.py:538} INFO - Filling up the DagBag from /home/airflow/.local/lib/python3.7/site-packages/airflow/example_dags/example_kubernetes_executor.py
[2025-10-05T17:22:01.955+0000] {processor.py:753} INFO - DAG(s) dict_keys(['example_kubernetes_executor']) retrieved from /home/airflow/.local/lib/python3.7/site-packages/airflow/example_dags/example_kubernetes_executor.py
[2025-10-05T17:22:01.994+0000] {logging_mixin.py:137} INFO - [2025-10-05T17:22:01.993+0000] {dag.py:2690} INFO - Sync 1 DAGs
[2025-10-05T17:22:02.022+0000] {logging_mixin.py:137} INFO - [2025-10-05T17:22:02.021+0000] {dag.py:3441} INFO - Setting next_dagrun for example_kubernetes_executor to None, run_after=None
[2025-10-05T17:22:02.047+0000] {processor.py:175} INFO - Processing /home/airflow/.local/lib/python3.7/site-packages/airflow/example_dags/example_kubernetes_executor.py took 0.130 seconds
[2025-10-05T17:22:32.338+0000] {processor.py:153} INFO - Started process (PID=693) to work on /home/airflow/.local/lib/python3.7/site-packages/airflow/example_dags/example_kubernetes_executor.py
[2025-10-05T17:22:32.340+0000] {processor.py:743} INFO - Processing file /home/airflow/.local/lib/python3.7/site-packages/airflow/example_dags/example_kubernetes_executor.py for tasks to queue
[2025-10-05T17:22:32.341+0000] {logging_mixin.py:137} INFO - [2025-10-05T17:22:32.341+0000] {dagbag.py:538} INFO - Filling up the DagBag from /home/airflow/.local/lib/python3.7/site-packages/airflow/example_dags/example_kubernetes_executor.py
[2025-10-05T17:22:32.376+0000] {processor.py:753} INFO - DAG(s) dict_keys(['example_kubernetes_executor']) retrieved from /home/airflow/.local/lib/python3.7/site-packages/airflow/example_dags/example_kubernetes_executor.py
[2025-10-05T17:22:32.424+0000] {logging_mixin.py:137} INFO - [2025-10-05T17:22:32.423+0000] {dag.py:2690} INFO - Sync 1 DAGs
[2025-10-05T17:22:32.456+0000] {logging_mixin.py:137} INFO - [2025-10-05T17:22:32.455+0000] {dag.py:3441} INFO - Setting next_dagrun for example_kubernetes_executor to None, run_after=None
[2025-10-05T17:22:32.485+0000] {processor.py:175} INFO - Processing /home/airflow/.local/lib/python3.7/site-packages/airflow/example_dags/example_kubernetes_executor.py took 0.151 seconds
[2025-10-05T17:23:02.930+0000] {processor.py:153} INFO - Started process (PID=799) to work on /home/airflow/.local/lib/python3.7/site-packages/airflow/example_dags/example_kubernetes_executor.py
[2025-10-05T17:23:02.931+0000] {processor.py:743} INFO - Processing file /home/airflow/.local/lib/python3.7/site-packages/airflow/example_dags/example_kubernetes_executor.py for tasks to queue
[2025-10-05T17:23:02.933+0000] {logging_mixin.py:137} INFO - [2025-10-05T17:23:02.932+0000] {dagbag.py:538} INFO - Filling up the DagBag from /home/airflow/.local/lib/python3.7/site-packages/airflow/example_dags/example_kubernetes_executor.py
[2025-10-05T17:23:02.965+0000] {processor.py:753} INFO - DAG(s) dict_keys(['example_kubernetes_executor']) retrieved from /home/airflow/.local/lib/python3.7/site-packages/airflow/example_dags/example_kubernetes_executor.py
[2025-10-05T17:23:03.001+0000] {logging_mixin.py:137} INFO - [2025-10-05T17:23:03.001+0000] {dag.py:2690} INFO - Sync 1 DAGs
[2025-10-05T17:23:03.029+0000] {logging_mixin.py:137} INFO - [2025-10-05T17:23:03.029+0000] {dag.py:3441} INFO - Setting next_dagrun for example_kubernetes_executor to None, run_after=None
[2025-10-05T17:23:03.055+0000] {processor.py:175} INFO - Processing /home/airflow/.local/lib/python3.7/site-packages/airflow/example_dags/example_kubernetes_executor.py took 0.130 seconds
[2025-10-05T17:23:33.879+0000] {processor.py:153} INFO - Started process (PID=889) to work on /home/airflow/.local/lib/python3.7/site-packages/airflow/example_dags/example_kubernetes_executor.py
[2025-10-05T17:23:33.880+0000] {processor.py:743} INFO - Processing file /home/airflow/.local/lib/python3.7/site-packages/airflow/example_dags/example_kubernetes_executor.py for tasks to queue
[2025-10-05T17:23:33.881+0000] {logging_mixin.py:137} INFO - [2025-10-05T17:23:33.881+0000] {dagbag.py:538} INFO - Filling up the DagBag from /home/airflow/.local/lib/python3.7/site-packages/airflow/example_dags/example_kubernetes_executor.py
[2025-10-05T17:23:33.913+0000] {processor.py:753} INFO - DAG(s) dict_keys(['example_kubernetes_executor']) retrieved from /home/airflow/.local/lib/python3.7/site-packages/airflow/example_dags/example_kubernetes_executor.py
[2025-10-05T17:23:33.951+0000] {logging_mixin.py:137} INFO - [2025-10-05T17:23:33.951+0000] {dag.py:2690} INFO - Sync 1 DAGs
[2025-10-05T17:23:33.979+0000] {logging_mixin.py:137} INFO - [2025-10-05T17:23:33.979+0000] {dag.py:3441} INFO - Setting next_dagrun for example_kubernetes_executor to None, run_after=None
[2025-10-05T17:23:34.003+0000] {processor.py:175} INFO - Processing /home/airflow/.local/lib/python3.7/site-packages/airflow/example_dags/example_kubernetes_executor.py took 0.129 seconds
[2025-10-05T17:24:04.538+0000] {processor.py:153} INFO - Started process (PID=1002) to work on /home/airflow/.local/lib/python3.7/site-packages/airflow/example_dags/example_kubernetes_executor.py
[2025-10-05T17:24:04.540+0000] {processor.py:743} INFO - Processing file /home/airflow/.local/lib/python3.7/site-packages/airflow/example_dags/example_kubernetes_executor.py for tasks to queue
[2025-10-05T17:24:04.541+0000] {logging_mixin.py:137} INFO - [2025-10-05T17:24:04.541+0000] {dagbag.py:538} INFO - Filling up the DagBag from /home/airflow/.local/lib/python3.7/site-packages/airflow/example_dags/example_kubernetes_executor.py
[2025-10-05T17:24:04.570+0000] {processor.py:753} INFO - DAG(s) dict_keys(['example_kubernetes_executor']) retrieved from /home/airflow/.local/lib/python3.7/site-packages/airflow/example_dags/example_kubernetes_executor.py
[2025-10-05T17:24:04.606+0000] {logging_mixin.py:137} INFO - [2025-10-05T17:24:04.606+0000] {dag.py:2690} INFO - Sync 1 DAGs
[2025-10-05T17:24:04.634+0000] {logging_mixin.py:137} INFO - [2025-10-05T17:24:04.634+0000] {dag.py:3441} INFO - Setting next_dagrun for example_kubernetes_executor to None, run_after=None
[2025-10-05T17:24:04.656+0000] {processor.py:175} INFO - Processing /home/airflow/.local/lib/python3.7/site-packages/airflow/example_dags/example_kubernetes_executor.py took 0.122 seconds
[2025-10-05T17:24:34.961+0000] {processor.py:153} INFO - Started process (PID=1091) to work on /home/airflow/.local/lib/python3.7/site-packages/airflow/example_dags/example_kubernetes_executor.py
[2025-10-05T17:24:34.962+0000] {processor.py:743} INFO - Processing file /home/airflow/.local/lib/python3.7/site-packages/airflow/example_dags/example_kubernetes_executor.py for tasks to queue
[2025-10-05T17:24:34.964+0000] {logging_mixin.py:137} INFO - [2025-10-05T17:24:34.963+0000] {dagbag.py:538} INFO - Filling up the DagBag from /home/airflow/.local/lib/python3.7/site-packages/airflow/example_dags/example_kubernetes_executor.py
[2025-10-05T17:24:34.993+0000] {processor.py:753} INFO - DAG(s) dict_keys(['example_kubernetes_executor']) retrieved from /home/airflow/.local/lib/python3.7/site-packages/airflow/example_dags/example_kubernetes_executor.py
[2025-10-05T17:24:35.026+0000] {logging_mixin.py:137} INFO - [2025-10-05T17:24:35.026+0000] {dag.py:2690} INFO - Sync 1 DAGs
[2025-10-05T17:24:35.051+0000] {logging_mixin.py:137} INFO - [2025-10-05T17:24:35.051+0000] {dag.py:3441} INFO - Setting next_dagrun for example_kubernetes_executor to None, run_after=None
[2025-10-05T17:24:35.076+0000] {processor.py:175} INFO - Processing /home/airflow/.local/lib/python3.7/site-packages/airflow/example_dags/example_kubernetes_executor.py took 0.119 seconds
[2025-10-05T17:25:05.926+0000] {processor.py:153} INFO - Started process (PID=1204) to work on /home/airflow/.local/lib/python3.7/site-packages/airflow/example_dags/example_kubernetes_executor.py
[2025-10-05T17:25:05.927+0000] {processor.py:743} INFO - Processing file /home/airflow/.local/lib/python3.7/site-packages/airflow/example_dags/example_kubernetes_executor.py for tasks to queue
[2025-10-05T17:25:05.929+0000] {logging_mixin.py:137} INFO - [2025-10-05T17:25:05.929+0000] {dagbag.py:538} INFO - Filling up the DagBag from /home/airflow/.local/lib/python3.7/site-packages/airflow/example_dags/example_kubernetes_executor.py
[2025-10-05T17:25:05.971+0000] {processor.py:753} INFO - DAG(s) dict_keys(['example_kubernetes_executor']) retrieved from /home/airflow/.local/lib/python3.7/site-packages/airflow/example_dags/example_kubernetes_executor.py
[2025-10-05T17:25:06.020+0000] {logging_mixin.py:137} INFO - [2025-10-05T17:25:06.019+0000] {dag.py:2690} INFO - Sync 1 DAGs
[2025-10-05T17:25:06.052+0000] {logging_mixin.py:137} INFO - [2025-10-05T17:25:06.052+0000] {dag.py:3441} INFO - Setting next_dagrun for example_kubernetes_executor to None, run_after=None
[2025-10-05T17:25:06.082+0000] {processor.py:175} INFO - Processing /home/airflow/.local/lib/python3.7/site-packages/airflow/example_dags/example_kubernetes_executor.py took 0.160 seconds
[2025-10-05T17:25:36.790+0000] {processor.py:153} INFO - Started process (PID=1293) to work on /home/airflow/.local/lib/python3.7/site-packages/airflow/example_dags/example_kubernetes_executor.py
[2025-10-05T17:25:36.792+0000] {processor.py:743} INFO - Processing file /home/airflow/.local/lib/python3.7/site-packages/airflow/example_dags/example_kubernetes_executor.py for tasks to queue
[2025-10-05T17:25:36.793+0000] {logging_mixin.py:137} INFO - [2025-10-05T17:25:36.793+0000] {dagbag.py:538} INFO - Filling up the DagBag from /home/airflow/.local/lib/python3.7/site-packages/airflow/example_dags/example_kubernetes_executor.py
[2025-10-05T17:25:36.822+0000] {processor.py:753} INFO - DAG(s) dict_keys(['example_kubernetes_executor']) retrieved from /home/airflow/.local/lib/python3.7/site-packages/airflow/example_dags/example_kubernetes_executor.py
[2025-10-05T17:25:36.859+0000] {logging_mixin.py:137} INFO - [2025-10-05T17:25:36.859+0000] {dag.py:2690} INFO - Sync 1 DAGs
[2025-10-05T17:25:36.886+0000] {logging_mixin.py:137} INFO - [2025-10-05T17:25:36.886+0000] {dag.py:3441} INFO - Setting next_dagrun for example_kubernetes_executor to None, run_after=None
[2025-10-05T17:25:36.911+0000] {processor.py:175} INFO - Processing /home/airflow/.local/lib/python3.7/site-packages/airflow/example_dags/example_kubernetes_executor.py took 0.125 seconds
[2025-10-05T17:26:07.654+0000] {processor.py:153} INFO - Started process (PID=1388) to work on /home/airflow/.local/lib/python3.7/site-packages/airflow/example_dags/example_kubernetes_executor.py
[2025-10-05T17:26:07.656+0000] {processor.py:743} INFO - Processing file /home/airflow/.local/lib/python3.7/site-packages/airflow/example_dags/example_kubernetes_executor.py for tasks to queue
[2025-10-05T17:26:07.657+0000] {logging_mixin.py:137} INFO - [2025-10-05T17:26:07.657+0000] {dagbag.py:538} INFO - Filling up the DagBag from /home/airflow/.local/lib/python3.7/site-packages/airflow/example_dags/example_kubernetes_executor.py
[2025-10-05T17:26:07.705+0000] {processor.py:753} INFO - DAG(s) dict_keys(['example_kubernetes_executor']) retrieved from /home/airflow/.local/lib/python3.7/site-packages/airflow/example_dags/example_kubernetes_executor.py
[2025-10-05T17:26:07.765+0000] {logging_mixin.py:137} INFO - [2025-10-05T17:26:07.765+0000] {dag.py:2690} INFO - Sync 1 DAGs
[2025-10-05T17:26:07.811+0000] {logging_mixin.py:137} INFO - [2025-10-05T17:26:07.811+0000] {dag.py:3441} INFO - Setting next_dagrun for example_kubernetes_executor to None, run_after=None
[2025-10-05T17:26:07.845+0000] {processor.py:175} INFO - Processing /home/airflow/.local/lib/python3.7/site-packages/airflow/example_dags/example_kubernetes_executor.py took 0.197 seconds
[2025-10-05T17:26:38.654+0000] {processor.py:153} INFO - Started process (PID=1495) to work on /home/airflow/.local/lib/python3.7/site-packages/airflow/example_dags/example_kubernetes_executor.py
[2025-10-05T17:26:38.656+0000] {processor.py:743} INFO - Processing file /home/airflow/.local/lib/python3.7/site-packages/airflow/example_dags/example_kubernetes_executor.py for tasks to queue
[2025-10-05T17:26:38.657+0000] {logging_mixin.py:137} INFO - [2025-10-05T17:26:38.657+0000] {dagbag.py:538} INFO - Filling up the DagBag from /home/airflow/.local/lib/python3.7/site-packages/airflow/example_dags/example_kubernetes_executor.py
[2025-10-05T17:26:38.690+0000] {processor.py:753} INFO - DAG(s) dict_keys(['example_kubernetes_executor']) retrieved from /home/airflow/.local/lib/python3.7/site-packages/airflow/example_dags/example_kubernetes_executor.py
[2025-10-05T17:26:38.730+0000] {logging_mixin.py:137} INFO - [2025-10-05T17:26:38.729+0000] {dag.py:2690} INFO - Sync 1 DAGs
[2025-10-05T17:26:38.757+0000] {logging_mixin.py:137} INFO - [2025-10-05T17:26:38.757+0000] {dag.py:3441} INFO - Setting next_dagrun for example_kubernetes_executor to None, run_after=None
[2025-10-05T17:26:38.783+0000] {processor.py:175} INFO - Processing /home/airflow/.local/lib/python3.7/site-packages/airflow/example_dags/example_kubernetes_executor.py took 0.133 seconds
[2025-10-05T17:27:09.725+0000] {processor.py:153} INFO - Started process (PID=1584) to work on /home/airflow/.local/lib/python3.7/site-packages/airflow/example_dags/example_kubernetes_executor.py
[2025-10-05T17:27:09.726+0000] {processor.py:743} INFO - Processing file /home/airflow/.local/lib/python3.7/site-packages/airflow/example_dags/example_kubernetes_executor.py for tasks to queue
[2025-10-05T17:27:09.727+0000] {logging_mixin.py:137} INFO - [2025-10-05T17:27:09.727+0000] {dagbag.py:538} INFO - Filling up the DagBag from /home/airflow/.local/lib/python3.7/site-packages/airflow/example_dags/example_kubernetes_executor.py
[2025-10-05T17:27:09.760+0000] {processor.py:753} INFO - DAG(s) dict_keys(['example_kubernetes_executor']) retrieved from /home/airflow/.local/lib/python3.7/site-packages/airflow/example_dags/example_kubernetes_executor.py
[2025-10-05T17:27:09.801+0000] {logging_mixin.py:137} INFO - [2025-10-05T17:27:09.801+0000] {dag.py:2690} INFO - Sync 1 DAGs
[2025-10-05T17:27:09.829+0000] {logging_mixin.py:137} INFO - [2025-10-05T17:27:09.829+0000] {dag.py:3441} INFO - Setting next_dagrun for example_kubernetes_executor to None, run_after=None
[2025-10-05T17:27:09.864+0000] {processor.py:175} INFO - Processing /home/airflow/.local/lib/python3.7/site-packages/airflow/example_dags/example_kubernetes_executor.py took 0.144 seconds
[2025-10-05T17:27:40.731+0000] {processor.py:153} INFO - Started process (PID=1697) to work on /home/airflow/.local/lib/python3.7/site-packages/airflow/example_dags/example_kubernetes_executor.py
[2025-10-05T17:27:40.732+0000] {processor.py:743} INFO - Processing file /home/airflow/.local/lib/python3.7/site-packages/airflow/example_dags/example_kubernetes_executor.py for tasks to queue
[2025-10-05T17:27:40.734+0000] {logging_mixin.py:137} INFO - [2025-10-05T17:27:40.734+0000] {dagbag.py:538} INFO - Filling up the DagBag from /home/airflow/.local/lib/python3.7/site-packages/airflow/example_dags/example_kubernetes_executor.py
[2025-10-05T17:27:40.779+0000] {processor.py:753} INFO - DAG(s) dict_keys(['example_kubernetes_executor']) retrieved from /home/airflow/.local/lib/python3.7/site-packages/airflow/example_dags/example_kubernetes_executor.py
[2025-10-05T17:27:40.822+0000] {logging_mixin.py:137} INFO - [2025-10-05T17:27:40.822+0000] {dag.py:2690} INFO - Sync 1 DAGs
[2025-10-05T17:27:40.858+0000] {logging_mixin.py:137} INFO - [2025-10-05T17:27:40.857+0000] {dag.py:3441} INFO - Setting next_dagrun for example_kubernetes_executor to None, run_after=None
[2025-10-05T17:27:40.886+0000] {processor.py:175} INFO - Processing /home/airflow/.local/lib/python3.7/site-packages/airflow/example_dags/example_kubernetes_executor.py took 0.160 seconds
[2025-10-05T17:28:11.540+0000] {processor.py:153} INFO - Started process (PID=1787) to work on /home/airflow/.local/lib/python3.7/site-packages/airflow/example_dags/example_kubernetes_executor.py
[2025-10-05T17:28:11.542+0000] {processor.py:743} INFO - Processing file /home/airflow/.local/lib/python3.7/site-packages/airflow/example_dags/example_kubernetes_executor.py for tasks to queue
[2025-10-05T17:28:11.543+0000] {logging_mixin.py:137} INFO - [2025-10-05T17:28:11.543+0000] {dagbag.py:538} INFO - Filling up the DagBag from /home/airflow/.local/lib/python3.7/site-packages/airflow/example_dags/example_kubernetes_executor.py
[2025-10-05T17:28:11.579+0000] {processor.py:753} INFO - DAG(s) dict_keys(['example_kubernetes_executor']) retrieved from /home/airflow/.local/lib/python3.7/site-packages/airflow/example_dags/example_kubernetes_executor.py
[2025-10-05T17:28:11.622+0000] {logging_mixin.py:137} INFO - [2025-10-05T17:28:11.622+0000] {dag.py:2690} INFO - Sync 1 DAGs
[2025-10-05T17:28:11.654+0000] {logging_mixin.py:137} INFO - [2025-10-05T17:28:11.654+0000] {dag.py:3441} INFO - Setting next_dagrun for example_kubernetes_executor to None, run_after=None
[2025-10-05T17:28:11.689+0000] {processor.py:175} INFO - Processing /home/airflow/.local/lib/python3.7/site-packages/airflow/example_dags/example_kubernetes_executor.py took 0.154 seconds
[2025-10-05T17:28:42.681+0000] {processor.py:153} INFO - Started process (PID=1876) to work on /home/airflow/.local/lib/python3.7/site-packages/airflow/example_dags/example_kubernetes_executor.py
[2025-10-05T17:28:42.683+0000] {processor.py:743} INFO - Processing file /home/airflow/.local/lib/python3.7/site-packages/airflow/example_dags/example_kubernetes_executor.py for tasks to queue
[2025-10-05T17:28:42.684+0000] {logging_mixin.py:137} INFO - [2025-10-05T17:28:42.684+0000] {dagbag.py:538} INFO - Filling up the DagBag from /home/airflow/.local/lib/python3.7/site-packages/airflow/example_dags/example_kubernetes_executor.py
[2025-10-05T17:28:42.721+0000] {processor.py:753} INFO - DAG(s) dict_keys(['example_kubernetes_executor']) retrieved from /home/airflow/.local/lib/python3.7/site-packages/airflow/example_dags/example_kubernetes_executor.py
[2025-10-05T17:28:42.764+0000] {logging_mixin.py:137} INFO - [2025-10-05T17:28:42.763+0000] {dag.py:2690} INFO - Sync 1 DAGs
[2025-10-05T17:28:42.792+0000] {logging_mixin.py:137} INFO - [2025-10-05T17:28:42.792+0000] {dag.py:3441} INFO - Setting next_dagrun for example_kubernetes_executor to None, run_after=None
[2025-10-05T17:28:42.819+0000] {processor.py:175} INFO - Processing /home/airflow/.local/lib/python3.7/site-packages/airflow/example_dags/example_kubernetes_executor.py took 0.142 seconds
[2025-10-05T17:29:13.822+0000] {processor.py:153} INFO - Started process (PID=1989) to work on /home/airflow/.local/lib/python3.7/site-packages/airflow/example_dags/example_kubernetes_executor.py
[2025-10-05T17:29:13.823+0000] {processor.py:743} INFO - Processing file /home/airflow/.local/lib/python3.7/site-packages/airflow/example_dags/example_kubernetes_executor.py for tasks to queue
[2025-10-05T17:29:13.824+0000] {logging_mixin.py:137} INFO - [2025-10-05T17:29:13.824+0000] {dagbag.py:538} INFO - Filling up the DagBag from /home/airflow/.local/lib/python3.7/site-packages/airflow/example_dags/example_kubernetes_executor.py
[2025-10-05T17:29:13.857+0000] {processor.py:753} INFO - DAG(s) dict_keys(['example_kubernetes_executor']) retrieved from /home/airflow/.local/lib/python3.7/site-packages/airflow/example_dags/example_kubernetes_executor.py
[2025-10-05T17:29:13.894+0000] {logging_mixin.py:137} INFO - [2025-10-05T17:29:13.894+0000] {dag.py:2690} INFO - Sync 1 DAGs
[2025-10-05T17:29:13.923+0000] {logging_mixin.py:137} INFO - [2025-10-05T17:29:13.923+0000] {dag.py:3441} INFO - Setting next_dagrun for example_kubernetes_executor to None, run_after=None
[2025-10-05T17:29:13.946+0000] {processor.py:175} INFO - Processing /home/airflow/.local/lib/python3.7/site-packages/airflow/example_dags/example_kubernetes_executor.py took 0.128 seconds
[2025-10-05T17:29:44.483+0000] {processor.py:153} INFO - Started process (PID=2078) to work on /home/airflow/.local/lib/python3.7/site-packages/airflow/example_dags/example_kubernetes_executor.py
[2025-10-05T17:29:44.485+0000] {processor.py:743} INFO - Processing file /home/airflow/.local/lib/python3.7/site-packages/airflow/example_dags/example_kubernetes_executor.py for tasks to queue
[2025-10-05T17:29:44.486+0000] {logging_mixin.py:137} INFO - [2025-10-05T17:29:44.486+0000] {dagbag.py:538} INFO - Filling up the DagBag from /home/airflow/.local/lib/python3.7/site-packages/airflow/example_dags/example_kubernetes_executor.py
[2025-10-05T17:29:44.517+0000] {processor.py:753} INFO - DAG(s) dict_keys(['example_kubernetes_executor']) retrieved from /home/airflow/.local/lib/python3.7/site-packages/airflow/example_dags/example_kubernetes_executor.py
[2025-10-05T17:29:44.554+0000] {logging_mixin.py:137} INFO - [2025-10-05T17:29:44.554+0000] {dag.py:2690} INFO - Sync 1 DAGs
[2025-10-05T17:29:44.582+0000] {logging_mixin.py:137} INFO - [2025-10-05T17:29:44.582+0000] {dag.py:3441} INFO - Setting next_dagrun for example_kubernetes_executor to None, run_after=None
[2025-10-05T17:29:44.606+0000] {processor.py:175} INFO - Processing /home/airflow/.local/lib/python3.7/site-packages/airflow/example_dags/example_kubernetes_executor.py took 0.127 seconds
[2025-10-05T17:30:14.956+0000] {processor.py:153} INFO - Started process (PID=2192) to work on /home/airflow/.local/lib/python3.7/site-packages/airflow/example_dags/example_kubernetes_executor.py
[2025-10-05T17:30:14.957+0000] {processor.py:743} INFO - Processing file /home/airflow/.local/lib/python3.7/site-packages/airflow/example_dags/example_kubernetes_executor.py for tasks to queue
[2025-10-05T17:30:14.958+0000] {logging_mixin.py:137} INFO - [2025-10-05T17:30:14.958+0000] {dagbag.py:538} INFO - Filling up the DagBag from /home/airflow/.local/lib/python3.7/site-packages/airflow/example_dags/example_kubernetes_executor.py
[2025-10-05T17:30:14.988+0000] {processor.py:753} INFO - DAG(s) dict_keys(['example_kubernetes_executor']) retrieved from /home/airflow/.local/lib/python3.7/site-packages/airflow/example_dags/example_kubernetes_executor.py
[2025-10-05T17:30:15.025+0000] {logging_mixin.py:137} INFO - [2025-10-05T17:30:15.025+0000] {dag.py:2690} INFO - Sync 1 DAGs
[2025-10-05T17:30:15.051+0000] {logging_mixin.py:137} INFO - [2025-10-05T17:30:15.051+0000] {dag.py:3441} INFO - Setting next_dagrun for example_kubernetes_executor to None, run_after=None
[2025-10-05T17:30:15.075+0000] {processor.py:175} INFO - Processing /home/airflow/.local/lib/python3.7/site-packages/airflow/example_dags/example_kubernetes_executor.py took 0.123 seconds
[2025-10-05T17:30:45.990+0000] {processor.py:153} INFO - Started process (PID=2282) to work on /home/airflow/.local/lib/python3.7/site-packages/airflow/example_dags/example_kubernetes_executor.py
[2025-10-05T17:30:45.991+0000] {processor.py:743} INFO - Processing file /home/airflow/.local/lib/python3.7/site-packages/airflow/example_dags/example_kubernetes_executor.py for tasks to queue
[2025-10-05T17:30:45.992+0000] {logging_mixin.py:137} INFO - [2025-10-05T17:30:45.992+0000] {dagbag.py:538} INFO - Filling up the DagBag from /home/airflow/.local/lib/python3.7/site-packages/airflow/example_dags/example_kubernetes_executor.py
[2025-10-05T17:30:46.022+0000] {processor.py:753} INFO - DAG(s) dict_keys(['example_kubernetes_executor']) retrieved from /home/airflow/.local/lib/python3.7/site-packages/airflow/example_dags/example_kubernetes_executor.py
[2025-10-05T17:30:46.057+0000] {logging_mixin.py:137} INFO - [2025-10-05T17:30:46.056+0000] {dag.py:2690} INFO - Sync 1 DAGs
[2025-10-05T17:30:46.082+0000] {logging_mixin.py:137} INFO - [2025-10-05T17:30:46.082+0000] {dag.py:3441} INFO - Setting next_dagrun for example_kubernetes_executor to None, run_after=None
[2025-10-05T17:30:46.106+0000] {processor.py:175} INFO - Processing /home/airflow/.local/lib/python3.7/site-packages/airflow/example_dags/example_kubernetes_executor.py took 0.121 seconds
[2025-10-05T17:31:17.050+0000] {processor.py:153} INFO - Started process (PID=2396) to work on /home/airflow/.local/lib/python3.7/site-packages/airflow/example_dags/example_kubernetes_executor.py
[2025-10-05T17:31:17.052+0000] {processor.py:743} INFO - Processing file /home/airflow/.local/lib/python3.7/site-packages/airflow/example_dags/example_kubernetes_executor.py for tasks to queue
[2025-10-05T17:31:17.054+0000] {logging_mixin.py:137} INFO - [2025-10-05T17:31:17.053+0000] {dagbag.py:538} INFO - Filling up the DagBag from /home/airflow/.local/lib/python3.7/site-packages/airflow/example_dags/example_kubernetes_executor.py
[2025-10-05T17:31:17.091+0000] {processor.py:753} INFO - DAG(s) dict_keys(['example_kubernetes_executor']) retrieved from /home/airflow/.local/lib/python3.7/site-packages/airflow/example_dags/example_kubernetes_executor.py
[2025-10-05T17:31:17.147+0000] {logging_mixin.py:137} INFO - [2025-10-05T17:31:17.146+0000] {dag.py:2690} INFO - Sync 1 DAGs
[2025-10-05T17:31:17.186+0000] {logging_mixin.py:137} INFO - [2025-10-05T17:31:17.185+0000] {dag.py:3441} INFO - Setting next_dagrun for example_kubernetes_executor to None, run_after=None
[2025-10-05T17:31:17.209+0000] {processor.py:175} INFO - Processing /home/airflow/.local/lib/python3.7/site-packages/airflow/example_dags/example_kubernetes_executor.py took 0.163 seconds
[2025-10-05T17:31:47.756+0000] {processor.py:153} INFO - Started process (PID=2485) to work on /home/airflow/.local/lib/python3.7/site-packages/airflow/example_dags/example_kubernetes_executor.py
[2025-10-05T17:31:47.758+0000] {processor.py:743} INFO - Processing file /home/airflow/.local/lib/python3.7/site-packages/airflow/example_dags/example_kubernetes_executor.py for tasks to queue
[2025-10-05T17:31:47.761+0000] {logging_mixin.py:137} INFO - [2025-10-05T17:31:47.760+0000] {dagbag.py:538} INFO - Filling up the DagBag from /home/airflow/.local/lib/python3.7/site-packages/airflow/example_dags/example_kubernetes_executor.py
[2025-10-05T17:31:47.855+0000] {processor.py:753} INFO - DAG(s) dict_keys(['example_kubernetes_executor']) retrieved from /home/airflow/.local/lib/python3.7/site-packages/airflow/example_dags/example_kubernetes_executor.py
[2025-10-05T17:31:47.899+0000] {logging_mixin.py:137} INFO - [2025-10-05T17:31:47.899+0000] {dag.py:2690} INFO - Sync 1 DAGs
[2025-10-05T17:31:47.926+0000] {logging_mixin.py:137} INFO - [2025-10-05T17:31:47.926+0000] {dag.py:3441} INFO - Setting next_dagrun for example_kubernetes_executor to None, run_after=None
[2025-10-05T17:31:47.953+0000] {processor.py:175} INFO - Processing /home/airflow/.local/lib/python3.7/site-packages/airflow/example_dags/example_kubernetes_executor.py took 0.203 seconds
[2025-10-05T17:32:18.416+0000] {processor.py:153} INFO - Started process (PID=2598) to work on /home/airflow/.local/lib/python3.7/site-packages/airflow/example_dags/example_kubernetes_executor.py
[2025-10-05T17:32:18.418+0000] {processor.py:743} INFO - Processing file /home/airflow/.local/lib/python3.7/site-packages/airflow/example_dags/example_kubernetes_executor.py for tasks to queue
[2025-10-05T17:32:18.420+0000] {logging_mixin.py:137} INFO - [2025-10-05T17:32:18.419+0000] {dagbag.py:538} INFO - Filling up the DagBag from /home/airflow/.local/lib/python3.7/site-packages/airflow/example_dags/example_kubernetes_executor.py
[2025-10-05T17:32:18.469+0000] {processor.py:753} INFO - DAG(s) dict_keys(['example_kubernetes_executor']) retrieved from /home/airflow/.local/lib/python3.7/site-packages/airflow/example_dags/example_kubernetes_executor.py
[2025-10-05T17:32:18.524+0000] {logging_mixin.py:137} INFO - [2025-10-05T17:32:18.524+0000] {dag.py:2690} INFO - Sync 1 DAGs
[2025-10-05T17:32:18.567+0000] {logging_mixin.py:137} INFO - [2025-10-05T17:32:18.567+0000] {dag.py:3441} INFO - Setting next_dagrun for example_kubernetes_executor to None, run_after=None
[2025-10-05T17:32:18.608+0000] {processor.py:175} INFO - Processing /home/airflow/.local/lib/python3.7/site-packages/airflow/example_dags/example_kubernetes_executor.py took 0.199 seconds
[2025-10-05T17:32:48.859+0000] {processor.py:153} INFO - Started process (PID=2686) to work on /home/airflow/.local/lib/python3.7/site-packages/airflow/example_dags/example_kubernetes_executor.py
[2025-10-05T17:32:48.861+0000] {processor.py:743} INFO - Processing file /home/airflow/.local/lib/python3.7/site-packages/airflow/example_dags/example_kubernetes_executor.py for tasks to queue
[2025-10-05T17:32:48.863+0000] {logging_mixin.py:137} INFO - [2025-10-05T17:32:48.863+0000] {dagbag.py:538} INFO - Filling up the DagBag from /home/airflow/.local/lib/python3.7/site-packages/airflow/example_dags/example_kubernetes_executor.py
[2025-10-05T17:32:48.900+0000] {processor.py:753} INFO - DAG(s) dict_keys(['example_kubernetes_executor']) retrieved from /home/airflow/.local/lib/python3.7/site-packages/airflow/example_dags/example_kubernetes_executor.py
[2025-10-05T17:32:48.940+0000] {logging_mixin.py:137} INFO - [2025-10-05T17:32:48.940+0000] {dag.py:2690} INFO - Sync 1 DAGs
[2025-10-05T17:32:48.970+0000] {logging_mixin.py:137} INFO - [2025-10-05T17:32:48.969+0000] {dag.py:3441} INFO - Setting next_dagrun for example_kubernetes_executor to None, run_after=None
[2025-10-05T17:32:48.995+0000] {processor.py:175} INFO - Processing /home/airflow/.local/lib/python3.7/site-packages/airflow/example_dags/example_kubernetes_executor.py took 0.143 seconds
[2025-10-05T17:33:19.903+0000] {processor.py:153} INFO - Started process (PID=2774) to work on /home/airflow/.local/lib/python3.7/site-packages/airflow/example_dags/example_kubernetes_executor.py
[2025-10-05T17:33:19.904+0000] {processor.py:743} INFO - Processing file /home/airflow/.local/lib/python3.7/site-packages/airflow/example_dags/example_kubernetes_executor.py for tasks to queue
[2025-10-05T17:33:19.906+0000] {logging_mixin.py:137} INFO - [2025-10-05T17:33:19.905+0000] {dagbag.py:538} INFO - Filling up the DagBag from /home/airflow/.local/lib/python3.7/site-packages/airflow/example_dags/example_kubernetes_executor.py
[2025-10-05T17:33:19.946+0000] {processor.py:753} INFO - DAG(s) dict_keys(['example_kubernetes_executor']) retrieved from /home/airflow/.local/lib/python3.7/site-packages/airflow/example_dags/example_kubernetes_executor.py
[2025-10-05T17:33:19.986+0000] {logging_mixin.py:137} INFO - [2025-10-05T17:33:19.985+0000] {dag.py:2690} INFO - Sync 1 DAGs
[2025-10-05T17:33:20.020+0000] {logging_mixin.py:137} INFO - [2025-10-05T17:33:20.020+0000] {dag.py:3441} INFO - Setting next_dagrun for example_kubernetes_executor to None, run_after=None
[2025-10-05T17:33:20.047+0000] {processor.py:175} INFO - Processing /home/airflow/.local/lib/python3.7/site-packages/airflow/example_dags/example_kubernetes_executor.py took 0.150 seconds
[2025-10-05T17:33:50.488+0000] {processor.py:153} INFO - Started process (PID=2886) to work on /home/airflow/.local/lib/python3.7/site-packages/airflow/example_dags/example_kubernetes_executor.py
[2025-10-05T17:33:50.490+0000] {processor.py:743} INFO - Processing file /home/airflow/.local/lib/python3.7/site-packages/airflow/example_dags/example_kubernetes_executor.py for tasks to queue
[2025-10-05T17:33:50.491+0000] {logging_mixin.py:137} INFO - [2025-10-05T17:33:50.491+0000] {dagbag.py:538} INFO - Filling up the DagBag from /home/airflow/.local/lib/python3.7/site-packages/airflow/example_dags/example_kubernetes_executor.py
[2025-10-05T17:33:50.523+0000] {processor.py:753} INFO - DAG(s) dict_keys(['example_kubernetes_executor']) retrieved from /home/airflow/.local/lib/python3.7/site-packages/airflow/example_dags/example_kubernetes_executor.py
[2025-10-05T17:33:50.559+0000] {logging_mixin.py:137} INFO - [2025-10-05T17:33:50.559+0000] {dag.py:2690} INFO - Sync 1 DAGs
[2025-10-05T17:33:50.584+0000] {logging_mixin.py:137} INFO - [2025-10-05T17:33:50.584+0000] {dag.py:3441} INFO - Setting next_dagrun for example_kubernetes_executor to None, run_after=None
[2025-10-05T17:33:50.607+0000] {processor.py:175} INFO - Processing /home/airflow/.local/lib/python3.7/site-packages/airflow/example_dags/example_kubernetes_executor.py took 0.123 seconds
[2025-10-05T17:34:20.662+0000] {processor.py:153} INFO - Started process (PID=2975) to work on /home/airflow/.local/lib/python3.7/site-packages/airflow/example_dags/example_kubernetes_executor.py
[2025-10-05T17:34:20.664+0000] {processor.py:743} INFO - Processing file /home/airflow/.local/lib/python3.7/site-packages/airflow/example_dags/example_kubernetes_executor.py for tasks to queue
[2025-10-05T17:34:20.665+0000] {logging_mixin.py:137} INFO - [2025-10-05T17:34:20.664+0000] {dagbag.py:538} INFO - Filling up the DagBag from /home/airflow/.local/lib/python3.7/site-packages/airflow/example_dags/example_kubernetes_executor.py
[2025-10-05T17:34:20.695+0000] {processor.py:753} INFO - DAG(s) dict_keys(['example_kubernetes_executor']) retrieved from /home/airflow/.local/lib/python3.7/site-packages/airflow/example_dags/example_kubernetes_executor.py
[2025-10-05T17:34:20.736+0000] {logging_mixin.py:137} INFO - [2025-10-05T17:34:20.735+0000] {dag.py:2690} INFO - Sync 1 DAGs
[2025-10-05T17:34:20.760+0000] {logging_mixin.py:137} INFO - [2025-10-05T17:34:20.760+0000] {dag.py:3441} INFO - Setting next_dagrun for example_kubernetes_executor to None, run_after=None
[2025-10-05T17:34:20.783+0000] {processor.py:175} INFO - Processing /home/airflow/.local/lib/python3.7/site-packages/airflow/example_dags/example_kubernetes_executor.py took 0.125 seconds
[2025-10-05T17:34:51.297+0000] {processor.py:153} INFO - Started process (PID=3064) to work on /home/airflow/.local/lib/python3.7/site-packages/airflow/example_dags/example_kubernetes_executor.py
[2025-10-05T17:34:51.298+0000] {processor.py:743} INFO - Processing file /home/airflow/.local/lib/python3.7/site-packages/airflow/example_dags/example_kubernetes_executor.py for tasks to queue
[2025-10-05T17:34:51.300+0000] {logging_mixin.py:137} INFO - [2025-10-05T17:34:51.300+0000] {dagbag.py:538} INFO - Filling up the DagBag from /home/airflow/.local/lib/python3.7/site-packages/airflow/example_dags/example_kubernetes_executor.py
[2025-10-05T17:34:51.332+0000] {processor.py:753} INFO - DAG(s) dict_keys(['example_kubernetes_executor']) retrieved from /home/airflow/.local/lib/python3.7/site-packages/airflow/example_dags/example_kubernetes_executor.py
[2025-10-05T17:34:51.366+0000] {logging_mixin.py:137} INFO - [2025-10-05T17:34:51.366+0000] {dag.py:2690} INFO - Sync 1 DAGs
[2025-10-05T17:34:51.392+0000] {logging_mixin.py:137} INFO - [2025-10-05T17:34:51.392+0000] {dag.py:3441} INFO - Setting next_dagrun for example_kubernetes_executor to None, run_after=None
[2025-10-05T17:34:51.414+0000] {processor.py:175} INFO - Processing /home/airflow/.local/lib/python3.7/site-packages/airflow/example_dags/example_kubernetes_executor.py took 0.121 seconds
[2025-10-05T17:35:21.809+0000] {processor.py:153} INFO - Started process (PID=3177) to work on /home/airflow/.local/lib/python3.7/site-packages/airflow/example_dags/example_kubernetes_executor.py
[2025-10-05T17:35:21.811+0000] {processor.py:743} INFO - Processing file /home/airflow/.local/lib/python3.7/site-packages/airflow/example_dags/example_kubernetes_executor.py for tasks to queue
[2025-10-05T17:35:21.812+0000] {logging_mixin.py:137} INFO - [2025-10-05T17:35:21.812+0000] {dagbag.py:538} INFO - Filling up the DagBag from /home/airflow/.local/lib/python3.7/site-packages/airflow/example_dags/example_kubernetes_executor.py
[2025-10-05T17:35:21.850+0000] {processor.py:753} INFO - DAG(s) dict_keys(['example_kubernetes_executor']) retrieved from /home/airflow/.local/lib/python3.7/site-packages/airflow/example_dags/example_kubernetes_executor.py
[2025-10-05T17:35:21.892+0000] {logging_mixin.py:137} INFO - [2025-10-05T17:35:21.891+0000] {dag.py:2690} INFO - Sync 1 DAGs
[2025-10-05T17:35:21.923+0000] {logging_mixin.py:137} INFO - [2025-10-05T17:35:21.923+0000] {dag.py:3441} INFO - Setting next_dagrun for example_kubernetes_executor to None, run_after=None
[2025-10-05T17:35:21.949+0000] {processor.py:175} INFO - Processing /home/airflow/.local/lib/python3.7/site-packages/airflow/example_dags/example_kubernetes_executor.py took 0.145 seconds
[2025-10-05T17:35:52.354+0000] {processor.py:153} INFO - Started process (PID=3266) to work on /home/airflow/.local/lib/python3.7/site-packages/airflow/example_dags/example_kubernetes_executor.py
[2025-10-05T17:35:52.356+0000] {processor.py:743} INFO - Processing file /home/airflow/.local/lib/python3.7/site-packages/airflow/example_dags/example_kubernetes_executor.py for tasks to queue
[2025-10-05T17:35:52.357+0000] {logging_mixin.py:137} INFO - [2025-10-05T17:35:52.357+0000] {dagbag.py:538} INFO - Filling up the DagBag from /home/airflow/.local/lib/python3.7/site-packages/airflow/example_dags/example_kubernetes_executor.py
[2025-10-05T17:35:52.393+0000] {processor.py:753} INFO - DAG(s) dict_keys(['example_kubernetes_executor']) retrieved from /home/airflow/.local/lib/python3.7/site-packages/airflow/example_dags/example_kubernetes_executor.py
[2025-10-05T17:35:52.432+0000] {logging_mixin.py:137} INFO - [2025-10-05T17:35:52.432+0000] {dag.py:2690} INFO - Sync 1 DAGs
[2025-10-05T17:35:52.465+0000] {logging_mixin.py:137} INFO - [2025-10-05T17:35:52.464+0000] {dag.py:3441} INFO - Setting next_dagrun for example_kubernetes_executor to None, run_after=None
[2025-10-05T17:35:52.497+0000] {processor.py:175} INFO - Processing /home/airflow/.local/lib/python3.7/site-packages/airflow/example_dags/example_kubernetes_executor.py took 0.147 seconds
[2025-10-05T17:36:23.162+0000] {processor.py:153} INFO - Started process (PID=3379) to work on /home/airflow/.local/lib/python3.7/site-packages/airflow/example_dags/example_kubernetes_executor.py
[2025-10-05T17:36:23.164+0000] {processor.py:743} INFO - Processing file /home/airflow/.local/lib/python3.7/site-packages/airflow/example_dags/example_kubernetes_executor.py for tasks to queue
[2025-10-05T17:36:23.165+0000] {logging_mixin.py:137} INFO - [2025-10-05T17:36:23.165+0000] {dagbag.py:538} INFO - Filling up the DagBag from /home/airflow/.local/lib/python3.7/site-packages/airflow/example_dags/example_kubernetes_executor.py
[2025-10-05T17:36:23.205+0000] {processor.py:753} INFO - DAG(s) dict_keys(['example_kubernetes_executor']) retrieved from /home/airflow/.local/lib/python3.7/site-packages/airflow/example_dags/example_kubernetes_executor.py
[2025-10-05T17:36:23.256+0000] {logging_mixin.py:137} INFO - [2025-10-05T17:36:23.256+0000] {dag.py:2690} INFO - Sync 1 DAGs
[2025-10-05T17:36:23.299+0000] {logging_mixin.py:137} INFO - [2025-10-05T17:36:23.299+0000] {dag.py:3441} INFO - Setting next_dagrun for example_kubernetes_executor to None, run_after=None
[2025-10-05T17:36:23.336+0000] {processor.py:175} INFO - Processing /home/airflow/.local/lib/python3.7/site-packages/airflow/example_dags/example_kubernetes_executor.py took 0.179 seconds
[2025-10-05T17:36:54.905+0000] {processor.py:153} INFO - Started process (PID=3469) to work on /home/airflow/.local/lib/python3.7/site-packages/airflow/example_dags/example_kubernetes_executor.py
[2025-10-05T17:36:54.907+0000] {processor.py:743} INFO - Processing file /home/airflow/.local/lib/python3.7/site-packages/airflow/example_dags/example_kubernetes_executor.py for tasks to queue
[2025-10-05T17:36:54.908+0000] {logging_mixin.py:137} INFO - [2025-10-05T17:36:54.908+0000] {dagbag.py:538} INFO - Filling up the DagBag from /home/airflow/.local/lib/python3.7/site-packages/airflow/example_dags/example_kubernetes_executor.py
[2025-10-05T17:36:54.964+0000] {processor.py:753} INFO - DAG(s) dict_keys(['example_kubernetes_executor']) retrieved from /home/airflow/.local/lib/python3.7/site-packages/airflow/example_dags/example_kubernetes_executor.py
[2025-10-05T17:36:55.011+0000] {logging_mixin.py:137} INFO - [2025-10-05T17:36:55.011+0000] {dag.py:2690} INFO - Sync 1 DAGs
[2025-10-05T17:36:55.043+0000] {logging_mixin.py:137} INFO - [2025-10-05T17:36:55.042+0000] {dag.py:3441} INFO - Setting next_dagrun for example_kubernetes_executor to None, run_after=None
[2025-10-05T17:36:55.072+0000] {processor.py:175} INFO - Processing /home/airflow/.local/lib/python3.7/site-packages/airflow/example_dags/example_kubernetes_executor.py took 0.171 seconds
