[2025-10-05T17:19:26.642+0000] {processor.py:153} INFO - Started process (PID=92) to work on /home/airflow/.local/lib/python3.7/site-packages/airflow/example_dags/example_time_delta_sensor_async.py
[2025-10-05T17:19:26.645+0000] {processor.py:743} INFO - Processing file /home/airflow/.local/lib/python3.7/site-packages/airflow/example_dags/example_time_delta_sensor_async.py for tasks to queue
[2025-10-05T17:19:26.646+0000] {logging_mixin.py:137} INFO - [2025-10-05T17:19:26.646+0000] {dagbag.py:538} INFO - Filling up the DagBag from /home/airflow/.local/lib/python3.7/site-packages/airflow/example_dags/example_time_delta_sensor_async.py
[2025-10-05T17:19:26.677+0000] {processor.py:753} INFO - DAG(s) dict_keys(['example_time_delta_sensor_async']) retrieved from /home/airflow/.local/lib/python3.7/site-packages/airflow/example_dags/example_time_delta_sensor_async.py
[2025-10-05T17:19:26.705+0000] {logging_mixin.py:137} INFO - [2025-10-05T17:19:26.705+0000] {dag.py:2690} INFO - Sync 1 DAGs
[2025-10-05T17:19:26.746+0000] {logging_mixin.py:137} INFO - [2025-10-05T17:19:26.746+0000] {dag.py:3441} INFO - Setting next_dagrun for example_time_delta_sensor_async to None, run_after=None
[2025-10-05T17:19:26.782+0000] {processor.py:175} INFO - Processing /home/airflow/.local/lib/python3.7/site-packages/airflow/example_dags/example_time_delta_sensor_async.py took 0.150 seconds
[2025-10-05T17:19:57.421+0000] {processor.py:153} INFO - Started process (PID=181) to work on /home/airflow/.local/lib/python3.7/site-packages/airflow/example_dags/example_time_delta_sensor_async.py
[2025-10-05T17:19:57.423+0000] {processor.py:743} INFO - Processing file /home/airflow/.local/lib/python3.7/site-packages/airflow/example_dags/example_time_delta_sensor_async.py for tasks to queue
[2025-10-05T17:19:57.424+0000] {logging_mixin.py:137} INFO - [2025-10-05T17:19:57.424+0000] {dagbag.py:538} INFO - Filling up the DagBag from /home/airflow/.local/lib/python3.7/site-packages/airflow/example_dags/example_time_delta_sensor_async.py
[2025-10-05T17:19:57.445+0000] {processor.py:753} INFO - DAG(s) dict_keys(['example_time_delta_sensor_async']) retrieved from /home/airflow/.local/lib/python3.7/site-packages/airflow/example_dags/example_time_delta_sensor_async.py
[2025-10-05T17:19:57.488+0000] {logging_mixin.py:137} INFO - [2025-10-05T17:19:57.487+0000] {dag.py:2690} INFO - Sync 1 DAGs
[2025-10-05T17:19:57.531+0000] {logging_mixin.py:137} INFO - [2025-10-05T17:19:57.530+0000] {dag.py:3441} INFO - Setting next_dagrun for example_time_delta_sensor_async to None, run_after=None
[2025-10-05T17:19:57.571+0000] {processor.py:175} INFO - Processing /home/airflow/.local/lib/python3.7/site-packages/airflow/example_dags/example_time_delta_sensor_async.py took 0.157 seconds
[2025-10-05T17:20:28.241+0000] {processor.py:153} INFO - Started process (PID=294) to work on /home/airflow/.local/lib/python3.7/site-packages/airflow/example_dags/example_time_delta_sensor_async.py
[2025-10-05T17:20:28.242+0000] {processor.py:743} INFO - Processing file /home/airflow/.local/lib/python3.7/site-packages/airflow/example_dags/example_time_delta_sensor_async.py for tasks to queue
[2025-10-05T17:20:28.243+0000] {logging_mixin.py:137} INFO - [2025-10-05T17:20:28.243+0000] {dagbag.py:538} INFO - Filling up the DagBag from /home/airflow/.local/lib/python3.7/site-packages/airflow/example_dags/example_time_delta_sensor_async.py
[2025-10-05T17:20:28.259+0000] {processor.py:753} INFO - DAG(s) dict_keys(['example_time_delta_sensor_async']) retrieved from /home/airflow/.local/lib/python3.7/site-packages/airflow/example_dags/example_time_delta_sensor_async.py
[2025-10-05T17:20:28.295+0000] {logging_mixin.py:137} INFO - [2025-10-05T17:20:28.295+0000] {dag.py:2690} INFO - Sync 1 DAGs
[2025-10-05T17:20:28.327+0000] {logging_mixin.py:137} INFO - [2025-10-05T17:20:28.327+0000] {dag.py:3441} INFO - Setting next_dagrun for example_time_delta_sensor_async to None, run_after=None
[2025-10-05T17:20:28.353+0000] {processor.py:175} INFO - Processing /home/airflow/.local/lib/python3.7/site-packages/airflow/example_dags/example_time_delta_sensor_async.py took 0.117 seconds
[2025-10-05T17:20:59.110+0000] {processor.py:153} INFO - Started process (PID=383) to work on /home/airflow/.local/lib/python3.7/site-packages/airflow/example_dags/example_time_delta_sensor_async.py
[2025-10-05T17:20:59.112+0000] {processor.py:743} INFO - Processing file /home/airflow/.local/lib/python3.7/site-packages/airflow/example_dags/example_time_delta_sensor_async.py for tasks to queue
[2025-10-05T17:20:59.113+0000] {logging_mixin.py:137} INFO - [2025-10-05T17:20:59.113+0000] {dagbag.py:538} INFO - Filling up the DagBag from /home/airflow/.local/lib/python3.7/site-packages/airflow/example_dags/example_time_delta_sensor_async.py
[2025-10-05T17:20:59.129+0000] {processor.py:753} INFO - DAG(s) dict_keys(['example_time_delta_sensor_async']) retrieved from /home/airflow/.local/lib/python3.7/site-packages/airflow/example_dags/example_time_delta_sensor_async.py
[2025-10-05T17:20:59.165+0000] {logging_mixin.py:137} INFO - [2025-10-05T17:20:59.165+0000] {dag.py:2690} INFO - Sync 1 DAGs
[2025-10-05T17:20:59.197+0000] {logging_mixin.py:137} INFO - [2025-10-05T17:20:59.196+0000] {dag.py:3441} INFO - Setting next_dagrun for example_time_delta_sensor_async to None, run_after=None
[2025-10-05T17:20:59.226+0000] {processor.py:175} INFO - Processing /home/airflow/.local/lib/python3.7/site-packages/airflow/example_dags/example_time_delta_sensor_async.py took 0.120 seconds
[2025-10-05T17:21:30.549+0000] {processor.py:153} INFO - Started process (PID=496) to work on /home/airflow/.local/lib/python3.7/site-packages/airflow/example_dags/example_time_delta_sensor_async.py
[2025-10-05T17:21:30.550+0000] {processor.py:743} INFO - Processing file /home/airflow/.local/lib/python3.7/site-packages/airflow/example_dags/example_time_delta_sensor_async.py for tasks to queue
[2025-10-05T17:21:30.552+0000] {logging_mixin.py:137} INFO - [2025-10-05T17:21:30.551+0000] {dagbag.py:538} INFO - Filling up the DagBag from /home/airflow/.local/lib/python3.7/site-packages/airflow/example_dags/example_time_delta_sensor_async.py
[2025-10-05T17:21:30.568+0000] {processor.py:753} INFO - DAG(s) dict_keys(['example_time_delta_sensor_async']) retrieved from /home/airflow/.local/lib/python3.7/site-packages/airflow/example_dags/example_time_delta_sensor_async.py
[2025-10-05T17:21:30.604+0000] {logging_mixin.py:137} INFO - [2025-10-05T17:21:30.604+0000] {dag.py:2690} INFO - Sync 1 DAGs
[2025-10-05T17:21:30.633+0000] {logging_mixin.py:137} INFO - [2025-10-05T17:21:30.633+0000] {dag.py:3441} INFO - Setting next_dagrun for example_time_delta_sensor_async to None, run_after=None
[2025-10-05T17:21:30.660+0000] {processor.py:175} INFO - Processing /home/airflow/.local/lib/python3.7/site-packages/airflow/example_dags/example_time_delta_sensor_async.py took 0.115 seconds
[2025-10-05T17:22:00.944+0000] {processor.py:153} INFO - Started process (PID=585) to work on /home/airflow/.local/lib/python3.7/site-packages/airflow/example_dags/example_time_delta_sensor_async.py
[2025-10-05T17:22:00.946+0000] {processor.py:743} INFO - Processing file /home/airflow/.local/lib/python3.7/site-packages/airflow/example_dags/example_time_delta_sensor_async.py for tasks to queue
[2025-10-05T17:22:00.947+0000] {logging_mixin.py:137} INFO - [2025-10-05T17:22:00.947+0000] {dagbag.py:538} INFO - Filling up the DagBag from /home/airflow/.local/lib/python3.7/site-packages/airflow/example_dags/example_time_delta_sensor_async.py
[2025-10-05T17:22:00.962+0000] {processor.py:753} INFO - DAG(s) dict_keys(['example_time_delta_sensor_async']) retrieved from /home/airflow/.local/lib/python3.7/site-packages/airflow/example_dags/example_time_delta_sensor_async.py
[2025-10-05T17:22:00.995+0000] {logging_mixin.py:137} INFO - [2025-10-05T17:22:00.995+0000] {dag.py:2690} INFO - Sync 1 DAGs
[2025-10-05T17:22:01.026+0000] {logging_mixin.py:137} INFO - [2025-10-05T17:22:01.026+0000] {dag.py:3441} INFO - Setting next_dagrun for example_time_delta_sensor_async to None, run_after=None
[2025-10-05T17:22:01.057+0000] {processor.py:175} INFO - Processing /home/airflow/.local/lib/python3.7/site-packages/airflow/example_dags/example_time_delta_sensor_async.py took 0.117 seconds
[2025-10-05T17:22:31.358+0000] {processor.py:153} INFO - Started process (PID=674) to work on /home/airflow/.local/lib/python3.7/site-packages/airflow/example_dags/example_time_delta_sensor_async.py
[2025-10-05T17:22:31.359+0000] {processor.py:743} INFO - Processing file /home/airflow/.local/lib/python3.7/site-packages/airflow/example_dags/example_time_delta_sensor_async.py for tasks to queue
[2025-10-05T17:22:31.360+0000] {logging_mixin.py:137} INFO - [2025-10-05T17:22:31.360+0000] {dagbag.py:538} INFO - Filling up the DagBag from /home/airflow/.local/lib/python3.7/site-packages/airflow/example_dags/example_time_delta_sensor_async.py
[2025-10-05T17:22:31.375+0000] {processor.py:753} INFO - DAG(s) dict_keys(['example_time_delta_sensor_async']) retrieved from /home/airflow/.local/lib/python3.7/site-packages/airflow/example_dags/example_time_delta_sensor_async.py
[2025-10-05T17:22:31.408+0000] {logging_mixin.py:137} INFO - [2025-10-05T17:22:31.408+0000] {dag.py:2690} INFO - Sync 1 DAGs
[2025-10-05T17:22:31.437+0000] {logging_mixin.py:137} INFO - [2025-10-05T17:22:31.437+0000] {dag.py:3441} INFO - Setting next_dagrun for example_time_delta_sensor_async to None, run_after=None
[2025-10-05T17:22:31.460+0000] {processor.py:175} INFO - Processing /home/airflow/.local/lib/python3.7/site-packages/airflow/example_dags/example_time_delta_sensor_async.py took 0.107 seconds
[2025-10-05T17:23:01.857+0000] {processor.py:153} INFO - Started process (PID=787) to work on /home/airflow/.local/lib/python3.7/site-packages/airflow/example_dags/example_time_delta_sensor_async.py
[2025-10-05T17:23:01.859+0000] {processor.py:743} INFO - Processing file /home/airflow/.local/lib/python3.7/site-packages/airflow/example_dags/example_time_delta_sensor_async.py for tasks to queue
[2025-10-05T17:23:01.861+0000] {logging_mixin.py:137} INFO - [2025-10-05T17:23:01.860+0000] {dagbag.py:538} INFO - Filling up the DagBag from /home/airflow/.local/lib/python3.7/site-packages/airflow/example_dags/example_time_delta_sensor_async.py
[2025-10-05T17:23:01.880+0000] {processor.py:753} INFO - DAG(s) dict_keys(['example_time_delta_sensor_async']) retrieved from /home/airflow/.local/lib/python3.7/site-packages/airflow/example_dags/example_time_delta_sensor_async.py
[2025-10-05T17:23:01.923+0000] {logging_mixin.py:137} INFO - [2025-10-05T17:23:01.923+0000] {dag.py:2690} INFO - Sync 1 DAGs
[2025-10-05T17:23:01.956+0000] {logging_mixin.py:137} INFO - [2025-10-05T17:23:01.956+0000] {dag.py:3441} INFO - Setting next_dagrun for example_time_delta_sensor_async to None, run_after=None
[2025-10-05T17:23:01.986+0000] {processor.py:175} INFO - Processing /home/airflow/.local/lib/python3.7/site-packages/airflow/example_dags/example_time_delta_sensor_async.py took 0.134 seconds
[2025-10-05T17:23:32.612+0000] {processor.py:153} INFO - Started process (PID=877) to work on /home/airflow/.local/lib/python3.7/site-packages/airflow/example_dags/example_time_delta_sensor_async.py
[2025-10-05T17:23:32.613+0000] {processor.py:743} INFO - Processing file /home/airflow/.local/lib/python3.7/site-packages/airflow/example_dags/example_time_delta_sensor_async.py for tasks to queue
[2025-10-05T17:23:32.614+0000] {logging_mixin.py:137} INFO - [2025-10-05T17:23:32.614+0000] {dagbag.py:538} INFO - Filling up the DagBag from /home/airflow/.local/lib/python3.7/site-packages/airflow/example_dags/example_time_delta_sensor_async.py
[2025-10-05T17:23:32.628+0000] {processor.py:753} INFO - DAG(s) dict_keys(['example_time_delta_sensor_async']) retrieved from /home/airflow/.local/lib/python3.7/site-packages/airflow/example_dags/example_time_delta_sensor_async.py
[2025-10-05T17:23:32.660+0000] {logging_mixin.py:137} INFO - [2025-10-05T17:23:32.659+0000] {dag.py:2690} INFO - Sync 1 DAGs
[2025-10-05T17:23:32.688+0000] {logging_mixin.py:137} INFO - [2025-10-05T17:23:32.688+0000] {dag.py:3441} INFO - Setting next_dagrun for example_time_delta_sensor_async to None, run_after=None
[2025-10-05T17:23:32.714+0000] {processor.py:175} INFO - Processing /home/airflow/.local/lib/python3.7/site-packages/airflow/example_dags/example_time_delta_sensor_async.py took 0.108 seconds
[2025-10-05T17:24:03.382+0000] {processor.py:153} INFO - Started process (PID=990) to work on /home/airflow/.local/lib/python3.7/site-packages/airflow/example_dags/example_time_delta_sensor_async.py
[2025-10-05T17:24:03.383+0000] {processor.py:743} INFO - Processing file /home/airflow/.local/lib/python3.7/site-packages/airflow/example_dags/example_time_delta_sensor_async.py for tasks to queue
[2025-10-05T17:24:03.385+0000] {logging_mixin.py:137} INFO - [2025-10-05T17:24:03.384+0000] {dagbag.py:538} INFO - Filling up the DagBag from /home/airflow/.local/lib/python3.7/site-packages/airflow/example_dags/example_time_delta_sensor_async.py
[2025-10-05T17:24:03.402+0000] {processor.py:753} INFO - DAG(s) dict_keys(['example_time_delta_sensor_async']) retrieved from /home/airflow/.local/lib/python3.7/site-packages/airflow/example_dags/example_time_delta_sensor_async.py
[2025-10-05T17:24:03.436+0000] {logging_mixin.py:137} INFO - [2025-10-05T17:24:03.436+0000] {dag.py:2690} INFO - Sync 1 DAGs
[2025-10-05T17:24:03.466+0000] {logging_mixin.py:137} INFO - [2025-10-05T17:24:03.466+0000] {dag.py:3441} INFO - Setting next_dagrun for example_time_delta_sensor_async to None, run_after=None
[2025-10-05T17:24:03.498+0000] {processor.py:175} INFO - Processing /home/airflow/.local/lib/python3.7/site-packages/airflow/example_dags/example_time_delta_sensor_async.py took 0.121 seconds
[2025-10-05T17:24:34.052+0000] {processor.py:153} INFO - Started process (PID=1079) to work on /home/airflow/.local/lib/python3.7/site-packages/airflow/example_dags/example_time_delta_sensor_async.py
[2025-10-05T17:24:34.053+0000] {processor.py:743} INFO - Processing file /home/airflow/.local/lib/python3.7/site-packages/airflow/example_dags/example_time_delta_sensor_async.py for tasks to queue
[2025-10-05T17:24:34.055+0000] {logging_mixin.py:137} INFO - [2025-10-05T17:24:34.054+0000] {dagbag.py:538} INFO - Filling up the DagBag from /home/airflow/.local/lib/python3.7/site-packages/airflow/example_dags/example_time_delta_sensor_async.py
[2025-10-05T17:24:34.069+0000] {processor.py:753} INFO - DAG(s) dict_keys(['example_time_delta_sensor_async']) retrieved from /home/airflow/.local/lib/python3.7/site-packages/airflow/example_dags/example_time_delta_sensor_async.py
[2025-10-05T17:24:34.102+0000] {logging_mixin.py:137} INFO - [2025-10-05T17:24:34.102+0000] {dag.py:2690} INFO - Sync 1 DAGs
[2025-10-05T17:24:34.130+0000] {logging_mixin.py:137} INFO - [2025-10-05T17:24:34.130+0000] {dag.py:3441} INFO - Setting next_dagrun for example_time_delta_sensor_async to None, run_after=None
[2025-10-05T17:24:34.156+0000] {processor.py:175} INFO - Processing /home/airflow/.local/lib/python3.7/site-packages/airflow/example_dags/example_time_delta_sensor_async.py took 0.107 seconds
[2025-10-05T17:25:04.641+0000] {processor.py:153} INFO - Started process (PID=1177) to work on /home/airflow/.local/lib/python3.7/site-packages/airflow/example_dags/example_time_delta_sensor_async.py
[2025-10-05T17:25:04.643+0000] {processor.py:743} INFO - Processing file /home/airflow/.local/lib/python3.7/site-packages/airflow/example_dags/example_time_delta_sensor_async.py for tasks to queue
[2025-10-05T17:25:04.644+0000] {logging_mixin.py:137} INFO - [2025-10-05T17:25:04.644+0000] {dagbag.py:538} INFO - Filling up the DagBag from /home/airflow/.local/lib/python3.7/site-packages/airflow/example_dags/example_time_delta_sensor_async.py
[2025-10-05T17:25:04.664+0000] {processor.py:753} INFO - DAG(s) dict_keys(['example_time_delta_sensor_async']) retrieved from /home/airflow/.local/lib/python3.7/site-packages/airflow/example_dags/example_time_delta_sensor_async.py
[2025-10-05T17:25:04.707+0000] {logging_mixin.py:137} INFO - [2025-10-05T17:25:04.706+0000] {dag.py:2690} INFO - Sync 1 DAGs
[2025-10-05T17:25:04.745+0000] {logging_mixin.py:137} INFO - [2025-10-05T17:25:04.745+0000] {dag.py:3441} INFO - Setting next_dagrun for example_time_delta_sensor_async to None, run_after=None
[2025-10-05T17:25:04.790+0000] {processor.py:175} INFO - Processing /home/airflow/.local/lib/python3.7/site-packages/airflow/example_dags/example_time_delta_sensor_async.py took 0.156 seconds
[2025-10-05T17:25:35.665+0000] {processor.py:153} INFO - Started process (PID=1281) to work on /home/airflow/.local/lib/python3.7/site-packages/airflow/example_dags/example_time_delta_sensor_async.py
[2025-10-05T17:25:35.667+0000] {processor.py:743} INFO - Processing file /home/airflow/.local/lib/python3.7/site-packages/airflow/example_dags/example_time_delta_sensor_async.py for tasks to queue
[2025-10-05T17:25:35.668+0000] {logging_mixin.py:137} INFO - [2025-10-05T17:25:35.668+0000] {dagbag.py:538} INFO - Filling up the DagBag from /home/airflow/.local/lib/python3.7/site-packages/airflow/example_dags/example_time_delta_sensor_async.py
[2025-10-05T17:25:35.684+0000] {processor.py:753} INFO - DAG(s) dict_keys(['example_time_delta_sensor_async']) retrieved from /home/airflow/.local/lib/python3.7/site-packages/airflow/example_dags/example_time_delta_sensor_async.py
[2025-10-05T17:25:35.724+0000] {logging_mixin.py:137} INFO - [2025-10-05T17:25:35.723+0000] {dag.py:2690} INFO - Sync 1 DAGs
[2025-10-05T17:25:35.757+0000] {logging_mixin.py:137} INFO - [2025-10-05T17:25:35.757+0000] {dag.py:3441} INFO - Setting next_dagrun for example_time_delta_sensor_async to None, run_after=None
[2025-10-05T17:25:35.788+0000] {processor.py:175} INFO - Processing /home/airflow/.local/lib/python3.7/site-packages/airflow/example_dags/example_time_delta_sensor_async.py took 0.128 seconds
[2025-10-05T17:26:06.104+0000] {processor.py:153} INFO - Started process (PID=1368) to work on /home/airflow/.local/lib/python3.7/site-packages/airflow/example_dags/example_time_delta_sensor_async.py
[2025-10-05T17:26:06.106+0000] {processor.py:743} INFO - Processing file /home/airflow/.local/lib/python3.7/site-packages/airflow/example_dags/example_time_delta_sensor_async.py for tasks to queue
[2025-10-05T17:26:06.107+0000] {logging_mixin.py:137} INFO - [2025-10-05T17:26:06.107+0000] {dagbag.py:538} INFO - Filling up the DagBag from /home/airflow/.local/lib/python3.7/site-packages/airflow/example_dags/example_time_delta_sensor_async.py
[2025-10-05T17:26:06.122+0000] {processor.py:753} INFO - DAG(s) dict_keys(['example_time_delta_sensor_async']) retrieved from /home/airflow/.local/lib/python3.7/site-packages/airflow/example_dags/example_time_delta_sensor_async.py
[2025-10-05T17:26:06.156+0000] {logging_mixin.py:137} INFO - [2025-10-05T17:26:06.155+0000] {dag.py:2690} INFO - Sync 1 DAGs
[2025-10-05T17:26:06.188+0000] {logging_mixin.py:137} INFO - [2025-10-05T17:26:06.188+0000] {dag.py:3441} INFO - Setting next_dagrun for example_time_delta_sensor_async to None, run_after=None
[2025-10-05T17:26:06.225+0000] {processor.py:175} INFO - Processing /home/airflow/.local/lib/python3.7/site-packages/airflow/example_dags/example_time_delta_sensor_async.py took 0.125 seconds
[2025-10-05T17:26:37.303+0000] {processor.py:153} INFO - Started process (PID=1483) to work on /home/airflow/.local/lib/python3.7/site-packages/airflow/example_dags/example_time_delta_sensor_async.py
[2025-10-05T17:26:37.305+0000] {processor.py:743} INFO - Processing file /home/airflow/.local/lib/python3.7/site-packages/airflow/example_dags/example_time_delta_sensor_async.py for tasks to queue
[2025-10-05T17:26:37.306+0000] {logging_mixin.py:137} INFO - [2025-10-05T17:26:37.306+0000] {dagbag.py:538} INFO - Filling up the DagBag from /home/airflow/.local/lib/python3.7/site-packages/airflow/example_dags/example_time_delta_sensor_async.py
[2025-10-05T17:26:37.320+0000] {processor.py:753} INFO - DAG(s) dict_keys(['example_time_delta_sensor_async']) retrieved from /home/airflow/.local/lib/python3.7/site-packages/airflow/example_dags/example_time_delta_sensor_async.py
[2025-10-05T17:26:37.353+0000] {logging_mixin.py:137} INFO - [2025-10-05T17:26:37.353+0000] {dag.py:2690} INFO - Sync 1 DAGs
[2025-10-05T17:26:37.382+0000] {logging_mixin.py:137} INFO - [2025-10-05T17:26:37.382+0000] {dag.py:3441} INFO - Setting next_dagrun for example_time_delta_sensor_async to None, run_after=None
[2025-10-05T17:26:37.409+0000] {processor.py:175} INFO - Processing /home/airflow/.local/lib/python3.7/site-packages/airflow/example_dags/example_time_delta_sensor_async.py took 0.110 seconds
[2025-10-05T17:27:08.251+0000] {processor.py:153} INFO - Started process (PID=1572) to work on /home/airflow/.local/lib/python3.7/site-packages/airflow/example_dags/example_time_delta_sensor_async.py
[2025-10-05T17:27:08.252+0000] {processor.py:743} INFO - Processing file /home/airflow/.local/lib/python3.7/site-packages/airflow/example_dags/example_time_delta_sensor_async.py for tasks to queue
[2025-10-05T17:27:08.254+0000] {logging_mixin.py:137} INFO - [2025-10-05T17:27:08.253+0000] {dagbag.py:538} INFO - Filling up the DagBag from /home/airflow/.local/lib/python3.7/site-packages/airflow/example_dags/example_time_delta_sensor_async.py
[2025-10-05T17:27:08.270+0000] {processor.py:753} INFO - DAG(s) dict_keys(['example_time_delta_sensor_async']) retrieved from /home/airflow/.local/lib/python3.7/site-packages/airflow/example_dags/example_time_delta_sensor_async.py
[2025-10-05T17:27:08.308+0000] {logging_mixin.py:137} INFO - [2025-10-05T17:27:08.308+0000] {dag.py:2690} INFO - Sync 1 DAGs
[2025-10-05T17:27:08.340+0000] {logging_mixin.py:137} INFO - [2025-10-05T17:27:08.340+0000] {dag.py:3441} INFO - Setting next_dagrun for example_time_delta_sensor_async to None, run_after=None
[2025-10-05T17:27:08.372+0000] {processor.py:175} INFO - Processing /home/airflow/.local/lib/python3.7/site-packages/airflow/example_dags/example_time_delta_sensor_async.py took 0.125 seconds
[2025-10-05T17:27:39.389+0000] {processor.py:153} INFO - Started process (PID=1685) to work on /home/airflow/.local/lib/python3.7/site-packages/airflow/example_dags/example_time_delta_sensor_async.py
[2025-10-05T17:27:39.391+0000] {processor.py:743} INFO - Processing file /home/airflow/.local/lib/python3.7/site-packages/airflow/example_dags/example_time_delta_sensor_async.py for tasks to queue
[2025-10-05T17:27:39.393+0000] {logging_mixin.py:137} INFO - [2025-10-05T17:27:39.392+0000] {dagbag.py:538} INFO - Filling up the DagBag from /home/airflow/.local/lib/python3.7/site-packages/airflow/example_dags/example_time_delta_sensor_async.py
[2025-10-05T17:27:39.411+0000] {processor.py:753} INFO - DAG(s) dict_keys(['example_time_delta_sensor_async']) retrieved from /home/airflow/.local/lib/python3.7/site-packages/airflow/example_dags/example_time_delta_sensor_async.py
[2025-10-05T17:27:39.459+0000] {logging_mixin.py:137} INFO - [2025-10-05T17:27:39.459+0000] {dag.py:2690} INFO - Sync 1 DAGs
[2025-10-05T17:27:39.501+0000] {logging_mixin.py:137} INFO - [2025-10-05T17:27:39.501+0000] {dag.py:3441} INFO - Setting next_dagrun for example_time_delta_sensor_async to None, run_after=None
[2025-10-05T17:27:39.545+0000] {processor.py:175} INFO - Processing /home/airflow/.local/lib/python3.7/site-packages/airflow/example_dags/example_time_delta_sensor_async.py took 0.161 seconds
[2025-10-05T17:28:09.782+0000] {processor.py:153} INFO - Started process (PID=1773) to work on /home/airflow/.local/lib/python3.7/site-packages/airflow/example_dags/example_time_delta_sensor_async.py
[2025-10-05T17:28:09.785+0000] {processor.py:743} INFO - Processing file /home/airflow/.local/lib/python3.7/site-packages/airflow/example_dags/example_time_delta_sensor_async.py for tasks to queue
[2025-10-05T17:28:09.787+0000] {logging_mixin.py:137} INFO - [2025-10-05T17:28:09.787+0000] {dagbag.py:538} INFO - Filling up the DagBag from /home/airflow/.local/lib/python3.7/site-packages/airflow/example_dags/example_time_delta_sensor_async.py
[2025-10-05T17:28:09.814+0000] {processor.py:753} INFO - DAG(s) dict_keys(['example_time_delta_sensor_async']) retrieved from /home/airflow/.local/lib/python3.7/site-packages/airflow/example_dags/example_time_delta_sensor_async.py
[2025-10-05T17:28:09.885+0000] {logging_mixin.py:137} INFO - [2025-10-05T17:28:09.885+0000] {dag.py:2690} INFO - Sync 1 DAGs
[2025-10-05T17:28:09.934+0000] {logging_mixin.py:137} INFO - [2025-10-05T17:28:09.933+0000] {dag.py:3441} INFO - Setting next_dagrun for example_time_delta_sensor_async to None, run_after=None
[2025-10-05T17:28:09.976+0000] {processor.py:175} INFO - Processing /home/airflow/.local/lib/python3.7/site-packages/airflow/example_dags/example_time_delta_sensor_async.py took 0.203 seconds
[2025-10-05T17:28:40.353+0000] {processor.py:153} INFO - Started process (PID=1862) to work on /home/airflow/.local/lib/python3.7/site-packages/airflow/example_dags/example_time_delta_sensor_async.py
[2025-10-05T17:28:40.355+0000] {processor.py:743} INFO - Processing file /home/airflow/.local/lib/python3.7/site-packages/airflow/example_dags/example_time_delta_sensor_async.py for tasks to queue
[2025-10-05T17:28:40.356+0000] {logging_mixin.py:137} INFO - [2025-10-05T17:28:40.356+0000] {dagbag.py:538} INFO - Filling up the DagBag from /home/airflow/.local/lib/python3.7/site-packages/airflow/example_dags/example_time_delta_sensor_async.py
[2025-10-05T17:28:40.371+0000] {processor.py:753} INFO - DAG(s) dict_keys(['example_time_delta_sensor_async']) retrieved from /home/airflow/.local/lib/python3.7/site-packages/airflow/example_dags/example_time_delta_sensor_async.py
[2025-10-05T17:28:40.405+0000] {logging_mixin.py:137} INFO - [2025-10-05T17:28:40.405+0000] {dag.py:2690} INFO - Sync 1 DAGs
[2025-10-05T17:28:40.432+0000] {logging_mixin.py:137} INFO - [2025-10-05T17:28:40.431+0000] {dag.py:3441} INFO - Setting next_dagrun for example_time_delta_sensor_async to None, run_after=None
[2025-10-05T17:28:40.457+0000] {processor.py:175} INFO - Processing /home/airflow/.local/lib/python3.7/site-packages/airflow/example_dags/example_time_delta_sensor_async.py took 0.108 seconds
[2025-10-05T17:29:11.369+0000] {processor.py:153} INFO - Started process (PID=1975) to work on /home/airflow/.local/lib/python3.7/site-packages/airflow/example_dags/example_time_delta_sensor_async.py
[2025-10-05T17:29:11.371+0000] {processor.py:743} INFO - Processing file /home/airflow/.local/lib/python3.7/site-packages/airflow/example_dags/example_time_delta_sensor_async.py for tasks to queue
[2025-10-05T17:29:11.372+0000] {logging_mixin.py:137} INFO - [2025-10-05T17:29:11.372+0000] {dagbag.py:538} INFO - Filling up the DagBag from /home/airflow/.local/lib/python3.7/site-packages/airflow/example_dags/example_time_delta_sensor_async.py
[2025-10-05T17:29:11.387+0000] {processor.py:753} INFO - DAG(s) dict_keys(['example_time_delta_sensor_async']) retrieved from /home/airflow/.local/lib/python3.7/site-packages/airflow/example_dags/example_time_delta_sensor_async.py
[2025-10-05T17:29:11.422+0000] {logging_mixin.py:137} INFO - [2025-10-05T17:29:11.422+0000] {dag.py:2690} INFO - Sync 1 DAGs
[2025-10-05T17:29:11.451+0000] {logging_mixin.py:137} INFO - [2025-10-05T17:29:11.451+0000] {dag.py:3441} INFO - Setting next_dagrun for example_time_delta_sensor_async to None, run_after=None
[2025-10-05T17:29:11.486+0000] {processor.py:175} INFO - Processing /home/airflow/.local/lib/python3.7/site-packages/airflow/example_dags/example_time_delta_sensor_async.py took 0.122 seconds
[2025-10-05T17:29:42.252+0000] {processor.py:153} INFO - Started process (PID=2064) to work on /home/airflow/.local/lib/python3.7/site-packages/airflow/example_dags/example_time_delta_sensor_async.py
[2025-10-05T17:29:42.254+0000] {processor.py:743} INFO - Processing file /home/airflow/.local/lib/python3.7/site-packages/airflow/example_dags/example_time_delta_sensor_async.py for tasks to queue
[2025-10-05T17:29:42.255+0000] {logging_mixin.py:137} INFO - [2025-10-05T17:29:42.255+0000] {dagbag.py:538} INFO - Filling up the DagBag from /home/airflow/.local/lib/python3.7/site-packages/airflow/example_dags/example_time_delta_sensor_async.py
[2025-10-05T17:29:42.268+0000] {processor.py:753} INFO - DAG(s) dict_keys(['example_time_delta_sensor_async']) retrieved from /home/airflow/.local/lib/python3.7/site-packages/airflow/example_dags/example_time_delta_sensor_async.py
[2025-10-05T17:29:42.299+0000] {logging_mixin.py:137} INFO - [2025-10-05T17:29:42.299+0000] {dag.py:2690} INFO - Sync 1 DAGs
[2025-10-05T17:29:42.325+0000] {logging_mixin.py:137} INFO - [2025-10-05T17:29:42.325+0000] {dag.py:3441} INFO - Setting next_dagrun for example_time_delta_sensor_async to None, run_after=None
[2025-10-05T17:29:42.348+0000] {processor.py:175} INFO - Processing /home/airflow/.local/lib/python3.7/site-packages/airflow/example_dags/example_time_delta_sensor_async.py took 0.099 seconds
[2025-10-05T17:30:12.655+0000] {processor.py:153} INFO - Started process (PID=2178) to work on /home/airflow/.local/lib/python3.7/site-packages/airflow/example_dags/example_time_delta_sensor_async.py
[2025-10-05T17:30:12.657+0000] {processor.py:743} INFO - Processing file /home/airflow/.local/lib/python3.7/site-packages/airflow/example_dags/example_time_delta_sensor_async.py for tasks to queue
[2025-10-05T17:30:12.659+0000] {logging_mixin.py:137} INFO - [2025-10-05T17:30:12.659+0000] {dagbag.py:538} INFO - Filling up the DagBag from /home/airflow/.local/lib/python3.7/site-packages/airflow/example_dags/example_time_delta_sensor_async.py
[2025-10-05T17:30:12.678+0000] {processor.py:753} INFO - DAG(s) dict_keys(['example_time_delta_sensor_async']) retrieved from /home/airflow/.local/lib/python3.7/site-packages/airflow/example_dags/example_time_delta_sensor_async.py
[2025-10-05T17:30:12.718+0000] {logging_mixin.py:137} INFO - [2025-10-05T17:30:12.718+0000] {dag.py:2690} INFO - Sync 1 DAGs
[2025-10-05T17:30:12.750+0000] {logging_mixin.py:137} INFO - [2025-10-05T17:30:12.750+0000] {dag.py:3441} INFO - Setting next_dagrun for example_time_delta_sensor_async to None, run_after=None
[2025-10-05T17:30:12.783+0000] {processor.py:175} INFO - Processing /home/airflow/.local/lib/python3.7/site-packages/airflow/example_dags/example_time_delta_sensor_async.py took 0.134 seconds
[2025-10-05T17:30:43.170+0000] {processor.py:153} INFO - Started process (PID=2268) to work on /home/airflow/.local/lib/python3.7/site-packages/airflow/example_dags/example_time_delta_sensor_async.py
[2025-10-05T17:30:43.172+0000] {processor.py:743} INFO - Processing file /home/airflow/.local/lib/python3.7/site-packages/airflow/example_dags/example_time_delta_sensor_async.py for tasks to queue
[2025-10-05T17:30:43.173+0000] {logging_mixin.py:137} INFO - [2025-10-05T17:30:43.172+0000] {dagbag.py:538} INFO - Filling up the DagBag from /home/airflow/.local/lib/python3.7/site-packages/airflow/example_dags/example_time_delta_sensor_async.py
[2025-10-05T17:30:43.187+0000] {processor.py:753} INFO - DAG(s) dict_keys(['example_time_delta_sensor_async']) retrieved from /home/airflow/.local/lib/python3.7/site-packages/airflow/example_dags/example_time_delta_sensor_async.py
[2025-10-05T17:30:43.219+0000] {logging_mixin.py:137} INFO - [2025-10-05T17:30:43.219+0000] {dag.py:2690} INFO - Sync 1 DAGs
[2025-10-05T17:30:43.245+0000] {logging_mixin.py:137} INFO - [2025-10-05T17:30:43.245+0000] {dag.py:3441} INFO - Setting next_dagrun for example_time_delta_sensor_async to None, run_after=None
[2025-10-05T17:30:43.276+0000] {processor.py:175} INFO - Processing /home/airflow/.local/lib/python3.7/site-packages/airflow/example_dags/example_time_delta_sensor_async.py took 0.110 seconds
[2025-10-05T17:31:14.193+0000] {processor.py:153} INFO - Started process (PID=2367) to work on /home/airflow/.local/lib/python3.7/site-packages/airflow/example_dags/example_time_delta_sensor_async.py
[2025-10-05T17:31:14.195+0000] {processor.py:743} INFO - Processing file /home/airflow/.local/lib/python3.7/site-packages/airflow/example_dags/example_time_delta_sensor_async.py for tasks to queue
[2025-10-05T17:31:14.196+0000] {logging_mixin.py:137} INFO - [2025-10-05T17:31:14.196+0000] {dagbag.py:538} INFO - Filling up the DagBag from /home/airflow/.local/lib/python3.7/site-packages/airflow/example_dags/example_time_delta_sensor_async.py
[2025-10-05T17:31:14.217+0000] {processor.py:753} INFO - DAG(s) dict_keys(['example_time_delta_sensor_async']) retrieved from /home/airflow/.local/lib/python3.7/site-packages/airflow/example_dags/example_time_delta_sensor_async.py
[2025-10-05T17:31:14.261+0000] {logging_mixin.py:137} INFO - [2025-10-05T17:31:14.260+0000] {dag.py:2690} INFO - Sync 1 DAGs
[2025-10-05T17:31:14.296+0000] {logging_mixin.py:137} INFO - [2025-10-05T17:31:14.295+0000] {dag.py:3441} INFO - Setting next_dagrun for example_time_delta_sensor_async to None, run_after=None
[2025-10-05T17:31:14.328+0000] {processor.py:175} INFO - Processing /home/airflow/.local/lib/python3.7/site-packages/airflow/example_dags/example_time_delta_sensor_async.py took 0.139 seconds
[2025-10-05T17:31:44.463+0000] {processor.py:153} INFO - Started process (PID=2471) to work on /home/airflow/.local/lib/python3.7/site-packages/airflow/example_dags/example_time_delta_sensor_async.py
[2025-10-05T17:31:44.465+0000] {processor.py:743} INFO - Processing file /home/airflow/.local/lib/python3.7/site-packages/airflow/example_dags/example_time_delta_sensor_async.py for tasks to queue
[2025-10-05T17:31:44.466+0000] {logging_mixin.py:137} INFO - [2025-10-05T17:31:44.466+0000] {dagbag.py:538} INFO - Filling up the DagBag from /home/airflow/.local/lib/python3.7/site-packages/airflow/example_dags/example_time_delta_sensor_async.py
[2025-10-05T17:31:44.479+0000] {processor.py:753} INFO - DAG(s) dict_keys(['example_time_delta_sensor_async']) retrieved from /home/airflow/.local/lib/python3.7/site-packages/airflow/example_dags/example_time_delta_sensor_async.py
[2025-10-05T17:31:44.511+0000] {logging_mixin.py:137} INFO - [2025-10-05T17:31:44.510+0000] {dag.py:2690} INFO - Sync 1 DAGs
[2025-10-05T17:31:44.539+0000] {logging_mixin.py:137} INFO - [2025-10-05T17:31:44.539+0000] {dag.py:3441} INFO - Setting next_dagrun for example_time_delta_sensor_async to None, run_after=None
[2025-10-05T17:31:44.564+0000] {processor.py:175} INFO - Processing /home/airflow/.local/lib/python3.7/site-packages/airflow/example_dags/example_time_delta_sensor_async.py took 0.104 seconds
[2025-10-05T17:32:15.025+0000] {processor.py:153} INFO - Started process (PID=2560) to work on /home/airflow/.local/lib/python3.7/site-packages/airflow/example_dags/example_time_delta_sensor_async.py
[2025-10-05T17:32:15.026+0000] {processor.py:743} INFO - Processing file /home/airflow/.local/lib/python3.7/site-packages/airflow/example_dags/example_time_delta_sensor_async.py for tasks to queue
[2025-10-05T17:32:15.028+0000] {logging_mixin.py:137} INFO - [2025-10-05T17:32:15.028+0000] {dagbag.py:538} INFO - Filling up the DagBag from /home/airflow/.local/lib/python3.7/site-packages/airflow/example_dags/example_time_delta_sensor_async.py
[2025-10-05T17:32:15.042+0000] {processor.py:753} INFO - DAG(s) dict_keys(['example_time_delta_sensor_async']) retrieved from /home/airflow/.local/lib/python3.7/site-packages/airflow/example_dags/example_time_delta_sensor_async.py
[2025-10-05T17:32:15.073+0000] {logging_mixin.py:137} INFO - [2025-10-05T17:32:15.073+0000] {dag.py:2690} INFO - Sync 1 DAGs
[2025-10-05T17:32:15.100+0000] {logging_mixin.py:137} INFO - [2025-10-05T17:32:15.100+0000] {dag.py:3441} INFO - Setting next_dagrun for example_time_delta_sensor_async to None, run_after=None
[2025-10-05T17:32:15.123+0000] {processor.py:175} INFO - Processing /home/airflow/.local/lib/python3.7/site-packages/airflow/example_dags/example_time_delta_sensor_async.py took 0.103 seconds
[2025-10-05T17:32:45.987+0000] {processor.py:153} INFO - Started process (PID=2673) to work on /home/airflow/.local/lib/python3.7/site-packages/airflow/example_dags/example_time_delta_sensor_async.py
[2025-10-05T17:32:45.989+0000] {processor.py:743} INFO - Processing file /home/airflow/.local/lib/python3.7/site-packages/airflow/example_dags/example_time_delta_sensor_async.py for tasks to queue
[2025-10-05T17:32:45.990+0000] {logging_mixin.py:137} INFO - [2025-10-05T17:32:45.990+0000] {dagbag.py:538} INFO - Filling up the DagBag from /home/airflow/.local/lib/python3.7/site-packages/airflow/example_dags/example_time_delta_sensor_async.py
[2025-10-05T17:32:46.005+0000] {processor.py:753} INFO - DAG(s) dict_keys(['example_time_delta_sensor_async']) retrieved from /home/airflow/.local/lib/python3.7/site-packages/airflow/example_dags/example_time_delta_sensor_async.py
[2025-10-05T17:32:46.034+0000] {logging_mixin.py:137} INFO - [2025-10-05T17:32:46.034+0000] {dag.py:2690} INFO - Sync 1 DAGs
[2025-10-05T17:32:46.060+0000] {logging_mixin.py:137} INFO - [2025-10-05T17:32:46.060+0000] {dag.py:3441} INFO - Setting next_dagrun for example_time_delta_sensor_async to None, run_after=None
[2025-10-05T17:32:46.083+0000] {processor.py:175} INFO - Processing /home/airflow/.local/lib/python3.7/site-packages/airflow/example_dags/example_time_delta_sensor_async.py took 0.100 seconds
[2025-10-05T17:33:16.591+0000] {processor.py:153} INFO - Started process (PID=2762) to work on /home/airflow/.local/lib/python3.7/site-packages/airflow/example_dags/example_time_delta_sensor_async.py
[2025-10-05T17:33:16.593+0000] {processor.py:743} INFO - Processing file /home/airflow/.local/lib/python3.7/site-packages/airflow/example_dags/example_time_delta_sensor_async.py for tasks to queue
[2025-10-05T17:33:16.595+0000] {logging_mixin.py:137} INFO - [2025-10-05T17:33:16.595+0000] {dagbag.py:538} INFO - Filling up the DagBag from /home/airflow/.local/lib/python3.7/site-packages/airflow/example_dags/example_time_delta_sensor_async.py
[2025-10-05T17:33:16.612+0000] {processor.py:753} INFO - DAG(s) dict_keys(['example_time_delta_sensor_async']) retrieved from /home/airflow/.local/lib/python3.7/site-packages/airflow/example_dags/example_time_delta_sensor_async.py
[2025-10-05T17:33:16.653+0000] {logging_mixin.py:137} INFO - [2025-10-05T17:33:16.653+0000] {dag.py:2690} INFO - Sync 1 DAGs
[2025-10-05T17:33:16.685+0000] {logging_mixin.py:137} INFO - [2025-10-05T17:33:16.684+0000] {dag.py:3441} INFO - Setting next_dagrun for example_time_delta_sensor_async to None, run_after=None
[2025-10-05T17:33:16.716+0000] {processor.py:175} INFO - Processing /home/airflow/.local/lib/python3.7/site-packages/airflow/example_dags/example_time_delta_sensor_async.py took 0.129 seconds
[2025-10-05T17:33:47.128+0000] {processor.py:153} INFO - Started process (PID=2857) to work on /home/airflow/.local/lib/python3.7/site-packages/airflow/example_dags/example_time_delta_sensor_async.py
[2025-10-05T17:33:47.129+0000] {processor.py:743} INFO - Processing file /home/airflow/.local/lib/python3.7/site-packages/airflow/example_dags/example_time_delta_sensor_async.py for tasks to queue
[2025-10-05T17:33:47.131+0000] {logging_mixin.py:137} INFO - [2025-10-05T17:33:47.131+0000] {dagbag.py:538} INFO - Filling up the DagBag from /home/airflow/.local/lib/python3.7/site-packages/airflow/example_dags/example_time_delta_sensor_async.py
[2025-10-05T17:33:47.145+0000] {processor.py:753} INFO - DAG(s) dict_keys(['example_time_delta_sensor_async']) retrieved from /home/airflow/.local/lib/python3.7/site-packages/airflow/example_dags/example_time_delta_sensor_async.py
[2025-10-05T17:33:47.179+0000] {logging_mixin.py:137} INFO - [2025-10-05T17:33:47.179+0000] {dag.py:2690} INFO - Sync 1 DAGs
[2025-10-05T17:33:47.210+0000] {logging_mixin.py:137} INFO - [2025-10-05T17:33:47.210+0000] {dag.py:3441} INFO - Setting next_dagrun for example_time_delta_sensor_async to None, run_after=None
[2025-10-05T17:33:47.236+0000] {processor.py:175} INFO - Processing /home/airflow/.local/lib/python3.7/site-packages/airflow/example_dags/example_time_delta_sensor_async.py took 0.113 seconds
[2025-10-05T17:34:17.533+0000] {processor.py:153} INFO - Started process (PID=2963) to work on /home/airflow/.local/lib/python3.7/site-packages/airflow/example_dags/example_time_delta_sensor_async.py
[2025-10-05T17:34:17.534+0000] {processor.py:743} INFO - Processing file /home/airflow/.local/lib/python3.7/site-packages/airflow/example_dags/example_time_delta_sensor_async.py for tasks to queue
[2025-10-05T17:34:17.535+0000] {logging_mixin.py:137} INFO - [2025-10-05T17:34:17.535+0000] {dagbag.py:538} INFO - Filling up the DagBag from /home/airflow/.local/lib/python3.7/site-packages/airflow/example_dags/example_time_delta_sensor_async.py
[2025-10-05T17:34:17.550+0000] {processor.py:753} INFO - DAG(s) dict_keys(['example_time_delta_sensor_async']) retrieved from /home/airflow/.local/lib/python3.7/site-packages/airflow/example_dags/example_time_delta_sensor_async.py
[2025-10-05T17:34:17.583+0000] {logging_mixin.py:137} INFO - [2025-10-05T17:34:17.583+0000] {dag.py:2690} INFO - Sync 1 DAGs
[2025-10-05T17:34:17.610+0000] {logging_mixin.py:137} INFO - [2025-10-05T17:34:17.610+0000] {dag.py:3441} INFO - Setting next_dagrun for example_time_delta_sensor_async to None, run_after=None
[2025-10-05T17:34:17.634+0000] {processor.py:175} INFO - Processing /home/airflow/.local/lib/python3.7/site-packages/airflow/example_dags/example_time_delta_sensor_async.py took 0.106 seconds
[2025-10-05T17:34:48.127+0000] {processor.py:153} INFO - Started process (PID=3052) to work on /home/airflow/.local/lib/python3.7/site-packages/airflow/example_dags/example_time_delta_sensor_async.py
[2025-10-05T17:34:48.129+0000] {processor.py:743} INFO - Processing file /home/airflow/.local/lib/python3.7/site-packages/airflow/example_dags/example_time_delta_sensor_async.py for tasks to queue
[2025-10-05T17:34:48.131+0000] {logging_mixin.py:137} INFO - [2025-10-05T17:34:48.131+0000] {dagbag.py:538} INFO - Filling up the DagBag from /home/airflow/.local/lib/python3.7/site-packages/airflow/example_dags/example_time_delta_sensor_async.py
[2025-10-05T17:34:48.160+0000] {processor.py:753} INFO - DAG(s) dict_keys(['example_time_delta_sensor_async']) retrieved from /home/airflow/.local/lib/python3.7/site-packages/airflow/example_dags/example_time_delta_sensor_async.py
[2025-10-05T17:34:48.249+0000] {logging_mixin.py:137} INFO - [2025-10-05T17:34:48.249+0000] {dag.py:2690} INFO - Sync 1 DAGs
[2025-10-05T17:34:48.314+0000] {logging_mixin.py:137} INFO - [2025-10-05T17:34:48.314+0000] {dag.py:3441} INFO - Setting next_dagrun for example_time_delta_sensor_async to None, run_after=None
[2025-10-05T17:34:48.355+0000] {processor.py:175} INFO - Processing /home/airflow/.local/lib/python3.7/site-packages/airflow/example_dags/example_time_delta_sensor_async.py took 0.235 seconds
[2025-10-05T17:35:18.733+0000] {processor.py:153} INFO - Started process (PID=3150) to work on /home/airflow/.local/lib/python3.7/site-packages/airflow/example_dags/example_time_delta_sensor_async.py
[2025-10-05T17:35:18.736+0000] {processor.py:743} INFO - Processing file /home/airflow/.local/lib/python3.7/site-packages/airflow/example_dags/example_time_delta_sensor_async.py for tasks to queue
[2025-10-05T17:35:18.739+0000] {logging_mixin.py:137} INFO - [2025-10-05T17:35:18.738+0000] {dagbag.py:538} INFO - Filling up the DagBag from /home/airflow/.local/lib/python3.7/site-packages/airflow/example_dags/example_time_delta_sensor_async.py
[2025-10-05T17:35:18.797+0000] {processor.py:753} INFO - DAG(s) dict_keys(['example_time_delta_sensor_async']) retrieved from /home/airflow/.local/lib/python3.7/site-packages/airflow/example_dags/example_time_delta_sensor_async.py
[2025-10-05T17:35:18.842+0000] {logging_mixin.py:137} INFO - [2025-10-05T17:35:18.842+0000] {dag.py:2690} INFO - Sync 1 DAGs
[2025-10-05T17:35:18.882+0000] {logging_mixin.py:137} INFO - [2025-10-05T17:35:18.882+0000] {dag.py:3441} INFO - Setting next_dagrun for example_time_delta_sensor_async to None, run_after=None
[2025-10-05T17:35:18.917+0000] {processor.py:175} INFO - Processing /home/airflow/.local/lib/python3.7/site-packages/airflow/example_dags/example_time_delta_sensor_async.py took 0.196 seconds
[2025-10-05T17:35:49.295+0000] {processor.py:153} INFO - Started process (PID=3254) to work on /home/airflow/.local/lib/python3.7/site-packages/airflow/example_dags/example_time_delta_sensor_async.py
[2025-10-05T17:35:49.297+0000] {processor.py:743} INFO - Processing file /home/airflow/.local/lib/python3.7/site-packages/airflow/example_dags/example_time_delta_sensor_async.py for tasks to queue
[2025-10-05T17:35:49.299+0000] {logging_mixin.py:137} INFO - [2025-10-05T17:35:49.299+0000] {dagbag.py:538} INFO - Filling up the DagBag from /home/airflow/.local/lib/python3.7/site-packages/airflow/example_dags/example_time_delta_sensor_async.py
[2025-10-05T17:35:49.323+0000] {processor.py:753} INFO - DAG(s) dict_keys(['example_time_delta_sensor_async']) retrieved from /home/airflow/.local/lib/python3.7/site-packages/airflow/example_dags/example_time_delta_sensor_async.py
[2025-10-05T17:35:49.368+0000] {logging_mixin.py:137} INFO - [2025-10-05T17:35:49.367+0000] {dag.py:2690} INFO - Sync 1 DAGs
[2025-10-05T17:35:49.409+0000] {logging_mixin.py:137} INFO - [2025-10-05T17:35:49.409+0000] {dag.py:3441} INFO - Setting next_dagrun for example_time_delta_sensor_async to None, run_after=None
[2025-10-05T17:35:49.440+0000] {processor.py:175} INFO - Processing /home/airflow/.local/lib/python3.7/site-packages/airflow/example_dags/example_time_delta_sensor_async.py took 0.152 seconds
[2025-10-05T17:36:20.025+0000] {processor.py:153} INFO - Started process (PID=3343) to work on /home/airflow/.local/lib/python3.7/site-packages/airflow/example_dags/example_time_delta_sensor_async.py
[2025-10-05T17:36:20.027+0000] {processor.py:743} INFO - Processing file /home/airflow/.local/lib/python3.7/site-packages/airflow/example_dags/example_time_delta_sensor_async.py for tasks to queue
[2025-10-05T17:36:20.028+0000] {logging_mixin.py:137} INFO - [2025-10-05T17:36:20.028+0000] {dagbag.py:538} INFO - Filling up the DagBag from /home/airflow/.local/lib/python3.7/site-packages/airflow/example_dags/example_time_delta_sensor_async.py
[2025-10-05T17:36:20.044+0000] {processor.py:753} INFO - DAG(s) dict_keys(['example_time_delta_sensor_async']) retrieved from /home/airflow/.local/lib/python3.7/site-packages/airflow/example_dags/example_time_delta_sensor_async.py
[2025-10-05T17:36:20.077+0000] {logging_mixin.py:137} INFO - [2025-10-05T17:36:20.077+0000] {dag.py:2690} INFO - Sync 1 DAGs
[2025-10-05T17:36:20.106+0000] {logging_mixin.py:137} INFO - [2025-10-05T17:36:20.105+0000] {dag.py:3441} INFO - Setting next_dagrun for example_time_delta_sensor_async to None, run_after=None
[2025-10-05T17:36:20.134+0000] {processor.py:175} INFO - Processing /home/airflow/.local/lib/python3.7/site-packages/airflow/example_dags/example_time_delta_sensor_async.py took 0.116 seconds
[2025-10-05T17:36:51.033+0000] {processor.py:153} INFO - Started process (PID=3457) to work on /home/airflow/.local/lib/python3.7/site-packages/airflow/example_dags/example_time_delta_sensor_async.py
[2025-10-05T17:36:51.034+0000] {processor.py:743} INFO - Processing file /home/airflow/.local/lib/python3.7/site-packages/airflow/example_dags/example_time_delta_sensor_async.py for tasks to queue
[2025-10-05T17:36:51.035+0000] {logging_mixin.py:137} INFO - [2025-10-05T17:36:51.035+0000] {dagbag.py:538} INFO - Filling up the DagBag from /home/airflow/.local/lib/python3.7/site-packages/airflow/example_dags/example_time_delta_sensor_async.py
[2025-10-05T17:36:51.049+0000] {processor.py:753} INFO - DAG(s) dict_keys(['example_time_delta_sensor_async']) retrieved from /home/airflow/.local/lib/python3.7/site-packages/airflow/example_dags/example_time_delta_sensor_async.py
[2025-10-05T17:36:51.081+0000] {logging_mixin.py:137} INFO - [2025-10-05T17:36:51.081+0000] {dag.py:2690} INFO - Sync 1 DAGs
[2025-10-05T17:36:51.111+0000] {logging_mixin.py:137} INFO - [2025-10-05T17:36:51.111+0000] {dag.py:3441} INFO - Setting next_dagrun for example_time_delta_sensor_async to None, run_after=None
[2025-10-05T17:36:51.138+0000] {processor.py:175} INFO - Processing /home/airflow/.local/lib/python3.7/site-packages/airflow/example_dags/example_time_delta_sensor_async.py took 0.110 seconds
