[2025-10-05T17:19:26.776+0000] {processor.py:153} INFO - Started process (PID=93) to work on /home/airflow/.local/lib/python3.7/site-packages/airflow/example_dags/tutorial_taskflow_api.py
[2025-10-05T17:19:26.778+0000] {processor.py:743} INFO - Processing file /home/airflow/.local/lib/python3.7/site-packages/airflow/example_dags/tutorial_taskflow_api.py for tasks to queue
[2025-10-05T17:19:26.780+0000] {logging_mixin.py:137} INFO - [2025-10-05T17:19:26.779+0000] {dagbag.py:538} INFO - Filling up the DagBag from /home/airflow/.local/lib/python3.7/site-packages/airflow/example_dags/tutorial_taskflow_api.py
[2025-10-05T17:19:26.815+0000] {processor.py:753} INFO - DAG(s) dict_keys(['tutorial_taskflow_api']) retrieved from /home/airflow/.local/lib/python3.7/site-packages/airflow/example_dags/tutorial_taskflow_api.py
[2025-10-05T17:19:26.852+0000] {logging_mixin.py:137} INFO - [2025-10-05T17:19:26.852+0000] {dag.py:2690} INFO - Sync 1 DAGs
[2025-10-05T17:19:26.893+0000] {logging_mixin.py:137} INFO - [2025-10-05T17:19:26.893+0000] {dag.py:3441} INFO - Setting next_dagrun for tutorial_taskflow_api to None, run_after=None
[2025-10-05T17:19:26.923+0000] {processor.py:175} INFO - Processing /home/airflow/.local/lib/python3.7/site-packages/airflow/example_dags/tutorial_taskflow_api.py took 0.156 seconds
[2025-10-05T17:19:57.564+0000] {processor.py:153} INFO - Started process (PID=182) to work on /home/airflow/.local/lib/python3.7/site-packages/airflow/example_dags/tutorial_taskflow_api.py
[2025-10-05T17:19:57.566+0000] {processor.py:743} INFO - Processing file /home/airflow/.local/lib/python3.7/site-packages/airflow/example_dags/tutorial_taskflow_api.py for tasks to queue
[2025-10-05T17:19:57.567+0000] {logging_mixin.py:137} INFO - [2025-10-05T17:19:57.567+0000] {dagbag.py:538} INFO - Filling up the DagBag from /home/airflow/.local/lib/python3.7/site-packages/airflow/example_dags/tutorial_taskflow_api.py
[2025-10-05T17:19:57.605+0000] {processor.py:753} INFO - DAG(s) dict_keys(['tutorial_taskflow_api']) retrieved from /home/airflow/.local/lib/python3.7/site-packages/airflow/example_dags/tutorial_taskflow_api.py
[2025-10-05T17:19:57.644+0000] {logging_mixin.py:137} INFO - [2025-10-05T17:19:57.644+0000] {dag.py:2690} INFO - Sync 1 DAGs
[2025-10-05T17:19:57.677+0000] {logging_mixin.py:137} INFO - [2025-10-05T17:19:57.677+0000] {dag.py:3441} INFO - Setting next_dagrun for tutorial_taskflow_api to None, run_after=None
[2025-10-05T17:19:57.704+0000] {processor.py:175} INFO - Processing /home/airflow/.local/lib/python3.7/site-packages/airflow/example_dags/tutorial_taskflow_api.py took 0.150 seconds
[2025-10-05T17:20:28.296+0000] {processor.py:153} INFO - Started process (PID=295) to work on /home/airflow/.local/lib/python3.7/site-packages/airflow/example_dags/tutorial_taskflow_api.py
[2025-10-05T17:20:28.298+0000] {processor.py:743} INFO - Processing file /home/airflow/.local/lib/python3.7/site-packages/airflow/example_dags/tutorial_taskflow_api.py for tasks to queue
[2025-10-05T17:20:28.299+0000] {logging_mixin.py:137} INFO - [2025-10-05T17:20:28.299+0000] {dagbag.py:538} INFO - Filling up the DagBag from /home/airflow/.local/lib/python3.7/site-packages/airflow/example_dags/tutorial_taskflow_api.py
[2025-10-05T17:20:28.324+0000] {processor.py:753} INFO - DAG(s) dict_keys(['tutorial_taskflow_api']) retrieved from /home/airflow/.local/lib/python3.7/site-packages/airflow/example_dags/tutorial_taskflow_api.py
[2025-10-05T17:20:28.358+0000] {logging_mixin.py:137} INFO - [2025-10-05T17:20:28.358+0000] {dag.py:2690} INFO - Sync 1 DAGs
[2025-10-05T17:20:28.390+0000] {logging_mixin.py:137} INFO - [2025-10-05T17:20:28.390+0000] {dag.py:3441} INFO - Setting next_dagrun for tutorial_taskflow_api to None, run_after=None
[2025-10-05T17:20:28.417+0000] {processor.py:175} INFO - Processing /home/airflow/.local/lib/python3.7/site-packages/airflow/example_dags/tutorial_taskflow_api.py took 0.125 seconds
[2025-10-05T17:20:59.211+0000] {processor.py:153} INFO - Started process (PID=384) to work on /home/airflow/.local/lib/python3.7/site-packages/airflow/example_dags/tutorial_taskflow_api.py
[2025-10-05T17:20:59.213+0000] {processor.py:743} INFO - Processing file /home/airflow/.local/lib/python3.7/site-packages/airflow/example_dags/tutorial_taskflow_api.py for tasks to queue
[2025-10-05T17:20:59.214+0000] {logging_mixin.py:137} INFO - [2025-10-05T17:20:59.214+0000] {dagbag.py:538} INFO - Filling up the DagBag from /home/airflow/.local/lib/python3.7/site-packages/airflow/example_dags/tutorial_taskflow_api.py
[2025-10-05T17:20:59.242+0000] {processor.py:753} INFO - DAG(s) dict_keys(['tutorial_taskflow_api']) retrieved from /home/airflow/.local/lib/python3.7/site-packages/airflow/example_dags/tutorial_taskflow_api.py
[2025-10-05T17:20:59.278+0000] {logging_mixin.py:137} INFO - [2025-10-05T17:20:59.278+0000] {dag.py:2690} INFO - Sync 1 DAGs
[2025-10-05T17:20:59.309+0000] {logging_mixin.py:137} INFO - [2025-10-05T17:20:59.309+0000] {dag.py:3441} INFO - Setting next_dagrun for tutorial_taskflow_api to None, run_after=None
[2025-10-05T17:20:59.338+0000] {processor.py:175} INFO - Processing /home/airflow/.local/lib/python3.7/site-packages/airflow/example_dags/tutorial_taskflow_api.py took 0.132 seconds
[2025-10-05T17:21:30.618+0000] {processor.py:153} INFO - Started process (PID=497) to work on /home/airflow/.local/lib/python3.7/site-packages/airflow/example_dags/tutorial_taskflow_api.py
[2025-10-05T17:21:30.619+0000] {processor.py:743} INFO - Processing file /home/airflow/.local/lib/python3.7/site-packages/airflow/example_dags/tutorial_taskflow_api.py for tasks to queue
[2025-10-05T17:21:30.620+0000] {logging_mixin.py:137} INFO - [2025-10-05T17:21:30.620+0000] {dagbag.py:538} INFO - Filling up the DagBag from /home/airflow/.local/lib/python3.7/site-packages/airflow/example_dags/tutorial_taskflow_api.py
[2025-10-05T17:21:30.646+0000] {processor.py:753} INFO - DAG(s) dict_keys(['tutorial_taskflow_api']) retrieved from /home/airflow/.local/lib/python3.7/site-packages/airflow/example_dags/tutorial_taskflow_api.py
[2025-10-05T17:21:30.685+0000] {logging_mixin.py:137} INFO - [2025-10-05T17:21:30.684+0000] {dag.py:2690} INFO - Sync 1 DAGs
[2025-10-05T17:21:30.717+0000] {logging_mixin.py:137} INFO - [2025-10-05T17:21:30.717+0000] {dag.py:3441} INFO - Setting next_dagrun for tutorial_taskflow_api to None, run_after=None
[2025-10-05T17:21:30.747+0000] {processor.py:175} INFO - Processing /home/airflow/.local/lib/python3.7/site-packages/airflow/example_dags/tutorial_taskflow_api.py took 0.135 seconds
[2025-10-05T17:22:01.006+0000] {processor.py:153} INFO - Started process (PID=586) to work on /home/airflow/.local/lib/python3.7/site-packages/airflow/example_dags/tutorial_taskflow_api.py
[2025-10-05T17:22:01.007+0000] {processor.py:743} INFO - Processing file /home/airflow/.local/lib/python3.7/site-packages/airflow/example_dags/tutorial_taskflow_api.py for tasks to queue
[2025-10-05T17:22:01.008+0000] {logging_mixin.py:137} INFO - [2025-10-05T17:22:01.008+0000] {dagbag.py:538} INFO - Filling up the DagBag from /home/airflow/.local/lib/python3.7/site-packages/airflow/example_dags/tutorial_taskflow_api.py
[2025-10-05T17:22:01.036+0000] {processor.py:753} INFO - DAG(s) dict_keys(['tutorial_taskflow_api']) retrieved from /home/airflow/.local/lib/python3.7/site-packages/airflow/example_dags/tutorial_taskflow_api.py
[2025-10-05T17:22:01.074+0000] {logging_mixin.py:137} INFO - [2025-10-05T17:22:01.073+0000] {dag.py:2690} INFO - Sync 1 DAGs
[2025-10-05T17:22:01.105+0000] {logging_mixin.py:137} INFO - [2025-10-05T17:22:01.105+0000] {dag.py:3441} INFO - Setting next_dagrun for tutorial_taskflow_api to None, run_after=None
[2025-10-05T17:22:01.133+0000] {processor.py:175} INFO - Processing /home/airflow/.local/lib/python3.7/site-packages/airflow/example_dags/tutorial_taskflow_api.py took 0.132 seconds
[2025-10-05T17:22:31.450+0000] {processor.py:153} INFO - Started process (PID=675) to work on /home/airflow/.local/lib/python3.7/site-packages/airflow/example_dags/tutorial_taskflow_api.py
[2025-10-05T17:22:31.451+0000] {processor.py:743} INFO - Processing file /home/airflow/.local/lib/python3.7/site-packages/airflow/example_dags/tutorial_taskflow_api.py for tasks to queue
[2025-10-05T17:22:31.452+0000] {logging_mixin.py:137} INFO - [2025-10-05T17:22:31.452+0000] {dagbag.py:538} INFO - Filling up the DagBag from /home/airflow/.local/lib/python3.7/site-packages/airflow/example_dags/tutorial_taskflow_api.py
[2025-10-05T17:22:31.480+0000] {processor.py:753} INFO - DAG(s) dict_keys(['tutorial_taskflow_api']) retrieved from /home/airflow/.local/lib/python3.7/site-packages/airflow/example_dags/tutorial_taskflow_api.py
[2025-10-05T17:22:31.513+0000] {logging_mixin.py:137} INFO - [2025-10-05T17:22:31.513+0000] {dag.py:2690} INFO - Sync 1 DAGs
[2025-10-05T17:22:31.541+0000] {logging_mixin.py:137} INFO - [2025-10-05T17:22:31.541+0000] {dag.py:3441} INFO - Setting next_dagrun for tutorial_taskflow_api to None, run_after=None
[2025-10-05T17:22:31.567+0000] {processor.py:175} INFO - Processing /home/airflow/.local/lib/python3.7/site-packages/airflow/example_dags/tutorial_taskflow_api.py took 0.122 seconds
[2025-10-05T17:23:02.002+0000] {processor.py:153} INFO - Started process (PID=788) to work on /home/airflow/.local/lib/python3.7/site-packages/airflow/example_dags/tutorial_taskflow_api.py
[2025-10-05T17:23:02.004+0000] {processor.py:743} INFO - Processing file /home/airflow/.local/lib/python3.7/site-packages/airflow/example_dags/tutorial_taskflow_api.py for tasks to queue
[2025-10-05T17:23:02.006+0000] {logging_mixin.py:137} INFO - [2025-10-05T17:23:02.005+0000] {dagbag.py:538} INFO - Filling up the DagBag from /home/airflow/.local/lib/python3.7/site-packages/airflow/example_dags/tutorial_taskflow_api.py
[2025-10-05T17:23:02.031+0000] {processor.py:753} INFO - DAG(s) dict_keys(['tutorial_taskflow_api']) retrieved from /home/airflow/.local/lib/python3.7/site-packages/airflow/example_dags/tutorial_taskflow_api.py
[2025-10-05T17:23:02.063+0000] {logging_mixin.py:137} INFO - [2025-10-05T17:23:02.063+0000] {dag.py:2690} INFO - Sync 1 DAGs
[2025-10-05T17:23:02.094+0000] {logging_mixin.py:137} INFO - [2025-10-05T17:23:02.094+0000] {dag.py:3441} INFO - Setting next_dagrun for tutorial_taskflow_api to None, run_after=None
[2025-10-05T17:23:02.124+0000] {processor.py:175} INFO - Processing /home/airflow/.local/lib/python3.7/site-packages/airflow/example_dags/tutorial_taskflow_api.py took 0.126 seconds
[2025-10-05T17:23:32.764+0000] {processor.py:153} INFO - Started process (PID=878) to work on /home/airflow/.local/lib/python3.7/site-packages/airflow/example_dags/tutorial_taskflow_api.py
[2025-10-05T17:23:32.766+0000] {processor.py:743} INFO - Processing file /home/airflow/.local/lib/python3.7/site-packages/airflow/example_dags/tutorial_taskflow_api.py for tasks to queue
[2025-10-05T17:23:32.767+0000] {logging_mixin.py:137} INFO - [2025-10-05T17:23:32.767+0000] {dagbag.py:538} INFO - Filling up the DagBag from /home/airflow/.local/lib/python3.7/site-packages/airflow/example_dags/tutorial_taskflow_api.py
[2025-10-05T17:23:32.791+0000] {processor.py:753} INFO - DAG(s) dict_keys(['tutorial_taskflow_api']) retrieved from /home/airflow/.local/lib/python3.7/site-packages/airflow/example_dags/tutorial_taskflow_api.py
[2025-10-05T17:23:32.823+0000] {logging_mixin.py:137} INFO - [2025-10-05T17:23:32.823+0000] {dag.py:2690} INFO - Sync 1 DAGs
[2025-10-05T17:23:32.851+0000] {logging_mixin.py:137} INFO - [2025-10-05T17:23:32.850+0000] {dag.py:3441} INFO - Setting next_dagrun for tutorial_taskflow_api to None, run_after=None
[2025-10-05T17:23:32.879+0000] {processor.py:175} INFO - Processing /home/airflow/.local/lib/python3.7/site-packages/airflow/example_dags/tutorial_taskflow_api.py took 0.119 seconds
[2025-10-05T17:24:03.545+0000] {processor.py:153} INFO - Started process (PID=991) to work on /home/airflow/.local/lib/python3.7/site-packages/airflow/example_dags/tutorial_taskflow_api.py
[2025-10-05T17:24:03.546+0000] {processor.py:743} INFO - Processing file /home/airflow/.local/lib/python3.7/site-packages/airflow/example_dags/tutorial_taskflow_api.py for tasks to queue
[2025-10-05T17:24:03.548+0000] {logging_mixin.py:137} INFO - [2025-10-05T17:24:03.547+0000] {dagbag.py:538} INFO - Filling up the DagBag from /home/airflow/.local/lib/python3.7/site-packages/airflow/example_dags/tutorial_taskflow_api.py
[2025-10-05T17:24:03.574+0000] {processor.py:753} INFO - DAG(s) dict_keys(['tutorial_taskflow_api']) retrieved from /home/airflow/.local/lib/python3.7/site-packages/airflow/example_dags/tutorial_taskflow_api.py
[2025-10-05T17:24:03.607+0000] {logging_mixin.py:137} INFO - [2025-10-05T17:24:03.607+0000] {dag.py:2690} INFO - Sync 1 DAGs
[2025-10-05T17:24:03.636+0000] {logging_mixin.py:137} INFO - [2025-10-05T17:24:03.636+0000] {dag.py:3441} INFO - Setting next_dagrun for tutorial_taskflow_api to None, run_after=None
[2025-10-05T17:24:03.661+0000] {processor.py:175} INFO - Processing /home/airflow/.local/lib/python3.7/site-packages/airflow/example_dags/tutorial_taskflow_api.py took 0.121 seconds
[2025-10-05T17:24:34.064+0000] {processor.py:153} INFO - Started process (PID=1080) to work on /home/airflow/.local/lib/python3.7/site-packages/airflow/example_dags/tutorial_taskflow_api.py
[2025-10-05T17:24:34.066+0000] {processor.py:743} INFO - Processing file /home/airflow/.local/lib/python3.7/site-packages/airflow/example_dags/tutorial_taskflow_api.py for tasks to queue
[2025-10-05T17:24:34.067+0000] {logging_mixin.py:137} INFO - [2025-10-05T17:24:34.067+0000] {dagbag.py:538} INFO - Filling up the DagBag from /home/airflow/.local/lib/python3.7/site-packages/airflow/example_dags/tutorial_taskflow_api.py
[2025-10-05T17:24:34.091+0000] {processor.py:753} INFO - DAG(s) dict_keys(['tutorial_taskflow_api']) retrieved from /home/airflow/.local/lib/python3.7/site-packages/airflow/example_dags/tutorial_taskflow_api.py
[2025-10-05T17:24:34.124+0000] {logging_mixin.py:137} INFO - [2025-10-05T17:24:34.124+0000] {dag.py:2690} INFO - Sync 1 DAGs
[2025-10-05T17:24:34.151+0000] {logging_mixin.py:137} INFO - [2025-10-05T17:24:34.151+0000] {dag.py:3441} INFO - Setting next_dagrun for tutorial_taskflow_api to None, run_after=None
[2025-10-05T17:24:34.176+0000] {processor.py:175} INFO - Processing /home/airflow/.local/lib/python3.7/site-packages/airflow/example_dags/tutorial_taskflow_api.py took 0.116 seconds
[2025-10-05T17:25:04.861+0000] {processor.py:153} INFO - Started process (PID=1178) to work on /home/airflow/.local/lib/python3.7/site-packages/airflow/example_dags/tutorial_taskflow_api.py
[2025-10-05T17:25:04.863+0000] {processor.py:743} INFO - Processing file /home/airflow/.local/lib/python3.7/site-packages/airflow/example_dags/tutorial_taskflow_api.py for tasks to queue
[2025-10-05T17:25:04.866+0000] {logging_mixin.py:137} INFO - [2025-10-05T17:25:04.865+0000] {dagbag.py:538} INFO - Filling up the DagBag from /home/airflow/.local/lib/python3.7/site-packages/airflow/example_dags/tutorial_taskflow_api.py
[2025-10-05T17:25:04.912+0000] {processor.py:753} INFO - DAG(s) dict_keys(['tutorial_taskflow_api']) retrieved from /home/airflow/.local/lib/python3.7/site-packages/airflow/example_dags/tutorial_taskflow_api.py
[2025-10-05T17:25:04.956+0000] {logging_mixin.py:137} INFO - [2025-10-05T17:25:04.956+0000] {dag.py:2690} INFO - Sync 1 DAGs
[2025-10-05T17:25:04.991+0000] {logging_mixin.py:137} INFO - [2025-10-05T17:25:04.991+0000] {dag.py:3441} INFO - Setting next_dagrun for tutorial_taskflow_api to None, run_after=None
[2025-10-05T17:25:05.017+0000] {processor.py:175} INFO - Processing /home/airflow/.local/lib/python3.7/site-packages/airflow/example_dags/tutorial_taskflow_api.py took 0.162 seconds
[2025-10-05T17:25:35.839+0000] {processor.py:153} INFO - Started process (PID=1282) to work on /home/airflow/.local/lib/python3.7/site-packages/airflow/example_dags/tutorial_taskflow_api.py
[2025-10-05T17:25:35.840+0000] {processor.py:743} INFO - Processing file /home/airflow/.local/lib/python3.7/site-packages/airflow/example_dags/tutorial_taskflow_api.py for tasks to queue
[2025-10-05T17:25:35.842+0000] {logging_mixin.py:137} INFO - [2025-10-05T17:25:35.842+0000] {dagbag.py:538} INFO - Filling up the DagBag from /home/airflow/.local/lib/python3.7/site-packages/airflow/example_dags/tutorial_taskflow_api.py
[2025-10-05T17:25:35.868+0000] {processor.py:753} INFO - DAG(s) dict_keys(['tutorial_taskflow_api']) retrieved from /home/airflow/.local/lib/python3.7/site-packages/airflow/example_dags/tutorial_taskflow_api.py
[2025-10-05T17:25:35.913+0000] {logging_mixin.py:137} INFO - [2025-10-05T17:25:35.913+0000] {dag.py:2690} INFO - Sync 1 DAGs
[2025-10-05T17:25:35.944+0000] {logging_mixin.py:137} INFO - [2025-10-05T17:25:35.944+0000] {dag.py:3441} INFO - Setting next_dagrun for tutorial_taskflow_api to None, run_after=None
[2025-10-05T17:25:35.974+0000] {processor.py:175} INFO - Processing /home/airflow/.local/lib/python3.7/site-packages/airflow/example_dags/tutorial_taskflow_api.py took 0.141 seconds
[2025-10-05T17:26:06.271+0000] {processor.py:153} INFO - Started process (PID=1369) to work on /home/airflow/.local/lib/python3.7/site-packages/airflow/example_dags/tutorial_taskflow_api.py
[2025-10-05T17:26:06.272+0000] {processor.py:743} INFO - Processing file /home/airflow/.local/lib/python3.7/site-packages/airflow/example_dags/tutorial_taskflow_api.py for tasks to queue
[2025-10-05T17:26:06.273+0000] {logging_mixin.py:137} INFO - [2025-10-05T17:26:06.273+0000] {dagbag.py:538} INFO - Filling up the DagBag from /home/airflow/.local/lib/python3.7/site-packages/airflow/example_dags/tutorial_taskflow_api.py
[2025-10-05T17:26:06.295+0000] {processor.py:753} INFO - DAG(s) dict_keys(['tutorial_taskflow_api']) retrieved from /home/airflow/.local/lib/python3.7/site-packages/airflow/example_dags/tutorial_taskflow_api.py
[2025-10-05T17:26:06.326+0000] {logging_mixin.py:137} INFO - [2025-10-05T17:26:06.326+0000] {dag.py:2690} INFO - Sync 1 DAGs
[2025-10-05T17:26:06.353+0000] {logging_mixin.py:137} INFO - [2025-10-05T17:26:06.352+0000] {dag.py:3441} INFO - Setting next_dagrun for tutorial_taskflow_api to None, run_after=None
[2025-10-05T17:26:06.375+0000] {processor.py:175} INFO - Processing /home/airflow/.local/lib/python3.7/site-packages/airflow/example_dags/tutorial_taskflow_api.py took 0.108 seconds
[2025-10-05T17:26:37.456+0000] {processor.py:153} INFO - Started process (PID=1484) to work on /home/airflow/.local/lib/python3.7/site-packages/airflow/example_dags/tutorial_taskflow_api.py
[2025-10-05T17:26:37.457+0000] {processor.py:743} INFO - Processing file /home/airflow/.local/lib/python3.7/site-packages/airflow/example_dags/tutorial_taskflow_api.py for tasks to queue
[2025-10-05T17:26:37.458+0000] {logging_mixin.py:137} INFO - [2025-10-05T17:26:37.458+0000] {dagbag.py:538} INFO - Filling up the DagBag from /home/airflow/.local/lib/python3.7/site-packages/airflow/example_dags/tutorial_taskflow_api.py
[2025-10-05T17:26:37.511+0000] {processor.py:753} INFO - DAG(s) dict_keys(['tutorial_taskflow_api']) retrieved from /home/airflow/.local/lib/python3.7/site-packages/airflow/example_dags/tutorial_taskflow_api.py
[2025-10-05T17:26:37.618+0000] {logging_mixin.py:137} INFO - [2025-10-05T17:26:37.618+0000] {dag.py:2690} INFO - Sync 1 DAGs
[2025-10-05T17:26:37.654+0000] {logging_mixin.py:137} INFO - [2025-10-05T17:26:37.654+0000] {dag.py:3441} INFO - Setting next_dagrun for tutorial_taskflow_api to None, run_after=None
[2025-10-05T17:26:37.686+0000] {processor.py:175} INFO - Processing /home/airflow/.local/lib/python3.7/site-packages/airflow/example_dags/tutorial_taskflow_api.py took 0.234 seconds
[2025-10-05T17:27:08.421+0000] {processor.py:153} INFO - Started process (PID=1573) to work on /home/airflow/.local/lib/python3.7/site-packages/airflow/example_dags/tutorial_taskflow_api.py
[2025-10-05T17:27:08.422+0000] {processor.py:743} INFO - Processing file /home/airflow/.local/lib/python3.7/site-packages/airflow/example_dags/tutorial_taskflow_api.py for tasks to queue
[2025-10-05T17:27:08.423+0000] {logging_mixin.py:137} INFO - [2025-10-05T17:27:08.423+0000] {dagbag.py:538} INFO - Filling up the DagBag from /home/airflow/.local/lib/python3.7/site-packages/airflow/example_dags/tutorial_taskflow_api.py
[2025-10-05T17:27:08.455+0000] {processor.py:753} INFO - DAG(s) dict_keys(['tutorial_taskflow_api']) retrieved from /home/airflow/.local/lib/python3.7/site-packages/airflow/example_dags/tutorial_taskflow_api.py
[2025-10-05T17:27:08.498+0000] {logging_mixin.py:137} INFO - [2025-10-05T17:27:08.498+0000] {dag.py:2690} INFO - Sync 1 DAGs
[2025-10-05T17:27:08.535+0000] {logging_mixin.py:137} INFO - [2025-10-05T17:27:08.535+0000] {dag.py:3441} INFO - Setting next_dagrun for tutorial_taskflow_api to None, run_after=None
[2025-10-05T17:27:08.566+0000] {processor.py:175} INFO - Processing /home/airflow/.local/lib/python3.7/site-packages/airflow/example_dags/tutorial_taskflow_api.py took 0.150 seconds
[2025-10-05T17:27:39.602+0000] {processor.py:153} INFO - Started process (PID=1686) to work on /home/airflow/.local/lib/python3.7/site-packages/airflow/example_dags/tutorial_taskflow_api.py
[2025-10-05T17:27:39.604+0000] {processor.py:743} INFO - Processing file /home/airflow/.local/lib/python3.7/site-packages/airflow/example_dags/tutorial_taskflow_api.py for tasks to queue
[2025-10-05T17:27:39.606+0000] {logging_mixin.py:137} INFO - [2025-10-05T17:27:39.605+0000] {dagbag.py:538} INFO - Filling up the DagBag from /home/airflow/.local/lib/python3.7/site-packages/airflow/example_dags/tutorial_taskflow_api.py
[2025-10-05T17:27:39.643+0000] {processor.py:753} INFO - DAG(s) dict_keys(['tutorial_taskflow_api']) retrieved from /home/airflow/.local/lib/python3.7/site-packages/airflow/example_dags/tutorial_taskflow_api.py
[2025-10-05T17:27:39.690+0000] {logging_mixin.py:137} INFO - [2025-10-05T17:27:39.690+0000] {dag.py:2690} INFO - Sync 1 DAGs
[2025-10-05T17:27:39.739+0000] {logging_mixin.py:137} INFO - [2025-10-05T17:27:39.739+0000] {dag.py:3441} INFO - Setting next_dagrun for tutorial_taskflow_api to None, run_after=None
[2025-10-05T17:27:39.777+0000] {processor.py:175} INFO - Processing /home/airflow/.local/lib/python3.7/site-packages/airflow/example_dags/tutorial_taskflow_api.py took 0.183 seconds
[2025-10-05T17:28:10.029+0000] {processor.py:153} INFO - Started process (PID=1774) to work on /home/airflow/.local/lib/python3.7/site-packages/airflow/example_dags/tutorial_taskflow_api.py
[2025-10-05T17:28:10.030+0000] {processor.py:743} INFO - Processing file /home/airflow/.local/lib/python3.7/site-packages/airflow/example_dags/tutorial_taskflow_api.py for tasks to queue
[2025-10-05T17:28:10.032+0000] {logging_mixin.py:137} INFO - [2025-10-05T17:28:10.032+0000] {dagbag.py:538} INFO - Filling up the DagBag from /home/airflow/.local/lib/python3.7/site-packages/airflow/example_dags/tutorial_taskflow_api.py
[2025-10-05T17:28:10.075+0000] {processor.py:753} INFO - DAG(s) dict_keys(['tutorial_taskflow_api']) retrieved from /home/airflow/.local/lib/python3.7/site-packages/airflow/example_dags/tutorial_taskflow_api.py
[2025-10-05T17:28:10.127+0000] {logging_mixin.py:137} INFO - [2025-10-05T17:28:10.127+0000] {dag.py:2690} INFO - Sync 1 DAGs
[2025-10-05T17:28:10.176+0000] {logging_mixin.py:137} INFO - [2025-10-05T17:28:10.175+0000] {dag.py:3441} INFO - Setting next_dagrun for tutorial_taskflow_api to None, run_after=None
[2025-10-05T17:28:10.219+0000] {processor.py:175} INFO - Processing /home/airflow/.local/lib/python3.7/site-packages/airflow/example_dags/tutorial_taskflow_api.py took 0.195 seconds
[2025-10-05T17:28:40.499+0000] {processor.py:153} INFO - Started process (PID=1863) to work on /home/airflow/.local/lib/python3.7/site-packages/airflow/example_dags/tutorial_taskflow_api.py
[2025-10-05T17:28:40.500+0000] {processor.py:743} INFO - Processing file /home/airflow/.local/lib/python3.7/site-packages/airflow/example_dags/tutorial_taskflow_api.py for tasks to queue
[2025-10-05T17:28:40.502+0000] {logging_mixin.py:137} INFO - [2025-10-05T17:28:40.501+0000] {dagbag.py:538} INFO - Filling up the DagBag from /home/airflow/.local/lib/python3.7/site-packages/airflow/example_dags/tutorial_taskflow_api.py
[2025-10-05T17:28:40.526+0000] {processor.py:753} INFO - DAG(s) dict_keys(['tutorial_taskflow_api']) retrieved from /home/airflow/.local/lib/python3.7/site-packages/airflow/example_dags/tutorial_taskflow_api.py
[2025-10-05T17:28:40.560+0000] {logging_mixin.py:137} INFO - [2025-10-05T17:28:40.560+0000] {dag.py:2690} INFO - Sync 1 DAGs
[2025-10-05T17:28:40.590+0000] {logging_mixin.py:137} INFO - [2025-10-05T17:28:40.589+0000] {dag.py:3441} INFO - Setting next_dagrun for tutorial_taskflow_api to None, run_after=None
[2025-10-05T17:28:40.617+0000] {processor.py:175} INFO - Processing /home/airflow/.local/lib/python3.7/site-packages/airflow/example_dags/tutorial_taskflow_api.py took 0.123 seconds
[2025-10-05T17:29:11.534+0000] {processor.py:153} INFO - Started process (PID=1976) to work on /home/airflow/.local/lib/python3.7/site-packages/airflow/example_dags/tutorial_taskflow_api.py
[2025-10-05T17:29:11.536+0000] {processor.py:743} INFO - Processing file /home/airflow/.local/lib/python3.7/site-packages/airflow/example_dags/tutorial_taskflow_api.py for tasks to queue
[2025-10-05T17:29:11.537+0000] {logging_mixin.py:137} INFO - [2025-10-05T17:29:11.537+0000] {dagbag.py:538} INFO - Filling up the DagBag from /home/airflow/.local/lib/python3.7/site-packages/airflow/example_dags/tutorial_taskflow_api.py
[2025-10-05T17:29:11.562+0000] {processor.py:753} INFO - DAG(s) dict_keys(['tutorial_taskflow_api']) retrieved from /home/airflow/.local/lib/python3.7/site-packages/airflow/example_dags/tutorial_taskflow_api.py
[2025-10-05T17:29:11.595+0000] {logging_mixin.py:137} INFO - [2025-10-05T17:29:11.595+0000] {dag.py:2690} INFO - Sync 1 DAGs
[2025-10-05T17:29:11.620+0000] {logging_mixin.py:137} INFO - [2025-10-05T17:29:11.620+0000] {dag.py:3441} INFO - Setting next_dagrun for tutorial_taskflow_api to None, run_after=None
[2025-10-05T17:29:11.648+0000] {processor.py:175} INFO - Processing /home/airflow/.local/lib/python3.7/site-packages/airflow/example_dags/tutorial_taskflow_api.py took 0.119 seconds
[2025-10-05T17:29:42.386+0000] {processor.py:153} INFO - Started process (PID=2065) to work on /home/airflow/.local/lib/python3.7/site-packages/airflow/example_dags/tutorial_taskflow_api.py
[2025-10-05T17:29:42.388+0000] {processor.py:743} INFO - Processing file /home/airflow/.local/lib/python3.7/site-packages/airflow/example_dags/tutorial_taskflow_api.py for tasks to queue
[2025-10-05T17:29:42.389+0000] {logging_mixin.py:137} INFO - [2025-10-05T17:29:42.389+0000] {dagbag.py:538} INFO - Filling up the DagBag from /home/airflow/.local/lib/python3.7/site-packages/airflow/example_dags/tutorial_taskflow_api.py
[2025-10-05T17:29:42.414+0000] {processor.py:753} INFO - DAG(s) dict_keys(['tutorial_taskflow_api']) retrieved from /home/airflow/.local/lib/python3.7/site-packages/airflow/example_dags/tutorial_taskflow_api.py
[2025-10-05T17:29:42.447+0000] {logging_mixin.py:137} INFO - [2025-10-05T17:29:42.447+0000] {dag.py:2690} INFO - Sync 1 DAGs
[2025-10-05T17:29:42.476+0000] {logging_mixin.py:137} INFO - [2025-10-05T17:29:42.476+0000] {dag.py:3441} INFO - Setting next_dagrun for tutorial_taskflow_api to None, run_after=None
[2025-10-05T17:29:42.501+0000] {processor.py:175} INFO - Processing /home/airflow/.local/lib/python3.7/site-packages/airflow/example_dags/tutorial_taskflow_api.py took 0.120 seconds
[2025-10-05T17:30:12.827+0000] {processor.py:153} INFO - Started process (PID=2179) to work on /home/airflow/.local/lib/python3.7/site-packages/airflow/example_dags/tutorial_taskflow_api.py
[2025-10-05T17:30:12.829+0000] {processor.py:743} INFO - Processing file /home/airflow/.local/lib/python3.7/site-packages/airflow/example_dags/tutorial_taskflow_api.py for tasks to queue
[2025-10-05T17:30:12.830+0000] {logging_mixin.py:137} INFO - [2025-10-05T17:30:12.830+0000] {dagbag.py:538} INFO - Filling up the DagBag from /home/airflow/.local/lib/python3.7/site-packages/airflow/example_dags/tutorial_taskflow_api.py
[2025-10-05T17:30:12.857+0000] {processor.py:753} INFO - DAG(s) dict_keys(['tutorial_taskflow_api']) retrieved from /home/airflow/.local/lib/python3.7/site-packages/airflow/example_dags/tutorial_taskflow_api.py
[2025-10-05T17:30:12.892+0000] {logging_mixin.py:137} INFO - [2025-10-05T17:30:12.892+0000] {dag.py:2690} INFO - Sync 1 DAGs
[2025-10-05T17:30:12.922+0000] {logging_mixin.py:137} INFO - [2025-10-05T17:30:12.922+0000] {dag.py:3441} INFO - Setting next_dagrun for tutorial_taskflow_api to None, run_after=None
[2025-10-05T17:30:12.952+0000] {processor.py:175} INFO - Processing /home/airflow/.local/lib/python3.7/site-packages/airflow/example_dags/tutorial_taskflow_api.py took 0.128 seconds
[2025-10-05T17:30:43.321+0000] {processor.py:153} INFO - Started process (PID=2269) to work on /home/airflow/.local/lib/python3.7/site-packages/airflow/example_dags/tutorial_taskflow_api.py
[2025-10-05T17:30:43.322+0000] {processor.py:743} INFO - Processing file /home/airflow/.local/lib/python3.7/site-packages/airflow/example_dags/tutorial_taskflow_api.py for tasks to queue
[2025-10-05T17:30:43.324+0000] {logging_mixin.py:137} INFO - [2025-10-05T17:30:43.323+0000] {dagbag.py:538} INFO - Filling up the DagBag from /home/airflow/.local/lib/python3.7/site-packages/airflow/example_dags/tutorial_taskflow_api.py
[2025-10-05T17:30:43.345+0000] {processor.py:753} INFO - DAG(s) dict_keys(['tutorial_taskflow_api']) retrieved from /home/airflow/.local/lib/python3.7/site-packages/airflow/example_dags/tutorial_taskflow_api.py
[2025-10-05T17:30:43.379+0000] {logging_mixin.py:137} INFO - [2025-10-05T17:30:43.379+0000] {dag.py:2690} INFO - Sync 1 DAGs
[2025-10-05T17:30:43.405+0000] {logging_mixin.py:137} INFO - [2025-10-05T17:30:43.404+0000] {dag.py:3441} INFO - Setting next_dagrun for tutorial_taskflow_api to None, run_after=None
[2025-10-05T17:30:43.429+0000] {processor.py:175} INFO - Processing /home/airflow/.local/lib/python3.7/site-packages/airflow/example_dags/tutorial_taskflow_api.py took 0.112 seconds
[2025-10-05T17:31:14.372+0000] {processor.py:153} INFO - Started process (PID=2368) to work on /home/airflow/.local/lib/python3.7/site-packages/airflow/example_dags/tutorial_taskflow_api.py
[2025-10-05T17:31:14.373+0000] {processor.py:743} INFO - Processing file /home/airflow/.local/lib/python3.7/site-packages/airflow/example_dags/tutorial_taskflow_api.py for tasks to queue
[2025-10-05T17:31:14.374+0000] {logging_mixin.py:137} INFO - [2025-10-05T17:31:14.374+0000] {dagbag.py:538} INFO - Filling up the DagBag from /home/airflow/.local/lib/python3.7/site-packages/airflow/example_dags/tutorial_taskflow_api.py
[2025-10-05T17:31:14.398+0000] {processor.py:753} INFO - DAG(s) dict_keys(['tutorial_taskflow_api']) retrieved from /home/airflow/.local/lib/python3.7/site-packages/airflow/example_dags/tutorial_taskflow_api.py
[2025-10-05T17:31:14.432+0000] {logging_mixin.py:137} INFO - [2025-10-05T17:31:14.432+0000] {dag.py:2690} INFO - Sync 1 DAGs
[2025-10-05T17:31:14.462+0000] {logging_mixin.py:137} INFO - [2025-10-05T17:31:14.462+0000] {dag.py:3441} INFO - Setting next_dagrun for tutorial_taskflow_api to None, run_after=None
[2025-10-05T17:31:14.491+0000] {processor.py:175} INFO - Processing /home/airflow/.local/lib/python3.7/site-packages/airflow/example_dags/tutorial_taskflow_api.py took 0.123 seconds
[2025-10-05T17:31:44.605+0000] {processor.py:153} INFO - Started process (PID=2472) to work on /home/airflow/.local/lib/python3.7/site-packages/airflow/example_dags/tutorial_taskflow_api.py
[2025-10-05T17:31:44.606+0000] {processor.py:743} INFO - Processing file /home/airflow/.local/lib/python3.7/site-packages/airflow/example_dags/tutorial_taskflow_api.py for tasks to queue
[2025-10-05T17:31:44.607+0000] {logging_mixin.py:137} INFO - [2025-10-05T17:31:44.607+0000] {dagbag.py:538} INFO - Filling up the DagBag from /home/airflow/.local/lib/python3.7/site-packages/airflow/example_dags/tutorial_taskflow_api.py
[2025-10-05T17:31:44.631+0000] {processor.py:753} INFO - DAG(s) dict_keys(['tutorial_taskflow_api']) retrieved from /home/airflow/.local/lib/python3.7/site-packages/airflow/example_dags/tutorial_taskflow_api.py
[2025-10-05T17:31:44.659+0000] {logging_mixin.py:137} INFO - [2025-10-05T17:31:44.659+0000] {dag.py:2690} INFO - Sync 1 DAGs
[2025-10-05T17:31:44.688+0000] {logging_mixin.py:137} INFO - [2025-10-05T17:31:44.688+0000] {dag.py:3441} INFO - Setting next_dagrun for tutorial_taskflow_api to None, run_after=None
[2025-10-05T17:31:44.711+0000] {processor.py:175} INFO - Processing /home/airflow/.local/lib/python3.7/site-packages/airflow/example_dags/tutorial_taskflow_api.py took 0.109 seconds
[2025-10-05T17:32:15.073+0000] {processor.py:153} INFO - Started process (PID=2561) to work on /home/airflow/.local/lib/python3.7/site-packages/airflow/example_dags/tutorial_taskflow_api.py
[2025-10-05T17:32:15.075+0000] {processor.py:743} INFO - Processing file /home/airflow/.local/lib/python3.7/site-packages/airflow/example_dags/tutorial_taskflow_api.py for tasks to queue
[2025-10-05T17:32:15.076+0000] {logging_mixin.py:137} INFO - [2025-10-05T17:32:15.076+0000] {dagbag.py:538} INFO - Filling up the DagBag from /home/airflow/.local/lib/python3.7/site-packages/airflow/example_dags/tutorial_taskflow_api.py
[2025-10-05T17:32:15.098+0000] {processor.py:753} INFO - DAG(s) dict_keys(['tutorial_taskflow_api']) retrieved from /home/airflow/.local/lib/python3.7/site-packages/airflow/example_dags/tutorial_taskflow_api.py
[2025-10-05T17:32:15.130+0000] {logging_mixin.py:137} INFO - [2025-10-05T17:32:15.129+0000] {dag.py:2690} INFO - Sync 1 DAGs
[2025-10-05T17:32:15.156+0000] {logging_mixin.py:137} INFO - [2025-10-05T17:32:15.156+0000] {dag.py:3441} INFO - Setting next_dagrun for tutorial_taskflow_api to None, run_after=None
[2025-10-05T17:32:15.179+0000] {processor.py:175} INFO - Processing /home/airflow/.local/lib/python3.7/site-packages/airflow/example_dags/tutorial_taskflow_api.py took 0.110 seconds
[2025-10-05T17:32:46.021+0000] {processor.py:153} INFO - Started process (PID=2674) to work on /home/airflow/.local/lib/python3.7/site-packages/airflow/example_dags/tutorial_taskflow_api.py
[2025-10-05T17:32:46.022+0000] {processor.py:743} INFO - Processing file /home/airflow/.local/lib/python3.7/site-packages/airflow/example_dags/tutorial_taskflow_api.py for tasks to queue
[2025-10-05T17:32:46.023+0000] {logging_mixin.py:137} INFO - [2025-10-05T17:32:46.023+0000] {dagbag.py:538} INFO - Filling up the DagBag from /home/airflow/.local/lib/python3.7/site-packages/airflow/example_dags/tutorial_taskflow_api.py
[2025-10-05T17:32:46.046+0000] {processor.py:753} INFO - DAG(s) dict_keys(['tutorial_taskflow_api']) retrieved from /home/airflow/.local/lib/python3.7/site-packages/airflow/example_dags/tutorial_taskflow_api.py
[2025-10-05T17:32:46.076+0000] {logging_mixin.py:137} INFO - [2025-10-05T17:32:46.076+0000] {dag.py:2690} INFO - Sync 1 DAGs
[2025-10-05T17:32:46.102+0000] {logging_mixin.py:137} INFO - [2025-10-05T17:32:46.102+0000] {dag.py:3441} INFO - Setting next_dagrun for tutorial_taskflow_api to None, run_after=None
[2025-10-05T17:32:46.127+0000] {processor.py:175} INFO - Processing /home/airflow/.local/lib/python3.7/site-packages/airflow/example_dags/tutorial_taskflow_api.py took 0.110 seconds
[2025-10-05T17:33:16.656+0000] {processor.py:153} INFO - Started process (PID=2763) to work on /home/airflow/.local/lib/python3.7/site-packages/airflow/example_dags/tutorial_taskflow_api.py
[2025-10-05T17:33:16.658+0000] {processor.py:743} INFO - Processing file /home/airflow/.local/lib/python3.7/site-packages/airflow/example_dags/tutorial_taskflow_api.py for tasks to queue
[2025-10-05T17:33:16.659+0000] {logging_mixin.py:137} INFO - [2025-10-05T17:33:16.659+0000] {dagbag.py:538} INFO - Filling up the DagBag from /home/airflow/.local/lib/python3.7/site-packages/airflow/example_dags/tutorial_taskflow_api.py
[2025-10-05T17:33:16.687+0000] {processor.py:753} INFO - DAG(s) dict_keys(['tutorial_taskflow_api']) retrieved from /home/airflow/.local/lib/python3.7/site-packages/airflow/example_dags/tutorial_taskflow_api.py
[2025-10-05T17:33:16.724+0000] {logging_mixin.py:137} INFO - [2025-10-05T17:33:16.724+0000] {dag.py:2690} INFO - Sync 1 DAGs
[2025-10-05T17:33:16.759+0000] {logging_mixin.py:137} INFO - [2025-10-05T17:33:16.759+0000] {dag.py:3441} INFO - Setting next_dagrun for tutorial_taskflow_api to None, run_after=None
[2025-10-05T17:33:16.788+0000] {processor.py:175} INFO - Processing /home/airflow/.local/lib/python3.7/site-packages/airflow/example_dags/tutorial_taskflow_api.py took 0.137 seconds
[2025-10-05T17:33:47.291+0000] {processor.py:153} INFO - Started process (PID=2858) to work on /home/airflow/.local/lib/python3.7/site-packages/airflow/example_dags/tutorial_taskflow_api.py
[2025-10-05T17:33:47.293+0000] {processor.py:743} INFO - Processing file /home/airflow/.local/lib/python3.7/site-packages/airflow/example_dags/tutorial_taskflow_api.py for tasks to queue
[2025-10-05T17:33:47.294+0000] {logging_mixin.py:137} INFO - [2025-10-05T17:33:47.294+0000] {dagbag.py:538} INFO - Filling up the DagBag from /home/airflow/.local/lib/python3.7/site-packages/airflow/example_dags/tutorial_taskflow_api.py
[2025-10-05T17:33:47.319+0000] {processor.py:753} INFO - DAG(s) dict_keys(['tutorial_taskflow_api']) retrieved from /home/airflow/.local/lib/python3.7/site-packages/airflow/example_dags/tutorial_taskflow_api.py
[2025-10-05T17:33:47.360+0000] {logging_mixin.py:137} INFO - [2025-10-05T17:33:47.360+0000] {dag.py:2690} INFO - Sync 1 DAGs
[2025-10-05T17:33:47.394+0000] {logging_mixin.py:137} INFO - [2025-10-05T17:33:47.394+0000] {dag.py:3441} INFO - Setting next_dagrun for tutorial_taskflow_api to None, run_after=None
[2025-10-05T17:33:47.424+0000] {processor.py:175} INFO - Processing /home/airflow/.local/lib/python3.7/site-packages/airflow/example_dags/tutorial_taskflow_api.py took 0.138 seconds
[2025-10-05T17:34:17.586+0000] {processor.py:153} INFO - Started process (PID=2964) to work on /home/airflow/.local/lib/python3.7/site-packages/airflow/example_dags/tutorial_taskflow_api.py
[2025-10-05T17:34:17.588+0000] {processor.py:743} INFO - Processing file /home/airflow/.local/lib/python3.7/site-packages/airflow/example_dags/tutorial_taskflow_api.py for tasks to queue
[2025-10-05T17:34:17.589+0000] {logging_mixin.py:137} INFO - [2025-10-05T17:34:17.589+0000] {dagbag.py:538} INFO - Filling up the DagBag from /home/airflow/.local/lib/python3.7/site-packages/airflow/example_dags/tutorial_taskflow_api.py
[2025-10-05T17:34:17.611+0000] {processor.py:753} INFO - DAG(s) dict_keys(['tutorial_taskflow_api']) retrieved from /home/airflow/.local/lib/python3.7/site-packages/airflow/example_dags/tutorial_taskflow_api.py
[2025-10-05T17:34:17.643+0000] {logging_mixin.py:137} INFO - [2025-10-05T17:34:17.643+0000] {dag.py:2690} INFO - Sync 1 DAGs
[2025-10-05T17:34:17.669+0000] {logging_mixin.py:137} INFO - [2025-10-05T17:34:17.669+0000] {dag.py:3441} INFO - Setting next_dagrun for tutorial_taskflow_api to None, run_after=None
[2025-10-05T17:34:17.691+0000] {processor.py:175} INFO - Processing /home/airflow/.local/lib/python3.7/site-packages/airflow/example_dags/tutorial_taskflow_api.py took 0.110 seconds
[2025-10-05T17:34:48.278+0000] {processor.py:153} INFO - Started process (PID=3053) to work on /home/airflow/.local/lib/python3.7/site-packages/airflow/example_dags/tutorial_taskflow_api.py
[2025-10-05T17:34:48.280+0000] {processor.py:743} INFO - Processing file /home/airflow/.local/lib/python3.7/site-packages/airflow/example_dags/tutorial_taskflow_api.py for tasks to queue
[2025-10-05T17:34:48.282+0000] {logging_mixin.py:137} INFO - [2025-10-05T17:34:48.282+0000] {dagbag.py:538} INFO - Filling up the DagBag from /home/airflow/.local/lib/python3.7/site-packages/airflow/example_dags/tutorial_taskflow_api.py
[2025-10-05T17:34:48.331+0000] {processor.py:753} INFO - DAG(s) dict_keys(['tutorial_taskflow_api']) retrieved from /home/airflow/.local/lib/python3.7/site-packages/airflow/example_dags/tutorial_taskflow_api.py
[2025-10-05T17:34:48.377+0000] {logging_mixin.py:137} INFO - [2025-10-05T17:34:48.377+0000] {dag.py:2690} INFO - Sync 1 DAGs
[2025-10-05T17:34:48.419+0000] {logging_mixin.py:137} INFO - [2025-10-05T17:34:48.419+0000] {dag.py:3441} INFO - Setting next_dagrun for tutorial_taskflow_api to None, run_after=None
[2025-10-05T17:34:48.456+0000] {processor.py:175} INFO - Processing /home/airflow/.local/lib/python3.7/site-packages/airflow/example_dags/tutorial_taskflow_api.py took 0.185 seconds
[2025-10-05T17:35:18.825+0000] {processor.py:153} INFO - Started process (PID=3166) to work on /home/airflow/.local/lib/python3.7/site-packages/airflow/example_dags/tutorial_taskflow_api.py
[2025-10-05T17:35:18.827+0000] {processor.py:743} INFO - Processing file /home/airflow/.local/lib/python3.7/site-packages/airflow/example_dags/tutorial_taskflow_api.py for tasks to queue
[2025-10-05T17:35:18.829+0000] {logging_mixin.py:137} INFO - [2025-10-05T17:35:18.829+0000] {dagbag.py:538} INFO - Filling up the DagBag from /home/airflow/.local/lib/python3.7/site-packages/airflow/example_dags/tutorial_taskflow_api.py
[2025-10-05T17:35:18.857+0000] {processor.py:753} INFO - DAG(s) dict_keys(['tutorial_taskflow_api']) retrieved from /home/airflow/.local/lib/python3.7/site-packages/airflow/example_dags/tutorial_taskflow_api.py
[2025-10-05T17:35:18.899+0000] {logging_mixin.py:137} INFO - [2025-10-05T17:35:18.899+0000] {dag.py:2690} INFO - Sync 1 DAGs
[2025-10-05T17:35:18.936+0000] {logging_mixin.py:137} INFO - [2025-10-05T17:35:18.936+0000] {dag.py:3441} INFO - Setting next_dagrun for tutorial_taskflow_api to None, run_after=None
[2025-10-05T17:35:18.964+0000] {processor.py:175} INFO - Processing /home/airflow/.local/lib/python3.7/site-packages/airflow/example_dags/tutorial_taskflow_api.py took 0.144 seconds
[2025-10-05T17:35:49.382+0000] {processor.py:153} INFO - Started process (PID=3255) to work on /home/airflow/.local/lib/python3.7/site-packages/airflow/example_dags/tutorial_taskflow_api.py
[2025-10-05T17:35:49.383+0000] {processor.py:743} INFO - Processing file /home/airflow/.local/lib/python3.7/site-packages/airflow/example_dags/tutorial_taskflow_api.py for tasks to queue
[2025-10-05T17:35:49.385+0000] {logging_mixin.py:137} INFO - [2025-10-05T17:35:49.384+0000] {dagbag.py:538} INFO - Filling up the DagBag from /home/airflow/.local/lib/python3.7/site-packages/airflow/example_dags/tutorial_taskflow_api.py
[2025-10-05T17:35:49.413+0000] {processor.py:753} INFO - DAG(s) dict_keys(['tutorial_taskflow_api']) retrieved from /home/airflow/.local/lib/python3.7/site-packages/airflow/example_dags/tutorial_taskflow_api.py
[2025-10-05T17:35:49.455+0000] {logging_mixin.py:137} INFO - [2025-10-05T17:35:49.455+0000] {dag.py:2690} INFO - Sync 1 DAGs
[2025-10-05T17:35:49.488+0000] {logging_mixin.py:137} INFO - [2025-10-05T17:35:49.487+0000] {dag.py:3441} INFO - Setting next_dagrun for tutorial_taskflow_api to None, run_after=None
[2025-10-05T17:35:49.517+0000] {processor.py:175} INFO - Processing /home/airflow/.local/lib/python3.7/site-packages/airflow/example_dags/tutorial_taskflow_api.py took 0.141 seconds
[2025-10-05T17:36:20.176+0000] {processor.py:153} INFO - Started process (PID=3344) to work on /home/airflow/.local/lib/python3.7/site-packages/airflow/example_dags/tutorial_taskflow_api.py
[2025-10-05T17:36:20.178+0000] {processor.py:743} INFO - Processing file /home/airflow/.local/lib/python3.7/site-packages/airflow/example_dags/tutorial_taskflow_api.py for tasks to queue
[2025-10-05T17:36:20.179+0000] {logging_mixin.py:137} INFO - [2025-10-05T17:36:20.179+0000] {dagbag.py:538} INFO - Filling up the DagBag from /home/airflow/.local/lib/python3.7/site-packages/airflow/example_dags/tutorial_taskflow_api.py
[2025-10-05T17:36:20.204+0000] {processor.py:753} INFO - DAG(s) dict_keys(['tutorial_taskflow_api']) retrieved from /home/airflow/.local/lib/python3.7/site-packages/airflow/example_dags/tutorial_taskflow_api.py
[2025-10-05T17:36:20.235+0000] {logging_mixin.py:137} INFO - [2025-10-05T17:36:20.235+0000] {dag.py:2690} INFO - Sync 1 DAGs
[2025-10-05T17:36:20.262+0000] {logging_mixin.py:137} INFO - [2025-10-05T17:36:20.262+0000] {dag.py:3441} INFO - Setting next_dagrun for tutorial_taskflow_api to None, run_after=None
[2025-10-05T17:36:20.288+0000] {processor.py:175} INFO - Processing /home/airflow/.local/lib/python3.7/site-packages/airflow/example_dags/tutorial_taskflow_api.py took 0.116 seconds
[2025-10-05T17:36:51.126+0000] {processor.py:153} INFO - Started process (PID=3458) to work on /home/airflow/.local/lib/python3.7/site-packages/airflow/example_dags/tutorial_taskflow_api.py
[2025-10-05T17:36:51.128+0000] {processor.py:743} INFO - Processing file /home/airflow/.local/lib/python3.7/site-packages/airflow/example_dags/tutorial_taskflow_api.py for tasks to queue
[2025-10-05T17:36:51.130+0000] {logging_mixin.py:137} INFO - [2025-10-05T17:36:51.130+0000] {dagbag.py:538} INFO - Filling up the DagBag from /home/airflow/.local/lib/python3.7/site-packages/airflow/example_dags/tutorial_taskflow_api.py
[2025-10-05T17:36:51.155+0000] {processor.py:753} INFO - DAG(s) dict_keys(['tutorial_taskflow_api']) retrieved from /home/airflow/.local/lib/python3.7/site-packages/airflow/example_dags/tutorial_taskflow_api.py
[2025-10-05T17:36:51.187+0000] {logging_mixin.py:137} INFO - [2025-10-05T17:36:51.187+0000] {dag.py:2690} INFO - Sync 1 DAGs
[2025-10-05T17:36:51.214+0000] {logging_mixin.py:137} INFO - [2025-10-05T17:36:51.214+0000] {dag.py:3441} INFO - Setting next_dagrun for tutorial_taskflow_api to None, run_after=None
[2025-10-05T17:36:51.240+0000] {processor.py:175} INFO - Processing /home/airflow/.local/lib/python3.7/site-packages/airflow/example_dags/tutorial_taskflow_api.py took 0.118 seconds
