[2025-10-05T17:19:27.638+0000] {processor.py:153} INFO - Started process (PID=100) to work on /home/airflow/.local/lib/python3.7/site-packages/airflow/example_dags/tutorial_dag.py
[2025-10-05T17:19:27.641+0000] {processor.py:743} INFO - Processing file /home/airflow/.local/lib/python3.7/site-packages/airflow/example_dags/tutorial_dag.py for tasks to queue
[2025-10-05T17:19:27.643+0000] {logging_mixin.py:137} INFO - [2025-10-05T17:19:27.642+0000] {dagbag.py:538} INFO - Filling up the DagBag from /home/airflow/.local/lib/python3.7/site-packages/airflow/example_dags/tutorial_dag.py
[2025-10-05T17:19:27.671+0000] {processor.py:753} INFO - DAG(s) dict_keys(['tutorial_dag']) retrieved from /home/airflow/.local/lib/python3.7/site-packages/airflow/example_dags/tutorial_dag.py
[2025-10-05T17:19:27.716+0000] {logging_mixin.py:137} INFO - [2025-10-05T17:19:27.715+0000] {dag.py:2690} INFO - Sync 1 DAGs
[2025-10-05T17:19:27.753+0000] {logging_mixin.py:137} INFO - [2025-10-05T17:19:27.753+0000] {dag.py:3441} INFO - Setting next_dagrun for tutorial_dag to None, run_after=None
[2025-10-05T17:19:27.786+0000] {processor.py:175} INFO - Processing /home/airflow/.local/lib/python3.7/site-packages/airflow/example_dags/tutorial_dag.py took 0.153 seconds
[2025-10-05T17:19:58.173+0000] {processor.py:153} INFO - Started process (PID=189) to work on /home/airflow/.local/lib/python3.7/site-packages/airflow/example_dags/tutorial_dag.py
[2025-10-05T17:19:58.174+0000] {processor.py:743} INFO - Processing file /home/airflow/.local/lib/python3.7/site-packages/airflow/example_dags/tutorial_dag.py for tasks to queue
[2025-10-05T17:19:58.176+0000] {logging_mixin.py:137} INFO - [2025-10-05T17:19:58.176+0000] {dagbag.py:538} INFO - Filling up the DagBag from /home/airflow/.local/lib/python3.7/site-packages/airflow/example_dags/tutorial_dag.py
[2025-10-05T17:19:58.198+0000] {processor.py:753} INFO - DAG(s) dict_keys(['tutorial_dag']) retrieved from /home/airflow/.local/lib/python3.7/site-packages/airflow/example_dags/tutorial_dag.py
[2025-10-05T17:19:58.237+0000] {logging_mixin.py:137} INFO - [2025-10-05T17:19:58.237+0000] {dag.py:2690} INFO - Sync 1 DAGs
[2025-10-05T17:19:58.269+0000] {logging_mixin.py:137} INFO - [2025-10-05T17:19:58.268+0000] {dag.py:3441} INFO - Setting next_dagrun for tutorial_dag to None, run_after=None
[2025-10-05T17:19:58.300+0000] {processor.py:175} INFO - Processing /home/airflow/.local/lib/python3.7/site-packages/airflow/example_dags/tutorial_dag.py took 0.133 seconds
[2025-10-05T17:20:28.904+0000] {processor.py:153} INFO - Started process (PID=302) to work on /home/airflow/.local/lib/python3.7/site-packages/airflow/example_dags/tutorial_dag.py
[2025-10-05T17:20:28.905+0000] {processor.py:743} INFO - Processing file /home/airflow/.local/lib/python3.7/site-packages/airflow/example_dags/tutorial_dag.py for tasks to queue
[2025-10-05T17:20:28.906+0000] {logging_mixin.py:137} INFO - [2025-10-05T17:20:28.906+0000] {dagbag.py:538} INFO - Filling up the DagBag from /home/airflow/.local/lib/python3.7/site-packages/airflow/example_dags/tutorial_dag.py
[2025-10-05T17:20:28.922+0000] {processor.py:753} INFO - DAG(s) dict_keys(['tutorial_dag']) retrieved from /home/airflow/.local/lib/python3.7/site-packages/airflow/example_dags/tutorial_dag.py
[2025-10-05T17:20:28.956+0000] {logging_mixin.py:137} INFO - [2025-10-05T17:20:28.955+0000] {dag.py:2690} INFO - Sync 1 DAGs
[2025-10-05T17:20:28.984+0000] {logging_mixin.py:137} INFO - [2025-10-05T17:20:28.984+0000] {dag.py:3441} INFO - Setting next_dagrun for tutorial_dag to None, run_after=None
[2025-10-05T17:20:29.008+0000] {processor.py:175} INFO - Processing /home/airflow/.local/lib/python3.7/site-packages/airflow/example_dags/tutorial_dag.py took 0.109 seconds
[2025-10-05T17:20:59.809+0000] {processor.py:153} INFO - Started process (PID=391) to work on /home/airflow/.local/lib/python3.7/site-packages/airflow/example_dags/tutorial_dag.py
[2025-10-05T17:20:59.811+0000] {processor.py:743} INFO - Processing file /home/airflow/.local/lib/python3.7/site-packages/airflow/example_dags/tutorial_dag.py for tasks to queue
[2025-10-05T17:20:59.813+0000] {logging_mixin.py:137} INFO - [2025-10-05T17:20:59.813+0000] {dagbag.py:538} INFO - Filling up the DagBag from /home/airflow/.local/lib/python3.7/site-packages/airflow/example_dags/tutorial_dag.py
[2025-10-05T17:20:59.832+0000] {processor.py:753} INFO - DAG(s) dict_keys(['tutorial_dag']) retrieved from /home/airflow/.local/lib/python3.7/site-packages/airflow/example_dags/tutorial_dag.py
[2025-10-05T17:20:59.874+0000] {logging_mixin.py:137} INFO - [2025-10-05T17:20:59.874+0000] {dag.py:2690} INFO - Sync 1 DAGs
[2025-10-05T17:20:59.907+0000] {logging_mixin.py:137} INFO - [2025-10-05T17:20:59.906+0000] {dag.py:3441} INFO - Setting next_dagrun for tutorial_dag to None, run_after=None
[2025-10-05T17:20:59.937+0000] {processor.py:175} INFO - Processing /home/airflow/.local/lib/python3.7/site-packages/airflow/example_dags/tutorial_dag.py took 0.132 seconds
[2025-10-05T17:21:31.305+0000] {processor.py:153} INFO - Started process (PID=504) to work on /home/airflow/.local/lib/python3.7/site-packages/airflow/example_dags/tutorial_dag.py
[2025-10-05T17:21:31.307+0000] {processor.py:743} INFO - Processing file /home/airflow/.local/lib/python3.7/site-packages/airflow/example_dags/tutorial_dag.py for tasks to queue
[2025-10-05T17:21:31.309+0000] {logging_mixin.py:137} INFO - [2025-10-05T17:21:31.309+0000] {dagbag.py:538} INFO - Filling up the DagBag from /home/airflow/.local/lib/python3.7/site-packages/airflow/example_dags/tutorial_dag.py
[2025-10-05T17:21:31.333+0000] {processor.py:753} INFO - DAG(s) dict_keys(['tutorial_dag']) retrieved from /home/airflow/.local/lib/python3.7/site-packages/airflow/example_dags/tutorial_dag.py
[2025-10-05T17:21:31.373+0000] {logging_mixin.py:137} INFO - [2025-10-05T17:21:31.372+0000] {dag.py:2690} INFO - Sync 1 DAGs
[2025-10-05T17:21:31.407+0000] {logging_mixin.py:137} INFO - [2025-10-05T17:21:31.406+0000] {dag.py:3441} INFO - Setting next_dagrun for tutorial_dag to None, run_after=None
[2025-10-05T17:21:31.436+0000] {processor.py:175} INFO - Processing /home/airflow/.local/lib/python3.7/site-packages/airflow/example_dags/tutorial_dag.py took 0.137 seconds
[2025-10-05T17:22:01.616+0000] {processor.py:153} INFO - Started process (PID=593) to work on /home/airflow/.local/lib/python3.7/site-packages/airflow/example_dags/tutorial_dag.py
[2025-10-05T17:22:01.618+0000] {processor.py:743} INFO - Processing file /home/airflow/.local/lib/python3.7/site-packages/airflow/example_dags/tutorial_dag.py for tasks to queue
[2025-10-05T17:22:01.620+0000] {logging_mixin.py:137} INFO - [2025-10-05T17:22:01.620+0000] {dagbag.py:538} INFO - Filling up the DagBag from /home/airflow/.local/lib/python3.7/site-packages/airflow/example_dags/tutorial_dag.py
[2025-10-05T17:22:01.637+0000] {processor.py:753} INFO - DAG(s) dict_keys(['tutorial_dag']) retrieved from /home/airflow/.local/lib/python3.7/site-packages/airflow/example_dags/tutorial_dag.py
[2025-10-05T17:22:01.671+0000] {logging_mixin.py:137} INFO - [2025-10-05T17:22:01.671+0000] {dag.py:2690} INFO - Sync 1 DAGs
[2025-10-05T17:22:01.698+0000] {logging_mixin.py:137} INFO - [2025-10-05T17:22:01.698+0000] {dag.py:3441} INFO - Setting next_dagrun for tutorial_dag to None, run_after=None
[2025-10-05T17:22:01.725+0000] {processor.py:175} INFO - Processing /home/airflow/.local/lib/python3.7/site-packages/airflow/example_dags/tutorial_dag.py took 0.113 seconds
[2025-10-05T17:22:32.012+0000] {processor.py:153} INFO - Started process (PID=682) to work on /home/airflow/.local/lib/python3.7/site-packages/airflow/example_dags/tutorial_dag.py
[2025-10-05T17:22:32.014+0000] {processor.py:743} INFO - Processing file /home/airflow/.local/lib/python3.7/site-packages/airflow/example_dags/tutorial_dag.py for tasks to queue
[2025-10-05T17:22:32.016+0000] {logging_mixin.py:137} INFO - [2025-10-05T17:22:32.015+0000] {dagbag.py:538} INFO - Filling up the DagBag from /home/airflow/.local/lib/python3.7/site-packages/airflow/example_dags/tutorial_dag.py
[2025-10-05T17:22:32.034+0000] {processor.py:753} INFO - DAG(s) dict_keys(['tutorial_dag']) retrieved from /home/airflow/.local/lib/python3.7/site-packages/airflow/example_dags/tutorial_dag.py
[2025-10-05T17:22:32.068+0000] {logging_mixin.py:137} INFO - [2025-10-05T17:22:32.068+0000] {dag.py:2690} INFO - Sync 1 DAGs
[2025-10-05T17:22:32.098+0000] {logging_mixin.py:137} INFO - [2025-10-05T17:22:32.098+0000] {dag.py:3441} INFO - Setting next_dagrun for tutorial_dag to None, run_after=None
[2025-10-05T17:22:32.127+0000] {processor.py:175} INFO - Processing /home/airflow/.local/lib/python3.7/site-packages/airflow/example_dags/tutorial_dag.py took 0.119 seconds
[2025-10-05T17:23:02.601+0000] {processor.py:153} INFO - Started process (PID=795) to work on /home/airflow/.local/lib/python3.7/site-packages/airflow/example_dags/tutorial_dag.py
[2025-10-05T17:23:02.603+0000] {processor.py:743} INFO - Processing file /home/airflow/.local/lib/python3.7/site-packages/airflow/example_dags/tutorial_dag.py for tasks to queue
[2025-10-05T17:23:02.604+0000] {logging_mixin.py:137} INFO - [2025-10-05T17:23:02.604+0000] {dagbag.py:538} INFO - Filling up the DagBag from /home/airflow/.local/lib/python3.7/site-packages/airflow/example_dags/tutorial_dag.py
[2025-10-05T17:23:02.619+0000] {processor.py:753} INFO - DAG(s) dict_keys(['tutorial_dag']) retrieved from /home/airflow/.local/lib/python3.7/site-packages/airflow/example_dags/tutorial_dag.py
[2025-10-05T17:23:02.655+0000] {logging_mixin.py:137} INFO - [2025-10-05T17:23:02.654+0000] {dag.py:2690} INFO - Sync 1 DAGs
[2025-10-05T17:23:02.687+0000] {logging_mixin.py:137} INFO - [2025-10-05T17:23:02.686+0000] {dag.py:3441} INFO - Setting next_dagrun for tutorial_dag to None, run_after=None
[2025-10-05T17:23:02.716+0000] {processor.py:175} INFO - Processing /home/airflow/.local/lib/python3.7/site-packages/airflow/example_dags/tutorial_dag.py took 0.120 seconds
[2025-10-05T17:23:33.407+0000] {processor.py:153} INFO - Started process (PID=885) to work on /home/airflow/.local/lib/python3.7/site-packages/airflow/example_dags/tutorial_dag.py
[2025-10-05T17:23:33.408+0000] {processor.py:743} INFO - Processing file /home/airflow/.local/lib/python3.7/site-packages/airflow/example_dags/tutorial_dag.py for tasks to queue
[2025-10-05T17:23:33.409+0000] {logging_mixin.py:137} INFO - [2025-10-05T17:23:33.409+0000] {dagbag.py:538} INFO - Filling up the DagBag from /home/airflow/.local/lib/python3.7/site-packages/airflow/example_dags/tutorial_dag.py
[2025-10-05T17:23:33.423+0000] {processor.py:753} INFO - DAG(s) dict_keys(['tutorial_dag']) retrieved from /home/airflow/.local/lib/python3.7/site-packages/airflow/example_dags/tutorial_dag.py
[2025-10-05T17:23:33.455+0000] {logging_mixin.py:137} INFO - [2025-10-05T17:23:33.455+0000] {dag.py:2690} INFO - Sync 1 DAGs
[2025-10-05T17:23:33.483+0000] {logging_mixin.py:137} INFO - [2025-10-05T17:23:33.482+0000] {dag.py:3441} INFO - Setting next_dagrun for tutorial_dag to None, run_after=None
[2025-10-05T17:23:33.508+0000] {processor.py:175} INFO - Processing /home/airflow/.local/lib/python3.7/site-packages/airflow/example_dags/tutorial_dag.py took 0.105 seconds
[2025-10-05T17:24:04.219+0000] {processor.py:153} INFO - Started process (PID=998) to work on /home/airflow/.local/lib/python3.7/site-packages/airflow/example_dags/tutorial_dag.py
[2025-10-05T17:24:04.220+0000] {processor.py:743} INFO - Processing file /home/airflow/.local/lib/python3.7/site-packages/airflow/example_dags/tutorial_dag.py for tasks to queue
[2025-10-05T17:24:04.221+0000] {logging_mixin.py:137} INFO - [2025-10-05T17:24:04.221+0000] {dagbag.py:538} INFO - Filling up the DagBag from /home/airflow/.local/lib/python3.7/site-packages/airflow/example_dags/tutorial_dag.py
[2025-10-05T17:24:04.239+0000] {processor.py:753} INFO - DAG(s) dict_keys(['tutorial_dag']) retrieved from /home/airflow/.local/lib/python3.7/site-packages/airflow/example_dags/tutorial_dag.py
[2025-10-05T17:24:04.274+0000] {logging_mixin.py:137} INFO - [2025-10-05T17:24:04.274+0000] {dag.py:2690} INFO - Sync 1 DAGs
[2025-10-05T17:24:04.305+0000] {logging_mixin.py:137} INFO - [2025-10-05T17:24:04.305+0000] {dag.py:3441} INFO - Setting next_dagrun for tutorial_dag to None, run_after=None
[2025-10-05T17:24:04.334+0000] {processor.py:175} INFO - Processing /home/airflow/.local/lib/python3.7/site-packages/airflow/example_dags/tutorial_dag.py took 0.119 seconds
[2025-10-05T17:24:34.660+0000] {processor.py:153} INFO - Started process (PID=1087) to work on /home/airflow/.local/lib/python3.7/site-packages/airflow/example_dags/tutorial_dag.py
[2025-10-05T17:24:34.663+0000] {processor.py:743} INFO - Processing file /home/airflow/.local/lib/python3.7/site-packages/airflow/example_dags/tutorial_dag.py for tasks to queue
[2025-10-05T17:24:34.665+0000] {logging_mixin.py:137} INFO - [2025-10-05T17:24:34.665+0000] {dagbag.py:538} INFO - Filling up the DagBag from /home/airflow/.local/lib/python3.7/site-packages/airflow/example_dags/tutorial_dag.py
[2025-10-05T17:24:34.686+0000] {processor.py:753} INFO - DAG(s) dict_keys(['tutorial_dag']) retrieved from /home/airflow/.local/lib/python3.7/site-packages/airflow/example_dags/tutorial_dag.py
[2025-10-05T17:24:34.722+0000] {logging_mixin.py:137} INFO - [2025-10-05T17:24:34.722+0000] {dag.py:2690} INFO - Sync 1 DAGs
[2025-10-05T17:24:34.750+0000] {logging_mixin.py:137} INFO - [2025-10-05T17:24:34.750+0000] {dag.py:3441} INFO - Setting next_dagrun for tutorial_dag to None, run_after=None
[2025-10-05T17:24:34.775+0000] {processor.py:175} INFO - Processing /home/airflow/.local/lib/python3.7/site-packages/airflow/example_dags/tutorial_dag.py took 0.120 seconds
[2025-10-05T17:25:05.602+0000] {processor.py:153} INFO - Started process (PID=1200) to work on /home/airflow/.local/lib/python3.7/site-packages/airflow/example_dags/tutorial_dag.py
[2025-10-05T17:25:05.604+0000] {processor.py:743} INFO - Processing file /home/airflow/.local/lib/python3.7/site-packages/airflow/example_dags/tutorial_dag.py for tasks to queue
[2025-10-05T17:25:05.606+0000] {logging_mixin.py:137} INFO - [2025-10-05T17:25:05.605+0000] {dagbag.py:538} INFO - Filling up the DagBag from /home/airflow/.local/lib/python3.7/site-packages/airflow/example_dags/tutorial_dag.py
[2025-10-05T17:25:05.626+0000] {processor.py:753} INFO - DAG(s) dict_keys(['tutorial_dag']) retrieved from /home/airflow/.local/lib/python3.7/site-packages/airflow/example_dags/tutorial_dag.py
[2025-10-05T17:25:05.664+0000] {logging_mixin.py:137} INFO - [2025-10-05T17:25:05.664+0000] {dag.py:2690} INFO - Sync 1 DAGs
[2025-10-05T17:25:05.692+0000] {logging_mixin.py:137} INFO - [2025-10-05T17:25:05.692+0000] {dag.py:3441} INFO - Setting next_dagrun for tutorial_dag to None, run_after=None
[2025-10-05T17:25:05.718+0000] {processor.py:175} INFO - Processing /home/airflow/.local/lib/python3.7/site-packages/airflow/example_dags/tutorial_dag.py took 0.123 seconds
[2025-10-05T17:25:36.493+0000] {processor.py:153} INFO - Started process (PID=1289) to work on /home/airflow/.local/lib/python3.7/site-packages/airflow/example_dags/tutorial_dag.py
[2025-10-05T17:25:36.495+0000] {processor.py:743} INFO - Processing file /home/airflow/.local/lib/python3.7/site-packages/airflow/example_dags/tutorial_dag.py for tasks to queue
[2025-10-05T17:25:36.496+0000] {logging_mixin.py:137} INFO - [2025-10-05T17:25:36.496+0000] {dagbag.py:538} INFO - Filling up the DagBag from /home/airflow/.local/lib/python3.7/site-packages/airflow/example_dags/tutorial_dag.py
[2025-10-05T17:25:36.511+0000] {processor.py:753} INFO - DAG(s) dict_keys(['tutorial_dag']) retrieved from /home/airflow/.local/lib/python3.7/site-packages/airflow/example_dags/tutorial_dag.py
[2025-10-05T17:25:36.543+0000] {logging_mixin.py:137} INFO - [2025-10-05T17:25:36.543+0000] {dag.py:2690} INFO - Sync 1 DAGs
[2025-10-05T17:25:36.573+0000] {logging_mixin.py:137} INFO - [2025-10-05T17:25:36.572+0000] {dag.py:3441} INFO - Setting next_dagrun for tutorial_dag to None, run_after=None
[2025-10-05T17:25:36.599+0000] {processor.py:175} INFO - Processing /home/airflow/.local/lib/python3.7/site-packages/airflow/example_dags/tutorial_dag.py took 0.111 seconds
[2025-10-05T17:26:07.256+0000] {processor.py:153} INFO - Started process (PID=1378) to work on /home/airflow/.local/lib/python3.7/site-packages/airflow/example_dags/tutorial_dag.py
[2025-10-05T17:26:07.257+0000] {processor.py:743} INFO - Processing file /home/airflow/.local/lib/python3.7/site-packages/airflow/example_dags/tutorial_dag.py for tasks to queue
[2025-10-05T17:26:07.258+0000] {logging_mixin.py:137} INFO - [2025-10-05T17:26:07.258+0000] {dagbag.py:538} INFO - Filling up the DagBag from /home/airflow/.local/lib/python3.7/site-packages/airflow/example_dags/tutorial_dag.py
[2025-10-05T17:26:07.275+0000] {processor.py:753} INFO - DAG(s) dict_keys(['tutorial_dag']) retrieved from /home/airflow/.local/lib/python3.7/site-packages/airflow/example_dags/tutorial_dag.py
[2025-10-05T17:26:07.309+0000] {logging_mixin.py:137} INFO - [2025-10-05T17:26:07.308+0000] {dag.py:2690} INFO - Sync 1 DAGs
[2025-10-05T17:26:07.340+0000] {logging_mixin.py:137} INFO - [2025-10-05T17:26:07.339+0000] {dag.py:3441} INFO - Setting next_dagrun for tutorial_dag to None, run_after=None
[2025-10-05T17:26:07.368+0000] {processor.py:175} INFO - Processing /home/airflow/.local/lib/python3.7/site-packages/airflow/example_dags/tutorial_dag.py took 0.117 seconds
[2025-10-05T17:26:38.351+0000] {processor.py:153} INFO - Started process (PID=1491) to work on /home/airflow/.local/lib/python3.7/site-packages/airflow/example_dags/tutorial_dag.py
[2025-10-05T17:26:38.352+0000] {processor.py:743} INFO - Processing file /home/airflow/.local/lib/python3.7/site-packages/airflow/example_dags/tutorial_dag.py for tasks to queue
[2025-10-05T17:26:38.353+0000] {logging_mixin.py:137} INFO - [2025-10-05T17:26:38.353+0000] {dagbag.py:538} INFO - Filling up the DagBag from /home/airflow/.local/lib/python3.7/site-packages/airflow/example_dags/tutorial_dag.py
[2025-10-05T17:26:38.368+0000] {processor.py:753} INFO - DAG(s) dict_keys(['tutorial_dag']) retrieved from /home/airflow/.local/lib/python3.7/site-packages/airflow/example_dags/tutorial_dag.py
[2025-10-05T17:26:38.402+0000] {logging_mixin.py:137} INFO - [2025-10-05T17:26:38.401+0000] {dag.py:2690} INFO - Sync 1 DAGs
[2025-10-05T17:26:38.430+0000] {logging_mixin.py:137} INFO - [2025-10-05T17:26:38.430+0000] {dag.py:3441} INFO - Setting next_dagrun for tutorial_dag to None, run_after=None
[2025-10-05T17:26:38.457+0000] {processor.py:175} INFO - Processing /home/airflow/.local/lib/python3.7/site-packages/airflow/example_dags/tutorial_dag.py took 0.111 seconds
[2025-10-05T17:27:09.171+0000] {processor.py:153} INFO - Started process (PID=1580) to work on /home/airflow/.local/lib/python3.7/site-packages/airflow/example_dags/tutorial_dag.py
[2025-10-05T17:27:09.173+0000] {processor.py:743} INFO - Processing file /home/airflow/.local/lib/python3.7/site-packages/airflow/example_dags/tutorial_dag.py for tasks to queue
[2025-10-05T17:27:09.174+0000] {logging_mixin.py:137} INFO - [2025-10-05T17:27:09.174+0000] {dagbag.py:538} INFO - Filling up the DagBag from /home/airflow/.local/lib/python3.7/site-packages/airflow/example_dags/tutorial_dag.py
[2025-10-05T17:27:09.191+0000] {processor.py:753} INFO - DAG(s) dict_keys(['tutorial_dag']) retrieved from /home/airflow/.local/lib/python3.7/site-packages/airflow/example_dags/tutorial_dag.py
[2025-10-05T17:27:09.227+0000] {logging_mixin.py:137} INFO - [2025-10-05T17:27:09.227+0000] {dag.py:2690} INFO - Sync 1 DAGs
[2025-10-05T17:27:09.257+0000] {logging_mixin.py:137} INFO - [2025-10-05T17:27:09.257+0000] {dag.py:3441} INFO - Setting next_dagrun for tutorial_dag to None, run_after=None
[2025-10-05T17:27:09.286+0000] {processor.py:175} INFO - Processing /home/airflow/.local/lib/python3.7/site-packages/airflow/example_dags/tutorial_dag.py took 0.121 seconds
[2025-10-05T17:27:40.386+0000] {processor.py:153} INFO - Started process (PID=1693) to work on /home/airflow/.local/lib/python3.7/site-packages/airflow/example_dags/tutorial_dag.py
[2025-10-05T17:27:40.387+0000] {processor.py:743} INFO - Processing file /home/airflow/.local/lib/python3.7/site-packages/airflow/example_dags/tutorial_dag.py for tasks to queue
[2025-10-05T17:27:40.388+0000] {logging_mixin.py:137} INFO - [2025-10-05T17:27:40.388+0000] {dagbag.py:538} INFO - Filling up the DagBag from /home/airflow/.local/lib/python3.7/site-packages/airflow/example_dags/tutorial_dag.py
[2025-10-05T17:27:40.408+0000] {processor.py:753} INFO - DAG(s) dict_keys(['tutorial_dag']) retrieved from /home/airflow/.local/lib/python3.7/site-packages/airflow/example_dags/tutorial_dag.py
[2025-10-05T17:27:40.444+0000] {logging_mixin.py:137} INFO - [2025-10-05T17:27:40.444+0000] {dag.py:2690} INFO - Sync 1 DAGs
[2025-10-05T17:27:40.477+0000] {logging_mixin.py:137} INFO - [2025-10-05T17:27:40.477+0000] {dag.py:3441} INFO - Setting next_dagrun for tutorial_dag to None, run_after=None
[2025-10-05T17:27:40.507+0000] {processor.py:175} INFO - Processing /home/airflow/.local/lib/python3.7/site-packages/airflow/example_dags/tutorial_dag.py took 0.126 seconds
[2025-10-05T17:28:11.182+0000] {processor.py:153} INFO - Started process (PID=1783) to work on /home/airflow/.local/lib/python3.7/site-packages/airflow/example_dags/tutorial_dag.py
[2025-10-05T17:28:11.183+0000] {processor.py:743} INFO - Processing file /home/airflow/.local/lib/python3.7/site-packages/airflow/example_dags/tutorial_dag.py for tasks to queue
[2025-10-05T17:28:11.184+0000] {logging_mixin.py:137} INFO - [2025-10-05T17:28:11.184+0000] {dagbag.py:538} INFO - Filling up the DagBag from /home/airflow/.local/lib/python3.7/site-packages/airflow/example_dags/tutorial_dag.py
[2025-10-05T17:28:11.202+0000] {processor.py:753} INFO - DAG(s) dict_keys(['tutorial_dag']) retrieved from /home/airflow/.local/lib/python3.7/site-packages/airflow/example_dags/tutorial_dag.py
[2025-10-05T17:28:11.244+0000] {logging_mixin.py:137} INFO - [2025-10-05T17:28:11.244+0000] {dag.py:2690} INFO - Sync 1 DAGs
[2025-10-05T17:28:11.277+0000] {logging_mixin.py:137} INFO - [2025-10-05T17:28:11.277+0000] {dag.py:3441} INFO - Setting next_dagrun for tutorial_dag to None, run_after=None
[2025-10-05T17:28:11.311+0000] {processor.py:175} INFO - Processing /home/airflow/.local/lib/python3.7/site-packages/airflow/example_dags/tutorial_dag.py took 0.136 seconds
[2025-10-05T17:28:42.382+0000] {processor.py:153} INFO - Started process (PID=1872) to work on /home/airflow/.local/lib/python3.7/site-packages/airflow/example_dags/tutorial_dag.py
[2025-10-05T17:28:42.383+0000] {processor.py:743} INFO - Processing file /home/airflow/.local/lib/python3.7/site-packages/airflow/example_dags/tutorial_dag.py for tasks to queue
[2025-10-05T17:28:42.384+0000] {logging_mixin.py:137} INFO - [2025-10-05T17:28:42.384+0000] {dagbag.py:538} INFO - Filling up the DagBag from /home/airflow/.local/lib/python3.7/site-packages/airflow/example_dags/tutorial_dag.py
[2025-10-05T17:28:42.400+0000] {processor.py:753} INFO - DAG(s) dict_keys(['tutorial_dag']) retrieved from /home/airflow/.local/lib/python3.7/site-packages/airflow/example_dags/tutorial_dag.py
[2025-10-05T17:28:42.432+0000] {logging_mixin.py:137} INFO - [2025-10-05T17:28:42.431+0000] {dag.py:2690} INFO - Sync 1 DAGs
[2025-10-05T17:28:42.461+0000] {logging_mixin.py:137} INFO - [2025-10-05T17:28:42.460+0000] {dag.py:3441} INFO - Setting next_dagrun for tutorial_dag to None, run_after=None
[2025-10-05T17:28:42.486+0000] {processor.py:175} INFO - Processing /home/airflow/.local/lib/python3.7/site-packages/airflow/example_dags/tutorial_dag.py took 0.108 seconds
[2025-10-05T17:29:13.533+0000] {processor.py:153} INFO - Started process (PID=1985) to work on /home/airflow/.local/lib/python3.7/site-packages/airflow/example_dags/tutorial_dag.py
[2025-10-05T17:29:13.534+0000] {processor.py:743} INFO - Processing file /home/airflow/.local/lib/python3.7/site-packages/airflow/example_dags/tutorial_dag.py for tasks to queue
[2025-10-05T17:29:13.535+0000] {logging_mixin.py:137} INFO - [2025-10-05T17:29:13.535+0000] {dagbag.py:538} INFO - Filling up the DagBag from /home/airflow/.local/lib/python3.7/site-packages/airflow/example_dags/tutorial_dag.py
[2025-10-05T17:29:13.550+0000] {processor.py:753} INFO - DAG(s) dict_keys(['tutorial_dag']) retrieved from /home/airflow/.local/lib/python3.7/site-packages/airflow/example_dags/tutorial_dag.py
[2025-10-05T17:29:13.582+0000] {logging_mixin.py:137} INFO - [2025-10-05T17:29:13.582+0000] {dag.py:2690} INFO - Sync 1 DAGs
[2025-10-05T17:29:13.610+0000] {logging_mixin.py:137} INFO - [2025-10-05T17:29:13.610+0000] {dag.py:3441} INFO - Setting next_dagrun for tutorial_dag to None, run_after=None
[2025-10-05T17:29:13.634+0000] {processor.py:175} INFO - Processing /home/airflow/.local/lib/python3.7/site-packages/airflow/example_dags/tutorial_dag.py took 0.105 seconds
[2025-10-05T17:29:44.200+0000] {processor.py:153} INFO - Started process (PID=2074) to work on /home/airflow/.local/lib/python3.7/site-packages/airflow/example_dags/tutorial_dag.py
[2025-10-05T17:29:44.201+0000] {processor.py:743} INFO - Processing file /home/airflow/.local/lib/python3.7/site-packages/airflow/example_dags/tutorial_dag.py for tasks to queue
[2025-10-05T17:29:44.203+0000] {logging_mixin.py:137} INFO - [2025-10-05T17:29:44.202+0000] {dagbag.py:538} INFO - Filling up the DagBag from /home/airflow/.local/lib/python3.7/site-packages/airflow/example_dags/tutorial_dag.py
[2025-10-05T17:29:44.217+0000] {processor.py:753} INFO - DAG(s) dict_keys(['tutorial_dag']) retrieved from /home/airflow/.local/lib/python3.7/site-packages/airflow/example_dags/tutorial_dag.py
[2025-10-05T17:29:44.248+0000] {logging_mixin.py:137} INFO - [2025-10-05T17:29:44.248+0000] {dag.py:2690} INFO - Sync 1 DAGs
[2025-10-05T17:29:44.275+0000] {logging_mixin.py:137} INFO - [2025-10-05T17:29:44.275+0000] {dag.py:3441} INFO - Setting next_dagrun for tutorial_dag to None, run_after=None
[2025-10-05T17:29:44.298+0000] {processor.py:175} INFO - Processing /home/airflow/.local/lib/python3.7/site-packages/airflow/example_dags/tutorial_dag.py took 0.102 seconds
[2025-10-05T17:30:14.498+0000] {processor.py:153} INFO - Started process (PID=2188) to work on /home/airflow/.local/lib/python3.7/site-packages/airflow/example_dags/tutorial_dag.py
[2025-10-05T17:30:14.500+0000] {processor.py:743} INFO - Processing file /home/airflow/.local/lib/python3.7/site-packages/airflow/example_dags/tutorial_dag.py for tasks to queue
[2025-10-05T17:30:14.501+0000] {logging_mixin.py:137} INFO - [2025-10-05T17:30:14.501+0000] {dagbag.py:538} INFO - Filling up the DagBag from /home/airflow/.local/lib/python3.7/site-packages/airflow/example_dags/tutorial_dag.py
[2025-10-05T17:30:14.515+0000] {processor.py:753} INFO - DAG(s) dict_keys(['tutorial_dag']) retrieved from /home/airflow/.local/lib/python3.7/site-packages/airflow/example_dags/tutorial_dag.py
[2025-10-05T17:30:14.547+0000] {logging_mixin.py:137} INFO - [2025-10-05T17:30:14.547+0000] {dag.py:2690} INFO - Sync 1 DAGs
[2025-10-05T17:30:14.573+0000] {logging_mixin.py:137} INFO - [2025-10-05T17:30:14.573+0000] {dag.py:3441} INFO - Setting next_dagrun for tutorial_dag to None, run_after=None
[2025-10-05T17:30:14.597+0000] {processor.py:175} INFO - Processing /home/airflow/.local/lib/python3.7/site-packages/airflow/example_dags/tutorial_dag.py took 0.103 seconds
[2025-10-05T17:30:45.127+0000] {processor.py:153} INFO - Started process (PID=2276) to work on /home/airflow/.local/lib/python3.7/site-packages/airflow/example_dags/tutorial_dag.py
[2025-10-05T17:30:45.129+0000] {processor.py:743} INFO - Processing file /home/airflow/.local/lib/python3.7/site-packages/airflow/example_dags/tutorial_dag.py for tasks to queue
[2025-10-05T17:30:45.130+0000] {logging_mixin.py:137} INFO - [2025-10-05T17:30:45.130+0000] {dagbag.py:538} INFO - Filling up the DagBag from /home/airflow/.local/lib/python3.7/site-packages/airflow/example_dags/tutorial_dag.py
[2025-10-05T17:30:45.145+0000] {processor.py:753} INFO - DAG(s) dict_keys(['tutorial_dag']) retrieved from /home/airflow/.local/lib/python3.7/site-packages/airflow/example_dags/tutorial_dag.py
[2025-10-05T17:30:45.177+0000] {logging_mixin.py:137} INFO - [2025-10-05T17:30:45.176+0000] {dag.py:2690} INFO - Sync 1 DAGs
[2025-10-05T17:30:45.204+0000] {logging_mixin.py:137} INFO - [2025-10-05T17:30:45.204+0000] {dag.py:3441} INFO - Setting next_dagrun for tutorial_dag to None, run_after=None
[2025-10-05T17:30:45.227+0000] {processor.py:175} INFO - Processing /home/airflow/.local/lib/python3.7/site-packages/airflow/example_dags/tutorial_dag.py took 0.103 seconds
[2025-10-05T17:31:16.117+0000] {processor.py:153} INFO - Started process (PID=2390) to work on /home/airflow/.local/lib/python3.7/site-packages/airflow/example_dags/tutorial_dag.py
[2025-10-05T17:31:16.119+0000] {processor.py:743} INFO - Processing file /home/airflow/.local/lib/python3.7/site-packages/airflow/example_dags/tutorial_dag.py for tasks to queue
[2025-10-05T17:31:16.120+0000] {logging_mixin.py:137} INFO - [2025-10-05T17:31:16.120+0000] {dagbag.py:538} INFO - Filling up the DagBag from /home/airflow/.local/lib/python3.7/site-packages/airflow/example_dags/tutorial_dag.py
[2025-10-05T17:31:16.137+0000] {processor.py:753} INFO - DAG(s) dict_keys(['tutorial_dag']) retrieved from /home/airflow/.local/lib/python3.7/site-packages/airflow/example_dags/tutorial_dag.py
[2025-10-05T17:31:16.176+0000] {logging_mixin.py:137} INFO - [2025-10-05T17:31:16.176+0000] {dag.py:2690} INFO - Sync 1 DAGs
[2025-10-05T17:31:16.213+0000] {logging_mixin.py:137} INFO - [2025-10-05T17:31:16.213+0000] {dag.py:3441} INFO - Setting next_dagrun for tutorial_dag to None, run_after=None
[2025-10-05T17:31:16.246+0000] {processor.py:175} INFO - Processing /home/airflow/.local/lib/python3.7/site-packages/airflow/example_dags/tutorial_dag.py took 0.135 seconds
[2025-10-05T17:31:47.148+0000] {processor.py:153} INFO - Started process (PID=2480) to work on /home/airflow/.local/lib/python3.7/site-packages/airflow/example_dags/tutorial_dag.py
[2025-10-05T17:31:47.149+0000] {processor.py:743} INFO - Processing file /home/airflow/.local/lib/python3.7/site-packages/airflow/example_dags/tutorial_dag.py for tasks to queue
[2025-10-05T17:31:47.150+0000] {logging_mixin.py:137} INFO - [2025-10-05T17:31:47.150+0000] {dagbag.py:538} INFO - Filling up the DagBag from /home/airflow/.local/lib/python3.7/site-packages/airflow/example_dags/tutorial_dag.py
[2025-10-05T17:31:47.166+0000] {processor.py:753} INFO - DAG(s) dict_keys(['tutorial_dag']) retrieved from /home/airflow/.local/lib/python3.7/site-packages/airflow/example_dags/tutorial_dag.py
[2025-10-05T17:31:47.198+0000] {logging_mixin.py:137} INFO - [2025-10-05T17:31:47.198+0000] {dag.py:2690} INFO - Sync 1 DAGs
[2025-10-05T17:31:47.227+0000] {logging_mixin.py:137} INFO - [2025-10-05T17:31:47.227+0000] {dag.py:3441} INFO - Setting next_dagrun for tutorial_dag to None, run_after=None
[2025-10-05T17:31:47.255+0000] {processor.py:175} INFO - Processing /home/airflow/.local/lib/python3.7/site-packages/airflow/example_dags/tutorial_dag.py took 0.111 seconds
[2025-10-05T17:32:17.620+0000] {processor.py:153} INFO - Started process (PID=2577) to work on /home/airflow/.local/lib/python3.7/site-packages/airflow/example_dags/tutorial_dag.py
[2025-10-05T17:32:17.622+0000] {processor.py:743} INFO - Processing file /home/airflow/.local/lib/python3.7/site-packages/airflow/example_dags/tutorial_dag.py for tasks to queue
[2025-10-05T17:32:17.624+0000] {logging_mixin.py:137} INFO - [2025-10-05T17:32:17.624+0000] {dagbag.py:538} INFO - Filling up the DagBag from /home/airflow/.local/lib/python3.7/site-packages/airflow/example_dags/tutorial_dag.py
[2025-10-05T17:32:17.649+0000] {processor.py:753} INFO - DAG(s) dict_keys(['tutorial_dag']) retrieved from /home/airflow/.local/lib/python3.7/site-packages/airflow/example_dags/tutorial_dag.py
[2025-10-05T17:32:17.696+0000] {logging_mixin.py:137} INFO - [2025-10-05T17:32:17.696+0000] {dag.py:2690} INFO - Sync 1 DAGs
[2025-10-05T17:32:17.732+0000] {logging_mixin.py:137} INFO - [2025-10-05T17:32:17.732+0000] {dag.py:3441} INFO - Setting next_dagrun for tutorial_dag to None, run_after=None
[2025-10-05T17:32:17.765+0000] {processor.py:175} INFO - Processing /home/airflow/.local/lib/python3.7/site-packages/airflow/example_dags/tutorial_dag.py took 0.151 seconds
[2025-10-05T17:32:48.517+0000] {processor.py:153} INFO - Started process (PID=2681) to work on /home/airflow/.local/lib/python3.7/site-packages/airflow/example_dags/tutorial_dag.py
[2025-10-05T17:32:48.518+0000] {processor.py:743} INFO - Processing file /home/airflow/.local/lib/python3.7/site-packages/airflow/example_dags/tutorial_dag.py for tasks to queue
[2025-10-05T17:32:48.519+0000] {logging_mixin.py:137} INFO - [2025-10-05T17:32:48.519+0000] {dagbag.py:538} INFO - Filling up the DagBag from /home/airflow/.local/lib/python3.7/site-packages/airflow/example_dags/tutorial_dag.py
[2025-10-05T17:32:48.533+0000] {processor.py:753} INFO - DAG(s) dict_keys(['tutorial_dag']) retrieved from /home/airflow/.local/lib/python3.7/site-packages/airflow/example_dags/tutorial_dag.py
[2025-10-05T17:32:48.564+0000] {logging_mixin.py:137} INFO - [2025-10-05T17:32:48.563+0000] {dag.py:2690} INFO - Sync 1 DAGs
[2025-10-05T17:32:48.591+0000] {logging_mixin.py:137} INFO - [2025-10-05T17:32:48.591+0000] {dag.py:3441} INFO - Setting next_dagrun for tutorial_dag to None, run_after=None
[2025-10-05T17:32:48.616+0000] {processor.py:175} INFO - Processing /home/airflow/.local/lib/python3.7/site-packages/airflow/example_dags/tutorial_dag.py took 0.104 seconds
[2025-10-05T17:33:19.426+0000] {processor.py:153} INFO - Started process (PID=2770) to work on /home/airflow/.local/lib/python3.7/site-packages/airflow/example_dags/tutorial_dag.py
[2025-10-05T17:33:19.428+0000] {processor.py:743} INFO - Processing file /home/airflow/.local/lib/python3.7/site-packages/airflow/example_dags/tutorial_dag.py for tasks to queue
[2025-10-05T17:33:19.430+0000] {logging_mixin.py:137} INFO - [2025-10-05T17:33:19.430+0000] {dagbag.py:538} INFO - Filling up the DagBag from /home/airflow/.local/lib/python3.7/site-packages/airflow/example_dags/tutorial_dag.py
[2025-10-05T17:33:19.466+0000] {processor.py:753} INFO - DAG(s) dict_keys(['tutorial_dag']) retrieved from /home/airflow/.local/lib/python3.7/site-packages/airflow/example_dags/tutorial_dag.py
[2025-10-05T17:33:19.523+0000] {logging_mixin.py:137} INFO - [2025-10-05T17:33:19.523+0000] {dag.py:2690} INFO - Sync 1 DAGs
[2025-10-05T17:33:19.569+0000] {logging_mixin.py:137} INFO - [2025-10-05T17:33:19.568+0000] {dag.py:3441} INFO - Setting next_dagrun for tutorial_dag to None, run_after=None
[2025-10-05T17:33:19.618+0000] {processor.py:175} INFO - Processing /home/airflow/.local/lib/python3.7/site-packages/airflow/example_dags/tutorial_dag.py took 0.200 seconds
[2025-10-05T17:33:50.015+0000] {processor.py:153} INFO - Started process (PID=2882) to work on /home/airflow/.local/lib/python3.7/site-packages/airflow/example_dags/tutorial_dag.py
[2025-10-05T17:33:50.017+0000] {processor.py:743} INFO - Processing file /home/airflow/.local/lib/python3.7/site-packages/airflow/example_dags/tutorial_dag.py for tasks to queue
[2025-10-05T17:33:50.018+0000] {logging_mixin.py:137} INFO - [2025-10-05T17:33:50.018+0000] {dagbag.py:538} INFO - Filling up the DagBag from /home/airflow/.local/lib/python3.7/site-packages/airflow/example_dags/tutorial_dag.py
[2025-10-05T17:33:50.034+0000] {processor.py:753} INFO - DAG(s) dict_keys(['tutorial_dag']) retrieved from /home/airflow/.local/lib/python3.7/site-packages/airflow/example_dags/tutorial_dag.py
[2025-10-05T17:33:50.070+0000] {logging_mixin.py:137} INFO - [2025-10-05T17:33:50.069+0000] {dag.py:2690} INFO - Sync 1 DAGs
[2025-10-05T17:33:50.100+0000] {logging_mixin.py:137} INFO - [2025-10-05T17:33:50.100+0000] {dag.py:3441} INFO - Setting next_dagrun for tutorial_dag to None, run_after=None
[2025-10-05T17:33:50.131+0000] {processor.py:175} INFO - Processing /home/airflow/.local/lib/python3.7/site-packages/airflow/example_dags/tutorial_dag.py took 0.119 seconds
[2025-10-05T17:34:20.198+0000] {processor.py:153} INFO - Started process (PID=2971) to work on /home/airflow/.local/lib/python3.7/site-packages/airflow/example_dags/tutorial_dag.py
[2025-10-05T17:34:20.200+0000] {processor.py:743} INFO - Processing file /home/airflow/.local/lib/python3.7/site-packages/airflow/example_dags/tutorial_dag.py for tasks to queue
[2025-10-05T17:34:20.201+0000] {logging_mixin.py:137} INFO - [2025-10-05T17:34:20.201+0000] {dagbag.py:538} INFO - Filling up the DagBag from /home/airflow/.local/lib/python3.7/site-packages/airflow/example_dags/tutorial_dag.py
[2025-10-05T17:34:20.217+0000] {processor.py:753} INFO - DAG(s) dict_keys(['tutorial_dag']) retrieved from /home/airflow/.local/lib/python3.7/site-packages/airflow/example_dags/tutorial_dag.py
[2025-10-05T17:34:20.249+0000] {logging_mixin.py:137} INFO - [2025-10-05T17:34:20.249+0000] {dag.py:2690} INFO - Sync 1 DAGs
[2025-10-05T17:34:20.276+0000] {logging_mixin.py:137} INFO - [2025-10-05T17:34:20.276+0000] {dag.py:3441} INFO - Setting next_dagrun for tutorial_dag to None, run_after=None
[2025-10-05T17:34:20.302+0000] {processor.py:175} INFO - Processing /home/airflow/.local/lib/python3.7/site-packages/airflow/example_dags/tutorial_dag.py took 0.109 seconds
[2025-10-05T17:34:50.990+0000] {processor.py:153} INFO - Started process (PID=3060) to work on /home/airflow/.local/lib/python3.7/site-packages/airflow/example_dags/tutorial_dag.py
[2025-10-05T17:34:50.991+0000] {processor.py:743} INFO - Processing file /home/airflow/.local/lib/python3.7/site-packages/airflow/example_dags/tutorial_dag.py for tasks to queue
[2025-10-05T17:34:50.993+0000] {logging_mixin.py:137} INFO - [2025-10-05T17:34:50.993+0000] {dagbag.py:538} INFO - Filling up the DagBag from /home/airflow/.local/lib/python3.7/site-packages/airflow/example_dags/tutorial_dag.py
[2025-10-05T17:34:51.009+0000] {processor.py:753} INFO - DAG(s) dict_keys(['tutorial_dag']) retrieved from /home/airflow/.local/lib/python3.7/site-packages/airflow/example_dags/tutorial_dag.py
[2025-10-05T17:34:51.041+0000] {logging_mixin.py:137} INFO - [2025-10-05T17:34:51.041+0000] {dag.py:2690} INFO - Sync 1 DAGs
[2025-10-05T17:34:51.067+0000] {logging_mixin.py:137} INFO - [2025-10-05T17:34:51.067+0000] {dag.py:3441} INFO - Setting next_dagrun for tutorial_dag to None, run_after=None
[2025-10-05T17:34:51.099+0000] {processor.py:175} INFO - Processing /home/airflow/.local/lib/python3.7/site-packages/airflow/example_dags/tutorial_dag.py took 0.114 seconds
[2025-10-05T17:35:21.474+0000] {processor.py:153} INFO - Started process (PID=3173) to work on /home/airflow/.local/lib/python3.7/site-packages/airflow/example_dags/tutorial_dag.py
[2025-10-05T17:35:21.476+0000] {processor.py:743} INFO - Processing file /home/airflow/.local/lib/python3.7/site-packages/airflow/example_dags/tutorial_dag.py for tasks to queue
[2025-10-05T17:35:21.476+0000] {logging_mixin.py:137} INFO - [2025-10-05T17:35:21.476+0000] {dagbag.py:538} INFO - Filling up the DagBag from /home/airflow/.local/lib/python3.7/site-packages/airflow/example_dags/tutorial_dag.py
[2025-10-05T17:35:21.491+0000] {processor.py:753} INFO - DAG(s) dict_keys(['tutorial_dag']) retrieved from /home/airflow/.local/lib/python3.7/site-packages/airflow/example_dags/tutorial_dag.py
[2025-10-05T17:35:21.529+0000] {logging_mixin.py:137} INFO - [2025-10-05T17:35:21.529+0000] {dag.py:2690} INFO - Sync 1 DAGs
[2025-10-05T17:35:21.557+0000] {logging_mixin.py:137} INFO - [2025-10-05T17:35:21.556+0000] {dag.py:3441} INFO - Setting next_dagrun for tutorial_dag to None, run_after=None
[2025-10-05T17:35:21.592+0000] {processor.py:175} INFO - Processing /home/airflow/.local/lib/python3.7/site-packages/airflow/example_dags/tutorial_dag.py took 0.122 seconds
[2025-10-05T17:35:52.019+0000] {processor.py:153} INFO - Started process (PID=3262) to work on /home/airflow/.local/lib/python3.7/site-packages/airflow/example_dags/tutorial_dag.py
[2025-10-05T17:35:52.021+0000] {processor.py:743} INFO - Processing file /home/airflow/.local/lib/python3.7/site-packages/airflow/example_dags/tutorial_dag.py for tasks to queue
[2025-10-05T17:35:52.023+0000] {logging_mixin.py:137} INFO - [2025-10-05T17:35:52.022+0000] {dagbag.py:538} INFO - Filling up the DagBag from /home/airflow/.local/lib/python3.7/site-packages/airflow/example_dags/tutorial_dag.py
[2025-10-05T17:35:52.047+0000] {processor.py:753} INFO - DAG(s) dict_keys(['tutorial_dag']) retrieved from /home/airflow/.local/lib/python3.7/site-packages/airflow/example_dags/tutorial_dag.py
[2025-10-05T17:35:52.091+0000] {logging_mixin.py:137} INFO - [2025-10-05T17:35:52.090+0000] {dag.py:2690} INFO - Sync 1 DAGs
[2025-10-05T17:35:52.127+0000] {logging_mixin.py:137} INFO - [2025-10-05T17:35:52.126+0000] {dag.py:3441} INFO - Setting next_dagrun for tutorial_dag to None, run_after=None
[2025-10-05T17:35:52.153+0000] {processor.py:175} INFO - Processing /home/airflow/.local/lib/python3.7/site-packages/airflow/example_dags/tutorial_dag.py took 0.143 seconds
[2025-10-05T17:36:22.734+0000] {processor.py:153} INFO - Started process (PID=3360) to work on /home/airflow/.local/lib/python3.7/site-packages/airflow/example_dags/tutorial_dag.py
[2025-10-05T17:36:22.738+0000] {processor.py:743} INFO - Processing file /home/airflow/.local/lib/python3.7/site-packages/airflow/example_dags/tutorial_dag.py for tasks to queue
[2025-10-05T17:36:22.741+0000] {logging_mixin.py:137} INFO - [2025-10-05T17:36:22.740+0000] {dagbag.py:538} INFO - Filling up the DagBag from /home/airflow/.local/lib/python3.7/site-packages/airflow/example_dags/tutorial_dag.py
[2025-10-05T17:36:22.785+0000] {processor.py:753} INFO - DAG(s) dict_keys(['tutorial_dag']) retrieved from /home/airflow/.local/lib/python3.7/site-packages/airflow/example_dags/tutorial_dag.py
[2025-10-05T17:36:22.836+0000] {logging_mixin.py:137} INFO - [2025-10-05T17:36:22.836+0000] {dag.py:2690} INFO - Sync 1 DAGs
[2025-10-05T17:36:22.867+0000] {logging_mixin.py:137} INFO - [2025-10-05T17:36:22.867+0000] {dag.py:3441} INFO - Setting next_dagrun for tutorial_dag to None, run_after=None
[2025-10-05T17:36:22.896+0000] {processor.py:175} INFO - Processing /home/airflow/.local/lib/python3.7/site-packages/airflow/example_dags/tutorial_dag.py took 0.178 seconds
[2025-10-05T17:36:53.682+0000] {processor.py:153} INFO - Started process (PID=3465) to work on /home/airflow/.local/lib/python3.7/site-packages/airflow/example_dags/tutorial_dag.py
[2025-10-05T17:36:53.683+0000] {processor.py:743} INFO - Processing file /home/airflow/.local/lib/python3.7/site-packages/airflow/example_dags/tutorial_dag.py for tasks to queue
[2025-10-05T17:36:53.684+0000] {logging_mixin.py:137} INFO - [2025-10-05T17:36:53.684+0000] {dagbag.py:538} INFO - Filling up the DagBag from /home/airflow/.local/lib/python3.7/site-packages/airflow/example_dags/tutorial_dag.py
[2025-10-05T17:36:53.702+0000] {processor.py:753} INFO - DAG(s) dict_keys(['tutorial_dag']) retrieved from /home/airflow/.local/lib/python3.7/site-packages/airflow/example_dags/tutorial_dag.py
[2025-10-05T17:36:53.740+0000] {logging_mixin.py:137} INFO - [2025-10-05T17:36:53.740+0000] {dag.py:2690} INFO - Sync 1 DAGs
[2025-10-05T17:36:53.772+0000] {logging_mixin.py:137} INFO - [2025-10-05T17:36:53.772+0000] {dag.py:3441} INFO - Setting next_dagrun for tutorial_dag to None, run_after=None
[2025-10-05T17:36:53.810+0000] {processor.py:175} INFO - Processing /home/airflow/.local/lib/python3.7/site-packages/airflow/example_dags/tutorial_dag.py took 0.133 seconds
