[2025-10-05T17:19:27.849+0000] {processor.py:153} INFO - Started process (PID=102) to work on /home/airflow/.local/lib/python3.7/site-packages/airflow/example_dags/tutorial.py
[2025-10-05T17:19:27.852+0000] {processor.py:743} INFO - Processing file /home/airflow/.local/lib/python3.7/site-packages/airflow/example_dags/tutorial.py for tasks to queue
[2025-10-05T17:19:27.853+0000] {logging_mixin.py:137} INFO - [2025-10-05T17:19:27.853+0000] {dagbag.py:538} INFO - Filling up the DagBag from /home/airflow/.local/lib/python3.7/site-packages/airflow/example_dags/tutorial.py
[2025-10-05T17:19:27.887+0000] {processor.py:753} INFO - DAG(s) dict_keys(['tutorial']) retrieved from /home/airflow/.local/lib/python3.7/site-packages/airflow/example_dags/tutorial.py
[2025-10-05T17:19:27.929+0000] {logging_mixin.py:137} INFO - [2025-10-05T17:19:27.929+0000] {dag.py:2690} INFO - Sync 1 DAGs
[2025-10-05T17:19:27.971+0000] {logging_mixin.py:137} INFO - [2025-10-05T17:19:27.971+0000] {dag.py:3441} INFO - Setting next_dagrun for tutorial to 2025-10-04T17:19:27.967125+00:00, run_after=2025-10-05T17:19:27.967125+00:00
[2025-10-05T17:19:28.018+0000] {processor.py:175} INFO - Processing /home/airflow/.local/lib/python3.7/site-packages/airflow/example_dags/tutorial.py took 0.180 seconds
[2025-10-05T17:19:58.345+0000] {processor.py:153} INFO - Started process (PID=191) to work on /home/airflow/.local/lib/python3.7/site-packages/airflow/example_dags/tutorial.py
[2025-10-05T17:19:58.346+0000] {processor.py:743} INFO - Processing file /home/airflow/.local/lib/python3.7/site-packages/airflow/example_dags/tutorial.py for tasks to queue
[2025-10-05T17:19:58.348+0000] {logging_mixin.py:137} INFO - [2025-10-05T17:19:58.348+0000] {dagbag.py:538} INFO - Filling up the DagBag from /home/airflow/.local/lib/python3.7/site-packages/airflow/example_dags/tutorial.py
[2025-10-05T17:19:58.366+0000] {processor.py:753} INFO - DAG(s) dict_keys(['tutorial']) retrieved from /home/airflow/.local/lib/python3.7/site-packages/airflow/example_dags/tutorial.py
[2025-10-05T17:19:58.406+0000] {logging_mixin.py:137} INFO - [2025-10-05T17:19:58.405+0000] {dag.py:2690} INFO - Sync 1 DAGs
[2025-10-05T17:19:58.436+0000] {logging_mixin.py:137} INFO - [2025-10-05T17:19:58.436+0000] {dag.py:3441} INFO - Setting next_dagrun for tutorial to 2025-10-04T17:19:58.435978+00:00, run_after=2025-10-05T17:19:58.435978+00:00
[2025-10-05T17:19:58.467+0000] {processor.py:175} INFO - Processing /home/airflow/.local/lib/python3.7/site-packages/airflow/example_dags/tutorial.py took 0.127 seconds
[2025-10-05T17:20:29.050+0000] {processor.py:153} INFO - Started process (PID=304) to work on /home/airflow/.local/lib/python3.7/site-packages/airflow/example_dags/tutorial.py
[2025-10-05T17:20:29.051+0000] {processor.py:743} INFO - Processing file /home/airflow/.local/lib/python3.7/site-packages/airflow/example_dags/tutorial.py for tasks to queue
[2025-10-05T17:20:29.052+0000] {logging_mixin.py:137} INFO - [2025-10-05T17:20:29.052+0000] {dagbag.py:538} INFO - Filling up the DagBag from /home/airflow/.local/lib/python3.7/site-packages/airflow/example_dags/tutorial.py
[2025-10-05T17:20:29.069+0000] {processor.py:753} INFO - DAG(s) dict_keys(['tutorial']) retrieved from /home/airflow/.local/lib/python3.7/site-packages/airflow/example_dags/tutorial.py
[2025-10-05T17:20:29.102+0000] {logging_mixin.py:137} INFO - [2025-10-05T17:20:29.101+0000] {dag.py:2690} INFO - Sync 1 DAGs
[2025-10-05T17:20:29.134+0000] {logging_mixin.py:137} INFO - [2025-10-05T17:20:29.133+0000] {dag.py:3441} INFO - Setting next_dagrun for tutorial to 2025-10-04T17:20:29.133351+00:00, run_after=2025-10-05T17:20:29.133351+00:00
[2025-10-05T17:20:29.159+0000] {processor.py:175} INFO - Processing /home/airflow/.local/lib/python3.7/site-packages/airflow/example_dags/tutorial.py took 0.114 seconds
[2025-10-05T17:20:59.981+0000] {processor.py:153} INFO - Started process (PID=393) to work on /home/airflow/.local/lib/python3.7/site-packages/airflow/example_dags/tutorial.py
[2025-10-05T17:20:59.982+0000] {processor.py:743} INFO - Processing file /home/airflow/.local/lib/python3.7/site-packages/airflow/example_dags/tutorial.py for tasks to queue
[2025-10-05T17:20:59.983+0000] {logging_mixin.py:137} INFO - [2025-10-05T17:20:59.983+0000] {dagbag.py:538} INFO - Filling up the DagBag from /home/airflow/.local/lib/python3.7/site-packages/airflow/example_dags/tutorial.py
[2025-10-05T17:21:00.000+0000] {processor.py:753} INFO - DAG(s) dict_keys(['tutorial']) retrieved from /home/airflow/.local/lib/python3.7/site-packages/airflow/example_dags/tutorial.py
[2025-10-05T17:21:00.034+0000] {logging_mixin.py:137} INFO - [2025-10-05T17:21:00.034+0000] {dag.py:2690} INFO - Sync 1 DAGs
[2025-10-05T17:21:00.061+0000] {logging_mixin.py:137} INFO - [2025-10-05T17:21:00.061+0000] {dag.py:3441} INFO - Setting next_dagrun for tutorial to 2025-10-04T17:21:00.061554+00:00, run_after=2025-10-05T17:21:00.061554+00:00
[2025-10-05T17:21:00.086+0000] {processor.py:175} INFO - Processing /home/airflow/.local/lib/python3.7/site-packages/airflow/example_dags/tutorial.py took 0.110 seconds
[2025-10-05T17:21:31.482+0000] {processor.py:153} INFO - Started process (PID=506) to work on /home/airflow/.local/lib/python3.7/site-packages/airflow/example_dags/tutorial.py
[2025-10-05T17:21:31.483+0000] {processor.py:743} INFO - Processing file /home/airflow/.local/lib/python3.7/site-packages/airflow/example_dags/tutorial.py for tasks to queue
[2025-10-05T17:21:31.484+0000] {logging_mixin.py:137} INFO - [2025-10-05T17:21:31.484+0000] {dagbag.py:538} INFO - Filling up the DagBag from /home/airflow/.local/lib/python3.7/site-packages/airflow/example_dags/tutorial.py
[2025-10-05T17:21:31.503+0000] {processor.py:753} INFO - DAG(s) dict_keys(['tutorial']) retrieved from /home/airflow/.local/lib/python3.7/site-packages/airflow/example_dags/tutorial.py
[2025-10-05T17:21:31.537+0000] {logging_mixin.py:137} INFO - [2025-10-05T17:21:31.537+0000] {dag.py:2690} INFO - Sync 1 DAGs
[2025-10-05T17:21:31.569+0000] {logging_mixin.py:137} INFO - [2025-10-05T17:21:31.568+0000] {dag.py:3441} INFO - Setting next_dagrun for tutorial to 2025-10-04T17:21:31.568589+00:00, run_after=2025-10-05T17:21:31.568589+00:00
[2025-10-05T17:21:31.595+0000] {processor.py:175} INFO - Processing /home/airflow/.local/lib/python3.7/site-packages/airflow/example_dags/tutorial.py took 0.118 seconds
[2025-10-05T17:22:01.768+0000] {processor.py:153} INFO - Started process (PID=595) to work on /home/airflow/.local/lib/python3.7/site-packages/airflow/example_dags/tutorial.py
[2025-10-05T17:22:01.770+0000] {processor.py:743} INFO - Processing file /home/airflow/.local/lib/python3.7/site-packages/airflow/example_dags/tutorial.py for tasks to queue
[2025-10-05T17:22:01.771+0000] {logging_mixin.py:137} INFO - [2025-10-05T17:22:01.771+0000] {dagbag.py:538} INFO - Filling up the DagBag from /home/airflow/.local/lib/python3.7/site-packages/airflow/example_dags/tutorial.py
[2025-10-05T17:22:01.788+0000] {processor.py:753} INFO - DAG(s) dict_keys(['tutorial']) retrieved from /home/airflow/.local/lib/python3.7/site-packages/airflow/example_dags/tutorial.py
[2025-10-05T17:22:01.822+0000] {logging_mixin.py:137} INFO - [2025-10-05T17:22:01.821+0000] {dag.py:2690} INFO - Sync 1 DAGs
[2025-10-05T17:22:01.852+0000] {logging_mixin.py:137} INFO - [2025-10-05T17:22:01.852+0000] {dag.py:3441} INFO - Setting next_dagrun for tutorial to 2025-10-04T17:22:01.851752+00:00, run_after=2025-10-05T17:22:01.851752+00:00
[2025-10-05T17:22:01.880+0000] {processor.py:175} INFO - Processing /home/airflow/.local/lib/python3.7/site-packages/airflow/example_dags/tutorial.py took 0.117 seconds
[2025-10-05T17:22:32.173+0000] {processor.py:153} INFO - Started process (PID=684) to work on /home/airflow/.local/lib/python3.7/site-packages/airflow/example_dags/tutorial.py
[2025-10-05T17:22:32.174+0000] {processor.py:743} INFO - Processing file /home/airflow/.local/lib/python3.7/site-packages/airflow/example_dags/tutorial.py for tasks to queue
[2025-10-05T17:22:32.176+0000] {logging_mixin.py:137} INFO - [2025-10-05T17:22:32.176+0000] {dagbag.py:538} INFO - Filling up the DagBag from /home/airflow/.local/lib/python3.7/site-packages/airflow/example_dags/tutorial.py
[2025-10-05T17:22:32.196+0000] {processor.py:753} INFO - DAG(s) dict_keys(['tutorial']) retrieved from /home/airflow/.local/lib/python3.7/site-packages/airflow/example_dags/tutorial.py
[2025-10-05T17:22:32.229+0000] {logging_mixin.py:137} INFO - [2025-10-05T17:22:32.229+0000] {dag.py:2690} INFO - Sync 1 DAGs
[2025-10-05T17:22:32.260+0000] {logging_mixin.py:137} INFO - [2025-10-05T17:22:32.260+0000] {dag.py:3441} INFO - Setting next_dagrun for tutorial to 2025-10-04T17:22:32.259629+00:00, run_after=2025-10-05T17:22:32.259629+00:00
[2025-10-05T17:22:32.290+0000] {processor.py:175} INFO - Processing /home/airflow/.local/lib/python3.7/site-packages/airflow/example_dags/tutorial.py took 0.121 seconds
[2025-10-05T17:23:02.771+0000] {processor.py:153} INFO - Started process (PID=797) to work on /home/airflow/.local/lib/python3.7/site-packages/airflow/example_dags/tutorial.py
[2025-10-05T17:23:02.773+0000] {processor.py:743} INFO - Processing file /home/airflow/.local/lib/python3.7/site-packages/airflow/example_dags/tutorial.py for tasks to queue
[2025-10-05T17:23:02.774+0000] {logging_mixin.py:137} INFO - [2025-10-05T17:23:02.774+0000] {dagbag.py:538} INFO - Filling up the DagBag from /home/airflow/.local/lib/python3.7/site-packages/airflow/example_dags/tutorial.py
[2025-10-05T17:23:02.794+0000] {processor.py:753} INFO - DAG(s) dict_keys(['tutorial']) retrieved from /home/airflow/.local/lib/python3.7/site-packages/airflow/example_dags/tutorial.py
[2025-10-05T17:23:02.832+0000] {logging_mixin.py:137} INFO - [2025-10-05T17:23:02.832+0000] {dag.py:2690} INFO - Sync 1 DAGs
[2025-10-05T17:23:02.862+0000] {logging_mixin.py:137} INFO - [2025-10-05T17:23:02.862+0000] {dag.py:3441} INFO - Setting next_dagrun for tutorial to 2025-10-04T17:23:02.861891+00:00, run_after=2025-10-05T17:23:02.861891+00:00
[2025-10-05T17:23:02.888+0000] {processor.py:175} INFO - Processing /home/airflow/.local/lib/python3.7/site-packages/airflow/example_dags/tutorial.py took 0.124 seconds
[2025-10-05T17:23:33.553+0000] {processor.py:153} INFO - Started process (PID=887) to work on /home/airflow/.local/lib/python3.7/site-packages/airflow/example_dags/tutorial.py
[2025-10-05T17:23:33.555+0000] {processor.py:743} INFO - Processing file /home/airflow/.local/lib/python3.7/site-packages/airflow/example_dags/tutorial.py for tasks to queue
[2025-10-05T17:23:33.556+0000] {logging_mixin.py:137} INFO - [2025-10-05T17:23:33.555+0000] {dagbag.py:538} INFO - Filling up the DagBag from /home/airflow/.local/lib/python3.7/site-packages/airflow/example_dags/tutorial.py
[2025-10-05T17:23:33.573+0000] {processor.py:753} INFO - DAG(s) dict_keys(['tutorial']) retrieved from /home/airflow/.local/lib/python3.7/site-packages/airflow/example_dags/tutorial.py
[2025-10-05T17:23:33.605+0000] {logging_mixin.py:137} INFO - [2025-10-05T17:23:33.605+0000] {dag.py:2690} INFO - Sync 1 DAGs
[2025-10-05T17:23:33.632+0000] {logging_mixin.py:137} INFO - [2025-10-05T17:23:33.632+0000] {dag.py:3441} INFO - Setting next_dagrun for tutorial to 2025-10-04T17:23:33.632510+00:00, run_after=2025-10-05T17:23:33.632510+00:00
[2025-10-05T17:23:33.657+0000] {processor.py:175} INFO - Processing /home/airflow/.local/lib/python3.7/site-packages/airflow/example_dags/tutorial.py took 0.108 seconds
[2025-10-05T17:24:04.383+0000] {processor.py:153} INFO - Started process (PID=1000) to work on /home/airflow/.local/lib/python3.7/site-packages/airflow/example_dags/tutorial.py
[2025-10-05T17:24:04.385+0000] {processor.py:743} INFO - Processing file /home/airflow/.local/lib/python3.7/site-packages/airflow/example_dags/tutorial.py for tasks to queue
[2025-10-05T17:24:04.386+0000] {logging_mixin.py:137} INFO - [2025-10-05T17:24:04.386+0000] {dagbag.py:538} INFO - Filling up the DagBag from /home/airflow/.local/lib/python3.7/site-packages/airflow/example_dags/tutorial.py
[2025-10-05T17:24:04.403+0000] {processor.py:753} INFO - DAG(s) dict_keys(['tutorial']) retrieved from /home/airflow/.local/lib/python3.7/site-packages/airflow/example_dags/tutorial.py
[2025-10-05T17:24:04.434+0000] {logging_mixin.py:137} INFO - [2025-10-05T17:24:04.434+0000] {dag.py:2690} INFO - Sync 1 DAGs
[2025-10-05T17:24:04.465+0000] {logging_mixin.py:137} INFO - [2025-10-05T17:24:04.465+0000] {dag.py:3441} INFO - Setting next_dagrun for tutorial to 2025-10-04T17:24:04.464976+00:00, run_after=2025-10-05T17:24:04.464976+00:00
[2025-10-05T17:24:04.489+0000] {processor.py:175} INFO - Processing /home/airflow/.local/lib/python3.7/site-packages/airflow/example_dags/tutorial.py took 0.110 seconds
[2025-10-05T17:24:34.817+0000] {processor.py:153} INFO - Started process (PID=1089) to work on /home/airflow/.local/lib/python3.7/site-packages/airflow/example_dags/tutorial.py
[2025-10-05T17:24:34.821+0000] {processor.py:743} INFO - Processing file /home/airflow/.local/lib/python3.7/site-packages/airflow/example_dags/tutorial.py for tasks to queue
[2025-10-05T17:24:34.822+0000] {logging_mixin.py:137} INFO - [2025-10-05T17:24:34.822+0000] {dagbag.py:538} INFO - Filling up the DagBag from /home/airflow/.local/lib/python3.7/site-packages/airflow/example_dags/tutorial.py
[2025-10-05T17:24:34.840+0000] {processor.py:753} INFO - DAG(s) dict_keys(['tutorial']) retrieved from /home/airflow/.local/lib/python3.7/site-packages/airflow/example_dags/tutorial.py
[2025-10-05T17:24:34.871+0000] {logging_mixin.py:137} INFO - [2025-10-05T17:24:34.871+0000] {dag.py:2690} INFO - Sync 1 DAGs
[2025-10-05T17:24:34.897+0000] {logging_mixin.py:137} INFO - [2025-10-05T17:24:34.897+0000] {dag.py:3441} INFO - Setting next_dagrun for tutorial to 2025-10-04T17:24:34.897207+00:00, run_after=2025-10-05T17:24:34.897207+00:00
[2025-10-05T17:24:34.920+0000] {processor.py:175} INFO - Processing /home/airflow/.local/lib/python3.7/site-packages/airflow/example_dags/tutorial.py took 0.107 seconds
[2025-10-05T17:25:05.763+0000] {processor.py:153} INFO - Started process (PID=1202) to work on /home/airflow/.local/lib/python3.7/site-packages/airflow/example_dags/tutorial.py
[2025-10-05T17:25:05.765+0000] {processor.py:743} INFO - Processing file /home/airflow/.local/lib/python3.7/site-packages/airflow/example_dags/tutorial.py for tasks to queue
[2025-10-05T17:25:05.766+0000] {logging_mixin.py:137} INFO - [2025-10-05T17:25:05.766+0000] {dagbag.py:538} INFO - Filling up the DagBag from /home/airflow/.local/lib/python3.7/site-packages/airflow/example_dags/tutorial.py
[2025-10-05T17:25:05.785+0000] {processor.py:753} INFO - DAG(s) dict_keys(['tutorial']) retrieved from /home/airflow/.local/lib/python3.7/site-packages/airflow/example_dags/tutorial.py
[2025-10-05T17:25:05.825+0000] {logging_mixin.py:137} INFO - [2025-10-05T17:25:05.825+0000] {dag.py:2690} INFO - Sync 1 DAGs
[2025-10-05T17:25:05.856+0000] {logging_mixin.py:137} INFO - [2025-10-05T17:25:05.856+0000] {dag.py:3441} INFO - Setting next_dagrun for tutorial to 2025-10-04T17:25:05.855933+00:00, run_after=2025-10-05T17:25:05.855933+00:00
[2025-10-05T17:25:05.883+0000] {processor.py:175} INFO - Processing /home/airflow/.local/lib/python3.7/site-packages/airflow/example_dags/tutorial.py took 0.125 seconds
[2025-10-05T17:25:36.641+0000] {processor.py:153} INFO - Started process (PID=1291) to work on /home/airflow/.local/lib/python3.7/site-packages/airflow/example_dags/tutorial.py
[2025-10-05T17:25:36.643+0000] {processor.py:743} INFO - Processing file /home/airflow/.local/lib/python3.7/site-packages/airflow/example_dags/tutorial.py for tasks to queue
[2025-10-05T17:25:36.644+0000] {logging_mixin.py:137} INFO - [2025-10-05T17:25:36.644+0000] {dagbag.py:538} INFO - Filling up the DagBag from /home/airflow/.local/lib/python3.7/site-packages/airflow/example_dags/tutorial.py
[2025-10-05T17:25:36.661+0000] {processor.py:753} INFO - DAG(s) dict_keys(['tutorial']) retrieved from /home/airflow/.local/lib/python3.7/site-packages/airflow/example_dags/tutorial.py
[2025-10-05T17:25:36.693+0000] {logging_mixin.py:137} INFO - [2025-10-05T17:25:36.692+0000] {dag.py:2690} INFO - Sync 1 DAGs
[2025-10-05T17:25:36.721+0000] {logging_mixin.py:137} INFO - [2025-10-05T17:25:36.721+0000] {dag.py:3441} INFO - Setting next_dagrun for tutorial to 2025-10-04T17:25:36.721267+00:00, run_after=2025-10-05T17:25:36.721267+00:00
[2025-10-05T17:25:36.749+0000] {processor.py:175} INFO - Processing /home/airflow/.local/lib/python3.7/site-packages/airflow/example_dags/tutorial.py took 0.112 seconds
[2025-10-05T17:26:07.412+0000] {processor.py:153} INFO - Started process (PID=1380) to work on /home/airflow/.local/lib/python3.7/site-packages/airflow/example_dags/tutorial.py
[2025-10-05T17:26:07.414+0000] {processor.py:743} INFO - Processing file /home/airflow/.local/lib/python3.7/site-packages/airflow/example_dags/tutorial.py for tasks to queue
[2025-10-05T17:26:07.415+0000] {logging_mixin.py:137} INFO - [2025-10-05T17:26:07.415+0000] {dagbag.py:538} INFO - Filling up the DagBag from /home/airflow/.local/lib/python3.7/site-packages/airflow/example_dags/tutorial.py
[2025-10-05T17:26:07.432+0000] {processor.py:753} INFO - DAG(s) dict_keys(['tutorial']) retrieved from /home/airflow/.local/lib/python3.7/site-packages/airflow/example_dags/tutorial.py
[2025-10-05T17:26:07.468+0000] {logging_mixin.py:137} INFO - [2025-10-05T17:26:07.467+0000] {dag.py:2690} INFO - Sync 1 DAGs
[2025-10-05T17:26:07.550+0000] {logging_mixin.py:137} INFO - [2025-10-05T17:26:07.550+0000] {dag.py:3441} INFO - Setting next_dagrun for tutorial to 2025-10-04T17:26:07.549545+00:00, run_after=2025-10-05T17:26:07.549545+00:00
[2025-10-05T17:26:07.603+0000] {processor.py:175} INFO - Processing /home/airflow/.local/lib/python3.7/site-packages/airflow/example_dags/tutorial.py took 0.195 seconds
[2025-10-05T17:26:38.499+0000] {processor.py:153} INFO - Started process (PID=1493) to work on /home/airflow/.local/lib/python3.7/site-packages/airflow/example_dags/tutorial.py
[2025-10-05T17:26:38.501+0000] {processor.py:743} INFO - Processing file /home/airflow/.local/lib/python3.7/site-packages/airflow/example_dags/tutorial.py for tasks to queue
[2025-10-05T17:26:38.502+0000] {logging_mixin.py:137} INFO - [2025-10-05T17:26:38.502+0000] {dagbag.py:538} INFO - Filling up the DagBag from /home/airflow/.local/lib/python3.7/site-packages/airflow/example_dags/tutorial.py
[2025-10-05T17:26:38.521+0000] {processor.py:753} INFO - DAG(s) dict_keys(['tutorial']) retrieved from /home/airflow/.local/lib/python3.7/site-packages/airflow/example_dags/tutorial.py
[2025-10-05T17:26:38.554+0000] {logging_mixin.py:137} INFO - [2025-10-05T17:26:38.554+0000] {dag.py:2690} INFO - Sync 1 DAGs
[2025-10-05T17:26:38.584+0000] {logging_mixin.py:137} INFO - [2025-10-05T17:26:38.584+0000] {dag.py:3441} INFO - Setting next_dagrun for tutorial to 2025-10-04T17:26:38.584347+00:00, run_after=2025-10-05T17:26:38.584347+00:00
[2025-10-05T17:26:38.611+0000] {processor.py:175} INFO - Processing /home/airflow/.local/lib/python3.7/site-packages/airflow/example_dags/tutorial.py took 0.116 seconds
[2025-10-05T17:27:09.553+0000] {processor.py:153} INFO - Started process (PID=1582) to work on /home/airflow/.local/lib/python3.7/site-packages/airflow/example_dags/tutorial.py
[2025-10-05T17:27:09.554+0000] {processor.py:743} INFO - Processing file /home/airflow/.local/lib/python3.7/site-packages/airflow/example_dags/tutorial.py for tasks to queue
[2025-10-05T17:27:09.555+0000] {logging_mixin.py:137} INFO - [2025-10-05T17:27:09.555+0000] {dagbag.py:538} INFO - Filling up the DagBag from /home/airflow/.local/lib/python3.7/site-packages/airflow/example_dags/tutorial.py
[2025-10-05T17:27:09.575+0000] {processor.py:753} INFO - DAG(s) dict_keys(['tutorial']) retrieved from /home/airflow/.local/lib/python3.7/site-packages/airflow/example_dags/tutorial.py
[2025-10-05T17:27:09.614+0000] {logging_mixin.py:137} INFO - [2025-10-05T17:27:09.614+0000] {dag.py:2690} INFO - Sync 1 DAGs
[2025-10-05T17:27:09.645+0000] {logging_mixin.py:137} INFO - [2025-10-05T17:27:09.645+0000] {dag.py:3441} INFO - Setting next_dagrun for tutorial to 2025-10-04T17:27:09.645402+00:00, run_after=2025-10-05T17:27:09.645402+00:00
[2025-10-05T17:27:09.678+0000] {processor.py:175} INFO - Processing /home/airflow/.local/lib/python3.7/site-packages/airflow/example_dags/tutorial.py took 0.130 seconds
[2025-10-05T17:27:40.556+0000] {processor.py:153} INFO - Started process (PID=1695) to work on /home/airflow/.local/lib/python3.7/site-packages/airflow/example_dags/tutorial.py
[2025-10-05T17:27:40.558+0000] {processor.py:743} INFO - Processing file /home/airflow/.local/lib/python3.7/site-packages/airflow/example_dags/tutorial.py for tasks to queue
[2025-10-05T17:27:40.559+0000] {logging_mixin.py:137} INFO - [2025-10-05T17:27:40.559+0000] {dagbag.py:538} INFO - Filling up the DagBag from /home/airflow/.local/lib/python3.7/site-packages/airflow/example_dags/tutorial.py
[2025-10-05T17:27:40.580+0000] {processor.py:753} INFO - DAG(s) dict_keys(['tutorial']) retrieved from /home/airflow/.local/lib/python3.7/site-packages/airflow/example_dags/tutorial.py
[2025-10-05T17:27:40.616+0000] {logging_mixin.py:137} INFO - [2025-10-05T17:27:40.616+0000] {dag.py:2690} INFO - Sync 1 DAGs
[2025-10-05T17:27:40.648+0000] {logging_mixin.py:137} INFO - [2025-10-05T17:27:40.648+0000] {dag.py:3441} INFO - Setting next_dagrun for tutorial to 2025-10-04T17:27:40.648146+00:00, run_after=2025-10-05T17:27:40.648146+00:00
[2025-10-05T17:27:40.679+0000] {processor.py:175} INFO - Processing /home/airflow/.local/lib/python3.7/site-packages/airflow/example_dags/tutorial.py took 0.128 seconds
[2025-10-05T17:28:11.362+0000] {processor.py:153} INFO - Started process (PID=1785) to work on /home/airflow/.local/lib/python3.7/site-packages/airflow/example_dags/tutorial.py
[2025-10-05T17:28:11.363+0000] {processor.py:743} INFO - Processing file /home/airflow/.local/lib/python3.7/site-packages/airflow/example_dags/tutorial.py for tasks to queue
[2025-10-05T17:28:11.365+0000] {logging_mixin.py:137} INFO - [2025-10-05T17:28:11.365+0000] {dagbag.py:538} INFO - Filling up the DagBag from /home/airflow/.local/lib/python3.7/site-packages/airflow/example_dags/tutorial.py
[2025-10-05T17:28:11.391+0000] {processor.py:753} INFO - DAG(s) dict_keys(['tutorial']) retrieved from /home/airflow/.local/lib/python3.7/site-packages/airflow/example_dags/tutorial.py
[2025-10-05T17:28:11.429+0000] {logging_mixin.py:137} INFO - [2025-10-05T17:28:11.429+0000] {dag.py:2690} INFO - Sync 1 DAGs
[2025-10-05T17:28:11.461+0000] {logging_mixin.py:137} INFO - [2025-10-05T17:28:11.461+0000] {dag.py:3441} INFO - Setting next_dagrun for tutorial to 2025-10-04T17:28:11.460870+00:00, run_after=2025-10-05T17:28:11.460870+00:00
[2025-10-05T17:28:11.490+0000] {processor.py:175} INFO - Processing /home/airflow/.local/lib/python3.7/site-packages/airflow/example_dags/tutorial.py took 0.133 seconds
[2025-10-05T17:28:42.528+0000] {processor.py:153} INFO - Started process (PID=1874) to work on /home/airflow/.local/lib/python3.7/site-packages/airflow/example_dags/tutorial.py
[2025-10-05T17:28:42.530+0000] {processor.py:743} INFO - Processing file /home/airflow/.local/lib/python3.7/site-packages/airflow/example_dags/tutorial.py for tasks to queue
[2025-10-05T17:28:42.532+0000] {logging_mixin.py:137} INFO - [2025-10-05T17:28:42.532+0000] {dagbag.py:538} INFO - Filling up the DagBag from /home/airflow/.local/lib/python3.7/site-packages/airflow/example_dags/tutorial.py
[2025-10-05T17:28:42.549+0000] {processor.py:753} INFO - DAG(s) dict_keys(['tutorial']) retrieved from /home/airflow/.local/lib/python3.7/site-packages/airflow/example_dags/tutorial.py
[2025-10-05T17:28:42.583+0000] {logging_mixin.py:137} INFO - [2025-10-05T17:28:42.583+0000] {dag.py:2690} INFO - Sync 1 DAGs
[2025-10-05T17:28:42.613+0000] {logging_mixin.py:137} INFO - [2025-10-05T17:28:42.613+0000] {dag.py:3441} INFO - Setting next_dagrun for tutorial to 2025-10-04T17:28:42.612974+00:00, run_after=2025-10-05T17:28:42.612974+00:00
[2025-10-05T17:28:42.639+0000] {processor.py:175} INFO - Processing /home/airflow/.local/lib/python3.7/site-packages/airflow/example_dags/tutorial.py took 0.115 seconds
[2025-10-05T17:29:13.674+0000] {processor.py:153} INFO - Started process (PID=1987) to work on /home/airflow/.local/lib/python3.7/site-packages/airflow/example_dags/tutorial.py
[2025-10-05T17:29:13.675+0000] {processor.py:743} INFO - Processing file /home/airflow/.local/lib/python3.7/site-packages/airflow/example_dags/tutorial.py for tasks to queue
[2025-10-05T17:29:13.676+0000] {logging_mixin.py:137} INFO - [2025-10-05T17:29:13.676+0000] {dagbag.py:538} INFO - Filling up the DagBag from /home/airflow/.local/lib/python3.7/site-packages/airflow/example_dags/tutorial.py
[2025-10-05T17:29:13.693+0000] {processor.py:753} INFO - DAG(s) dict_keys(['tutorial']) retrieved from /home/airflow/.local/lib/python3.7/site-packages/airflow/example_dags/tutorial.py
[2025-10-05T17:29:13.723+0000] {logging_mixin.py:137} INFO - [2025-10-05T17:29:13.723+0000] {dag.py:2690} INFO - Sync 1 DAGs
[2025-10-05T17:29:13.753+0000] {logging_mixin.py:137} INFO - [2025-10-05T17:29:13.752+0000] {dag.py:3441} INFO - Setting next_dagrun for tutorial to 2025-10-04T17:29:13.752702+00:00, run_after=2025-10-05T17:29:13.752702+00:00
[2025-10-05T17:29:13.778+0000] {processor.py:175} INFO - Processing /home/airflow/.local/lib/python3.7/site-packages/airflow/example_dags/tutorial.py took 0.109 seconds
[2025-10-05T17:29:44.341+0000] {processor.py:153} INFO - Started process (PID=2076) to work on /home/airflow/.local/lib/python3.7/site-packages/airflow/example_dags/tutorial.py
[2025-10-05T17:29:44.342+0000] {processor.py:743} INFO - Processing file /home/airflow/.local/lib/python3.7/site-packages/airflow/example_dags/tutorial.py for tasks to queue
[2025-10-05T17:29:44.343+0000] {logging_mixin.py:137} INFO - [2025-10-05T17:29:44.343+0000] {dagbag.py:538} INFO - Filling up the DagBag from /home/airflow/.local/lib/python3.7/site-packages/airflow/example_dags/tutorial.py
[2025-10-05T17:29:44.359+0000] {processor.py:753} INFO - DAG(s) dict_keys(['tutorial']) retrieved from /home/airflow/.local/lib/python3.7/site-packages/airflow/example_dags/tutorial.py
[2025-10-05T17:29:44.390+0000] {logging_mixin.py:137} INFO - [2025-10-05T17:29:44.389+0000] {dag.py:2690} INFO - Sync 1 DAGs
[2025-10-05T17:29:44.418+0000] {logging_mixin.py:137} INFO - [2025-10-05T17:29:44.418+0000] {dag.py:3441} INFO - Setting next_dagrun for tutorial to 2025-10-04T17:29:44.418109+00:00, run_after=2025-10-05T17:29:44.418109+00:00
[2025-10-05T17:29:44.443+0000] {processor.py:175} INFO - Processing /home/airflow/.local/lib/python3.7/site-packages/airflow/example_dags/tutorial.py took 0.106 seconds
[2025-10-05T17:30:14.812+0000] {processor.py:153} INFO - Started process (PID=2190) to work on /home/airflow/.local/lib/python3.7/site-packages/airflow/example_dags/tutorial.py
[2025-10-05T17:30:14.813+0000] {processor.py:743} INFO - Processing file /home/airflow/.local/lib/python3.7/site-packages/airflow/example_dags/tutorial.py for tasks to queue
[2025-10-05T17:30:14.814+0000] {logging_mixin.py:137} INFO - [2025-10-05T17:30:14.814+0000] {dagbag.py:538} INFO - Filling up the DagBag from /home/airflow/.local/lib/python3.7/site-packages/airflow/example_dags/tutorial.py
[2025-10-05T17:30:14.831+0000] {processor.py:753} INFO - DAG(s) dict_keys(['tutorial']) retrieved from /home/airflow/.local/lib/python3.7/site-packages/airflow/example_dags/tutorial.py
[2025-10-05T17:30:14.862+0000] {logging_mixin.py:137} INFO - [2025-10-05T17:30:14.862+0000] {dag.py:2690} INFO - Sync 1 DAGs
[2025-10-05T17:30:14.890+0000] {logging_mixin.py:137} INFO - [2025-10-05T17:30:14.890+0000] {dag.py:3441} INFO - Setting next_dagrun for tutorial to 2025-10-04T17:30:14.890079+00:00, run_after=2025-10-05T17:30:14.890079+00:00
[2025-10-05T17:30:14.913+0000] {processor.py:175} INFO - Processing /home/airflow/.local/lib/python3.7/site-packages/airflow/example_dags/tutorial.py took 0.105 seconds
[2025-10-05T17:30:45.834+0000] {processor.py:153} INFO - Started process (PID=2280) to work on /home/airflow/.local/lib/python3.7/site-packages/airflow/example_dags/tutorial.py
[2025-10-05T17:30:45.835+0000] {processor.py:743} INFO - Processing file /home/airflow/.local/lib/python3.7/site-packages/airflow/example_dags/tutorial.py for tasks to queue
[2025-10-05T17:30:45.837+0000] {logging_mixin.py:137} INFO - [2025-10-05T17:30:45.837+0000] {dagbag.py:538} INFO - Filling up the DagBag from /home/airflow/.local/lib/python3.7/site-packages/airflow/example_dags/tutorial.py
[2025-10-05T17:30:45.854+0000] {processor.py:753} INFO - DAG(s) dict_keys(['tutorial']) retrieved from /home/airflow/.local/lib/python3.7/site-packages/airflow/example_dags/tutorial.py
[2025-10-05T17:30:45.885+0000] {logging_mixin.py:137} INFO - [2025-10-05T17:30:45.885+0000] {dag.py:2690} INFO - Sync 1 DAGs
[2025-10-05T17:30:45.916+0000] {logging_mixin.py:137} INFO - [2025-10-05T17:30:45.915+0000] {dag.py:3441} INFO - Setting next_dagrun for tutorial to 2025-10-04T17:30:45.915732+00:00, run_after=2025-10-05T17:30:45.915732+00:00
[2025-10-05T17:30:45.941+0000] {processor.py:175} INFO - Processing /home/airflow/.local/lib/python3.7/site-packages/airflow/example_dags/tutorial.py took 0.112 seconds
[2025-10-05T17:31:16.892+0000] {processor.py:153} INFO - Started process (PID=2394) to work on /home/airflow/.local/lib/python3.7/site-packages/airflow/example_dags/tutorial.py
[2025-10-05T17:31:16.893+0000] {processor.py:743} INFO - Processing file /home/airflow/.local/lib/python3.7/site-packages/airflow/example_dags/tutorial.py for tasks to queue
[2025-10-05T17:31:16.895+0000] {logging_mixin.py:137} INFO - [2025-10-05T17:31:16.894+0000] {dagbag.py:538} INFO - Filling up the DagBag from /home/airflow/.local/lib/python3.7/site-packages/airflow/example_dags/tutorial.py
[2025-10-05T17:31:16.913+0000] {processor.py:753} INFO - DAG(s) dict_keys(['tutorial']) retrieved from /home/airflow/.local/lib/python3.7/site-packages/airflow/example_dags/tutorial.py
[2025-10-05T17:31:16.947+0000] {logging_mixin.py:137} INFO - [2025-10-05T17:31:16.947+0000] {dag.py:2690} INFO - Sync 1 DAGs
[2025-10-05T17:31:16.975+0000] {logging_mixin.py:137} INFO - [2025-10-05T17:31:16.975+0000] {dag.py:3441} INFO - Setting next_dagrun for tutorial to 2025-10-04T17:31:16.975187+00:00, run_after=2025-10-05T17:31:16.975187+00:00
[2025-10-05T17:31:17.002+0000] {processor.py:175} INFO - Processing /home/airflow/.local/lib/python3.7/site-packages/airflow/example_dags/tutorial.py took 0.115 seconds
[2025-10-05T17:31:47.478+0000] {processor.py:153} INFO - Started process (PID=2483) to work on /home/airflow/.local/lib/python3.7/site-packages/airflow/example_dags/tutorial.py
[2025-10-05T17:31:47.479+0000] {processor.py:743} INFO - Processing file /home/airflow/.local/lib/python3.7/site-packages/airflow/example_dags/tutorial.py for tasks to queue
[2025-10-05T17:31:47.481+0000] {logging_mixin.py:137} INFO - [2025-10-05T17:31:47.480+0000] {dagbag.py:538} INFO - Filling up the DagBag from /home/airflow/.local/lib/python3.7/site-packages/airflow/example_dags/tutorial.py
[2025-10-05T17:31:47.499+0000] {processor.py:753} INFO - DAG(s) dict_keys(['tutorial']) retrieved from /home/airflow/.local/lib/python3.7/site-packages/airflow/example_dags/tutorial.py
[2025-10-05T17:31:47.537+0000] {logging_mixin.py:137} INFO - [2025-10-05T17:31:47.537+0000] {dag.py:2690} INFO - Sync 1 DAGs
[2025-10-05T17:31:47.569+0000] {logging_mixin.py:137} INFO - [2025-10-05T17:31:47.569+0000] {dag.py:3441} INFO - Setting next_dagrun for tutorial to 2025-10-04T17:31:47.568708+00:00, run_after=2025-10-05T17:31:47.568708+00:00
[2025-10-05T17:31:47.601+0000] {processor.py:175} INFO - Processing /home/airflow/.local/lib/python3.7/site-packages/airflow/example_dags/tutorial.py took 0.127 seconds
[2025-10-05T17:32:17.910+0000] {processor.py:153} INFO - Started process (PID=2580) to work on /home/airflow/.local/lib/python3.7/site-packages/airflow/example_dags/tutorial.py
[2025-10-05T17:32:17.911+0000] {processor.py:743} INFO - Processing file /home/airflow/.local/lib/python3.7/site-packages/airflow/example_dags/tutorial.py for tasks to queue
[2025-10-05T17:32:17.913+0000] {logging_mixin.py:137} INFO - [2025-10-05T17:32:17.913+0000] {dagbag.py:538} INFO - Filling up the DagBag from /home/airflow/.local/lib/python3.7/site-packages/airflow/example_dags/tutorial.py
[2025-10-05T17:32:17.940+0000] {processor.py:753} INFO - DAG(s) dict_keys(['tutorial']) retrieved from /home/airflow/.local/lib/python3.7/site-packages/airflow/example_dags/tutorial.py
[2025-10-05T17:32:18.021+0000] {logging_mixin.py:137} INFO - [2025-10-05T17:32:18.020+0000] {dag.py:2690} INFO - Sync 1 DAGs
[2025-10-05T17:32:18.071+0000] {logging_mixin.py:137} INFO - [2025-10-05T17:32:18.070+0000] {dag.py:3441} INFO - Setting next_dagrun for tutorial to 2025-10-04T17:32:18.070575+00:00, run_after=2025-10-05T17:32:18.070575+00:00
[2025-10-05T17:32:18.112+0000] {processor.py:175} INFO - Processing /home/airflow/.local/lib/python3.7/site-packages/airflow/example_dags/tutorial.py took 0.207 seconds
[2025-10-05T17:32:48.659+0000] {processor.py:153} INFO - Started process (PID=2683) to work on /home/airflow/.local/lib/python3.7/site-packages/airflow/example_dags/tutorial.py
[2025-10-05T17:32:48.660+0000] {processor.py:743} INFO - Processing file /home/airflow/.local/lib/python3.7/site-packages/airflow/example_dags/tutorial.py for tasks to queue
[2025-10-05T17:32:48.661+0000] {logging_mixin.py:137} INFO - [2025-10-05T17:32:48.661+0000] {dagbag.py:538} INFO - Filling up the DagBag from /home/airflow/.local/lib/python3.7/site-packages/airflow/example_dags/tutorial.py
[2025-10-05T17:32:48.677+0000] {processor.py:753} INFO - DAG(s) dict_keys(['tutorial']) retrieved from /home/airflow/.local/lib/python3.7/site-packages/airflow/example_dags/tutorial.py
[2025-10-05T17:32:48.707+0000] {logging_mixin.py:137} INFO - [2025-10-05T17:32:48.706+0000] {dag.py:2690} INFO - Sync 1 DAGs
[2025-10-05T17:32:48.733+0000] {logging_mixin.py:137} INFO - [2025-10-05T17:32:48.733+0000] {dag.py:3441} INFO - Setting next_dagrun for tutorial to 2025-10-04T17:32:48.733560+00:00, run_after=2025-10-05T17:32:48.733560+00:00
[2025-10-05T17:32:48.758+0000] {processor.py:175} INFO - Processing /home/airflow/.local/lib/python3.7/site-packages/airflow/example_dags/tutorial.py took 0.103 seconds
[2025-10-05T17:33:19.690+0000] {processor.py:153} INFO - Started process (PID=2772) to work on /home/airflow/.local/lib/python3.7/site-packages/airflow/example_dags/tutorial.py
[2025-10-05T17:33:19.695+0000] {processor.py:743} INFO - Processing file /home/airflow/.local/lib/python3.7/site-packages/airflow/example_dags/tutorial.py for tasks to queue
[2025-10-05T17:33:19.700+0000] {logging_mixin.py:137} INFO - [2025-10-05T17:33:19.696+0000] {dagbag.py:538} INFO - Filling up the DagBag from /home/airflow/.local/lib/python3.7/site-packages/airflow/example_dags/tutorial.py
[2025-10-05T17:33:19.739+0000] {processor.py:753} INFO - DAG(s) dict_keys(['tutorial']) retrieved from /home/airflow/.local/lib/python3.7/site-packages/airflow/example_dags/tutorial.py
[2025-10-05T17:33:19.781+0000] {logging_mixin.py:137} INFO - [2025-10-05T17:33:19.781+0000] {dag.py:2690} INFO - Sync 1 DAGs
[2025-10-05T17:33:19.820+0000] {logging_mixin.py:137} INFO - [2025-10-05T17:33:19.820+0000] {dag.py:3441} INFO - Setting next_dagrun for tutorial to 2025-10-04T17:33:19.820099+00:00, run_after=2025-10-05T17:33:19.820099+00:00
[2025-10-05T17:33:19.853+0000] {processor.py:175} INFO - Processing /home/airflow/.local/lib/python3.7/site-packages/airflow/example_dags/tutorial.py took 0.171 seconds
[2025-10-05T17:33:50.185+0000] {processor.py:153} INFO - Started process (PID=2884) to work on /home/airflow/.local/lib/python3.7/site-packages/airflow/example_dags/tutorial.py
[2025-10-05T17:33:50.186+0000] {processor.py:743} INFO - Processing file /home/airflow/.local/lib/python3.7/site-packages/airflow/example_dags/tutorial.py for tasks to queue
[2025-10-05T17:33:50.187+0000] {logging_mixin.py:137} INFO - [2025-10-05T17:33:50.187+0000] {dagbag.py:538} INFO - Filling up the DagBag from /home/airflow/.local/lib/python3.7/site-packages/airflow/example_dags/tutorial.py
[2025-10-05T17:33:50.204+0000] {processor.py:753} INFO - DAG(s) dict_keys(['tutorial']) retrieved from /home/airflow/.local/lib/python3.7/site-packages/airflow/example_dags/tutorial.py
[2025-10-05T17:33:50.239+0000] {logging_mixin.py:137} INFO - [2025-10-05T17:33:50.239+0000] {dag.py:2690} INFO - Sync 1 DAGs
[2025-10-05T17:33:50.267+0000] {logging_mixin.py:137} INFO - [2025-10-05T17:33:50.266+0000] {dag.py:3441} INFO - Setting next_dagrun for tutorial to 2025-10-04T17:33:50.266735+00:00, run_after=2025-10-05T17:33:50.266735+00:00
[2025-10-05T17:33:50.290+0000] {processor.py:175} INFO - Processing /home/airflow/.local/lib/python3.7/site-packages/airflow/example_dags/tutorial.py took 0.109 seconds
[2025-10-05T17:34:20.352+0000] {processor.py:153} INFO - Started process (PID=2973) to work on /home/airflow/.local/lib/python3.7/site-packages/airflow/example_dags/tutorial.py
[2025-10-05T17:34:20.353+0000] {processor.py:743} INFO - Processing file /home/airflow/.local/lib/python3.7/site-packages/airflow/example_dags/tutorial.py for tasks to queue
[2025-10-05T17:34:20.355+0000] {logging_mixin.py:137} INFO - [2025-10-05T17:34:20.354+0000] {dagbag.py:538} INFO - Filling up the DagBag from /home/airflow/.local/lib/python3.7/site-packages/airflow/example_dags/tutorial.py
[2025-10-05T17:34:20.372+0000] {processor.py:753} INFO - DAG(s) dict_keys(['tutorial']) retrieved from /home/airflow/.local/lib/python3.7/site-packages/airflow/example_dags/tutorial.py
[2025-10-05T17:34:20.405+0000] {logging_mixin.py:137} INFO - [2025-10-05T17:34:20.404+0000] {dag.py:2690} INFO - Sync 1 DAGs
[2025-10-05T17:34:20.434+0000] {logging_mixin.py:137} INFO - [2025-10-05T17:34:20.434+0000] {dag.py:3441} INFO - Setting next_dagrun for tutorial to 2025-10-04T17:34:20.434044+00:00, run_after=2025-10-05T17:34:20.434044+00:00
[2025-10-05T17:34:20.459+0000] {processor.py:175} INFO - Processing /home/airflow/.local/lib/python3.7/site-packages/airflow/example_dags/tutorial.py took 0.111 seconds
[2025-10-05T17:34:51.145+0000] {processor.py:153} INFO - Started process (PID=3062) to work on /home/airflow/.local/lib/python3.7/site-packages/airflow/example_dags/tutorial.py
[2025-10-05T17:34:51.146+0000] {processor.py:743} INFO - Processing file /home/airflow/.local/lib/python3.7/site-packages/airflow/example_dags/tutorial.py for tasks to queue
[2025-10-05T17:34:51.147+0000] {logging_mixin.py:137} INFO - [2025-10-05T17:34:51.147+0000] {dagbag.py:538} INFO - Filling up the DagBag from /home/airflow/.local/lib/python3.7/site-packages/airflow/example_dags/tutorial.py
[2025-10-05T17:34:51.163+0000] {processor.py:753} INFO - DAG(s) dict_keys(['tutorial']) retrieved from /home/airflow/.local/lib/python3.7/site-packages/airflow/example_dags/tutorial.py
[2025-10-05T17:34:51.194+0000] {logging_mixin.py:137} INFO - [2025-10-05T17:34:51.194+0000] {dag.py:2690} INFO - Sync 1 DAGs
[2025-10-05T17:34:51.220+0000] {logging_mixin.py:137} INFO - [2025-10-05T17:34:51.220+0000] {dag.py:3441} INFO - Setting next_dagrun for tutorial to 2025-10-04T17:34:51.219738+00:00, run_after=2025-10-05T17:34:51.219738+00:00
[2025-10-05T17:34:51.249+0000] {processor.py:175} INFO - Processing /home/airflow/.local/lib/python3.7/site-packages/airflow/example_dags/tutorial.py took 0.108 seconds
[2025-10-05T17:35:21.639+0000] {processor.py:153} INFO - Started process (PID=3175) to work on /home/airflow/.local/lib/python3.7/site-packages/airflow/example_dags/tutorial.py
[2025-10-05T17:35:21.640+0000] {processor.py:743} INFO - Processing file /home/airflow/.local/lib/python3.7/site-packages/airflow/example_dags/tutorial.py for tasks to queue
[2025-10-05T17:35:21.641+0000] {logging_mixin.py:137} INFO - [2025-10-05T17:35:21.641+0000] {dagbag.py:538} INFO - Filling up the DagBag from /home/airflow/.local/lib/python3.7/site-packages/airflow/example_dags/tutorial.py
[2025-10-05T17:35:21.658+0000] {processor.py:753} INFO - DAG(s) dict_keys(['tutorial']) retrieved from /home/airflow/.local/lib/python3.7/site-packages/airflow/example_dags/tutorial.py
[2025-10-05T17:35:21.688+0000] {logging_mixin.py:137} INFO - [2025-10-05T17:35:21.688+0000] {dag.py:2690} INFO - Sync 1 DAGs
[2025-10-05T17:35:21.718+0000] {logging_mixin.py:137} INFO - [2025-10-05T17:35:21.718+0000] {dag.py:3441} INFO - Setting next_dagrun for tutorial to 2025-10-04T17:35:21.717777+00:00, run_after=2025-10-05T17:35:21.717777+00:00
[2025-10-05T17:35:21.749+0000] {processor.py:175} INFO - Processing /home/airflow/.local/lib/python3.7/site-packages/airflow/example_dags/tutorial.py took 0.114 seconds
[2025-10-05T17:35:52.205+0000] {processor.py:153} INFO - Started process (PID=3264) to work on /home/airflow/.local/lib/python3.7/site-packages/airflow/example_dags/tutorial.py
[2025-10-05T17:35:52.207+0000] {processor.py:743} INFO - Processing file /home/airflow/.local/lib/python3.7/site-packages/airflow/example_dags/tutorial.py for tasks to queue
[2025-10-05T17:35:52.208+0000] {logging_mixin.py:137} INFO - [2025-10-05T17:35:52.208+0000] {dagbag.py:538} INFO - Filling up the DagBag from /home/airflow/.local/lib/python3.7/site-packages/airflow/example_dags/tutorial.py
[2025-10-05T17:35:52.227+0000] {processor.py:753} INFO - DAG(s) dict_keys(['tutorial']) retrieved from /home/airflow/.local/lib/python3.7/site-packages/airflow/example_dags/tutorial.py
[2025-10-05T17:35:52.260+0000] {logging_mixin.py:137} INFO - [2025-10-05T17:35:52.259+0000] {dag.py:2690} INFO - Sync 1 DAGs
[2025-10-05T17:35:52.286+0000] {logging_mixin.py:137} INFO - [2025-10-05T17:35:52.286+0000] {dag.py:3441} INFO - Setting next_dagrun for tutorial to 2025-10-04T17:35:52.286281+00:00, run_after=2025-10-05T17:35:52.286281+00:00
[2025-10-05T17:35:52.310+0000] {processor.py:175} INFO - Processing /home/airflow/.local/lib/python3.7/site-packages/airflow/example_dags/tutorial.py took 0.109 seconds
[2025-10-05T17:36:22.952+0000] {processor.py:153} INFO - Started process (PID=3377) to work on /home/airflow/.local/lib/python3.7/site-packages/airflow/example_dags/tutorial.py
[2025-10-05T17:36:22.953+0000] {processor.py:743} INFO - Processing file /home/airflow/.local/lib/python3.7/site-packages/airflow/example_dags/tutorial.py for tasks to queue
[2025-10-05T17:36:22.954+0000] {logging_mixin.py:137} INFO - [2025-10-05T17:36:22.954+0000] {dagbag.py:538} INFO - Filling up the DagBag from /home/airflow/.local/lib/python3.7/site-packages/airflow/example_dags/tutorial.py
[2025-10-05T17:36:22.980+0000] {processor.py:753} INFO - DAG(s) dict_keys(['tutorial']) retrieved from /home/airflow/.local/lib/python3.7/site-packages/airflow/example_dags/tutorial.py
[2025-10-05T17:36:23.010+0000] {logging_mixin.py:137} INFO - [2025-10-05T17:36:23.010+0000] {dag.py:2690} INFO - Sync 1 DAGs
[2025-10-05T17:36:23.046+0000] {logging_mixin.py:137} INFO - [2025-10-05T17:36:23.046+0000] {dag.py:3441} INFO - Setting next_dagrun for tutorial to 2025-10-04T17:36:23.046039+00:00, run_after=2025-10-05T17:36:23.046039+00:00
[2025-10-05T17:36:23.092+0000] {processor.py:175} INFO - Processing /home/airflow/.local/lib/python3.7/site-packages/airflow/example_dags/tutorial.py took 0.147 seconds
[2025-10-05T17:36:54.706+0000] {processor.py:153} INFO - Started process (PID=3467) to work on /home/airflow/.local/lib/python3.7/site-packages/airflow/example_dags/tutorial.py
[2025-10-05T17:36:54.708+0000] {processor.py:743} INFO - Processing file /home/airflow/.local/lib/python3.7/site-packages/airflow/example_dags/tutorial.py for tasks to queue
[2025-10-05T17:36:54.709+0000] {logging_mixin.py:137} INFO - [2025-10-05T17:36:54.709+0000] {dagbag.py:538} INFO - Filling up the DagBag from /home/airflow/.local/lib/python3.7/site-packages/airflow/example_dags/tutorial.py
[2025-10-05T17:36:54.730+0000] {processor.py:753} INFO - DAG(s) dict_keys(['tutorial']) retrieved from /home/airflow/.local/lib/python3.7/site-packages/airflow/example_dags/tutorial.py
[2025-10-05T17:36:54.774+0000] {logging_mixin.py:137} INFO - [2025-10-05T17:36:54.773+0000] {dag.py:2690} INFO - Sync 1 DAGs
[2025-10-05T17:36:54.812+0000] {logging_mixin.py:137} INFO - [2025-10-05T17:36:54.811+0000] {dag.py:3441} INFO - Setting next_dagrun for tutorial to 2025-10-04T17:36:54.811236+00:00, run_after=2025-10-05T17:36:54.811236+00:00
[2025-10-05T17:36:54.848+0000] {processor.py:175} INFO - Processing /home/airflow/.local/lib/python3.7/site-packages/airflow/example_dags/tutorial.py took 0.146 seconds
