[2025-10-05T17:51:45.699+0000] {taskinstance.py:1083} INFO - Dependencies all met for <TaskInstance: Airflow_Lab1.build_save_model_task manual__2025-10-05T17:51:37.020454+00:00 [queued]>
[2025-10-05T17:51:45.715+0000] {taskinstance.py:1083} INFO - Dependencies all met for <TaskInstance: Airflow_Lab1.build_save_model_task manual__2025-10-05T17:51:37.020454+00:00 [queued]>
[2025-10-05T17:51:45.716+0000] {taskinstance.py:1279} INFO - 
--------------------------------------------------------------------------------
[2025-10-05T17:51:45.718+0000] {taskinstance.py:1280} INFO - Starting attempt 1 of 1
[2025-10-05T17:51:45.718+0000] {taskinstance.py:1281} INFO - 
--------------------------------------------------------------------------------
[2025-10-05T17:51:45.741+0000] {taskinstance.py:1300} INFO - Executing <Task(PythonOperator): build_save_model_task> on 2025-10-05 17:51:37.020454+00:00
[2025-10-05T17:51:45.755+0000] {standard_task_runner.py:55} INFO - Started process 247 to run task
[2025-10-05T17:51:45.760+0000] {standard_task_runner.py:82} INFO - Running: ['***', 'tasks', 'run', 'Airflow_Lab1', 'build_save_model_task', 'manual__2025-10-05T17:51:37.020454+00:00', '--job-id', '9', '--raw', '--subdir', 'DAGS_FOLDER/***.py', '--cfg-path', '/tmp/tmp2gxql_a_']
[2025-10-05T17:51:45.763+0000] {standard_task_runner.py:83} INFO - Job 9: Subtask build_save_model_task
[2025-10-05T17:51:45.876+0000] {task_command.py:388} INFO - Running <TaskInstance: Airflow_Lab1.build_save_model_task manual__2025-10-05T17:51:37.020454+00:00 [running]> on host ca12f4cec8a5
[2025-10-05T17:51:46.030+0000] {taskinstance.py:1509} INFO - Exporting the following env vars:
AIRFLOW_CTX_DAG_OWNER=your_name
AIRFLOW_CTX_DAG_ID=Airflow_Lab1
AIRFLOW_CTX_TASK_ID=build_save_model_task
AIRFLOW_CTX_EXECUTION_DATE=2025-10-05T17:51:37.020454+00:00
AIRFLOW_CTX_TRY_NUMBER=1
AIRFLOW_CTX_DAG_RUN_ID=manual__2025-10-05T17:51:37.020454+00:00
[2025-10-05T17:57:40.286+0000] {python.py:177} INFO - Done. Returned value was: [250.3280420929144, 128.8945787762319, 91.64833975738135, 72.46921532440922, 59.86140695977857, 52.0620423750911, 46.71118654804304, 41.5032647516714, 36.928237093919705, 33.98607596871967, 31.158171667913734, 28.84548003205872, 26.8744322961113, 25.99951236994563, 24.185078072393747, 22.713950061729737, 21.640087323981117, 20.780304808225498, 19.9767834658014, 19.438669340270895, 19.066399314354566, 18.446853884604558, 17.947211161985987, 16.898807424877262, 16.96318197797622, 16.582840757316493, 15.835651544091531, 15.775551490571996, 15.385507317533204, 15.02024318040923, 14.88287324096524, 14.60768698430239, 14.30618609061688, 13.891614733454855, 13.805485778871224, 13.361866184299288, 13.367890857521074, 13.073601934790835, 12.981196891357623, 13.028578398100313, 12.86700841886399, 12.617297944046323, 12.38297342503451, 12.11263467122803, 11.836539142218324, 11.57738592066552, 11.128836068114506, 11.062804545149206, 11.158174940252099]
[2025-10-05T17:57:40.339+0000] {taskinstance.py:1323} INFO - Marking task as SUCCESS. dag_id=Airflow_Lab1, task_id=build_save_model_task, execution_date=20251005T175137, start_date=20251005T175145, end_date=20251005T175740
[2025-10-05T17:57:40.418+0000] {local_task_job.py:208} INFO - Task exited with return code 0
[2025-10-05T17:57:40.459+0000] {taskinstance.py:2578} INFO - 0 downstream tasks scheduled from follow-on schedule check
