[2025-10-05T18:42:45.490+0000] {taskinstance.py:1083} INFO - Dependencies all met for <TaskInstance: news_wordcount_pipeline.count_words_task manual__2025-10-05T18:42:38.847240+00:00 [queued]>
[2025-10-05T18:42:45.511+0000] {taskinstance.py:1083} INFO - Dependencies all met for <TaskInstance: news_wordcount_pipeline.count_words_task manual__2025-10-05T18:42:38.847240+00:00 [queued]>
[2025-10-05T18:42:45.512+0000] {taskinstance.py:1279} INFO - 
--------------------------------------------------------------------------------
[2025-10-05T18:42:45.513+0000] {taskinstance.py:1280} INFO - Starting attempt 1 of 1
[2025-10-05T18:42:45.514+0000] {taskinstance.py:1281} INFO - 
--------------------------------------------------------------------------------
[2025-10-05T18:42:45.537+0000] {taskinstance.py:1300} INFO - Executing <Task(PythonOperator): count_words_task> on 2025-10-05 18:42:38.847240+00:00
[2025-10-05T18:42:45.552+0000] {standard_task_runner.py:55} INFO - Started process 125 to run task
[2025-10-05T18:42:45.561+0000] {standard_task_runner.py:82} INFO - Running: ['***', 'tasks', 'run', 'news_wordcount_pipeline', 'count_words_task', 'manual__2025-10-05T18:42:38.847240+00:00', '--job-id', '35', '--raw', '--subdir', 'DAGS_FOLDER/news_wordcount_dag.py', '--cfg-path', '/tmp/tmp0fwr3yo_']
[2025-10-05T18:42:45.566+0000] {standard_task_runner.py:83} INFO - Job 35: Subtask count_words_task
[2025-10-05T18:42:45.694+0000] {task_command.py:388} INFO - Running <TaskInstance: news_wordcount_pipeline.count_words_task manual__2025-10-05T18:42:38.847240+00:00 [running]> on host ca12f4cec8a5
[2025-10-05T18:42:45.789+0000] {taskinstance.py:1509} INFO - Exporting the following env vars:
AIRFLOW_CTX_DAG_OWNER=your_name
AIRFLOW_CTX_DAG_ID=news_wordcount_pipeline
AIRFLOW_CTX_TASK_ID=count_words_task
AIRFLOW_CTX_EXECUTION_DATE=2025-10-05T18:42:38.847240+00:00
AIRFLOW_CTX_TRY_NUMBER=1
AIRFLOW_CTX_DAG_RUN_ID=manual__2025-10-05T18:42:38.847240+00:00
[2025-10-05T18:42:45.827+0000] {python.py:177} INFO - Done. Returned value was: None
[2025-10-05T18:42:45.840+0000] {taskinstance.py:1323} INFO - Marking task as SUCCESS. dag_id=news_wordcount_pipeline, task_id=count_words_task, execution_date=20251005T184238, start_date=20251005T184245, end_date=20251005T184245
[2025-10-05T18:42:45.894+0000] {local_task_job.py:208} INFO - Task exited with return code 0
[2025-10-05T18:42:45.927+0000] {taskinstance.py:2578} INFO - 1 downstream tasks scheduled from follow-on schedule check
