[2025-10-05T18:44:29.585+0000] {taskinstance.py:1083} INFO - Dependencies all met for <TaskInstance: news_wordcount_pipeline.clean_text_task manual__2025-10-05T18:44:24.309366+00:00 [queued]>
[2025-10-05T18:44:29.607+0000] {taskinstance.py:1083} INFO - Dependencies all met for <TaskInstance: news_wordcount_pipeline.clean_text_task manual__2025-10-05T18:44:24.309366+00:00 [queued]>
[2025-10-05T18:44:29.611+0000] {taskinstance.py:1279} INFO - 
--------------------------------------------------------------------------------
[2025-10-05T18:44:29.612+0000] {taskinstance.py:1280} INFO - Starting attempt 1 of 1
[2025-10-05T18:44:29.613+0000] {taskinstance.py:1281} INFO - 
--------------------------------------------------------------------------------
[2025-10-05T18:44:29.636+0000] {taskinstance.py:1300} INFO - Executing <Task(PythonOperator): clean_text_task> on 2025-10-05 18:44:24.309366+00:00
[2025-10-05T18:44:29.649+0000] {standard_task_runner.py:55} INFO - Started process 132 to run task
[2025-10-05T18:44:29.657+0000] {standard_task_runner.py:82} INFO - Running: ['***', 'tasks', 'run', 'news_wordcount_pipeline', 'clean_text_task', 'manual__2025-10-05T18:44:24.309366+00:00', '--job-id', '40', '--raw', '--subdir', 'DAGS_FOLDER/news_wordcount_dag.py', '--cfg-path', '/tmp/tmp03j4d8mi']
[2025-10-05T18:44:29.660+0000] {standard_task_runner.py:83} INFO - Job 40: Subtask clean_text_task
[2025-10-05T18:44:29.797+0000] {task_command.py:388} INFO - Running <TaskInstance: news_wordcount_pipeline.clean_text_task manual__2025-10-05T18:44:24.309366+00:00 [running]> on host ca12f4cec8a5
[2025-10-05T18:44:29.897+0000] {taskinstance.py:1509} INFO - Exporting the following env vars:
AIRFLOW_CTX_DAG_OWNER=your_name
AIRFLOW_CTX_DAG_ID=news_wordcount_pipeline
AIRFLOW_CTX_TASK_ID=clean_text_task
AIRFLOW_CTX_EXECUTION_DATE=2025-10-05T18:44:24.309366+00:00
AIRFLOW_CTX_TRY_NUMBER=1
AIRFLOW_CTX_DAG_RUN_ID=manual__2025-10-05T18:44:24.309366+00:00
[2025-10-05T18:44:29.916+0000] {python.py:177} INFO - Done. Returned value was: strikes have continued in gaza as mediators prepare to head to egypt for talks starting on monday russia says it carried out an overnight strike on ukrainian military and infrastructure targets the small south pacific nation is facing one of the worlds fastest growing hiv epidemics the duchess of sussex visits the fashion spectacle for the first time in more than a decade the bbc challenges the scammers targeting teenagers like evan boettler who took his own life just  minutes after being contacted russia says it carried out an overnight strike on ukrainian military and infrastructure targets rescue teams have been deployed to clear the snow on the worlds tallest mountain chinese state media reports the controversial move follows protests over rampedup immigration enforcement and the shooting of a woman during unrest on saturday the senate will meet again monday to try to pass a bill to reopen the government but the chances of it passing appear slim the small south pacific nation is facing one of the worlds fastest growing hiv epidemics despite a recent surge in demand the us is a laggard in ev sales compared to much of the rest of the world  whether its waiting in line to try a new bakery or to grab a bargain at a sample sale queuing is becoming an activity in itself descendants of awadhs former rulers receive small monthly pensions under a deal signed with the british south africa beat argentina to retain the rugby championship but what did we learn about all four sides before they head to the northern hemisphere the office of management and budget boss may not be a household name but hes a key figure in washingtons shutdown whether its waiting in line to try a new bakery or to grab a bargain at a sample sale queuing is becoming an activity in itself being the brother of a football superstar is not easy but ethan mbappe is aiming to emerge from the shadows and make a name for himself liv heeney discovered she had inherited a faulty gene after losing her mother to the rare disease descendants of awadhs former rulers receive small monthly pensions under a deal signed with the british fbi leadership is reportedly in discussions to stage a showy arrest of the bureaus former director next week demonstrations went ahead despite calls from politicians and police leaders for the protests to be postponed in wake of the manchester synagogue attack however his ano party falls short of an overall majority in preliminary results police used pepper spray to disperse demonstrators amid growing turmoil in the caucasus country at least three people including two rescue workers have been killed in the countrys southeast
 demonstrations went ahead despite calls from politicians and police leaders for the protests to be postponed in wake of the manchester synagogue attack fifteen projects are shortlisted for a chance of winning the top m prizes at next months environmental awards ceremony in rio de janeiro dogs cats and even a rooster were blessed in celebration of the feast of saint francis of assisi however his ano party falls short of an overall majority in preliminary results ange postecoglou expects talks to be held with owner evangelos marinakis about his start as nottingham forest manager  but says he loves a fight tensions between title rivals lando norris and oscar piastri reach a new high as george russell wins the singapore grand prix follow live text coverage as ac milan travel to juventus looking to go top of serie a two days after being left out of the england squad has jack grealish given manager thomas tuchel a headache spanish champions barcelona lose ground at the top of la liga as they are thrashed  by sevilla on sunday tensions between title rivals lando norris and oscar piastri reach a new high as george russell wins the singapore grand prix erling haaland continues his prolific form as man city battle to a narrow victory over brentford and give boss pep guardiola his th premier league win live text coverage as minnesota vikings beat cleveland browns at tottenham plus scores results team news radio and updates for rest of week five fixtures including live playbyplay commentary of washington commanders at los angeles chargers follow live text coverage as ac milan travel to juventus looking to go top of serie a copyright  bbc all rights reserved the bbc is not responsible for the content of external sites read about our approach to external linking  
[2025-10-05T18:44:29.953+0000] {taskinstance.py:1323} INFO - Marking task as SUCCESS. dag_id=news_wordcount_pipeline, task_id=clean_text_task, execution_date=20251005T184424, start_date=20251005T184429, end_date=20251005T184429
[2025-10-05T18:44:29.989+0000] {local_task_job.py:208} INFO - Task exited with return code 0
[2025-10-05T18:44:30.044+0000] {taskinstance.py:2578} INFO - 1 downstream tasks scheduled from follow-on schedule check
